Info: input file name is fused_AXIN1_DIX-TIR_x6
Info: input target list is /u/flobnow/workingLama/scripts/myRuns/fused_AXIN1_DIX-TIR_x6/target.lst
Info: input feature directory is /u/flobnow/workingLama/feature_files
Info: result output directory is /u/flobnow/workingLama/output_files
Info: model preset is multimer_np
Info: msa pairing is all
Info: recycling setting is 1
Info: using preset super2
Info: set num_ensemble = 2
Info: set max_recyles = 20
Info: set recycle_tol = 0.1
Info: mas_pairing mode is all
I0216 00:55:37.865367 23207267841856 tpu_client.py:54] Starting the local TPU driver.
I0216 00:55:37.867216 23207267841856 xla_bridge.py:212] Unable to initialize backend 'tpu_driver': Not found: Unable to find driver in registry given worker: local://
I0216 00:55:38.266760 23207267841856 xla_bridge.py:212] Unable to initialize backend 'tpu': Invalid argument: TpuPlatform is not available.
I0216 00:55:41.039662 23207267841856 run_af2c_mod.py:481] Have 1 models: ['model_5_multimer_v2_p1']
Info: working on target fused_AXIN1_DIX-TIR_x6
I0216 00:55:44.042930 23207267841856 run_af2c_mod.py:512] Using random seed 7629899376115784395 for the data pipeline
Info: fused_AXIN1_DIX-TIR_x6 found monomer fused_AXIN1_DIX-TIR msa_depth = 4120, seq_len = 249, num_templ = 20
Info: fused_AXIN1_DIX-TIR reducing the number of structural templates to 4
Info: 6 chain(s) to model {'A': 'fused_AXIN1_DIX-TIR_1', 'B': 'fused_AXIN1_DIX-TIR_1', 'C': 'fused_AXIN1_DIX-TIR_1', 'D': 'fused_AXIN1_DIX-TIR_1', 'E': 'fused_AXIN1_DIX-TIR_1', 'F': 'fused_AXIN1_DIX-TIR_1'}
Info: modeling fused_AXIN1_DIX-TIR_x6 with msa_depth = 4120, seq_len = 1494, num_templ = 24
I0216 00:55:46.849695 23207267841856 run_af2c_mod.py:216] Running model model_5_multimer_v2_p1_230216_784395
I0216 00:55:46.850171 23207267841856 model.py:205] Running predict with shape(feat) = {'msa': (4120, 1494), 'bert_mask': (4120, 1494), 'num_alignments': (), 'aatype': (1494,), 'seq_length': (), 'template_aatype': (24, 1494), 'template_all_atom_mask': (24, 1494, 37), 'template_all_atom_positions': (24, 1494, 37, 3), 'all_atom_positions': (1494, 37, 3), 'template_domain_names': (24,), 'asym_id': (1494,), 'sym_id': (1494,), 'entity_id': (1494,), 'residue_index': (1494,), 'deletion_matrix': (4120, 1494), 'seq_mask': (1494,), 'msa_mask': (4120, 1494), 'cluster_bias_mask': (4120,), 'pdb_residue_index': (1494,)}
I0216 02:26:45.810961 23207267841856 run_af2c_mod.py:270] Total JAX model model_5_multimer_v2_p1_230216_784395 predict time (includes compilation time): 5459.0 seconds
Info: fused_AXIN1_DIX-TIR_x6 model_5_multimer_v2_p1_230216_784395_recycled_00,  tol =   inf, pLDDT = 54.79, pTM-score = 0.2285, piTM-score = 0.3611, interface-score = 0.1163, iRes = 114  iCnt = 190 
Info: fused_AXIN1_DIX-TIR_x6 model_5_multimer_v2_p1_230216_784395_recycled_01,  tol = 91.94, pLDDT = 59.19, pTM-score = 0.2953, piTM-score = 0.2004, interface-score = 0.1521, iRes = 92   iCnt = 97  
Info: fused_AXIN1_DIX-TIR_x6 model_5_multimer_v2_p1_230216_784395_recycled_02,  tol = 33.95, pLDDT = 62.16, pTM-score = 0.3164, piTM-score = 0.2321, interface-score = 0.2065, iRes = 95   iCnt = 80  
Info: fused_AXIN1_DIX-TIR_x6 model_5_multimer_v2_p1_230216_784395_recycled_03,  tol = 11.09, pLDDT = 64.33, pTM-score = 0.3201, piTM-score = 0.2250, interface-score = 0.2172, iRes = 128  iCnt = 109 
Info: fused_AXIN1_DIX-TIR_x6 model_5_multimer_v2_p1_230216_784395_recycled_04,  tol = 12.42, pLDDT = 64.03, pTM-score = 0.3416, piTM-score = 0.2660, interface-score = 0.2753, iRes = 134  iCnt = 116 
Info: fused_AXIN1_DIX-TIR_x6 model_5_multimer_v2_p1_230216_784395_recycled_05,  tol = 11.84, pLDDT = 64.41, pTM-score = 0.3375, piTM-score = 0.2591, interface-score = 0.2874, iRes = 144  iCnt = 130 
Info: fused_AXIN1_DIX-TIR_x6 model_5_multimer_v2_p1_230216_784395_recycled_06,  tol =  3.95, pLDDT = 65.98, pTM-score = 0.3355, piTM-score = 0.2649, interface-score = 0.2908, iRes = 142  iCnt = 129 
Info: fused_AXIN1_DIX-TIR_x6 model_5_multimer_v2_p1_230216_784395_recycled_07,  tol =  1.65, pLDDT = 64.88, pTM-score = 0.3346, piTM-score = 0.2697, interface-score = 0.2967, iRes = 130  iCnt = 120 
Info: fused_AXIN1_DIX-TIR_x6 model_5_multimer_v2_p1_230216_784395_recycled_08,  tol =  2.20, pLDDT = 66.11, pTM-score = 0.3555, piTM-score = 0.2871, interface-score = 0.3145, iRes = 150  iCnt = 143 
Info: fused_AXIN1_DIX-TIR_x6 model_5_multimer_v2_p1_230216_784395_recycled_09,  tol =  4.45, pLDDT = 64.36, pTM-score = 0.3420, piTM-score = 0.2642, interface-score = 0.3028, iRes = 162  iCnt = 158 
Info: fused_AXIN1_DIX-TIR_x6 model_5_multimer_v2_p1_230216_784395_recycled_10,  tol =  6.56, pLDDT = 64.90, pTM-score = 0.3366, piTM-score = 0.2536, interface-score = 0.2899, iRes = 148  iCnt = 144 
Info: fused_AXIN1_DIX-TIR_x6 model_5_multimer_v2_p1_230216_784395_recycled_11,  tol =  2.51, pLDDT = 65.82, pTM-score = 0.3399, piTM-score = 0.2672, interface-score = 0.2974, iRes = 156  iCnt = 150 
Info: fused_AXIN1_DIX-TIR_x6 model_5_multimer_v2_p1_230216_784395_recycled_12,  tol =  1.33, pLDDT = 66.07, pTM-score = 0.3380, piTM-score = 0.2533, interface-score = 0.2855, iRes = 161  iCnt = 152 
Info: fused_AXIN1_DIX-TIR_x6 model_5_multimer_v2_p1_230216_784395_recycled_13,  tol =  1.58, pLDDT = 65.82, pTM-score = 0.3406, piTM-score = 0.2585, interface-score = 0.2961, iRes = 169  iCnt = 163 
Info: fused_AXIN1_DIX-TIR_x6 model_5_multimer_v2_p1_230216_784395_recycled_14,  tol =  2.72, pLDDT = 66.18, pTM-score = 0.3406, piTM-score = 0.2443, interface-score = 0.2772, iRes = 184  iCnt = 179 
Info: fused_AXIN1_DIX-TIR_x6 model_5_multimer_v2_p1_230216_784395_recycled_15,  tol =  4.85, pLDDT = 66.62, pTM-score = 0.3469, piTM-score = 0.2492, interface-score = 0.2863, iRes = 182  iCnt = 175 
Info: fused_AXIN1_DIX-TIR_x6 model_5_multimer_v2_p1_230216_784395_recycled_16,  tol =  2.83, pLDDT = 67.36, pTM-score = 0.3555, piTM-score = 0.2634, interface-score = 0.3067, iRes = 202  iCnt = 194 
Info: fused_AXIN1_DIX-TIR_x6 model_5_multimer_v2_p1_230216_784395_recycled_17,  tol =  3.26, pLDDT = 67.76, pTM-score = 0.3588, piTM-score = 0.2561, interface-score = 0.3074, iRes = 207  iCnt = 199 
Info: fused_AXIN1_DIX-TIR_x6 model_5_multimer_v2_p1_230216_784395_recycled_18,  tol =  0.68, pLDDT = 67.88, pTM-score = 0.3664, piTM-score = 0.2696, interface-score = 0.3155, iRes = 226  iCnt = 227 
Info: fused_AXIN1_DIX-TIR_x6 model_5_multimer_v2_p1_230216_784395_recycled_19,  tol =  2.46, pLDDT = 68.09, pTM-score = 0.3660, piTM-score = 0.2581, interface-score = 0.3070, iRes = 215  iCnt = 213 
Info: fused_AXIN1_DIX-TIR_x6 model_5_multimer_v2_p1_230216_784395 performed 20 recycles, final tol = 0.79, pLDDT = 68.50, pTM-score = 0.3732, piTM-score = 0.2668, interface-score = 0.3158, iRes = 226  iCnt = 229 
Info: num_clusters = 1, cluster_sizes = [6],  clusters = [['fused_AXIN1_DIX-TIR_0', 'fused_AXIN1_DIX-TIR_1', 'fused_AXIN1_DIX-TIR_2', 'fused_AXIN1_DIX-TIR_3', 'fused_AXIN1_DIX-TIR_4', 'fused_AXIN1_DIX-TIR_5']]

I0216 02:26:51.754478 23207267841856 run_af2c_mod.py:404] Final timings for fused_AXIN1_DIX-TIR_x6: {'features': 2.81, 'process_features_model_5_multimer_v2_p1_230216_784395': 0.0, 'predict_and_compile_model_5_multimer_v2_p1_230216_784395': 5459.0}
                                  
================================= 
Global information about the job: 
================================= 
  
Job owner: flobnow(42847)
Job name:  5_AF2C
Node list: ravg1094
Job start: Thu Feb 16 00:55:24 CET 2023
Job end:   Thu Feb 16 02:26:55 CET 2023
Work dir:  /raven/u/flobnow/workingLama/scripts/myRuns/fused_AXIN1_DIX-TIR_x6
Command:   /raven/u/flobnow/workingLama/scripts/myRuns/fused_AXIN1_DIX-TIR_x6/script2_comp_model_5.sh
  
  
  
==========================================================================================
Information on jobsteps (Note: MaxRSS/AveRSS is the maximum/average over all 
tasks of the per-task memory high-water marks; cf. "man sacct"): 
==========================================================================================
  
JobID            JobName NNodes NTasks  NCPUS        0.00M        0.00M    Elapsed ExitCode
------------- ---------- ------ ------ ------ ------------ ------------ ---------- --------
4217735           5_AF2C      1           108                             01:31:31      0:0
4217735.0        python3      1      1    108    70184.82M    70184.82M   01:31:27      0:0
  
Maximum memory per node: 73.594122 GB (defined as MaxRSS*Ntasks/NNodes)
CPU utilization: 1.9 %
  
