Info: input file name is fused_AXIN1_DIX-TIR_x6
Info: input target list is /u/flobnow/workingLama/scripts/myRuns/fused_AXIN1_DIX-TIR_x6/target.lst
Info: input feature directory is /u/flobnow/workingLama/feature_files
Info: result output directory is /u/flobnow/workingLama/output_files
Info: model preset is multimer_np
Info: msa pairing is all
Info: recycling setting is 1
Info: using preset super2
Info: set num_ensemble = 2
Info: set max_recyles = 20
Info: set recycle_tol = 0.1
Info: mas_pairing mode is all
I0216 00:19:15.135390 23309855217472 tpu_client.py:54] Starting the local TPU driver.
I0216 00:19:15.137634 23309855217472 xla_bridge.py:212] Unable to initialize backend 'tpu_driver': Not found: Unable to find driver in registry given worker: local://
I0216 00:19:15.537834 23309855217472 xla_bridge.py:212] Unable to initialize backend 'tpu': Invalid argument: TpuPlatform is not available.
I0216 00:19:18.321846 23309855217472 run_af2c_mod.py:481] Have 1 models: ['model_4_multimer_v2_p1']
Info: working on target fused_AXIN1_DIX-TIR_x6
I0216 00:19:18.321984 23309855217472 run_af2c_mod.py:512] Using random seed 7779791613290296695 for the data pipeline
Info: fused_AXIN1_DIX-TIR_x6 found monomer fused_AXIN1_DIX-TIR msa_depth = 4120, seq_len = 249, num_templ = 20
Info: fused_AXIN1_DIX-TIR reducing the number of structural templates to 4
Info: 6 chain(s) to model {'A': 'fused_AXIN1_DIX-TIR_1', 'B': 'fused_AXIN1_DIX-TIR_1', 'C': 'fused_AXIN1_DIX-TIR_1', 'D': 'fused_AXIN1_DIX-TIR_1', 'E': 'fused_AXIN1_DIX-TIR_1', 'F': 'fused_AXIN1_DIX-TIR_1'}
Info: modeling fused_AXIN1_DIX-TIR_x6 with msa_depth = 4120, seq_len = 1494, num_templ = 24
I0216 00:19:21.134546 23309855217472 run_af2c_mod.py:216] Running model model_4_multimer_v2_p1_230216_296695
I0216 00:19:21.135029 23309855217472 model.py:205] Running predict with shape(feat) = {'msa': (4120, 1494), 'bert_mask': (4120, 1494), 'num_alignments': (), 'aatype': (1494,), 'seq_length': (), 'template_aatype': (24, 1494), 'template_all_atom_mask': (24, 1494, 37), 'template_all_atom_positions': (24, 1494, 37, 3), 'all_atom_positions': (1494, 37, 3), 'template_domain_names': (24,), 'asym_id': (1494,), 'sym_id': (1494,), 'entity_id': (1494,), 'residue_index': (1494,), 'deletion_matrix': (4120, 1494), 'seq_mask': (1494,), 'msa_mask': (4120, 1494), 'cluster_bias_mask': (4120,), 'pdb_residue_index': (1494,)}
I0216 01:50:54.220525 23309855217472 run_af2c_mod.py:270] Total JAX model model_4_multimer_v2_p1_230216_296695 predict time (includes compilation time): 5493.1 seconds
Info: fused_AXIN1_DIX-TIR_x6 model_4_multimer_v2_p1_230216_296695_recycled_00,  tol =   inf, pLDDT = 57.04, pTM-score = 0.2510, piTM-score = 0.1393, interface-score = 0.1349, iRes = 186  iCnt = 238 
Info: fused_AXIN1_DIX-TIR_x6 model_4_multimer_v2_p1_230216_296695_recycled_01,  tol = 70.48, pLDDT = 59.97, pTM-score = 0.2906, piTM-score = 0.2172, interface-score = 0.2373, iRes = 170  iCnt = 170 
Info: fused_AXIN1_DIX-TIR_x6 model_4_multimer_v2_p1_230216_296695_recycled_02,  tol = 12.20, pLDDT = 61.13, pTM-score = 0.3073, piTM-score = 0.2625, interface-score = 0.2642, iRes = 182  iCnt = 203 
Info: fused_AXIN1_DIX-TIR_x6 model_4_multimer_v2_p1_230216_296695_recycled_03,  tol =  7.98, pLDDT = 60.63, pTM-score = 0.3039, piTM-score = 0.2149, interface-score = 0.2445, iRes = 226  iCnt = 246 
Info: fused_AXIN1_DIX-TIR_x6 model_4_multimer_v2_p1_230216_296695_recycled_04,  tol =  6.58, pLDDT = 63.49, pTM-score = 0.3199, piTM-score = 0.2205, interface-score = 0.3091, iRes = 213  iCnt = 216 
Info: fused_AXIN1_DIX-TIR_x6 model_4_multimer_v2_p1_230216_296695_recycled_05,  tol = 10.43, pLDDT = 65.37, pTM-score = 0.3484, piTM-score = 0.2457, interface-score = 0.3714, iRes = 292  iCnt = 330 
Info: fused_AXIN1_DIX-TIR_x6 model_4_multimer_v2_p1_230216_296695_recycled_06,  tol =  3.97, pLDDT = 65.15, pTM-score = 0.3512, piTM-score = 0.2806, interface-score = 0.3861, iRes = 401  iCnt = 473 
Info: fused_AXIN1_DIX-TIR_x6 model_4_multimer_v2_p1_230216_296695_recycled_07,  tol =  6.25, pLDDT = 64.75, pTM-score = 0.3397, piTM-score = 0.2115, interface-score = 0.3341, iRes = 250  iCnt = 250 
Info: fused_AXIN1_DIX-TIR_x6 model_4_multimer_v2_p1_230216_296695_recycled_08,  tol =  8.11, pLDDT = 64.55, pTM-score = 0.3448, piTM-score = 0.2397, interface-score = 0.3746, iRes = 260  iCnt = 274 
Info: fused_AXIN1_DIX-TIR_x6 model_4_multimer_v2_p1_230216_296695_recycled_09,  tol =  1.70, pLDDT = 64.49, pTM-score = 0.3439, piTM-score = 0.2393, interface-score = 0.3746, iRes = 247  iCnt = 251 
Info: fused_AXIN1_DIX-TIR_x6 model_4_multimer_v2_p1_230216_296695_recycled_10,  tol =  1.14, pLDDT = 65.14, pTM-score = 0.3528, piTM-score = 0.2576, interface-score = 0.4011, iRes = 247  iCnt = 262 
Info: fused_AXIN1_DIX-TIR_x6 model_4_multimer_v2_p1_230216_296695_recycled_11,  tol =  0.89, pLDDT = 65.42, pTM-score = 0.3601, piTM-score = 0.2690, interface-score = 0.4246, iRes = 237  iCnt = 245 
Info: fused_AXIN1_DIX-TIR_x6 model_4_multimer_v2_p1_230216_296695_recycled_12,  tol =  1.25, pLDDT = 64.90, pTM-score = 0.3483, piTM-score = 0.2560, interface-score = 0.4126, iRes = 235  iCnt = 240 
Info: fused_AXIN1_DIX-TIR_x6 model_4_multimer_v2_p1_230216_296695_recycled_13,  tol =  0.37, pLDDT = 65.19, pTM-score = 0.3563, piTM-score = 0.2645, interface-score = 0.4203, iRes = 224  iCnt = 252 
Info: fused_AXIN1_DIX-TIR_x6 model_4_multimer_v2_p1_230216_296695_recycled_14,  tol =  0.59, pLDDT = 64.57, pTM-score = 0.3537, piTM-score = 0.2648, interface-score = 0.4199, iRes = 222  iCnt = 246 
Info: fused_AXIN1_DIX-TIR_x6 model_4_multimer_v2_p1_230216_296695_recycled_15,  tol =  0.85, pLDDT = 64.78, pTM-score = 0.3532, piTM-score = 0.2601, interface-score = 0.4091, iRes = 239  iCnt = 244 
Info: fused_AXIN1_DIX-TIR_x6 model_4_multimer_v2_p1_230216_296695_recycled_16,  tol =  1.13, pLDDT = 64.65, pTM-score = 0.3494, piTM-score = 0.2562, interface-score = 0.4086, iRes = 239  iCnt = 242 
Info: fused_AXIN1_DIX-TIR_x6 model_4_multimer_v2_p1_230216_296695_recycled_17,  tol =  0.55, pLDDT = 65.00, pTM-score = 0.3568, piTM-score = 0.2681, interface-score = 0.4195, iRes = 230  iCnt = 251 
Info: fused_AXIN1_DIX-TIR_x6 model_4_multimer_v2_p1_230216_296695_recycled_18,  tol =  0.60, pLDDT = 64.94, pTM-score = 0.3560, piTM-score = 0.2728, interface-score = 0.4267, iRes = 215  iCnt = 240 
Info: fused_AXIN1_DIX-TIR_x6 model_4_multimer_v2_p1_230216_296695_recycled_19,  tol =  0.68, pLDDT = 65.28, pTM-score = 0.3588, piTM-score = 0.2678, interface-score = 0.4233, iRes = 237  iCnt = 244 
Info: fused_AXIN1_DIX-TIR_x6 model_4_multimer_v2_p1_230216_296695 performed 20 recycles, final tol = 0.69, pLDDT = 64.92, pTM-score = 0.3525, piTM-score = 0.2625, interface-score = 0.4147, iRes = 240  iCnt = 243 
Info: num_clusters = 1, cluster_sizes = [6],  clusters = [['fused_AXIN1_DIX-TIR_0', 'fused_AXIN1_DIX-TIR_1', 'fused_AXIN1_DIX-TIR_2', 'fused_AXIN1_DIX-TIR_3', 'fused_AXIN1_DIX-TIR_4', 'fused_AXIN1_DIX-TIR_5']]

I0216 01:51:00.260457 23309855217472 run_af2c_mod.py:404] Final timings for fused_AXIN1_DIX-TIR_x6: {'features': 2.81, 'process_features_model_4_multimer_v2_p1_230216_296695': 0.0, 'predict_and_compile_model_4_multimer_v2_p1_230216_296695': 5493.1}
                                  
================================= 
Global information about the job: 
================================= 
  
Job owner: flobnow(42847)
Job name:  4_AF2C
Node list: ravg1093
Job start: Thu Feb 16 00:19:01 CET 2023
Job end:   Thu Feb 16 01:51:03 CET 2023
Work dir:  /raven/u/flobnow/workingLama/scripts/myRuns/fused_AXIN1_DIX-TIR_x6
Command:   /raven/u/flobnow/workingLama/scripts/myRuns/fused_AXIN1_DIX-TIR_x6/script2_comp_model_4.sh
  
  
  
==========================================================================================
Information on jobsteps (Note: MaxRSS/AveRSS is the maximum/average over all 
tasks of the per-task memory high-water marks; cf. "man sacct"): 
==========================================================================================
  
JobID            JobName NNodes NTasks  NCPUS        0.00M        0.00M    Elapsed ExitCode
------------- ---------- ------ ------ ------ ------------ ------------ ---------- --------
4217734           4_AF2C      1           108                             01:32:02      0:0
4217734.0        python3      1      1    108    70181.23M    70181.23M   01:31:58      0:0
  
Maximum memory per node: 73.590354 GB (defined as MaxRSS*Ntasks/NNodes)
CPU utilization: 1.9 %
  
