Info: input file name is fused_AXIN1_DIX-TIR_x6
Info: input target list is /u/flobnow/workingLama/scripts/myRuns/fused_AXIN1_DIX-TIR_x6/target.lst
Info: input feature directory is /u/flobnow/workingLama/feature_files
Info: result output directory is /u/flobnow/workingLama/output_files
Info: model preset is multimer_np
Info: msa pairing is all
Info: recycling setting is 1
Info: using preset super2
Info: set num_ensemble = 2
Info: set max_recyles = 20
Info: set recycle_tol = 0.1
Info: mas_pairing mode is all
I0216 00:13:11.981637 22731621365568 tpu_client.py:54] Starting the local TPU driver.
I0216 00:13:11.983377 22731621365568 xla_bridge.py:212] Unable to initialize backend 'tpu_driver': Not found: Unable to find driver in registry given worker: local://
I0216 00:13:12.390601 22731621365568 xla_bridge.py:212] Unable to initialize backend 'tpu': Invalid argument: TpuPlatform is not available.
I0216 00:13:15.283773 22731621365568 run_af2c_mod.py:481] Have 1 models: ['model_3_multimer_v2_p1']
Info: working on target fused_AXIN1_DIX-TIR_x6
I0216 00:13:21.290046 22731621365568 run_af2c_mod.py:512] Using random seed 3367745631248331027 for the data pipeline
Info: fused_AXIN1_DIX-TIR_x6 found monomer fused_AXIN1_DIX-TIR msa_depth = 4120, seq_len = 249, num_templ = 20
Info: fused_AXIN1_DIX-TIR reducing the number of structural templates to 4
Info: 6 chain(s) to model {'A': 'fused_AXIN1_DIX-TIR_1', 'B': 'fused_AXIN1_DIX-TIR_1', 'C': 'fused_AXIN1_DIX-TIR_1', 'D': 'fused_AXIN1_DIX-TIR_1', 'E': 'fused_AXIN1_DIX-TIR_1', 'F': 'fused_AXIN1_DIX-TIR_1'}
Info: modeling fused_AXIN1_DIX-TIR_x6 with msa_depth = 4120, seq_len = 1494, num_templ = 24
I0216 00:13:24.134716 22731621365568 run_af2c_mod.py:216] Running model model_3_multimer_v2_p1_230216_331027
I0216 00:13:24.135231 22731621365568 model.py:205] Running predict with shape(feat) = {'msa': (4120, 1494), 'bert_mask': (4120, 1494), 'num_alignments': (), 'aatype': (1494,), 'seq_length': (), 'template_aatype': (24, 1494), 'template_all_atom_mask': (24, 1494, 37), 'template_all_atom_positions': (24, 1494, 37, 3), 'all_atom_positions': (1494, 37, 3), 'template_domain_names': (24,), 'asym_id': (1494,), 'sym_id': (1494,), 'entity_id': (1494,), 'residue_index': (1494,), 'deletion_matrix': (4120, 1494), 'seq_mask': (1494,), 'msa_mask': (4120, 1494), 'cluster_bias_mask': (4120,), 'pdb_residue_index': (1494,)}
I0216 01:45:03.823140 22731621365568 run_af2c_mod.py:270] Total JAX model model_3_multimer_v2_p1_230216_331027 predict time (includes compilation time): 5499.7 seconds
Info: fused_AXIN1_DIX-TIR_x6 model_3_multimer_v2_p1_230216_331027_recycled_00,  tol =   inf, pLDDT = 59.61, pTM-score = 0.2595, piTM-score = 0.2139, interface-score = 0.2006, iRes = 204  iCnt = 237 
Info: fused_AXIN1_DIX-TIR_x6 model_3_multimer_v2_p1_230216_331027_recycled_01,  tol = 69.54, pLDDT = 61.30, pTM-score = 0.3231, piTM-score = 0.2022, interface-score = 0.1666, iRes = 327  iCnt = 507 
Info: fused_AXIN1_DIX-TIR_x6 model_3_multimer_v2_p1_230216_331027_recycled_02,  tol = 10.13, pLDDT = 62.44, pTM-score = 0.2953, piTM-score = 0.1541, interface-score = 0.1159, iRes = 74   iCnt = 65  
Info: fused_AXIN1_DIX-TIR_x6 model_3_multimer_v2_p1_230216_331027_recycled_03,  tol = 41.63, pLDDT = 63.54, pTM-score = 0.3177, piTM-score = 0.2444, interface-score = 0.1921, iRes = 145  iCnt = 142 
Info: fused_AXIN1_DIX-TIR_x6 model_3_multimer_v2_p1_230216_331027_recycled_04,  tol =  8.78, pLDDT = 64.11, pTM-score = 0.3267, piTM-score = 0.2636, interface-score = 0.2106, iRes = 130  iCnt = 128 
Info: fused_AXIN1_DIX-TIR_x6 model_3_multimer_v2_p1_230216_331027_recycled_05,  tol =  7.94, pLDDT = 63.44, pTM-score = 0.3217, piTM-score = 0.2469, interface-score = 0.2082, iRes = 138  iCnt = 130 
Info: fused_AXIN1_DIX-TIR_x6 model_3_multimer_v2_p1_230216_331027_recycled_06,  tol =  9.46, pLDDT = 64.20, pTM-score = 0.3236, piTM-score = 0.2701, interface-score = 0.2327, iRes = 121  iCnt = 119 
Info: fused_AXIN1_DIX-TIR_x6 model_3_multimer_v2_p1_230216_331027_recycled_07,  tol =  7.88, pLDDT = 63.94, pTM-score = 0.3298, piTM-score = 0.2688, interface-score = 0.2449, iRes = 148  iCnt = 150 
Info: fused_AXIN1_DIX-TIR_x6 model_3_multimer_v2_p1_230216_331027_recycled_08,  tol =  6.84, pLDDT = 64.64, pTM-score = 0.3250, piTM-score = 0.2833, interface-score = 0.2676, iRes = 119  iCnt = 115 
Info: fused_AXIN1_DIX-TIR_x6 model_3_multimer_v2_p1_230216_331027_recycled_09,  tol =  8.46, pLDDT = 64.63, pTM-score = 0.3404, piTM-score = 0.2880, interface-score = 0.2757, iRes = 149  iCnt = 155 
Info: fused_AXIN1_DIX-TIR_x6 model_3_multimer_v2_p1_230216_331027_recycled_10,  tol =  8.21, pLDDT = 64.64, pTM-score = 0.3255, piTM-score = 0.2776, interface-score = 0.2602, iRes = 117  iCnt = 117 
Info: fused_AXIN1_DIX-TIR_x6 model_3_multimer_v2_p1_230216_331027_recycled_11,  tol =  7.08, pLDDT = 64.80, pTM-score = 0.3396, piTM-score = 0.2857, interface-score = 0.2700, iRes = 158  iCnt = 167 
Info: fused_AXIN1_DIX-TIR_x6 model_3_multimer_v2_p1_230216_331027_recycled_12,  tol =  8.35, pLDDT = 65.09, pTM-score = 0.3263, piTM-score = 0.2678, interface-score = 0.2601, iRes = 128  iCnt = 127 
Info: fused_AXIN1_DIX-TIR_x6 model_3_multimer_v2_p1_230216_331027_recycled_13,  tol =  9.31, pLDDT = 65.06, pTM-score = 0.3328, piTM-score = 0.2634, interface-score = 0.2626, iRes = 125  iCnt = 122 
Info: fused_AXIN1_DIX-TIR_x6 model_3_multimer_v2_p1_230216_331027_recycled_14,  tol =  6.21, pLDDT = 65.43, pTM-score = 0.3254, piTM-score = 0.2609, interface-score = 0.2590, iRes = 130  iCnt = 127 
Info: fused_AXIN1_DIX-TIR_x6 model_3_multimer_v2_p1_230216_331027_recycled_15,  tol =  2.23, pLDDT = 64.94, pTM-score = 0.3326, piTM-score = 0.2587, interface-score = 0.2512, iRes = 133  iCnt = 133 
Info: fused_AXIN1_DIX-TIR_x6 model_3_multimer_v2_p1_230216_331027_recycled_16,  tol =  3.61, pLDDT = 65.40, pTM-score = 0.3318, piTM-score = 0.2629, interface-score = 0.2818, iRes = 123  iCnt = 120 
Info: fused_AXIN1_DIX-TIR_x6 model_3_multimer_v2_p1_230216_331027_recycled_17,  tol =  6.07, pLDDT = 65.26, pTM-score = 0.3336, piTM-score = 0.2693, interface-score = 0.2626, iRes = 138  iCnt = 139 
Info: fused_AXIN1_DIX-TIR_x6 model_3_multimer_v2_p1_230216_331027_recycled_18,  tol =  5.75, pLDDT = 65.11, pTM-score = 0.3236, piTM-score = 0.2494, interface-score = 0.2513, iRes = 127  iCnt = 125 
Info: fused_AXIN1_DIX-TIR_x6 model_3_multimer_v2_p1_230216_331027_recycled_19,  tol =  3.49, pLDDT = 65.20, pTM-score = 0.3310, piTM-score = 0.2649, interface-score = 0.2611, iRes = 135  iCnt = 134 
Info: fused_AXIN1_DIX-TIR_x6 model_3_multimer_v2_p1_230216_331027 performed 20 recycles, final tol = 3.10, pLDDT = 65.36, pTM-score = 0.3230, piTM-score = 0.2569, interface-score = 0.2577, iRes = 128  iCnt = 123 
Info: num_clusters = 2, cluster_sizes = [5, 1],  clusters = [['fused_AXIN1_DIX-TIR_0', 'fused_AXIN1_DIX-TIR_1', 'fused_AXIN1_DIX-TIR_2', 'fused_AXIN1_DIX-TIR_3', 'fused_AXIN1_DIX-TIR_4'], ['fused_AXIN1_DIX-TIR_5']]

I0216 01:45:10.201903 22731621365568 run_af2c_mod.py:404] Final timings for fused_AXIN1_DIX-TIR_x6: {'features': 2.84, 'process_features_model_3_multimer_v2_p1_230216_331027': 0.0, 'predict_and_compile_model_3_multimer_v2_p1_230216_331027': 5499.7}
                                  
================================= 
Global information about the job: 
================================= 
  
Job owner: flobnow(42847)
Job name:  3_AF2C
Node list: ravg1095
Job start: Thu Feb 16 00:12:57 CET 2023
Job end:   Thu Feb 16 01:45:14 CET 2023
Work dir:  /raven/u/flobnow/workingLama/scripts/myRuns/fused_AXIN1_DIX-TIR_x6
Command:   /raven/u/flobnow/workingLama/scripts/myRuns/fused_AXIN1_DIX-TIR_x6/script2_comp_model_3.sh
  
  
  
==========================================================================================
Information on jobsteps (Note: MaxRSS/AveRSS is the maximum/average over all 
tasks of the per-task memory high-water marks; cf. "man sacct"): 
==========================================================================================
  
JobID            JobName NNodes NTasks  NCPUS        0.00M        0.00M    Elapsed ExitCode
------------- ---------- ------ ------ ------ ------------ ------------ ---------- --------
4217733           3_AF2C      1           108                             01:32:17      0:0
4217733.0        python3      1      1    108    71558.50M    71558.50M   01:32:12      0:0
  
Maximum memory per node: 75.034522 GB (defined as MaxRSS*Ntasks/NNodes)
CPU utilization: 1.9 %
  
