Info: input file name is fused_AXIN1_DIX-TIR_x6
Info: input target list is /u/flobnow/workingLama/scripts/myRuns/fused_AXIN1_DIX-TIR_x6/target.lst
Info: input feature directory is /u/flobnow/workingLama/feature_files
Info: result output directory is /u/flobnow/workingLama/output_files
Info: model preset is multimer_np
Info: msa pairing is all
Info: recycling setting is 1
Info: using preset super2
Info: set num_ensemble = 2
Info: set max_recyles = 20
Info: set recycle_tol = 0.1
Info: mas_pairing mode is all
I0216 00:07:05.292465 22810057017152 tpu_client.py:54] Starting the local TPU driver.
I0216 00:07:05.294524 22810057017152 xla_bridge.py:212] Unable to initialize backend 'tpu_driver': Not found: Unable to find driver in registry given worker: local://
I0216 00:07:05.682261 22810057017152 xla_bridge.py:212] Unable to initialize backend 'tpu': Invalid argument: TpuPlatform is not available.
I0216 00:07:08.424061 22810057017152 run_af2c_mod.py:481] Have 1 models: ['model_2_multimer_v2_p1']
Info: working on target fused_AXIN1_DIX-TIR_x6
I0216 00:07:12.428277 22810057017152 run_af2c_mod.py:512] Using random seed 379744200828173567 for the data pipeline
Info: fused_AXIN1_DIX-TIR_x6 found monomer fused_AXIN1_DIX-TIR msa_depth = 4120, seq_len = 249, num_templ = 20
Info: fused_AXIN1_DIX-TIR reducing the number of structural templates to 4
Info: 6 chain(s) to model {'A': 'fused_AXIN1_DIX-TIR_1', 'B': 'fused_AXIN1_DIX-TIR_1', 'C': 'fused_AXIN1_DIX-TIR_1', 'D': 'fused_AXIN1_DIX-TIR_1', 'E': 'fused_AXIN1_DIX-TIR_1', 'F': 'fused_AXIN1_DIX-TIR_1'}
Info: modeling fused_AXIN1_DIX-TIR_x6 with msa_depth = 4120, seq_len = 1494, num_templ = 24
I0216 00:07:15.207793 22810057017152 run_af2c_mod.py:216] Running model model_2_multimer_v2_p1_230216_173567
I0216 00:07:15.208262 22810057017152 model.py:205] Running predict with shape(feat) = {'msa': (4120, 1494), 'bert_mask': (4120, 1494), 'num_alignments': (), 'aatype': (1494,), 'seq_length': (), 'template_aatype': (24, 1494), 'template_all_atom_mask': (24, 1494, 37), 'template_all_atom_positions': (24, 1494, 37, 3), 'all_atom_positions': (1494, 37, 3), 'template_domain_names': (24,), 'asym_id': (1494,), 'sym_id': (1494,), 'entity_id': (1494,), 'residue_index': (1494,), 'deletion_matrix': (4120, 1494), 'seq_mask': (1494,), 'msa_mask': (4120, 1494), 'cluster_bias_mask': (4120,), 'pdb_residue_index': (1494,)}
I0216 01:38:30.004733 22810057017152 run_af2c_mod.py:270] Total JAX model model_2_multimer_v2_p1_230216_173567 predict time (includes compilation time): 5474.8 seconds
Info: fused_AXIN1_DIX-TIR_x6 model_2_multimer_v2_p1_230216_173567_recycled_00,  tol =   inf, pLDDT = 57.19, pTM-score = 0.2610, piTM-score = 0.1268, interface-score = 0.0814, iRes = 82   iCnt = 71  
Info: fused_AXIN1_DIX-TIR_x6 model_2_multimer_v2_p1_230216_173567_recycled_01,  tol = 96.82, pLDDT = 59.51, pTM-score = 0.2737, piTM-score = 0.1915, interface-score = 0.1482, iRes = 112  iCnt = 100 
Info: fused_AXIN1_DIX-TIR_x6 model_2_multimer_v2_p1_230216_173567_recycled_02,  tol = 20.46, pLDDT = 59.97, pTM-score = 0.2719, piTM-score = 0.1840, interface-score = 0.1175, iRes = 144  iCnt = 159 
Info: fused_AXIN1_DIX-TIR_x6 model_2_multimer_v2_p1_230216_173567_recycled_03,  tol = 25.50, pLDDT = 60.06, pTM-score = 0.2458, piTM-score = 0.2660, interface-score = 0.0772, iRes = 224  iCnt = 428 
Info: fused_AXIN1_DIX-TIR_x6 model_2_multimer_v2_p1_230216_173567_recycled_04,  tol = 33.53, pLDDT = 61.04, pTM-score = 0.2633, piTM-score = 0.2401, interface-score = 0.1459, iRes = 106  iCnt = 134 
Info: fused_AXIN1_DIX-TIR_x6 model_2_multimer_v2_p1_230216_173567_recycled_05,  tol = 29.11, pLDDT = 59.39, pTM-score = 0.2670, piTM-score = 0.1703, interface-score = 0.0876, iRes = 112  iCnt = 115 
Info: fused_AXIN1_DIX-TIR_x6 model_2_multimer_v2_p1_230216_173567_recycled_06,  tol = 29.70, pLDDT = 60.27, pTM-score = 0.2449, piTM-score = 0.2642, interface-score = 0.1689, iRes = 356  iCnt = 689 
Info: fused_AXIN1_DIX-TIR_x6 model_2_multimer_v2_p1_230216_173567_recycled_07,  tol = 26.29, pLDDT = 60.61, pTM-score = 0.2693, piTM-score = 0.2250, interface-score = 0.0733, iRes = 35   iCnt = 30  
Info: fused_AXIN1_DIX-TIR_x6 model_2_multimer_v2_p1_230216_173567_recycled_08,  tol = 30.32, pLDDT = 61.09, pTM-score = 0.2727, piTM-score = 0.2035, interface-score = 0.0645, iRes = 103  iCnt = 140 
Info: fused_AXIN1_DIX-TIR_x6 model_2_multimer_v2_p1_230216_173567_recycled_09,  tol = 31.91, pLDDT = 59.74, pTM-score = 0.2646, piTM-score = 0.2010, interface-score = 0.1206, iRes = 127  iCnt = 151 
Info: fused_AXIN1_DIX-TIR_x6 model_2_multimer_v2_p1_230216_173567_recycled_10,  tol = 27.73, pLDDT = 61.51, pTM-score = 0.2621, piTM-score = 0.1843, interface-score = 0.0698, iRes = 91   iCnt = 101 
Info: fused_AXIN1_DIX-TIR_x6 model_2_multimer_v2_p1_230216_173567_recycled_11,  tol = 36.15, pLDDT = 61.53, pTM-score = 0.2636, piTM-score = 0.2360, interface-score = 0.1335, iRes = 117  iCnt = 128 
Info: fused_AXIN1_DIX-TIR_x6 model_2_multimer_v2_p1_230216_173567_recycled_12,  tol = 26.60, pLDDT = 62.22, pTM-score = 0.2685, piTM-score = 0.1606, interface-score = 0.0968, iRes = 84   iCnt = 72  
Info: fused_AXIN1_DIX-TIR_x6 model_2_multimer_v2_p1_230216_173567_recycled_13,  tol = 28.31, pLDDT = 60.42, pTM-score = 0.2615, piTM-score = 0.1088, interface-score = 0.0464, iRes = 45   iCnt = 35  
Info: fused_AXIN1_DIX-TIR_x6 model_2_multimer_v2_p1_230216_173567_recycled_14,  tol = 31.82, pLDDT = 61.01, pTM-score = 0.2600, piTM-score = 0.2325, interface-score = 0.1094, iRes = 86   iCnt = 91  
Info: fused_AXIN1_DIX-TIR_x6 model_2_multimer_v2_p1_230216_173567_recycled_15,  tol = 31.41, pLDDT = 60.69, pTM-score = 0.2641, piTM-score = 0.2875, interface-score = 0.0993, iRes = 43   iCnt = 48  
Info: fused_AXIN1_DIX-TIR_x6 model_2_multimer_v2_p1_230216_173567_recycled_16,  tol = 23.34, pLDDT = 61.83, pTM-score = 0.2686, piTM-score = 0.2995, interface-score = 0.1554, iRes = 151  iCnt = 275 
Info: fused_AXIN1_DIX-TIR_x6 model_2_multimer_v2_p1_230216_173567_recycled_17,  tol = 28.35, pLDDT = 60.35, pTM-score = 0.2679, piTM-score = 0.1964, interface-score = 0.1086, iRes = 118  iCnt = 159 
Info: fused_AXIN1_DIX-TIR_x6 model_2_multimer_v2_p1_230216_173567_recycled_18,  tol = 20.56, pLDDT = 59.85, pTM-score = 0.2681, piTM-score = 0.1524, interface-score = 0.0605, iRes = 38   iCnt = 28  
Info: fused_AXIN1_DIX-TIR_x6 model_2_multimer_v2_p1_230216_173567_recycled_19,  tol = 25.15, pLDDT = 60.22, pTM-score = 0.2703, piTM-score = 0.1921, interface-score = 0.0861, iRes = 59   iCnt = 58  
Info: fused_AXIN1_DIX-TIR_x6 model_2_multimer_v2_p1_230216_173567 performed 20 recycles, final tol = 22.54, pLDDT = 61.20, pTM-score = 0.2679, piTM-score = 0.1386, interface-score = 0.0615, iRes = 84   iCnt = 74  
Info: num_clusters = 3, cluster_sizes = [4, 1, 1],  clusters = [['fused_AXIN1_DIX-TIR_0', 'fused_AXIN1_DIX-TIR_1', 'fused_AXIN1_DIX-TIR_2', 'fused_AXIN1_DIX-TIR_3'], ['fused_AXIN1_DIX-TIR_4'], ['fused_AXIN1_DIX-TIR_5']]

I0216 01:38:36.213159 22810057017152 run_af2c_mod.py:404] Final timings for fused_AXIN1_DIX-TIR_x6: {'features': 2.78, 'process_features_model_2_multimer_v2_p1_230216_173567': 0.0, 'predict_and_compile_model_2_multimer_v2_p1_230216_173567': 5474.8}
                                  
================================= 
Global information about the job: 
================================= 
  
Job owner: flobnow(42847)
Job name:  2_AF2C
Node list: ravg1062
Job start: Thu Feb 16 00:06:51 CET 2023
Job end:   Thu Feb 16 01:38:39 CET 2023
Work dir:  /raven/u/flobnow/workingLama/scripts/myRuns/fused_AXIN1_DIX-TIR_x6
Command:   /raven/u/flobnow/workingLama/scripts/myRuns/fused_AXIN1_DIX-TIR_x6/script2_comp_model_2.sh
  
  
  
==========================================================================================
Information on jobsteps (Note: MaxRSS/AveRSS is the maximum/average over all 
tasks of the per-task memory high-water marks; cf. "man sacct"): 
==========================================================================================
  
JobID            JobName NNodes NTasks  NCPUS        0.00M        0.00M    Elapsed ExitCode
------------- ---------- ------ ------ ------ ------------ ------------ ---------- --------
4217732           2_AF2C      1           108                             01:31:48      0:0
4217732.0        python3      1      1    108    70616.30M    70616.30M   01:31:45      0:0
  
Maximum memory per node: 74.046558 GB (defined as MaxRSS*Ntasks/NNodes)
CPU utilization: 1.9 %
  
