Info: input file name is O35379
Info: input target list is /u/flobnow/workingLama/scripts/myRuns/O35379/target.lst
Info: input feature directory is /u/flobnow/workingLama/feature_files
Info: result output directory is /u/flobnow/workingLama/output_files
Info: model preset is multimer_np
Info: msa pairing is all
Info: recycling setting is 1
Info: using preset super2
Info: set num_ensemble = 2
Info: set max_recyles = 20
Info: set recycle_tol = 0.1
Info: mas_pairing mode is all
I0306 13:37:01.908196 22388194060096 tpu_client.py:54] Starting the local TPU driver.
I0306 13:37:01.978562 22388194060096 xla_bridge.py:212] Unable to initialize backend 'tpu_driver': Not found: Unable to find driver in registry given worker: local://
I0306 13:37:02.349139 22388194060096 xla_bridge.py:212] Unable to initialize backend 'tpu': Invalid argument: TpuPlatform is not available.
I0306 13:37:05.117136 22388194060096 run_af2c_mod.py:481] Have 1 models: ['model_1_multimer_v2_p1']
Info: working on target MYD88_O35379_x1
I0306 13:37:14.126365 22388194060096 run_af2c_mod.py:512] Using random seed 8504697394888843353 for the data pipeline
Info: MYD88_O35379_x1 found monomer MYD88_MOUSE msa_depth = 3425, seq_len = 296, num_templ = 20
Info: MYD88_MOUSE reducing the number of structural templates to 4
Info: MYD88_O35379_x1 found monomer O35379 msa_depth = 95759, seq_len = 1528, num_templ = 20
Info: O35379 MSA size is too large, reducing to 10000
Info: O35379 reducing the number of structural templates to 4
Info: 2 chain(s) to model {'A': 'MYD88_MOUSE_1', 'B': 'O35379_1'}
Info: modeling MYD88_O35379_x1 with msa_depth = 6681, seq_len = 1824, num_templ = 8
I0306 13:37:16.638352 22388194060096 run_af2c_mod.py:216] Running model model_1_multimer_v2_p1_230306_843353
I0306 13:37:16.638798 22388194060096 model.py:205] Running predict with shape(feat) = {'msa': (6681, 1824), 'bert_mask': (6681, 1824), 'num_alignments': (), 'aatype': (1824,), 'seq_length': (), 'template_aatype': (8, 1824), 'template_all_atom_mask': (8, 1824, 37), 'template_all_atom_positions': (8, 1824, 37, 3), 'all_atom_positions': (1824, 37, 3), 'template_domain_names': (8,), 'asym_id': (1824,), 'sym_id': (1824,), 'entity_id': (1824,), 'residue_index': (1824,), 'deletion_matrix': (6681, 1824), 'seq_mask': (1824,), 'msa_mask': (6681, 1824), 'cluster_bias_mask': (6681,), 'pdb_residue_index': (1824,)}
I0306 15:04:45.591789 22388194060096 run_af2c_mod.py:270] Total JAX model model_1_multimer_v2_p1_230306_843353 predict time (includes compilation time): 5249.0 seconds
Info: MYD88_O35379_x1 model_1_multimer_v2_p1_230306_843353_recycled_00,  tol =   inf, pLDDT = 74.73, pTM-score = 0.6595, piTM-score = 0.0000, interface-score = 0.0000, iRes = 0    iCnt = 0   
Info: MYD88_O35379_x1 model_1_multimer_v2_p1_230306_843353_recycled_01,  tol = 89.59, pLDDT = 75.68, pTM-score = 0.6687, piTM-score = 0.0000, interface-score = 0.0000, iRes = 0    iCnt = 0   
Info: MYD88_O35379_x1 model_1_multimer_v2_p1_230306_843353_recycled_02,  tol =  7.24, pLDDT = 76.40, pTM-score = 0.6639, piTM-score = 0.0000, interface-score = 0.0000, iRes = 0    iCnt = 0   
Info: MYD88_O35379_x1 model_1_multimer_v2_p1_230306_843353_recycled_03,  tol = 12.66, pLDDT = 76.52, pTM-score = 0.6657, piTM-score = 0.0000, interface-score = 0.0000, iRes = 0    iCnt = 0   
Info: MYD88_O35379_x1 model_1_multimer_v2_p1_230306_843353_recycled_04,  tol =  5.58, pLDDT = 76.67, pTM-score = 0.6600, piTM-score = 0.0000, interface-score = 0.0000, iRes = 0    iCnt = 0   
Info: MYD88_O35379_x1 model_1_multimer_v2_p1_230306_843353_recycled_05,  tol = 21.57, pLDDT = 76.17, pTM-score = 0.6508, piTM-score = 0.0000, interface-score = 0.0000, iRes = 0    iCnt = 0   
Info: MYD88_O35379_x1 model_1_multimer_v2_p1_230306_843353_recycled_06,  tol =  4.61, pLDDT = 76.45, pTM-score = 0.6536, piTM-score = 0.0000, interface-score = 0.0000, iRes = 0    iCnt = 0   
Info: MYD88_O35379_x1 model_1_multimer_v2_p1_230306_843353_recycled_07,  tol =  5.01, pLDDT = 76.08, pTM-score = 0.6513, piTM-score = 0.0000, interface-score = 0.0000, iRes = 0    iCnt = 0   
Info: MYD88_O35379_x1 model_1_multimer_v2_p1_230306_843353_recycled_08,  tol =  2.58, pLDDT = 75.75, pTM-score = 0.6481, piTM-score = 0.0000, interface-score = 0.0000, iRes = 0    iCnt = 0   
Info: MYD88_O35379_x1 model_1_multimer_v2_p1_230306_843353_recycled_09,  tol =  5.76, pLDDT = 76.46, pTM-score = 0.6505, piTM-score = 0.0000, interface-score = 0.0000, iRes = 0    iCnt = 0   
Info: MYD88_O35379_x1 model_1_multimer_v2_p1_230306_843353_recycled_10,  tol =  4.85, pLDDT = 76.35, pTM-score = 0.6491, piTM-score = 0.0000, interface-score = 0.0000, iRes = 0    iCnt = 0   
Info: MYD88_O35379_x1 model_1_multimer_v2_p1_230306_843353_recycled_11,  tol =  2.98, pLDDT = 76.53, pTM-score = 0.6476, piTM-score = 0.0000, interface-score = 0.0000, iRes = 0    iCnt = 0   
Info: MYD88_O35379_x1 model_1_multimer_v2_p1_230306_843353_recycled_12,  tol =  3.08, pLDDT = 76.89, pTM-score = 0.6530, piTM-score = 0.0000, interface-score = 0.0000, iRes = 0    iCnt = 0   
Info: MYD88_O35379_x1 model_1_multimer_v2_p1_230306_843353_recycled_13,  tol =  1.70, pLDDT = 77.20, pTM-score = 0.6520, piTM-score = 0.0000, interface-score = 0.0000, iRes = 0    iCnt = 0   
Info: MYD88_O35379_x1 model_1_multimer_v2_p1_230306_843353_recycled_14,  tol =  1.53, pLDDT = 76.47, pTM-score = 0.6488, piTM-score = 0.0000, interface-score = 0.0000, iRes = 0    iCnt = 0   
Info: MYD88_O35379_x1 model_1_multimer_v2_p1_230306_843353_recycled_15,  tol =  3.47, pLDDT = 76.49, pTM-score = 0.6469, piTM-score = 0.0000, interface-score = 0.0000, iRes = 0    iCnt = 0   
Info: MYD88_O35379_x1 model_1_multimer_v2_p1_230306_843353_recycled_16,  tol =  1.54, pLDDT = 76.53, pTM-score = 0.6492, piTM-score = 0.0000, interface-score = 0.0000, iRes = 0    iCnt = 0   
Info: MYD88_O35379_x1 model_1_multimer_v2_p1_230306_843353_recycled_17,  tol =  2.64, pLDDT = 76.86, pTM-score = 0.6496, piTM-score = 0.0000, interface-score = 0.0000, iRes = 0    iCnt = 0   
Info: MYD88_O35379_x1 model_1_multimer_v2_p1_230306_843353_recycled_18,  tol =  2.50, pLDDT = 76.63, pTM-score = 0.6483, piTM-score = 0.0000, interface-score = 0.0000, iRes = 0    iCnt = 0   
Info: MYD88_O35379_x1 model_1_multimer_v2_p1_230306_843353_recycled_19,  tol =  2.20, pLDDT = 77.32, pTM-score = 0.6537, piTM-score = 0.0000, interface-score = 0.0000, iRes = 0    iCnt = 0   
Info: MYD88_O35379_x1 model_1_multimer_v2_p1_230306_843353 performed 20 recycles, final tol = 1.37, pLDDT = 76.88, pTM-score = 0.6490, piTM-score = 0.0000, interface-score = 0.0000, iRes = 0    iCnt = 0   
Info: num_clusters = 2, cluster_sizes = [1, 1],  clusters = [['MYD88_MOUSE_0'], ['O35379_0']]

I0306 15:04:52.941301 22388194060096 run_af2c_mod.py:404] Final timings for MYD88_O35379_x1: {'features': 2.51, 'process_features_model_1_multimer_v2_p1_230306_843353': 0.0, 'predict_and_compile_model_1_multimer_v2_p1_230306_843353': 5249.0}
                                  
================================= 
Global information about the job: 
================================= 
  
Job owner: flobnow(42847)
Job name:  1_AF2C
Node list: ravg1068
Job start: Mon Mar  6 13:36:33 CET 2023
Job end:   Mon Mar  6 15:04:56 CET 2023
Work dir:  /raven/u/flobnow/workingLama/scripts/myRuns/O35379
Command:   /raven/u/flobnow/workingLama/scripts/myRuns/O35379/script2_comp_model_1.sh
  
  
  
==========================================================================================
Information on jobsteps (Note: MaxRSS/AveRSS is the maximum/average over all 
tasks of the per-task memory high-water marks; cf. "man sacct"): 
==========================================================================================
  
JobID            JobName NNodes NTasks  NCPUS        0.00M        0.00M    Elapsed ExitCode
------------- ---------- ------ ------ ------ ------------ ------------ ---------- --------
4365505           1_AF2C      1           108                             01:28:23      0:0
4365505.0        python3      1      1    108    54281.29M    54281.29M   01:28:18      0:0
  
Maximum memory per node: 56.918061 GB (defined as MaxRSS*Ntasks/NNodes)
CPU utilization: 1.9 %
  
Info: input file name is O35379
Info: input target list is /u/flobnow/workingLama/scripts/myRuns/O35379/target.lst
Info: input feature directory is /u/flobnow/workingLama/feature_files
Info: result output directory is /u/flobnow/workingLama/output_files
Info: model preset is multimer_np
Info: msa pairing is all
Info: recycling setting is 1
Info: using preset super2
Info: set num_ensemble = 2
Info: set max_recyles = 20
Info: set recycle_tol = 0.1
Info: mas_pairing mode is all
I0306 15:39:31.766815 22920494139200 tpu_client.py:54] Starting the local TPU driver.
I0306 15:39:31.767174 22920494139200 xla_bridge.py:212] Unable to initialize backend 'tpu_driver': Not found: Unable to find driver in registry given worker: local://
I0306 15:39:32.134969 22920494139200 xla_bridge.py:212] Unable to initialize backend 'tpu': Invalid argument: TpuPlatform is not available.
I0306 15:39:34.925985 22920494139200 run_af2c_mod.py:481] Have 1 models: ['model_2_multimer_v2_p1']
Info: working on target MYD88_O35379_x1
I0306 15:39:41.933338 22920494139200 run_af2c_mod.py:512] Using random seed 4155969606380251879 for the data pipeline
Info: MYD88_O35379_x1 found monomer MYD88_MOUSE msa_depth = 3425, seq_len = 296, num_templ = 20
Info: MYD88_MOUSE reducing the number of structural templates to 4
Info: MYD88_O35379_x1 found monomer O35379 msa_depth = 95759, seq_len = 1528, num_templ = 20
Info: O35379 MSA size is too large, reducing to 10000
Info: O35379 reducing the number of structural templates to 4
Info: 2 chain(s) to model {'A': 'MYD88_MOUSE_1', 'B': 'O35379_1'}
Info: modeling MYD88_O35379_x1 with msa_depth = 6681, seq_len = 1824, num_templ = 8
I0306 15:39:44.632993 22920494139200 run_af2c_mod.py:216] Running model model_2_multimer_v2_p1_230306_251879
I0306 15:39:44.633476 22920494139200 model.py:205] Running predict with shape(feat) = {'msa': (6681, 1824), 'bert_mask': (6681, 1824), 'num_alignments': (), 'aatype': (1824,), 'seq_length': (), 'template_aatype': (8, 1824), 'template_all_atom_mask': (8, 1824, 37), 'template_all_atom_positions': (8, 1824, 37, 3), 'all_atom_positions': (1824, 37, 3), 'template_domain_names': (8,), 'asym_id': (1824,), 'sym_id': (1824,), 'entity_id': (1824,), 'residue_index': (1824,), 'deletion_matrix': (6681, 1824), 'seq_mask': (1824,), 'msa_mask': (6681, 1824), 'cluster_bias_mask': (6681,), 'pdb_residue_index': (1824,)}
I0306 17:07:16.001703 22920494139200 run_af2c_mod.py:270] Total JAX model model_2_multimer_v2_p1_230306_251879 predict time (includes compilation time): 5251.4 seconds
Info: MYD88_O35379_x1 model_2_multimer_v2_p1_230306_251879_recycled_00,  tol =   inf, pLDDT = 71.23, pTM-score = 0.6694, piTM-score = 0.0000, interface-score = 0.0000, iRes = 0    iCnt = 0   
Info: MYD88_O35379_x1 model_2_multimer_v2_p1_230306_251879_recycled_01,  tol = 97.07, pLDDT = 72.66, pTM-score = 0.6729, piTM-score = 0.0000, interface-score = 0.0000, iRes = 0    iCnt = 0   
Info: MYD88_O35379_x1 model_2_multimer_v2_p1_230306_251879_recycled_02,  tol = 19.74, pLDDT = 73.56, pTM-score = 0.6752, piTM-score = 0.0000, interface-score = 0.0000, iRes = 0    iCnt = 0   
Info: MYD88_O35379_x1 model_2_multimer_v2_p1_230306_251879_recycled_03,  tol =  7.64, pLDDT = 74.54, pTM-score = 0.6845, piTM-score = 0.0000, interface-score = 0.0000, iRes = 0    iCnt = 0   
Info: MYD88_O35379_x1 model_2_multimer_v2_p1_230306_251879_recycled_04,  tol =  2.40, pLDDT = 73.97, pTM-score = 0.6774, piTM-score = 0.0000, interface-score = 0.0000, iRes = 0    iCnt = 0   
Info: MYD88_O35379_x1 model_2_multimer_v2_p1_230306_251879_recycled_05,  tol =  6.19, pLDDT = 74.36, pTM-score = 0.6841, piTM-score = 0.0000, interface-score = 0.0000, iRes = 0    iCnt = 0   
Info: MYD88_O35379_x1 model_2_multimer_v2_p1_230306_251879_recycled_06,  tol =  3.93, pLDDT = 74.26, pTM-score = 0.6845, piTM-score = 0.0000, interface-score = 0.0000, iRes = 0    iCnt = 0   
Info: MYD88_O35379_x1 model_2_multimer_v2_p1_230306_251879_recycled_07,  tol =  6.49, pLDDT = 74.40, pTM-score = 0.6848, piTM-score = 0.0000, interface-score = 0.0000, iRes = 0    iCnt = 0   
Info: MYD88_O35379_x1 model_2_multimer_v2_p1_230306_251879_recycled_08,  tol =  2.45, pLDDT = 74.58, pTM-score = 0.6885, piTM-score = 0.0000, interface-score = 0.0000, iRes = 0    iCnt = 0   
Info: MYD88_O35379_x1 model_2_multimer_v2_p1_230306_251879_recycled_09,  tol =  6.42, pLDDT = 74.30, pTM-score = 0.6875, piTM-score = 0.0000, interface-score = 0.0000, iRes = 0    iCnt = 0   
Info: MYD88_O35379_x1 model_2_multimer_v2_p1_230306_251879_recycled_10,  tol =  6.01, pLDDT = 73.99, pTM-score = 0.6846, piTM-score = 0.0000, interface-score = 0.0000, iRes = 0    iCnt = 0   
Info: MYD88_O35379_x1 model_2_multimer_v2_p1_230306_251879_recycled_11,  tol =  4.48, pLDDT = 74.46, pTM-score = 0.6877, piTM-score = 0.0000, interface-score = 0.0000, iRes = 0    iCnt = 0   
Info: MYD88_O35379_x1 model_2_multimer_v2_p1_230306_251879_recycled_12,  tol =  2.40, pLDDT = 74.14, pTM-score = 0.6878, piTM-score = 0.0000, interface-score = 0.0000, iRes = 0    iCnt = 0   
Info: MYD88_O35379_x1 model_2_multimer_v2_p1_230306_251879_recycled_13,  tol =  3.99, pLDDT = 74.22, pTM-score = 0.6871, piTM-score = 0.0000, interface-score = 0.0000, iRes = 0    iCnt = 0   
Info: MYD88_O35379_x1 model_2_multimer_v2_p1_230306_251879_recycled_14,  tol =  0.98, pLDDT = 74.42, pTM-score = 0.6912, piTM-score = 0.0000, interface-score = 0.0000, iRes = 0    iCnt = 0   
Info: MYD88_O35379_x1 model_2_multimer_v2_p1_230306_251879_recycled_15,  tol =  1.68, pLDDT = 74.66, pTM-score = 0.6903, piTM-score = 0.0000, interface-score = 0.0000, iRes = 0    iCnt = 0   
Info: MYD88_O35379_x1 model_2_multimer_v2_p1_230306_251879_recycled_16,  tol =  8.22, pLDDT = 74.49, pTM-score = 0.6900, piTM-score = 0.0000, interface-score = 0.0000, iRes = 0    iCnt = 0   
Info: MYD88_O35379_x1 model_2_multimer_v2_p1_230306_251879_recycled_17,  tol =  4.07, pLDDT = 74.51, pTM-score = 0.6882, piTM-score = 0.0000, interface-score = 0.0000, iRes = 0    iCnt = 0   
Info: MYD88_O35379_x1 model_2_multimer_v2_p1_230306_251879_recycled_18,  tol =  2.01, pLDDT = 74.63, pTM-score = 0.6899, piTM-score = 0.0000, interface-score = 0.0000, iRes = 0    iCnt = 0   
Info: MYD88_O35379_x1 model_2_multimer_v2_p1_230306_251879_recycled_19,  tol =  7.53, pLDDT = 74.17, pTM-score = 0.6865, piTM-score = 0.0000, interface-score = 0.0000, iRes = 0    iCnt = 0   
Info: MYD88_O35379_x1 model_2_multimer_v2_p1_230306_251879 performed 20 recycles, final tol = 1.19, pLDDT = 74.82, pTM-score = 0.6920, piTM-score = 0.0000, interface-score = 0.0000, iRes = 0    iCnt = 0   
Info: num_clusters = 2, cluster_sizes = [1, 1],  clusters = [['MYD88_MOUSE_0'], ['O35379_0']]

I0306 17:07:23.685586 22920494139200 run_af2c_mod.py:404] Final timings for MYD88_O35379_x1: {'features': 2.7, 'process_features_model_2_multimer_v2_p1_230306_251879': 0.0, 'predict_and_compile_model_2_multimer_v2_p1_230306_251879': 5251.4}
                                  
================================= 
Global information about the job: 
================================= 
  
Job owner: flobnow(42847)
Job name:  2_AF2C
Node list: ravg1105
Job start: Mon Mar  6 15:39:23 CET 2023
Job end:   Mon Mar  6 17:07:26 CET 2023
Work dir:  /raven/u/flobnow/workingLama/scripts/myRuns/O35379
Command:   /raven/u/flobnow/workingLama/scripts/myRuns/O35379/script2_comp_model_2.sh
  
  
  
==========================================================================================
Information on jobsteps (Note: MaxRSS/AveRSS is the maximum/average over all 
tasks of the per-task memory high-water marks; cf. "man sacct"): 
==========================================================================================
  
JobID            JobName NNodes NTasks  NCPUS        0.00M        0.00M    Elapsed ExitCode
------------- ---------- ------ ------ ------ ------------ ------------ ---------- --------
4365533           2_AF2C      1           108                             01:28:03      0:0
4365533.0        python3      1      1    108    53888.29M    53888.29M   01:28:00      0:0
  
Maximum memory per node: 56.505967 GB (defined as MaxRSS*Ntasks/NNodes)
CPU utilization: 1.9 %
  
Info: input file name is O35379
Info: input target list is /u/flobnow/workingLama/scripts/myRuns/O35379/target.lst
Info: input feature directory is /u/flobnow/workingLama/feature_files
Info: result output directory is /u/flobnow/workingLama/output_files
Info: model preset is multimer_np
Info: msa pairing is all
Info: recycling setting is 1
Info: using preset super2
Info: set num_ensemble = 2
Info: set max_recyles = 20
Info: set recycle_tol = 0.1
Info: mas_pairing mode is all
I0306 19:18:39.134965 22986554685248 tpu_client.py:54] Starting the local TPU driver.
I0306 19:18:39.135325 22986554685248 xla_bridge.py:212] Unable to initialize backend 'tpu_driver': Not found: Unable to find driver in registry given worker: local://
I0306 19:18:39.503419 22986554685248 xla_bridge.py:212] Unable to initialize backend 'tpu': Invalid argument: TpuPlatform is not available.
I0306 19:18:42.278184 22986554685248 run_af2c_mod.py:481] Have 1 models: ['model_3_multimer_v2_p1']
Info: working on target MYD88_O35379_x1
I0306 19:18:50.286537 22986554685248 run_af2c_mod.py:512] Using random seed 664165041052418229 for the data pipeline
Info: MYD88_O35379_x1 found monomer MYD88_MOUSE msa_depth = 3425, seq_len = 296, num_templ = 20
Info: MYD88_MOUSE reducing the number of structural templates to 4
Info: MYD88_O35379_x1 found monomer O35379 msa_depth = 95759, seq_len = 1528, num_templ = 20
Info: O35379 MSA size is too large, reducing to 10000
Info: O35379 reducing the number of structural templates to 4
Info: 2 chain(s) to model {'A': 'MYD88_MOUSE_1', 'B': 'O35379_1'}
Info: modeling MYD88_O35379_x1 with msa_depth = 6681, seq_len = 1824, num_templ = 8
I0306 19:18:52.929811 22986554685248 run_af2c_mod.py:216] Running model model_3_multimer_v2_p1_230306_418229
I0306 19:18:52.930295 22986554685248 model.py:205] Running predict with shape(feat) = {'msa': (6681, 1824), 'bert_mask': (6681, 1824), 'num_alignments': (), 'aatype': (1824,), 'seq_length': (), 'template_aatype': (8, 1824), 'template_all_atom_mask': (8, 1824, 37), 'template_all_atom_positions': (8, 1824, 37, 3), 'all_atom_positions': (1824, 37, 3), 'template_domain_names': (8,), 'asym_id': (1824,), 'sym_id': (1824,), 'entity_id': (1824,), 'residue_index': (1824,), 'deletion_matrix': (6681, 1824), 'seq_mask': (1824,), 'msa_mask': (6681, 1824), 'cluster_bias_mask': (6681,), 'pdb_residue_index': (1824,)}
I0306 20:46:14.965933 22986554685248 run_af2c_mod.py:270] Total JAX model model_3_multimer_v2_p1_230306_418229 predict time (includes compilation time): 5242.0 seconds
Info: MYD88_O35379_x1 model_3_multimer_v2_p1_230306_418229_recycled_00,  tol =   inf, pLDDT = 70.82, pTM-score = 0.6783, piTM-score = 0.0000, interface-score = 0.0000, iRes = 0    iCnt = 0   
Info: MYD88_O35379_x1 model_3_multimer_v2_p1_230306_418229_recycled_01,  tol = 88.92, pLDDT = 72.15, pTM-score = 0.6902, piTM-score = 0.0000, interface-score = 0.0000, iRes = 0    iCnt = 0   
Info: MYD88_O35379_x1 model_3_multimer_v2_p1_230306_418229_recycled_02,  tol = 12.70, pLDDT = 72.88, pTM-score = 0.6894, piTM-score = 0.0000, interface-score = 0.0000, iRes = 0    iCnt = 0   
Info: MYD88_O35379_x1 model_3_multimer_v2_p1_230306_418229_recycled_03,  tol =  5.03, pLDDT = 73.57, pTM-score = 0.6929, piTM-score = 0.0000, interface-score = 0.0000, iRes = 0    iCnt = 0   
Info: MYD88_O35379_x1 model_3_multimer_v2_p1_230306_418229_recycled_04,  tol =  3.30, pLDDT = 73.18, pTM-score = 0.6922, piTM-score = 0.0000, interface-score = 0.0000, iRes = 0    iCnt = 0   
Info: MYD88_O35379_x1 model_3_multimer_v2_p1_230306_418229_recycled_05,  tol =  3.21, pLDDT = 73.82, pTM-score = 0.6952, piTM-score = 0.0000, interface-score = 0.0000, iRes = 0    iCnt = 0   
Info: MYD88_O35379_x1 model_3_multimer_v2_p1_230306_418229_recycled_06,  tol =  1.68, pLDDT = 74.13, pTM-score = 0.6971, piTM-score = 0.0000, interface-score = 0.0000, iRes = 0    iCnt = 0   
Info: MYD88_O35379_x1 model_3_multimer_v2_p1_230306_418229_recycled_07,  tol =  1.65, pLDDT = 74.55, pTM-score = 0.7047, piTM-score = 0.0000, interface-score = 0.0000, iRes = 0    iCnt = 0   
Info: MYD88_O35379_x1 model_3_multimer_v2_p1_230306_418229_recycled_08,  tol =  1.47, pLDDT = 74.59, pTM-score = 0.7017, piTM-score = 0.0000, interface-score = 0.0000, iRes = 0    iCnt = 0   
Info: MYD88_O35379_x1 model_3_multimer_v2_p1_230306_418229_recycled_09,  tol =  1.35, pLDDT = 74.27, pTM-score = 0.7006, piTM-score = 0.0000, interface-score = 0.0000, iRes = 0    iCnt = 0   
Info: MYD88_O35379_x1 model_3_multimer_v2_p1_230306_418229_recycled_10,  tol =  1.99, pLDDT = 73.36, pTM-score = 0.6955, piTM-score = 0.0000, interface-score = 0.0000, iRes = 0    iCnt = 0   
Info: MYD88_O35379_x1 model_3_multimer_v2_p1_230306_418229_recycled_11,  tol =  1.35, pLDDT = 74.35, pTM-score = 0.7033, piTM-score = 0.0000, interface-score = 0.0000, iRes = 0    iCnt = 0   
Info: MYD88_O35379_x1 model_3_multimer_v2_p1_230306_418229_recycled_12,  tol =  1.09, pLDDT = 74.09, pTM-score = 0.6987, piTM-score = 0.0000, interface-score = 0.0000, iRes = 0    iCnt = 0   
Info: MYD88_O35379_x1 model_3_multimer_v2_p1_230306_418229_recycled_13,  tol =  1.37, pLDDT = 74.61, pTM-score = 0.7046, piTM-score = 0.0000, interface-score = 0.0000, iRes = 0    iCnt = 0   
Info: MYD88_O35379_x1 model_3_multimer_v2_p1_230306_418229_recycled_14,  tol =  1.62, pLDDT = 74.51, pTM-score = 0.7043, piTM-score = 0.0000, interface-score = 0.0000, iRes = 0    iCnt = 0   
Info: MYD88_O35379_x1 model_3_multimer_v2_p1_230306_418229_recycled_15,  tol =  1.79, pLDDT = 74.48, pTM-score = 0.7053, piTM-score = 0.0000, interface-score = 0.0000, iRes = 0    iCnt = 0   
Info: MYD88_O35379_x1 model_3_multimer_v2_p1_230306_418229_recycled_16,  tol =  0.93, pLDDT = 74.62, pTM-score = 0.7053, piTM-score = 0.0000, interface-score = 0.0000, iRes = 0    iCnt = 0   
Info: MYD88_O35379_x1 model_3_multimer_v2_p1_230306_418229_recycled_17,  tol =  2.60, pLDDT = 73.85, pTM-score = 0.7007, piTM-score = 0.0000, interface-score = 0.0000, iRes = 0    iCnt = 0   
Info: MYD88_O35379_x1 model_3_multimer_v2_p1_230306_418229_recycled_18,  tol =  1.18, pLDDT = 74.22, pTM-score = 0.7039, piTM-score = 0.0000, interface-score = 0.0000, iRes = 0    iCnt = 0   
Info: MYD88_O35379_x1 model_3_multimer_v2_p1_230306_418229_recycled_19,  tol =  1.09, pLDDT = 74.52, pTM-score = 0.7063, piTM-score = 0.0000, interface-score = 0.0000, iRes = 0    iCnt = 0   
Info: MYD88_O35379_x1 model_3_multimer_v2_p1_230306_418229 performed 20 recycles, final tol = 1.16, pLDDT = 74.20, pTM-score = 0.7031, piTM-score = 0.0000, interface-score = 0.0000, iRes = 0    iCnt = 0   
Info: num_clusters = 2, cluster_sizes = [1, 1],  clusters = [['MYD88_MOUSE_0'], ['O35379_0']]

I0306 20:46:22.641694 22986554685248 run_af2c_mod.py:404] Final timings for MYD88_O35379_x1: {'features': 2.64, 'process_features_model_3_multimer_v2_p1_230306_418229': 0.0, 'predict_and_compile_model_3_multimer_v2_p1_230306_418229': 5242.0}
                                  
================================= 
Global information about the job: 
================================= 
  
Job owner: flobnow(42847)
Job name:  3_AF2C
Node list: ravg1105
Job start: Mon Mar  6 19:18:29 CET 2023
Job end:   Mon Mar  6 20:46:25 CET 2023
Work dir:  /raven/u/flobnow/workingLama/scripts/myRuns/O35379
Command:   /raven/u/flobnow/workingLama/scripts/myRuns/O35379/script2_comp_model_3.sh
  
  
  
==========================================================================================
Information on jobsteps (Note: MaxRSS/AveRSS is the maximum/average over all 
tasks of the per-task memory high-water marks; cf. "man sacct"): 
==========================================================================================
  
JobID            JobName NNodes NTasks  NCPUS        0.00M        0.00M    Elapsed ExitCode
------------- ---------- ------ ------ ------ ------------ ------------ ---------- --------
4365623           3_AF2C      1           108                             01:27:56      0:0
4365623.0        python3      1      1    108    54152.82M    54152.82M   01:27:51      0:0
  
Maximum memory per node: 56.783352 GB (defined as MaxRSS*Ntasks/NNodes)
CPU utilization: 1.9 %
  
Info: input file name is O35379
Info: input target list is /u/flobnow/workingLama/scripts/myRuns/O35379/target.lst
Info: input feature directory is /u/flobnow/workingLama/feature_files
Info: result output directory is /u/flobnow/workingLama/output_files
Info: model preset is multimer_np
Info: msa pairing is all
Info: recycling setting is 1
Info: using preset super2
Info: set num_ensemble = 2
Info: set max_recyles = 20
Info: set recycle_tol = 0.1
Info: mas_pairing mode is all
I0306 19:28:11.592685 23166565246784 tpu_client.py:54] Starting the local TPU driver.
I0306 19:28:11.593049 23166565246784 xla_bridge.py:212] Unable to initialize backend 'tpu_driver': Not found: Unable to find driver in registry given worker: local://
I0306 19:28:11.969284 23166565246784 xla_bridge.py:212] Unable to initialize backend 'tpu': Invalid argument: TpuPlatform is not available.
I0306 19:28:14.727095 23166565246784 run_af2c_mod.py:481] Have 1 models: ['model_4_multimer_v2_p1']
Info: working on target MYD88_O35379_x1
I0306 19:28:22.734583 23166565246784 run_af2c_mod.py:512] Using random seed 1432367628943635008 for the data pipeline
Info: MYD88_O35379_x1 found monomer MYD88_MOUSE msa_depth = 3425, seq_len = 296, num_templ = 20
Info: MYD88_MOUSE reducing the number of structural templates to 4
Info: MYD88_O35379_x1 found monomer O35379 msa_depth = 95759, seq_len = 1528, num_templ = 20
Info: O35379 MSA size is too large, reducing to 10000
Info: O35379 reducing the number of structural templates to 4
Info: 2 chain(s) to model {'A': 'MYD88_MOUSE_1', 'B': 'O35379_1'}
Info: modeling MYD88_O35379_x1 with msa_depth = 6681, seq_len = 1824, num_templ = 8
I0306 19:28:25.362790 23166565246784 run_af2c_mod.py:216] Running model model_4_multimer_v2_p1_230306_635008
I0306 19:28:25.363272 23166565246784 model.py:205] Running predict with shape(feat) = {'msa': (6681, 1824), 'bert_mask': (6681, 1824), 'num_alignments': (), 'aatype': (1824,), 'seq_length': (), 'template_aatype': (8, 1824), 'template_all_atom_mask': (8, 1824, 37), 'template_all_atom_positions': (8, 1824, 37, 3), 'all_atom_positions': (1824, 37, 3), 'template_domain_names': (8,), 'asym_id': (1824,), 'sym_id': (1824,), 'entity_id': (1824,), 'residue_index': (1824,), 'deletion_matrix': (6681, 1824), 'seq_mask': (1824,), 'msa_mask': (6681, 1824), 'cluster_bias_mask': (6681,), 'pdb_residue_index': (1824,)}
I0306 20:55:46.375061 23166565246784 run_af2c_mod.py:270] Total JAX model model_4_multimer_v2_p1_230306_635008 predict time (includes compilation time): 5241.0 seconds
Info: MYD88_O35379_x1 model_4_multimer_v2_p1_230306_635008_recycled_00,  tol =   inf, pLDDT = 77.00, pTM-score = 0.6851, piTM-score = 0.0000, interface-score = 0.0000, iRes = 0    iCnt = 0   
Info: MYD88_O35379_x1 model_4_multimer_v2_p1_230306_635008_recycled_01,  tol = 81.70, pLDDT = 78.23, pTM-score = 0.6957, piTM-score = 0.0000, interface-score = 0.0000, iRes = 0    iCnt = 0   
Info: MYD88_O35379_x1 model_4_multimer_v2_p1_230306_635008_recycled_02,  tol =  8.80, pLDDT = 78.91, pTM-score = 0.7007, piTM-score = 0.0030, interface-score = 0.0000, iRes = 4    iCnt = 2   
Info: MYD88_O35379_x1 model_4_multimer_v2_p1_230306_635008_recycled_03,  tol =  7.25, pLDDT = 78.14, pTM-score = 0.6943, piTM-score = 0.0126, interface-score = 0.0000, iRes = 9    iCnt = 10  
Info: MYD88_O35379_x1 model_4_multimer_v2_p1_230306_635008_recycled_04,  tol =  3.98, pLDDT = 79.30, pTM-score = 0.7023, piTM-score = 0.0000, interface-score = 0.0000, iRes = 0    iCnt = 0   
Info: MYD88_O35379_x1 model_4_multimer_v2_p1_230306_635008_recycled_05,  tol =  2.53, pLDDT = 79.07, pTM-score = 0.7009, piTM-score = 0.0000, interface-score = 0.0000, iRes = 0    iCnt = 0   
Info: MYD88_O35379_x1 model_4_multimer_v2_p1_230306_635008_recycled_06,  tol =  1.51, pLDDT = 79.34, pTM-score = 0.7034, piTM-score = 0.0000, interface-score = 0.0000, iRes = 0    iCnt = 0   
Info: MYD88_O35379_x1 model_4_multimer_v2_p1_230306_635008_recycled_07,  tol =  1.70, pLDDT = 79.31, pTM-score = 0.7044, piTM-score = 0.0000, interface-score = 0.0000, iRes = 0    iCnt = 0   
Info: MYD88_O35379_x1 model_4_multimer_v2_p1_230306_635008_recycled_08,  tol =  2.17, pLDDT = 79.43, pTM-score = 0.7056, piTM-score = 0.0000, interface-score = 0.0000, iRes = 0    iCnt = 0   
Info: MYD88_O35379_x1 model_4_multimer_v2_p1_230306_635008_recycled_09,  tol =  1.83, pLDDT = 79.25, pTM-score = 0.7021, piTM-score = 0.0000, interface-score = 0.0000, iRes = 0    iCnt = 0   
Info: MYD88_O35379_x1 model_4_multimer_v2_p1_230306_635008_recycled_10,  tol =  1.20, pLDDT = 78.93, pTM-score = 0.6998, piTM-score = 0.0000, interface-score = 0.0000, iRes = 0    iCnt = 0   
Info: MYD88_O35379_x1 model_4_multimer_v2_p1_230306_635008_recycled_11,  tol =  1.76, pLDDT = 79.05, pTM-score = 0.7018, piTM-score = 0.0000, interface-score = 0.0000, iRes = 0    iCnt = 0   
Info: MYD88_O35379_x1 model_4_multimer_v2_p1_230306_635008_recycled_12,  tol =  2.56, pLDDT = 79.37, pTM-score = 0.7042, piTM-score = 0.0000, interface-score = 0.0000, iRes = 0    iCnt = 0   
Info: MYD88_O35379_x1 model_4_multimer_v2_p1_230306_635008_recycled_13,  tol =  2.57, pLDDT = 79.56, pTM-score = 0.7046, piTM-score = 0.0000, interface-score = 0.0000, iRes = 0    iCnt = 0   
Info: MYD88_O35379_x1 model_4_multimer_v2_p1_230306_635008_recycled_14,  tol =  1.31, pLDDT = 79.12, pTM-score = 0.7030, piTM-score = 0.0000, interface-score = 0.0000, iRes = 0    iCnt = 0   
Info: MYD88_O35379_x1 model_4_multimer_v2_p1_230306_635008_recycled_15,  tol =  1.72, pLDDT = 79.42, pTM-score = 0.7051, piTM-score = 0.0000, interface-score = 0.0000, iRes = 0    iCnt = 0   
Info: MYD88_O35379_x1 model_4_multimer_v2_p1_230306_635008_recycled_16,  tol =  2.90, pLDDT = 79.33, pTM-score = 0.7044, piTM-score = 0.0000, interface-score = 0.0000, iRes = 0    iCnt = 0   
Info: MYD88_O35379_x1 model_4_multimer_v2_p1_230306_635008_recycled_17,  tol =  1.67, pLDDT = 79.46, pTM-score = 0.7051, piTM-score = 0.0000, interface-score = 0.0000, iRes = 0    iCnt = 0   
Info: MYD88_O35379_x1 model_4_multimer_v2_p1_230306_635008_recycled_18,  tol =  1.97, pLDDT = 79.29, pTM-score = 0.7040, piTM-score = 0.0000, interface-score = 0.0000, iRes = 0    iCnt = 0   
Info: MYD88_O35379_x1 model_4_multimer_v2_p1_230306_635008_recycled_19,  tol =  2.86, pLDDT = 79.35, pTM-score = 0.7033, piTM-score = 0.0000, interface-score = 0.0000, iRes = 0    iCnt = 0   
Info: MYD88_O35379_x1 model_4_multimer_v2_p1_230306_635008 performed 20 recycles, final tol = 1.83, pLDDT = 79.18, pTM-score = 0.7034, piTM-score = 0.0000, interface-score = 0.0000, iRes = 0    iCnt = 0   
Info: num_clusters = 2, cluster_sizes = [1, 1],  clusters = [['MYD88_MOUSE_0'], ['O35379_0']]

I0306 20:55:53.800095 23166565246784 run_af2c_mod.py:404] Final timings for MYD88_O35379_x1: {'features': 2.63, 'process_features_model_4_multimer_v2_p1_230306_635008': 0.0, 'predict_and_compile_model_4_multimer_v2_p1_230306_635008': 5241.0}
                                  
================================= 
Global information about the job: 
================================= 
  
Job owner: flobnow(42847)
Job name:  4_AF2C
Node list: ravg1096
Job start: Mon Mar  6 19:28:01 CET 2023
Job end:   Mon Mar  6 20:55:57 CET 2023
Work dir:  /raven/u/flobnow/workingLama/scripts/myRuns/O35379
Command:   /raven/u/flobnow/workingLama/scripts/myRuns/O35379/script2_comp_model_4.sh
  
  
  
==========================================================================================
Information on jobsteps (Note: MaxRSS/AveRSS is the maximum/average over all 
tasks of the per-task memory high-water marks; cf. "man sacct"): 
==========================================================================================
  
JobID            JobName NNodes NTasks  NCPUS        0.00M        0.00M    Elapsed ExitCode
------------- ---------- ------ ------ ------ ------------ ------------ ---------- --------
4365625           4_AF2C      1           108                             01:27:56      0:0
4365625.0        python3      1      1    108    54095.19M    54095.19M   01:27:54      0:0
  
Maximum memory per node: 56.722919 GB (defined as MaxRSS*Ntasks/NNodes)
CPU utilization: 1.9 %
  
Info: input file name is O35379
Info: input target list is /u/flobnow/workingLama/scripts/myRuns/O35379/target.lst
Info: input feature directory is /u/flobnow/workingLama/feature_files
Info: result output directory is /u/flobnow/workingLama/output_files
Info: model preset is multimer_np
Info: msa pairing is all
Info: recycling setting is 1
Info: using preset super2
Info: set num_ensemble = 2
Info: set max_recyles = 20
Info: set recycle_tol = 0.1
Info: mas_pairing mode is all
I0306 22:33:12.460862 22654009616192 tpu_client.py:54] Starting the local TPU driver.
I0306 22:33:12.461236 22654009616192 xla_bridge.py:212] Unable to initialize backend 'tpu_driver': Not found: Unable to find driver in registry given worker: local://
I0306 22:33:12.893675 22654009616192 xla_bridge.py:212] Unable to initialize backend 'tpu': Invalid argument: TpuPlatform is not available.
I0306 22:33:15.787078 22654009616192 run_af2c_mod.py:481] Have 1 models: ['model_5_multimer_v2_p1']
Info: working on target MYD88_O35379_x1
I0306 22:33:18.790300 22654009616192 run_af2c_mod.py:512] Using random seed 6337095368035933618 for the data pipeline
Info: MYD88_O35379_x1 found monomer MYD88_MOUSE msa_depth = 3425, seq_len = 296, num_templ = 20
Info: MYD88_MOUSE reducing the number of structural templates to 4
Info: MYD88_O35379_x1 found monomer O35379 msa_depth = 95759, seq_len = 1528, num_templ = 20
Info: O35379 MSA size is too large, reducing to 10000
Info: O35379 reducing the number of structural templates to 4
Info: 2 chain(s) to model {'A': 'MYD88_MOUSE_1', 'B': 'O35379_1'}
Info: modeling MYD88_O35379_x1 with msa_depth = 6681, seq_len = 1824, num_templ = 8
I0306 22:33:21.563704 22654009616192 run_af2c_mod.py:216] Running model model_5_multimer_v2_p1_230306_933618
I0306 22:33:21.564199 22654009616192 model.py:205] Running predict with shape(feat) = {'msa': (6681, 1824), 'bert_mask': (6681, 1824), 'num_alignments': (), 'aatype': (1824,), 'seq_length': (), 'template_aatype': (8, 1824), 'template_all_atom_mask': (8, 1824, 37), 'template_all_atom_positions': (8, 1824, 37, 3), 'all_atom_positions': (1824, 37, 3), 'template_domain_names': (8,), 'asym_id': (1824,), 'sym_id': (1824,), 'entity_id': (1824,), 'residue_index': (1824,), 'deletion_matrix': (6681, 1824), 'seq_mask': (1824,), 'msa_mask': (6681, 1824), 'cluster_bias_mask': (6681,), 'pdb_residue_index': (1824,)}
I0307 00:00:50.810184 22654009616192 run_af2c_mod.py:270] Total JAX model model_5_multimer_v2_p1_230306_933618 predict time (includes compilation time): 5249.2 seconds
Info: MYD88_O35379_x1 model_5_multimer_v2_p1_230306_933618_recycled_00,  tol =   inf, pLDDT = 73.00, pTM-score = 0.6814, piTM-score = 0.0000, interface-score = 0.0000, iRes = 0    iCnt = 0   
Info: MYD88_O35379_x1 model_5_multimer_v2_p1_230306_933618_recycled_01,  tol = 74.02, pLDDT = 74.03, pTM-score = 0.6831, piTM-score = 0.0000, interface-score = 0.0000, iRes = 0    iCnt = 0   
Info: MYD88_O35379_x1 model_5_multimer_v2_p1_230306_933618_recycled_02,  tol =  7.91, pLDDT = 73.34, pTM-score = 0.6784, piTM-score = 0.0000, interface-score = 0.0000, iRes = 0    iCnt = 0   
Info: MYD88_O35379_x1 model_5_multimer_v2_p1_230306_933618_recycled_03,  tol =  3.07, pLDDT = 73.61, pTM-score = 0.6786, piTM-score = 0.0000, interface-score = 0.0000, iRes = 0    iCnt = 0   
Info: MYD88_O35379_x1 model_5_multimer_v2_p1_230306_933618_recycled_04,  tol =  2.77, pLDDT = 73.64, pTM-score = 0.6767, piTM-score = 0.0000, interface-score = 0.0000, iRes = 0    iCnt = 0   
Info: MYD88_O35379_x1 model_5_multimer_v2_p1_230306_933618_recycled_05,  tol =  4.50, pLDDT = 73.56, pTM-score = 0.6785, piTM-score = 0.0000, interface-score = 0.0000, iRes = 0    iCnt = 0   
Info: MYD88_O35379_x1 model_5_multimer_v2_p1_230306_933618_recycled_06,  tol =  4.12, pLDDT = 73.81, pTM-score = 0.6817, piTM-score = 0.0000, interface-score = 0.0000, iRes = 0    iCnt = 0   
Info: MYD88_O35379_x1 model_5_multimer_v2_p1_230306_933618_recycled_07,  tol =  2.85, pLDDT = 73.60, pTM-score = 0.6813, piTM-score = 0.0000, interface-score = 0.0000, iRes = 0    iCnt = 0   
Info: MYD88_O35379_x1 model_5_multimer_v2_p1_230306_933618_recycled_08,  tol =  1.99, pLDDT = 73.70, pTM-score = 0.6801, piTM-score = 0.0000, interface-score = 0.0000, iRes = 0    iCnt = 0   
Info: MYD88_O35379_x1 model_5_multimer_v2_p1_230306_933618_recycled_09,  tol =  2.18, pLDDT = 74.05, pTM-score = 0.6835, piTM-score = 0.0000, interface-score = 0.0000, iRes = 0    iCnt = 0   
Info: MYD88_O35379_x1 model_5_multimer_v2_p1_230306_933618_recycled_10,  tol =  5.46, pLDDT = 73.53, pTM-score = 0.6825, piTM-score = 0.0000, interface-score = 0.0000, iRes = 0    iCnt = 0   
Info: MYD88_O35379_x1 model_5_multimer_v2_p1_230306_933618_recycled_11,  tol =  3.89, pLDDT = 74.08, pTM-score = 0.6872, piTM-score = 0.0000, interface-score = 0.0000, iRes = 0    iCnt = 0   
Info: MYD88_O35379_x1 model_5_multimer_v2_p1_230306_933618_recycled_12,  tol =  2.53, pLDDT = 74.39, pTM-score = 0.6880, piTM-score = 0.0000, interface-score = 0.0000, iRes = 0    iCnt = 0   
Info: MYD88_O35379_x1 model_5_multimer_v2_p1_230306_933618_recycled_13,  tol =  2.51, pLDDT = 74.61, pTM-score = 0.6909, piTM-score = 0.0000, interface-score = 0.0000, iRes = 0    iCnt = 0   
Info: MYD88_O35379_x1 model_5_multimer_v2_p1_230306_933618_recycled_14,  tol =  2.19, pLDDT = 74.17, pTM-score = 0.6885, piTM-score = 0.0000, interface-score = 0.0000, iRes = 0    iCnt = 0   
Info: MYD88_O35379_x1 model_5_multimer_v2_p1_230306_933618_recycled_15,  tol =  2.88, pLDDT = 74.22, pTM-score = 0.6904, piTM-score = 0.0000, interface-score = 0.0000, iRes = 0    iCnt = 0   
Info: MYD88_O35379_x1 model_5_multimer_v2_p1_230306_933618_recycled_16,  tol =  3.58, pLDDT = 74.02, pTM-score = 0.6877, piTM-score = 0.0000, interface-score = 0.0000, iRes = 0    iCnt = 0   
Info: MYD88_O35379_x1 model_5_multimer_v2_p1_230306_933618_recycled_17,  tol =  2.13, pLDDT = 73.72, pTM-score = 0.6866, piTM-score = 0.0000, interface-score = 0.0000, iRes = 0    iCnt = 0   
Info: MYD88_O35379_x1 model_5_multimer_v2_p1_230306_933618_recycled_18,  tol =  3.56, pLDDT = 73.83, pTM-score = 0.6872, piTM-score = 0.0000, interface-score = 0.0000, iRes = 0    iCnt = 0   
Info: MYD88_O35379_x1 model_5_multimer_v2_p1_230306_933618_recycled_19,  tol =  4.34, pLDDT = 74.38, pTM-score = 0.6935, piTM-score = 0.0000, interface-score = 0.0000, iRes = 0    iCnt = 0   
Info: MYD88_O35379_x1 model_5_multimer_v2_p1_230306_933618 performed 20 recycles, final tol = 1.42, pLDDT = 73.83, pTM-score = 0.6882, piTM-score = 0.0000, interface-score = 0.0000, iRes = 0    iCnt = 0   
Info: num_clusters = 2, cluster_sizes = [1, 1],  clusters = [['MYD88_MOUSE_0'], ['O35379_0']]

I0307 00:00:58.253301 22654009616192 run_af2c_mod.py:404] Final timings for MYD88_O35379_x1: {'features': 2.77, 'process_features_model_5_multimer_v2_p1_230306_933618': 0.0, 'predict_and_compile_model_5_multimer_v2_p1_230306_933618': 5249.2}
                                  
================================= 
Global information about the job: 
================================= 
  
Job owner: flobnow(42847)
Job name:  5_AF2C
Node list: ravg1053
Job start: Mon Mar  6 22:33:04 CET 2023
Job end:   Tue Mar  7 00:01:01 CET 2023
Work dir:  /raven/u/flobnow/workingLama/scripts/myRuns/O35379
Command:   /raven/u/flobnow/workingLama/scripts/myRuns/O35379/script2_comp_model_5.sh
  
  
  
==========================================================================================
Information on jobsteps (Note: MaxRSS/AveRSS is the maximum/average over all 
tasks of the per-task memory high-water marks; cf. "man sacct"): 
==========================================================================================
  
JobID            JobName NNodes NTasks  NCPUS        0.00M        0.00M    Elapsed ExitCode
------------- ---------- ------ ------ ------ ------------ ------------ ---------- --------
4365681           5_AF2C      1           108                             01:27:57      0:0
4365681.0        python3      1      1    108    54058.13M    54058.13M   01:27:55      0:0
  
Maximum memory per node: 56.684057 GB (defined as MaxRSS*Ntasks/NNodes)
CPU utilization: 1.9 %
  
Info: target file is /u/flobnow/workingLama/scripts/myRuns/O35379/target.lst
Info: input directory of unrelaxed models is /u/flobnow/workingLama/output_files
Info: output directory of relaxed models is /u/flobnow/workingLama/output_files
/bin/sh: /mpcdf/soft/SLE_15/packages/x86_64/alphafold/2.2.0/lib/libtinfo.so.6: no version information available (required by /lib64/libreadline.so.7)
I0307 17:10:12.932118 23113644255040 run_af2c_min.py:88] MYD88_O35379_x1 processing model_4_multimer_v2_p1_230306_635008.pdb
sh: /mpcdf/soft/SLE_15/packages/x86_64/alphafold/2.2.0/lib/libtinfo.so.6: no version information available (required by /lib64/libreadline.so.7)
sh: /mpcdf/soft/SLE_15/packages/x86_64/alphafold/2.2.0/lib/libtinfo.so.6: no version information available (required by /lib64/libreadline.so.7)
I0307 17:10:49.402721 23113644255040 amber_minimize.py:177] alterations info: {'nonstandard_residues': [], 'removed_heterogens': set(), 'missing_residues': {}, 'missing_heavy_atoms': {}, 'missing_terminals': {<Residue 295 (PRO) of chain 0>: ['OXT'], <Residue 1823 (VAL) of chain 1>: ['OXT']}, 'Se_in_MET': [], 'removed_chains': {0: []}}
I0307 17:10:52.282278 23113644255040 amber_minimize.py:408] Minimizing protein, attempt 1 of 100.
I0307 17:10:55.221949 23113644255040 amber_minimize.py:69] Restraining 14426 / 29043 particles.
srun: Job step aborted: Waiting up to 32 seconds for job step to finish.
slurmstepd: error: *** STEP 4374401.0 ON ravg1103 CANCELLED AT 2023-03-07T17:11:09 ***
slurmstepd: error: *** JOB 4374401 ON ravg1103 CANCELLED AT 2023-03-07T17:11:09 ***
                                  
================================= 
Global information about the job: 
================================= 
  
Job owner: flobnow(42847)
Job name:  6_RLX
Node list: ravg1103
Job start: Tue Mar  7 17:09:45 CET 2023
Job end:   Tue Mar  7 17:11:09 CET 2023
Work dir:  /raven/u/flobnow/workingLama/scripts/myRuns/O35379
Command:   /raven/u/flobnow/workingLama/scripts/myRuns/O35379/script3_relaxation.sh
  
  
  
==========================================================================================
Information on jobsteps (Note: MaxRSS/AveRSS is the maximum/average over all 
tasks of the per-task memory high-water marks; cf. "man sacct"): 
==========================================================================================
  
JobID            JobName NNodes NTasks  NCPUS        0.00M        0.00M    Elapsed ExitCode
------------- ---------- ------ ------ ------ ------------ ------------ ---------- --------
4374401            6_RLX      1           108                             00:01:24      0:0
4374401.0        python3      1      1    108      417.33M      417.33M   00:01:19     0:15
  
Maximum memory per node: 0.437604 GB (defined as MaxRSS*Ntasks/NNodes)
CPU utilization: 1.7 %
  
Info: target file is /u/flobnow/workingLama/scripts/myRuns/O35379/target.lst
Info: input directory of unrelaxed models is /u/flobnow/workingLama/output_files
Info: output directory of relaxed models is /u/flobnow/workingLama/output_files
/bin/sh: /mpcdf/soft/SLE_15/packages/x86_64/alphafold/2.2.0/lib/libtinfo.so.6: no version information available (required by /lib64/libreadline.so.7)
I0307 18:56:35.266084 23143452952384 run_af2c_min.py:88] MYD88_O35379_x1 processing model_4_multimer_v2_p1_230306_635008.pdb
sh: /mpcdf/soft/SLE_15/packages/x86_64/alphafold/2.2.0/lib/libtinfo.so.6: no version information available (required by /lib64/libreadline.so.7)
sh: /mpcdf/soft/SLE_15/packages/x86_64/alphafold/2.2.0/lib/libtinfo.so.6: no version information available (required by /lib64/libreadline.so.7)
I0307 18:57:10.155654 23143452952384 amber_minimize.py:177] alterations info: {'nonstandard_residues': [], 'removed_heterogens': set(), 'missing_residues': {}, 'missing_heavy_atoms': {}, 'missing_terminals': {<Residue 295 (PRO) of chain 0>: ['OXT'], <Residue 1823 (VAL) of chain 1>: ['OXT']}, 'Se_in_MET': [], 'removed_chains': {0: []}}
I0307 18:57:12.994902 23143452952384 amber_minimize.py:408] Minimizing protein, attempt 1 of 100.
I0307 18:57:15.949478 23143452952384 amber_minimize.py:69] Restraining 14426 / 29043 particles.
sh: /mpcdf/soft/SLE_15/packages/x86_64/alphafold/2.2.0/lib/libtinfo.so.6: no version information available (required by /lib64/libreadline.so.7)
I0307 19:04:20.155294 23143452952384 amber_minimize.py:177] alterations info: {'nonstandard_residues': [], 'removed_heterogens': set(), 'missing_residues': {}, 'missing_heavy_atoms': {}, 'missing_terminals': {}, 'Se_in_MET': [], 'removed_chains': {0: []}}
I0307 19:04:23.166429 23143452952384 tpu_client.py:54] Starting the local TPU driver.
I0307 19:04:23.286986 23143452952384 xla_bridge.py:212] Unable to initialize backend 'tpu_driver': Not found: Unable to find driver in registry given worker: local://
I0307 19:04:23.514610 23143452952384 xla_bridge.py:212] Unable to initialize backend 'tpu': Invalid argument: TpuPlatform is not available.
I0307 19:04:47.062538 23143452952384 amber_minimize.py:500] Iteration completed: Einit 26619895.95 Efinal -35343.69 Time 395.79 s num residue violations 0 num residue exclusions 0 
sh: /mpcdf/soft/SLE_15/packages/x86_64/alphafold/2.2.0/lib/libtinfo.so.6: no version information available (required by /lib64/libreadline.so.7)
sh: /mpcdf/soft/SLE_15/packages/x86_64/alphafold/2.2.0/lib/libtinfo.so.6: no version information available (required by /lib64/libreadline.so.7)
I0307 19:05:18.901696 23143452952384 amber_minimize.py:177] alterations info: {'nonstandard_residues': [], 'removed_heterogens': set(), 'missing_residues': {}, 'missing_heavy_atoms': {}, 'missing_terminals': {<Residue 295 (PRO) of chain 0>: ['OXT'], <Residue 1823 (VAL) of chain 1>: ['OXT']}, 'Se_in_MET': [], 'removed_chains': {0: []}}
I0307 19:05:24.915697 23143452952384 run_af2c_min.py:110] MYD88_O35379_x1 relaxation done, time spent 528.8 seconds, Efinal -35343.69, rmsd 0.50
I0307 19:05:24.915954 23143452952384 run_af2c_min.py:88] MYD88_O35379_x1 processing model_5_multimer_v2_p1_230306_933618.pdb
sh: /mpcdf/soft/SLE_15/packages/x86_64/alphafold/2.2.0/lib/libtinfo.so.6: no version information available (required by /lib64/libreadline.so.7)
sh: /mpcdf/soft/SLE_15/packages/x86_64/alphafold/2.2.0/lib/libtinfo.so.6: no version information available (required by /lib64/libreadline.so.7)
I0307 19:05:56.591367 23143452952384 amber_minimize.py:177] alterations info: {'nonstandard_residues': [], 'removed_heterogens': set(), 'missing_residues': {}, 'missing_heavy_atoms': {}, 'missing_terminals': {<Residue 295 (PRO) of chain 0>: ['OXT'], <Residue 1823 (VAL) of chain 1>: ['OXT']}, 'Se_in_MET': [], 'removed_chains': {0: []}}
I0307 19:05:59.539874 23143452952384 amber_minimize.py:408] Minimizing protein, attempt 1 of 100.
I0307 19:06:02.412894 23143452952384 amber_minimize.py:69] Restraining 14426 / 29043 particles.
sh: /mpcdf/soft/SLE_15/packages/x86_64/alphafold/2.2.0/lib/libtinfo.so.6: no version information available (required by /lib64/libreadline.so.7)
I0307 19:12:56.765237 23143452952384 amber_minimize.py:177] alterations info: {'nonstandard_residues': [], 'removed_heterogens': set(), 'missing_residues': {}, 'missing_heavy_atoms': {}, 'missing_terminals': {}, 'Se_in_MET': [], 'removed_chains': {0: []}}
I0307 19:13:10.810031 23143452952384 amber_minimize.py:500] Iteration completed: Einit 2452137.74 Efinal -32684.66 Time 387.46 s num residue violations 7 num residue exclusions 0 
I0307 19:13:10.810885 23143452952384 amber_minimize.py:408] Minimizing protein, attempt 1 of 100.
I0307 19:13:13.691095 23143452952384 amber_minimize.py:69] Restraining 14378 / 29043 particles.
sh: /mpcdf/soft/SLE_15/packages/x86_64/alphafold/2.2.0/lib/libtinfo.so.6: no version information available (required by /lib64/libreadline.so.7)
I0307 19:19:12.136162 23143452952384 amber_minimize.py:177] alterations info: {'nonstandard_residues': [], 'removed_heterogens': set(), 'missing_residues': {}, 'missing_heavy_atoms': {}, 'missing_terminals': {}, 'Se_in_MET': [], 'removed_chains': {0: []}}
I0307 19:19:26.160667 23143452952384 amber_minimize.py:500] Iteration completed: Einit 64988.98 Efinal -38286.73 Time 331.27 s num residue violations 5 num residue exclusions 7 
I0307 19:19:26.161587 23143452952384 amber_minimize.py:408] Minimizing protein, attempt 1 of 100.
I0307 19:19:29.031470 23143452952384 amber_minimize.py:69] Restraining 14378 / 29043 particles.
sh: /mpcdf/soft/SLE_15/packages/x86_64/alphafold/2.2.0/lib/libtinfo.so.6: no version information available (required by /lib64/libreadline.so.7)
I0307 19:25:24.919414 23143452952384 amber_minimize.py:177] alterations info: {'nonstandard_residues': [], 'removed_heterogens': set(), 'missing_residues': {}, 'missing_heavy_atoms': {}, 'missing_terminals': {}, 'Se_in_MET': [], 'removed_chains': {0: []}}
I0307 19:25:38.973465 23143452952384 amber_minimize.py:500] Iteration completed: Einit 53739.82 Efinal -40155.45 Time 328.39 s num residue violations 3 num residue exclusions 7 
sh: /mpcdf/soft/SLE_15/packages/x86_64/alphafold/2.2.0/lib/libtinfo.so.6: no version information available (required by /lib64/libreadline.so.7)
sh: /mpcdf/soft/SLE_15/packages/x86_64/alphafold/2.2.0/lib/libtinfo.so.6: no version information available (required by /lib64/libreadline.so.7)
I0307 19:26:10.377892 23143452952384 amber_minimize.py:177] alterations info: {'nonstandard_residues': [], 'removed_heterogens': set(), 'missing_residues': {}, 'missing_heavy_atoms': {}, 'missing_terminals': {<Residue 295 (PRO) of chain 0>: ['OXT'], <Residue 1823 (VAL) of chain 1>: ['OXT']}, 'Se_in_MET': [], 'removed_chains': {0: []}}
I0307 19:26:16.461038 23143452952384 run_af2c_min.py:110] MYD88_O35379_x1 relaxation done, time spent 1250.6 seconds, Efinal -40155.45, rmsd 0.39
I0307 19:26:16.461172 23143452952384 run_af2c_min.py:88] MYD88_O35379_x1 processing model_3_multimer_v2_p1_230306_418229.pdb
sh: /mpcdf/soft/SLE_15/packages/x86_64/alphafold/2.2.0/lib/libtinfo.so.6: no version information available (required by /lib64/libreadline.so.7)
sh: /mpcdf/soft/SLE_15/packages/x86_64/alphafold/2.2.0/lib/libtinfo.so.6: no version information available (required by /lib64/libreadline.so.7)
I0307 19:26:49.145268 23143452952384 amber_minimize.py:177] alterations info: {'nonstandard_residues': [], 'removed_heterogens': set(), 'missing_residues': {}, 'missing_heavy_atoms': {}, 'missing_terminals': {<Residue 295 (PRO) of chain 0>: ['OXT'], <Residue 1823 (VAL) of chain 1>: ['OXT']}, 'Se_in_MET': [], 'removed_chains': {0: []}}
I0307 19:26:52.159556 23143452952384 amber_minimize.py:408] Minimizing protein, attempt 1 of 100.
I0307 19:26:55.073829 23143452952384 amber_minimize.py:69] Restraining 14426 / 29043 particles.
sh: /mpcdf/soft/SLE_15/packages/x86_64/alphafold/2.2.0/lib/libtinfo.so.6: no version information available (required by /lib64/libreadline.so.7)
I0307 19:34:21.691466 23143452952384 amber_minimize.py:177] alterations info: {'nonstandard_residues': [], 'removed_heterogens': set(), 'missing_residues': {}, 'missing_heavy_atoms': {}, 'missing_terminals': {}, 'Se_in_MET': [], 'removed_chains': {0: []}}
I0307 19:34:35.698009 23143452952384 amber_minimize.py:500] Iteration completed: Einit 14909625845.11 Efinal -35400.94 Time 418.11 s num residue violations 0 num residue exclusions 0 
sh: /mpcdf/soft/SLE_15/packages/x86_64/alphafold/2.2.0/lib/libtinfo.so.6: no version information available (required by /lib64/libreadline.so.7)
sh: /mpcdf/soft/SLE_15/packages/x86_64/alphafold/2.2.0/lib/libtinfo.so.6: no version information available (required by /lib64/libreadline.so.7)
I0307 19:35:08.331568 23143452952384 amber_minimize.py:177] alterations info: {'nonstandard_residues': [], 'removed_heterogens': set(), 'missing_residues': {}, 'missing_heavy_atoms': {}, 'missing_terminals': {<Residue 295 (PRO) of chain 0>: ['OXT'], <Residue 1823 (VAL) of chain 1>: ['OXT']}, 'Se_in_MET': [], 'removed_chains': {0: []}}
I0307 19:35:14.367802 23143452952384 run_af2c_min.py:110] MYD88_O35379_x1 relaxation done, time spent 537.0 seconds, Efinal -35400.94, rmsd 0.45
I0307 19:35:14.367942 23143452952384 run_af2c_min.py:88] MYD88_O35379_x1 processing model_1_multimer_v2_p1_230306_843353.pdb
sh: /mpcdf/soft/SLE_15/packages/x86_64/alphafold/2.2.0/lib/libtinfo.so.6: no version information available (required by /lib64/libreadline.so.7)
sh: /mpcdf/soft/SLE_15/packages/x86_64/alphafold/2.2.0/lib/libtinfo.so.6: no version information available (required by /lib64/libreadline.so.7)
I0307 19:35:46.847032 23143452952384 amber_minimize.py:177] alterations info: {'nonstandard_residues': [], 'removed_heterogens': set(), 'missing_residues': {}, 'missing_heavy_atoms': {}, 'missing_terminals': {<Residue 295 (PRO) of chain 0>: ['OXT'], <Residue 1823 (VAL) of chain 1>: ['OXT']}, 'Se_in_MET': [], 'removed_chains': {0: []}}
I0307 19:35:49.855762 23143452952384 amber_minimize.py:408] Minimizing protein, attempt 1 of 100.
I0307 19:35:52.731708 23143452952384 amber_minimize.py:69] Restraining 14426 / 29043 particles.
sh: /mpcdf/soft/SLE_15/packages/x86_64/alphafold/2.2.0/lib/libtinfo.so.6: no version information available (required by /lib64/libreadline.so.7)
I0307 19:43:12.125769 23143452952384 amber_minimize.py:177] alterations info: {'nonstandard_residues': [], 'removed_heterogens': set(), 'missing_residues': {}, 'missing_heavy_atoms': {}, 'missing_terminals': {}, 'Se_in_MET': [], 'removed_chains': {0: []}}
I0307 19:43:26.111366 23143452952384 amber_minimize.py:500] Iteration completed: Einit 10854242.12 Efinal -34343.87 Time 412.05 s num residue violations 2 num residue exclusions 0 
I0307 19:43:26.112201 23143452952384 amber_minimize.py:408] Minimizing protein, attempt 1 of 100.
I0307 19:43:29.053879 23143452952384 amber_minimize.py:69] Restraining 14411 / 29043 particles.
sh: /mpcdf/soft/SLE_15/packages/x86_64/alphafold/2.2.0/lib/libtinfo.so.6: no version information available (required by /lib64/libreadline.so.7)
I0307 19:49:17.967912 23143452952384 amber_minimize.py:177] alterations info: {'nonstandard_residues': [], 'removed_heterogens': set(), 'missing_residues': {}, 'missing_heavy_atoms': {}, 'missing_terminals': {}, 'Se_in_MET': [], 'removed_chains': {0: []}}
I0307 19:49:31.872769 23143452952384 amber_minimize.py:500] Iteration completed: Einit 68659.09 Efinal -38843.14 Time 321.48 s num residue violations 2 num residue exclusions 2 
I0307 19:49:31.873623 23143452952384 amber_minimize.py:408] Minimizing protein, attempt 1 of 100.
I0307 19:49:34.724125 23143452952384 amber_minimize.py:69] Restraining 14411 / 29043 particles.
sh: /mpcdf/soft/SLE_15/packages/x86_64/alphafold/2.2.0/lib/libtinfo.so.6: no version information available (required by /lib64/libreadline.so.7)
I0307 19:55:15.179696 23143452952384 amber_minimize.py:177] alterations info: {'nonstandard_residues': [], 'removed_heterogens': set(), 'missing_residues': {}, 'missing_heavy_atoms': {}, 'missing_terminals': {}, 'Se_in_MET': [], 'removed_chains': {0: []}}
I0307 19:55:29.056750 23143452952384 amber_minimize.py:500] Iteration completed: Einit 62569.54 Efinal -40585.38 Time 313.29 s num residue violations 2 num residue exclusions 2 
sh: /mpcdf/soft/SLE_15/packages/x86_64/alphafold/2.2.0/lib/libtinfo.so.6: no version information available (required by /lib64/libreadline.so.7)
sh: /mpcdf/soft/SLE_15/packages/x86_64/alphafold/2.2.0/lib/libtinfo.so.6: no version information available (required by /lib64/libreadline.so.7)
I0307 19:56:01.064226 23143452952384 amber_minimize.py:177] alterations info: {'nonstandard_residues': [], 'removed_heterogens': set(), 'missing_residues': {}, 'missing_heavy_atoms': {}, 'missing_terminals': {<Residue 295 (PRO) of chain 0>: ['OXT'], <Residue 1823 (VAL) of chain 1>: ['OXT']}, 'Se_in_MET': [], 'removed_chains': {0: []}}
I0307 19:56:07.121992 23143452952384 run_af2c_min.py:110] MYD88_O35379_x1 relaxation done, time spent 1251.8 seconds, Efinal -40585.38, rmsd 0.40
I0307 19:56:07.122134 23143452952384 run_af2c_min.py:88] MYD88_O35379_x1 processing model_2_multimer_v2_p1_230306_251879.pdb
sh: /mpcdf/soft/SLE_15/packages/x86_64/alphafold/2.2.0/lib/libtinfo.so.6: no version information available (required by /lib64/libreadline.so.7)
sh: /mpcdf/soft/SLE_15/packages/x86_64/alphafold/2.2.0/lib/libtinfo.so.6: no version information available (required by /lib64/libreadline.so.7)
I0307 19:56:39.459725 23143452952384 amber_minimize.py:177] alterations info: {'nonstandard_residues': [], 'removed_heterogens': set(), 'missing_residues': {}, 'missing_heavy_atoms': {}, 'missing_terminals': {<Residue 295 (PRO) of chain 0>: ['OXT'], <Residue 1823 (VAL) of chain 1>: ['OXT']}, 'Se_in_MET': [], 'removed_chains': {0: []}}
I0307 19:56:42.385968 23143452952384 amber_minimize.py:408] Minimizing protein, attempt 1 of 100.
I0307 19:56:45.298669 23143452952384 amber_minimize.py:69] Restraining 14426 / 29043 particles.
sh: /mpcdf/soft/SLE_15/packages/x86_64/alphafold/2.2.0/lib/libtinfo.so.6: no version information available (required by /lib64/libreadline.so.7)
I0307 20:04:12.159878 23143452952384 amber_minimize.py:177] alterations info: {'nonstandard_residues': [], 'removed_heterogens': set(), 'missing_residues': {}, 'missing_heavy_atoms': {}, 'missing_terminals': {}, 'Se_in_MET': [], 'removed_chains': {0: []}}
I0307 20:04:26.181069 23143452952384 amber_minimize.py:500] Iteration completed: Einit 74841614.19 Efinal -33520.61 Time 417.99 s num residue violations 0 num residue exclusions 0 
sh: /mpcdf/soft/SLE_15/packages/x86_64/alphafold/2.2.0/lib/libtinfo.so.6: no version information available (required by /lib64/libreadline.so.7)
sh: /mpcdf/soft/SLE_15/packages/x86_64/alphafold/2.2.0/lib/libtinfo.so.6: no version information available (required by /lib64/libreadline.so.7)
I0307 20:04:58.902489 23143452952384 amber_minimize.py:177] alterations info: {'nonstandard_residues': [], 'removed_heterogens': set(), 'missing_residues': {}, 'missing_heavy_atoms': {}, 'missing_terminals': {<Residue 295 (PRO) of chain 0>: ['OXT'], <Residue 1823 (VAL) of chain 1>: ['OXT']}, 'Se_in_MET': [], 'removed_chains': {0: []}}
I0307 20:05:05.010898 23143452952384 run_af2c_min.py:110] MYD88_O35379_x1 relaxation done, time spent 536.9 seconds, Efinal -33520.61, rmsd 0.69
                                  
================================= 
Global information about the job: 
================================= 
  
Job owner: flobnow(42847)
Job name:  6_RLX
Node list: ravg1103
Job start: Tue Mar  7 18:56:25 CET 2023
Job end:   Tue Mar  7 20:05:08 CET 2023
Work dir:  /raven/u/flobnow/workingLama/scripts/myRuns/O35379
Command:   /raven/u/flobnow/workingLama/scripts/myRuns/O35379/script3_relaxation.sh
  
  
  
==========================================================================================
Information on jobsteps (Note: MaxRSS/AveRSS is the maximum/average over all 
tasks of the per-task memory high-water marks; cf. "man sacct"): 
==========================================================================================
  
JobID            JobName NNodes NTasks  NCPUS        0.00M        0.00M    Elapsed ExitCode
------------- ---------- ------ ------ ------ ------------ ------------ ---------- --------
4375130            6_RLX      1           108                             01:08:43      0:0
4375130.0        python3      1      1    108    30787.61M    30787.61M   01:08:38      0:0
  
Maximum memory per node: 32.283148 GB (defined as MaxRSS*Ntasks/NNodes)
CPU utilization: 79.7 %
  
