Info: input file name is Q9QZB7
Info: input target list is /u/flobnow/workingLama/scripts/myRuns/Q9QZB7/target.lst
Info: input feature directory is /u/flobnow/workingLama/feature_files
Info: result output directory is /u/flobnow/workingLama/output_files
Info: model preset is multimer_np
Info: msa pairing is all
Info: recycling setting is 1
Info: using preset super2
Info: set num_ensemble = 2
Info: set max_recyles = 20
Info: set recycle_tol = 0.1
Info: mas_pairing mode is all
I0306 22:55:24.693862 23348200113984 tpu_client.py:54] Starting the local TPU driver.
I0306 22:55:24.694255 23348200113984 xla_bridge.py:212] Unable to initialize backend 'tpu_driver': Not found: Unable to find driver in registry given worker: local://
I0306 22:55:25.066374 23348200113984 xla_bridge.py:212] Unable to initialize backend 'tpu': Invalid argument: TpuPlatform is not available.
I0306 22:55:27.820337 23348200113984 run_af2c_mod.py:481] Have 1 models: ['model_1_multimer_v2_p1']
Info: working on target MYD88_Q9QZB7_x1
I0306 22:55:32.825573 23348200113984 run_af2c_mod.py:512] Using random seed 6921835003074052600 for the data pipeline
Info: MYD88_Q9QZB7_x1 found monomer MYD88_MOUSE msa_depth = 3425, seq_len = 296, num_templ = 20
Info: MYD88_MOUSE reducing the number of structural templates to 4
Info: MYD88_Q9QZB7_x1 found monomer Q9QZB7 msa_depth = 31061, seq_len = 417, num_templ = 20
Info: Q9QZB7 MSA size is too large, reducing to 10000
Info: Q9QZB7 reducing the number of structural templates to 4
Info: 2 chain(s) to model {'A': 'MYD88_MOUSE_1', 'B': 'Q9QZB7_1'}
Info: modeling MYD88_Q9QZB7_x1 with msa_depth = 6897, seq_len = 713, num_templ = 8
I0306 22:55:34.283674 23348200113984 run_af2c_mod.py:216] Running model model_1_multimer_v2_p1_230306_052600
I0306 22:55:34.284168 23348200113984 model.py:205] Running predict with shape(feat) = {'msa': (6897, 713), 'bert_mask': (6897, 713), 'num_alignments': (), 'aatype': (713,), 'seq_length': (), 'template_aatype': (8, 713), 'template_all_atom_mask': (8, 713, 37), 'template_all_atom_positions': (8, 713, 37, 3), 'all_atom_positions': (713, 37, 3), 'template_domain_names': (8,), 'asym_id': (713,), 'sym_id': (713,), 'entity_id': (713,), 'residue_index': (713,), 'deletion_matrix': (6897, 713), 'seq_mask': (713,), 'msa_mask': (6897, 713), 'cluster_bias_mask': (6897,), 'pdb_residue_index': (713,)}
I0306 23:08:28.919472 23348200113984 run_af2c_mod.py:270] Total JAX model model_1_multimer_v2_p1_230306_052600 predict time (includes compilation time): 774.6 seconds
Info: MYD88_Q9QZB7_x1 model_1_multimer_v2_p1_230306_052600_recycled_00,  tol =   inf, pLDDT = 77.14, pTM-score = 0.5647, piTM-score = 0.0000, interface-score = 0.0000, iRes = 0    iCnt = 0   
Info: MYD88_Q9QZB7_x1 model_1_multimer_v2_p1_230306_052600_recycled_01,  tol = 54.41, pLDDT = 80.38, pTM-score = 0.5496, piTM-score = 0.0000, interface-score = 0.0000, iRes = 0    iCnt = 0   
Info: MYD88_Q9QZB7_x1 model_1_multimer_v2_p1_230306_052600_recycled_02,  tol = 14.80, pLDDT = 79.48, pTM-score = 0.5567, piTM-score = 0.0306, interface-score = 0.0005, iRes = 21   iCnt = 27  
Info: MYD88_Q9QZB7_x1 model_1_multimer_v2_p1_230306_052600_recycled_03,  tol = 16.65, pLDDT = 79.90, pTM-score = 0.5563, piTM-score = 0.0000, interface-score = 0.0000, iRes = 0    iCnt = 0   
Info: MYD88_Q9QZB7_x1 model_1_multimer_v2_p1_230306_052600_recycled_04,  tol =  3.89, pLDDT = 79.81, pTM-score = 0.5639, piTM-score = 0.0288, interface-score = 0.0010, iRes = 10   iCnt = 9   
Info: MYD88_Q9QZB7_x1 model_1_multimer_v2_p1_230306_052600_recycled_05,  tol =  5.22, pLDDT = 80.00, pTM-score = 0.5546, piTM-score = 0.0000, interface-score = 0.0000, iRes = 0    iCnt = 0   
Info: MYD88_Q9QZB7_x1 model_1_multimer_v2_p1_230306_052600_recycled_06,  tol =  2.87, pLDDT = 78.82, pTM-score = 0.5532, piTM-score = 0.0158, interface-score = 0.0001, iRes = 10   iCnt = 8   
Info: MYD88_Q9QZB7_x1 model_1_multimer_v2_p1_230306_052600_recycled_07,  tol =  8.29, pLDDT = 80.01, pTM-score = 0.5581, piTM-score = 0.0000, interface-score = 0.0000, iRes = 0    iCnt = 0   
Info: MYD88_Q9QZB7_x1 model_1_multimer_v2_p1_230306_052600_recycled_08,  tol =  7.51, pLDDT = 80.05, pTM-score = 0.5564, piTM-score = 0.0000, interface-score = 0.0000, iRes = 0    iCnt = 0   
Info: MYD88_Q9QZB7_x1 model_1_multimer_v2_p1_230306_052600_recycled_09,  tol =  3.01, pLDDT = 80.25, pTM-score = 0.5571, piTM-score = 0.0032, interface-score = 0.0000, iRes = 4    iCnt = 2   
Info: MYD88_Q9QZB7_x1 model_1_multimer_v2_p1_230306_052600_recycled_10,  tol =  1.80, pLDDT = 80.17, pTM-score = 0.5659, piTM-score = 0.0147, interface-score = 0.0004, iRes = 10   iCnt = 6   
Info: MYD88_Q9QZB7_x1 model_1_multimer_v2_p1_230306_052600_recycled_11,  tol =  3.40, pLDDT = 79.98, pTM-score = 0.5579, piTM-score = 0.0000, interface-score = 0.0000, iRes = 0    iCnt = 0   
Info: MYD88_Q9QZB7_x1 model_1_multimer_v2_p1_230306_052600_recycled_12,  tol =  2.52, pLDDT = 79.69, pTM-score = 0.5578, piTM-score = 0.0014, interface-score = 0.0000, iRes = 2    iCnt = 1   
Info: MYD88_Q9QZB7_x1 model_1_multimer_v2_p1_230306_052600_recycled_13,  tol =  1.25, pLDDT = 79.89, pTM-score = 0.5610, piTM-score = 0.0060, interface-score = 0.0001, iRes = 5    iCnt = 3   
Info: MYD88_Q9QZB7_x1 model_1_multimer_v2_p1_230306_052600_recycled_14,  tol =  2.12, pLDDT = 79.83, pTM-score = 0.5614, piTM-score = 0.0030, interface-score = 0.0000, iRes = 4    iCnt = 2   
Info: MYD88_Q9QZB7_x1 model_1_multimer_v2_p1_230306_052600_recycled_15,  tol =  1.12, pLDDT = 80.03, pTM-score = 0.5600, piTM-score = 0.0014, interface-score = 0.0000, iRes = 2    iCnt = 1   
Info: MYD88_Q9QZB7_x1 model_1_multimer_v2_p1_230306_052600_recycled_16,  tol =  1.39, pLDDT = 80.23, pTM-score = 0.5661, piTM-score = 0.0087, interface-score = 0.0001, iRes = 6    iCnt = 3   
Info: MYD88_Q9QZB7_x1 model_1_multimer_v2_p1_230306_052600_recycled_17,  tol =  1.64, pLDDT = 80.06, pTM-score = 0.5604, piTM-score = 0.0031, interface-score = 0.0000, iRes = 4    iCnt = 2   
Info: MYD88_Q9QZB7_x1 model_1_multimer_v2_p1_230306_052600_recycled_18,  tol =  1.39, pLDDT = 79.84, pTM-score = 0.5626, piTM-score = 0.0030, interface-score = 0.0000, iRes = 4    iCnt = 2   
Info: MYD88_Q9QZB7_x1 model_1_multimer_v2_p1_230306_052600_recycled_19,  tol =  1.51, pLDDT = 80.07, pTM-score = 0.5572, piTM-score = 0.0000, interface-score = 0.0000, iRes = 0    iCnt = 0   
Info: MYD88_Q9QZB7_x1 model_1_multimer_v2_p1_230306_052600 performed 20 recycles, final tol = 1.76, pLDDT = 79.41, pTM-score = 0.5586, piTM-score = 0.0105, interface-score = 0.0002, iRes = 7    iCnt = 5   
Info: num_clusters = 2, cluster_sizes = [1, 1],  clusters = [['MYD88_MOUSE_0'], ['Q9QZB7_0']]

I0306 23:08:31.760632 23348200113984 run_af2c_mod.py:404] Final timings for MYD88_Q9QZB7_x1: {'features': 1.46, 'process_features_model_1_multimer_v2_p1_230306_052600': 0.0, 'predict_and_compile_model_1_multimer_v2_p1_230306_052600': 774.6}
                                  
================================= 
Global information about the job: 
================================= 
  
Job owner: flobnow(42847)
Job name:  1_AF2C
Node list: ravg1038
Job start: Mon Mar  6 22:55:12 CET 2023
Job end:   Mon Mar  6 23:08:33 CET 2023
Work dir:  /raven/u/flobnow/workingLama/scripts/myRuns/Q9QZB7
Command:   /raven/u/flobnow/workingLama/scripts/myRuns/Q9QZB7/script2_comp_model_1.sh
  
  
  
==========================================================================================
Information on jobsteps (Note: MaxRSS/AveRSS is the maximum/average over all 
tasks of the per-task memory high-water marks; cf. "man sacct"): 
==========================================================================================
  
JobID            JobName NNodes NTasks  NCPUS        0.00M        0.00M    Elapsed ExitCode
------------- ---------- ------ ------ ------ ------------ ------------ ---------- --------
4365700           1_AF2C      1           108                             00:13:21      0:0
4365700.0        python3      1      1    108    22818.02M    22818.02M   00:13:19      0:0
  
Maximum memory per node: 23.926432 GB (defined as MaxRSS*Ntasks/NNodes)
CPU utilization: 1.9 %
  
Info: input file name is Q9QZB7
Info: input target list is /u/flobnow/workingLama/scripts/myRuns/Q9QZB7/target.lst
Info: input feature directory is /u/flobnow/workingLama/feature_files
Info: result output directory is /u/flobnow/workingLama/output_files
Info: model preset is multimer_np
Info: msa pairing is all
Info: recycling setting is 1
Info: using preset super2
Info: set num_ensemble = 2
Info: set max_recyles = 20
Info: set recycle_tol = 0.1
Info: mas_pairing mode is all
I0306 23:22:46.803938 22359416837952 tpu_client.py:54] Starting the local TPU driver.
I0306 23:22:46.804330 22359416837952 xla_bridge.py:212] Unable to initialize backend 'tpu_driver': Not found: Unable to find driver in registry given worker: local://
I0306 23:22:47.164858 22359416837952 xla_bridge.py:212] Unable to initialize backend 'tpu': Invalid argument: TpuPlatform is not available.
I0306 23:22:49.943139 22359416837952 run_af2c_mod.py:481] Have 1 models: ['model_2_multimer_v2_p1']
Info: working on target MYD88_Q9QZB7_x1
I0306 23:22:53.947507 22359416837952 run_af2c_mod.py:512] Using random seed 5249113038343471398 for the data pipeline
Info: MYD88_Q9QZB7_x1 found monomer MYD88_MOUSE msa_depth = 3425, seq_len = 296, num_templ = 20
Info: MYD88_MOUSE reducing the number of structural templates to 4
Info: MYD88_Q9QZB7_x1 found monomer Q9QZB7 msa_depth = 31061, seq_len = 417, num_templ = 20
Info: Q9QZB7 MSA size is too large, reducing to 10000
Info: Q9QZB7 reducing the number of structural templates to 4
Info: 2 chain(s) to model {'A': 'MYD88_MOUSE_1', 'B': 'Q9QZB7_1'}
Info: modeling MYD88_Q9QZB7_x1 with msa_depth = 6897, seq_len = 713, num_templ = 8
I0306 23:22:55.942755 22359416837952 run_af2c_mod.py:216] Running model model_2_multimer_v2_p1_230306_471398
I0306 23:22:55.943258 22359416837952 model.py:205] Running predict with shape(feat) = {'msa': (6897, 713), 'bert_mask': (6897, 713), 'num_alignments': (), 'aatype': (713,), 'seq_length': (), 'template_aatype': (8, 713), 'template_all_atom_mask': (8, 713, 37), 'template_all_atom_positions': (8, 713, 37, 3), 'all_atom_positions': (713, 37, 3), 'template_domain_names': (8,), 'asym_id': (713,), 'sym_id': (713,), 'entity_id': (713,), 'residue_index': (713,), 'deletion_matrix': (6897, 713), 'seq_mask': (713,), 'msa_mask': (6897, 713), 'cluster_bias_mask': (6897,), 'pdb_residue_index': (713,)}
I0306 23:35:38.041110 22359416837952 run_af2c_mod.py:270] Total JAX model model_2_multimer_v2_p1_230306_471398 predict time (includes compilation time): 762.1 seconds
Info: MYD88_Q9QZB7_x1 model_2_multimer_v2_p1_230306_471398_recycled_00,  tol =   inf, pLDDT = 78.19, pTM-score = 0.5470, piTM-score = 0.0000, interface-score = 0.0000, iRes = 0    iCnt = 0   
Info: MYD88_Q9QZB7_x1 model_2_multimer_v2_p1_230306_471398_recycled_01,  tol = 59.67, pLDDT = 78.38, pTM-score = 0.5452, piTM-score = 0.0000, interface-score = 0.0000, iRes = 0    iCnt = 0   
Info: MYD88_Q9QZB7_x1 model_2_multimer_v2_p1_230306_471398_recycled_02,  tol =  5.62, pLDDT = 79.80, pTM-score = 0.5504, piTM-score = 0.0014, interface-score = 0.0000, iRes = 2    iCnt = 1   
Info: MYD88_Q9QZB7_x1 model_2_multimer_v2_p1_230306_471398_recycled_03,  tol =  6.81, pLDDT = 79.22, pTM-score = 0.5504, piTM-score = 0.0024, interface-score = 0.0000, iRes = 3    iCnt = 2   
Info: MYD88_Q9QZB7_x1 model_2_multimer_v2_p1_230306_471398_recycled_04,  tol =  3.32, pLDDT = 79.93, pTM-score = 0.5531, piTM-score = 0.0185, interface-score = 0.0003, iRes = 8    iCnt = 6   
Info: MYD88_Q9QZB7_x1 model_2_multimer_v2_p1_230306_471398_recycled_05,  tol =  1.88, pLDDT = 79.25, pTM-score = 0.5494, piTM-score = 0.0071, interface-score = 0.0001, iRes = 5    iCnt = 4   
Info: MYD88_Q9QZB7_x1 model_2_multimer_v2_p1_230306_471398_recycled_06,  tol =  1.81, pLDDT = 79.24, pTM-score = 0.5468, piTM-score = 0.0033, interface-score = 0.0000, iRes = 3    iCnt = 2   
Info: MYD88_Q9QZB7_x1 model_2_multimer_v2_p1_230306_471398_recycled_07,  tol =  1.65, pLDDT = 79.84, pTM-score = 0.5516, piTM-score = 0.0069, interface-score = 0.0001, iRes = 5    iCnt = 4   
Info: MYD88_Q9QZB7_x1 model_2_multimer_v2_p1_230306_471398_recycled_08,  tol =  3.02, pLDDT = 79.01, pTM-score = 0.5480, piTM-score = 0.0044, interface-score = 0.0000, iRes = 4    iCnt = 3   
Info: MYD88_Q9QZB7_x1 model_2_multimer_v2_p1_230306_471398_recycled_09,  tol =  1.54, pLDDT = 79.43, pTM-score = 0.5506, piTM-score = 0.0024, interface-score = 0.0000, iRes = 3    iCnt = 2   
Info: MYD88_Q9QZB7_x1 model_2_multimer_v2_p1_230306_471398_recycled_10,  tol =  1.99, pLDDT = 79.10, pTM-score = 0.5496, piTM-score = 0.0102, interface-score = 0.0001, iRes = 7    iCnt = 6   
Info: MYD88_Q9QZB7_x1 model_2_multimer_v2_p1_230306_471398_recycled_11,  tol =  1.86, pLDDT = 80.06, pTM-score = 0.5573, piTM-score = 0.0014, interface-score = 0.0000, iRes = 2    iCnt = 1   
Info: MYD88_Q9QZB7_x1 model_2_multimer_v2_p1_230306_471398_recycled_12,  tol =  6.30, pLDDT = 79.27, pTM-score = 0.5532, piTM-score = 0.0000, interface-score = 0.0000, iRes = 0    iCnt = 0   
Info: MYD88_Q9QZB7_x1 model_2_multimer_v2_p1_230306_471398_recycled_13,  tol =  2.23, pLDDT = 79.86, pTM-score = 0.5559, piTM-score = 0.0000, interface-score = 0.0000, iRes = 0    iCnt = 0   
Info: MYD88_Q9QZB7_x1 model_2_multimer_v2_p1_230306_471398_recycled_14,  tol =  4.14, pLDDT = 79.72, pTM-score = 0.5579, piTM-score = 0.0000, interface-score = 0.0000, iRes = 0    iCnt = 0   
Info: MYD88_Q9QZB7_x1 model_2_multimer_v2_p1_230306_471398_recycled_15,  tol =  2.60, pLDDT = 79.83, pTM-score = 0.5562, piTM-score = 0.0000, interface-score = 0.0000, iRes = 0    iCnt = 0   
Info: MYD88_Q9QZB7_x1 model_2_multimer_v2_p1_230306_471398_recycled_16,  tol =  2.20, pLDDT = 79.57, pTM-score = 0.5545, piTM-score = 0.0000, interface-score = 0.0000, iRes = 0    iCnt = 0   
Info: MYD88_Q9QZB7_x1 model_2_multimer_v2_p1_230306_471398_recycled_17,  tol =  2.21, pLDDT = 79.36, pTM-score = 0.5542, piTM-score = 0.0000, interface-score = 0.0000, iRes = 0    iCnt = 0   
Info: MYD88_Q9QZB7_x1 model_2_multimer_v2_p1_230306_471398_recycled_18,  tol =  3.31, pLDDT = 78.76, pTM-score = 0.5522, piTM-score = 0.0014, interface-score = 0.0000, iRes = 2    iCnt = 1   
Info: MYD88_Q9QZB7_x1 model_2_multimer_v2_p1_230306_471398_recycled_19,  tol =  3.93, pLDDT = 79.15, pTM-score = 0.5531, piTM-score = 0.0000, interface-score = 0.0000, iRes = 0    iCnt = 0   
Info: MYD88_Q9QZB7_x1 model_2_multimer_v2_p1_230306_471398 performed 20 recycles, final tol = 4.01, pLDDT = 79.75, pTM-score = 0.5583, piTM-score = 0.0000, interface-score = 0.0000, iRes = 0    iCnt = 0   
Info: num_clusters = 2, cluster_sizes = [1, 1],  clusters = [['MYD88_MOUSE_0'], ['Q9QZB7_0']]

I0306 23:35:40.922030 22359416837952 run_af2c_mod.py:404] Final timings for MYD88_Q9QZB7_x1: {'features': 1.99, 'process_features_model_2_multimer_v2_p1_230306_471398': 0.0, 'predict_and_compile_model_2_multimer_v2_p1_230306_471398': 762.1}
                                  
================================= 
Global information about the job: 
================================= 
  
Job owner: flobnow(42847)
Job name:  2_AF2C
Node list: ravg1075
Job start: Mon Mar  6 23:22:36 CET 2023
Job end:   Mon Mar  6 23:35:42 CET 2023
Work dir:  /raven/u/flobnow/workingLama/scripts/myRuns/Q9QZB7
Command:   /raven/u/flobnow/workingLama/scripts/myRuns/Q9QZB7/script2_comp_model_2.sh
  
  
  
==========================================================================================
Information on jobsteps (Note: MaxRSS/AveRSS is the maximum/average over all 
tasks of the per-task memory high-water marks; cf. "man sacct"): 
==========================================================================================
  
JobID            JobName NNodes NTasks  NCPUS        0.00M        0.00M    Elapsed ExitCode
------------- ---------- ------ ------ ------ ------------ ------------ ---------- --------
4365735           2_AF2C      1           108                             00:13:06      0:0
4365735.0        python3      1      1    108    22395.33M    22395.33M   00:13:02      0:0
  
Maximum memory per node: 23.483209 GB (defined as MaxRSS*Ntasks/NNodes)
CPU utilization: 1.9 %
  
Info: input file name is Q9QZB7
Info: input target list is /u/flobnow/workingLama/scripts/myRuns/Q9QZB7/target.lst
Info: input feature directory is /u/flobnow/workingLama/feature_files
Info: result output directory is /u/flobnow/workingLama/output_files
Info: model preset is multimer_np
Info: msa pairing is all
Info: recycling setting is 1
Info: using preset super2
Info: set num_ensemble = 2
Info: set max_recyles = 20
Info: set recycle_tol = 0.1
Info: mas_pairing mode is all
I0307 00:13:20.938050 22532707600192 tpu_client.py:54] Starting the local TPU driver.
I0307 00:13:20.938407 22532707600192 xla_bridge.py:212] Unable to initialize backend 'tpu_driver': Not found: Unable to find driver in registry given worker: local://
I0307 00:13:21.396497 22532707600192 xla_bridge.py:212] Unable to initialize backend 'tpu': Invalid argument: TpuPlatform is not available.
I0307 00:13:24.238081 22532707600192 run_af2c_mod.py:481] Have 1 models: ['model_3_multimer_v2_p1']
Info: working on target MYD88_Q9QZB7_x1
I0307 00:13:32.246296 22532707600192 run_af2c_mod.py:512] Using random seed 6126495085422889555 for the data pipeline
Info: MYD88_Q9QZB7_x1 found monomer MYD88_MOUSE msa_depth = 3425, seq_len = 296, num_templ = 20
Info: MYD88_MOUSE reducing the number of structural templates to 4
Info: MYD88_Q9QZB7_x1 found monomer Q9QZB7 msa_depth = 31061, seq_len = 417, num_templ = 20
Info: Q9QZB7 MSA size is too large, reducing to 10000
Info: Q9QZB7 reducing the number of structural templates to 4
Info: 2 chain(s) to model {'A': 'MYD88_MOUSE_1', 'B': 'Q9QZB7_1'}
Info: modeling MYD88_Q9QZB7_x1 with msa_depth = 6897, seq_len = 713, num_templ = 8
I0307 00:13:33.518618 22532707600192 run_af2c_mod.py:216] Running model model_3_multimer_v2_p1_230307_889555
I0307 00:13:33.519088 22532707600192 model.py:205] Running predict with shape(feat) = {'msa': (6897, 713), 'bert_mask': (6897, 713), 'num_alignments': (), 'aatype': (713,), 'seq_length': (), 'template_aatype': (8, 713), 'template_all_atom_mask': (8, 713, 37), 'template_all_atom_positions': (8, 713, 37, 3), 'all_atom_positions': (713, 37, 3), 'template_domain_names': (8,), 'asym_id': (713,), 'sym_id': (713,), 'entity_id': (713,), 'residue_index': (713,), 'deletion_matrix': (6897, 713), 'seq_mask': (713,), 'msa_mask': (6897, 713), 'cluster_bias_mask': (6897,), 'pdb_residue_index': (713,)}
I0307 00:26:33.519916 22532707600192 run_af2c_mod.py:270] Total JAX model model_3_multimer_v2_p1_230307_889555 predict time (includes compilation time): 780.0 seconds
Info: MYD88_Q9QZB7_x1 model_3_multimer_v2_p1_230307_889555_recycled_00,  tol =   inf, pLDDT = 77.41, pTM-score = 0.5521, piTM-score = 0.0030, interface-score = 0.0000, iRes = 4    iCnt = 2   
Info: MYD88_Q9QZB7_x1 model_3_multimer_v2_p1_230307_889555_recycled_01,  tol = 69.03, pLDDT = 79.89, pTM-score = 0.5504, piTM-score = 0.0000, interface-score = 0.0000, iRes = 0    iCnt = 0   
Info: MYD88_Q9QZB7_x1 model_3_multimer_v2_p1_230307_889555_recycled_02,  tol = 11.64, pLDDT = 80.90, pTM-score = 0.5584, piTM-score = 0.0000, interface-score = 0.0000, iRes = 0    iCnt = 0   
Info: MYD88_Q9QZB7_x1 model_3_multimer_v2_p1_230307_889555_recycled_03,  tol = 23.44, pLDDT = 80.72, pTM-score = 0.5581, piTM-score = 0.0000, interface-score = 0.0000, iRes = 0    iCnt = 0   
Info: MYD88_Q9QZB7_x1 model_3_multimer_v2_p1_230307_889555_recycled_04,  tol =  2.68, pLDDT = 81.48, pTM-score = 0.5602, piTM-score = 0.0014, interface-score = 0.0000, iRes = 2    iCnt = 1   
Info: MYD88_Q9QZB7_x1 model_3_multimer_v2_p1_230307_889555_recycled_05,  tol =  6.06, pLDDT = 80.54, pTM-score = 0.5640, piTM-score = 0.0395, interface-score = 0.0003, iRes = 13   iCnt = 9   
Info: MYD88_Q9QZB7_x1 model_3_multimer_v2_p1_230307_889555_recycled_06,  tol = 10.32, pLDDT = 81.13, pTM-score = 0.5581, piTM-score = 0.0031, interface-score = 0.0000, iRes = 4    iCnt = 2   
Info: MYD88_Q9QZB7_x1 model_3_multimer_v2_p1_230307_889555_recycled_07,  tol =  7.84, pLDDT = 80.98, pTM-score = 0.5647, piTM-score = 0.0085, interface-score = 0.0000, iRes = 6    iCnt = 4   
Info: MYD88_Q9QZB7_x1 model_3_multimer_v2_p1_230307_889555_recycled_08,  tol =  7.96, pLDDT = 80.71, pTM-score = 0.5603, piTM-score = 0.0177, interface-score = 0.0001, iRes = 7    iCnt = 5   
Info: MYD88_Q9QZB7_x1 model_3_multimer_v2_p1_230307_889555_recycled_09,  tol =  5.02, pLDDT = 80.61, pTM-score = 0.5594, piTM-score = 0.2448, interface-score = 0.0045, iRes = 29   iCnt = 37  
Info: MYD88_Q9QZB7_x1 model_3_multimer_v2_p1_230307_889555_recycled_10,  tol =  4.66, pLDDT = 81.10, pTM-score = 0.5644, piTM-score = 0.0193, interface-score = 0.0001, iRes = 8    iCnt = 7   
Info: MYD88_Q9QZB7_x1 model_3_multimer_v2_p1_230307_889555_recycled_11,  tol =  3.39, pLDDT = 81.43, pTM-score = 0.5732, piTM-score = 0.0342, interface-score = 0.0007, iRes = 16   iCnt = 10  
Info: MYD88_Q9QZB7_x1 model_3_multimer_v2_p1_230307_889555_recycled_12,  tol =  2.60, pLDDT = 81.79, pTM-score = 0.5693, piTM-score = 0.0134, interface-score = 0.0002, iRes = 9    iCnt = 6   
Info: MYD88_Q9QZB7_x1 model_3_multimer_v2_p1_230307_889555_recycled_13,  tol =  2.40, pLDDT = 81.89, pTM-score = 0.5748, piTM-score = 0.0268, interface-score = 0.0005, iRes = 12   iCnt = 9   
Info: MYD88_Q9QZB7_x1 model_3_multimer_v2_p1_230307_889555_recycled_14,  tol =  1.18, pLDDT = 81.67, pTM-score = 0.5826, piTM-score = 0.0458, interface-score = 0.0017, iRes = 12   iCnt = 9   
Info: MYD88_Q9QZB7_x1 model_3_multimer_v2_p1_230307_889555_recycled_15,  tol =  2.85, pLDDT = 81.92, pTM-score = 0.5716, piTM-score = 0.0014, interface-score = 0.0000, iRes = 2    iCnt = 1   
Info: MYD88_Q9QZB7_x1 model_3_multimer_v2_p1_230307_889555_recycled_16,  tol =  3.52, pLDDT = 82.98, pTM-score = 0.6239, piTM-score = 0.2775, interface-score = 0.0975, iRes = 27   iCnt = 22  
Info: MYD88_Q9QZB7_x1 model_3_multimer_v2_p1_230307_889555_recycled_17,  tol =  4.01, pLDDT = 83.83, pTM-score = 0.6329, piTM-score = 0.2932, interface-score = 0.1217, iRes = 27   iCnt = 23  
Info: MYD88_Q9QZB7_x1 model_3_multimer_v2_p1_230307_889555_recycled_18,  tol =  1.02, pLDDT = 84.20, pTM-score = 0.6410, piTM-score = 0.3530, interface-score = 0.1676, iRes = 30   iCnt = 31  
Info: MYD88_Q9QZB7_x1 model_3_multimer_v2_p1_230307_889555_recycled_19,  tol =  1.34, pLDDT = 84.15, pTM-score = 0.6452, piTM-score = 0.3354, interface-score = 0.1771, iRes = 29   iCnt = 29  
Info: MYD88_Q9QZB7_x1 model_3_multimer_v2_p1_230307_889555 performed 20 recycles, final tol = 1.69, pLDDT = 84.56, pTM-score = 0.6796, piTM-score = 0.4098, interface-score = 0.2500, iRes = 37   iCnt = 32  
Info: num_clusters = 1, cluster_sizes = [2],  clusters = [['MYD88_MOUSE_0', 'Q9QZB7_0']]

I0307 00:26:36.445068 22532707600192 run_af2c_mod.py:404] Final timings for MYD88_Q9QZB7_x1: {'features': 1.27, 'process_features_model_3_multimer_v2_p1_230307_889555': 0.0, 'predict_and_compile_model_3_multimer_v2_p1_230307_889555': 780.0}
                                  
================================= 
Global information about the job: 
================================= 
  
Job owner: flobnow(42847)
Job name:  3_AF2C
Node list: ravg1053
Job start: Tue Mar  7 00:13:12 CET 2023
Job end:   Tue Mar  7 00:26:38 CET 2023
Work dir:  /raven/u/flobnow/workingLama/scripts/myRuns/Q9QZB7
Command:   /raven/u/flobnow/workingLama/scripts/myRuns/Q9QZB7/script2_comp_model_3.sh
  
  
  
==========================================================================================
Information on jobsteps (Note: MaxRSS/AveRSS is the maximum/average over all 
tasks of the per-task memory high-water marks; cf. "man sacct"): 
==========================================================================================
  
JobID            JobName NNodes NTasks  NCPUS        0.00M        0.00M    Elapsed ExitCode
------------- ---------- ------ ------ ------ ------------ ------------ ---------- --------
4365778           3_AF2C      1           108                             00:13:26      0:0
4365778.0        python3      1      1    108    22740.30M    22740.30M   00:13:24      0:0
  
Maximum memory per node: 23.844935 GB (defined as MaxRSS*Ntasks/NNodes)
CPU utilization: 1.9 %
  
Info: input file name is Q9QZB7
Info: input target list is /u/flobnow/workingLama/scripts/myRuns/Q9QZB7/target.lst
Info: input feature directory is /u/flobnow/workingLama/feature_files
Info: result output directory is /u/flobnow/workingLama/output_files
Info: model preset is multimer_np
Info: msa pairing is all
Info: recycling setting is 1
Info: using preset super2
Info: set num_ensemble = 2
Info: set max_recyles = 20
Info: set recycle_tol = 0.1
Info: mas_pairing mode is all
I0307 00:30:14.285004 22760062883648 tpu_client.py:54] Starting the local TPU driver.
I0307 00:30:14.285414 22760062883648 xla_bridge.py:212] Unable to initialize backend 'tpu_driver': Not found: Unable to find driver in registry given worker: local://
I0307 00:30:14.665837 22760062883648 xla_bridge.py:212] Unable to initialize backend 'tpu': Invalid argument: TpuPlatform is not available.
I0307 00:30:17.415936 22760062883648 run_af2c_mod.py:481] Have 1 models: ['model_4_multimer_v2_p1']
Info: working on target MYD88_Q9QZB7_x1
I0307 00:30:17.416464 22760062883648 run_af2c_mod.py:512] Using random seed 1402431513247399632 for the data pipeline
Info: MYD88_Q9QZB7_x1 found monomer MYD88_MOUSE msa_depth = 3425, seq_len = 296, num_templ = 20
Info: MYD88_MOUSE reducing the number of structural templates to 4
Info: MYD88_Q9QZB7_x1 found monomer Q9QZB7 msa_depth = 31061, seq_len = 417, num_templ = 20
Info: Q9QZB7 MSA size is too large, reducing to 10000
Info: Q9QZB7 reducing the number of structural templates to 4
Info: 2 chain(s) to model {'A': 'MYD88_MOUSE_1', 'B': 'Q9QZB7_1'}
Info: modeling MYD88_Q9QZB7_x1 with msa_depth = 6897, seq_len = 713, num_templ = 8
I0307 00:30:18.506372 22760062883648 run_af2c_mod.py:216] Running model model_4_multimer_v2_p1_230307_399632
I0307 00:30:18.506857 22760062883648 model.py:205] Running predict with shape(feat) = {'msa': (6897, 713), 'bert_mask': (6897, 713), 'num_alignments': (), 'aatype': (713,), 'seq_length': (), 'template_aatype': (8, 713), 'template_all_atom_mask': (8, 713, 37), 'template_all_atom_positions': (8, 713, 37, 3), 'all_atom_positions': (713, 37, 3), 'template_domain_names': (8,), 'asym_id': (713,), 'sym_id': (713,), 'entity_id': (713,), 'residue_index': (713,), 'deletion_matrix': (6897, 713), 'seq_mask': (713,), 'msa_mask': (6897, 713), 'cluster_bias_mask': (6897,), 'pdb_residue_index': (713,)}
I0307 00:43:02.204207 22760062883648 run_af2c_mod.py:270] Total JAX model model_4_multimer_v2_p1_230307_399632 predict time (includes compilation time): 763.7 seconds
Info: MYD88_Q9QZB7_x1 model_4_multimer_v2_p1_230307_399632_recycled_00,  tol =   inf, pLDDT = 78.29, pTM-score = 0.5471, piTM-score = 0.0000, interface-score = 0.0000, iRes = 0    iCnt = 0   
Info: MYD88_Q9QZB7_x1 model_4_multimer_v2_p1_230307_399632_recycled_01,  tol = 59.41, pLDDT = 79.83, pTM-score = 0.5513, piTM-score = 0.0000, interface-score = 0.0000, iRes = 0    iCnt = 0   
Info: MYD88_Q9QZB7_x1 model_4_multimer_v2_p1_230307_399632_recycled_02,  tol =  8.45, pLDDT = 79.98, pTM-score = 0.5546, piTM-score = 0.0014, interface-score = 0.0000, iRes = 2    iCnt = 1   
Info: MYD88_Q9QZB7_x1 model_4_multimer_v2_p1_230307_399632_recycled_03,  tol =  3.84, pLDDT = 80.42, pTM-score = 0.5559, piTM-score = 0.0044, interface-score = 0.0000, iRes = 4    iCnt = 3   
Info: MYD88_Q9QZB7_x1 model_4_multimer_v2_p1_230307_399632_recycled_04,  tol =  1.89, pLDDT = 80.69, pTM-score = 0.5532, piTM-score = 0.0000, interface-score = 0.0000, iRes = 0    iCnt = 0   
Info: MYD88_Q9QZB7_x1 model_4_multimer_v2_p1_230307_399632_recycled_05,  tol =  2.17, pLDDT = 80.53, pTM-score = 0.5520, piTM-score = 0.0000, interface-score = 0.0000, iRes = 0    iCnt = 0   
Info: MYD88_Q9QZB7_x1 model_4_multimer_v2_p1_230307_399632_recycled_06,  tol =  2.03, pLDDT = 80.82, pTM-score = 0.5532, piTM-score = 0.0000, interface-score = 0.0000, iRes = 0    iCnt = 0   
Info: MYD88_Q9QZB7_x1 model_4_multimer_v2_p1_230307_399632_recycled_07,  tol =  1.79, pLDDT = 80.84, pTM-score = 0.5528, piTM-score = 0.0000, interface-score = 0.0000, iRes = 0    iCnt = 0   
Info: MYD88_Q9QZB7_x1 model_4_multimer_v2_p1_230307_399632_recycled_08,  tol =  1.26, pLDDT = 81.22, pTM-score = 0.5596, piTM-score = 0.0044, interface-score = 0.0000, iRes = 4    iCnt = 3   
Info: MYD88_Q9QZB7_x1 model_4_multimer_v2_p1_230307_399632_recycled_09,  tol =  4.49, pLDDT = 80.85, pTM-score = 0.5581, piTM-score = 0.0105, interface-score = 0.0001, iRes = 6    iCnt = 5   
Info: MYD88_Q9QZB7_x1 model_4_multimer_v2_p1_230307_399632_recycled_10,  tol =  1.27, pLDDT = 80.54, pTM-score = 0.5593, piTM-score = 0.0182, interface-score = 0.0002, iRes = 9    iCnt = 6   
Info: MYD88_Q9QZB7_x1 model_4_multimer_v2_p1_230307_399632_recycled_11,  tol =  1.74, pLDDT = 80.96, pTM-score = 0.5582, piTM-score = 0.0123, interface-score = 0.0001, iRes = 9    iCnt = 6   
Info: MYD88_Q9QZB7_x1 model_4_multimer_v2_p1_230307_399632_recycled_12,  tol =  1.15, pLDDT = 81.15, pTM-score = 0.5606, piTM-score = 0.0184, interface-score = 0.0002, iRes = 9    iCnt = 6   
Info: MYD88_Q9QZB7_x1 model_4_multimer_v2_p1_230307_399632_recycled_13,  tol =  1.61, pLDDT = 81.04, pTM-score = 0.5602, piTM-score = 0.0091, interface-score = 0.0001, iRes = 7    iCnt = 5   
Info: MYD88_Q9QZB7_x1 model_4_multimer_v2_p1_230307_399632_recycled_14,  tol =  1.42, pLDDT = 81.23, pTM-score = 0.5641, piTM-score = 0.0553, interface-score = 0.0006, iRes = 18   iCnt = 13  
Info: MYD88_Q9QZB7_x1 model_4_multimer_v2_p1_230307_399632_recycled_15,  tol =  1.25, pLDDT = 81.11, pTM-score = 0.5649, piTM-score = 0.0488, interface-score = 0.0006, iRes = 15   iCnt = 10  
Info: MYD88_Q9QZB7_x1 model_4_multimer_v2_p1_230307_399632_recycled_16,  tol =  0.95, pLDDT = 81.16, pTM-score = 0.5666, piTM-score = 0.0633, interface-score = 0.0011, iRes = 17   iCnt = 14  
Info: MYD88_Q9QZB7_x1 model_4_multimer_v2_p1_230307_399632_recycled_17,  tol =  0.89, pLDDT = 81.88, pTM-score = 0.5766, piTM-score = 0.0755, interface-score = 0.0022, iRes = 20   iCnt = 15  
Info: MYD88_Q9QZB7_x1 model_4_multimer_v2_p1_230307_399632_recycled_18,  tol =  0.97, pLDDT = 81.51, pTM-score = 0.5677, piTM-score = 0.0473, interface-score = 0.0006, iRes = 15   iCnt = 10  
Info: MYD88_Q9QZB7_x1 model_4_multimer_v2_p1_230307_399632_recycled_19,  tol =  0.88, pLDDT = 82.06, pTM-score = 0.5722, piTM-score = 0.0456, interface-score = 0.0005, iRes = 14   iCnt = 10  
Info: MYD88_Q9QZB7_x1 model_4_multimer_v2_p1_230307_399632 performed 20 recycles, final tol = 0.39, pLDDT = 81.83, pTM-score = 0.5734, piTM-score = 0.0543, interface-score = 0.0012, iRes = 16   iCnt = 12  
Info: num_clusters = 1, cluster_sizes = [2],  clusters = [['MYD88_MOUSE_0', 'Q9QZB7_0']]

I0307 00:43:05.139559 22760062883648 run_af2c_mod.py:404] Final timings for MYD88_Q9QZB7_x1: {'features': 1.09, 'process_features_model_4_multimer_v2_p1_230307_399632': 0.0, 'predict_and_compile_model_4_multimer_v2_p1_230307_399632': 763.7}
                                  
================================= 
Global information about the job: 
================================= 
  
Job owner: flobnow(42847)
Job name:  4_AF2C
Node list: ravg1051
Job start: Tue Mar  7 00:30:07 CET 2023
Job end:   Tue Mar  7 00:43:06 CET 2023
Work dir:  /raven/u/flobnow/workingLama/scripts/myRuns/Q9QZB7
Command:   /raven/u/flobnow/workingLama/scripts/myRuns/Q9QZB7/script2_comp_model_4.sh
  
  
  
==========================================================================================
Information on jobsteps (Note: MaxRSS/AveRSS is the maximum/average over all 
tasks of the per-task memory high-water marks; cf. "man sacct"): 
==========================================================================================
  
JobID            JobName NNodes NTasks  NCPUS        0.00M        0.00M    Elapsed ExitCode
------------- ---------- ------ ------ ------ ------------ ------------ ---------- --------
4365792           4_AF2C      1           108                             00:12:59      0:0
4365792.0        python3      1      1    108    22718.29M    22718.29M   00:12:57      0:0
  
Maximum memory per node: 23.821853 GB (defined as MaxRSS*Ntasks/NNodes)
CPU utilization: 1.9 %
  
Info: target file is /u/flobnow/workingLama/scripts/myRuns/Q9QZB7/target.lst
Info: input directory of unrelaxed models is /u/flobnow/workingLama/output_files
Info: output directory of relaxed models is /u/flobnow/workingLama/output_files
/bin/sh: /mpcdf/soft/SLE_15/packages/x86_64/alphafold/2.2.0/lib/libtinfo.so.6: no version information available (required by /lib64/libreadline.so.7)
I0307 21:16:18.444405 22952135440192 run_af2c_min.py:88] MYD88_Q9QZB7_x1 processing model_4_multimer_v2_p1_230307_399632.pdb
sh: /mpcdf/soft/SLE_15/packages/x86_64/alphafold/2.2.0/lib/libtinfo.so.6: no version information available (required by /lib64/libreadline.so.7)
sh: /mpcdf/soft/SLE_15/packages/x86_64/alphafold/2.2.0/lib/libtinfo.so.6: no version information available (required by /lib64/libreadline.so.7)
I0307 21:16:27.799687 22952135440192 amber_minimize.py:177] alterations info: {'nonstandard_residues': [], 'removed_heterogens': set(), 'missing_residues': {}, 'missing_heavy_atoms': {}, 'missing_terminals': {<Residue 295 (PRO) of chain 0>: ['OXT'], <Residue 712 (LYS) of chain 1>: ['OXT']}, 'Se_in_MET': [], 'removed_chains': {0: []}}
I0307 21:16:28.871814 22952135440192 amber_minimize.py:408] Minimizing protein, attempt 1 of 100.
I0307 21:16:30.082296 22952135440192 amber_minimize.py:69] Restraining 5615 / 11357 particles.
sh: /mpcdf/soft/SLE_15/packages/x86_64/alphafold/2.2.0/lib/libtinfo.so.6: no version information available (required by /lib64/libreadline.so.7)
I0307 21:17:23.436352 22952135440192 amber_minimize.py:177] alterations info: {'nonstandard_residues': [], 'removed_heterogens': set(), 'missing_residues': {}, 'missing_heavy_atoms': {}, 'missing_terminals': {}, 'Se_in_MET': [], 'removed_chains': {0: []}}
I0307 21:17:24.494248 22952135440192 tpu_client.py:54] Starting the local TPU driver.
I0307 21:17:24.494642 22952135440192 xla_bridge.py:212] Unable to initialize backend 'tpu_driver': Not found: Unable to find driver in registry given worker: local://
I0307 21:17:24.730991 22952135440192 xla_bridge.py:212] Unable to initialize backend 'tpu': Invalid argument: TpuPlatform is not available.
I0307 21:17:34.777349 22952135440192 amber_minimize.py:500] Iteration completed: Einit 23068.72 Efinal -15976.79 Time 48.94 s num residue violations 0 num residue exclusions 0 
sh: /mpcdf/soft/SLE_15/packages/x86_64/alphafold/2.2.0/lib/libtinfo.so.6: no version information available (required by /lib64/libreadline.so.7)
sh: /mpcdf/soft/SLE_15/packages/x86_64/alphafold/2.2.0/lib/libtinfo.so.6: no version information available (required by /lib64/libreadline.so.7)
I0307 21:17:40.529649 22952135440192 amber_minimize.py:177] alterations info: {'nonstandard_residues': [], 'removed_heterogens': set(), 'missing_residues': {}, 'missing_heavy_atoms': {}, 'missing_terminals': {<Residue 295 (PRO) of chain 0>: ['OXT'], <Residue 712 (LYS) of chain 1>: ['OXT']}, 'Se_in_MET': [], 'removed_chains': {0: []}}
I0307 21:17:42.789366 22952135440192 run_af2c_min.py:110] MYD88_Q9QZB7_x1 relaxation done, time spent 84.0 seconds, Efinal -15976.79, rmsd 0.41
I0307 21:17:42.789486 22952135440192 run_af2c_min.py:88] MYD88_Q9QZB7_x1 processing model_3_multimer_v2_p1_230307_889555.pdb
sh: /mpcdf/soft/SLE_15/packages/x86_64/alphafold/2.2.0/lib/libtinfo.so.6: no version information available (required by /lib64/libreadline.so.7)
sh: /mpcdf/soft/SLE_15/packages/x86_64/alphafold/2.2.0/lib/libtinfo.so.6: no version information available (required by /lib64/libreadline.so.7)
I0307 21:17:48.530072 22952135440192 amber_minimize.py:177] alterations info: {'nonstandard_residues': [], 'removed_heterogens': set(), 'missing_residues': {}, 'missing_heavy_atoms': {}, 'missing_terminals': {<Residue 295 (PRO) of chain 0>: ['OXT'], <Residue 712 (LYS) of chain 1>: ['OXT']}, 'Se_in_MET': [], 'removed_chains': {0: []}}
I0307 21:17:49.584357 22952135440192 amber_minimize.py:408] Minimizing protein, attempt 1 of 100.
I0307 21:17:50.718814 22952135440192 amber_minimize.py:69] Restraining 5615 / 11357 particles.
sh: /mpcdf/soft/SLE_15/packages/x86_64/alphafold/2.2.0/lib/libtinfo.so.6: no version information available (required by /lib64/libreadline.so.7)
I0307 21:18:53.224416 22952135440192 amber_minimize.py:177] alterations info: {'nonstandard_residues': [], 'removed_heterogens': set(), 'missing_residues': {}, 'missing_heavy_atoms': {}, 'missing_terminals': {}, 'Se_in_MET': [], 'removed_chains': {0: []}}
I0307 21:18:56.000014 22952135440192 amber_minimize.py:500] Iteration completed: Einit 61781505.33 Efinal -16170.16 Time 58.39 s num residue violations 0 num residue exclusions 0 
sh: /mpcdf/soft/SLE_15/packages/x86_64/alphafold/2.2.0/lib/libtinfo.so.6: no version information available (required by /lib64/libreadline.so.7)
sh: /mpcdf/soft/SLE_15/packages/x86_64/alphafold/2.2.0/lib/libtinfo.so.6: no version information available (required by /lib64/libreadline.so.7)
I0307 21:19:01.691431 22952135440192 amber_minimize.py:177] alterations info: {'nonstandard_residues': [], 'removed_heterogens': set(), 'missing_residues': {}, 'missing_heavy_atoms': {}, 'missing_terminals': {<Residue 295 (PRO) of chain 0>: ['OXT'], <Residue 712 (LYS) of chain 1>: ['OXT']}, 'Se_in_MET': [], 'removed_chains': {0: []}}
I0307 21:19:04.105202 22952135440192 run_af2c_min.py:110] MYD88_Q9QZB7_x1 relaxation done, time spent 81.0 seconds, Efinal -16170.16, rmsd 0.42
I0307 21:19:04.105345 22952135440192 run_af2c_min.py:88] MYD88_Q9QZB7_x1 processing model_2_multimer_v2_p1_230306_471398.pdb
sh: /mpcdf/soft/SLE_15/packages/x86_64/alphafold/2.2.0/lib/libtinfo.so.6: no version information available (required by /lib64/libreadline.so.7)
sh: /mpcdf/soft/SLE_15/packages/x86_64/alphafold/2.2.0/lib/libtinfo.so.6: no version information available (required by /lib64/libreadline.so.7)
I0307 21:19:09.951962 22952135440192 amber_minimize.py:177] alterations info: {'nonstandard_residues': [], 'removed_heterogens': set(), 'missing_residues': {}, 'missing_heavy_atoms': {}, 'missing_terminals': {<Residue 295 (PRO) of chain 0>: ['OXT'], <Residue 712 (LYS) of chain 1>: ['OXT']}, 'Se_in_MET': [], 'removed_chains': {0: []}}
I0307 21:19:11.024919 22952135440192 amber_minimize.py:408] Minimizing protein, attempt 1 of 100.
I0307 21:19:12.178214 22952135440192 amber_minimize.py:69] Restraining 5615 / 11357 particles.
sh: /mpcdf/soft/SLE_15/packages/x86_64/alphafold/2.2.0/lib/libtinfo.so.6: no version information available (required by /lib64/libreadline.so.7)
I0307 21:20:21.998797 22952135440192 amber_minimize.py:177] alterations info: {'nonstandard_residues': [], 'removed_heterogens': set(), 'missing_residues': {}, 'missing_heavy_atoms': {}, 'missing_terminals': {}, 'Se_in_MET': [], 'removed_chains': {0: []}}
I0307 21:20:24.787314 22952135440192 amber_minimize.py:500] Iteration completed: Einit 2566621124.74 Efinal -15595.41 Time 65.59 s num residue violations 0 num residue exclusions 0 
sh: /mpcdf/soft/SLE_15/packages/x86_64/alphafold/2.2.0/lib/libtinfo.so.6: no version information available (required by /lib64/libreadline.so.7)
sh: /mpcdf/soft/SLE_15/packages/x86_64/alphafold/2.2.0/lib/libtinfo.so.6: no version information available (required by /lib64/libreadline.so.7)
I0307 21:20:30.525349 22952135440192 amber_minimize.py:177] alterations info: {'nonstandard_residues': [], 'removed_heterogens': set(), 'missing_residues': {}, 'missing_heavy_atoms': {}, 'missing_terminals': {<Residue 295 (PRO) of chain 0>: ['OXT'], <Residue 712 (LYS) of chain 1>: ['OXT']}, 'Se_in_MET': [], 'removed_chains': {0: []}}
I0307 21:20:32.770500 22952135440192 run_af2c_min.py:110] MYD88_Q9QZB7_x1 relaxation done, time spent 88.2 seconds, Efinal -15595.41, rmsd 0.43
I0307 21:20:32.770638 22952135440192 run_af2c_min.py:88] MYD88_Q9QZB7_x1 processing model_1_multimer_v2_p1_230306_052600.pdb
sh: /mpcdf/soft/SLE_15/packages/x86_64/alphafold/2.2.0/lib/libtinfo.so.6: no version information available (required by /lib64/libreadline.so.7)
sh: /mpcdf/soft/SLE_15/packages/x86_64/alphafold/2.2.0/lib/libtinfo.so.6: no version information available (required by /lib64/libreadline.so.7)
I0307 21:20:38.631657 22952135440192 amber_minimize.py:177] alterations info: {'nonstandard_residues': [], 'removed_heterogens': set(), 'missing_residues': {}, 'missing_heavy_atoms': {}, 'missing_terminals': {<Residue 295 (PRO) of chain 0>: ['OXT'], <Residue 712 (LYS) of chain 1>: ['OXT']}, 'Se_in_MET': [], 'removed_chains': {0: []}}
I0307 21:20:39.706838 22952135440192 amber_minimize.py:408] Minimizing protein, attempt 1 of 100.
I0307 21:20:40.898175 22952135440192 amber_minimize.py:69] Restraining 5615 / 11357 particles.
sh: /mpcdf/soft/SLE_15/packages/x86_64/alphafold/2.2.0/lib/libtinfo.so.6: no version information available (required by /lib64/libreadline.so.7)
I0307 21:21:46.759658 22952135440192 amber_minimize.py:177] alterations info: {'nonstandard_residues': [], 'removed_heterogens': set(), 'missing_residues': {}, 'missing_heavy_atoms': {}, 'missing_terminals': {}, 'Se_in_MET': [], 'removed_chains': {0: []}}
I0307 21:21:49.524507 22952135440192 amber_minimize.py:500] Iteration completed: Einit 11441765.61 Efinal -15865.07 Time 61.65 s num residue violations 0 num residue exclusions 0 
sh: /mpcdf/soft/SLE_15/packages/x86_64/alphafold/2.2.0/lib/libtinfo.so.6: no version information available (required by /lib64/libreadline.so.7)
sh: /mpcdf/soft/SLE_15/packages/x86_64/alphafold/2.2.0/lib/libtinfo.so.6: no version information available (required by /lib64/libreadline.so.7)
I0307 21:21:55.183118 22952135440192 amber_minimize.py:177] alterations info: {'nonstandard_residues': [], 'removed_heterogens': set(), 'missing_residues': {}, 'missing_heavy_atoms': {}, 'missing_terminals': {<Residue 295 (PRO) of chain 0>: ['OXT'], <Residue 712 (LYS) of chain 1>: ['OXT']}, 'Se_in_MET': [], 'removed_chains': {0: []}}
I0307 21:21:57.420046 22952135440192 run_af2c_min.py:110] MYD88_Q9QZB7_x1 relaxation done, time spent 84.3 seconds, Efinal -15865.07, rmsd 0.43
                                  
================================= 
Global information about the job: 
================================= 
  
Job owner: flobnow(42847)
Job name:  6_RLX
Node list: ravg1023
Job start: Tue Mar  7 21:16:10 CET 2023
Job end:   Tue Mar  7 21:21:58 CET 2023
Work dir:  /raven/u/flobnow/workingLama/scripts/myRuns/Q9QZB7
Command:   /raven/u/flobnow/workingLama/scripts/myRuns/Q9QZB7/script3_relaxation.sh
  
  
  
==========================================================================================
Information on jobsteps (Note: MaxRSS/AveRSS is the maximum/average over all 
tasks of the per-task memory high-water marks; cf. "man sacct"): 
==========================================================================================
  
JobID            JobName NNodes NTasks  NCPUS        0.00M        0.00M    Elapsed ExitCode
------------- ---------- ------ ------ ------ ------------ ------------ ---------- --------
4375154            6_RLX      1           108                             00:05:48      0:0
4375154.0        python3      1      1    108    14240.98M    14240.98M   00:05:46      0:0
  
Maximum memory per node: 14.932745 GB (defined as MaxRSS*Ntasks/NNodes)
CPU utilization: 64.7 %
  
