Info: input file name is P68373
Info: input target list is /u/flobnow/workingLama/scripts/myRuns/P68373/target.lst
Info: input feature directory is /u/flobnow/workingLama/feature_files
Info: result output directory is /u/flobnow/workingLama/output_files
Info: model preset is multimer_np
Info: msa pairing is all
Info: recycling setting is 1
Info: using preset super2
Info: set num_ensemble = 2
Info: set max_recyles = 20
Info: set recycle_tol = 0.1
Info: mas_pairing mode is all
I0306 18:43:24.803536 23396534634304 tpu_client.py:54] Starting the local TPU driver.
I0306 18:43:24.803891 23396534634304 xla_bridge.py:212] Unable to initialize backend 'tpu_driver': Not found: Unable to find driver in registry given worker: local://
I0306 18:43:25.180751 23396534634304 xla_bridge.py:212] Unable to initialize backend 'tpu': Invalid argument: TpuPlatform is not available.
I0306 18:43:27.927821 23396534634304 run_af2c_mod.py:481] Have 1 models: ['model_1_multimer_v2_p1']
Info: working on target MYD88_P68373_x1
I0306 18:43:34.935064 23396534634304 run_af2c_mod.py:512] Using random seed 4200340576239280602 for the data pipeline
Info: MYD88_P68373_x1 found monomer MYD88_MOUSE msa_depth = 3425, seq_len = 296, num_templ = 20
Info: MYD88_MOUSE reducing the number of structural templates to 4
Info: MYD88_P68373_x1 found monomer P68373 msa_depth = 44724, seq_len = 449, num_templ = 20
Info: P68373 MSA size is too large, reducing to 10000
Info: P68373 reducing the number of structural templates to 4
Info: 2 chain(s) to model {'A': 'MYD88_MOUSE_1', 'B': 'P68373_1'}
Info: modeling MYD88_P68373_x1 with msa_depth = 6636, seq_len = 745, num_templ = 8
I0306 18:43:36.204048 23396534634304 run_af2c_mod.py:216] Running model model_1_multimer_v2_p1_230306_280602
I0306 18:43:36.204520 23396534634304 model.py:205] Running predict with shape(feat) = {'msa': (6636, 745), 'bert_mask': (6636, 745), 'num_alignments': (), 'aatype': (745,), 'seq_length': (), 'template_aatype': (8, 745), 'template_all_atom_mask': (8, 745, 37), 'template_all_atom_positions': (8, 745, 37, 3), 'all_atom_positions': (745, 37, 3), 'template_domain_names': (8,), 'asym_id': (745,), 'sym_id': (745,), 'entity_id': (745,), 'residue_index': (745,), 'deletion_matrix': (6636, 745), 'seq_mask': (745,), 'msa_mask': (6636, 745), 'cluster_bias_mask': (6636,), 'pdb_residue_index': (745,)}
I0306 18:57:41.284213 23396534634304 run_af2c_mod.py:270] Total JAX model model_1_multimer_v2_p1_230306_280602 predict time (includes compilation time): 845.1 seconds
Info: MYD88_P68373_x1 model_1_multimer_v2_p1_230306_280602_recycled_00,  tol =   inf, pLDDT = 79.79, pTM-score = 0.6019, piTM-score = 0.0385, interface-score = 0.0020, iRes = 18   iCnt = 21  
Info: MYD88_P68373_x1 model_1_multimer_v2_p1_230306_280602_recycled_01,  tol = 49.25, pLDDT = 80.26, pTM-score = 0.5980, piTM-score = 0.2012, interface-score = 0.0053, iRes = 31   iCnt = 46  
Info: MYD88_P68373_x1 model_1_multimer_v2_p1_230306_280602_recycled_02,  tol = 12.37, pLDDT = 81.34, pTM-score = 0.5995, piTM-score = 0.0480, interface-score = 0.0002, iRes = 20   iCnt = 32  
Info: MYD88_P68373_x1 model_1_multimer_v2_p1_230306_280602_recycled_03,  tol =  6.08, pLDDT = 80.74, pTM-score = 0.6019, piTM-score = 0.0104, interface-score = 0.0001, iRes = 6    iCnt = 4   
Info: MYD88_P68373_x1 model_1_multimer_v2_p1_230306_280602_recycled_04,  tol =  5.22, pLDDT = 81.60, pTM-score = 0.6069, piTM-score = 0.0229, interface-score = 0.0002, iRes = 11   iCnt = 8   
Info: MYD88_P68373_x1 model_1_multimer_v2_p1_230306_280602_recycled_05,  tol =  1.69, pLDDT = 81.38, pTM-score = 0.6074, piTM-score = 0.0265, interface-score = 0.0002, iRes = 10   iCnt = 8   
Info: MYD88_P68373_x1 model_1_multimer_v2_p1_230306_280602_recycled_06,  tol =  1.56, pLDDT = 81.39, pTM-score = 0.6034, piTM-score = 0.0263, interface-score = 0.0002, iRes = 10   iCnt = 8   
Info: MYD88_P68373_x1 model_1_multimer_v2_p1_230306_280602_recycled_07,  tol =  0.83, pLDDT = 82.25, pTM-score = 0.6230, piTM-score = 0.2677, interface-score = 0.0282, iRes = 40   iCnt = 37  
Info: MYD88_P68373_x1 model_1_multimer_v2_p1_230306_280602_recycled_08,  tol = 12.20, pLDDT = 82.21, pTM-score = 0.6178, piTM-score = 0.1554, interface-score = 0.0079, iRes = 27   iCnt = 19  
Info: MYD88_P68373_x1 model_1_multimer_v2_p1_230306_280602_recycled_09,  tol =  1.52, pLDDT = 82.04, pTM-score = 0.6147, piTM-score = 0.1236, interface-score = 0.0043, iRes = 25   iCnt = 17  
Info: MYD88_P68373_x1 model_1_multimer_v2_p1_230306_280602_recycled_10,  tol =  2.47, pLDDT = 81.78, pTM-score = 0.6156, piTM-score = 0.0364, interface-score = 0.0006, iRes = 15   iCnt = 10  
Info: MYD88_P68373_x1 model_1_multimer_v2_p1_230306_280602_recycled_11,  tol =  0.92, pLDDT = 82.25, pTM-score = 0.6195, piTM-score = 0.1460, interface-score = 0.0079, iRes = 27   iCnt = 18  
Info: MYD88_P68373_x1 model_1_multimer_v2_p1_230306_280602_recycled_12,  tol =  1.31, pLDDT = 81.90, pTM-score = 0.6097, piTM-score = 0.0205, interface-score = 0.0002, iRes = 10   iCnt = 6   
Info: MYD88_P68373_x1 model_1_multimer_v2_p1_230306_280602_recycled_13,  tol =  4.33, pLDDT = 81.69, pTM-score = 0.6069, piTM-score = 0.0186, interface-score = 0.0002, iRes = 10   iCnt = 6   
Info: MYD88_P68373_x1 model_1_multimer_v2_p1_230306_280602_recycled_14,  tol =  0.89, pLDDT = 81.45, pTM-score = 0.6057, piTM-score = 0.0183, interface-score = 0.0002, iRes = 11   iCnt = 7   
Info: MYD88_P68373_x1 model_1_multimer_v2_p1_230306_280602_recycled_15,  tol =  0.91, pLDDT = 81.67, pTM-score = 0.6026, piTM-score = 0.0101, interface-score = 0.0001, iRes = 8    iCnt = 4   
Info: MYD88_P68373_x1 model_1_multimer_v2_p1_230306_280602_recycled_16,  tol =  1.62, pLDDT = 81.49, pTM-score = 0.6042, piTM-score = 0.0075, interface-score = 0.0000, iRes = 5    iCnt = 4   
Info: MYD88_P68373_x1 model_1_multimer_v2_p1_230306_280602_recycled_17,  tol =  2.27, pLDDT = 81.16, pTM-score = 0.6018, piTM-score = 0.0093, interface-score = 0.0001, iRes = 7    iCnt = 4   
Info: MYD88_P68373_x1 model_1_multimer_v2_p1_230306_280602_recycled_18,  tol =  2.24, pLDDT = 81.50, pTM-score = 0.6066, piTM-score = 0.0169, interface-score = 0.0002, iRes = 11   iCnt = 7   
Info: MYD88_P68373_x1 model_1_multimer_v2_p1_230306_280602_recycled_19,  tol =  2.34, pLDDT = 81.55, pTM-score = 0.6072, piTM-score = 0.0170, interface-score = 0.0001, iRes = 9    iCnt = 6   
Info: MYD88_P68373_x1 model_1_multimer_v2_p1_230306_280602 performed 20 recycles, final tol = 0.61, pLDDT = 81.80, pTM-score = 0.6074, piTM-score = 0.0083, interface-score = 0.0001, iRes = 7    iCnt = 4   
Info: num_clusters = 2, cluster_sizes = [1, 1],  clusters = [['MYD88_MOUSE_0'], ['P68373_0']]

I0306 18:57:44.291229 23396534634304 run_af2c_mod.py:404] Final timings for MYD88_P68373_x1: {'features': 1.26, 'process_features_model_1_multimer_v2_p1_230306_280602': 0.0, 'predict_and_compile_model_1_multimer_v2_p1_230306_280602': 845.1}
                                  
================================= 
Global information about the job: 
================================= 
  
Job owner: flobnow(42847)
Job name:  1_AF2C
Node list: ravg1093
Job start: Mon Mar  6 18:43:17 CET 2023
Job end:   Mon Mar  6 18:57:46 CET 2023
Work dir:  /raven/u/flobnow/workingLama/scripts/myRuns/P68373
Command:   /raven/u/flobnow/workingLama/scripts/myRuns/P68373/script2_comp_model_1.sh
  
  
  
==========================================================================================
Information on jobsteps (Note: MaxRSS/AveRSS is the maximum/average over all 
tasks of the per-task memory high-water marks; cf. "man sacct"): 
==========================================================================================
  
JobID            JobName NNodes NTasks  NCPUS        0.00M        0.00M    Elapsed ExitCode
------------- ---------- ------ ------ ------ ------------ ------------ ---------- --------
4365607           1_AF2C      1           108                             00:14:29      0:0
4365607.0        python3      1      1    108    23385.18M    23385.18M   00:14:27      0:0
  
Maximum memory per node: 24.521134 GB (defined as MaxRSS*Ntasks/NNodes)
CPU utilization: 1.9 %
  
Info: input file name is P68373
Info: input target list is /u/flobnow/workingLama/scripts/myRuns/P68373/target.lst
Info: input feature directory is /u/flobnow/workingLama/feature_files
Info: result output directory is /u/flobnow/workingLama/output_files
Info: model preset is multimer_np
Info: msa pairing is all
Info: recycling setting is 1
Info: using preset super2
Info: set num_ensemble = 2
Info: set max_recyles = 20
Info: set recycle_tol = 0.1
Info: mas_pairing mode is all
I0306 22:18:09.164893 22912272234304 tpu_client.py:54] Starting the local TPU driver.
I0306 22:18:09.167483 22912272234304 xla_bridge.py:212] Unable to initialize backend 'tpu_driver': Not found: Unable to find driver in registry given worker: local://
I0306 22:18:09.561340 22912272234304 xla_bridge.py:212] Unable to initialize backend 'tpu': Invalid argument: TpuPlatform is not available.
I0306 22:18:12.443642 22912272234304 run_af2c_mod.py:481] Have 1 models: ['model_2_multimer_v2_p1']
Info: working on target MYD88_P68373_x1
I0306 22:18:13.444879 22912272234304 run_af2c_mod.py:512] Using random seed 8422775177441368581 for the data pipeline
Info: MYD88_P68373_x1 found monomer MYD88_MOUSE msa_depth = 3425, seq_len = 296, num_templ = 20
Info: MYD88_MOUSE reducing the number of structural templates to 4
Info: MYD88_P68373_x1 found monomer P68373 msa_depth = 44724, seq_len = 449, num_templ = 20
Info: P68373 MSA size is too large, reducing to 10000
Info: P68373 reducing the number of structural templates to 4
Info: 2 chain(s) to model {'A': 'MYD88_MOUSE_1', 'B': 'P68373_1'}
Info: modeling MYD88_P68373_x1 with msa_depth = 6636, seq_len = 745, num_templ = 8
I0306 22:18:14.903083 22912272234304 run_af2c_mod.py:216] Running model model_2_multimer_v2_p1_230306_368581
I0306 22:18:14.903556 22912272234304 model.py:205] Running predict with shape(feat) = {'msa': (6636, 745), 'bert_mask': (6636, 745), 'num_alignments': (), 'aatype': (745,), 'seq_length': (), 'template_aatype': (8, 745), 'template_all_atom_mask': (8, 745, 37), 'template_all_atom_positions': (8, 745, 37, 3), 'all_atom_positions': (745, 37, 3), 'template_domain_names': (8,), 'asym_id': (745,), 'sym_id': (745,), 'entity_id': (745,), 'residue_index': (745,), 'deletion_matrix': (6636, 745), 'seq_mask': (745,), 'msa_mask': (6636, 745), 'cluster_bias_mask': (6636,), 'pdb_residue_index': (745,)}
I0306 22:32:24.887437 22912272234304 run_af2c_mod.py:270] Total JAX model model_2_multimer_v2_p1_230306_368581 predict time (includes compilation time): 850.0 seconds
Info: MYD88_P68373_x1 model_2_multimer_v2_p1_230306_368581_recycled_00,  tol =   inf, pLDDT = 77.62, pTM-score = 0.5981, piTM-score = 0.0295, interface-score = 0.0002, iRes = 10   iCnt = 9   
Info: MYD88_P68373_x1 model_2_multimer_v2_p1_230306_368581_recycled_01,  tol = 49.94, pLDDT = 79.83, pTM-score = 0.5960, piTM-score = 0.0026, interface-score = 0.0000, iRes = 3    iCnt = 2   
Info: MYD88_P68373_x1 model_2_multimer_v2_p1_230306_368581_recycled_02,  tol =  6.99, pLDDT = 80.07, pTM-score = 0.5972, piTM-score = 0.0108, interface-score = 0.0000, iRes = 6    iCnt = 6   
Info: MYD88_P68373_x1 model_2_multimer_v2_p1_230306_368581_recycled_03,  tol = 16.18, pLDDT = 79.84, pTM-score = 0.5950, piTM-score = 0.4653, interface-score = 0.0187, iRes = 85   iCnt = 168 
Info: MYD88_P68373_x1 model_2_multimer_v2_p1_230306_368581_recycled_04,  tol =  7.23, pLDDT = 81.10, pTM-score = 0.5960, piTM-score = 0.2145, interface-score = 0.0031, iRes = 28   iCnt = 52  
Info: MYD88_P68373_x1 model_2_multimer_v2_p1_230306_368581_recycled_05,  tol =  8.52, pLDDT = 81.08, pTM-score = 0.5986, piTM-score = 0.0042, interface-score = 0.0001, iRes = 5    iCnt = 3   
Info: MYD88_P68373_x1 model_2_multimer_v2_p1_230306_368581_recycled_06,  tol =  6.94, pLDDT = 80.81, pTM-score = 0.5987, piTM-score = 0.0168, interface-score = 0.0002, iRes = 10   iCnt = 8   
Info: MYD88_P68373_x1 model_2_multimer_v2_p1_230306_368581_recycled_07,  tol =  2.29, pLDDT = 81.13, pTM-score = 0.5968, piTM-score = 0.0433, interface-score = 0.0004, iRes = 20   iCnt = 21  
Info: MYD88_P68373_x1 model_2_multimer_v2_p1_230306_368581_recycled_08,  tol =  8.48, pLDDT = 81.31, pTM-score = 0.6012, piTM-score = 0.2220, interface-score = 0.0166, iRes = 40   iCnt = 59  
Info: MYD88_P68373_x1 model_2_multimer_v2_p1_230306_368581_recycled_09,  tol =  3.75, pLDDT = 82.13, pTM-score = 0.6049, piTM-score = 0.0297, interface-score = 0.0006, iRes = 13   iCnt = 11  
Info: MYD88_P68373_x1 model_2_multimer_v2_p1_230306_368581_recycled_10,  tol =  4.26, pLDDT = 81.44, pTM-score = 0.6046, piTM-score = 0.1818, interface-score = 0.0059, iRes = 29   iCnt = 28  
Info: MYD88_P68373_x1 model_2_multimer_v2_p1_230306_368581_recycled_11,  tol =  9.42, pLDDT = 81.65, pTM-score = 0.6073, piTM-score = 0.0351, interface-score = 0.0006, iRes = 15   iCnt = 13  
Info: MYD88_P68373_x1 model_2_multimer_v2_p1_230306_368581_recycled_12,  tol =  3.00, pLDDT = 81.32, pTM-score = 0.6017, piTM-score = 0.0375, interface-score = 0.0003, iRes = 15   iCnt = 13  
Info: MYD88_P68373_x1 model_2_multimer_v2_p1_230306_368581_recycled_13,  tol =  1.50, pLDDT = 81.10, pTM-score = 0.6017, piTM-score = 0.0412, interface-score = 0.0004, iRes = 17   iCnt = 13  
Info: MYD88_P68373_x1 model_2_multimer_v2_p1_230306_368581_recycled_14,  tol =  1.77, pLDDT = 81.41, pTM-score = 0.6060, piTM-score = 0.0554, interface-score = 0.0006, iRes = 19   iCnt = 14  
Info: MYD88_P68373_x1 model_2_multimer_v2_p1_230306_368581_recycled_15,  tol =  1.26, pLDDT = 81.24, pTM-score = 0.6038, piTM-score = 0.0199, interface-score = 0.0002, iRes = 11   iCnt = 9   
Info: MYD88_P68373_x1 model_2_multimer_v2_p1_230306_368581_recycled_16,  tol =  1.20, pLDDT = 81.14, pTM-score = 0.6024, piTM-score = 0.0301, interface-score = 0.0003, iRes = 15   iCnt = 10  
Info: MYD88_P68373_x1 model_2_multimer_v2_p1_230306_368581_recycled_17,  tol =  2.68, pLDDT = 81.16, pTM-score = 0.6011, piTM-score = 0.0122, interface-score = 0.0001, iRes = 7    iCnt = 5   
Info: MYD88_P68373_x1 model_2_multimer_v2_p1_230306_368581_recycled_18,  tol =  1.72, pLDDT = 81.32, pTM-score = 0.6022, piTM-score = 0.0211, interface-score = 0.0002, iRes = 12   iCnt = 9   
Info: MYD88_P68373_x1 model_2_multimer_v2_p1_230306_368581_recycled_19,  tol =  1.45, pLDDT = 81.39, pTM-score = 0.6016, piTM-score = 0.0839, interface-score = 0.0007, iRes = 20   iCnt = 22  
Info: MYD88_P68373_x1 model_2_multimer_v2_p1_230306_368581 performed 20 recycles, final tol = 6.18, pLDDT = 81.27, pTM-score = 0.6018, piTM-score = 0.0553, interface-score = 0.0005, iRes = 19   iCnt = 19  
Info: num_clusters = 1, cluster_sizes = [2],  clusters = [['MYD88_MOUSE_0', 'P68373_0']]

I0306 22:32:27.884297 22912272234304 run_af2c_mod.py:404] Final timings for MYD88_P68373_x1: {'features': 1.46, 'process_features_model_2_multimer_v2_p1_230306_368581': 0.0, 'predict_and_compile_model_2_multimer_v2_p1_230306_368581': 850.0}
                                  
================================= 
Global information about the job: 
================================= 
  
Job owner: flobnow(42847)
Job name:  2_AF2C
Node list: ravg1053
Job start: Mon Mar  6 22:17:55 CET 2023
Job end:   Mon Mar  6 22:32:31 CET 2023
Work dir:  /raven/u/flobnow/workingLama/scripts/myRuns/P68373
Command:   /raven/u/flobnow/workingLama/scripts/myRuns/P68373/script2_comp_model_2.sh
  
  
  
==========================================================================================
Information on jobsteps (Note: MaxRSS/AveRSS is the maximum/average over all 
tasks of the per-task memory high-water marks; cf. "man sacct"): 
==========================================================================================
  
JobID            JobName NNodes NTasks  NCPUS        0.00M        0.00M    Elapsed ExitCode
------------- ---------- ------ ------ ------ ------------ ------------ ---------- --------
4365669           2_AF2C      1           108                             00:14:36      0:0
4365669.0        python3      1      1    108    23296.39M    23296.39M   00:14:31      0:0
  
Maximum memory per node: 24.428040 GB (defined as MaxRSS*Ntasks/NNodes)
CPU utilization: 1.9 %
  
Info: input file name is P68373
Info: input target list is /u/flobnow/workingLama/scripts/myRuns/P68373/target.lst
Info: input feature directory is /u/flobnow/workingLama/feature_files
Info: result output directory is /u/flobnow/workingLama/output_files
Info: model preset is multimer_np
Info: msa pairing is all
Info: recycling setting is 1
Info: using preset super2
Info: set num_ensemble = 2
Info: set max_recyles = 20
Info: set recycle_tol = 0.1
Info: mas_pairing mode is all
I0306 23:29:19.406042 22492419381056 tpu_client.py:54] Starting the local TPU driver.
I0306 23:29:19.406430 22492419381056 xla_bridge.py:212] Unable to initialize backend 'tpu_driver': Not found: Unable to find driver in registry given worker: local://
I0306 23:29:19.780954 22492419381056 xla_bridge.py:212] Unable to initialize backend 'tpu': Invalid argument: TpuPlatform is not available.
I0306 23:29:22.647928 22492419381056 run_af2c_mod.py:481] Have 1 models: ['model_3_multimer_v2_p1']
Info: working on target MYD88_P68373_x1
I0306 23:29:26.652132 22492419381056 run_af2c_mod.py:512] Using random seed 6638839873883855323 for the data pipeline
Info: MYD88_P68373_x1 found monomer MYD88_MOUSE msa_depth = 3425, seq_len = 296, num_templ = 20
Info: MYD88_MOUSE reducing the number of structural templates to 4
Info: MYD88_P68373_x1 found monomer P68373 msa_depth = 44724, seq_len = 449, num_templ = 20
Info: P68373 MSA size is too large, reducing to 10000
Info: P68373 reducing the number of structural templates to 4
Info: 2 chain(s) to model {'A': 'MYD88_MOUSE_1', 'B': 'P68373_1'}
Info: modeling MYD88_P68373_x1 with msa_depth = 6636, seq_len = 745, num_templ = 8
I0306 23:29:27.907640 22492419381056 run_af2c_mod.py:216] Running model model_3_multimer_v2_p1_230306_855323
I0306 23:29:27.908145 22492419381056 model.py:205] Running predict with shape(feat) = {'msa': (6636, 745), 'bert_mask': (6636, 745), 'num_alignments': (), 'aatype': (745,), 'seq_length': (), 'template_aatype': (8, 745), 'template_all_atom_mask': (8, 745, 37), 'template_all_atom_positions': (8, 745, 37, 3), 'all_atom_positions': (745, 37, 3), 'template_domain_names': (8,), 'asym_id': (745,), 'sym_id': (745,), 'entity_id': (745,), 'residue_index': (745,), 'deletion_matrix': (6636, 745), 'seq_mask': (745,), 'msa_mask': (6636, 745), 'cluster_bias_mask': (6636,), 'pdb_residue_index': (745,)}
I0306 23:43:37.998600 22492419381056 run_af2c_mod.py:270] Total JAX model model_3_multimer_v2_p1_230306_855323 predict time (includes compilation time): 850.1 seconds
Info: MYD88_P68373_x1 model_3_multimer_v2_p1_230306_855323_recycled_00,  tol =   inf, pLDDT = 78.86, pTM-score = 0.6064, piTM-score = 0.0193, interface-score = 0.0003, iRes = 11   iCnt = 6   
Info: MYD88_P68373_x1 model_3_multimer_v2_p1_230306_855323_recycled_01,  tol = 53.18, pLDDT = 81.15, pTM-score = 0.6076, piTM-score = 0.0000, interface-score = 0.0000, iRes = 0    iCnt = 0   
Info: MYD88_P68373_x1 model_3_multimer_v2_p1_230306_855323_recycled_02,  tol =  8.50, pLDDT = 81.98, pTM-score = 0.6138, piTM-score = 0.0092, interface-score = 0.0001, iRes = 6    iCnt = 4   
Info: MYD88_P68373_x1 model_3_multimer_v2_p1_230306_855323_recycled_03,  tol =  7.47, pLDDT = 81.60, pTM-score = 0.6217, piTM-score = 0.0967, interface-score = 0.0014, iRes = 21   iCnt = 23  
Info: MYD88_P68373_x1 model_3_multimer_v2_p1_230306_855323_recycled_04,  tol = 11.98, pLDDT = 83.42, pTM-score = 0.7097, piTM-score = 0.4292, interface-score = 0.2816, iRes = 44   iCnt = 42  
Info: MYD88_P68373_x1 model_3_multimer_v2_p1_230306_855323_recycled_05,  tol =  5.97, pLDDT = 83.82, pTM-score = 0.7356, piTM-score = 0.4865, interface-score = 0.3854, iRes = 45   iCnt = 42  
Info: MYD88_P68373_x1 model_3_multimer_v2_p1_230306_855323_recycled_06,  tol = 10.73, pLDDT = 84.98, pTM-score = 0.7454, piTM-score = 0.5220, interface-score = 0.4150, iRes = 59   iCnt = 65  
Info: MYD88_P68373_x1 model_3_multimer_v2_p1_230306_855323_recycled_07,  tol =  5.33, pLDDT = 85.31, pTM-score = 0.7636, piTM-score = 0.5218, interface-score = 0.4392, iRes = 65   iCnt = 67  
Info: MYD88_P68373_x1 model_3_multimer_v2_p1_230306_855323_recycled_08,  tol =  6.80, pLDDT = 86.23, pTM-score = 0.7890, piTM-score = 0.5767, interface-score = 0.4809, iRes = 74   iCnt = 74  
Info: MYD88_P68373_x1 model_3_multimer_v2_p1_230306_855323_recycled_09,  tol =  2.14, pLDDT = 86.26, pTM-score = 0.7938, piTM-score = 0.5621, interface-score = 0.4796, iRes = 69   iCnt = 69  
Info: MYD88_P68373_x1 model_3_multimer_v2_p1_230306_855323_recycled_10,  tol =  0.75, pLDDT = 86.35, pTM-score = 0.7965, piTM-score = 0.5704, interface-score = 0.4875, iRes = 67   iCnt = 68  
Info: MYD88_P68373_x1 model_3_multimer_v2_p1_230306_855323_recycled_11,  tol =  0.24, pLDDT = 86.55, pTM-score = 0.7974, piTM-score = 0.5737, interface-score = 0.4859, iRes = 68   iCnt = 70  
Info: MYD88_P68373_x1 model_3_multimer_v2_p1_230306_855323_recycled_12,  tol =  0.26, pLDDT = 86.74, pTM-score = 0.7976, piTM-score = 0.5709, interface-score = 0.5021, iRes = 67   iCnt = 67  
Info: MYD88_P68373_x1 model_3_multimer_v2_p1_230306_855323_recycled_13,  tol =  0.25, pLDDT = 86.80, pTM-score = 0.7961, piTM-score = 0.5921, interface-score = 0.4934, iRes = 71   iCnt = 74  
Info: MYD88_P68373_x1 model_3_multimer_v2_p1_230306_855323_recycled_14,  tol =  0.35, pLDDT = 87.08, pTM-score = 0.7985, piTM-score = 0.5916, interface-score = 0.4972, iRes = 71   iCnt = 73  
Info: MYD88_P68373_x1 model_3_multimer_v2_p1_230306_855323_recycled_15,  tol =  0.48, pLDDT = 87.03, pTM-score = 0.7968, piTM-score = 0.5852, interface-score = 0.4998, iRes = 66   iCnt = 67  
Info: MYD88_P68373_x1 model_3_multimer_v2_p1_230306_855323_recycled_16,  tol =  0.71, pLDDT = 87.10, pTM-score = 0.8005, piTM-score = 0.5785, interface-score = 0.4944, iRes = 65   iCnt = 68  
Info: MYD88_P68373_x1 model_3_multimer_v2_p1_230306_855323_recycled_17,  tol =  0.30, pLDDT = 87.01, pTM-score = 0.7972, piTM-score = 0.5966, interface-score = 0.5045, iRes = 67   iCnt = 70  
Info: MYD88_P68373_x1 model_3_multimer_v2_p1_230306_855323_recycled_18,  tol =  0.96, pLDDT = 86.95, pTM-score = 0.7959, piTM-score = 0.5692, interface-score = 0.4900, iRes = 66   iCnt = 69  
Info: MYD88_P68373_x1 model_3_multimer_v2_p1_230306_855323_recycled_19,  tol =  0.42, pLDDT = 87.25, pTM-score = 0.8030, piTM-score = 0.5924, interface-score = 0.5127, iRes = 67   iCnt = 68  
Info: MYD88_P68373_x1 model_3_multimer_v2_p1_230306_855323 performed 20 recycles, final tol = 0.54, pLDDT = 87.11, pTM-score = 0.7990, piTM-score = 0.5852, interface-score = 0.5045, iRes = 68   iCnt = 70  
Info: num_clusters = 1, cluster_sizes = [2],  clusters = [['MYD88_MOUSE_0', 'P68373_0']]

I0306 23:43:40.978184 22492419381056 run_af2c_mod.py:404] Final timings for MYD88_P68373_x1: {'features': 1.25, 'process_features_model_3_multimer_v2_p1_230306_855323': 0.0, 'predict_and_compile_model_3_multimer_v2_p1_230306_855323': 850.1}
                                  
================================= 
Global information about the job: 
================================= 
  
Job owner: flobnow(42847)
Job name:  3_AF2C
Node list: ravg1021
Job start: Mon Mar  6 23:29:10 CET 2023
Job end:   Mon Mar  6 23:43:42 CET 2023
Work dir:  /raven/u/flobnow/workingLama/scripts/myRuns/P68373
Command:   /raven/u/flobnow/workingLama/scripts/myRuns/P68373/script2_comp_model_3.sh
  
  
  
==========================================================================================
Information on jobsteps (Note: MaxRSS/AveRSS is the maximum/average over all 
tasks of the per-task memory high-water marks; cf. "man sacct"): 
==========================================================================================
  
JobID            JobName NNodes NTasks  NCPUS        0.00M        0.00M    Elapsed ExitCode
------------- ---------- ------ ------ ------ ------------ ------------ ---------- --------
4365740           3_AF2C      1           108                             00:14:32      0:0
4365740.0        python3      1      1    108    23260.46M    23260.46M   00:14:30      0:0
  
Maximum memory per node: 24.390357 GB (defined as MaxRSS*Ntasks/NNodes)
CPU utilization: 1.9 %
  
Info: target file is /u/flobnow/workingLama/scripts/myRuns/P68373/target.lst
Info: input directory of unrelaxed models is /u/flobnow/workingLama/output_files
Info: output directory of relaxed models is /u/flobnow/workingLama/output_files
/bin/sh: /mpcdf/soft/SLE_15/packages/x86_64/alphafold/2.2.0/lib/libtinfo.so.6: no version information available (required by /lib64/libreadline.so.7)
I0308 00:09:47.130327 22518246762304 run_af2c_min.py:88] MYD88_P68373_x1 processing model_3_multimer_v2_p1_230306_855323.pdb
sh: /mpcdf/soft/SLE_15/packages/x86_64/alphafold/2.2.0/lib/libtinfo.so.6: no version information available (required by /lib64/libreadline.so.7)
sh: /mpcdf/soft/SLE_15/packages/x86_64/alphafold/2.2.0/lib/libtinfo.so.6: no version information available (required by /lib64/libreadline.so.7)
I0308 00:09:57.839186 22518246762304 amber_minimize.py:177] alterations info: {'nonstandard_residues': [], 'removed_heterogens': set(), 'missing_residues': {}, 'missing_heavy_atoms': {}, 'missing_terminals': {<Residue 295 (PRO) of chain 0>: ['OXT'], <Residue 744 (TYR) of chain 1>: ['OXT']}, 'Se_in_MET': [], 'removed_chains': {0: []}}
I0308 00:09:58.897869 22518246762304 amber_minimize.py:408] Minimizing protein, attempt 1 of 100.
I0308 00:10:00.071877 22518246762304 amber_minimize.py:69] Restraining 5876 / 11671 particles.
sh: /mpcdf/soft/SLE_15/packages/x86_64/alphafold/2.2.0/lib/libtinfo.so.6: no version information available (required by /lib64/libreadline.so.7)
I0308 00:11:07.224716 22518246762304 amber_minimize.py:177] alterations info: {'nonstandard_residues': [], 'removed_heterogens': set(), 'missing_residues': {}, 'missing_heavy_atoms': {}, 'missing_terminals': {}, 'Se_in_MET': [], 'removed_chains': {0: []}}
I0308 00:11:08.325268 22518246762304 tpu_client.py:54] Starting the local TPU driver.
I0308 00:11:08.325620 22518246762304 xla_bridge.py:212] Unable to initialize backend 'tpu_driver': Not found: Unable to find driver in registry given worker: local://
I0308 00:11:08.559672 22518246762304 xla_bridge.py:212] Unable to initialize backend 'tpu': Invalid argument: TpuPlatform is not available.
I0308 00:11:18.818829 22518246762304 amber_minimize.py:500] Iteration completed: Einit 1074092689.36 Efinal -14057.95 Time 61.05 s num residue violations 0 num residue exclusions 0 
sh: /mpcdf/soft/SLE_15/packages/x86_64/alphafold/2.2.0/lib/libtinfo.so.6: no version information available (required by /lib64/libreadline.so.7)
sh: /mpcdf/soft/SLE_15/packages/x86_64/alphafold/2.2.0/lib/libtinfo.so.6: no version information available (required by /lib64/libreadline.so.7)
I0308 00:11:26.236379 22518246762304 amber_minimize.py:177] alterations info: {'nonstandard_residues': [], 'removed_heterogens': set(), 'missing_residues': {}, 'missing_heavy_atoms': {}, 'missing_terminals': {<Residue 295 (PRO) of chain 0>: ['OXT'], <Residue 744 (TYR) of chain 1>: ['OXT']}, 'Se_in_MET': [], 'removed_chains': {0: []}}
I0308 00:11:28.598426 22518246762304 run_af2c_min.py:110] MYD88_P68373_x1 relaxation done, time spent 101.2 seconds, Efinal -14057.95, rmsd 0.44
I0308 00:11:28.598557 22518246762304 run_af2c_min.py:88] MYD88_P68373_x1 processing model_2_multimer_v2_p1_230306_368581.pdb
sh: /mpcdf/soft/SLE_15/packages/x86_64/alphafold/2.2.0/lib/libtinfo.so.6: no version information available (required by /lib64/libreadline.so.7)
sh: /mpcdf/soft/SLE_15/packages/x86_64/alphafold/2.2.0/lib/libtinfo.so.6: no version information available (required by /lib64/libreadline.so.7)
I0308 00:11:36.043418 22518246762304 amber_minimize.py:177] alterations info: {'nonstandard_residues': [], 'removed_heterogens': set(), 'missing_residues': {}, 'missing_heavy_atoms': {}, 'missing_terminals': {<Residue 295 (PRO) of chain 0>: ['OXT'], <Residue 744 (TYR) of chain 1>: ['OXT']}, 'Se_in_MET': [], 'removed_chains': {0: []}}
I0308 00:11:37.195142 22518246762304 amber_minimize.py:408] Minimizing protein, attempt 1 of 100.
I0308 00:11:38.393381 22518246762304 amber_minimize.py:69] Restraining 5876 / 11671 particles.
sh: /mpcdf/soft/SLE_15/packages/x86_64/alphafold/2.2.0/lib/libtinfo.so.6: no version information available (required by /lib64/libreadline.so.7)
I0308 00:12:52.246793 22518246762304 amber_minimize.py:177] alterations info: {'nonstandard_residues': [], 'removed_heterogens': set(), 'missing_residues': {}, 'missing_heavy_atoms': {}, 'missing_terminals': {}, 'Se_in_MET': [], 'removed_chains': {0: []}}
I0308 00:12:55.235132 22518246762304 amber_minimize.py:500] Iteration completed: Einit 121772977788.07 Efinal -13210.64 Time 67.88 s num residue violations 0 num residue exclusions 0 
sh: /mpcdf/soft/SLE_15/packages/x86_64/alphafold/2.2.0/lib/libtinfo.so.6: no version information available (required by /lib64/libreadline.so.7)
sh: /mpcdf/soft/SLE_15/packages/x86_64/alphafold/2.2.0/lib/libtinfo.so.6: no version information available (required by /lib64/libreadline.so.7)
I0308 00:13:02.544123 22518246762304 amber_minimize.py:177] alterations info: {'nonstandard_residues': [], 'removed_heterogens': set(), 'missing_residues': {}, 'missing_heavy_atoms': {}, 'missing_terminals': {<Residue 295 (PRO) of chain 0>: ['OXT'], <Residue 744 (TYR) of chain 1>: ['OXT']}, 'Se_in_MET': [], 'removed_chains': {0: []}}
I0308 00:13:04.874769 22518246762304 run_af2c_min.py:110] MYD88_P68373_x1 relaxation done, time spent 95.9 seconds, Efinal -13210.64, rmsd 0.44
I0308 00:13:04.874893 22518246762304 run_af2c_min.py:88] MYD88_P68373_x1 processing model_1_multimer_v2_p1_230306_280602.pdb
sh: /mpcdf/soft/SLE_15/packages/x86_64/alphafold/2.2.0/lib/libtinfo.so.6: no version information available (required by /lib64/libreadline.so.7)
sh: /mpcdf/soft/SLE_15/packages/x86_64/alphafold/2.2.0/lib/libtinfo.so.6: no version information available (required by /lib64/libreadline.so.7)
I0308 00:13:12.378327 22518246762304 amber_minimize.py:177] alterations info: {'nonstandard_residues': [], 'removed_heterogens': set(), 'missing_residues': {}, 'missing_heavy_atoms': {}, 'missing_terminals': {<Residue 295 (PRO) of chain 0>: ['OXT'], <Residue 744 (TYR) of chain 1>: ['OXT']}, 'Se_in_MET': [], 'removed_chains': {0: []}}
I0308 00:13:13.468739 22518246762304 amber_minimize.py:408] Minimizing protein, attempt 1 of 100.
I0308 00:13:14.664912 22518246762304 amber_minimize.py:69] Restraining 5876 / 11671 particles.
sh: /mpcdf/soft/SLE_15/packages/x86_64/alphafold/2.2.0/lib/libtinfo.so.6: no version information available (required by /lib64/libreadline.so.7)
I0308 00:15:21.736552 22518246762304 amber_minimize.py:177] alterations info: {'nonstandard_residues': [], 'removed_heterogens': set(), 'missing_residues': {}, 'missing_heavy_atoms': {}, 'missing_terminals': {}, 'Se_in_MET': [], 'removed_chains': {0: []}}
I0308 00:15:24.714942 22518246762304 amber_minimize.py:500] Iteration completed: Einit 879781.07 Efinal -13468.33 Time 121.35 s num residue violations 0 num residue exclusions 0 
sh: /mpcdf/soft/SLE_15/packages/x86_64/alphafold/2.2.0/lib/libtinfo.so.6: no version information available (required by /lib64/libreadline.so.7)
sh: /mpcdf/soft/SLE_15/packages/x86_64/alphafold/2.2.0/lib/libtinfo.so.6: no version information available (required by /lib64/libreadline.so.7)
I0308 00:15:32.169507 22518246762304 amber_minimize.py:177] alterations info: {'nonstandard_residues': [], 'removed_heterogens': set(), 'missing_residues': {}, 'missing_heavy_atoms': {}, 'missing_terminals': {<Residue 295 (PRO) of chain 0>: ['OXT'], <Residue 744 (TYR) of chain 1>: ['OXT']}, 'Se_in_MET': [], 'removed_chains': {0: []}}
I0308 00:15:34.481697 22518246762304 run_af2c_min.py:110] MYD88_P68373_x1 relaxation done, time spent 149.2 seconds, Efinal -13468.33, rmsd 0.42
                                  
================================= 
Global information about the job: 
================================= 
  
Job owner: flobnow(42847)
Job name:  6_RLX
Node list: ravg1026
Job start: Wed Mar  8 00:09:39 CET 2023
Job end:   Wed Mar  8 00:15:35 CET 2023
Work dir:  /raven/u/flobnow/workingLama/scripts/myRuns/P68373
Command:   /raven/u/flobnow/workingLama/scripts/myRuns/P68373/script3_relaxation.sh
  
  
  
==========================================================================================
Information on jobsteps (Note: MaxRSS/AveRSS is the maximum/average over all 
tasks of the per-task memory high-water marks; cf. "man sacct"): 
==========================================================================================
  
JobID            JobName NNodes NTasks  NCPUS        0.00M        0.00M    Elapsed ExitCode
------------- ---------- ------ ------ ------ ------------ ------------ ---------- --------
4375190            6_RLX      1           108                             00:05:56      0:0
4375190.0        python3      1      1    108    14238.21M    14238.21M   00:05:52      0:0
  
Maximum memory per node: 14.929841 GB (defined as MaxRSS*Ntasks/NNodes)
CPU utilization: 67.6 %
  
Info: input file name is P68373
Info: input target list is /u/flobnow/workingLama/scripts/myRuns/P68373/target.lst
Info: input feature directory is /u/flobnow/workingLama/feature_files
Info: result output directory is /u/flobnow/workingLama/output_files
Info: model preset is multimer_np
Info: msa pairing is all
Info: recycling setting is 1
Info: using preset super2
Info: set num_ensemble = 2
Info: set max_recyles = 20
Info: set recycle_tol = 0.1
Info: mas_pairing mode is all
I0309 12:33:41.296056 22503978600256 tpu_client.py:54] Starting the local TPU driver.
I0309 12:33:41.296425 22503978600256 xla_bridge.py:212] Unable to initialize backend 'tpu_driver': Not found: Unable to find driver in registry given worker: local://
I0309 12:33:41.656993 22503978600256 xla_bridge.py:212] Unable to initialize backend 'tpu': Invalid argument: TpuPlatform is not available.
I0309 12:33:44.378074 22503978600256 run_af2c_mod.py:481] Have 1 models: ['model_4_multimer_v2_p1']
Info: working on target MYD88_P68373_x1
I0309 12:33:54.388293 22503978600256 run_af2c_mod.py:512] Using random seed 639017684405052007 for the data pipeline
Info: MYD88_P68373_x1 found monomer MYD88_MOUSE msa_depth = 3425, seq_len = 296, num_templ = 20
Info: MYD88_MOUSE reducing the number of structural templates to 4
Info: MYD88_P68373_x1 found monomer P68373 msa_depth = 44724, seq_len = 449, num_templ = 20
Info: P68373 MSA size is too large, reducing to 10000
Info: P68373 reducing the number of structural templates to 4
Info: 2 chain(s) to model {'A': 'MYD88_MOUSE_1', 'B': 'P68373_1'}
Info: modeling MYD88_P68373_x1 with msa_depth = 6636, seq_len = 745, num_templ = 8
I0309 12:33:55.475188 22503978600256 run_af2c_mod.py:216] Running model model_4_multimer_v2_p1_230309_052007
I0309 12:33:55.475657 22503978600256 model.py:205] Running predict with shape(feat) = {'msa': (6636, 745), 'bert_mask': (6636, 745), 'num_alignments': (), 'aatype': (745,), 'seq_length': (), 'template_aatype': (8, 745), 'template_all_atom_mask': (8, 745, 37), 'template_all_atom_positions': (8, 745, 37, 3), 'all_atom_positions': (745, 37, 3), 'template_domain_names': (8,), 'asym_id': (745,), 'sym_id': (745,), 'entity_id': (745,), 'residue_index': (745,), 'deletion_matrix': (6636, 745), 'seq_mask': (745,), 'msa_mask': (6636, 745), 'cluster_bias_mask': (6636,), 'pdb_residue_index': (745,)}
I0309 12:47:58.323287 22503978600256 run_af2c_mod.py:270] Total JAX model model_4_multimer_v2_p1_230309_052007 predict time (includes compilation time): 842.8 seconds
Info: MYD88_P68373_x1 model_4_multimer_v2_p1_230309_052007_recycled_00,  tol =   inf, pLDDT = 79.96, pTM-score = 0.6030, piTM-score = 0.0014, interface-score = 0.0000, iRes = 2    iCnt = 1   
Info: MYD88_P68373_x1 model_4_multimer_v2_p1_230309_052007_recycled_01,  tol = 48.69, pLDDT = 79.77, pTM-score = 0.6096, piTM-score = 0.4867, interface-score = 0.0353, iRes = 65   iCnt = 132 
Info: MYD88_P68373_x1 model_4_multimer_v2_p1_230309_052007_recycled_02,  tol = 18.08, pLDDT = 81.51, pTM-score = 0.6053, piTM-score = 0.0000, interface-score = 0.0000, iRes = 0    iCnt = 0   
Info: MYD88_P68373_x1 model_4_multimer_v2_p1_230309_052007_recycled_03,  tol = 10.41, pLDDT = 82.05, pTM-score = 0.6054, piTM-score = 0.0044, interface-score = 0.0000, iRes = 4    iCnt = 2   
Info: MYD88_P68373_x1 model_4_multimer_v2_p1_230309_052007_recycled_04,  tol =  2.89, pLDDT = 82.29, pTM-score = 0.6048, piTM-score = 0.0000, interface-score = 0.0000, iRes = 0    iCnt = 0   
Info: MYD88_P68373_x1 model_4_multimer_v2_p1_230309_052007_recycled_05,  tol =  4.36, pLDDT = 82.62, pTM-score = 0.6034, piTM-score = 0.0000, interface-score = 0.0000, iRes = 0    iCnt = 0   
Info: MYD88_P68373_x1 model_4_multimer_v2_p1_230309_052007_recycled_06,  tol =  2.23, pLDDT = 82.45, pTM-score = 0.6039, piTM-score = 0.0000, interface-score = 0.0000, iRes = 0    iCnt = 0   
Info: MYD88_P68373_x1 model_4_multimer_v2_p1_230309_052007_recycled_07,  tol =  2.08, pLDDT = 82.59, pTM-score = 0.6059, piTM-score = 0.0014, interface-score = 0.0000, iRes = 2    iCnt = 1   
Info: MYD88_P68373_x1 model_4_multimer_v2_p1_230309_052007_recycled_08,  tol =  4.46, pLDDT = 82.79, pTM-score = 0.6069, piTM-score = 0.0000, interface-score = 0.0000, iRes = 0    iCnt = 0   
Info: MYD88_P68373_x1 model_4_multimer_v2_p1_230309_052007_recycled_09,  tol =  1.41, pLDDT = 82.88, pTM-score = 0.6098, piTM-score = 0.0066, interface-score = 0.0001, iRes = 6    iCnt = 4   
Info: MYD88_P68373_x1 model_4_multimer_v2_p1_230309_052007_recycled_10,  tol =  1.59, pLDDT = 82.69, pTM-score = 0.6108, piTM-score = 0.0286, interface-score = 0.0003, iRes = 11   iCnt = 8   
Info: MYD88_P68373_x1 model_4_multimer_v2_p1_230309_052007_recycled_11,  tol =  2.07, pLDDT = 82.93, pTM-score = 0.6128, piTM-score = 0.0263, interface-score = 0.0002, iRes = 10   iCnt = 8   
Info: MYD88_P68373_x1 model_4_multimer_v2_p1_230309_052007_recycled_12,  tol =  0.89, pLDDT = 82.65, pTM-score = 0.6107, piTM-score = 0.0263, interface-score = 0.0002, iRes = 10   iCnt = 8   
Info: MYD88_P68373_x1 model_4_multimer_v2_p1_230309_052007_recycled_13,  tol =  1.50, pLDDT = 82.91, pTM-score = 0.6130, piTM-score = 0.0176, interface-score = 0.0001, iRes = 7    iCnt = 5   
Info: MYD88_P68373_x1 model_4_multimer_v2_p1_230309_052007_recycled_14,  tol =  1.39, pLDDT = 82.63, pTM-score = 0.6118, piTM-score = 0.0110, interface-score = 0.0001, iRes = 6    iCnt = 4   
Info: MYD88_P68373_x1 model_4_multimer_v2_p1_230309_052007_recycled_15,  tol =  1.30, pLDDT = 82.85, pTM-score = 0.6117, piTM-score = 0.0146, interface-score = 0.0001, iRes = 7    iCnt = 5   
Info: MYD88_P68373_x1 model_4_multimer_v2_p1_230309_052007_recycled_16,  tol =  0.81, pLDDT = 82.71, pTM-score = 0.6091, piTM-score = 0.0175, interface-score = 0.0001, iRes = 7    iCnt = 5   
Info: MYD88_P68373_x1 model_4_multimer_v2_p1_230309_052007_recycled_17,  tol =  1.43, pLDDT = 82.78, pTM-score = 0.6096, piTM-score = 0.0110, interface-score = 0.0001, iRes = 6    iCnt = 4   
Info: MYD88_P68373_x1 model_4_multimer_v2_p1_230309_052007_recycled_18,  tol =  1.24, pLDDT = 82.75, pTM-score = 0.6097, piTM-score = 0.0199, interface-score = 0.0002, iRes = 8    iCnt = 7   
Info: MYD88_P68373_x1 model_4_multimer_v2_p1_230309_052007_recycled_19,  tol =  0.52, pLDDT = 82.76, pTM-score = 0.6104, piTM-score = 0.0083, interface-score = 0.0001, iRes = 5    iCnt = 4   
Info: MYD88_P68373_x1 model_4_multimer_v2_p1_230309_052007 performed 20 recycles, final tol = 1.46, pLDDT = 82.67, pTM-score = 0.6113, piTM-score = 0.0198, interface-score = 0.0002, iRes = 8    iCnt = 7   
Info: num_clusters = 2, cluster_sizes = [1, 1],  clusters = [['MYD88_MOUSE_0'], ['P68373_0']]

I0309 12:48:01.332050 22503978600256 run_af2c_mod.py:404] Final timings for MYD88_P68373_x1: {'features': 1.09, 'process_features_model_4_multimer_v2_p1_230309_052007': 0.0, 'predict_and_compile_model_4_multimer_v2_p1_230309_052007': 842.8}
                                  
================================= 
Global information about the job: 
================================= 
  
Job owner: flobnow(42847)
Job name:  4_AF2C
Node list: ravg1067
Job start: Thu Mar  9 12:33:34 CET 2023
Job end:   Thu Mar  9 12:48:03 CET 2023
Work dir:  /raven/u/flobnow/workingLama/scripts/myRuns/P68373
Command:   /raven/u/flobnow/workingLama/scripts/myRuns/P68373/script2_comp_model_4.sh
  
  
  
==========================================================================================
Information on jobsteps (Note: MaxRSS/AveRSS is the maximum/average over all 
tasks of the per-task memory high-water marks; cf. "man sacct"): 
==========================================================================================
  
JobID            JobName NNodes NTasks  NCPUS        0.00M        0.00M    Elapsed ExitCode
------------- ---------- ------ ------ ------ ------------ ------------ ---------- --------
4388036           4_AF2C      1           108                             00:14:29      0:0
4388036.0        python3      1      1    108    23364.36M    23364.36M   00:14:27      0:0
  
Maximum memory per node: 24.499310 GB (defined as MaxRSS*Ntasks/NNodes)
CPU utilization: 1.9 %
  
Info: input file name is P68373
Info: input target list is /u/flobnow/workingLama/scripts/myRuns/P68373/target.lst
Info: input feature directory is /u/flobnow/workingLama/feature_files
Info: result output directory is /u/flobnow/workingLama/output_files
Info: model preset is multimer_np
Info: msa pairing is all
Info: recycling setting is 1
Info: using preset super2
Info: set num_ensemble = 2
Info: set max_recyles = 20
Info: set recycle_tol = 0.1
Info: mas_pairing mode is all
I0309 12:33:43.754886 23210569774912 tpu_client.py:54] Starting the local TPU driver.
I0309 12:33:43.755255 23210569774912 xla_bridge.py:212] Unable to initialize backend 'tpu_driver': Not found: Unable to find driver in registry given worker: local://
I0309 12:33:44.119801 23210569774912 xla_bridge.py:212] Unable to initialize backend 'tpu': Invalid argument: TpuPlatform is not available.
I0309 12:33:46.908630 23210569774912 run_af2c_mod.py:481] Have 1 models: ['model_5_multimer_v2_p1']
Info: working on target MYD88_P68373_x1
I0309 12:33:51.913855 23210569774912 run_af2c_mod.py:512] Using random seed 3619881735166663260 for the data pipeline
Info: MYD88_P68373_x1 found monomer MYD88_MOUSE msa_depth = 3425, seq_len = 296, num_templ = 20
Info: MYD88_MOUSE reducing the number of structural templates to 4
Info: MYD88_P68373_x1 found monomer P68373 msa_depth = 44724, seq_len = 449, num_templ = 20
Info: P68373 MSA size is too large, reducing to 10000
Info: P68373 reducing the number of structural templates to 4
Info: 2 chain(s) to model {'A': 'MYD88_MOUSE_1', 'B': 'P68373_1'}
Info: modeling MYD88_P68373_x1 with msa_depth = 6636, seq_len = 745, num_templ = 8
I0309 12:33:53.266654 23210569774912 run_af2c_mod.py:216] Running model model_5_multimer_v2_p1_230309_663260
I0309 12:33:53.267138 23210569774912 model.py:205] Running predict with shape(feat) = {'msa': (6636, 745), 'bert_mask': (6636, 745), 'num_alignments': (), 'aatype': (745,), 'seq_length': (), 'template_aatype': (8, 745), 'template_all_atom_mask': (8, 745, 37), 'template_all_atom_positions': (8, 745, 37, 3), 'all_atom_positions': (745, 37, 3), 'template_domain_names': (8,), 'asym_id': (745,), 'sym_id': (745,), 'entity_id': (745,), 'residue_index': (745,), 'deletion_matrix': (6636, 745), 'seq_mask': (745,), 'msa_mask': (6636, 745), 'cluster_bias_mask': (6636,), 'pdb_residue_index': (745,)}
I0309 12:48:05.473926 23210569774912 run_af2c_mod.py:270] Total JAX model model_5_multimer_v2_p1_230309_663260 predict time (includes compilation time): 852.2 seconds
Info: MYD88_P68373_x1 model_5_multimer_v2_p1_230309_663260_recycled_00,  tol =   inf, pLDDT = 78.46, pTM-score = 0.5999, piTM-score = 0.3836, interface-score = 0.0108, iRes = 45   iCnt = 90  
Info: MYD88_P68373_x1 model_5_multimer_v2_p1_230309_663260_recycled_01,  tol = 49.35, pLDDT = 80.06, pTM-score = 0.5969, piTM-score = 0.2278, interface-score = 0.0113, iRes = 42   iCnt = 50  
Info: MYD88_P68373_x1 model_5_multimer_v2_p1_230309_663260_recycled_02,  tol =  4.54, pLDDT = 79.70, pTM-score = 0.6006, piTM-score = 0.0191, interface-score = 0.0001, iRes = 10   iCnt = 7   
Info: MYD88_P68373_x1 model_5_multimer_v2_p1_230309_663260_recycled_03,  tol = 12.95, pLDDT = 81.64, pTM-score = 0.6065, piTM-score = 0.0179, interface-score = 0.0001, iRes = 9    iCnt = 10  
Info: MYD88_P68373_x1 model_5_multimer_v2_p1_230309_663260_recycled_04,  tol =  5.66, pLDDT = 80.98, pTM-score = 0.6007, piTM-score = 0.0394, interface-score = 0.0004, iRes = 21   iCnt = 17  
Info: MYD88_P68373_x1 model_5_multimer_v2_p1_230309_663260_recycled_05,  tol =  6.51, pLDDT = 81.04, pTM-score = 0.5989, piTM-score = 0.0264, interface-score = 0.0002, iRes = 14   iCnt = 8   
Info: MYD88_P68373_x1 model_5_multimer_v2_p1_230309_663260_recycled_06,  tol =  5.57, pLDDT = 81.14, pTM-score = 0.6042, piTM-score = 0.1737, interface-score = 0.0063, iRes = 29   iCnt = 29  
Info: MYD88_P68373_x1 model_5_multimer_v2_p1_230309_663260_recycled_07,  tol =  6.51, pLDDT = 81.18, pTM-score = 0.6062, piTM-score = 0.0413, interface-score = 0.0008, iRes = 15   iCnt = 13  
Info: MYD88_P68373_x1 model_5_multimer_v2_p1_230309_663260_recycled_08,  tol = 10.72, pLDDT = 81.17, pTM-score = 0.6204, piTM-score = 0.2629, interface-score = 0.0354, iRes = 34   iCnt = 28  
Info: MYD88_P68373_x1 model_5_multimer_v2_p1_230309_663260_recycled_09,  tol =  2.13, pLDDT = 81.27, pTM-score = 0.6157, piTM-score = 0.1723, interface-score = 0.0137, iRes = 26   iCnt = 21  
Info: MYD88_P68373_x1 model_5_multimer_v2_p1_230309_663260_recycled_10,  tol =  1.22, pLDDT = 80.74, pTM-score = 0.6018, piTM-score = 0.3215, interface-score = 0.0173, iRes = 54   iCnt = 70  
Info: MYD88_P68373_x1 model_5_multimer_v2_p1_230309_663260_recycled_11,  tol = 12.71, pLDDT = 81.48, pTM-score = 0.6027, piTM-score = 0.0211, interface-score = 0.0002, iRes = 11   iCnt = 9   
Info: MYD88_P68373_x1 model_5_multimer_v2_p1_230309_663260_recycled_12,  tol =  4.59, pLDDT = 81.42, pTM-score = 0.6055, piTM-score = 0.1400, interface-score = 0.0031, iRes = 23   iCnt = 24  
Info: MYD88_P68373_x1 model_5_multimer_v2_p1_230309_663260_recycled_13,  tol =  3.36, pLDDT = 81.41, pTM-score = 0.6042, piTM-score = 0.0307, interface-score = 0.0004, iRes = 12   iCnt = 11  
Info: MYD88_P68373_x1 model_5_multimer_v2_p1_230309_663260_recycled_14,  tol =  1.05, pLDDT = 81.34, pTM-score = 0.6042, piTM-score = 0.0262, interface-score = 0.0003, iRes = 10   iCnt = 9   
Info: MYD88_P68373_x1 model_5_multimer_v2_p1_230309_663260_recycled_15,  tol =  0.42, pLDDT = 81.06, pTM-score = 0.6025, piTM-score = 0.0283, interface-score = 0.0003, iRes = 11   iCnt = 10  
Info: MYD88_P68373_x1 model_5_multimer_v2_p1_230309_663260_recycled_16,  tol =  1.03, pLDDT = 80.89, pTM-score = 0.6015, piTM-score = 0.0362, interface-score = 0.0002, iRes = 11   iCnt = 11  
Info: MYD88_P68373_x1 model_5_multimer_v2_p1_230309_663260_recycled_17,  tol =  1.26, pLDDT = 81.27, pTM-score = 0.6014, piTM-score = 0.0224, interface-score = 0.0002, iRes = 9    iCnt = 7   
Info: MYD88_P68373_x1 model_5_multimer_v2_p1_230309_663260_recycled_18,  tol =  1.63, pLDDT = 81.11, pTM-score = 0.6021, piTM-score = 0.0369, interface-score = 0.0004, iRes = 13   iCnt = 12  
Info: MYD88_P68373_x1 model_5_multimer_v2_p1_230309_663260_recycled_19,  tol =  1.59, pLDDT = 81.10, pTM-score = 0.6009, piTM-score = 0.0158, interface-score = 0.0001, iRes = 8    iCnt = 6   
Info: MYD88_P68373_x1 model_5_multimer_v2_p1_230309_663260 performed 20 recycles, final tol = 1.60, pLDDT = 81.04, pTM-score = 0.5995, piTM-score = 0.0231, interface-score = 0.0002, iRes = 13   iCnt = 9   
Info: num_clusters = 2, cluster_sizes = [1, 1],  clusters = [['MYD88_MOUSE_0'], ['P68373_0']]

I0309 12:48:08.491659 23210569774912 run_af2c_mod.py:404] Final timings for MYD88_P68373_x1: {'features': 1.35, 'process_features_model_5_multimer_v2_p1_230309_663260': 0.0, 'predict_and_compile_model_5_multimer_v2_p1_230309_663260': 852.2}
                                  
================================= 
Global information about the job: 
================================= 
  
Job owner: flobnow(42847)
Job name:  5_AF2C
Node list: ravg1026
Job start: Thu Mar  9 12:33:34 CET 2023
Job end:   Thu Mar  9 12:48:10 CET 2023
Work dir:  /raven/u/flobnow/workingLama/scripts/myRuns/P68373
Command:   /raven/u/flobnow/workingLama/scripts/myRuns/P68373/script2_comp_model_5.sh
  
  
  
==========================================================================================
Information on jobsteps (Note: MaxRSS/AveRSS is the maximum/average over all 
tasks of the per-task memory high-water marks; cf. "man sacct"): 
==========================================================================================
  
JobID            JobName NNodes NTasks  NCPUS        0.00M        0.00M    Elapsed ExitCode
------------- ---------- ------ ------ ------ ------------ ------------ ---------- --------
4388037           5_AF2C      1           108                             00:14:36      0:0
4388037.0        python3      1      1    108    23184.18M    23184.18M   00:14:34      0:0
  
Maximum memory per node: 24.310374 GB (defined as MaxRSS*Ntasks/NNodes)
CPU utilization: 1.9 %
  
