Info: input file name is DHF91_x10
Info: input target list is /u/flobnow/workingLama/scripts/myRuns/DHF91_x10/target.lst
Info: input feature directory is /u/flobnow/workingLama/feature_files
Info: result output directory is /u/flobnow/workingLama/output_files
Info: model preset is multimer_np
Info: msa pairing is all
Info: recycling setting is 1
Info: using preset super2
Info: set num_ensemble = 2
Info: set max_recyles = 20
Info: set recycle_tol = 0.1
Info: mas_pairing mode is all
I0128 10:11:05.695562 23101983815488 tpu_client.py:54] Starting the local TPU driver.
I0128 10:11:05.695913 23101983815488 xla_bridge.py:212] Unable to initialize backend 'tpu_driver': Not found: Unable to find driver in registry given worker: local://
I0128 10:11:06.031383 23101983815488 xla_bridge.py:212] Unable to initialize backend 'tpu': Invalid argument: TpuPlatform is not available.
I0128 10:11:08.758504 23101983815488 run_af2c_mod.py:481] Have 1 models: ['model_1_multimer_v2_p1']
Info: working on target IL1RAP-TIR_x2_MYD88_x2_MYD88-DD_x4
I0128 10:11:12.762749 23101983815488 run_af2c_mod.py:512] Using random seed 6988294736562515219 for the data pipeline
Info: IL1RAP-TIR_x2_MYD88_x2_MYD88-DD_x4 found monomer DHF91 msa_depth = 429, seq_len = 168, num_templ = 20
Info: DHF91 reducing the number of structural templates to 4
Info: 10 chain(s) to model {'A': 'DHF91_1', 'B': 'DHF91_1', 'C': 'DHF91_1', 'D': 'DHF91_1', 'E': 'DHF91_1', 'F': 'DHF91_1', 'G': 'DHF91_1', 'H': 'DHF91_1', 'I': 'DHF91_1', 'J': 'DHF91_1'}
Info: modeling IL1RAP-TIR_x2_MYD88_x2_MYD88-DD_x4 with msa_depth = 512, seq_len = 1680, num_templ = 40
I0128 10:11:12.923066 23101983815488 run_af2c_mod.py:216] Running model model_1_multimer_v2_p1_230128_515219
I0128 10:11:12.923536 23101983815488 model.py:205] Running predict with shape(feat) = {'msa': (512, 1680), 'bert_mask': (512, 1680), 'num_alignments': (), 'aatype': (1680,), 'seq_length': (), 'template_aatype': (40, 1680), 'template_all_atom_mask': (40, 1680, 37), 'template_all_atom_positions': (40, 1680, 37, 3), 'all_atom_positions': (1680, 37, 3), 'template_domain_names': (40,), 'asym_id': (1680,), 'sym_id': (1680,), 'entity_id': (1680,), 'residue_index': (1680,), 'deletion_matrix': (512, 1680), 'seq_mask': (1680,), 'msa_mask': (512, 1680), 'cluster_bias_mask': (512,), 'pdb_residue_index': (1680,)}
I0128 12:36:18.802302 23101983815488 run_af2c_mod.py:270] Total JAX model model_1_multimer_v2_p1_230128_515219 predict time (includes compilation time): 8705.9 seconds
Info: IL1RAP-TIR_x2_MYD88_x2_MYD88-DD_x4 model_1_multimer_v2_p1_230128_515219_recycled_00,  tol =   inf, pLDDT = 69.48, pTM-score = 0.2332, piTM-score = 0.3102, interface-score = 0.0104, iRes = 64   iCnt = 88  
Info: IL1RAP-TIR_x2_MYD88_x2_MYD88-DD_x4 model_1_multimer_v2_p1_230128_515219_recycled_01,  tol = 128.52, pLDDT = 66.28, pTM-score = 0.2344, piTM-score = 0.0014, interface-score = 0.0000, iRes = 2    iCnt = 1   
Info: IL1RAP-TIR_x2_MYD88_x2_MYD88-DD_x4 model_1_multimer_v2_p1_230128_515219_recycled_02,  tol = 54.95, pLDDT = 63.71, pTM-score = 0.2444, piTM-score = 0.3629, interface-score = 0.0405, iRes = 106  iCnt = 182 
Info: IL1RAP-TIR_x2_MYD88_x2_MYD88-DD_x4 model_1_multimer_v2_p1_230128_515219_recycled_03,  tol = 44.34, pLDDT = 67.33, pTM-score = 0.2549, piTM-score = 0.0117, interface-score = 0.0004, iRes = 10   iCnt = 5   
Info: IL1RAP-TIR_x2_MYD88_x2_MYD88-DD_x4 model_1_multimer_v2_p1_230128_515219_recycled_04,  tol = 37.16, pLDDT = 68.80, pTM-score = 0.2699, piTM-score = 0.0044, interface-score = 0.0003, iRes = 6    iCnt = 3   
Info: IL1RAP-TIR_x2_MYD88_x2_MYD88-DD_x4 model_1_multimer_v2_p1_230128_515219_recycled_05,  tol = 25.36, pLDDT = 69.92, pTM-score = 0.2765, piTM-score = 0.0217, interface-score = 0.0026, iRes = 15   iCnt = 8   
Info: IL1RAP-TIR_x2_MYD88_x2_MYD88-DD_x4 model_1_multimer_v2_p1_230128_515219_recycled_06,  tol = 19.74, pLDDT = 68.09, pTM-score = 0.2921, piTM-score = 0.3394, interface-score = 0.1328, iRes = 52   iCnt = 55  
Info: IL1RAP-TIR_x2_MYD88_x2_MYD88-DD_x4 model_1_multimer_v2_p1_230128_515219_recycled_07,  tol = 25.49, pLDDT = 70.30, pTM-score = 0.2802, piTM-score = 0.0119, interface-score = 0.0011, iRes = 8    iCnt = 4   
Info: IL1RAP-TIR_x2_MYD88_x2_MYD88-DD_x4 model_1_multimer_v2_p1_230128_515219_recycled_08,  tol = 22.95, pLDDT = 70.70, pTM-score = 0.2849, piTM-score = 0.0989, interface-score = 0.0404, iRes = 27   iCnt = 16  
Info: IL1RAP-TIR_x2_MYD88_x2_MYD88-DD_x4 model_1_multimer_v2_p1_230128_515219_recycled_09,  tol = 13.12, pLDDT = 71.35, pTM-score = 0.2952, piTM-score = 0.1385, interface-score = 0.0872, iRes = 34   iCnt = 20  
Info: IL1RAP-TIR_x2_MYD88_x2_MYD88-DD_x4 model_1_multimer_v2_p1_230128_515219_recycled_10,  tol =  6.50, pLDDT = 71.09, pTM-score = 0.2939, piTM-score = 0.0295, interface-score = 0.0107, iRes = 20   iCnt = 11  
Info: IL1RAP-TIR_x2_MYD88_x2_MYD88-DD_x4 model_1_multimer_v2_p1_230128_515219_recycled_11,  tol = 14.24, pLDDT = 71.25, pTM-score = 0.2971, piTM-score = 0.0234, interface-score = 0.0083, iRes = 17   iCnt = 9   
Info: IL1RAP-TIR_x2_MYD88_x2_MYD88-DD_x4 model_1_multimer_v2_p1_230128_515219_recycled_12,  tol =  3.27, pLDDT = 70.74, pTM-score = 0.2915, piTM-score = 0.0331, interface-score = 0.0088, iRes = 19   iCnt = 11  
Info: IL1RAP-TIR_x2_MYD88_x2_MYD88-DD_x4 model_1_multimer_v2_p1_230128_515219_recycled_13,  tol =  2.33, pLDDT = 71.48, pTM-score = 0.2937, piTM-score = 0.1049, interface-score = 0.0367, iRes = 24   iCnt = 13  
Info: IL1RAP-TIR_x2_MYD88_x2_MYD88-DD_x4 model_1_multimer_v2_p1_230128_515219_recycled_14,  tol =  8.46, pLDDT = 71.78, pTM-score = 0.2957, piTM-score = 0.1155, interface-score = 0.0439, iRes = 25   iCnt = 14  
Info: IL1RAP-TIR_x2_MYD88_x2_MYD88-DD_x4 model_1_multimer_v2_p1_230128_515219_recycled_15,  tol =  6.80, pLDDT = 70.81, pTM-score = 0.2927, piTM-score = 0.0686, interface-score = 0.0274, iRes = 23   iCnt = 12  
Info: IL1RAP-TIR_x2_MYD88_x2_MYD88-DD_x4 model_1_multimer_v2_p1_230128_515219_recycled_16,  tol = 20.37, pLDDT = 71.38, pTM-score = 0.2908, piTM-score = 0.0417, interface-score = 0.0124, iRes = 21   iCnt = 11  
Info: IL1RAP-TIR_x2_MYD88_x2_MYD88-DD_x4 model_1_multimer_v2_p1_230128_515219_recycled_17,  tol = 17.44, pLDDT = 71.23, pTM-score = 0.2972, piTM-score = 0.0491, interface-score = 0.0265, iRes = 23   iCnt = 12  
Info: IL1RAP-TIR_x2_MYD88_x2_MYD88-DD_x4 model_1_multimer_v2_p1_230128_515219_recycled_18,  tol = 18.31, pLDDT = 71.20, pTM-score = 0.2931, piTM-score = 0.0768, interface-score = 0.0291, iRes = 23   iCnt = 13  
Info: IL1RAP-TIR_x2_MYD88_x2_MYD88-DD_x4 model_1_multimer_v2_p1_230128_515219_recycled_19,  tol = 11.19, pLDDT = 71.45, pTM-score = 0.2946, piTM-score = 0.1157, interface-score = 0.0433, iRes = 25   iCnt = 14  
Info: IL1RAP-TIR_x2_MYD88_x2_MYD88-DD_x4 model_1_multimer_v2_p1_230128_515219 performed 20 recycles, final tol = 7.08, pLDDT = 70.73, pTM-score = 0.2934, piTM-score = 0.0231, interface-score = 0.0077, iRes = 17   iCnt = 9   
Info: num_clusters = 10, cluster_sizes = [1, 1, 1, 1, 1, 1, 1, 1, 1, 1],  clusters = [['DHF91_0'], ['DHF91_1'], ['DHF91_2'], ['DHF91_3'], ['DHF91_4'], ['DHF91_5'], ['DHF91_6'], ['DHF91_7'], ['DHF91_8'], ['DHF91_9']]

I0128 12:36:26.363888 23101983815488 run_af2c_mod.py:404] Final timings for IL1RAP-TIR_x2_MYD88_x2_MYD88-DD_x4: {'features': 0.16, 'process_features_model_1_multimer_v2_p1_230128_515219': 0.0, 'predict_and_compile_model_1_multimer_v2_p1_230128_515219': 8705.9}
                                  
================================= 
Global information about the job: 
================================= 
  
Job owner: flobnow(42847)
Job name:  1_AF2C
Node list: ravg1013
Job start: Sat Jan 28 10:10:57 CET 2023
Job end:   Sat Jan 28 12:36:30 CET 2023
Work dir:  /raven/u/flobnow/workingLama/scripts/myRuns/DHF91_x10
Command:   /raven/u/flobnow/workingLama/scripts/myRuns/DHF91_x10/script2_comp_model_1.sh
  
  
  
==========================================================================================
Information on jobsteps (Note: MaxRSS/AveRSS is the maximum/average over all 
tasks of the per-task memory high-water marks; cf. "man sacct"): 
==========================================================================================
  
JobID            JobName NNodes NTasks  NCPUS        0.00M        0.00M    Elapsed ExitCode
------------- ---------- ------ ------ ------ ------------ ------------ ---------- --------
4046541           1_AF2C      1           108                             02:25:33      0:0
4046541.0        python3      1      1    108    87091.96M    87091.96M   02:25:32      0:0
  
Maximum memory per node: 91.322544 GB (defined as MaxRSS*Ntasks/NNodes)
CPU utilization: 1.9 %
  
Info: input file name is DHF91_x10
Info: input target list is /u/flobnow/workingLama/scripts/myRuns/DHF91_x10/target.lst
Info: input feature directory is /u/flobnow/workingLama/feature_files
Info: result output directory is /u/flobnow/workingLama/output_files
Info: model preset is multimer_np
Info: msa pairing is all
Info: recycling setting is 1
Info: using preset super2
Info: set num_ensemble = 2
Info: set max_recyles = 20
Info: set recycle_tol = 0.1
Info: mas_pairing mode is all
I0128 10:11:09.871207 23133980530496 tpu_client.py:54] Starting the local TPU driver.
I0128 10:11:09.875183 23133980530496 xla_bridge.py:212] Unable to initialize backend 'tpu_driver': Not found: Unable to find driver in registry given worker: local://
I0128 10:11:10.229490 23133980530496 xla_bridge.py:212] Unable to initialize backend 'tpu': Invalid argument: TpuPlatform is not available.
I0128 10:11:13.128459 23133980530496 run_af2c_mod.py:481] Have 1 models: ['model_2_multimer_v2_p1']
Info: working on target IL1RAP-TIR_x2_MYD88_x2_MYD88-DD_x4
I0128 10:11:18.133710 23133980530496 run_af2c_mod.py:512] Using random seed 5706473716425587721 for the data pipeline
Info: IL1RAP-TIR_x2_MYD88_x2_MYD88-DD_x4 found monomer DHF91 msa_depth = 429, seq_len = 168, num_templ = 20
Info: DHF91 reducing the number of structural templates to 4
Info: 10 chain(s) to model {'A': 'DHF91_1', 'B': 'DHF91_1', 'C': 'DHF91_1', 'D': 'DHF91_1', 'E': 'DHF91_1', 'F': 'DHF91_1', 'G': 'DHF91_1', 'H': 'DHF91_1', 'I': 'DHF91_1', 'J': 'DHF91_1'}
Info: modeling IL1RAP-TIR_x2_MYD88_x2_MYD88-DD_x4 with msa_depth = 512, seq_len = 1680, num_templ = 40
I0128 10:11:18.295862 23133980530496 run_af2c_mod.py:216] Running model model_2_multimer_v2_p1_230128_587721
I0128 10:11:18.296329 23133980530496 model.py:205] Running predict with shape(feat) = {'msa': (512, 1680), 'bert_mask': (512, 1680), 'num_alignments': (), 'aatype': (1680,), 'seq_length': (), 'template_aatype': (40, 1680), 'template_all_atom_mask': (40, 1680, 37), 'template_all_atom_positions': (40, 1680, 37, 3), 'all_atom_positions': (1680, 37, 3), 'template_domain_names': (40,), 'asym_id': (1680,), 'sym_id': (1680,), 'entity_id': (1680,), 'residue_index': (1680,), 'deletion_matrix': (512, 1680), 'seq_mask': (1680,), 'msa_mask': (512, 1680), 'cluster_bias_mask': (512,), 'pdb_residue_index': (1680,)}
I0128 12:32:57.073194 23133980530496 run_af2c_mod.py:270] Total JAX model model_2_multimer_v2_p1_230128_587721 predict time (includes compilation time): 8498.8 seconds
Info: IL1RAP-TIR_x2_MYD88_x2_MYD88-DD_x4 model_2_multimer_v2_p1_230128_587721_recycled_00,  tol =   inf, pLDDT = 56.41, pTM-score = 0.2291, piTM-score = 0.3838, interface-score = 0.0735, iRes = 343  iCnt = 1155
Info: IL1RAP-TIR_x2_MYD88_x2_MYD88-DD_x4 model_2_multimer_v2_p1_230128_587721_recycled_01,  tol = 111.26, pLDDT = 55.52, pTM-score = 0.2311, piTM-score = 0.0595, interface-score = 0.0003, iRes = 17   iCnt = 21  
Info: IL1RAP-TIR_x2_MYD88_x2_MYD88-DD_x4 model_2_multimer_v2_p1_230128_587721_recycled_02,  tol = 34.23, pLDDT = 52.26, pTM-score = 0.2309, piTM-score = 0.0000, interface-score = 0.0000, iRes = 0    iCnt = 0   
Info: IL1RAP-TIR_x2_MYD88_x2_MYD88-DD_x4 model_2_multimer_v2_p1_230128_587721_recycled_03,  tol = 27.30, pLDDT = 52.52, pTM-score = 0.2335, piTM-score = 0.0000, interface-score = 0.0000, iRes = 0    iCnt = 0   
Info: IL1RAP-TIR_x2_MYD88_x2_MYD88-DD_x4 model_2_multimer_v2_p1_230128_587721_recycled_04,  tol = 22.21, pLDDT = 50.84, pTM-score = 0.2351, piTM-score = 0.0000, interface-score = 0.0000, iRes = 0    iCnt = 0   
Info: IL1RAP-TIR_x2_MYD88_x2_MYD88-DD_x4 model_2_multimer_v2_p1_230128_587721_recycled_05,  tol = 29.02, pLDDT = 48.94, pTM-score = 0.2306, piTM-score = 0.0000, interface-score = 0.0000, iRes = 0    iCnt = 0   
Info: IL1RAP-TIR_x2_MYD88_x2_MYD88-DD_x4 model_2_multimer_v2_p1_230128_587721_recycled_06,  tol = 36.41, pLDDT = 48.83, pTM-score = 0.2307, piTM-score = 0.0000, interface-score = 0.0000, iRes = 0    iCnt = 0   
Info: IL1RAP-TIR_x2_MYD88_x2_MYD88-DD_x4 model_2_multimer_v2_p1_230128_587721_recycled_07,  tol = 10.28, pLDDT = 49.00, pTM-score = 0.2374, piTM-score = 0.1147, interface-score = 0.0017, iRes = 24   iCnt = 20  
Info: IL1RAP-TIR_x2_MYD88_x2_MYD88-DD_x4 model_2_multimer_v2_p1_230128_587721_recycled_08,  tol = 29.81, pLDDT = 49.03, pTM-score = 0.2320, piTM-score = 0.0087, interface-score = 0.0000, iRes = 5    iCnt = 4   
Info: IL1RAP-TIR_x2_MYD88_x2_MYD88-DD_x4 model_2_multimer_v2_p1_230128_587721_recycled_09,  tol = 12.62, pLDDT = 47.43, pTM-score = 0.2278, piTM-score = 0.0429, interface-score = 0.0002, iRes = 15   iCnt = 14  
Info: IL1RAP-TIR_x2_MYD88_x2_MYD88-DD_x4 model_2_multimer_v2_p1_230128_587721_recycled_10,  tol = 26.41, pLDDT = 49.24, pTM-score = 0.2325, piTM-score = 0.0045, interface-score = 0.0000, iRes = 4    iCnt = 2   
Info: IL1RAP-TIR_x2_MYD88_x2_MYD88-DD_x4 model_2_multimer_v2_p1_230128_587721_recycled_11,  tol = 16.62, pLDDT = 46.68, pTM-score = 0.2333, piTM-score = 0.3627, interface-score = 0.0291, iRes = 73   iCnt = 168 
Info: IL1RAP-TIR_x2_MYD88_x2_MYD88-DD_x4 model_2_multimer_v2_p1_230128_587721_recycled_12,  tol = 21.10, pLDDT = 47.10, pTM-score = 0.2289, piTM-score = 0.0054, interface-score = 0.0000, iRes = 4    iCnt = 2   
Info: IL1RAP-TIR_x2_MYD88_x2_MYD88-DD_x4 model_2_multimer_v2_p1_230128_587721_recycled_13,  tol = 28.60, pLDDT = 47.48, pTM-score = 0.2295, piTM-score = 0.0000, interface-score = 0.0000, iRes = 0    iCnt = 0   
Info: IL1RAP-TIR_x2_MYD88_x2_MYD88-DD_x4 model_2_multimer_v2_p1_230128_587721_recycled_14,  tol = 12.41, pLDDT = 49.22, pTM-score = 0.2360, piTM-score = 0.0262, interface-score = 0.0003, iRes = 11   iCnt = 8   
Info: IL1RAP-TIR_x2_MYD88_x2_MYD88-DD_x4 model_2_multimer_v2_p1_230128_587721_recycled_15,  tol = 18.79, pLDDT = 47.08, pTM-score = 0.2302, piTM-score = 0.0000, interface-score = 0.0000, iRes = 0    iCnt = 0   
Info: IL1RAP-TIR_x2_MYD88_x2_MYD88-DD_x4 model_2_multimer_v2_p1_230128_587721_recycled_16,  tol = 18.59, pLDDT = 45.16, pTM-score = 0.2250, piTM-score = 0.0000, interface-score = 0.0000, iRes = 0    iCnt = 0   
Info: IL1RAP-TIR_x2_MYD88_x2_MYD88-DD_x4 model_2_multimer_v2_p1_230128_587721_recycled_17,  tol =  5.87, pLDDT = 48.86, pTM-score = 0.2309, piTM-score = 0.0030, interface-score = 0.0000, iRes = 3    iCnt = 2   
Info: IL1RAP-TIR_x2_MYD88_x2_MYD88-DD_x4 model_2_multimer_v2_p1_230128_587721_recycled_18,  tol = 28.65, pLDDT = 49.12, pTM-score = 0.2326, piTM-score = 0.0000, interface-score = 0.0000, iRes = 0    iCnt = 0   
Info: IL1RAP-TIR_x2_MYD88_x2_MYD88-DD_x4 model_2_multimer_v2_p1_230128_587721_recycled_19,  tol = 22.66, pLDDT = 46.92, pTM-score = 0.2281, piTM-score = 0.0000, interface-score = 0.0000, iRes = 0    iCnt = 0   
Info: IL1RAP-TIR_x2_MYD88_x2_MYD88-DD_x4 model_2_multimer_v2_p1_230128_587721 performed 20 recycles, final tol = 24.22, pLDDT = 46.51, pTM-score = 0.2265, piTM-score = 0.0000, interface-score = 0.0000, iRes = 0    iCnt = 0   
Info: num_clusters = 10, cluster_sizes = [1, 1, 1, 1, 1, 1, 1, 1, 1, 1],  clusters = [['DHF91_0'], ['DHF91_1'], ['DHF91_2'], ['DHF91_3'], ['DHF91_4'], ['DHF91_5'], ['DHF91_6'], ['DHF91_7'], ['DHF91_8'], ['DHF91_9']]

I0128 12:33:11.489130 23133980530496 run_af2c_mod.py:404] Final timings for IL1RAP-TIR_x2_MYD88_x2_MYD88-DD_x4: {'features': 0.16, 'process_features_model_2_multimer_v2_p1_230128_587721': 0.0, 'predict_and_compile_model_2_multimer_v2_p1_230128_587721': 8498.8}
                                  
================================= 
Global information about the job: 
================================= 
  
Job owner: flobnow(42847)
Job name:  2_AF2C
Node list: ravg1014
Job start: Sat Jan 28 10:10:57 CET 2023
Job end:   Sat Jan 28 12:33:16 CET 2023
Work dir:  /raven/u/flobnow/workingLama/scripts/myRuns/DHF91_x10
Command:   /raven/u/flobnow/workingLama/scripts/myRuns/DHF91_x10/script2_comp_model_2.sh
  
  
  
==========================================================================================
Information on jobsteps (Note: MaxRSS/AveRSS is the maximum/average over all 
tasks of the per-task memory high-water marks; cf. "man sacct"): 
==========================================================================================
  
JobID            JobName NNodes NTasks  NCPUS        0.00M        0.00M    Elapsed ExitCode
------------- ---------- ------ ------ ------ ------------ ------------ ---------- --------
4046542           2_AF2C      1           108                             02:22:19      0:0
4046542.0        python3      1      1    108    86446.81M    86446.81M   02:22:15      0:0
  
Maximum memory per node: 90.646053 GB (defined as MaxRSS*Ntasks/NNodes)
CPU utilization: 1.9 %
  
Info: input file name is DHF91_x10
Info: input target list is /u/flobnow/workingLama/scripts/myRuns/DHF91_x10/target.lst
Info: input feature directory is /u/flobnow/workingLama/feature_files
Info: result output directory is /u/flobnow/workingLama/output_files
Info: model preset is multimer_np
Info: msa pairing is all
Info: recycling setting is 1
Info: using preset super2
Info: set num_ensemble = 2
Info: set max_recyles = 20
Info: set recycle_tol = 0.1
Info: mas_pairing mode is all
I0128 10:11:10.256611 22362992727872 tpu_client.py:54] Starting the local TPU driver.
I0128 10:11:10.259480 22362992727872 xla_bridge.py:212] Unable to initialize backend 'tpu_driver': Not found: Unable to find driver in registry given worker: local://
I0128 10:11:10.617674 22362992727872 xla_bridge.py:212] Unable to initialize backend 'tpu': Invalid argument: TpuPlatform is not available.
I0128 10:11:13.423011 22362992727872 run_af2c_mod.py:481] Have 1 models: ['model_3_multimer_v2_p1']
Info: working on target IL1RAP-TIR_x2_MYD88_x2_MYD88-DD_x4
I0128 10:11:13.423156 22362992727872 run_af2c_mod.py:512] Using random seed 7848351005159043406 for the data pipeline
Info: IL1RAP-TIR_x2_MYD88_x2_MYD88-DD_x4 found monomer DHF91 msa_depth = 429, seq_len = 168, num_templ = 20
Info: DHF91 reducing the number of structural templates to 4
Info: 10 chain(s) to model {'A': 'DHF91_1', 'B': 'DHF91_1', 'C': 'DHF91_1', 'D': 'DHF91_1', 'E': 'DHF91_1', 'F': 'DHF91_1', 'G': 'DHF91_1', 'H': 'DHF91_1', 'I': 'DHF91_1', 'J': 'DHF91_1'}
Info: modeling IL1RAP-TIR_x2_MYD88_x2_MYD88-DD_x4 with msa_depth = 512, seq_len = 1680, num_templ = 40
I0128 10:11:13.587555 22362992727872 run_af2c_mod.py:216] Running model model_3_multimer_v2_p1_230128_043406
I0128 10:11:13.588015 22362992727872 model.py:205] Running predict with shape(feat) = {'msa': (512, 1680), 'bert_mask': (512, 1680), 'num_alignments': (), 'aatype': (1680,), 'seq_length': (), 'template_aatype': (40, 1680), 'template_all_atom_mask': (40, 1680, 37), 'template_all_atom_positions': (40, 1680, 37, 3), 'all_atom_positions': (1680, 37, 3), 'template_domain_names': (40,), 'asym_id': (1680,), 'sym_id': (1680,), 'entity_id': (1680,), 'residue_index': (1680,), 'deletion_matrix': (512, 1680), 'seq_mask': (1680,), 'msa_mask': (512, 1680), 'cluster_bias_mask': (512,), 'pdb_residue_index': (1680,)}
I0128 12:30:49.807241 22362992727872 run_af2c_mod.py:270] Total JAX model model_3_multimer_v2_p1_230128_043406 predict time (includes compilation time): 8376.2 seconds
Info: IL1RAP-TIR_x2_MYD88_x2_MYD88-DD_x4 model_3_multimer_v2_p1_230128_043406_recycled_00,  tol =   inf, pLDDT = 67.07, pTM-score = 0.2406, piTM-score = 0.0025, interface-score = 0.0000, iRes = 3    iCnt = 2   
Info: IL1RAP-TIR_x2_MYD88_x2_MYD88-DD_x4 model_3_multimer_v2_p1_230128_043406_recycled_01,  tol = 123.21, pLDDT = 65.45, pTM-score = 0.2414, piTM-score = 0.3019, interface-score = 0.0108, iRes = 35   iCnt = 45  
Info: IL1RAP-TIR_x2_MYD88_x2_MYD88-DD_x4 model_3_multimer_v2_p1_230128_043406_recycled_02,  tol = 72.33, pLDDT = 61.00, pTM-score = 0.2722, piTM-score = 0.2292, interface-score = 0.3189, iRes = 117  iCnt = 163 
Info: IL1RAP-TIR_x2_MYD88_x2_MYD88-DD_x4 model_3_multimer_v2_p1_230128_043406_recycled_03,  tol = 12.91, pLDDT = 65.96, pTM-score = 0.2317, piTM-score = 0.0000, interface-score = 0.0000, iRes = 0    iCnt = 0   
Info: IL1RAP-TIR_x2_MYD88_x2_MYD88-DD_x4 model_3_multimer_v2_p1_230128_043406_recycled_04,  tol = 26.56, pLDDT = 65.86, pTM-score = 0.2357, piTM-score = 0.0000, interface-score = 0.0000, iRes = 0    iCnt = 0   
Info: IL1RAP-TIR_x2_MYD88_x2_MYD88-DD_x4 model_3_multimer_v2_p1_230128_043406_recycled_05,  tol = 13.28, pLDDT = 66.19, pTM-score = 0.2368, piTM-score = 0.0000, interface-score = 0.0000, iRes = 0    iCnt = 0   
Info: IL1RAP-TIR_x2_MYD88_x2_MYD88-DD_x4 model_3_multimer_v2_p1_230128_043406_recycled_06,  tol =  6.55, pLDDT = 66.10, pTM-score = 0.2369, piTM-score = 0.0000, interface-score = 0.0000, iRes = 0    iCnt = 0   
Info: IL1RAP-TIR_x2_MYD88_x2_MYD88-DD_x4 model_3_multimer_v2_p1_230128_043406_recycled_07,  tol =  4.87, pLDDT = 66.03, pTM-score = 0.2375, piTM-score = 0.0000, interface-score = 0.0000, iRes = 0    iCnt = 0   
Info: IL1RAP-TIR_x2_MYD88_x2_MYD88-DD_x4 model_3_multimer_v2_p1_230128_043406_recycled_08,  tol =  3.09, pLDDT = 65.62, pTM-score = 0.2359, piTM-score = 0.0000, interface-score = 0.0000, iRes = 0    iCnt = 0   
Info: IL1RAP-TIR_x2_MYD88_x2_MYD88-DD_x4 model_3_multimer_v2_p1_230128_043406_recycled_09,  tol = 11.06, pLDDT = 65.90, pTM-score = 0.2384, piTM-score = 0.0129, interface-score = 0.0002, iRes = 10   iCnt = 5   
Info: IL1RAP-TIR_x2_MYD88_x2_MYD88-DD_x4 model_3_multimer_v2_p1_230128_043406_recycled_10,  tol = 13.36, pLDDT = 66.07, pTM-score = 0.2363, piTM-score = 0.0000, interface-score = 0.0000, iRes = 0    iCnt = 0   
Info: IL1RAP-TIR_x2_MYD88_x2_MYD88-DD_x4 model_3_multimer_v2_p1_230128_043406_recycled_11,  tol = 20.49, pLDDT = 65.59, pTM-score = 0.2373, piTM-score = 0.0000, interface-score = 0.0000, iRes = 0    iCnt = 0   
Info: IL1RAP-TIR_x2_MYD88_x2_MYD88-DD_x4 model_3_multimer_v2_p1_230128_043406_recycled_12,  tol = 14.81, pLDDT = 65.47, pTM-score = 0.2357, piTM-score = 0.0000, interface-score = 0.0000, iRes = 0    iCnt = 0   
Info: IL1RAP-TIR_x2_MYD88_x2_MYD88-DD_x4 model_3_multimer_v2_p1_230128_043406_recycled_13,  tol =  5.46, pLDDT = 65.86, pTM-score = 0.2378, piTM-score = 0.0000, interface-score = 0.0000, iRes = 0    iCnt = 0   
Info: IL1RAP-TIR_x2_MYD88_x2_MYD88-DD_x4 model_3_multimer_v2_p1_230128_043406_recycled_14,  tol =  6.16, pLDDT = 66.02, pTM-score = 0.2357, piTM-score = 0.0000, interface-score = 0.0000, iRes = 0    iCnt = 0   
Info: IL1RAP-TIR_x2_MYD88_x2_MYD88-DD_x4 model_3_multimer_v2_p1_230128_043406_recycled_15,  tol =  5.10, pLDDT = 65.24, pTM-score = 0.2379, piTM-score = 0.0014, interface-score = 0.0000, iRes = 2    iCnt = 1   
Info: IL1RAP-TIR_x2_MYD88_x2_MYD88-DD_x4 model_3_multimer_v2_p1_230128_043406_recycled_16,  tol =  8.08, pLDDT = 65.18, pTM-score = 0.2358, piTM-score = 0.0000, interface-score = 0.0000, iRes = 0    iCnt = 0   
Info: IL1RAP-TIR_x2_MYD88_x2_MYD88-DD_x4 model_3_multimer_v2_p1_230128_043406_recycled_17,  tol =  5.04, pLDDT = 65.66, pTM-score = 0.2365, piTM-score = 0.0000, interface-score = 0.0000, iRes = 0    iCnt = 0   
Info: IL1RAP-TIR_x2_MYD88_x2_MYD88-DD_x4 model_3_multimer_v2_p1_230128_043406_recycled_18,  tol =  8.26, pLDDT = 65.47, pTM-score = 0.2363, piTM-score = 0.0000, interface-score = 0.0000, iRes = 0    iCnt = 0   
Info: IL1RAP-TIR_x2_MYD88_x2_MYD88-DD_x4 model_3_multimer_v2_p1_230128_043406_recycled_19,  tol =  3.51, pLDDT = 65.50, pTM-score = 0.2357, piTM-score = 0.0000, interface-score = 0.0000, iRes = 0    iCnt = 0   
Info: IL1RAP-TIR_x2_MYD88_x2_MYD88-DD_x4 model_3_multimer_v2_p1_230128_043406 performed 20 recycles, final tol = 23.24, pLDDT = 65.11, pTM-score = 0.2359, piTM-score = 0.0055, interface-score = 0.0000, iRes = 4    iCnt = 2   
Info: num_clusters = 10, cluster_sizes = [1, 1, 1, 1, 1, 1, 1, 1, 1, 1],  clusters = [['DHF91_0'], ['DHF91_1'], ['DHF91_2'], ['DHF91_3'], ['DHF91_4'], ['DHF91_5'], ['DHF91_6'], ['DHF91_7'], ['DHF91_8'], ['DHF91_9']]

I0128 12:31:04.513306 22362992727872 run_af2c_mod.py:404] Final timings for IL1RAP-TIR_x2_MYD88_x2_MYD88-DD_x4: {'features': 0.16, 'process_features_model_3_multimer_v2_p1_230128_043406': 0.0, 'predict_and_compile_model_3_multimer_v2_p1_230128_043406': 8376.2}
                                  
================================= 
Global information about the job: 
================================= 
  
Job owner: flobnow(42847)
Job name:  3_AF2C
Node list: ravg1017
Job start: Sat Jan 28 10:10:57 CET 2023
Job end:   Sat Jan 28 12:31:09 CET 2023
Work dir:  /raven/u/flobnow/workingLama/scripts/myRuns/DHF91_x10
Command:   /raven/u/flobnow/workingLama/scripts/myRuns/DHF91_x10/script2_comp_model_3.sh
  
  
  
==========================================================================================
Information on jobsteps (Note: MaxRSS/AveRSS is the maximum/average over all 
tasks of the per-task memory high-water marks; cf. "man sacct"): 
==========================================================================================
  
JobID            JobName NNodes NTasks  NCPUS        0.00M        0.00M    Elapsed ExitCode
------------- ---------- ------ ------ ------ ------------ ------------ ---------- --------
4046543           3_AF2C      1           108                             02:20:12      0:0
4046543.0        python3      1      1    108    86626.35M    86626.35M   02:20:08      0:0
  
Maximum memory per node: 90.834313 GB (defined as MaxRSS*Ntasks/NNodes)
CPU utilization: 1.9 %
  
Info: input file name is DHF91_x10
Info: input target list is /u/flobnow/workingLama/scripts/myRuns/DHF91_x10/target.lst
Info: input feature directory is /u/flobnow/workingLama/feature_files
Info: result output directory is /u/flobnow/workingLama/output_files
Info: model preset is multimer_np
Info: msa pairing is all
Info: recycling setting is 1
Info: using preset super2
Info: set num_ensemble = 2
Info: set max_recyles = 20
Info: set recycle_tol = 0.1
Info: mas_pairing mode is all
I0128 10:11:07.940054 22848953993024 tpu_client.py:54] Starting the local TPU driver.
I0128 10:11:07.942135 22848953993024 xla_bridge.py:212] Unable to initialize backend 'tpu_driver': Not found: Unable to find driver in registry given worker: local://
I0128 10:11:08.279672 22848953993024 xla_bridge.py:212] Unable to initialize backend 'tpu': Invalid argument: TpuPlatform is not available.
I0128 10:11:11.177146 22848953993024 run_af2c_mod.py:481] Have 1 models: ['model_4_multimer_v2_p1']
Info: working on target IL1RAP-TIR_x2_MYD88_x2_MYD88-DD_x4
I0128 10:11:12.178366 22848953993024 run_af2c_mod.py:512] Using random seed 1113946305286742313 for the data pipeline
Info: IL1RAP-TIR_x2_MYD88_x2_MYD88-DD_x4 found monomer DHF91 msa_depth = 429, seq_len = 168, num_templ = 20
Info: DHF91 reducing the number of structural templates to 4
Info: 10 chain(s) to model {'A': 'DHF91_1', 'B': 'DHF91_1', 'C': 'DHF91_1', 'D': 'DHF91_1', 'E': 'DHF91_1', 'F': 'DHF91_1', 'G': 'DHF91_1', 'H': 'DHF91_1', 'I': 'DHF91_1', 'J': 'DHF91_1'}
Info: modeling IL1RAP-TIR_x2_MYD88_x2_MYD88-DD_x4 with msa_depth = 512, seq_len = 1680, num_templ = 40
I0128 10:11:12.440979 22848953993024 run_af2c_mod.py:216] Running model model_4_multimer_v2_p1_230128_742313
I0128 10:11:12.441427 22848953993024 model.py:205] Running predict with shape(feat) = {'msa': (512, 1680), 'bert_mask': (512, 1680), 'num_alignments': (), 'aatype': (1680,), 'seq_length': (), 'template_aatype': (40, 1680), 'template_all_atom_mask': (40, 1680, 37), 'template_all_atom_positions': (40, 1680, 37, 3), 'all_atom_positions': (1680, 37, 3), 'template_domain_names': (40,), 'asym_id': (1680,), 'sym_id': (1680,), 'entity_id': (1680,), 'residue_index': (1680,), 'deletion_matrix': (512, 1680), 'seq_mask': (1680,), 'msa_mask': (512, 1680), 'cluster_bias_mask': (512,), 'pdb_residue_index': (1680,)}
I0128 12:29:27.405128 22848953993024 run_af2c_mod.py:270] Total JAX model model_4_multimer_v2_p1_230128_742313 predict time (includes compilation time): 8295.0 seconds
Info: IL1RAP-TIR_x2_MYD88_x2_MYD88-DD_x4 model_4_multimer_v2_p1_230128_742313_recycled_00,  tol =   inf, pLDDT = 50.05, pTM-score = 0.2217, piTM-score = 0.1136, interface-score = 0.0012, iRes = 24   iCnt = 20  
Info: IL1RAP-TIR_x2_MYD88_x2_MYD88-DD_x4 model_4_multimer_v2_p1_230128_742313_recycled_01,  tol = 157.68, pLDDT = 55.55, pTM-score = 0.2325, piTM-score = 0.0000, interface-score = 0.0000, iRes = 0    iCnt = 0   
Info: IL1RAP-TIR_x2_MYD88_x2_MYD88-DD_x4 model_4_multimer_v2_p1_230128_742313_recycled_02,  tol = 74.30, pLDDT = 54.26, pTM-score = 0.2399, piTM-score = 0.0000, interface-score = 0.0000, iRes = 0    iCnt = 0   
Info: IL1RAP-TIR_x2_MYD88_x2_MYD88-DD_x4 model_4_multimer_v2_p1_230128_742313_recycled_03,  tol = 27.56, pLDDT = 55.81, pTM-score = 0.2327, piTM-score = 0.0000, interface-score = 0.0000, iRes = 0    iCnt = 0   
Info: IL1RAP-TIR_x2_MYD88_x2_MYD88-DD_x4 model_4_multimer_v2_p1_230128_742313_recycled_04,  tol = 10.08, pLDDT = 55.30, pTM-score = 0.2292, piTM-score = 0.0000, interface-score = 0.0000, iRes = 0    iCnt = 0   
Info: IL1RAP-TIR_x2_MYD88_x2_MYD88-DD_x4 model_4_multimer_v2_p1_230128_742313_recycled_05,  tol =  9.80, pLDDT = 55.51, pTM-score = 0.2341, piTM-score = 0.0000, interface-score = 0.0000, iRes = 0    iCnt = 0   
Info: IL1RAP-TIR_x2_MYD88_x2_MYD88-DD_x4 model_4_multimer_v2_p1_230128_742313_recycled_06,  tol =  7.88, pLDDT = 55.24, pTM-score = 0.2385, piTM-score = 0.0000, interface-score = 0.0000, iRes = 0    iCnt = 0   
Info: IL1RAP-TIR_x2_MYD88_x2_MYD88-DD_x4 model_4_multimer_v2_p1_230128_742313_recycled_07,  tol =  6.26, pLDDT = 55.35, pTM-score = 0.2336, piTM-score = 0.0000, interface-score = 0.0000, iRes = 0    iCnt = 0   
Info: IL1RAP-TIR_x2_MYD88_x2_MYD88-DD_x4 model_4_multimer_v2_p1_230128_742313_recycled_08,  tol =  6.18, pLDDT = 55.67, pTM-score = 0.2310, piTM-score = 0.0000, interface-score = 0.0000, iRes = 0    iCnt = 0   
Info: IL1RAP-TIR_x2_MYD88_x2_MYD88-DD_x4 model_4_multimer_v2_p1_230128_742313_recycled_09,  tol =  6.98, pLDDT = 55.79, pTM-score = 0.2328, piTM-score = 0.0000, interface-score = 0.0000, iRes = 0    iCnt = 0   
Info: IL1RAP-TIR_x2_MYD88_x2_MYD88-DD_x4 model_4_multimer_v2_p1_230128_742313_recycled_10,  tol = 38.79, pLDDT = 55.54, pTM-score = 0.2365, piTM-score = 0.0000, interface-score = 0.0000, iRes = 0    iCnt = 0   
Info: IL1RAP-TIR_x2_MYD88_x2_MYD88-DD_x4 model_4_multimer_v2_p1_230128_742313_recycled_11,  tol = 42.11, pLDDT = 55.37, pTM-score = 0.2352, piTM-score = 0.0000, interface-score = 0.0000, iRes = 0    iCnt = 0   
Info: IL1RAP-TIR_x2_MYD88_x2_MYD88-DD_x4 model_4_multimer_v2_p1_230128_742313_recycled_12,  tol =  5.77, pLDDT = 54.87, pTM-score = 0.2319, piTM-score = 0.0000, interface-score = 0.0000, iRes = 0    iCnt = 0   
Info: IL1RAP-TIR_x2_MYD88_x2_MYD88-DD_x4 model_4_multimer_v2_p1_230128_742313_recycled_13,  tol =  4.18, pLDDT = 55.61, pTM-score = 0.2342, piTM-score = 0.0036, interface-score = 0.0000, iRes = 3    iCnt = 2   
Info: IL1RAP-TIR_x2_MYD88_x2_MYD88-DD_x4 model_4_multimer_v2_p1_230128_742313_recycled_14,  tol = 43.69, pLDDT = 55.18, pTM-score = 0.2379, piTM-score = 0.0000, interface-score = 0.0000, iRes = 0    iCnt = 0   
Info: IL1RAP-TIR_x2_MYD88_x2_MYD88-DD_x4 model_4_multimer_v2_p1_230128_742313_recycled_15,  tol = 39.85, pLDDT = 55.30, pTM-score = 0.2351, piTM-score = 0.0000, interface-score = 0.0000, iRes = 0    iCnt = 0   
Info: IL1RAP-TIR_x2_MYD88_x2_MYD88-DD_x4 model_4_multimer_v2_p1_230128_742313_recycled_16,  tol =  7.88, pLDDT = 54.78, pTM-score = 0.2315, piTM-score = 0.0000, interface-score = 0.0000, iRes = 0    iCnt = 0   
Info: IL1RAP-TIR_x2_MYD88_x2_MYD88-DD_x4 model_4_multimer_v2_p1_230128_742313_recycled_17,  tol = 12.73, pLDDT = 54.44, pTM-score = 0.2318, piTM-score = 0.0000, interface-score = 0.0000, iRes = 0    iCnt = 0   
Info: IL1RAP-TIR_x2_MYD88_x2_MYD88-DD_x4 model_4_multimer_v2_p1_230128_742313_recycled_18,  tol =  4.94, pLDDT = 54.40, pTM-score = 0.2354, piTM-score = 0.0000, interface-score = 0.0000, iRes = 0    iCnt = 0   
Info: IL1RAP-TIR_x2_MYD88_x2_MYD88-DD_x4 model_4_multimer_v2_p1_230128_742313_recycled_19,  tol = 13.84, pLDDT = 54.58, pTM-score = 0.2333, piTM-score = 0.0000, interface-score = 0.0000, iRes = 0    iCnt = 0   
Info: IL1RAP-TIR_x2_MYD88_x2_MYD88-DD_x4 model_4_multimer_v2_p1_230128_742313 performed 20 recycles, final tol = 23.97, pLDDT = 54.49, pTM-score = 0.2295, piTM-score = 0.0000, interface-score = 0.0000, iRes = 0    iCnt = 0   
Info: num_clusters = 10, cluster_sizes = [1, 1, 1, 1, 1, 1, 1, 1, 1, 1],  clusters = [['DHF91_0'], ['DHF91_1'], ['DHF91_2'], ['DHF91_3'], ['DHF91_4'], ['DHF91_5'], ['DHF91_6'], ['DHF91_7'], ['DHF91_8'], ['DHF91_9']]

I0128 12:29:40.872558 22848953993024 run_af2c_mod.py:404] Final timings for IL1RAP-TIR_x2_MYD88_x2_MYD88-DD_x4: {'features': 0.26, 'process_features_model_4_multimer_v2_p1_230128_742313': 0.0, 'predict_and_compile_model_4_multimer_v2_p1_230128_742313': 8295.0}
                                  
================================= 
Global information about the job: 
================================= 
  
Job owner: flobnow(42847)
Job name:  4_AF2C
Node list: ravg1020
Job start: Sat Jan 28 10:10:57 CET 2023
Job end:   Sat Jan 28 12:29:48 CET 2023
Work dir:  /raven/u/flobnow/workingLama/scripts/myRuns/DHF91_x10
Command:   /raven/u/flobnow/workingLama/scripts/myRuns/DHF91_x10/script2_comp_model_4.sh
  
  
  
==========================================================================================
Information on jobsteps (Note: MaxRSS/AveRSS is the maximum/average over all 
tasks of the per-task memory high-water marks; cf. "man sacct"): 
==========================================================================================
  
JobID            JobName NNodes NTasks  NCPUS        0.00M        0.00M    Elapsed ExitCode
------------- ---------- ------ ------ ------ ------------ ------------ ---------- --------
4046544           4_AF2C      1           108                             02:18:51      0:0
4046544.0        python3      1      1    108    86314.75M    86314.75M   02:18:50      0:0
  
Maximum memory per node: 90.507575 GB (defined as MaxRSS*Ntasks/NNodes)
CPU utilization: 1.9 %
  
Info: input file name is DHF91_x10
Info: input target list is /u/flobnow/workingLama/scripts/myRuns/DHF91_x10/target.lst
Info: input feature directory is /u/flobnow/workingLama/feature_files
Info: result output directory is /u/flobnow/workingLama/output_files
Info: model preset is multimer_np
Info: msa pairing is all
Info: recycling setting is 1
Info: using preset super2
Info: set num_ensemble = 2
Info: set max_recyles = 20
Info: set recycle_tol = 0.1
Info: mas_pairing mode is all
I0128 10:11:09.975524 23025501882176 tpu_client.py:54] Starting the local TPU driver.
I0128 10:11:09.977730 23025501882176 xla_bridge.py:212] Unable to initialize backend 'tpu_driver': Not found: Unable to find driver in registry given worker: local://
I0128 10:11:10.307235 23025501882176 xla_bridge.py:212] Unable to initialize backend 'tpu': Invalid argument: TpuPlatform is not available.
I0128 10:11:13.187142 23025501882176 run_af2c_mod.py:481] Have 1 models: ['model_5_multimer_v2_p1']
Info: working on target IL1RAP-TIR_x2_MYD88_x2_MYD88-DD_x4
I0128 10:11:22.196396 23025501882176 run_af2c_mod.py:512] Using random seed 4847460138499223851 for the data pipeline
Info: IL1RAP-TIR_x2_MYD88_x2_MYD88-DD_x4 found monomer DHF91 msa_depth = 429, seq_len = 168, num_templ = 20
Info: DHF91 reducing the number of structural templates to 4
Info: 10 chain(s) to model {'A': 'DHF91_1', 'B': 'DHF91_1', 'C': 'DHF91_1', 'D': 'DHF91_1', 'E': 'DHF91_1', 'F': 'DHF91_1', 'G': 'DHF91_1', 'H': 'DHF91_1', 'I': 'DHF91_1', 'J': 'DHF91_1'}
Info: modeling IL1RAP-TIR_x2_MYD88_x2_MYD88-DD_x4 with msa_depth = 512, seq_len = 1680, num_templ = 40
I0128 10:11:22.359981 23025501882176 run_af2c_mod.py:216] Running model model_5_multimer_v2_p1_230128_223851
I0128 10:11:22.360455 23025501882176 model.py:205] Running predict with shape(feat) = {'msa': (512, 1680), 'bert_mask': (512, 1680), 'num_alignments': (), 'aatype': (1680,), 'seq_length': (), 'template_aatype': (40, 1680), 'template_all_atom_mask': (40, 1680, 37), 'template_all_atom_positions': (40, 1680, 37, 3), 'all_atom_positions': (1680, 37, 3), 'template_domain_names': (40,), 'asym_id': (1680,), 'sym_id': (1680,), 'entity_id': (1680,), 'residue_index': (1680,), 'deletion_matrix': (512, 1680), 'seq_mask': (1680,), 'msa_mask': (512, 1680), 'cluster_bias_mask': (512,), 'pdb_residue_index': (1680,)}
I0128 12:30:35.104344 23025501882176 run_af2c_mod.py:270] Total JAX model model_5_multimer_v2_p1_230128_223851 predict time (includes compilation time): 8352.7 seconds
Info: IL1RAP-TIR_x2_MYD88_x2_MYD88-DD_x4 model_5_multimer_v2_p1_230128_223851_recycled_00,  tol =   inf, pLDDT = 65.18, pTM-score = 0.2351, piTM-score = 0.0126, interface-score = 0.0000, iRes = 6    iCnt = 5   
Info: IL1RAP-TIR_x2_MYD88_x2_MYD88-DD_x4 model_5_multimer_v2_p1_230128_223851_recycled_01,  tol = 104.68, pLDDT = 60.01, pTM-score = 0.2329, piTM-score = 0.0142, interface-score = 0.0001, iRes = 8    iCnt = 7   
Info: IL1RAP-TIR_x2_MYD88_x2_MYD88-DD_x4 model_5_multimer_v2_p1_230128_223851_recycled_02,  tol = 55.92, pLDDT = 57.94, pTM-score = 0.2318, piTM-score = 0.0000, interface-score = 0.0000, iRes = 0    iCnt = 0   
Info: IL1RAP-TIR_x2_MYD88_x2_MYD88-DD_x4 model_5_multimer_v2_p1_230128_223851_recycled_03,  tol = 19.83, pLDDT = 57.71, pTM-score = 0.2258, piTM-score = 0.0000, interface-score = 0.0000, iRes = 0    iCnt = 0   
Info: IL1RAP-TIR_x2_MYD88_x2_MYD88-DD_x4 model_5_multimer_v2_p1_230128_223851_recycled_04,  tol = 14.81, pLDDT = 56.40, pTM-score = 0.2268, piTM-score = 0.0000, interface-score = 0.0000, iRes = 0    iCnt = 0   
Info: IL1RAP-TIR_x2_MYD88_x2_MYD88-DD_x4 model_5_multimer_v2_p1_230128_223851_recycled_05,  tol =  9.38, pLDDT = 56.08, pTM-score = 0.2281, piTM-score = 0.0258, interface-score = 0.0003, iRes = 12   iCnt = 9   
Info: IL1RAP-TIR_x2_MYD88_x2_MYD88-DD_x4 model_5_multimer_v2_p1_230128_223851_recycled_06,  tol = 14.98, pLDDT = 56.41, pTM-score = 0.2265, piTM-score = 0.0000, interface-score = 0.0000, iRes = 0    iCnt = 0   
Info: IL1RAP-TIR_x2_MYD88_x2_MYD88-DD_x4 model_5_multimer_v2_p1_230128_223851_recycled_07,  tol = 17.87, pLDDT = 55.96, pTM-score = 0.2250, piTM-score = 0.0000, interface-score = 0.0000, iRes = 0    iCnt = 0   
Info: IL1RAP-TIR_x2_MYD88_x2_MYD88-DD_x4 model_5_multimer_v2_p1_230128_223851_recycled_08,  tol =  8.72, pLDDT = 55.56, pTM-score = 0.2235, piTM-score = 0.0000, interface-score = 0.0000, iRes = 0    iCnt = 0   
Info: IL1RAP-TIR_x2_MYD88_x2_MYD88-DD_x4 model_5_multimer_v2_p1_230128_223851_recycled_09,  tol = 23.61, pLDDT = 55.29, pTM-score = 0.2242, piTM-score = 0.0000, interface-score = 0.0000, iRes = 0    iCnt = 0   
Info: IL1RAP-TIR_x2_MYD88_x2_MYD88-DD_x4 model_5_multimer_v2_p1_230128_223851_recycled_10,  tol = 16.30, pLDDT = 55.02, pTM-score = 0.2283, piTM-score = 0.0014, interface-score = 0.0000, iRes = 2    iCnt = 1   
Info: IL1RAP-TIR_x2_MYD88_x2_MYD88-DD_x4 model_5_multimer_v2_p1_230128_223851_recycled_11,  tol = 16.26, pLDDT = 55.82, pTM-score = 0.2218, piTM-score = 0.0000, interface-score = 0.0000, iRes = 0    iCnt = 0   
Info: IL1RAP-TIR_x2_MYD88_x2_MYD88-DD_x4 model_5_multimer_v2_p1_230128_223851_recycled_12,  tol =  7.53, pLDDT = 56.39, pTM-score = 0.2241, piTM-score = 0.0000, interface-score = 0.0000, iRes = 0    iCnt = 0   
Info: IL1RAP-TIR_x2_MYD88_x2_MYD88-DD_x4 model_5_multimer_v2_p1_230128_223851_recycled_13,  tol = 18.26, pLDDT = 55.89, pTM-score = 0.2243, piTM-score = 0.0000, interface-score = 0.0000, iRes = 0    iCnt = 0   
Info: IL1RAP-TIR_x2_MYD88_x2_MYD88-DD_x4 model_5_multimer_v2_p1_230128_223851_recycled_14,  tol =  7.32, pLDDT = 55.19, pTM-score = 0.2229, piTM-score = 0.0000, interface-score = 0.0000, iRes = 0    iCnt = 0   
Info: IL1RAP-TIR_x2_MYD88_x2_MYD88-DD_x4 model_5_multimer_v2_p1_230128_223851_recycled_15,  tol = 16.92, pLDDT = 54.79, pTM-score = 0.2260, piTM-score = 0.0000, interface-score = 0.0000, iRes = 0    iCnt = 0   
Info: IL1RAP-TIR_x2_MYD88_x2_MYD88-DD_x4 model_5_multimer_v2_p1_230128_223851_recycled_16,  tol =  8.79, pLDDT = 55.51, pTM-score = 0.2224, piTM-score = 0.0000, interface-score = 0.0000, iRes = 0    iCnt = 0   
Info: IL1RAP-TIR_x2_MYD88_x2_MYD88-DD_x4 model_5_multimer_v2_p1_230128_223851_recycled_17,  tol =  9.65, pLDDT = 55.13, pTM-score = 0.2231, piTM-score = 0.0000, interface-score = 0.0000, iRes = 0    iCnt = 0   
Info: IL1RAP-TIR_x2_MYD88_x2_MYD88-DD_x4 model_5_multimer_v2_p1_230128_223851_recycled_18,  tol =  9.94, pLDDT = 55.30, pTM-score = 0.2213, piTM-score = 0.3045, interface-score = 0.0330, iRes = 191  iCnt = 555 
Info: IL1RAP-TIR_x2_MYD88_x2_MYD88-DD_x4 model_5_multimer_v2_p1_230128_223851_recycled_19,  tol = 65.87, pLDDT = 55.56, pTM-score = 0.2223, piTM-score = 0.0105, interface-score = 0.0000, iRes = 6    iCnt = 3   
Info: IL1RAP-TIR_x2_MYD88_x2_MYD88-DD_x4 model_5_multimer_v2_p1_230128_223851 performed 20 recycles, final tol = 62.89, pLDDT = 55.33, pTM-score = 0.2211, piTM-score = 0.0000, interface-score = 0.0000, iRes = 0    iCnt = 0   
Info: num_clusters = 10, cluster_sizes = [1, 1, 1, 1, 1, 1, 1, 1, 1, 1],  clusters = [['DHF91_0'], ['DHF91_1'], ['DHF91_2'], ['DHF91_3'], ['DHF91_4'], ['DHF91_5'], ['DHF91_6'], ['DHF91_7'], ['DHF91_8'], ['DHF91_9']]

I0128 12:30:46.964092 23025501882176 run_af2c_mod.py:404] Final timings for IL1RAP-TIR_x2_MYD88_x2_MYD88-DD_x4: {'features': 0.16, 'process_features_model_5_multimer_v2_p1_230128_223851': 0.0, 'predict_and_compile_model_5_multimer_v2_p1_230128_223851': 8352.7}
                                  
================================= 
Global information about the job: 
================================= 
  
Job owner: flobnow(42847)
Job name:  5_AF2C
Node list: ravg1073
Job start: Sat Jan 28 10:10:57 CET 2023
Job end:   Sat Jan 28 12:30:58 CET 2023
Work dir:  /raven/u/flobnow/workingLama/scripts/myRuns/DHF91_x10
Command:   /raven/u/flobnow/workingLama/scripts/myRuns/DHF91_x10/script2_comp_model_5.sh
  
  
  
==========================================================================================
Information on jobsteps (Note: MaxRSS/AveRSS is the maximum/average over all 
tasks of the per-task memory high-water marks; cf. "man sacct"): 
==========================================================================================
  
JobID            JobName NNodes NTasks  NCPUS        0.00M        0.00M    Elapsed ExitCode
------------- ---------- ------ ------ ------ ------------ ------------ ---------- --------
4046545           5_AF2C      1           108                             02:20:01      0:0
4046545.0        python3      1      1    108    88255.77M    88255.77M   02:19:57      0:0
  
Maximum memory per node: 92.542886 GB (defined as MaxRSS*Ntasks/NNodes)
CPU utilization: 1.9 %
  
Info: target file is /u/flobnow/workingLama/scripts/myRuns/DHF91_x10/target.lst
Info: input directory of unrelaxed models is /u/flobnow/workingLama/output_files
Info: output directory of relaxed models is /u/flobnow/workingLama/output_files
/bin/sh: /mpcdf/soft/SLE_15/packages/x86_64/alphafold/2.2.0/lib/libtinfo.so.6: no version information available (required by /lib64/libreadline.so.7)
I0128 12:38:39.341010 23393291908928 run_af2c_min.py:88] IL1RAP-TIR_x2_MYD88_x2_MYD88-DD_x4 processing model_1_multimer_v2_p1_230128_515219.pdb
sh: /mpcdf/soft/SLE_15/packages/x86_64/alphafold/2.2.0/lib/libtinfo.so.6: no version information available (required by /lib64/libreadline.so.7)
sh: /mpcdf/soft/SLE_15/packages/x86_64/alphafold/2.2.0/lib/libtinfo.so.6: no version information available (required by /lib64/libreadline.so.7)
I0128 12:38:50.681705 23393291908928 amber_minimize.py:177] alterations info: {'nonstandard_residues': [], 'removed_heterogens': set(), 'missing_residues': {}, 'missing_heavy_atoms': {}, 'missing_terminals': {<Residue 167 (SER) of chain 0>: ['OXT'], <Residue 335 (SER) of chain 1>: ['OXT'], <Residue 503 (SER) of chain 2>: ['OXT'], <Residue 671 (SER) of chain 3>: ['OXT'], <Residue 839 (SER) of chain 4>: ['OXT'], <Residue 1007 (SER) of chain 5>: ['OXT'], <Residue 1175 (SER) of chain 6>: ['OXT'], <Residue 1343 (SER) of chain 7>: ['OXT'], <Residue 1511 (SER) of chain 8>: ['OXT'], <Residue 1679 (SER) of chain 9>: ['OXT']}, 'Se_in_MET': [], 'removed_chains': {0: []}}
I0128 12:38:53.065339 23393291908928 amber_minimize.py:408] Minimizing protein, attempt 1 of 100.
I0128 12:38:55.590715 23393291908928 amber_minimize.py:69] Restraining 12480 / 25810 particles.
sh: /mpcdf/soft/SLE_15/packages/x86_64/alphafold/2.2.0/lib/libtinfo.so.6: no version information available (required by /lib64/libreadline.so.7)
I0128 12:43:46.413008 23393291908928 amber_minimize.py:177] alterations info: {'nonstandard_residues': [], 'removed_heterogens': set(), 'missing_residues': {}, 'missing_heavy_atoms': {}, 'missing_terminals': {}, 'Se_in_MET': [], 'removed_chains': {0: []}}
I0128 12:43:48.942221 23393291908928 tpu_client.py:54] Starting the local TPU driver.
I0128 12:43:49.112758 23393291908928 xla_bridge.py:212] Unable to initialize backend 'tpu_driver': Not found: Unable to find driver in registry given worker: local://
I0128 12:43:49.348961 23393291908928 xla_bridge.py:212] Unable to initialize backend 'tpu': Invalid argument: TpuPlatform is not available.
I0128 12:44:10.626149 23393291908928 amber_minimize.py:500] Iteration completed: Einit 155738433.13 Efinal -36369.42 Time 286.29 s num residue violations 0 num residue exclusions 0 
sh: /mpcdf/soft/SLE_15/packages/x86_64/alphafold/2.2.0/lib/libtinfo.so.6: no version information available (required by /lib64/libreadline.so.7)
sh: /mpcdf/soft/SLE_15/packages/x86_64/alphafold/2.2.0/lib/libtinfo.so.6: no version information available (required by /lib64/libreadline.so.7)
I0128 12:44:18.373471 23393291908928 amber_minimize.py:177] alterations info: {'nonstandard_residues': [], 'removed_heterogens': set(), 'missing_residues': {}, 'missing_heavy_atoms': {}, 'missing_terminals': {<Residue 167 (SER) of chain 0>: ['OXT'], <Residue 335 (SER) of chain 1>: ['OXT'], <Residue 503 (SER) of chain 2>: ['OXT'], <Residue 671 (SER) of chain 3>: ['OXT'], <Residue 839 (SER) of chain 4>: ['OXT'], <Residue 1007 (SER) of chain 5>: ['OXT'], <Residue 1175 (SER) of chain 6>: ['OXT'], <Residue 1343 (SER) of chain 7>: ['OXT'], <Residue 1511 (SER) of chain 8>: ['OXT'], <Residue 1679 (SER) of chain 9>: ['OXT']}, 'Se_in_MET': [], 'removed_chains': {0: []}}
I0128 12:44:23.503254 23393291908928 run_af2c_min.py:110] IL1RAP-TIR_x2_MYD88_x2_MYD88-DD_x4 relaxation done, time spent 343.3 seconds, Efinal -36369.42, rmsd 0.51
I0128 12:44:23.503383 23393291908928 run_af2c_min.py:88] IL1RAP-TIR_x2_MYD88_x2_MYD88-DD_x4 processing model_4_multimer_v2_p1_230128_742313.pdb
sh: /mpcdf/soft/SLE_15/packages/x86_64/alphafold/2.2.0/lib/libtinfo.so.6: no version information available (required by /lib64/libreadline.so.7)
sh: /mpcdf/soft/SLE_15/packages/x86_64/alphafold/2.2.0/lib/libtinfo.so.6: no version information available (required by /lib64/libreadline.so.7)
I0128 12:44:31.322744 23393291908928 amber_minimize.py:177] alterations info: {'nonstandard_residues': [], 'removed_heterogens': set(), 'missing_residues': {}, 'missing_heavy_atoms': {}, 'missing_terminals': {<Residue 167 (SER) of chain 0>: ['OXT'], <Residue 335 (SER) of chain 1>: ['OXT'], <Residue 503 (SER) of chain 2>: ['OXT'], <Residue 671 (SER) of chain 3>: ['OXT'], <Residue 839 (SER) of chain 4>: ['OXT'], <Residue 1007 (SER) of chain 5>: ['OXT'], <Residue 1175 (SER) of chain 6>: ['OXT'], <Residue 1343 (SER) of chain 7>: ['OXT'], <Residue 1511 (SER) of chain 8>: ['OXT'], <Residue 1679 (SER) of chain 9>: ['OXT']}, 'Se_in_MET': [], 'removed_chains': {0: []}}
I0128 12:44:33.738205 23393291908928 amber_minimize.py:408] Minimizing protein, attempt 1 of 100.
I0128 12:44:36.239895 23393291908928 amber_minimize.py:69] Restraining 12480 / 25810 particles.
sh: /mpcdf/soft/SLE_15/packages/x86_64/alphafold/2.2.0/lib/libtinfo.so.6: no version information available (required by /lib64/libreadline.so.7)
I0128 12:48:59.053891 23393291908928 amber_minimize.py:177] alterations info: {'nonstandard_residues': [], 'removed_heterogens': set(), 'missing_residues': {}, 'missing_heavy_atoms': {}, 'missing_terminals': {}, 'Se_in_MET': [], 'removed_chains': {0: []}}
I0128 12:49:10.924506 23393291908928 amber_minimize.py:500] Iteration completed: Einit 616987.23 Efinal -36758.60 Time 258.10 s num residue violations 0 num residue exclusions 0 
sh: /mpcdf/soft/SLE_15/packages/x86_64/alphafold/2.2.0/lib/libtinfo.so.6: no version information available (required by /lib64/libreadline.so.7)
sh: /mpcdf/soft/SLE_15/packages/x86_64/alphafold/2.2.0/lib/libtinfo.so.6: no version information available (required by /lib64/libreadline.so.7)
I0128 12:49:18.613021 23393291908928 amber_minimize.py:177] alterations info: {'nonstandard_residues': [], 'removed_heterogens': set(), 'missing_residues': {}, 'missing_heavy_atoms': {}, 'missing_terminals': {<Residue 167 (SER) of chain 0>: ['OXT'], <Residue 335 (SER) of chain 1>: ['OXT'], <Residue 503 (SER) of chain 2>: ['OXT'], <Residue 671 (SER) of chain 3>: ['OXT'], <Residue 839 (SER) of chain 4>: ['OXT'], <Residue 1007 (SER) of chain 5>: ['OXT'], <Residue 1175 (SER) of chain 6>: ['OXT'], <Residue 1343 (SER) of chain 7>: ['OXT'], <Residue 1511 (SER) of chain 8>: ['OXT'], <Residue 1679 (SER) of chain 9>: ['OXT']}, 'Se_in_MET': [], 'removed_chains': {0: []}}
I0128 12:49:23.917036 23393291908928 run_af2c_min.py:110] IL1RAP-TIR_x2_MYD88_x2_MYD88-DD_x4 relaxation done, time spent 299.5 seconds, Efinal -36758.60, rmsd 0.46
I0128 12:49:23.917179 23393291908928 run_af2c_min.py:88] IL1RAP-TIR_x2_MYD88_x2_MYD88-DD_x4 processing model_2_multimer_v2_p1_230128_587721.pdb
sh: /mpcdf/soft/SLE_15/packages/x86_64/alphafold/2.2.0/lib/libtinfo.so.6: no version information available (required by /lib64/libreadline.so.7)
sh: /mpcdf/soft/SLE_15/packages/x86_64/alphafold/2.2.0/lib/libtinfo.so.6: no version information available (required by /lib64/libreadline.so.7)
I0128 12:49:31.765460 23393291908928 amber_minimize.py:177] alterations info: {'nonstandard_residues': [], 'removed_heterogens': set(), 'missing_residues': {}, 'missing_heavy_atoms': {}, 'missing_terminals': {<Residue 167 (SER) of chain 0>: ['OXT'], <Residue 335 (SER) of chain 1>: ['OXT'], <Residue 503 (SER) of chain 2>: ['OXT'], <Residue 671 (SER) of chain 3>: ['OXT'], <Residue 839 (SER) of chain 4>: ['OXT'], <Residue 1007 (SER) of chain 5>: ['OXT'], <Residue 1175 (SER) of chain 6>: ['OXT'], <Residue 1343 (SER) of chain 7>: ['OXT'], <Residue 1511 (SER) of chain 8>: ['OXT'], <Residue 1679 (SER) of chain 9>: ['OXT']}, 'Se_in_MET': [], 'removed_chains': {0: []}}
I0128 12:49:34.201264 23393291908928 amber_minimize.py:408] Minimizing protein, attempt 1 of 100.
I0128 12:49:36.683928 23393291908928 amber_minimize.py:69] Restraining 12480 / 25810 particles.
sh: /mpcdf/soft/SLE_15/packages/x86_64/alphafold/2.2.0/lib/libtinfo.so.6: no version information available (required by /lib64/libreadline.so.7)
I0128 12:54:16.147762 23393291908928 amber_minimize.py:177] alterations info: {'nonstandard_residues': [], 'removed_heterogens': set(), 'missing_residues': {}, 'missing_heavy_atoms': {}, 'missing_terminals': {}, 'Se_in_MET': [], 'removed_chains': {0: []}}
I0128 12:54:27.902476 23393291908928 amber_minimize.py:500] Iteration completed: Einit 35188336.01 Efinal -35576.32 Time 274.95 s num residue violations 0 num residue exclusions 0 
sh: /mpcdf/soft/SLE_15/packages/x86_64/alphafold/2.2.0/lib/libtinfo.so.6: no version information available (required by /lib64/libreadline.so.7)
sh: /mpcdf/soft/SLE_15/packages/x86_64/alphafold/2.2.0/lib/libtinfo.so.6: no version information available (required by /lib64/libreadline.so.7)
I0128 12:54:35.335551 23393291908928 amber_minimize.py:177] alterations info: {'nonstandard_residues': [], 'removed_heterogens': set(), 'missing_residues': {}, 'missing_heavy_atoms': {}, 'missing_terminals': {<Residue 167 (SER) of chain 0>: ['OXT'], <Residue 335 (SER) of chain 1>: ['OXT'], <Residue 503 (SER) of chain 2>: ['OXT'], <Residue 671 (SER) of chain 3>: ['OXT'], <Residue 839 (SER) of chain 4>: ['OXT'], <Residue 1007 (SER) of chain 5>: ['OXT'], <Residue 1175 (SER) of chain 6>: ['OXT'], <Residue 1343 (SER) of chain 7>: ['OXT'], <Residue 1511 (SER) of chain 8>: ['OXT'], <Residue 1679 (SER) of chain 9>: ['OXT']}, 'Se_in_MET': [], 'removed_chains': {0: []}}
I0128 12:54:40.444822 23393291908928 run_af2c_min.py:110] IL1RAP-TIR_x2_MYD88_x2_MYD88-DD_x4 relaxation done, time spent 315.8 seconds, Efinal -35576.32, rmsd 0.45
I0128 12:54:40.444954 23393291908928 run_af2c_min.py:88] IL1RAP-TIR_x2_MYD88_x2_MYD88-DD_x4 processing model_5_multimer_v2_p1_230128_223851.pdb
sh: /mpcdf/soft/SLE_15/packages/x86_64/alphafold/2.2.0/lib/libtinfo.so.6: no version information available (required by /lib64/libreadline.so.7)
sh: /mpcdf/soft/SLE_15/packages/x86_64/alphafold/2.2.0/lib/libtinfo.so.6: no version information available (required by /lib64/libreadline.so.7)
I0128 12:54:48.348094 23393291908928 amber_minimize.py:177] alterations info: {'nonstandard_residues': [], 'removed_heterogens': set(), 'missing_residues': {}, 'missing_heavy_atoms': {}, 'missing_terminals': {<Residue 167 (SER) of chain 0>: ['OXT'], <Residue 335 (SER) of chain 1>: ['OXT'], <Residue 503 (SER) of chain 2>: ['OXT'], <Residue 671 (SER) of chain 3>: ['OXT'], <Residue 839 (SER) of chain 4>: ['OXT'], <Residue 1007 (SER) of chain 5>: ['OXT'], <Residue 1175 (SER) of chain 6>: ['OXT'], <Residue 1343 (SER) of chain 7>: ['OXT'], <Residue 1511 (SER) of chain 8>: ['OXT'], <Residue 1679 (SER) of chain 9>: ['OXT']}, 'Se_in_MET': [], 'removed_chains': {0: []}}
I0128 12:54:50.773329 23393291908928 amber_minimize.py:408] Minimizing protein, attempt 1 of 100.
I0128 12:54:53.248034 23393291908928 amber_minimize.py:69] Restraining 12480 / 25810 particles.
sh: /mpcdf/soft/SLE_15/packages/x86_64/alphafold/2.2.0/lib/libtinfo.so.6: no version information available (required by /lib64/libreadline.so.7)
I0128 12:59:37.332600 23393291908928 amber_minimize.py:177] alterations info: {'nonstandard_residues': [], 'removed_heterogens': set(), 'missing_residues': {}, 'missing_heavy_atoms': {}, 'missing_terminals': {}, 'Se_in_MET': [], 'removed_chains': {0: []}}
I0128 12:59:49.075199 23393291908928 amber_minimize.py:500] Iteration completed: Einit 617593.83 Efinal -37012.20 Time 279.64 s num residue violations 0 num residue exclusions 0 
sh: /mpcdf/soft/SLE_15/packages/x86_64/alphafold/2.2.0/lib/libtinfo.so.6: no version information available (required by /lib64/libreadline.so.7)
sh: /mpcdf/soft/SLE_15/packages/x86_64/alphafold/2.2.0/lib/libtinfo.so.6: no version information available (required by /lib64/libreadline.so.7)
I0128 12:59:56.691227 23393291908928 amber_minimize.py:177] alterations info: {'nonstandard_residues': [], 'removed_heterogens': set(), 'missing_residues': {}, 'missing_heavy_atoms': {}, 'missing_terminals': {<Residue 167 (SER) of chain 0>: ['OXT'], <Residue 335 (SER) of chain 1>: ['OXT'], <Residue 503 (SER) of chain 2>: ['OXT'], <Residue 671 (SER) of chain 3>: ['OXT'], <Residue 839 (SER) of chain 4>: ['OXT'], <Residue 1007 (SER) of chain 5>: ['OXT'], <Residue 1175 (SER) of chain 6>: ['OXT'], <Residue 1343 (SER) of chain 7>: ['OXT'], <Residue 1511 (SER) of chain 8>: ['OXT'], <Residue 1679 (SER) of chain 9>: ['OXT']}, 'Se_in_MET': [], 'removed_chains': {0: []}}
I0128 13:00:01.901031 23393291908928 run_af2c_min.py:110] IL1RAP-TIR_x2_MYD88_x2_MYD88-DD_x4 relaxation done, time spent 320.7 seconds, Efinal -37012.20, rmsd 0.45
I0128 13:00:01.901286 23393291908928 run_af2c_min.py:88] IL1RAP-TIR_x2_MYD88_x2_MYD88-DD_x4 processing model_3_multimer_v2_p1_230128_043406.pdb
sh: /mpcdf/soft/SLE_15/packages/x86_64/alphafold/2.2.0/lib/libtinfo.so.6: no version information available (required by /lib64/libreadline.so.7)
sh: /mpcdf/soft/SLE_15/packages/x86_64/alphafold/2.2.0/lib/libtinfo.so.6: no version information available (required by /lib64/libreadline.so.7)
I0128 13:00:09.880869 23393291908928 amber_minimize.py:177] alterations info: {'nonstandard_residues': [], 'removed_heterogens': set(), 'missing_residues': {}, 'missing_heavy_atoms': {}, 'missing_terminals': {<Residue 167 (SER) of chain 0>: ['OXT'], <Residue 335 (SER) of chain 1>: ['OXT'], <Residue 503 (SER) of chain 2>: ['OXT'], <Residue 671 (SER) of chain 3>: ['OXT'], <Residue 839 (SER) of chain 4>: ['OXT'], <Residue 1007 (SER) of chain 5>: ['OXT'], <Residue 1175 (SER) of chain 6>: ['OXT'], <Residue 1343 (SER) of chain 7>: ['OXT'], <Residue 1511 (SER) of chain 8>: ['OXT'], <Residue 1679 (SER) of chain 9>: ['OXT']}, 'Se_in_MET': [], 'removed_chains': {0: []}}
I0128 13:00:12.307343 23393291908928 amber_minimize.py:408] Minimizing protein, attempt 1 of 100.
I0128 13:00:14.777379 23393291908928 amber_minimize.py:69] Restraining 12480 / 25810 particles.
sh: /mpcdf/soft/SLE_15/packages/x86_64/alphafold/2.2.0/lib/libtinfo.so.6: no version information available (required by /lib64/libreadline.so.7)
I0128 13:05:03.660239 23393291908928 amber_minimize.py:177] alterations info: {'nonstandard_residues': [], 'removed_heterogens': set(), 'missing_residues': {}, 'missing_heavy_atoms': {}, 'missing_terminals': {}, 'Se_in_MET': [], 'removed_chains': {0: []}}
I0128 13:05:15.364590 23393291908928 amber_minimize.py:500] Iteration completed: Einit 420494.05 Efinal -38779.14 Time 284.37 s num residue violations 0 num residue exclusions 0 
sh: /mpcdf/soft/SLE_15/packages/x86_64/alphafold/2.2.0/lib/libtinfo.so.6: no version information available (required by /lib64/libreadline.so.7)
sh: /mpcdf/soft/SLE_15/packages/x86_64/alphafold/2.2.0/lib/libtinfo.so.6: no version information available (required by /lib64/libreadline.so.7)
I0128 13:05:23.053339 23393291908928 amber_minimize.py:177] alterations info: {'nonstandard_residues': [], 'removed_heterogens': set(), 'missing_residues': {}, 'missing_heavy_atoms': {}, 'missing_terminals': {<Residue 167 (SER) of chain 0>: ['OXT'], <Residue 335 (SER) of chain 1>: ['OXT'], <Residue 503 (SER) of chain 2>: ['OXT'], <Residue 671 (SER) of chain 3>: ['OXT'], <Residue 839 (SER) of chain 4>: ['OXT'], <Residue 1007 (SER) of chain 5>: ['OXT'], <Residue 1175 (SER) of chain 6>: ['OXT'], <Residue 1343 (SER) of chain 7>: ['OXT'], <Residue 1511 (SER) of chain 8>: ['OXT'], <Residue 1679 (SER) of chain 9>: ['OXT']}, 'Se_in_MET': [], 'removed_chains': {0: []}}
I0128 13:05:28.283418 23393291908928 run_af2c_min.py:110] IL1RAP-TIR_x2_MYD88_x2_MYD88-DD_x4 relaxation done, time spent 325.6 seconds, Efinal -38779.14, rmsd 0.47
                                  
================================= 
Global information about the job: 
================================= 
  
Job owner: flobnow(42847)
Job name:  6_RLX
Node list: ravg1119
Job start: Sat Jan 28 12:38:10 CET 2023
Job end:   Sat Jan 28 13:05:31 CET 2023
Work dir:  /raven/u/flobnow/workingLama/scripts/myRuns/DHF91_x10
Command:   /raven/u/flobnow/workingLama/scripts/myRuns/DHF91_x10/script3_relaxation.sh
  
  
  
==========================================================================================
Information on jobsteps (Note: MaxRSS/AveRSS is the maximum/average over all 
tasks of the per-task memory high-water marks; cf. "man sacct"): 
==========================================================================================
  
JobID            JobName NNodes NTasks  NCPUS        0.00M        0.00M    Elapsed ExitCode
------------- ---------- ------ ------ ------ ------------ ------------ ---------- --------
4046546            6_RLX      1           108                             00:27:21      0:0
4046546.0        python3      1      1    108    22181.91M    22181.91M   00:27:12      0:0
  
Maximum memory per node: 23.259419 GB (defined as MaxRSS*Ntasks/NNodes)
CPU utilization: 83.0 %
  
