Info: input file name is Q01965
Info: input target list is /u/flobnow/workingLama/scripts/myRuns/Q01965/target.lst
Info: input feature directory is /u/flobnow/workingLama/feature_files
Info: result output directory is /u/flobnow/workingLama/output_files
Info: model preset is multimer_np
Info: msa pairing is all
Info: recycling setting is 1
Info: using preset super2
Info: set num_ensemble = 2
Info: set max_recyles = 20
Info: set recycle_tol = 0.1
Info: mas_pairing mode is all
I0309 05:40:22.759142 22999900575552 tpu_client.py:54] Starting the local TPU driver.
I0309 05:40:22.761298 22999900575552 xla_bridge.py:212] Unable to initialize backend 'tpu_driver': Not found: Unable to find driver in registry given worker: local://
I0309 05:40:23.150335 22999900575552 xla_bridge.py:212] Unable to initialize backend 'tpu': Invalid argument: TpuPlatform is not available.
I0309 05:40:25.885317 22999900575552 run_af2c_mod.py:481] Have 1 models: ['model_1_multimer_v2_p1']
Info: working on target MYD88_Q01965_x1
I0309 05:40:30.890542 22999900575552 run_af2c_mod.py:512] Using random seed 9223368525294314574 for the data pipeline
Info: MYD88_Q01965_x1 found monomer MYD88_MOUSE msa_depth = 3425, seq_len = 296, num_templ = 20
Info: MYD88_MOUSE reducing the number of structural templates to 4
Info: MYD88_Q01965_x1 found monomer Q01965 msa_depth = 6263, seq_len = 654, num_templ = 20
Info: Q01965 reducing the number of structural templates to 4
Info: 2 chain(s) to model {'A': 'MYD88_MOUSE_1', 'B': 'Q01965_1'}
Info: modeling MYD88_Q01965_x1 with msa_depth = 7064, seq_len = 950, num_templ = 8
I0309 05:40:32.126934 22999900575552 run_af2c_mod.py:216] Running model model_1_multimer_v2_p1_230309_314574
I0309 05:40:32.127413 22999900575552 model.py:205] Running predict with shape(feat) = {'msa': (7064, 950), 'bert_mask': (7064, 950), 'num_alignments': (), 'aatype': (950,), 'seq_length': (), 'template_aatype': (8, 950), 'template_all_atom_mask': (8, 950, 37), 'template_all_atom_positions': (8, 950, 37, 3), 'all_atom_positions': (950, 37, 3), 'template_domain_names': (8,), 'asym_id': (950,), 'sym_id': (950,), 'entity_id': (950,), 'residue_index': (950,), 'deletion_matrix': (7064, 950), 'seq_mask': (950,), 'msa_mask': (7064, 950), 'cluster_bias_mask': (7064,), 'pdb_residue_index': (950,)}
I0309 06:03:30.602163 22999900575552 run_af2c_mod.py:270] Total JAX model model_1_multimer_v2_p1_230309_314574 predict time (includes compilation time): 1378.5 seconds
Info: MYD88_Q01965_x1 model_1_multimer_v2_p1_230309_314574_recycled_00,  tol =   inf, pLDDT = 58.63, pTM-score = 0.3040, piTM-score = 0.0055, interface-score = 0.0000, iRes = 6    iCnt = 3   
Info: MYD88_Q01965_x1 model_1_multimer_v2_p1_230309_314574_recycled_01,  tol = 106.09, pLDDT = 62.41, pTM-score = 0.3922, piTM-score = 0.3267, interface-score = 0.0157, iRes = 32   iCnt = 35  
Info: MYD88_Q01965_x1 model_1_multimer_v2_p1_230309_314574_recycled_02,  tol = 14.37, pLDDT = 63.56, pTM-score = 0.3831, piTM-score = 0.0354, interface-score = 0.0005, iRes = 13   iCnt = 9   
Info: MYD88_Q01965_x1 model_1_multimer_v2_p1_230309_314574_recycled_03,  tol = 12.88, pLDDT = 64.34, pTM-score = 0.3889, piTM-score = 0.0069, interface-score = 0.0000, iRes = 5    iCnt = 3   
Info: MYD88_Q01965_x1 model_1_multimer_v2_p1_230309_314574_recycled_04,  tol =  6.02, pLDDT = 64.20, pTM-score = 0.3915, piTM-score = 0.0275, interface-score = 0.0004, iRes = 16   iCnt = 12  
Info: MYD88_Q01965_x1 model_1_multimer_v2_p1_230309_314574_recycled_05,  tol = 12.78, pLDDT = 64.38, pTM-score = 0.3917, piTM-score = 0.0237, interface-score = 0.0002, iRes = 14   iCnt = 12  
Info: MYD88_Q01965_x1 model_1_multimer_v2_p1_230309_314574_recycled_06,  tol =  3.79, pLDDT = 64.32, pTM-score = 0.3889, piTM-score = 0.0154, interface-score = 0.0001, iRes = 10   iCnt = 7   
Info: MYD88_Q01965_x1 model_1_multimer_v2_p1_230309_314574_recycled_07,  tol =  4.87, pLDDT = 64.23, pTM-score = 0.3868, piTM-score = 0.0162, interface-score = 0.0001, iRes = 10   iCnt = 7   
Info: MYD88_Q01965_x1 model_1_multimer_v2_p1_230309_314574_recycled_08,  tol =  3.23, pLDDT = 64.30, pTM-score = 0.3877, piTM-score = 0.0181, interface-score = 0.0001, iRes = 12   iCnt = 9   
Info: MYD88_Q01965_x1 model_1_multimer_v2_p1_230309_314574_recycled_09,  tol =  3.70, pLDDT = 64.14, pTM-score = 0.3875, piTM-score = 0.0169, interface-score = 0.0001, iRes = 11   iCnt = 8   
Info: MYD88_Q01965_x1 model_1_multimer_v2_p1_230309_314574_recycled_10,  tol =  2.24, pLDDT = 64.41, pTM-score = 0.3892, piTM-score = 0.0146, interface-score = 0.0001, iRes = 10   iCnt = 7   
Info: MYD88_Q01965_x1 model_1_multimer_v2_p1_230309_314574_recycled_11,  tol =  2.98, pLDDT = 64.32, pTM-score = 0.3900, piTM-score = 0.0193, interface-score = 0.0001, iRes = 11   iCnt = 8   
Info: MYD88_Q01965_x1 model_1_multimer_v2_p1_230309_314574_recycled_12,  tol =  2.60, pLDDT = 64.31, pTM-score = 0.3894, piTM-score = 0.0208, interface-score = 0.0002, iRes = 12   iCnt = 9   
Info: MYD88_Q01965_x1 model_1_multimer_v2_p1_230309_314574_recycled_13,  tol =  2.66, pLDDT = 64.46, pTM-score = 0.3891, piTM-score = 0.0146, interface-score = 0.0001, iRes = 10   iCnt = 7   
Info: MYD88_Q01965_x1 model_1_multimer_v2_p1_230309_314574_recycled_14,  tol =  4.66, pLDDT = 64.36, pTM-score = 0.3886, piTM-score = 0.0169, interface-score = 0.0001, iRes = 12   iCnt = 9   
Info: MYD88_Q01965_x1 model_1_multimer_v2_p1_230309_314574_recycled_15,  tol =  2.78, pLDDT = 64.18, pTM-score = 0.3900, piTM-score = 0.0170, interface-score = 0.0002, iRes = 12   iCnt = 9   
Info: MYD88_Q01965_x1 model_1_multimer_v2_p1_230309_314574_recycled_16,  tol =  3.63, pLDDT = 64.39, pTM-score = 0.3921, piTM-score = 0.0169, interface-score = 0.0002, iRes = 12   iCnt = 9   
Info: MYD88_Q01965_x1 model_1_multimer_v2_p1_230309_314574_recycled_17,  tol =  3.38, pLDDT = 64.35, pTM-score = 0.3910, piTM-score = 0.0222, interface-score = 0.0002, iRes = 13   iCnt = 10  
Info: MYD88_Q01965_x1 model_1_multimer_v2_p1_230309_314574_recycled_18,  tol =  4.09, pLDDT = 64.21, pTM-score = 0.3897, piTM-score = 0.0169, interface-score = 0.0002, iRes = 12   iCnt = 8   
Info: MYD88_Q01965_x1 model_1_multimer_v2_p1_230309_314574_recycled_19,  tol =  2.14, pLDDT = 64.28, pTM-score = 0.3883, piTM-score = 0.0158, interface-score = 0.0001, iRes = 11   iCnt = 8   
Info: MYD88_Q01965_x1 model_1_multimer_v2_p1_230309_314574 performed 20 recycles, final tol = 3.84, pLDDT = 64.58, pTM-score = 0.3926, piTM-score = 0.0452, interface-score = 0.0002, iRes = 14   iCnt = 11  
Info: num_clusters = 1, cluster_sizes = [2],  clusters = [['MYD88_MOUSE_0', 'Q01965_0']]

I0309 06:03:34.390978 22999900575552 run_af2c_mod.py:404] Final timings for MYD88_Q01965_x1: {'features': 1.23, 'process_features_model_1_multimer_v2_p1_230309_314574': 0.0, 'predict_and_compile_model_1_multimer_v2_p1_230309_314574': 1378.5}
                                  
================================= 
Global information about the job: 
================================= 
  
Job owner: flobnow(42847)
Job name:  1_AF2C
Node list: ravg1012
Job start: Thu Mar  9 05:40:10 CET 2023
Job end:   Thu Mar  9 06:03:36 CET 2023
Work dir:  /raven/u/flobnow/workingLama/scripts/myRuns/Q01965
Command:   /raven/u/flobnow/workingLama/scripts/myRuns/Q01965/script2_comp_model_1.sh
  
  
  
==========================================================================================
Information on jobsteps (Note: MaxRSS/AveRSS is the maximum/average over all 
tasks of the per-task memory high-water marks; cf. "man sacct"): 
==========================================================================================
  
JobID            JobName NNodes NTasks  NCPUS        0.00M        0.00M    Elapsed ExitCode
------------- ---------- ------ ------ ------ ------------ ------------ ---------- --------
4385277           1_AF2C      1           108                             00:23:26      0:0
4385277.0        python3      1      1    108    28127.84M    28127.84M   00:23:23      0:0
  
Maximum memory per node: 29.494182 GB (defined as MaxRSS*Ntasks/NNodes)
CPU utilization: 1.9 %
  
Info: input file name is Q01965
Info: input target list is /u/flobnow/workingLama/scripts/myRuns/Q01965/target.lst
Info: input feature directory is /u/flobnow/workingLama/feature_files
Info: result output directory is /u/flobnow/workingLama/output_files
Info: model preset is multimer_np
Info: msa pairing is all
Info: recycling setting is 1
Info: using preset super2
Info: set num_ensemble = 2
Info: set max_recyles = 20
Info: set recycle_tol = 0.1
Info: mas_pairing mode is all
I0309 07:06:17.692732 22546388379456 tpu_client.py:54] Starting the local TPU driver.
I0309 07:06:17.694710 22546388379456 xla_bridge.py:212] Unable to initialize backend 'tpu_driver': Not found: Unable to find driver in registry given worker: local://
I0309 07:06:18.063933 22546388379456 xla_bridge.py:212] Unable to initialize backend 'tpu': Invalid argument: TpuPlatform is not available.
I0309 07:06:20.826403 22546388379456 run_af2c_mod.py:481] Have 1 models: ['model_2_multimer_v2_p1']
Info: working on target MYD88_Q01965_x1
I0309 07:06:27.833632 22546388379456 run_af2c_mod.py:512] Using random seed 3949064926330926029 for the data pipeline
Info: MYD88_Q01965_x1 found monomer MYD88_MOUSE msa_depth = 3425, seq_len = 296, num_templ = 20
Info: MYD88_MOUSE reducing the number of structural templates to 4
Info: MYD88_Q01965_x1 found monomer Q01965 msa_depth = 6263, seq_len = 654, num_templ = 20
Info: Q01965 reducing the number of structural templates to 4
Info: 2 chain(s) to model {'A': 'MYD88_MOUSE_1', 'B': 'Q01965_1'}
Info: modeling MYD88_Q01965_x1 with msa_depth = 7064, seq_len = 950, num_templ = 8
I0309 07:06:29.062705 22546388379456 run_af2c_mod.py:216] Running model model_2_multimer_v2_p1_230309_926029
I0309 07:06:29.063190 22546388379456 model.py:205] Running predict with shape(feat) = {'msa': (7064, 950), 'bert_mask': (7064, 950), 'num_alignments': (), 'aatype': (950,), 'seq_length': (), 'template_aatype': (8, 950), 'template_all_atom_mask': (8, 950, 37), 'template_all_atom_positions': (8, 950, 37, 3), 'all_atom_positions': (950, 37, 3), 'template_domain_names': (8,), 'asym_id': (950,), 'sym_id': (950,), 'entity_id': (950,), 'residue_index': (950,), 'deletion_matrix': (7064, 950), 'seq_mask': (950,), 'msa_mask': (7064, 950), 'cluster_bias_mask': (7064,), 'pdb_residue_index': (950,)}
I0309 07:29:26.206539 22546388379456 run_af2c_mod.py:270] Total JAX model model_2_multimer_v2_p1_230309_926029 predict time (includes compilation time): 1377.1 seconds
Info: MYD88_Q01965_x1 model_2_multimer_v2_p1_230309_926029_recycled_00,  tol =   inf, pLDDT = 61.68, pTM-score = 0.3986, piTM-score = 0.2710, interface-score = 0.0459, iRes = 30   iCnt = 40  
Info: MYD88_Q01965_x1 model_2_multimer_v2_p1_230309_926029_recycled_01,  tol = 106.86, pLDDT = 62.35, pTM-score = 0.3729, piTM-score = 0.0284, interface-score = 0.0003, iRes = 12   iCnt = 10  
Info: MYD88_Q01965_x1 model_2_multimer_v2_p1_230309_926029_recycled_02,  tol = 21.54, pLDDT = 62.06, pTM-score = 0.3680, piTM-score = 0.0127, interface-score = 0.0001, iRes = 7    iCnt = 5   
Info: MYD88_Q01965_x1 model_2_multimer_v2_p1_230309_926029_recycled_03,  tol =  7.92, pLDDT = 62.13, pTM-score = 0.3677, piTM-score = 0.0072, interface-score = 0.0000, iRes = 5    iCnt = 3   
Info: MYD88_Q01965_x1 model_2_multimer_v2_p1_230309_926029_recycled_04,  tol =  6.84, pLDDT = 62.21, pTM-score = 0.3680, piTM-score = 0.0035, interface-score = 0.0000, iRes = 4    iCnt = 2   
Info: MYD88_Q01965_x1 model_2_multimer_v2_p1_230309_926029_recycled_05,  tol = 10.02, pLDDT = 62.33, pTM-score = 0.3657, piTM-score = 0.0073, interface-score = 0.0000, iRes = 5    iCnt = 3   
Info: MYD88_Q01965_x1 model_2_multimer_v2_p1_230309_926029_recycled_06,  tol = 12.79, pLDDT = 62.60, pTM-score = 0.3666, piTM-score = 0.0035, interface-score = 0.0000, iRes = 4    iCnt = 2   
Info: MYD88_Q01965_x1 model_2_multimer_v2_p1_230309_926029_recycled_07,  tol =  8.77, pLDDT = 62.51, pTM-score = 0.3649, piTM-score = 0.0035, interface-score = 0.0000, iRes = 4    iCnt = 2   
Info: MYD88_Q01965_x1 model_2_multimer_v2_p1_230309_926029_recycled_08,  tol =  8.09, pLDDT = 62.55, pTM-score = 0.3655, piTM-score = 0.0035, interface-score = 0.0000, iRes = 4    iCnt = 2   
Info: MYD88_Q01965_x1 model_2_multimer_v2_p1_230309_926029_recycled_09,  tol =  5.90, pLDDT = 62.54, pTM-score = 0.3671, piTM-score = 0.0035, interface-score = 0.0000, iRes = 4    iCnt = 2   
Info: MYD88_Q01965_x1 model_2_multimer_v2_p1_230309_926029_recycled_10,  tol =  4.37, pLDDT = 62.49, pTM-score = 0.3683, piTM-score = 0.0054, interface-score = 0.0000, iRes = 6    iCnt = 3   
Info: MYD88_Q01965_x1 model_2_multimer_v2_p1_230309_926029_recycled_11,  tol =  3.23, pLDDT = 62.48, pTM-score = 0.3687, piTM-score = 0.0031, interface-score = 0.0000, iRes = 4    iCnt = 2   
Info: MYD88_Q01965_x1 model_2_multimer_v2_p1_230309_926029_recycled_12,  tol =  5.89, pLDDT = 62.46, pTM-score = 0.3654, piTM-score = 0.0078, interface-score = 0.0001, iRes = 6    iCnt = 3   
Info: MYD88_Q01965_x1 model_2_multimer_v2_p1_230309_926029_recycled_13,  tol =  5.81, pLDDT = 62.54, pTM-score = 0.3677, piTM-score = 0.0031, interface-score = 0.0000, iRes = 4    iCnt = 2   
Info: MYD88_Q01965_x1 model_2_multimer_v2_p1_230309_926029_recycled_14,  tol =  4.39, pLDDT = 62.59, pTM-score = 0.3688, piTM-score = 0.0079, interface-score = 0.0001, iRes = 6    iCnt = 3   
Info: MYD88_Q01965_x1 model_2_multimer_v2_p1_230309_926029_recycled_15,  tol =  8.54, pLDDT = 62.39, pTM-score = 0.3641, piTM-score = 0.0078, interface-score = 0.0001, iRes = 6    iCnt = 3   
Info: MYD88_Q01965_x1 model_2_multimer_v2_p1_230309_926029_recycled_16,  tol =  6.06, pLDDT = 62.03, pTM-score = 0.3616, piTM-score = 0.0078, interface-score = 0.0001, iRes = 6    iCnt = 3   
Info: MYD88_Q01965_x1 model_2_multimer_v2_p1_230309_926029_recycled_17,  tol = 10.45, pLDDT = 62.31, pTM-score = 0.3688, piTM-score = 0.0014, interface-score = 0.0000, iRes = 2    iCnt = 1   
Info: MYD88_Q01965_x1 model_2_multimer_v2_p1_230309_926029_recycled_18,  tol =  9.68, pLDDT = 62.35, pTM-score = 0.3705, piTM-score = 0.0063, interface-score = 0.0001, iRes = 7    iCnt = 4   
Info: MYD88_Q01965_x1 model_2_multimer_v2_p1_230309_926029_recycled_19,  tol =  8.38, pLDDT = 62.32, pTM-score = 0.3663, piTM-score = 0.0101, interface-score = 0.0001, iRes = 7    iCnt = 4   
Info: MYD88_Q01965_x1 model_2_multimer_v2_p1_230309_926029 performed 20 recycles, final tol = 8.29, pLDDT = 62.27, pTM-score = 0.3680, piTM-score = 0.0106, interface-score = 0.0001, iRes = 8    iCnt = 4   
Info: num_clusters = 2, cluster_sizes = [1, 1],  clusters = [['MYD88_MOUSE_0'], ['Q01965_0']]

I0309 07:29:30.070380 22546388379456 run_af2c_mod.py:404] Final timings for MYD88_Q01965_x1: {'features': 1.23, 'process_features_model_2_multimer_v2_p1_230309_926029': 0.0, 'predict_and_compile_model_2_multimer_v2_p1_230309_926029': 1377.1}
                                  
================================= 
Global information about the job: 
================================= 
  
Job owner: flobnow(42847)
Job name:  2_AF2C
Node list: ravg1077
Job start: Thu Mar  9 07:06:07 CET 2023
Job end:   Thu Mar  9 07:29:32 CET 2023
Work dir:  /raven/u/flobnow/workingLama/scripts/myRuns/Q01965
Command:   /raven/u/flobnow/workingLama/scripts/myRuns/Q01965/script2_comp_model_2.sh
  
  
  
==========================================================================================
Information on jobsteps (Note: MaxRSS/AveRSS is the maximum/average over all 
tasks of the per-task memory high-water marks; cf. "man sacct"): 
==========================================================================================
  
JobID            JobName NNodes NTasks  NCPUS        0.00M        0.00M    Elapsed ExitCode
------------- ---------- ------ ------ ------ ------------ ------------ ---------- --------
4385316           2_AF2C      1           108                             00:23:25      0:0
4385316.0        python3      1      1    108    28171.26M    28171.26M   00:23:23      0:0
  
Maximum memory per node: 29.539709 GB (defined as MaxRSS*Ntasks/NNodes)
CPU utilization: 1.9 %
  
Info: input file name is Q01965
Info: input target list is /u/flobnow/workingLama/scripts/myRuns/Q01965/target.lst
Info: input feature directory is /u/flobnow/workingLama/feature_files
Info: result output directory is /u/flobnow/workingLama/output_files
Info: model preset is multimer_np
Info: msa pairing is all
Info: recycling setting is 1
Info: using preset super2
Info: set num_ensemble = 2
Info: set max_recyles = 20
Info: set recycle_tol = 0.1
Info: mas_pairing mode is all
I0309 07:22:12.282956 23172745357120 tpu_client.py:54] Starting the local TPU driver.
I0309 07:22:12.284878 23172745357120 xla_bridge.py:212] Unable to initialize backend 'tpu_driver': Not found: Unable to find driver in registry given worker: local://
I0309 07:22:12.679010 23172745357120 xla_bridge.py:212] Unable to initialize backend 'tpu': Invalid argument: TpuPlatform is not available.
I0309 07:22:15.454661 23172745357120 run_af2c_mod.py:481] Have 1 models: ['model_3_multimer_v2_p1']
Info: working on target MYD88_Q01965_x1
I0309 07:22:24.463898 23172745357120 run_af2c_mod.py:512] Using random seed 4337762565543354504 for the data pipeline
Info: MYD88_Q01965_x1 found monomer MYD88_MOUSE msa_depth = 3425, seq_len = 296, num_templ = 20
Info: MYD88_MOUSE reducing the number of structural templates to 4
Info: MYD88_Q01965_x1 found monomer Q01965 msa_depth = 6263, seq_len = 654, num_templ = 20
Info: Q01965 reducing the number of structural templates to 4
Info: 2 chain(s) to model {'A': 'MYD88_MOUSE_1', 'B': 'Q01965_1'}
Info: modeling MYD88_Q01965_x1 with msa_depth = 7064, seq_len = 950, num_templ = 8
I0309 07:22:25.594089 23172745357120 run_af2c_mod.py:216] Running model model_3_multimer_v2_p1_230309_354504
I0309 07:22:25.594561 23172745357120 model.py:205] Running predict with shape(feat) = {'msa': (7064, 950), 'bert_mask': (7064, 950), 'num_alignments': (), 'aatype': (950,), 'seq_length': (), 'template_aatype': (8, 950), 'template_all_atom_mask': (8, 950, 37), 'template_all_atom_positions': (8, 950, 37, 3), 'all_atom_positions': (950, 37, 3), 'template_domain_names': (8,), 'asym_id': (950,), 'sym_id': (950,), 'entity_id': (950,), 'residue_index': (950,), 'deletion_matrix': (7064, 950), 'seq_mask': (950,), 'msa_mask': (7064, 950), 'cluster_bias_mask': (7064,), 'pdb_residue_index': (950,)}
I0309 07:45:06.651185 23172745357120 run_af2c_mod.py:270] Total JAX model model_3_multimer_v2_p1_230309_354504 predict time (includes compilation time): 1361.1 seconds
Info: MYD88_Q01965_x1 model_3_multimer_v2_p1_230309_354504_recycled_00,  tol =   inf, pLDDT = 61.47, pTM-score = 0.3925, piTM-score = 0.0518, interface-score = 0.0028, iRes = 17   iCnt = 19  
Info: MYD88_Q01965_x1 model_3_multimer_v2_p1_230309_354504_recycled_01,  tol = 139.94, pLDDT = 61.67, pTM-score = 0.3717, piTM-score = 0.0037, interface-score = 0.0001, iRes = 4    iCnt = 2   
Info: MYD88_Q01965_x1 model_3_multimer_v2_p1_230309_354504_recycled_02,  tol = 19.68, pLDDT = 62.46, pTM-score = 0.3784, piTM-score = 0.0000, interface-score = 0.0000, iRes = 0    iCnt = 0   
Info: MYD88_Q01965_x1 model_3_multimer_v2_p1_230309_354504_recycled_03,  tol = 26.32, pLDDT = 62.98, pTM-score = 0.3781, piTM-score = 0.0000, interface-score = 0.0000, iRes = 0    iCnt = 0   
Info: MYD88_Q01965_x1 model_3_multimer_v2_p1_230309_354504_recycled_04,  tol =  7.44, pLDDT = 63.02, pTM-score = 0.3826, piTM-score = 0.0000, interface-score = 0.0000, iRes = 0    iCnt = 0   
Info: MYD88_Q01965_x1 model_3_multimer_v2_p1_230309_354504_recycled_05,  tol = 19.21, pLDDT = 63.04, pTM-score = 0.3764, piTM-score = 0.0000, interface-score = 0.0000, iRes = 0    iCnt = 0   
Info: MYD88_Q01965_x1 model_3_multimer_v2_p1_230309_354504_recycled_06,  tol =  6.98, pLDDT = 63.12, pTM-score = 0.3792, piTM-score = 0.0000, interface-score = 0.0000, iRes = 0    iCnt = 0   
Info: MYD88_Q01965_x1 model_3_multimer_v2_p1_230309_354504_recycled_07,  tol =  6.60, pLDDT = 63.33, pTM-score = 0.3786, piTM-score = 0.0000, interface-score = 0.0000, iRes = 0    iCnt = 0   
Info: MYD88_Q01965_x1 model_3_multimer_v2_p1_230309_354504_recycled_08,  tol =  4.45, pLDDT = 63.42, pTM-score = 0.3832, piTM-score = 0.0000, interface-score = 0.0000, iRes = 0    iCnt = 0   
Info: MYD88_Q01965_x1 model_3_multimer_v2_p1_230309_354504_recycled_09,  tol =  4.63, pLDDT = 63.31, pTM-score = 0.3790, piTM-score = 0.0000, interface-score = 0.0000, iRes = 0    iCnt = 0   
Info: MYD88_Q01965_x1 model_3_multimer_v2_p1_230309_354504_recycled_10,  tol =  3.58, pLDDT = 63.36, pTM-score = 0.3803, piTM-score = 0.0000, interface-score = 0.0000, iRes = 0    iCnt = 0   
Info: MYD88_Q01965_x1 model_3_multimer_v2_p1_230309_354504_recycled_11,  tol =  8.83, pLDDT = 63.35, pTM-score = 0.3825, piTM-score = 0.0000, interface-score = 0.0000, iRes = 0    iCnt = 0   
Info: MYD88_Q01965_x1 model_3_multimer_v2_p1_230309_354504_recycled_12,  tol =  4.30, pLDDT = 63.62, pTM-score = 0.3792, piTM-score = 0.0000, interface-score = 0.0000, iRes = 0    iCnt = 0   
Info: MYD88_Q01965_x1 model_3_multimer_v2_p1_230309_354504_recycled_13,  tol =  4.48, pLDDT = 63.57, pTM-score = 0.3840, piTM-score = 0.0000, interface-score = 0.0000, iRes = 0    iCnt = 0   
Info: MYD88_Q01965_x1 model_3_multimer_v2_p1_230309_354504_recycled_14,  tol =  3.17, pLDDT = 63.34, pTM-score = 0.3831, piTM-score = 0.0000, interface-score = 0.0000, iRes = 0    iCnt = 0   
Info: MYD88_Q01965_x1 model_3_multimer_v2_p1_230309_354504_recycled_15,  tol =  3.78, pLDDT = 63.50, pTM-score = 0.3846, piTM-score = 0.0000, interface-score = 0.0000, iRes = 0    iCnt = 0   
Info: MYD88_Q01965_x1 model_3_multimer_v2_p1_230309_354504_recycled_16,  tol =  3.03, pLDDT = 63.46, pTM-score = 0.3877, piTM-score = 0.0000, interface-score = 0.0000, iRes = 0    iCnt = 0   
Info: MYD88_Q01965_x1 model_3_multimer_v2_p1_230309_354504_recycled_17,  tol =  4.44, pLDDT = 63.37, pTM-score = 0.3825, piTM-score = 0.0000, interface-score = 0.0000, iRes = 0    iCnt = 0   
Info: MYD88_Q01965_x1 model_3_multimer_v2_p1_230309_354504_recycled_18,  tol =  6.56, pLDDT = 63.31, pTM-score = 0.3797, piTM-score = 0.0000, interface-score = 0.0000, iRes = 0    iCnt = 0   
Info: MYD88_Q01965_x1 model_3_multimer_v2_p1_230309_354504_recycled_19,  tol =  9.00, pLDDT = 63.25, pTM-score = 0.3835, piTM-score = 0.0000, interface-score = 0.0000, iRes = 0    iCnt = 0   
Info: MYD88_Q01965_x1 model_3_multimer_v2_p1_230309_354504 performed 20 recycles, final tol = 4.47, pLDDT = 63.41, pTM-score = 0.3831, piTM-score = 0.0000, interface-score = 0.0000, iRes = 0    iCnt = 0   
Info: num_clusters = 2, cluster_sizes = [1, 1],  clusters = [['MYD88_MOUSE_0'], ['Q01965_0']]

I0309 07:45:10.537410 23172745357120 run_af2c_mod.py:404] Final timings for MYD88_Q01965_x1: {'features': 1.13, 'process_features_model_3_multimer_v2_p1_230309_354504': 0.0, 'predict_and_compile_model_3_multimer_v2_p1_230309_354504': 1361.1}
                                  
================================= 
Global information about the job: 
================================= 
  
Job owner: flobnow(42847)
Job name:  3_AF2C
Node list: ravg1099
Job start: Thu Mar  9 07:21:59 CET 2023
Job end:   Thu Mar  9 07:45:13 CET 2023
Work dir:  /raven/u/flobnow/workingLama/scripts/myRuns/Q01965
Command:   /raven/u/flobnow/workingLama/scripts/myRuns/Q01965/script2_comp_model_3.sh
  
  
  
==========================================================================================
Information on jobsteps (Note: MaxRSS/AveRSS is the maximum/average over all 
tasks of the per-task memory high-water marks; cf. "man sacct"): 
==========================================================================================
  
JobID            JobName NNodes NTasks  NCPUS        0.00M        0.00M    Elapsed ExitCode
------------- ---------- ------ ------ ------ ------------ ------------ ---------- --------
4385324           3_AF2C      1           108                             00:23:14      0:0
4385324.0        python3      1      1    108    28542.18M    28542.18M   00:23:09      0:0
  
Maximum memory per node: 29.928645 GB (defined as MaxRSS*Ntasks/NNodes)
CPU utilization: 1.9 %
  
Info: input file name is Q01965
Info: input target list is /u/flobnow/workingLama/scripts/myRuns/Q01965/target.lst
Info: input feature directory is /u/flobnow/workingLama/feature_files
Info: result output directory is /u/flobnow/workingLama/output_files
Info: model preset is multimer_np
Info: msa pairing is all
Info: recycling setting is 1
Info: using preset super2
Info: set num_ensemble = 2
Info: set max_recyles = 20
Info: set recycle_tol = 0.1
Info: mas_pairing mode is all
I0309 08:20:33.920038 22646672205632 tpu_client.py:54] Starting the local TPU driver.
I0309 08:20:33.920412 22646672205632 xla_bridge.py:212] Unable to initialize backend 'tpu_driver': Not found: Unable to find driver in registry given worker: local://
I0309 08:20:34.279575 22646672205632 xla_bridge.py:212] Unable to initialize backend 'tpu': Invalid argument: TpuPlatform is not available.
I0309 08:20:37.102403 22646672205632 run_af2c_mod.py:481] Have 1 models: ['model_4_multimer_v2_p1']
Info: working on target MYD88_Q01965_x1
I0309 08:20:44.109765 22646672205632 run_af2c_mod.py:512] Using random seed 8535886959926458377 for the data pipeline
Info: MYD88_Q01965_x1 found monomer MYD88_MOUSE msa_depth = 3425, seq_len = 296, num_templ = 20
Info: MYD88_MOUSE reducing the number of structural templates to 4
Info: MYD88_Q01965_x1 found monomer Q01965 msa_depth = 6263, seq_len = 654, num_templ = 20
Info: Q01965 reducing the number of structural templates to 4
Info: 2 chain(s) to model {'A': 'MYD88_MOUSE_1', 'B': 'Q01965_1'}
Info: modeling MYD88_Q01965_x1 with msa_depth = 7064, seq_len = 950, num_templ = 8
I0309 08:20:45.271961 22646672205632 run_af2c_mod.py:216] Running model model_4_multimer_v2_p1_230309_458377
I0309 08:20:45.272430 22646672205632 model.py:205] Running predict with shape(feat) = {'msa': (7064, 950), 'bert_mask': (7064, 950), 'num_alignments': (), 'aatype': (950,), 'seq_length': (), 'template_aatype': (8, 950), 'template_all_atom_mask': (8, 950, 37), 'template_all_atom_positions': (8, 950, 37, 3), 'all_atom_positions': (950, 37, 3), 'template_domain_names': (8,), 'asym_id': (950,), 'sym_id': (950,), 'entity_id': (950,), 'residue_index': (950,), 'deletion_matrix': (7064, 950), 'seq_mask': (950,), 'msa_mask': (7064, 950), 'cluster_bias_mask': (7064,), 'pdb_residue_index': (950,)}
I0309 08:43:30.639717 22646672205632 run_af2c_mod.py:270] Total JAX model model_4_multimer_v2_p1_230309_458377 predict time (includes compilation time): 1365.4 seconds
Info: MYD88_Q01965_x1 model_4_multimer_v2_p1_230309_458377_recycled_00,  tol =   inf, pLDDT = 62.14, pTM-score = 0.3725, piTM-score = 0.3823, interface-score = 0.0251, iRes = 53   iCnt = 81  
Info: MYD88_Q01965_x1 model_4_multimer_v2_p1_230309_458377_recycled_01,  tol = 102.26, pLDDT = 62.85, pTM-score = 0.3869, piTM-score = 0.2122, interface-score = 0.0165, iRes = 29   iCnt = 21  
Info: MYD88_Q01965_x1 model_4_multimer_v2_p1_230309_458377_recycled_02,  tol = 18.00, pLDDT = 63.60, pTM-score = 0.3792, piTM-score = 0.1016, interface-score = 0.0028, iRes = 23   iCnt = 21  
Info: MYD88_Q01965_x1 model_4_multimer_v2_p1_230309_458377_recycled_03,  tol = 12.31, pLDDT = 63.61, pTM-score = 0.3700, piTM-score = 0.0212, interface-score = 0.0002, iRes = 14   iCnt = 9   
Info: MYD88_Q01965_x1 model_4_multimer_v2_p1_230309_458377_recycled_04,  tol =  6.99, pLDDT = 63.73, pTM-score = 0.3759, piTM-score = 0.0132, interface-score = 0.0001, iRes = 10   iCnt = 6   
Info: MYD88_Q01965_x1 model_4_multimer_v2_p1_230309_458377_recycled_05,  tol =  6.09, pLDDT = 64.09, pTM-score = 0.3729, piTM-score = 0.0052, interface-score = 0.0000, iRes = 5    iCnt = 3   
Info: MYD88_Q01965_x1 model_4_multimer_v2_p1_230309_458377_recycled_06,  tol =  9.30, pLDDT = 63.87, pTM-score = 0.3720, piTM-score = 0.0198, interface-score = 0.0001, iRes = 10   iCnt = 7   
Info: MYD88_Q01965_x1 model_4_multimer_v2_p1_230309_458377_recycled_07,  tol =  8.46, pLDDT = 64.30, pTM-score = 0.3699, piTM-score = 0.0085, interface-score = 0.0000, iRes = 6    iCnt = 4   
Info: MYD88_Q01965_x1 model_4_multimer_v2_p1_230309_458377_recycled_08,  tol =  5.47, pLDDT = 64.44, pTM-score = 0.3679, piTM-score = 0.0000, interface-score = 0.0000, iRes = 0    iCnt = 0   
Info: MYD88_Q01965_x1 model_4_multimer_v2_p1_230309_458377_recycled_09,  tol =  6.17, pLDDT = 64.47, pTM-score = 0.3632, piTM-score = 0.0000, interface-score = 0.0000, iRes = 0    iCnt = 0   
Info: MYD88_Q01965_x1 model_4_multimer_v2_p1_230309_458377_recycled_10,  tol =  3.67, pLDDT = 64.35, pTM-score = 0.3647, piTM-score = 0.0000, interface-score = 0.0000, iRes = 0    iCnt = 0   
Info: MYD88_Q01965_x1 model_4_multimer_v2_p1_230309_458377_recycled_11,  tol =  6.05, pLDDT = 64.15, pTM-score = 0.3655, piTM-score = 0.0035, interface-score = 0.0000, iRes = 3    iCnt = 2   
Info: MYD88_Q01965_x1 model_4_multimer_v2_p1_230309_458377_recycled_12,  tol =  4.07, pLDDT = 64.31, pTM-score = 0.3637, piTM-score = 0.0064, interface-score = 0.0000, iRes = 5    iCnt = 3   
Info: MYD88_Q01965_x1 model_4_multimer_v2_p1_230309_458377_recycled_13,  tol =  2.70, pLDDT = 64.31, pTM-score = 0.3660, piTM-score = 0.0000, interface-score = 0.0000, iRes = 0    iCnt = 0   
Info: MYD88_Q01965_x1 model_4_multimer_v2_p1_230309_458377_recycled_14,  tol =  9.53, pLDDT = 64.20, pTM-score = 0.3690, piTM-score = 0.0041, interface-score = 0.0000, iRes = 3    iCnt = 2   
Info: MYD88_Q01965_x1 model_4_multimer_v2_p1_230309_458377_recycled_15,  tol = 11.54, pLDDT = 63.93, pTM-score = 0.3690, piTM-score = 0.0000, interface-score = 0.0000, iRes = 0    iCnt = 0   
Info: MYD88_Q01965_x1 model_4_multimer_v2_p1_230309_458377_recycled_16,  tol =  4.48, pLDDT = 64.01, pTM-score = 0.3695, piTM-score = 0.0000, interface-score = 0.0000, iRes = 0    iCnt = 0   
Info: MYD88_Q01965_x1 model_4_multimer_v2_p1_230309_458377_recycled_17,  tol =  4.60, pLDDT = 63.97, pTM-score = 0.3673, piTM-score = 0.0000, interface-score = 0.0000, iRes = 0    iCnt = 0   
Info: MYD88_Q01965_x1 model_4_multimer_v2_p1_230309_458377_recycled_18,  tol =  6.58, pLDDT = 63.68, pTM-score = 0.3711, piTM-score = 0.0000, interface-score = 0.0000, iRes = 0    iCnt = 0   
Info: MYD88_Q01965_x1 model_4_multimer_v2_p1_230309_458377_recycled_19,  tol =  7.04, pLDDT = 63.77, pTM-score = 0.3714, piTM-score = 0.0000, interface-score = 0.0000, iRes = 0    iCnt = 0   
Info: MYD88_Q01965_x1 model_4_multimer_v2_p1_230309_458377 performed 20 recycles, final tol = 13.69, pLDDT = 63.95, pTM-score = 0.3702, piTM-score = 0.2313, interface-score = 0.0023, iRes = 34   iCnt = 45  
Info: num_clusters = 1, cluster_sizes = [2],  clusters = [['MYD88_MOUSE_0', 'Q01965_0']]

I0309 08:43:34.437820 22646672205632 run_af2c_mod.py:404] Final timings for MYD88_Q01965_x1: {'features': 1.16, 'process_features_model_4_multimer_v2_p1_230309_458377': 0.0, 'predict_and_compile_model_4_multimer_v2_p1_230309_458377': 1365.4}
                                  
================================= 
Global information about the job: 
================================= 
  
Job owner: flobnow(42847)
Job name:  4_AF2C
Node list: ravg1090
Job start: Thu Mar  9 08:20:25 CET 2023
Job end:   Thu Mar  9 08:43:36 CET 2023
Work dir:  /raven/u/flobnow/workingLama/scripts/myRuns/Q01965
Command:   /raven/u/flobnow/workingLama/scripts/myRuns/Q01965/script2_comp_model_4.sh
  
  
  
==========================================================================================
Information on jobsteps (Note: MaxRSS/AveRSS is the maximum/average over all 
tasks of the per-task memory high-water marks; cf. "man sacct"): 
==========================================================================================
  
JobID            JobName NNodes NTasks  NCPUS        0.00M        0.00M    Elapsed ExitCode
------------- ---------- ------ ------ ------ ------------ ------------ ---------- --------
4385360           4_AF2C      1           108                             00:23:11      0:0
4385360.0        python3      1      1    108    28558.42M    28558.42M   00:23:07      0:0
  
Maximum memory per node: 29.945676 GB (defined as MaxRSS*Ntasks/NNodes)
CPU utilization: 1.9 %
  
Info: input file name is Q01965
Info: input target list is /u/flobnow/workingLama/scripts/myRuns/Q01965/target.lst
Info: input feature directory is /u/flobnow/workingLama/feature_files
Info: result output directory is /u/flobnow/workingLama/output_files
Info: model preset is multimer_np
Info: msa pairing is all
Info: recycling setting is 1
Info: using preset super2
Info: set num_ensemble = 2
Info: set max_recyles = 20
Info: set recycle_tol = 0.1
Info: mas_pairing mode is all
I0309 08:45:47.893436 23178709243712 tpu_client.py:54] Starting the local TPU driver.
I0309 08:45:47.893795 23178709243712 xla_bridge.py:212] Unable to initialize backend 'tpu_driver': Not found: Unable to find driver in registry given worker: local://
I0309 08:45:48.261706 23178709243712 xla_bridge.py:212] Unable to initialize backend 'tpu': Invalid argument: TpuPlatform is not available.
I0309 08:45:51.135181 23178709243712 run_af2c_mod.py:481] Have 1 models: ['model_5_multimer_v2_p1']
Info: working on target MYD88_Q01965_x1
I0309 08:45:56.139392 23178709243712 run_af2c_mod.py:512] Using random seed 3705064015820314592 for the data pipeline
Info: MYD88_Q01965_x1 found monomer MYD88_MOUSE msa_depth = 3425, seq_len = 296, num_templ = 20
Info: MYD88_MOUSE reducing the number of structural templates to 4
Info: MYD88_Q01965_x1 found monomer Q01965 msa_depth = 6263, seq_len = 654, num_templ = 20
Info: Q01965 reducing the number of structural templates to 4
Info: 2 chain(s) to model {'A': 'MYD88_MOUSE_1', 'B': 'Q01965_1'}
Info: modeling MYD88_Q01965_x1 with msa_depth = 7064, seq_len = 950, num_templ = 8
I0309 08:45:57.272815 23178709243712 run_af2c_mod.py:216] Running model model_5_multimer_v2_p1_230309_314592
I0309 08:45:57.273307 23178709243712 model.py:205] Running predict with shape(feat) = {'msa': (7064, 950), 'bert_mask': (7064, 950), 'num_alignments': (), 'aatype': (950,), 'seq_length': (), 'template_aatype': (8, 950), 'template_all_atom_mask': (8, 950, 37), 'template_all_atom_positions': (8, 950, 37, 3), 'all_atom_positions': (950, 37, 3), 'template_domain_names': (8,), 'asym_id': (950,), 'sym_id': (950,), 'entity_id': (950,), 'residue_index': (950,), 'deletion_matrix': (7064, 950), 'seq_mask': (950,), 'msa_mask': (7064, 950), 'cluster_bias_mask': (7064,), 'pdb_residue_index': (950,)}
I0309 09:08:45.031483 23178709243712 run_af2c_mod.py:270] Total JAX model model_5_multimer_v2_p1_230309_314592 predict time (includes compilation time): 1367.8 seconds
Info: MYD88_Q01965_x1 model_5_multimer_v2_p1_230309_314592_recycled_00,  tol =   inf, pLDDT = 62.31, pTM-score = 0.4030, piTM-score = 0.3138, interface-score = 0.0755, iRes = 40   iCnt = 59  
Info: MYD88_Q01965_x1 model_5_multimer_v2_p1_230309_314592_recycled_01,  tol = 103.74, pLDDT = 62.35, pTM-score = 0.3779, piTM-score = 0.0436, interface-score = 0.0009, iRes = 18   iCnt = 14  
Info: MYD88_Q01965_x1 model_5_multimer_v2_p1_230309_314592_recycled_02,  tol = 16.70, pLDDT = 62.53, pTM-score = 0.3813, piTM-score = 0.1289, interface-score = 0.0079, iRes = 29   iCnt = 21  
Info: MYD88_Q01965_x1 model_5_multimer_v2_p1_230309_314592_recycled_03,  tol =  9.47, pLDDT = 62.97, pTM-score = 0.3696, piTM-score = 0.0230, interface-score = 0.0003, iRes = 12   iCnt = 8   
Info: MYD88_Q01965_x1 model_5_multimer_v2_p1_230309_314592_recycled_04,  tol =  5.92, pLDDT = 63.18, pTM-score = 0.3725, piTM-score = 0.0044, interface-score = 0.0000, iRes = 4    iCnt = 2   
Info: MYD88_Q01965_x1 model_5_multimer_v2_p1_230309_314592_recycled_05,  tol = 12.06, pLDDT = 63.31, pTM-score = 0.3732, piTM-score = 0.0000, interface-score = 0.0000, iRes = 0    iCnt = 0   
Info: MYD88_Q01965_x1 model_5_multimer_v2_p1_230309_314592_recycled_06,  tol =  9.50, pLDDT = 63.36, pTM-score = 0.3738, piTM-score = 0.0034, interface-score = 0.0000, iRes = 3    iCnt = 2   
Info: MYD88_Q01965_x1 model_5_multimer_v2_p1_230309_314592_recycled_07,  tol =  4.07, pLDDT = 63.49, pTM-score = 0.3721, piTM-score = 0.0014, interface-score = 0.0000, iRes = 2    iCnt = 1   
Info: MYD88_Q01965_x1 model_5_multimer_v2_p1_230309_314592_recycled_08,  tol =  6.29, pLDDT = 63.54, pTM-score = 0.3767, piTM-score = 0.0000, interface-score = 0.0000, iRes = 0    iCnt = 0   
Info: MYD88_Q01965_x1 model_5_multimer_v2_p1_230309_314592_recycled_09,  tol =  5.65, pLDDT = 63.56, pTM-score = 0.3743, piTM-score = 0.0000, interface-score = 0.0000, iRes = 0    iCnt = 0   
Info: MYD88_Q01965_x1 model_5_multimer_v2_p1_230309_314592_recycled_10,  tol =  7.65, pLDDT = 63.26, pTM-score = 0.3744, piTM-score = 0.0080, interface-score = 0.0001, iRes = 6    iCnt = 3   
Info: MYD88_Q01965_x1 model_5_multimer_v2_p1_230309_314592_recycled_11,  tol =  8.48, pLDDT = 63.20, pTM-score = 0.3757, piTM-score = 0.0014, interface-score = 0.0000, iRes = 2    iCnt = 1   
Info: MYD88_Q01965_x1 model_5_multimer_v2_p1_230309_314592_recycled_12,  tol =  7.65, pLDDT = 63.46, pTM-score = 0.3761, piTM-score = 0.0080, interface-score = 0.0001, iRes = 6    iCnt = 3   
Info: MYD88_Q01965_x1 model_5_multimer_v2_p1_230309_314592_recycled_13,  tol = 10.91, pLDDT = 63.11, pTM-score = 0.3750, piTM-score = 0.0000, interface-score = 0.0000, iRes = 0    iCnt = 0   
Info: MYD88_Q01965_x1 model_5_multimer_v2_p1_230309_314592_recycled_14,  tol =  7.80, pLDDT = 63.10, pTM-score = 0.3748, piTM-score = 0.0178, interface-score = 0.0002, iRes = 10   iCnt = 6   
Info: MYD88_Q01965_x1 model_5_multimer_v2_p1_230309_314592_recycled_15,  tol =  8.02, pLDDT = 63.19, pTM-score = 0.3764, piTM-score = 0.0029, interface-score = 0.0000, iRes = 4    iCnt = 2   
Info: MYD88_Q01965_x1 model_5_multimer_v2_p1_230309_314592_recycled_16,  tol = 11.61, pLDDT = 63.30, pTM-score = 0.3739, piTM-score = 0.0014, interface-score = 0.0000, iRes = 2    iCnt = 1   
Info: MYD88_Q01965_x1 model_5_multimer_v2_p1_230309_314592_recycled_17,  tol =  9.96, pLDDT = 63.46, pTM-score = 0.3746, piTM-score = 0.0032, interface-score = 0.0000, iRes = 4    iCnt = 2   
Info: MYD88_Q01965_x1 model_5_multimer_v2_p1_230309_314592_recycled_18,  tol = 10.07, pLDDT = 63.21, pTM-score = 0.3737, piTM-score = 0.0075, interface-score = 0.0001, iRes = 6    iCnt = 3   
Info: MYD88_Q01965_x1 model_5_multimer_v2_p1_230309_314592_recycled_19,  tol =  9.64, pLDDT = 63.08, pTM-score = 0.3757, piTM-score = 0.0125, interface-score = 0.0001, iRes = 8    iCnt = 4   
Info: MYD88_Q01965_x1 model_5_multimer_v2_p1_230309_314592 performed 20 recycles, final tol = 8.92, pLDDT = 63.30, pTM-score = 0.3722, piTM-score = 0.0000, interface-score = 0.0000, iRes = 0    iCnt = 0   
Info: num_clusters = 2, cluster_sizes = [1, 1],  clusters = [['MYD88_MOUSE_0'], ['Q01965_0']]

I0309 09:08:48.746000 23178709243712 run_af2c_mod.py:404] Final timings for MYD88_Q01965_x1: {'features': 1.13, 'process_features_model_5_multimer_v2_p1_230309_314592': 0.0, 'predict_and_compile_model_5_multimer_v2_p1_230309_314592': 1367.8}
                                  
================================= 
Global information about the job: 
================================= 
  
Job owner: flobnow(42847)
Job name:  5_AF2C
Node list: ravg1090
Job start: Thu Mar  9 08:45:38 CET 2023
Job end:   Thu Mar  9 09:08:50 CET 2023
Work dir:  /raven/u/flobnow/workingLama/scripts/myRuns/Q01965
Command:   /raven/u/flobnow/workingLama/scripts/myRuns/Q01965/script2_comp_model_5.sh
  
  
  
==========================================================================================
Information on jobsteps (Note: MaxRSS/AveRSS is the maximum/average over all 
tasks of the per-task memory high-water marks; cf. "man sacct"): 
==========================================================================================
  
JobID            JobName NNodes NTasks  NCPUS        0.00M        0.00M    Elapsed ExitCode
------------- ---------- ------ ------ ------ ------------ ------------ ---------- --------
4385375           5_AF2C      1           108                             00:23:12      0:0
4385375.0        python3      1      1    108    28590.27M    28590.27M   00:23:08      0:0
  
Maximum memory per node: 29.979066 GB (defined as MaxRSS*Ntasks/NNodes)
CPU utilization: 1.9 %
  
Info: target file is /u/flobnow/workingLama/scripts/myRuns/Q01965/target.lst
Info: input directory of unrelaxed models is /u/flobnow/workingLama/output_files
Info: output directory of relaxed models is /u/flobnow/workingLama/output_files
/bin/sh: /mpcdf/soft/SLE_15/packages/x86_64/alphafold/2.2.0/lib/libtinfo.so.6: no version information available (required by /lib64/libreadline.so.7)
I0309 13:21:03.043187 23090627876672 run_af2c_min.py:88] MYD88_Q01965_x1 processing model_5_multimer_v2_p1_230309_314592.pdb
sh: /mpcdf/soft/SLE_15/packages/x86_64/alphafold/2.2.0/lib/libtinfo.so.6: no version information available (required by /lib64/libreadline.so.7)
sh: /mpcdf/soft/SLE_15/packages/x86_64/alphafold/2.2.0/lib/libtinfo.so.6: no version information available (required by /lib64/libreadline.so.7)
I0309 13:21:17.301095 23090627876672 amber_minimize.py:177] alterations info: {'nonstandard_residues': [], 'removed_heterogens': set(), 'missing_residues': {}, 'missing_heavy_atoms': {}, 'missing_terminals': {<Residue 295 (PRO) of chain 0>: ['OXT'], <Residue 949 (THR) of chain 1>: ['OXT']}, 'Se_in_MET': [], 'removed_chains': {0: []}}
I0309 13:21:18.743500 23090627876672 amber_minimize.py:408] Minimizing protein, attempt 1 of 100.
I0309 13:21:20.331708 23090627876672 amber_minimize.py:69] Restraining 7503 / 14959 particles.
sh: /mpcdf/soft/SLE_15/packages/x86_64/alphafold/2.2.0/lib/libtinfo.so.6: no version information available (required by /lib64/libreadline.so.7)
I0309 13:23:53.494514 23090627876672 amber_minimize.py:177] alterations info: {'nonstandard_residues': [], 'removed_heterogens': set(), 'missing_residues': {}, 'missing_heavy_atoms': {}, 'missing_terminals': {}, 'Se_in_MET': [], 'removed_chains': {0: []}}
I0309 13:23:54.949264 23090627876672 tpu_client.py:54] Starting the local TPU driver.
I0309 13:23:54.951087 23090627876672 xla_bridge.py:212] Unable to initialize backend 'tpu_driver': Not found: Unable to find driver in registry given worker: local://
I0309 13:23:55.188009 23090627876672 xla_bridge.py:212] Unable to initialize backend 'tpu': Invalid argument: TpuPlatform is not available.
I0309 13:24:06.792858 23090627876672 amber_minimize.py:500] Iteration completed: Einit 9016978997679504.00 Efinal -10204.73 Time 144.28 s num residue violations 36 num residue exclusions 0 
I0309 13:24:06.836694 23090627876672 amber_minimize.py:408] Minimizing protein, attempt 1 of 100.
I0309 13:24:08.302381 23090627876672 amber_minimize.py:69] Restraining 7220 / 14959 particles.
sh: /mpcdf/soft/SLE_15/packages/x86_64/alphafold/2.2.0/lib/libtinfo.so.6: no version information available (required by /lib64/libreadline.so.7)
I0309 13:26:15.221056 23090627876672 amber_minimize.py:177] alterations info: {'nonstandard_residues': [], 'removed_heterogens': set(), 'missing_residues': {}, 'missing_heavy_atoms': {}, 'missing_terminals': {}, 'Se_in_MET': [], 'removed_chains': {0: []}}
I0309 13:26:19.699430 23090627876672 amber_minimize.py:500] Iteration completed: Einit 40696.67 Efinal -14863.17 Time 117.83 s num residue violations 20 num residue exclusions 36 
I0309 13:26:19.700256 23090627876672 amber_minimize.py:408] Minimizing protein, attempt 1 of 100.
I0309 13:26:21.212655 23090627876672 amber_minimize.py:69] Restraining 7202 / 14959 particles.
sh: /mpcdf/soft/SLE_15/packages/x86_64/alphafold/2.2.0/lib/libtinfo.so.6: no version information available (required by /lib64/libreadline.so.7)
I0309 13:28:16.511710 23090627876672 amber_minimize.py:177] alterations info: {'nonstandard_residues': [], 'removed_heterogens': set(), 'missing_residues': {}, 'missing_heavy_atoms': {}, 'missing_terminals': {}, 'Se_in_MET': [], 'removed_chains': {0: []}}
I0309 13:28:21.006859 23090627876672 amber_minimize.py:500] Iteration completed: Einit 22397.47 Efinal -16193.55 Time 106.36 s num residue violations 15 num residue exclusions 38 
sh: /mpcdf/soft/SLE_15/packages/x86_64/alphafold/2.2.0/lib/libtinfo.so.6: no version information available (required by /lib64/libreadline.so.7)
sh: /mpcdf/soft/SLE_15/packages/x86_64/alphafold/2.2.0/lib/libtinfo.so.6: no version information available (required by /lib64/libreadline.so.7)
I0309 13:28:31.714620 23090627876672 amber_minimize.py:177] alterations info: {'nonstandard_residues': [], 'removed_heterogens': set(), 'missing_residues': {}, 'missing_heavy_atoms': {}, 'missing_terminals': {<Residue 295 (PRO) of chain 0>: ['OXT'], <Residue 949 (THR) of chain 1>: ['OXT']}, 'Se_in_MET': [], 'removed_chains': {0: []}}
I0309 13:28:34.775161 23090627876672 run_af2c_min.py:110] MYD88_Q01965_x1 relaxation done, time spent 451.3 seconds, Efinal -16193.55, rmsd 0.40
I0309 13:28:34.775284 23090627876672 run_af2c_min.py:88] MYD88_Q01965_x1 processing model_4_multimer_v2_p1_230309_458377.pdb
sh: /mpcdf/soft/SLE_15/packages/x86_64/alphafold/2.2.0/lib/libtinfo.so.6: no version information available (required by /lib64/libreadline.so.7)
sh: /mpcdf/soft/SLE_15/packages/x86_64/alphafold/2.2.0/lib/libtinfo.so.6: no version information available (required by /lib64/libreadline.so.7)
I0309 13:28:45.599505 23090627876672 amber_minimize.py:177] alterations info: {'nonstandard_residues': [], 'removed_heterogens': set(), 'missing_residues': {}, 'missing_heavy_atoms': {}, 'missing_terminals': {<Residue 295 (PRO) of chain 0>: ['OXT'], <Residue 949 (THR) of chain 1>: ['OXT']}, 'Se_in_MET': [], 'removed_chains': {0: []}}
I0309 13:28:47.129194 23090627876672 amber_minimize.py:408] Minimizing protein, attempt 1 of 100.
I0309 13:28:48.638610 23090627876672 amber_minimize.py:69] Restraining 7503 / 14959 particles.
sh: /mpcdf/soft/SLE_15/packages/x86_64/alphafold/2.2.0/lib/libtinfo.so.6: no version information available (required by /lib64/libreadline.so.7)
I0309 13:32:32.644679 23090627876672 amber_minimize.py:177] alterations info: {'nonstandard_residues': [], 'removed_heterogens': set(), 'missing_residues': {}, 'missing_heavy_atoms': {}, 'missing_terminals': {}, 'Se_in_MET': [], 'removed_chains': {0: []}}
I0309 13:32:37.088548 23090627876672 amber_minimize.py:500] Iteration completed: Einit 9635441255.85 Efinal -7980.61 Time 215.21 s num residue violations 45 num residue exclusions 0 
I0309 13:32:37.089206 23090627876672 amber_minimize.py:408] Minimizing protein, attempt 1 of 100.
I0309 13:32:38.569422 23090627876672 amber_minimize.py:69] Restraining 7143 / 14959 particles.
sh: /mpcdf/soft/SLE_15/packages/x86_64/alphafold/2.2.0/lib/libtinfo.so.6: no version information available (required by /lib64/libreadline.so.7)
I0309 13:37:11.826938 23090627876672 amber_minimize.py:177] alterations info: {'nonstandard_residues': [], 'removed_heterogens': set(), 'missing_residues': {}, 'missing_heavy_atoms': {}, 'missing_terminals': {}, 'Se_in_MET': [], 'removed_chains': {0: []}}
I0309 13:37:16.192143 23090627876672 amber_minimize.py:500] Iteration completed: Einit 29576.61 Efinal -13480.92 Time 264.56 s num residue violations 13 num residue exclusions 45 
I0309 13:37:16.192999 23090627876672 amber_minimize.py:408] Minimizing protein, attempt 1 of 100.
I0309 13:37:17.740968 23090627876672 amber_minimize.py:69] Restraining 7131 / 14959 particles.
sh: /mpcdf/soft/SLE_15/packages/x86_64/alphafold/2.2.0/lib/libtinfo.so.6: no version information available (required by /lib64/libreadline.so.7)
I0309 13:39:24.272544 23090627876672 amber_minimize.py:177] alterations info: {'nonstandard_residues': [], 'removed_heterogens': set(), 'missing_residues': {}, 'missing_heavy_atoms': {}, 'missing_terminals': {}, 'Se_in_MET': [], 'removed_chains': {0: []}}
I0309 13:39:28.698180 23090627876672 amber_minimize.py:500] Iteration completed: Einit 465883.04 Efinal -14640.76 Time 117.77 s num residue violations 9 num residue exclusions 47 
sh: /mpcdf/soft/SLE_15/packages/x86_64/alphafold/2.2.0/lib/libtinfo.so.6: no version information available (required by /lib64/libreadline.so.7)
sh: /mpcdf/soft/SLE_15/packages/x86_64/alphafold/2.2.0/lib/libtinfo.so.6: no version information available (required by /lib64/libreadline.so.7)
I0309 13:39:39.372653 23090627876672 amber_minimize.py:177] alterations info: {'nonstandard_residues': [], 'removed_heterogens': set(), 'missing_residues': {}, 'missing_heavy_atoms': {}, 'missing_terminals': {<Residue 295 (PRO) of chain 0>: ['OXT'], <Residue 949 (THR) of chain 1>: ['OXT']}, 'Se_in_MET': [], 'removed_chains': {0: []}}
I0309 13:39:42.430805 23090627876672 run_af2c_min.py:110] MYD88_Q01965_x1 relaxation done, time spent 667.1 seconds, Efinal -14640.76, rmsd 0.64
I0309 13:39:42.430933 23090627876672 run_af2c_min.py:88] MYD88_Q01965_x1 processing model_2_multimer_v2_p1_230309_926029.pdb
sh: /mpcdf/soft/SLE_15/packages/x86_64/alphafold/2.2.0/lib/libtinfo.so.6: no version information available (required by /lib64/libreadline.so.7)
sh: /mpcdf/soft/SLE_15/packages/x86_64/alphafold/2.2.0/lib/libtinfo.so.6: no version information available (required by /lib64/libreadline.so.7)
I0309 13:39:53.310236 23090627876672 amber_minimize.py:177] alterations info: {'nonstandard_residues': [], 'removed_heterogens': set(), 'missing_residues': {}, 'missing_heavy_atoms': {}, 'missing_terminals': {<Residue 295 (PRO) of chain 0>: ['OXT'], <Residue 949 (THR) of chain 1>: ['OXT']}, 'Se_in_MET': [], 'removed_chains': {0: []}}
I0309 13:39:54.797856 23090627876672 amber_minimize.py:408] Minimizing protein, attempt 1 of 100.
I0309 13:39:56.326296 23090627876672 amber_minimize.py:69] Restraining 7503 / 14959 particles.
sh: /mpcdf/soft/SLE_15/packages/x86_64/alphafold/2.2.0/lib/libtinfo.so.6: no version information available (required by /lib64/libreadline.so.7)
I0309 13:44:13.475127 23090627876672 amber_minimize.py:177] alterations info: {'nonstandard_residues': [], 'removed_heterogens': set(), 'missing_residues': {}, 'missing_heavy_atoms': {}, 'missing_terminals': {}, 'Se_in_MET': [], 'removed_chains': {0: []}}
I0309 13:44:17.879650 23090627876672 amber_minimize.py:500] Iteration completed: Einit 33448150423.47 Efinal -10164.34 Time 248.33 s num residue violations 25 num residue exclusions 0 
I0309 13:44:17.880251 23090627876672 amber_minimize.py:408] Minimizing protein, attempt 1 of 100.
I0309 13:44:19.426403 23090627876672 amber_minimize.py:69] Restraining 7319 / 14959 particles.
sh: /mpcdf/soft/SLE_15/packages/x86_64/alphafold/2.2.0/lib/libtinfo.so.6: no version information available (required by /lib64/libreadline.so.7)
I0309 13:46:42.538669 23090627876672 amber_minimize.py:177] alterations info: {'nonstandard_residues': [], 'removed_heterogens': set(), 'missing_residues': {}, 'missing_heavy_atoms': {}, 'missing_terminals': {}, 'Se_in_MET': [], 'removed_chains': {0: []}}
I0309 13:46:46.936733 23090627876672 amber_minimize.py:500] Iteration completed: Einit 28276.15 Efinal -14640.60 Time 134.30 s num residue violations 15 num residue exclusions 25 
I0309 13:46:46.937324 23090627876672 amber_minimize.py:408] Minimizing protein, attempt 1 of 100.
I0309 13:46:48.404302 23090627876672 amber_minimize.py:69] Restraining 7303 / 14959 particles.
sh: /mpcdf/soft/SLE_15/packages/x86_64/alphafold/2.2.0/lib/libtinfo.so.6: no version information available (required by /lib64/libreadline.so.7)
I0309 13:48:48.735749 23090627876672 amber_minimize.py:177] alterations info: {'nonstandard_residues': [], 'removed_heterogens': set(), 'missing_residues': {}, 'missing_heavy_atoms': {}, 'missing_terminals': {}, 'Se_in_MET': [], 'removed_chains': {0: []}}
I0309 13:48:53.221729 23090627876672 amber_minimize.py:500] Iteration completed: Einit 33161.37 Efinal -15928.84 Time 111.51 s num residue violations 17 num residue exclusions 27 
sh: /mpcdf/soft/SLE_15/packages/x86_64/alphafold/2.2.0/lib/libtinfo.so.6: no version information available (required by /lib64/libreadline.so.7)
sh: /mpcdf/soft/SLE_15/packages/x86_64/alphafold/2.2.0/lib/libtinfo.so.6: no version information available (required by /lib64/libreadline.so.7)
I0309 13:49:04.123418 23090627876672 amber_minimize.py:177] alterations info: {'nonstandard_residues': [], 'removed_heterogens': set(), 'missing_residues': {}, 'missing_heavy_atoms': {}, 'missing_terminals': {<Residue 295 (PRO) of chain 0>: ['OXT'], <Residue 949 (THR) of chain 1>: ['OXT']}, 'Se_in_MET': [], 'removed_chains': {0: []}}
I0309 13:49:07.114637 23090627876672 run_af2c_min.py:110] MYD88_Q01965_x1 relaxation done, time spent 564.2 seconds, Efinal -15928.84, rmsd 0.41
I0309 13:49:07.114887 23090627876672 run_af2c_min.py:88] MYD88_Q01965_x1 processing model_3_multimer_v2_p1_230309_354504.pdb
sh: /mpcdf/soft/SLE_15/packages/x86_64/alphafold/2.2.0/lib/libtinfo.so.6: no version information available (required by /lib64/libreadline.so.7)
sh: /mpcdf/soft/SLE_15/packages/x86_64/alphafold/2.2.0/lib/libtinfo.so.6: no version information available (required by /lib64/libreadline.so.7)
I0309 13:49:17.964739 23090627876672 amber_minimize.py:177] alterations info: {'nonstandard_residues': [], 'removed_heterogens': set(), 'missing_residues': {}, 'missing_heavy_atoms': {}, 'missing_terminals': {<Residue 295 (PRO) of chain 0>: ['OXT'], <Residue 949 (THR) of chain 1>: ['OXT']}, 'Se_in_MET': [], 'removed_chains': {0: []}}
I0309 13:49:19.390477 23090627876672 amber_minimize.py:408] Minimizing protein, attempt 1 of 100.
I0309 13:49:20.933448 23090627876672 amber_minimize.py:69] Restraining 7503 / 14959 particles.
sh: /mpcdf/soft/SLE_15/packages/x86_64/alphafold/2.2.0/lib/libtinfo.so.6: no version information available (required by /lib64/libreadline.so.7)
I0309 13:51:18.179968 23090627876672 amber_minimize.py:177] alterations info: {'nonstandard_residues': [], 'removed_heterogens': set(), 'missing_residues': {}, 'missing_heavy_atoms': {}, 'missing_terminals': {}, 'Se_in_MET': [], 'removed_chains': {0: []}}
I0309 13:51:22.605576 23090627876672 amber_minimize.py:500] Iteration completed: Einit 1766532.32 Efinal -10943.04 Time 108.38 s num residue violations 34 num residue exclusions 0 
I0309 13:51:22.606451 23090627876672 amber_minimize.py:408] Minimizing protein, attempt 1 of 100.
I0309 13:51:24.148845 23090627876672 amber_minimize.py:69] Restraining 7232 / 14959 particles.
sh: /mpcdf/soft/SLE_15/packages/x86_64/alphafold/2.2.0/lib/libtinfo.so.6: no version information available (required by /lib64/libreadline.so.7)
I0309 13:53:33.300300 23090627876672 amber_minimize.py:177] alterations info: {'nonstandard_residues': [], 'removed_heterogens': set(), 'missing_residues': {}, 'missing_heavy_atoms': {}, 'missing_terminals': {}, 'Se_in_MET': [], 'removed_chains': {0: []}}
I0309 13:53:37.780774 23090627876672 amber_minimize.py:500] Iteration completed: Einit 32243.11 Efinal -14835.30 Time 120.28 s num residue violations 19 num residue exclusions 34 
I0309 13:53:37.781645 23090627876672 amber_minimize.py:408] Minimizing protein, attempt 1 of 100.
I0309 13:53:39.291658 23090627876672 amber_minimize.py:69] Restraining 7171 / 14959 particles.
sh: /mpcdf/soft/SLE_15/packages/x86_64/alphafold/2.2.0/lib/libtinfo.so.6: no version information available (required by /lib64/libreadline.so.7)
I0309 13:55:35.814075 23090627876672 amber_minimize.py:177] alterations info: {'nonstandard_residues': [], 'removed_heterogens': set(), 'missing_residues': {}, 'missing_heavy_atoms': {}, 'missing_terminals': {}, 'Se_in_MET': [], 'removed_chains': {0: []}}
I0309 13:55:40.226928 23090627876672 amber_minimize.py:500] Iteration completed: Einit 22898.98 Efinal -16066.84 Time 107.42 s num residue violations 19 num residue exclusions 41 
sh: /mpcdf/soft/SLE_15/packages/x86_64/alphafold/2.2.0/lib/libtinfo.so.6: no version information available (required by /lib64/libreadline.so.7)
sh: /mpcdf/soft/SLE_15/packages/x86_64/alphafold/2.2.0/lib/libtinfo.so.6: no version information available (required by /lib64/libreadline.so.7)
I0309 13:55:50.964309 23090627876672 amber_minimize.py:177] alterations info: {'nonstandard_residues': [], 'removed_heterogens': set(), 'missing_residues': {}, 'missing_heavy_atoms': {}, 'missing_terminals': {<Residue 295 (PRO) of chain 0>: ['OXT'], <Residue 949 (THR) of chain 1>: ['OXT']}, 'Se_in_MET': [], 'removed_chains': {0: []}}
I0309 13:55:54.078272 23090627876672 run_af2c_min.py:110] MYD88_Q01965_x1 relaxation done, time spent 406.4 seconds, Efinal -16066.84, rmsd 0.41
I0309 13:55:54.078402 23090627876672 run_af2c_min.py:88] MYD88_Q01965_x1 processing model_1_multimer_v2_p1_230309_314574.pdb
sh: /mpcdf/soft/SLE_15/packages/x86_64/alphafold/2.2.0/lib/libtinfo.so.6: no version information available (required by /lib64/libreadline.so.7)
sh: /mpcdf/soft/SLE_15/packages/x86_64/alphafold/2.2.0/lib/libtinfo.so.6: no version information available (required by /lib64/libreadline.so.7)
I0309 13:56:05.244144 23090627876672 amber_minimize.py:177] alterations info: {'nonstandard_residues': [], 'removed_heterogens': set(), 'missing_residues': {}, 'missing_heavy_atoms': {}, 'missing_terminals': {<Residue 295 (PRO) of chain 0>: ['OXT'], <Residue 949 (THR) of chain 1>: ['OXT']}, 'Se_in_MET': [], 'removed_chains': {0: []}}
I0309 13:56:06.712809 23090627876672 amber_minimize.py:408] Minimizing protein, attempt 1 of 100.
I0309 13:56:08.254626 23090627876672 amber_minimize.py:69] Restraining 7503 / 14959 particles.
sh: /mpcdf/soft/SLE_15/packages/x86_64/alphafold/2.2.0/lib/libtinfo.so.6: no version information available (required by /lib64/libreadline.so.7)
I0309 13:58:16.279679 23090627876672 amber_minimize.py:177] alterations info: {'nonstandard_residues': [], 'removed_heterogens': set(), 'missing_residues': {}, 'missing_heavy_atoms': {}, 'missing_terminals': {}, 'Se_in_MET': [], 'removed_chains': {0: []}}
I0309 13:58:20.728902 23090627876672 amber_minimize.py:500] Iteration completed: Einit 29860935.07 Efinal -11172.90 Time 118.98 s num residue violations 24 num residue exclusions 0 
I0309 13:58:20.729751 23090627876672 amber_minimize.py:408] Minimizing protein, attempt 1 of 100.
I0309 13:58:22.260888 23090627876672 amber_minimize.py:69] Restraining 7302 / 14959 particles.
sh: /mpcdf/soft/SLE_15/packages/x86_64/alphafold/2.2.0/lib/libtinfo.so.6: no version information available (required by /lib64/libreadline.so.7)
I0309 14:00:04.313159 23090627876672 amber_minimize.py:177] alterations info: {'nonstandard_residues': [], 'removed_heterogens': set(), 'missing_residues': {}, 'missing_heavy_atoms': {}, 'missing_terminals': {}, 'Se_in_MET': [], 'removed_chains': {0: []}}
I0309 14:00:08.768140 23090627876672 amber_minimize.py:500] Iteration completed: Einit 27872.51 Efinal -14977.30 Time 93.21 s num residue violations 8 num residue exclusions 24 
I0309 14:00:08.769027 23090627876672 amber_minimize.py:408] Minimizing protein, attempt 1 of 100.
I0309 14:00:10.284676 23090627876672 amber_minimize.py:69] Restraining 7278 / 14959 particles.
sh: /mpcdf/soft/SLE_15/packages/x86_64/alphafold/2.2.0/lib/libtinfo.so.6: no version information available (required by /lib64/libreadline.so.7)
I0309 14:02:05.108851 23090627876672 amber_minimize.py:177] alterations info: {'nonstandard_residues': [], 'removed_heterogens': set(), 'missing_residues': {}, 'missing_heavy_atoms': {}, 'missing_terminals': {}, 'Se_in_MET': [], 'removed_chains': {0: []}}
I0309 14:02:09.508383 23090627876672 amber_minimize.py:500] Iteration completed: Einit 20974.54 Efinal -16180.14 Time 105.80 s num residue violations 12 num residue exclusions 26 
sh: /mpcdf/soft/SLE_15/packages/x86_64/alphafold/2.2.0/lib/libtinfo.so.6: no version information available (required by /lib64/libreadline.so.7)
sh: /mpcdf/soft/SLE_15/packages/x86_64/alphafold/2.2.0/lib/libtinfo.so.6: no version information available (required by /lib64/libreadline.so.7)
I0309 14:02:20.282370 23090627876672 amber_minimize.py:177] alterations info: {'nonstandard_residues': [], 'removed_heterogens': set(), 'missing_residues': {}, 'missing_heavy_atoms': {}, 'missing_terminals': {<Residue 295 (PRO) of chain 0>: ['OXT'], <Residue 949 (THR) of chain 1>: ['OXT']}, 'Se_in_MET': [], 'removed_chains': {0: []}}
I0309 14:02:23.381635 23090627876672 run_af2c_min.py:110] MYD88_Q01965_x1 relaxation done, time spent 388.5 seconds, Efinal -16180.14, rmsd 0.40
                                  
================================= 
Global information about the job: 
================================= 
  
Job owner: flobnow(42847)
Job name:  6_RLX
Node list: ravg1081
Job start: Thu Mar  9 13:20:52 CET 2023
Job end:   Thu Mar  9 14:02:24 CET 2023
Work dir:  /raven/u/flobnow/workingLama/scripts/myRuns/Q01965
Command:   /raven/u/flobnow/workingLama/scripts/myRuns/Q01965/script3_relaxation.sh
  
  
  
==========================================================================================
Information on jobsteps (Note: MaxRSS/AveRSS is the maximum/average over all 
tasks of the per-task memory high-water marks; cf. "man sacct"): 
==========================================================================================
  
JobID            JobName NNodes NTasks  NCPUS        0.00M        0.00M    Elapsed ExitCode
------------- ---------- ------ ------ ------ ------------ ------------ ---------- --------
4385514            6_RLX      1           108                             00:41:32      0:0
4385514.0        python3      1      1    108    14401.79M    14401.79M   00:41:29      0:0
  
Maximum memory per node: 15.101377 GB (defined as MaxRSS*Ntasks/NNodes)
CPU utilization: 82.5 %
  
