Info: input file name is Q9CX84
Info: input target list is /u/flobnow/workingLama/scripts/myRuns/Q9CX84/target.lst
Info: input feature directory is /u/flobnow/workingLama/feature_files
Info: result output directory is /u/flobnow/workingLama/output_files
Info: model preset is multimer_np
Info: msa pairing is all
Info: recycling setting is 1
Info: using preset super2
Info: set num_ensemble = 2
Info: set max_recyles = 20
Info: set recycle_tol = 0.1
Info: mas_pairing mode is all
I0309 05:54:52.484417 23000273958720 tpu_client.py:54] Starting the local TPU driver.
I0309 05:54:52.486370 23000273958720 xla_bridge.py:212] Unable to initialize backend 'tpu_driver': Not found: Unable to find driver in registry given worker: local://
I0309 05:54:52.867402 23000273958720 xla_bridge.py:212] Unable to initialize backend 'tpu': Invalid argument: TpuPlatform is not available.
I0309 05:54:55.646173 23000273958720 run_af2c_mod.py:481] Have 1 models: ['model_1_multimer_v2_p1']
Info: working on target MYD88_Q9CX84_x1
I0309 05:55:03.654383 23000273958720 run_af2c_mod.py:512] Using random seed 2877288946230196120 for the data pipeline
Info: MYD88_Q9CX84_x1 found monomer MYD88_MOUSE msa_depth = 3425, seq_len = 296, num_templ = 20
Info: MYD88_MOUSE reducing the number of structural templates to 4
Info: MYD88_Q9CX84_x1 found monomer Q9CX84 msa_depth = 15717, seq_len = 216, num_templ = 20
Info: Q9CX84 MSA size is too large, reducing to 10000
Info: Q9CX84 reducing the number of structural templates to 4
Info: 2 chain(s) to model {'A': 'MYD88_MOUSE_1', 'B': 'Q9CX84_1'}
Info: modeling MYD88_Q9CX84_x1 with msa_depth = 6509, seq_len = 512, num_templ = 8
I0309 05:55:04.678179 23000273958720 run_af2c_mod.py:216] Running model model_1_multimer_v2_p1_230309_196120
I0309 05:55:04.678646 23000273958720 model.py:205] Running predict with shape(feat) = {'msa': (6509, 512), 'bert_mask': (6509, 512), 'num_alignments': (), 'aatype': (512,), 'seq_length': (), 'template_aatype': (8, 512), 'template_all_atom_mask': (8, 512, 37), 'template_all_atom_positions': (8, 512, 37, 3), 'all_atom_positions': (512, 37, 3), 'template_domain_names': (8,), 'asym_id': (512,), 'sym_id': (512,), 'entity_id': (512,), 'residue_index': (512,), 'deletion_matrix': (6509, 512), 'seq_mask': (512,), 'msa_mask': (6509, 512), 'cluster_bias_mask': (6509,), 'pdb_residue_index': (512,)}
I0309 06:01:40.697175 23000273958720 run_af2c_mod.py:270] Total JAX model model_1_multimer_v2_p1_230309_196120 predict time (includes compilation time): 396.0 seconds
Info: MYD88_Q9CX84_x1 model_1_multimer_v2_p1_230309_196120_recycled_00,  tol =   inf, pLDDT = 69.83, pTM-score = 0.4019, piTM-score = 0.3123, interface-score = 0.0792, iRes = 33   iCnt = 30  
Info: MYD88_Q9CX84_x1 model_1_multimer_v2_p1_230309_196120_recycled_01,  tol = 62.54, pLDDT = 71.22, pTM-score = 0.3409, piTM-score = 0.0171, interface-score = 0.0001, iRes = 7    iCnt = 5   
Info: MYD88_Q9CX84_x1 model_1_multimer_v2_p1_230309_196120_recycled_02,  tol = 12.35, pLDDT = 71.94, pTM-score = 0.3416, piTM-score = 0.0028, interface-score = 0.0000, iRes = 4    iCnt = 2   
Info: MYD88_Q9CX84_x1 model_1_multimer_v2_p1_230309_196120_recycled_03,  tol =  6.45, pLDDT = 71.58, pTM-score = 0.3477, piTM-score = 0.0273, interface-score = 0.0003, iRes = 12   iCnt = 9   
Info: MYD88_Q9CX84_x1 model_1_multimer_v2_p1_230309_196120_recycled_04,  tol = 13.81, pLDDT = 71.47, pTM-score = 0.3475, piTM-score = 0.1917, interface-score = 0.0216, iRes = 32   iCnt = 27  
Info: MYD88_Q9CX84_x1 model_1_multimer_v2_p1_230309_196120_recycled_05,  tol =  5.46, pLDDT = 71.12, pTM-score = 0.3414, piTM-score = 0.1878, interface-score = 0.0077, iRes = 26   iCnt = 19  
Info: MYD88_Q9CX84_x1 model_1_multimer_v2_p1_230309_196120_recycled_06,  tol =  6.29, pLDDT = 71.36, pTM-score = 0.3454, piTM-score = 0.2236, interface-score = 0.0095, iRes = 25   iCnt = 22  
Info: MYD88_Q9CX84_x1 model_1_multimer_v2_p1_230309_196120_recycled_07,  tol =  3.99, pLDDT = 71.26, pTM-score = 0.3483, piTM-score = 0.1937, interface-score = 0.0067, iRes = 24   iCnt = 19  
Info: MYD88_Q9CX84_x1 model_1_multimer_v2_p1_230309_196120_recycled_08,  tol =  1.60, pLDDT = 71.82, pTM-score = 0.3452, piTM-score = 0.1294, interface-score = 0.0039, iRes = 22   iCnt = 18  
Info: MYD88_Q9CX84_x1 model_1_multimer_v2_p1_230309_196120_recycled_09,  tol =  2.50, pLDDT = 71.55, pTM-score = 0.3453, piTM-score = 0.0917, interface-score = 0.0022, iRes = 21   iCnt = 17  
Info: MYD88_Q9CX84_x1 model_1_multimer_v2_p1_230309_196120_recycled_10,  tol =  1.11, pLDDT = 71.26, pTM-score = 0.3450, piTM-score = 0.0724, interface-score = 0.0017, iRes = 19   iCnt = 17  
Info: MYD88_Q9CX84_x1 model_1_multimer_v2_p1_230309_196120_recycled_11,  tol =  4.52, pLDDT = 71.42, pTM-score = 0.3520, piTM-score = 0.3137, interface-score = 0.0242, iRes = 31   iCnt = 26  
Info: MYD88_Q9CX84_x1 model_1_multimer_v2_p1_230309_196120_recycled_12,  tol =  8.20, pLDDT = 71.54, pTM-score = 0.3563, piTM-score = 0.2595, interface-score = 0.0222, iRes = 28   iCnt = 23  
Info: MYD88_Q9CX84_x1 model_1_multimer_v2_p1_230309_196120_recycled_13,  tol =  4.94, pLDDT = 71.53, pTM-score = 0.3511, piTM-score = 0.0811, interface-score = 0.0022, iRes = 19   iCnt = 17  
Info: MYD88_Q9CX84_x1 model_1_multimer_v2_p1_230309_196120_recycled_14,  tol =  6.21, pLDDT = 71.30, pTM-score = 0.3538, piTM-score = 0.2646, interface-score = 0.0139, iRes = 27   iCnt = 23  
Info: MYD88_Q9CX84_x1 model_1_multimer_v2_p1_230309_196120_recycled_15,  tol = 11.27, pLDDT = 71.41, pTM-score = 0.3517, piTM-score = 0.1771, interface-score = 0.0082, iRes = 23   iCnt = 19  
Info: MYD88_Q9CX84_x1 model_1_multimer_v2_p1_230309_196120_recycled_16,  tol =  3.57, pLDDT = 71.20, pTM-score = 0.3907, piTM-score = 0.3867, interface-score = 0.0940, iRes = 40   iCnt = 39  
Info: MYD88_Q9CX84_x1 model_1_multimer_v2_p1_230309_196120_recycled_17,  tol =  2.10, pLDDT = 71.97, pTM-score = 0.3886, piTM-score = 0.3834, interface-score = 0.1063, iRes = 36   iCnt = 36  
Info: MYD88_Q9CX84_x1 model_1_multimer_v2_p1_230309_196120_recycled_18,  tol =  3.27, pLDDT = 72.28, pTM-score = 0.3651, piTM-score = 0.3056, interface-score = 0.0435, iRes = 29   iCnt = 24  
Info: MYD88_Q9CX84_x1 model_1_multimer_v2_p1_230309_196120_recycled_19,  tol =  7.05, pLDDT = 72.42, pTM-score = 0.4183, piTM-score = 0.4308, interface-score = 0.1428, iRes = 41   iCnt = 40  
Info: MYD88_Q9CX84_x1 model_1_multimer_v2_p1_230309_196120 performed 20 recycles, final tol = 10.78, pLDDT = 73.19, pTM-score = 0.4524, piTM-score = 0.4876, interface-score = 0.2434, iRes = 41   iCnt = 44  
Info: num_clusters = 1, cluster_sizes = [2],  clusters = [['MYD88_MOUSE_0', 'Q9CX84_0']]

I0309 06:01:42.847754 23000273958720 run_af2c_mod.py:404] Final timings for MYD88_Q9CX84_x1: {'features': 1.02, 'process_features_model_1_multimer_v2_p1_230309_196120': 0.0, 'predict_and_compile_model_1_multimer_v2_p1_230309_196120': 396.0}
                                  
================================= 
Global information about the job: 
================================= 
  
Job owner: flobnow(42847)
Job name:  1_AF2C
Node list: ravg1007
Job start: Thu Mar  9 05:54:42 CET 2023
Job end:   Thu Mar  9 06:01:44 CET 2023
Work dir:  /raven/u/flobnow/workingLama/scripts/myRuns/Q9CX84
Command:   /raven/u/flobnow/workingLama/scripts/myRuns/Q9CX84/script2_comp_model_1.sh
  
  
  
==========================================================================================
Information on jobsteps (Note: MaxRSS/AveRSS is the maximum/average over all 
tasks of the per-task memory high-water marks; cf. "man sacct"): 
==========================================================================================
  
JobID            JobName NNodes NTasks  NCPUS        0.00M        0.00M    Elapsed ExitCode
------------- ---------- ------ ------ ------ ------------ ------------ ---------- --------
4385279           1_AF2C      1           108                             00:07:02      0:0
4385279.0        python3      1      1    108    18163.58M    18163.58M   00:07:00      0:0
  
Maximum memory per node: 19.045891 GB (defined as MaxRSS*Ntasks/NNodes)
CPU utilization: 1.9 %
  
Info: input file name is Q9CX84
Info: input target list is /u/flobnow/workingLama/scripts/myRuns/Q9CX84/target.lst
Info: input feature directory is /u/flobnow/workingLama/feature_files
Info: result output directory is /u/flobnow/workingLama/output_files
Info: model preset is multimer_np
Info: msa pairing is all
Info: recycling setting is 1
Info: using preset super2
Info: set num_ensemble = 2
Info: set max_recyles = 20
Info: set recycle_tol = 0.1
Info: mas_pairing mode is all
I0309 07:12:32.709677 23062174975808 tpu_client.py:54] Starting the local TPU driver.
I0309 07:12:32.710051 23062174975808 xla_bridge.py:212] Unable to initialize backend 'tpu_driver': Not found: Unable to find driver in registry given worker: local://
I0309 07:12:33.083291 23062174975808 xla_bridge.py:212] Unable to initialize backend 'tpu': Invalid argument: TpuPlatform is not available.
I0309 07:12:35.866878 23062174975808 run_af2c_mod.py:481] Have 1 models: ['model_2_multimer_v2_p1']
Info: working on target MYD88_Q9CX84_x1
I0309 07:12:45.877116 23062174975808 run_af2c_mod.py:512] Using random seed 7829943812509354392 for the data pipeline
Info: MYD88_Q9CX84_x1 found monomer MYD88_MOUSE msa_depth = 3425, seq_len = 296, num_templ = 20
Info: MYD88_MOUSE reducing the number of structural templates to 4
Info: MYD88_Q9CX84_x1 found monomer Q9CX84 msa_depth = 15717, seq_len = 216, num_templ = 20
Info: Q9CX84 MSA size is too large, reducing to 10000
Info: Q9CX84 reducing the number of structural templates to 4
Info: 2 chain(s) to model {'A': 'MYD88_MOUSE_1', 'B': 'Q9CX84_1'}
Info: modeling MYD88_Q9CX84_x1 with msa_depth = 6509, seq_len = 512, num_templ = 8
I0309 07:12:46.911191 23062174975808 run_af2c_mod.py:216] Running model model_2_multimer_v2_p1_230309_354392
I0309 07:12:46.911683 23062174975808 model.py:205] Running predict with shape(feat) = {'msa': (6509, 512), 'bert_mask': (6509, 512), 'num_alignments': (), 'aatype': (512,), 'seq_length': (), 'template_aatype': (8, 512), 'template_all_atom_mask': (8, 512, 37), 'template_all_atom_positions': (8, 512, 37, 3), 'all_atom_positions': (512, 37, 3), 'template_domain_names': (8,), 'asym_id': (512,), 'sym_id': (512,), 'entity_id': (512,), 'residue_index': (512,), 'deletion_matrix': (6509, 512), 'seq_mask': (512,), 'msa_mask': (6509, 512), 'cluster_bias_mask': (6509,), 'pdb_residue_index': (512,)}
I0309 07:19:27.108365 23062174975808 run_af2c_mod.py:270] Total JAX model model_2_multimer_v2_p1_230309_354392 predict time (includes compilation time): 400.2 seconds
Info: MYD88_Q9CX84_x1 model_2_multimer_v2_p1_230309_354392_recycled_00,  tol =   inf, pLDDT = 69.46, pTM-score = 0.4021, piTM-score = 0.5267, interface-score = 0.1436, iRes = 96   iCnt = 157 
Info: MYD88_Q9CX84_x1 model_2_multimer_v2_p1_230309_354392_recycled_01,  tol = 57.35, pLDDT = 72.22, pTM-score = 0.3355, piTM-score = 0.1337, interface-score = 0.0008, iRes = 23   iCnt = 27  
Info: MYD88_Q9CX84_x1 model_2_multimer_v2_p1_230309_354392_recycled_02,  tol = 18.43, pLDDT = 72.71, pTM-score = 0.3376, piTM-score = 0.0000, interface-score = 0.0000, iRes = 0    iCnt = 0   
Info: MYD88_Q9CX84_x1 model_2_multimer_v2_p1_230309_354392_recycled_03,  tol = 10.62, pLDDT = 72.46, pTM-score = 0.3389, piTM-score = 0.0000, interface-score = 0.0000, iRes = 0    iCnt = 0   
Info: MYD88_Q9CX84_x1 model_2_multimer_v2_p1_230309_354392_recycled_04,  tol =  5.21, pLDDT = 72.24, pTM-score = 0.3464, piTM-score = 0.0014, interface-score = 0.0000, iRes = 2    iCnt = 1   
Info: MYD88_Q9CX84_x1 model_2_multimer_v2_p1_230309_354392_recycled_05,  tol =  4.57, pLDDT = 71.28, pTM-score = 0.3539, piTM-score = 0.0000, interface-score = 0.0000, iRes = 0    iCnt = 0   
Info: MYD88_Q9CX84_x1 model_2_multimer_v2_p1_230309_354392_recycled_06,  tol = 11.79, pLDDT = 71.67, pTM-score = 0.3585, piTM-score = 0.0105, interface-score = 0.0001, iRes = 7    iCnt = 4   
Info: MYD88_Q9CX84_x1 model_2_multimer_v2_p1_230309_354392_recycled_07,  tol =  8.36, pLDDT = 71.15, pTM-score = 0.3706, piTM-score = 0.0331, interface-score = 0.0006, iRes = 14   iCnt = 9   
Info: MYD88_Q9CX84_x1 model_2_multimer_v2_p1_230309_354392_recycled_08,  tol =  6.15, pLDDT = 71.44, pTM-score = 0.3635, piTM-score = 0.0199, interface-score = 0.0003, iRes = 11   iCnt = 7   
Info: MYD88_Q9CX84_x1 model_2_multimer_v2_p1_230309_354392_recycled_09,  tol =  5.89, pLDDT = 71.10, pTM-score = 0.3733, piTM-score = 0.1180, interface-score = 0.0046, iRes = 25   iCnt = 19  
Info: MYD88_Q9CX84_x1 model_2_multimer_v2_p1_230309_354392_recycled_10,  tol =  1.94, pLDDT = 69.98, pTM-score = 0.3699, piTM-score = 0.0471, interface-score = 0.0006, iRes = 15   iCnt = 14  
Info: MYD88_Q9CX84_x1 model_2_multimer_v2_p1_230309_354392_recycled_11,  tol = 11.84, pLDDT = 71.42, pTM-score = 0.3584, piTM-score = 0.0087, interface-score = 0.0001, iRes = 6    iCnt = 3   
Info: MYD88_Q9CX84_x1 model_2_multimer_v2_p1_230309_354392_recycled_12,  tol = 11.35, pLDDT = 71.29, pTM-score = 0.3635, piTM-score = 0.0389, interface-score = 0.0010, iRes = 19   iCnt = 14  
Info: MYD88_Q9CX84_x1 model_2_multimer_v2_p1_230309_354392_recycled_13,  tol =  3.28, pLDDT = 71.87, pTM-score = 0.3856, piTM-score = 0.0531, interface-score = 0.0037, iRes = 20   iCnt = 15  
Info: MYD88_Q9CX84_x1 model_2_multimer_v2_p1_230309_354392_recycled_14,  tol =  4.78, pLDDT = 71.19, pTM-score = 0.3574, piTM-score = 0.0110, interface-score = 0.0001, iRes = 7    iCnt = 5   
Info: MYD88_Q9CX84_x1 model_2_multimer_v2_p1_230309_354392_recycled_15,  tol =  4.74, pLDDT = 71.87, pTM-score = 0.3609, piTM-score = 0.0356, interface-score = 0.0006, iRes = 17   iCnt = 13  
Info: MYD88_Q9CX84_x1 model_2_multimer_v2_p1_230309_354392_recycled_16,  tol =  2.63, pLDDT = 72.36, pTM-score = 0.4466, piTM-score = 0.3669, interface-score = 0.1530, iRes = 40   iCnt = 39  
Info: MYD88_Q9CX84_x1 model_2_multimer_v2_p1_230309_354392_recycled_17,  tol =  5.48, pLDDT = 72.01, pTM-score = 0.3582, piTM-score = 0.0235, interface-score = 0.0004, iRes = 13   iCnt = 11  
Info: MYD88_Q9CX84_x1 model_2_multimer_v2_p1_230309_354392_recycled_18,  tol =  4.70, pLDDT = 71.48, pTM-score = 0.3759, piTM-score = 0.0853, interface-score = 0.0034, iRes = 23   iCnt = 20  
Info: MYD88_Q9CX84_x1 model_2_multimer_v2_p1_230309_354392_recycled_19,  tol =  2.99, pLDDT = 73.52, pTM-score = 0.4597, piTM-score = 0.3974, interface-score = 0.2046, iRes = 39   iCnt = 38  
Info: MYD88_Q9CX84_x1 model_2_multimer_v2_p1_230309_354392 performed 20 recycles, final tol = 3.26, pLDDT = 71.95, pTM-score = 0.3648, piTM-score = 0.0116, interface-score = 0.0002, iRes = 8    iCnt = 5   
Info: num_clusters = 2, cluster_sizes = [1, 1],  clusters = [['MYD88_MOUSE_0'], ['Q9CX84_0']]

I0309 07:19:29.254583 23062174975808 run_af2c_mod.py:404] Final timings for MYD88_Q9CX84_x1: {'features': 1.03, 'process_features_model_2_multimer_v2_p1_230309_354392': 0.0, 'predict_and_compile_model_2_multimer_v2_p1_230309_354392': 400.2}
                                  
================================= 
Global information about the job: 
================================= 
  
Job owner: flobnow(42847)
Job name:  2_AF2C
Node list: ravg1003
Job start: Thu Mar  9 07:12:25 CET 2023
Job end:   Thu Mar  9 07:19:30 CET 2023
Work dir:  /raven/u/flobnow/workingLama/scripts/myRuns/Q9CX84
Command:   /raven/u/flobnow/workingLama/scripts/myRuns/Q9CX84/script2_comp_model_2.sh
  
  
  
==========================================================================================
Information on jobsteps (Note: MaxRSS/AveRSS is the maximum/average over all 
tasks of the per-task memory high-water marks; cf. "man sacct"): 
==========================================================================================
  
JobID            JobName NNodes NTasks  NCPUS        0.00M        0.00M    Elapsed ExitCode
------------- ---------- ------ ------ ------ ------------ ------------ ---------- --------
4385318           2_AF2C      1           108                             00:07:05      0:0
4385318.0        python3      1      1    108    18200.89M    18200.89M   00:07:03      0:0
  
Maximum memory per node: 19.085017 GB (defined as MaxRSS*Ntasks/NNodes)
CPU utilization: 2.0 %
  
Info: input file name is Q9CX84
Info: input target list is /u/flobnow/workingLama/scripts/myRuns/Q9CX84/target.lst
Info: input feature directory is /u/flobnow/workingLama/feature_files
Info: result output directory is /u/flobnow/workingLama/output_files
Info: model preset is multimer_np
Info: msa pairing is all
Info: recycling setting is 1
Info: using preset super2
Info: set num_ensemble = 2
Info: set max_recyles = 20
Info: set recycle_tol = 0.1
Info: mas_pairing mode is all
I0309 09:15:36.627064 22853204105024 tpu_client.py:54] Starting the local TPU driver.
I0309 09:15:36.627436 22853204105024 xla_bridge.py:212] Unable to initialize backend 'tpu_driver': Not found: Unable to find driver in registry given worker: local://
I0309 09:15:36.992570 22853204105024 xla_bridge.py:212] Unable to initialize backend 'tpu': Invalid argument: TpuPlatform is not available.
I0309 09:15:39.730929 22853204105024 run_af2c_mod.py:481] Have 1 models: ['model_3_multimer_v2_p1']
Info: working on target MYD88_Q9CX84_x1
I0309 09:15:44.736139 22853204105024 run_af2c_mod.py:512] Using random seed 2474360303780313318 for the data pipeline
Info: MYD88_Q9CX84_x1 found monomer MYD88_MOUSE msa_depth = 3425, seq_len = 296, num_templ = 20
Info: MYD88_MOUSE reducing the number of structural templates to 4
Info: MYD88_Q9CX84_x1 found monomer Q9CX84 msa_depth = 15717, seq_len = 216, num_templ = 20
Info: Q9CX84 MSA size is too large, reducing to 10000
Info: Q9CX84 reducing the number of structural templates to 4
Info: 2 chain(s) to model {'A': 'MYD88_MOUSE_1', 'B': 'Q9CX84_1'}
Info: modeling MYD88_Q9CX84_x1 with msa_depth = 6509, seq_len = 512, num_templ = 8
I0309 09:15:45.742329 22853204105024 run_af2c_mod.py:216] Running model model_3_multimer_v2_p1_230309_313318
I0309 09:15:45.742798 22853204105024 model.py:205] Running predict with shape(feat) = {'msa': (6509, 512), 'bert_mask': (6509, 512), 'num_alignments': (), 'aatype': (512,), 'seq_length': (), 'template_aatype': (8, 512), 'template_all_atom_mask': (8, 512, 37), 'template_all_atom_positions': (8, 512, 37, 3), 'all_atom_positions': (512, 37, 3), 'template_domain_names': (8,), 'asym_id': (512,), 'sym_id': (512,), 'entity_id': (512,), 'residue_index': (512,), 'deletion_matrix': (6509, 512), 'seq_mask': (512,), 'msa_mask': (6509, 512), 'cluster_bias_mask': (6509,), 'pdb_residue_index': (512,)}
I0309 09:22:25.121717 22853204105024 run_af2c_mod.py:270] Total JAX model model_3_multimer_v2_p1_230309_313318 predict time (includes compilation time): 399.4 seconds
Info: MYD88_Q9CX84_x1 model_3_multimer_v2_p1_230309_313318_recycled_00,  tol =   inf, pLDDT = 68.93, pTM-score = 0.3585, piTM-score = 0.2530, interface-score = 0.0184, iRes = 29   iCnt = 30  
Info: MYD88_Q9CX84_x1 model_3_multimer_v2_p1_230309_313318_recycled_01,  tol = 70.83, pLDDT = 72.15, pTM-score = 0.4589, piTM-score = 0.2103, interface-score = 0.0629, iRes = 25   iCnt = 23  
Info: MYD88_Q9CX84_x1 model_3_multimer_v2_p1_230309_313318_recycled_02,  tol = 10.40, pLDDT = 72.66, pTM-score = 0.4206, piTM-score = 0.2663, interface-score = 0.0596, iRes = 27   iCnt = 24  
Info: MYD88_Q9CX84_x1 model_3_multimer_v2_p1_230309_313318_recycled_03,  tol =  3.41, pLDDT = 72.40, pTM-score = 0.4520, piTM-score = 0.3108, interface-score = 0.1109, iRes = 28   iCnt = 31  
Info: MYD88_Q9CX84_x1 model_3_multimer_v2_p1_230309_313318_recycled_04,  tol =  7.19, pLDDT = 72.86, pTM-score = 0.4185, piTM-score = 0.1478, interface-score = 0.0232, iRes = 22   iCnt = 22  
Info: MYD88_Q9CX84_x1 model_3_multimer_v2_p1_230309_313318_recycled_05,  tol =  5.61, pLDDT = 72.68, pTM-score = 0.4612, piTM-score = 0.2551, interface-score = 0.0840, iRes = 25   iCnt = 29  
Info: MYD88_Q9CX84_x1 model_3_multimer_v2_p1_230309_313318_recycled_06,  tol =  2.68, pLDDT = 72.92, pTM-score = 0.4183, piTM-score = 0.1480, interface-score = 0.0229, iRes = 22   iCnt = 22  
Info: MYD88_Q9CX84_x1 model_3_multimer_v2_p1_230309_313318_recycled_07,  tol =  6.48, pLDDT = 73.00, pTM-score = 0.4292, piTM-score = 0.2477, interface-score = 0.0646, iRes = 25   iCnt = 30  
Info: MYD88_Q9CX84_x1 model_3_multimer_v2_p1_230309_313318_recycled_08,  tol =  2.66, pLDDT = 72.85, pTM-score = 0.3971, piTM-score = 0.1469, interface-score = 0.0166, iRes = 22   iCnt = 22  
Info: MYD88_Q9CX84_x1 model_3_multimer_v2_p1_230309_313318_recycled_09,  tol =  2.75, pLDDT = 72.78, pTM-score = 0.4412, piTM-score = 0.2509, interface-score = 0.0702, iRes = 25   iCnt = 30  
Info: MYD88_Q9CX84_x1 model_3_multimer_v2_p1_230309_313318_recycled_10,  tol =  3.79, pLDDT = 72.97, pTM-score = 0.4014, piTM-score = 0.1901, interface-score = 0.0241, iRes = 23   iCnt = 23  
Info: MYD88_Q9CX84_x1 model_3_multimer_v2_p1_230309_313318_recycled_11,  tol =  4.01, pLDDT = 73.11, pTM-score = 0.4465, piTM-score = 0.2847, interface-score = 0.0955, iRes = 27   iCnt = 33  
Info: MYD88_Q9CX84_x1 model_3_multimer_v2_p1_230309_313318_recycled_12,  tol =  6.75, pLDDT = 72.82, pTM-score = 0.4094, piTM-score = 0.3157, interface-score = 0.0920, iRes = 36   iCnt = 38  
Info: MYD88_Q9CX84_x1 model_3_multimer_v2_p1_230309_313318_recycled_13,  tol = 11.49, pLDDT = 72.88, pTM-score = 0.4262, piTM-score = 0.2839, interface-score = 0.0843, iRes = 28   iCnt = 33  
Info: MYD88_Q9CX84_x1 model_3_multimer_v2_p1_230309_313318_recycled_14,  tol =  6.74, pLDDT = 72.77, pTM-score = 0.3865, piTM-score = 0.2539, interface-score = 0.0367, iRes = 27   iCnt = 26  
Info: MYD88_Q9CX84_x1 model_3_multimer_v2_p1_230309_313318_recycled_15,  tol =  5.14, pLDDT = 72.47, pTM-score = 0.4242, piTM-score = 0.2602, interface-score = 0.0655, iRes = 26   iCnt = 31  
Info: MYD88_Q9CX84_x1 model_3_multimer_v2_p1_230309_313318_recycled_16,  tol =  7.81, pLDDT = 72.83, pTM-score = 0.3934, piTM-score = 0.2526, interface-score = 0.0365, iRes = 26   iCnt = 26  
Info: MYD88_Q9CX84_x1 model_3_multimer_v2_p1_230309_313318_recycled_17,  tol =  4.94, pLDDT = 72.86, pTM-score = 0.4201, piTM-score = 0.3027, interface-score = 0.0806, iRes = 28   iCnt = 33  
Info: MYD88_Q9CX84_x1 model_3_multimer_v2_p1_230309_313318_recycled_18,  tol =  2.63, pLDDT = 72.68, pTM-score = 0.3486, piTM-score = 0.0379, interface-score = 0.0007, iRes = 12   iCnt = 9   
Info: MYD88_Q9CX84_x1 model_3_multimer_v2_p1_230309_313318_recycled_19,  tol =  5.84, pLDDT = 72.13, pTM-score = 0.3360, piTM-score = 0.0025, interface-score = 0.0000, iRes = 3    iCnt = 2   
Info: MYD88_Q9CX84_x1 model_3_multimer_v2_p1_230309_313318 performed 20 recycles, final tol = 15.39, pLDDT = 71.47, pTM-score = 0.3387, piTM-score = 0.0014, interface-score = 0.0000, iRes = 2    iCnt = 1   
Info: num_clusters = 2, cluster_sizes = [1, 1],  clusters = [['MYD88_MOUSE_0'], ['Q9CX84_0']]

I0309 09:22:27.329902 22853204105024 run_af2c_mod.py:404] Final timings for MYD88_Q9CX84_x1: {'features': 1.0, 'process_features_model_3_multimer_v2_p1_230309_313318': 0.0, 'predict_and_compile_model_3_multimer_v2_p1_230309_313318': 399.4}
                                  
================================= 
Global information about the job: 
================================= 
  
Job owner: flobnow(42847)
Job name:  3_AF2C
Node list: ravg1046
Job start: Thu Mar  9 09:15:24 CET 2023
Job end:   Thu Mar  9 09:22:28 CET 2023
Work dir:  /raven/u/flobnow/workingLama/scripts/myRuns/Q9CX84
Command:   /raven/u/flobnow/workingLama/scripts/myRuns/Q9CX84/script2_comp_model_3.sh
  
  
  
==========================================================================================
Information on jobsteps (Note: MaxRSS/AveRSS is the maximum/average over all 
tasks of the per-task memory high-water marks; cf. "man sacct"): 
==========================================================================================
  
JobID            JobName NNodes NTasks  NCPUS        0.00M        0.00M    Elapsed ExitCode
------------- ---------- ------ ------ ------ ------------ ------------ ---------- --------
4385393           3_AF2C      1           108                             00:07:04      0:0
4385393.0        python3      1      1    108    18075.57M    18075.57M   00:07:02      0:0
  
Maximum memory per node: 18.953605 GB (defined as MaxRSS*Ntasks/NNodes)
CPU utilization: 2.0 %
  
Info: input file name is Q9CX84
Info: input target list is /u/flobnow/workingLama/scripts/myRuns/Q9CX84/target.lst
Info: input feature directory is /u/flobnow/workingLama/feature_files
Info: result output directory is /u/flobnow/workingLama/output_files
Info: model preset is multimer_np
Info: msa pairing is all
Info: recycling setting is 1
Info: using preset super2
Info: set num_ensemble = 2
Info: set max_recyles = 20
Info: set recycle_tol = 0.1
Info: mas_pairing mode is all
I0309 09:40:34.871850 23296848897856 tpu_client.py:54] Starting the local TPU driver.
I0309 09:40:34.872228 23296848897856 xla_bridge.py:212] Unable to initialize backend 'tpu_driver': Not found: Unable to find driver in registry given worker: local://
I0309 09:40:35.251536 23296848897856 xla_bridge.py:212] Unable to initialize backend 'tpu': Invalid argument: TpuPlatform is not available.
I0309 09:40:38.073190 23296848897856 run_af2c_mod.py:481] Have 1 models: ['model_4_multimer_v2_p1']
Info: working on target MYD88_Q9CX84_x1
I0309 09:40:46.081424 23296848897856 run_af2c_mod.py:512] Using random seed 6632028730712239253 for the data pipeline
Info: MYD88_Q9CX84_x1 found monomer MYD88_MOUSE msa_depth = 3425, seq_len = 296, num_templ = 20
Info: MYD88_MOUSE reducing the number of structural templates to 4
Info: MYD88_Q9CX84_x1 found monomer Q9CX84 msa_depth = 15717, seq_len = 216, num_templ = 20
Info: Q9CX84 MSA size is too large, reducing to 10000
Info: Q9CX84 reducing the number of structural templates to 4
Info: 2 chain(s) to model {'A': 'MYD88_MOUSE_1', 'B': 'Q9CX84_1'}
Info: modeling MYD88_Q9CX84_x1 with msa_depth = 6509, seq_len = 512, num_templ = 8
I0309 09:40:47.190492 23296848897856 run_af2c_mod.py:216] Running model model_4_multimer_v2_p1_230309_239253
I0309 09:40:47.190974 23296848897856 model.py:205] Running predict with shape(feat) = {'msa': (6509, 512), 'bert_mask': (6509, 512), 'num_alignments': (), 'aatype': (512,), 'seq_length': (), 'template_aatype': (8, 512), 'template_all_atom_mask': (8, 512, 37), 'template_all_atom_positions': (8, 512, 37, 3), 'all_atom_positions': (512, 37, 3), 'template_domain_names': (8,), 'asym_id': (512,), 'sym_id': (512,), 'entity_id': (512,), 'residue_index': (512,), 'deletion_matrix': (6509, 512), 'seq_mask': (512,), 'msa_mask': (6509, 512), 'cluster_bias_mask': (6509,), 'pdb_residue_index': (512,)}
I0309 09:47:23.049771 23296848897856 run_af2c_mod.py:270] Total JAX model model_4_multimer_v2_p1_230309_239253 predict time (includes compilation time): 395.9 seconds
Info: MYD88_Q9CX84_x1 model_4_multimer_v2_p1_230309_239253_recycled_00,  tol =   inf, pLDDT = 72.15, pTM-score = 0.4739, piTM-score = 0.3455, interface-score = 0.1576, iRes = 28   iCnt = 28  
Info: MYD88_Q9CX84_x1 model_4_multimer_v2_p1_230309_239253_recycled_01,  tol = 60.06, pLDDT = 71.45, pTM-score = 0.3752, piTM-score = 0.1398, interface-score = 0.0113, iRes = 22   iCnt = 23  
Info: MYD88_Q9CX84_x1 model_4_multimer_v2_p1_230309_239253_recycled_02,  tol = 10.79, pLDDT = 72.89, pTM-score = 0.4230, piTM-score = 0.2621, interface-score = 0.0745, iRes = 26   iCnt = 28  
Info: MYD88_Q9CX84_x1 model_4_multimer_v2_p1_230309_239253_recycled_03,  tol =  4.28, pLDDT = 71.78, pTM-score = 0.3646, piTM-score = 0.0760, interface-score = 0.0056, iRes = 21   iCnt = 22  
Info: MYD88_Q9CX84_x1 model_4_multimer_v2_p1_230309_239253_recycled_04,  tol =  3.52, pLDDT = 72.75, pTM-score = 0.4243, piTM-score = 0.3223, interface-score = 0.0912, iRes = 28   iCnt = 30  
Info: MYD88_Q9CX84_x1 model_4_multimer_v2_p1_230309_239253_recycled_05,  tol =  2.95, pLDDT = 72.92, pTM-score = 0.3424, piTM-score = 0.0101, interface-score = 0.0001, iRes = 5    iCnt = 4   
Info: MYD88_Q9CX84_x1 model_4_multimer_v2_p1_230309_239253_recycled_06,  tol =  7.42, pLDDT = 73.29, pTM-score = 0.3372, piTM-score = 0.0000, interface-score = 0.0000, iRes = 0    iCnt = 0   
Info: MYD88_Q9CX84_x1 model_4_multimer_v2_p1_230309_239253_recycled_07,  tol = 13.09, pLDDT = 73.48, pTM-score = 0.3388, piTM-score = 0.0000, interface-score = 0.0000, iRes = 0    iCnt = 0   
Info: MYD88_Q9CX84_x1 model_4_multimer_v2_p1_230309_239253_recycled_08,  tol =  8.42, pLDDT = 72.87, pTM-score = 0.3383, piTM-score = 0.0000, interface-score = 0.0000, iRes = 0    iCnt = 0   
Info: MYD88_Q9CX84_x1 model_4_multimer_v2_p1_230309_239253_recycled_09,  tol =  5.61, pLDDT = 72.62, pTM-score = 0.3390, piTM-score = 0.0000, interface-score = 0.0000, iRes = 0    iCnt = 0   
Info: MYD88_Q9CX84_x1 model_4_multimer_v2_p1_230309_239253_recycled_10,  tol =  8.54, pLDDT = 72.60, pTM-score = 0.3392, piTM-score = 0.0025, interface-score = 0.0000, iRes = 3    iCnt = 2   
Info: MYD88_Q9CX84_x1 model_4_multimer_v2_p1_230309_239253_recycled_11,  tol =  6.02, pLDDT = 72.31, pTM-score = 0.3415, piTM-score = 0.0068, interface-score = 0.0000, iRes = 5    iCnt = 3   
Info: MYD88_Q9CX84_x1 model_4_multimer_v2_p1_230309_239253_recycled_12,  tol =  6.35, pLDDT = 72.22, pTM-score = 0.3466, piTM-score = 0.0075, interface-score = 0.0001, iRes = 6    iCnt = 4   
Info: MYD88_Q9CX84_x1 model_4_multimer_v2_p1_230309_239253_recycled_13,  tol =  4.59, pLDDT = 72.32, pTM-score = 0.3503, piTM-score = 0.0241, interface-score = 0.0003, iRes = 12   iCnt = 7   
Info: MYD88_Q9CX84_x1 model_4_multimer_v2_p1_230309_239253_recycled_14,  tol =  1.49, pLDDT = 71.64, pTM-score = 0.3586, piTM-score = 0.0457, interface-score = 0.0007, iRes = 18   iCnt = 12  
Info: MYD88_Q9CX84_x1 model_4_multimer_v2_p1_230309_239253_recycled_15,  tol =  2.06, pLDDT = 71.70, pTM-score = 0.3690, piTM-score = 0.0438, interface-score = 0.0024, iRes = 18   iCnt = 13  
Info: MYD88_Q9CX84_x1 model_4_multimer_v2_p1_230309_239253_recycled_16,  tol =  5.58, pLDDT = 71.89, pTM-score = 0.3467, piTM-score = 0.0173, interface-score = 0.0001, iRes = 10   iCnt = 9   
Info: MYD88_Q9CX84_x1 model_4_multimer_v2_p1_230309_239253_recycled_17,  tol =  3.90, pLDDT = 71.51, pTM-score = 0.3489, piTM-score = 0.0187, interface-score = 0.0002, iRes = 11   iCnt = 11  
Info: MYD88_Q9CX84_x1 model_4_multimer_v2_p1_230309_239253_recycled_18,  tol =  6.20, pLDDT = 71.89, pTM-score = 0.3731, piTM-score = 0.0585, interface-score = 0.0025, iRes = 21   iCnt = 16  
Info: MYD88_Q9CX84_x1 model_4_multimer_v2_p1_230309_239253_recycled_19,  tol =  5.50, pLDDT = 71.81, pTM-score = 0.3526, piTM-score = 0.0302, interface-score = 0.0004, iRes = 15   iCnt = 13  
Info: MYD88_Q9CX84_x1 model_4_multimer_v2_p1_230309_239253 performed 20 recycles, final tol = 2.50, pLDDT = 71.32, pTM-score = 0.3656, piTM-score = 0.2084, interface-score = 0.0104, iRes = 30   iCnt = 26  
Info: num_clusters = 1, cluster_sizes = [2],  clusters = [['MYD88_MOUSE_0', 'Q9CX84_0']]

I0309 09:47:25.370855 23296848897856 run_af2c_mod.py:404] Final timings for MYD88_Q9CX84_x1: {'features': 1.11, 'process_features_model_4_multimer_v2_p1_230309_239253': 0.0, 'predict_and_compile_model_4_multimer_v2_p1_230309_239253': 395.9}
                                  
================================= 
Global information about the job: 
================================= 
  
Job owner: flobnow(42847)
Job name:  4_AF2C
Node list: ravg1006
Job start: Thu Mar  9 09:40:25 CET 2023
Job end:   Thu Mar  9 09:47:26 CET 2023
Work dir:  /raven/u/flobnow/workingLama/scripts/myRuns/Q9CX84
Command:   /raven/u/flobnow/workingLama/scripts/myRuns/Q9CX84/script2_comp_model_4.sh
  
  
  
==========================================================================================
Information on jobsteps (Note: MaxRSS/AveRSS is the maximum/average over all 
tasks of the per-task memory high-water marks; cf. "man sacct"): 
==========================================================================================
  
JobID            JobName NNodes NTasks  NCPUS        0.00M        0.00M    Elapsed ExitCode
------------- ---------- ------ ------ ------ ------------ ------------ ---------- --------
4385406           4_AF2C      1           108                             00:07:01      0:0
4385406.0        python3      1      1    108    18272.13M    18272.13M   00:06:57      0:0
  
Maximum memory per node: 19.159720 GB (defined as MaxRSS*Ntasks/NNodes)
CPU utilization: 1.9 %
  
Info: input file name is Q9CX84
Info: input target list is /u/flobnow/workingLama/scripts/myRuns/Q9CX84/target.lst
Info: input feature directory is /u/flobnow/workingLama/feature_files
Info: result output directory is /u/flobnow/workingLama/output_files
Info: model preset is multimer_np
Info: msa pairing is all
Info: recycling setting is 1
Info: using preset super2
Info: set num_ensemble = 2
Info: set max_recyles = 20
Info: set recycle_tol = 0.1
Info: mas_pairing mode is all
I0309 10:53:08.021285 23378135881536 tpu_client.py:54] Starting the local TPU driver.
I0309 10:53:08.021685 23378135881536 xla_bridge.py:212] Unable to initialize backend 'tpu_driver': Not found: Unable to find driver in registry given worker: local://
I0309 10:53:08.387641 23378135881536 xla_bridge.py:212] Unable to initialize backend 'tpu': Invalid argument: TpuPlatform is not available.
I0309 10:53:11.142346 23378135881536 run_af2c_mod.py:481] Have 1 models: ['model_5_multimer_v2_p1']
Info: working on target MYD88_Q9CX84_x1
I0309 10:53:15.146574 23378135881536 run_af2c_mod.py:512] Using random seed 6245120441824898041 for the data pipeline
Info: MYD88_Q9CX84_x1 found monomer MYD88_MOUSE msa_depth = 3425, seq_len = 296, num_templ = 20
Info: MYD88_MOUSE reducing the number of structural templates to 4
Info: MYD88_Q9CX84_x1 found monomer Q9CX84 msa_depth = 15717, seq_len = 216, num_templ = 20
Info: Q9CX84 MSA size is too large, reducing to 10000
Info: Q9CX84 reducing the number of structural templates to 4
Info: 2 chain(s) to model {'A': 'MYD88_MOUSE_1', 'B': 'Q9CX84_1'}
Info: modeling MYD88_Q9CX84_x1 with msa_depth = 6509, seq_len = 512, num_templ = 8
I0309 10:53:16.205427 23378135881536 run_af2c_mod.py:216] Running model model_5_multimer_v2_p1_230309_898041
I0309 10:53:16.205905 23378135881536 model.py:205] Running predict with shape(feat) = {'msa': (6509, 512), 'bert_mask': (6509, 512), 'num_alignments': (), 'aatype': (512,), 'seq_length': (), 'template_aatype': (8, 512), 'template_all_atom_mask': (8, 512, 37), 'template_all_atom_positions': (8, 512, 37, 3), 'all_atom_positions': (512, 37, 3), 'template_domain_names': (8,), 'asym_id': (512,), 'sym_id': (512,), 'entity_id': (512,), 'residue_index': (512,), 'deletion_matrix': (6509, 512), 'seq_mask': (512,), 'msa_mask': (6509, 512), 'cluster_bias_mask': (6509,), 'pdb_residue_index': (512,)}
I0309 10:59:53.129919 23378135881536 run_af2c_mod.py:270] Total JAX model model_5_multimer_v2_p1_230309_898041 predict time (includes compilation time): 396.9 seconds
Info: MYD88_Q9CX84_x1 model_5_multimer_v2_p1_230309_898041_recycled_00,  tol =   inf, pLDDT = 71.45, pTM-score = 0.5030, piTM-score = 0.3424, interface-score = 0.1936, iRes = 29   iCnt = 29  
Info: MYD88_Q9CX84_x1 model_5_multimer_v2_p1_230309_898041_recycled_01,  tol = 58.76, pLDDT = 71.30, pTM-score = 0.4149, piTM-score = 0.3020, interface-score = 0.0696, iRes = 28   iCnt = 31  
Info: MYD88_Q9CX84_x1 model_5_multimer_v2_p1_230309_898041_recycled_02,  tol =  4.57, pLDDT = 71.35, pTM-score = 0.4086, piTM-score = 0.2878, interface-score = 0.0714, iRes = 27   iCnt = 31  
Info: MYD88_Q9CX84_x1 model_5_multimer_v2_p1_230309_898041_recycled_03,  tol =  3.93, pLDDT = 71.13, pTM-score = 0.3833, piTM-score = 0.1251, interface-score = 0.0153, iRes = 22   iCnt = 24  
Info: MYD88_Q9CX84_x1 model_5_multimer_v2_p1_230309_898041_recycled_04,  tol =  3.29, pLDDT = 71.64, pTM-score = 0.4146, piTM-score = 0.3151, interface-score = 0.0926, iRes = 28   iCnt = 32  
Info: MYD88_Q9CX84_x1 model_5_multimer_v2_p1_230309_898041_recycled_05,  tol =  8.16, pLDDT = 71.70, pTM-score = 0.3925, piTM-score = 0.2284, interface-score = 0.0391, iRes = 25   iCnt = 30  
Info: MYD88_Q9CX84_x1 model_5_multimer_v2_p1_230309_898041_recycled_06,  tol =  2.97, pLDDT = 71.52, pTM-score = 0.3610, piTM-score = 0.0595, interface-score = 0.0040, iRes = 18   iCnt = 19  
Info: MYD88_Q9CX84_x1 model_5_multimer_v2_p1_230309_898041_recycled_07,  tol =  7.71, pLDDT = 71.01, pTM-score = 0.3432, piTM-score = 0.0339, interface-score = 0.0005, iRes = 12   iCnt = 10  
Info: MYD88_Q9CX84_x1 model_5_multimer_v2_p1_230309_898041_recycled_08,  tol =  6.65, pLDDT = 70.51, pTM-score = 0.3437, piTM-score = 0.0358, interface-score = 0.0006, iRes = 13   iCnt = 11  
Info: MYD88_Q9CX84_x1 model_5_multimer_v2_p1_230309_898041_recycled_09,  tol =  6.19, pLDDT = 70.00, pTM-score = 0.3453, piTM-score = 0.0529, interface-score = 0.0008, iRes = 16   iCnt = 13  
Info: MYD88_Q9CX84_x1 model_5_multimer_v2_p1_230309_898041_recycled_10,  tol =  3.36, pLDDT = 69.95, pTM-score = 0.3402, piTM-score = 0.3534, interface-score = 0.0221, iRes = 38   iCnt = 51  
Info: MYD88_Q9CX84_x1 model_5_multimer_v2_p1_230309_898041_recycled_11,  tol = 26.49, pLDDT = 70.71, pTM-score = 0.3469, piTM-score = 0.2963, interface-score = 0.0258, iRes = 33   iCnt = 40  
Info: MYD88_Q9CX84_x1 model_5_multimer_v2_p1_230309_898041_recycled_12,  tol = 21.63, pLDDT = 70.76, pTM-score = 0.3458, piTM-score = 0.2360, interface-score = 0.0149, iRes = 28   iCnt = 27  
Info: MYD88_Q9CX84_x1 model_5_multimer_v2_p1_230309_898041_recycled_13,  tol =  7.92, pLDDT = 70.67, pTM-score = 0.3561, piTM-score = 0.3185, interface-score = 0.0228, iRes = 39   iCnt = 43  
Info: MYD88_Q9CX84_x1 model_5_multimer_v2_p1_230309_898041_recycled_14,  tol =  4.43, pLDDT = 70.59, pTM-score = 0.3722, piTM-score = 0.3383, interface-score = 0.0442, iRes = 40   iCnt = 39  
Info: MYD88_Q9CX84_x1 model_5_multimer_v2_p1_230309_898041_recycled_15,  tol =  5.85, pLDDT = 70.64, pTM-score = 0.3458, piTM-score = 0.0943, interface-score = 0.0012, iRes = 21   iCnt = 22  
Info: MYD88_Q9CX84_x1 model_5_multimer_v2_p1_230309_898041_recycled_16,  tol =  6.13, pLDDT = 70.37, pTM-score = 0.3474, piTM-score = 0.0222, interface-score = 0.0004, iRes = 9    iCnt = 7   
Info: MYD88_Q9CX84_x1 model_5_multimer_v2_p1_230309_898041_recycled_17,  tol = 12.83, pLDDT = 70.24, pTM-score = 0.3488, piTM-score = 0.0530, interface-score = 0.0011, iRes = 15   iCnt = 16  
Info: MYD88_Q9CX84_x1 model_5_multimer_v2_p1_230309_898041_recycled_18,  tol =  4.37, pLDDT = 70.45, pTM-score = 0.3494, piTM-score = 0.0758, interface-score = 0.0028, iRes = 21   iCnt = 26  
Info: MYD88_Q9CX84_x1 model_5_multimer_v2_p1_230309_898041_recycled_19,  tol = 12.50, pLDDT = 70.50, pTM-score = 0.3490, piTM-score = 0.0560, interface-score = 0.0022, iRes = 20   iCnt = 20  
Info: MYD88_Q9CX84_x1 model_5_multimer_v2_p1_230309_898041 performed 20 recycles, final tol = 6.76, pLDDT = 70.42, pTM-score = 0.3499, piTM-score = 0.0475, interface-score = 0.0008, iRes = 14   iCnt = 17  
Info: num_clusters = 1, cluster_sizes = [2],  clusters = [['MYD88_MOUSE_0', 'Q9CX84_0']]

I0309 10:59:55.201816 23378135881536 run_af2c_mod.py:404] Final timings for MYD88_Q9CX84_x1: {'features': 1.06, 'process_features_model_5_multimer_v2_p1_230309_898041': 0.0, 'predict_and_compile_model_5_multimer_v2_p1_230309_898041': 396.9}
                                  
================================= 
Global information about the job: 
================================= 
  
Job owner: flobnow(42847)
Job name:  5_AF2C
Node list: ravg1092
Job start: Thu Mar  9 10:52:58 CET 2023
Job end:   Thu Mar  9 10:59:56 CET 2023
Work dir:  /raven/u/flobnow/workingLama/scripts/myRuns/Q9CX84
Command:   /raven/u/flobnow/workingLama/scripts/myRuns/Q9CX84/script2_comp_model_5.sh
  
  
  
==========================================================================================
Information on jobsteps (Note: MaxRSS/AveRSS is the maximum/average over all 
tasks of the per-task memory high-water marks; cf. "man sacct"): 
==========================================================================================
  
JobID            JobName NNodes NTasks  NCPUS        0.00M        0.00M    Elapsed ExitCode
------------- ---------- ------ ------ ------ ------------ ------------ ---------- --------
4385469           5_AF2C      1           108                             00:06:58      0:0
4385469.0        python3      1      1    108    18248.57M    18248.57M   00:06:56      0:0
  
Maximum memory per node: 19.135009 GB (defined as MaxRSS*Ntasks/NNodes)
CPU utilization: 1.9 %
  
Info: target file is /u/flobnow/workingLama/scripts/myRuns/Q9CX84/target.lst
Info: input directory of unrelaxed models is /u/flobnow/workingLama/output_files
Info: output directory of relaxed models is /u/flobnow/workingLama/output_files
/bin/sh: /mpcdf/soft/SLE_15/packages/x86_64/alphafold/2.2.0/lib/libtinfo.so.6: no version information available (required by /lib64/libreadline.so.7)
I0309 13:25:13.858073 22935745275712 run_af2c_min.py:88] MYD88_Q9CX84_x1 processing model_4_multimer_v2_p1_230309_239253.pdb
sh: /mpcdf/soft/SLE_15/packages/x86_64/alphafold/2.2.0/lib/libtinfo.so.6: no version information available (required by /lib64/libreadline.so.7)
sh: /mpcdf/soft/SLE_15/packages/x86_64/alphafold/2.2.0/lib/libtinfo.so.6: no version information available (required by /lib64/libreadline.so.7)
I0309 13:25:21.362512 22935745275712 amber_minimize.py:177] alterations info: {'nonstandard_residues': [], 'removed_heterogens': set(), 'missing_residues': {}, 'missing_heavy_atoms': {}, 'missing_terminals': {<Residue 295 (PRO) of chain 0>: ['OXT'], <Residue 511 (ALA) of chain 1>: ['OXT']}, 'Se_in_MET': [], 'removed_chains': {0: []}}
I0309 13:25:22.156003 22935745275712 amber_minimize.py:408] Minimizing protein, attempt 1 of 100.
I0309 13:25:23.054191 22935745275712 amber_minimize.py:69] Restraining 4094 / 8141 particles.
sh: /mpcdf/soft/SLE_15/packages/x86_64/alphafold/2.2.0/lib/libtinfo.so.6: no version information available (required by /lib64/libreadline.so.7)
I0309 13:26:05.139037 22935745275712 amber_minimize.py:177] alterations info: {'nonstandard_residues': [], 'removed_heterogens': set(), 'missing_residues': {}, 'missing_heavy_atoms': {}, 'missing_terminals': {}, 'Se_in_MET': [], 'removed_chains': {0: []}}
I0309 13:26:05.943811 22935745275712 tpu_client.py:54] Starting the local TPU driver.
I0309 13:26:05.946753 22935745275712 xla_bridge.py:212] Unable to initialize backend 'tpu_driver': Not found: Unable to find driver in registry given worker: local://
I0309 13:26:06.179335 22935745275712 xla_bridge.py:212] Unable to initialize backend 'tpu': Invalid argument: TpuPlatform is not available.
I0309 13:26:15.421518 22935745275712 amber_minimize.py:500] Iteration completed: Einit 681885.50 Efinal -9597.83 Time 39.09 s num residue violations 13 num residue exclusions 0 
I0309 13:26:15.466074 22935745275712 amber_minimize.py:408] Minimizing protein, attempt 1 of 100.
I0309 13:26:16.368065 22935745275712 amber_minimize.py:69] Restraining 4002 / 8141 particles.
sh: /mpcdf/soft/SLE_15/packages/x86_64/alphafold/2.2.0/lib/libtinfo.so.6: no version information available (required by /lib64/libreadline.so.7)
I0309 13:26:52.245718 22935745275712 amber_minimize.py:177] alterations info: {'nonstandard_residues': [], 'removed_heterogens': set(), 'missing_residues': {}, 'missing_heavy_atoms': {}, 'missing_terminals': {}, 'Se_in_MET': [], 'removed_chains': {0: []}}
I0309 13:26:53.964787 22935745275712 amber_minimize.py:500] Iteration completed: Einit 10507.99 Efinal -11269.20 Time 32.95 s num residue violations 7 num residue exclusions 13 
I0309 13:26:53.965461 22935745275712 amber_minimize.py:408] Minimizing protein, attempt 1 of 100.
I0309 13:26:54.804082 22935745275712 amber_minimize.py:69] Restraining 4002 / 8141 particles.
sh: /mpcdf/soft/SLE_15/packages/x86_64/alphafold/2.2.0/lib/libtinfo.so.6: no version information available (required by /lib64/libreadline.so.7)
I0309 13:27:24.789539 22935745275712 amber_minimize.py:177] alterations info: {'nonstandard_residues': [], 'removed_heterogens': set(), 'missing_residues': {}, 'missing_heavy_atoms': {}, 'missing_terminals': {}, 'Se_in_MET': [], 'removed_chains': {0: []}}
I0309 13:27:26.534590 22935745275712 amber_minimize.py:500] Iteration completed: Einit 8938.07 Efinal -11841.79 Time 27.05 s num residue violations 5 num residue exclusions 13 
sh: /mpcdf/soft/SLE_15/packages/x86_64/alphafold/2.2.0/lib/libtinfo.so.6: no version information available (required by /lib64/libreadline.so.7)
sh: /mpcdf/soft/SLE_15/packages/x86_64/alphafold/2.2.0/lib/libtinfo.so.6: no version information available (required by /lib64/libreadline.so.7)
I0309 13:27:30.667318 22935745275712 amber_minimize.py:177] alterations info: {'nonstandard_residues': [], 'removed_heterogens': set(), 'missing_residues': {}, 'missing_heavy_atoms': {}, 'missing_terminals': {<Residue 295 (PRO) of chain 0>: ['OXT'], <Residue 511 (ALA) of chain 1>: ['OXT']}, 'Se_in_MET': [], 'removed_chains': {0: []}}
I0309 13:27:32.253055 22935745275712 run_af2c_min.py:110] MYD88_Q9CX84_x1 relaxation done, time spent 138.2 seconds, Efinal -11841.79, rmsd 0.38
I0309 13:27:32.253179 22935745275712 run_af2c_min.py:88] MYD88_Q9CX84_x1 processing model_2_multimer_v2_p1_230309_354392.pdb
sh: /mpcdf/soft/SLE_15/packages/x86_64/alphafold/2.2.0/lib/libtinfo.so.6: no version information available (required by /lib64/libreadline.so.7)
sh: /mpcdf/soft/SLE_15/packages/x86_64/alphafold/2.2.0/lib/libtinfo.so.6: no version information available (required by /lib64/libreadline.so.7)
I0309 13:27:36.501796 22935745275712 amber_minimize.py:177] alterations info: {'nonstandard_residues': [], 'removed_heterogens': set(), 'missing_residues': {}, 'missing_heavy_atoms': {}, 'missing_terminals': {<Residue 295 (PRO) of chain 0>: ['OXT'], <Residue 511 (ALA) of chain 1>: ['OXT']}, 'Se_in_MET': [], 'removed_chains': {0: []}}
I0309 13:27:37.234523 22935745275712 amber_minimize.py:408] Minimizing protein, attempt 1 of 100.
I0309 13:27:38.098251 22935745275712 amber_minimize.py:69] Restraining 4094 / 8141 particles.
sh: /mpcdf/soft/SLE_15/packages/x86_64/alphafold/2.2.0/lib/libtinfo.so.6: no version information available (required by /lib64/libreadline.so.7)
I0309 13:28:09.158910 22935745275712 amber_minimize.py:177] alterations info: {'nonstandard_residues': [], 'removed_heterogens': set(), 'missing_residues': {}, 'missing_heavy_atoms': {}, 'missing_terminals': {}, 'Se_in_MET': [], 'removed_chains': {0: []}}
I0309 13:28:10.786813 22935745275712 amber_minimize.py:500] Iteration completed: Einit 6920823250.26 Efinal -10327.63 Time 28.15 s num residue violations 0 num residue exclusions 0 
sh: /mpcdf/soft/SLE_15/packages/x86_64/alphafold/2.2.0/lib/libtinfo.so.6: no version information available (required by /lib64/libreadline.so.7)
sh: /mpcdf/soft/SLE_15/packages/x86_64/alphafold/2.2.0/lib/libtinfo.so.6: no version information available (required by /lib64/libreadline.so.7)
I0309 13:28:14.836570 22935745275712 amber_minimize.py:177] alterations info: {'nonstandard_residues': [], 'removed_heterogens': set(), 'missing_residues': {}, 'missing_heavy_atoms': {}, 'missing_terminals': {<Residue 295 (PRO) of chain 0>: ['OXT'], <Residue 511 (ALA) of chain 1>: ['OXT']}, 'Se_in_MET': [], 'removed_chains': {0: []}}
I0309 13:28:16.357089 22935745275712 run_af2c_min.py:110] MYD88_Q9CX84_x1 relaxation done, time spent 43.8 seconds, Efinal -10327.63, rmsd 0.45
I0309 13:28:16.357203 22935745275712 run_af2c_min.py:88] MYD88_Q9CX84_x1 processing model_5_multimer_v2_p1_230309_898041.pdb
sh: /mpcdf/soft/SLE_15/packages/x86_64/alphafold/2.2.0/lib/libtinfo.so.6: no version information available (required by /lib64/libreadline.so.7)
sh: /mpcdf/soft/SLE_15/packages/x86_64/alphafold/2.2.0/lib/libtinfo.so.6: no version information available (required by /lib64/libreadline.so.7)
I0309 13:28:22.155437 22935745275712 amber_minimize.py:177] alterations info: {'nonstandard_residues': [], 'removed_heterogens': set(), 'missing_residues': {}, 'missing_heavy_atoms': {}, 'missing_terminals': {<Residue 295 (PRO) of chain 0>: ['OXT'], <Residue 511 (ALA) of chain 1>: ['OXT']}, 'Se_in_MET': [], 'removed_chains': {0: []}}
I0309 13:28:22.868010 22935745275712 amber_minimize.py:408] Minimizing protein, attempt 1 of 100.
I0309 13:28:23.713078 22935745275712 amber_minimize.py:69] Restraining 4094 / 8139 particles.
sh: /mpcdf/soft/SLE_15/packages/x86_64/alphafold/2.2.0/lib/libtinfo.so.6: no version information available (required by /lib64/libreadline.so.7)
I0309 13:28:58.250178 22935745275712 amber_minimize.py:177] alterations info: {'nonstandard_residues': [], 'removed_heterogens': set(), 'missing_residues': {}, 'missing_heavy_atoms': {}, 'missing_terminals': {}, 'Se_in_MET': [], 'removed_chains': {0: []}}
I0309 13:28:59.932332 22935745275712 amber_minimize.py:500] Iteration completed: Einit 597651295.03 Efinal -9614.55 Time 31.38 s num residue violations 16 num residue exclusions 0 
I0309 13:28:59.933188 22935745275712 amber_minimize.py:408] Minimizing protein, attempt 1 of 100.
I0309 13:29:00.796514 22935745275712 amber_minimize.py:69] Restraining 3981 / 8139 particles.
sh: /mpcdf/soft/SLE_15/packages/x86_64/alphafold/2.2.0/lib/libtinfo.so.6: no version information available (required by /lib64/libreadline.so.7)
I0309 13:29:39.679377 22935745275712 amber_minimize.py:177] alterations info: {'nonstandard_residues': [], 'removed_heterogens': set(), 'missing_residues': {}, 'missing_heavy_atoms': {}, 'missing_terminals': {}, 'Se_in_MET': [], 'removed_chains': {0: []}}
I0309 13:29:41.405868 22935745275712 amber_minimize.py:500] Iteration completed: Einit 12554.21 Efinal -11393.45 Time 36.02 s num residue violations 14 num residue exclusions 16 
I0309 13:29:41.406780 22935745275712 amber_minimize.py:408] Minimizing protein, attempt 1 of 100.
I0309 13:29:42.278903 22935745275712 amber_minimize.py:69] Restraining 3981 / 8139 particles.
sh: /mpcdf/soft/SLE_15/packages/x86_64/alphafold/2.2.0/lib/libtinfo.so.6: no version information available (required by /lib64/libreadline.so.7)
I0309 13:30:11.240469 22935745275712 amber_minimize.py:177] alterations info: {'nonstandard_residues': [], 'removed_heterogens': set(), 'missing_residues': {}, 'missing_heavy_atoms': {}, 'missing_terminals': {}, 'Se_in_MET': [], 'removed_chains': {0: []}}
I0309 13:30:12.886035 22935745275712 amber_minimize.py:500] Iteration completed: Einit 15383.62 Efinal -11921.14 Time 26.04 s num residue violations 10 num residue exclusions 16 
sh: /mpcdf/soft/SLE_15/packages/x86_64/alphafold/2.2.0/lib/libtinfo.so.6: no version information available (required by /lib64/libreadline.so.7)
sh: /mpcdf/soft/SLE_15/packages/x86_64/alphafold/2.2.0/lib/libtinfo.so.6: no version information available (required by /lib64/libreadline.so.7)
I0309 13:30:17.061849 22935745275712 amber_minimize.py:177] alterations info: {'nonstandard_residues': [], 'removed_heterogens': set(), 'missing_residues': {}, 'missing_heavy_atoms': {}, 'missing_terminals': {<Residue 295 (PRO) of chain 0>: ['OXT'], <Residue 511 (ALA) of chain 1>: ['OXT']}, 'Se_in_MET': [], 'removed_chains': {0: []}}
I0309 13:30:18.715585 22935745275712 run_af2c_min.py:110] MYD88_Q9CX84_x1 relaxation done, time spent 122.1 seconds, Efinal -11921.14, rmsd 0.39
I0309 13:30:18.715713 22935745275712 run_af2c_min.py:88] MYD88_Q9CX84_x1 processing model_3_multimer_v2_p1_230309_313318.pdb
sh: /mpcdf/soft/SLE_15/packages/x86_64/alphafold/2.2.0/lib/libtinfo.so.6: no version information available (required by /lib64/libreadline.so.7)
sh: /mpcdf/soft/SLE_15/packages/x86_64/alphafold/2.2.0/lib/libtinfo.so.6: no version information available (required by /lib64/libreadline.so.7)
I0309 13:30:22.950201 22935745275712 amber_minimize.py:177] alterations info: {'nonstandard_residues': [], 'removed_heterogens': set(), 'missing_residues': {}, 'missing_heavy_atoms': {}, 'missing_terminals': {<Residue 295 (PRO) of chain 0>: ['OXT'], <Residue 511 (ALA) of chain 1>: ['OXT']}, 'Se_in_MET': [], 'removed_chains': {0: []}}
I0309 13:30:23.659743 22935745275712 amber_minimize.py:408] Minimizing protein, attempt 1 of 100.
I0309 13:30:24.494695 22935745275712 amber_minimize.py:69] Restraining 4094 / 8141 particles.
sh: /mpcdf/soft/SLE_15/packages/x86_64/alphafold/2.2.0/lib/libtinfo.so.6: no version information available (required by /lib64/libreadline.so.7)
I0309 13:31:00.710731 22935745275712 amber_minimize.py:177] alterations info: {'nonstandard_residues': [], 'removed_heterogens': set(), 'missing_residues': {}, 'missing_heavy_atoms': {}, 'missing_terminals': {}, 'Se_in_MET': [], 'removed_chains': {0: []}}
I0309 13:31:02.330802 22935745275712 amber_minimize.py:500] Iteration completed: Einit 7197494184448331.00 Efinal -10087.20 Time 33.27 s num residue violations 6 num residue exclusions 0 
I0309 13:31:02.331409 22935745275712 amber_minimize.py:408] Minimizing protein, attempt 1 of 100.
I0309 13:31:03.166721 22935745275712 amber_minimize.py:69] Restraining 4053 / 8141 particles.
sh: /mpcdf/soft/SLE_15/packages/x86_64/alphafold/2.2.0/lib/libtinfo.so.6: no version information available (required by /lib64/libreadline.so.7)
I0309 13:31:32.836469 22935745275712 amber_minimize.py:177] alterations info: {'nonstandard_residues': [], 'removed_heterogens': set(), 'missing_residues': {}, 'missing_heavy_atoms': {}, 'missing_terminals': {}, 'Se_in_MET': [], 'removed_chains': {0: []}}
I0309 13:31:34.470586 22935745275712 amber_minimize.py:500] Iteration completed: Einit 18270.72 Efinal -11511.54 Time 26.65 s num residue violations 0 num residue exclusions 6 
sh: /mpcdf/soft/SLE_15/packages/x86_64/alphafold/2.2.0/lib/libtinfo.so.6: no version information available (required by /lib64/libreadline.so.7)
sh: /mpcdf/soft/SLE_15/packages/x86_64/alphafold/2.2.0/lib/libtinfo.so.6: no version information available (required by /lib64/libreadline.so.7)
I0309 13:31:38.568518 22935745275712 amber_minimize.py:177] alterations info: {'nonstandard_residues': [], 'removed_heterogens': set(), 'missing_residues': {}, 'missing_heavy_atoms': {}, 'missing_terminals': {<Residue 295 (PRO) of chain 0>: ['OXT'], <Residue 511 (ALA) of chain 1>: ['OXT']}, 'Se_in_MET': [], 'removed_chains': {0: []}}
I0309 13:31:40.134091 22935745275712 run_af2c_min.py:110] MYD88_Q9CX84_x1 relaxation done, time spent 81.1 seconds, Efinal -11511.54, rmsd 0.41
I0309 13:31:40.134210 22935745275712 run_af2c_min.py:88] MYD88_Q9CX84_x1 processing model_1_multimer_v2_p1_230309_196120.pdb
sh: /mpcdf/soft/SLE_15/packages/x86_64/alphafold/2.2.0/lib/libtinfo.so.6: no version information available (required by /lib64/libreadline.so.7)
sh: /mpcdf/soft/SLE_15/packages/x86_64/alphafold/2.2.0/lib/libtinfo.so.6: no version information available (required by /lib64/libreadline.so.7)
I0309 13:31:44.773299 22935745275712 amber_minimize.py:177] alterations info: {'nonstandard_residues': [], 'removed_heterogens': set(), 'missing_residues': {}, 'missing_heavy_atoms': {}, 'missing_terminals': {<Residue 295 (PRO) of chain 0>: ['OXT'], <Residue 511 (ALA) of chain 1>: ['OXT']}, 'Se_in_MET': [], 'removed_chains': {0: []}}
I0309 13:31:45.512897 22935745275712 amber_minimize.py:408] Minimizing protein, attempt 1 of 100.
I0309 13:31:46.380861 22935745275712 amber_minimize.py:69] Restraining 4094 / 8139 particles.
sh: /mpcdf/soft/SLE_15/packages/x86_64/alphafold/2.2.0/lib/libtinfo.so.6: no version information available (required by /lib64/libreadline.so.7)
I0309 13:32:27.166247 22935745275712 amber_minimize.py:177] alterations info: {'nonstandard_residues': [], 'removed_heterogens': set(), 'missing_residues': {}, 'missing_heavy_atoms': {}, 'missing_terminals': {}, 'Se_in_MET': [], 'removed_chains': {0: []}}
I0309 13:32:28.903324 22935745275712 amber_minimize.py:500] Iteration completed: Einit 805083995.60 Efinal -10181.89 Time 37.81 s num residue violations 2 num residue exclusions 0 
I0309 13:32:28.903954 22935745275712 amber_minimize.py:408] Minimizing protein, attempt 1 of 100.
I0309 13:32:29.789978 22935745275712 amber_minimize.py:69] Restraining 4076 / 8139 particles.
sh: /mpcdf/soft/SLE_15/packages/x86_64/alphafold/2.2.0/lib/libtinfo.so.6: no version information available (required by /lib64/libreadline.so.7)
I0309 13:32:56.685993 22935745275712 amber_minimize.py:177] alterations info: {'nonstandard_residues': [], 'removed_heterogens': set(), 'missing_residues': {}, 'missing_heavy_atoms': {}, 'missing_terminals': {}, 'Se_in_MET': [], 'removed_chains': {0: []}}
I0309 13:32:58.317732 22935745275712 amber_minimize.py:500] Iteration completed: Einit 10900.03 Efinal -11719.98 Time 23.93 s num residue violations 0 num residue exclusions 2 
sh: /mpcdf/soft/SLE_15/packages/x86_64/alphafold/2.2.0/lib/libtinfo.so.6: no version information available (required by /lib64/libreadline.so.7)
sh: /mpcdf/soft/SLE_15/packages/x86_64/alphafold/2.2.0/lib/libtinfo.so.6: no version information available (required by /lib64/libreadline.so.7)
I0309 13:33:02.447412 22935745275712 amber_minimize.py:177] alterations info: {'nonstandard_residues': [], 'removed_heterogens': set(), 'missing_residues': {}, 'missing_heavy_atoms': {}, 'missing_terminals': {<Residue 295 (PRO) of chain 0>: ['OXT'], <Residue 511 (ALA) of chain 1>: ['OXT']}, 'Se_in_MET': [], 'removed_chains': {0: []}}
I0309 13:33:04.023637 22935745275712 run_af2c_min.py:110] MYD88_Q9CX84_x1 relaxation done, time spent 83.6 seconds, Efinal -11719.98, rmsd 0.39
                                  
================================= 
Global information about the job: 
================================= 
  
Job owner: flobnow(42847)
Job name:  6_RLX
Node list: ravg1011
Job start: Thu Mar  9 13:25:05 CET 2023
Job end:   Thu Mar  9 13:33:04 CET 2023
Work dir:  /raven/u/flobnow/workingLama/scripts/myRuns/Q9CX84
Command:   /raven/u/flobnow/workingLama/scripts/myRuns/Q9CX84/script3_relaxation.sh
  
  
  
==========================================================================================
Information on jobsteps (Note: MaxRSS/AveRSS is the maximum/average over all 
tasks of the per-task memory high-water marks; cf. "man sacct"): 
==========================================================================================
  
JobID            JobName NNodes NTasks  NCPUS        0.00M        0.00M    Elapsed ExitCode
------------- ---------- ------ ------ ------ ------------ ------------ ---------- --------
4385491            6_RLX      1           108                             00:07:59      0:0
4385491.0        python3      1      1    108    13146.64M    13146.64M   00:07:56      0:0
  
Maximum memory per node: 13.785252 GB (defined as MaxRSS*Ntasks/NNodes)
CPU utilization: 64.2 %
  
