Info: input file name is Q99MD9
Info: input target list is /u/flobnow/workingLama/scripts/myRuns/Q99MD9/target.lst
Info: input feature directory is /u/flobnow/workingLama/feature_files
Info: result output directory is /u/flobnow/workingLama/output_files
Info: model preset is multimer_np
Info: msa pairing is all
Info: recycling setting is 1
Info: using preset super2
Info: set num_ensemble = 2
Info: set max_recyles = 20
Info: set recycle_tol = 0.1
Info: mas_pairing mode is all
I0309 04:41:59.338846 23396016506688 tpu_client.py:54] Starting the local TPU driver.
I0309 04:41:59.341202 23396016506688 xla_bridge.py:212] Unable to initialize backend 'tpu_driver': Not found: Unable to find driver in registry given worker: local://
I0309 04:41:59.714775 23396016506688 xla_bridge.py:212] Unable to initialize backend 'tpu': Invalid argument: TpuPlatform is not available.
I0309 04:42:02.502840 23396016506688 run_af2c_mod.py:481] Have 1 models: ['model_1_multimer_v2_p1']
Info: working on target MYD88_Q99MD9_x1
I0309 04:42:06.507051 23396016506688 run_af2c_mod.py:512] Using random seed 9100832903159575970 for the data pipeline
Info: MYD88_Q99MD9_x1 found monomer MYD88_MOUSE msa_depth = 3425, seq_len = 296, num_templ = 20
Info: MYD88_MOUSE reducing the number of structural templates to 4
Info: MYD88_Q99MD9_x1 found monomer Q99MD9 msa_depth = 7061, seq_len = 773, num_templ = 20
Info: Q99MD9 reducing the number of structural templates to 4
Info: 2 chain(s) to model {'A': 'MYD88_MOUSE_1', 'B': 'Q99MD9_1'}
Info: modeling MYD88_Q99MD9_x1 with msa_depth = 6934, seq_len = 1069, num_templ = 8
I0309 04:42:08.041530 23396016506688 run_af2c_mod.py:216] Running model model_1_multimer_v2_p1_230309_575970
I0309 04:42:08.041990 23396016506688 model.py:205] Running predict with shape(feat) = {'msa': (6934, 1069), 'bert_mask': (6934, 1069), 'num_alignments': (), 'aatype': (1069,), 'seq_length': (), 'template_aatype': (8, 1069), 'template_all_atom_mask': (8, 1069, 37), 'template_all_atom_positions': (8, 1069, 37, 3), 'all_atom_positions': (1069, 37, 3), 'template_domain_names': (8,), 'asym_id': (1069,), 'sym_id': (1069,), 'entity_id': (1069,), 'residue_index': (1069,), 'deletion_matrix': (6934, 1069), 'seq_mask': (1069,), 'msa_mask': (6934, 1069), 'cluster_bias_mask': (6934,), 'pdb_residue_index': (1069,)}
I0309 05:10:57.721256 23396016506688 run_af2c_mod.py:270] Total JAX model model_1_multimer_v2_p1_230309_575970 predict time (includes compilation time): 1729.7 seconds
Info: MYD88_Q99MD9_x1 model_1_multimer_v2_p1_230309_575970_recycled_00,  tol =   inf, pLDDT = 50.81, pTM-score = 0.3211, piTM-score = 0.2448, interface-score = 0.0185, iRes = 45   iCnt = 71  
Info: MYD88_Q99MD9_x1 model_1_multimer_v2_p1_230309_575970_recycled_01,  tol = 101.50, pLDDT = 51.02, pTM-score = 0.3102, piTM-score = 0.4710, interface-score = 0.0073, iRes = 57   iCnt = 112 
Info: MYD88_Q99MD9_x1 model_1_multimer_v2_p1_230309_575970_recycled_02,  tol = 36.13, pLDDT = 51.36, pTM-score = 0.3312, piTM-score = 0.0248, interface-score = 0.0012, iRes = 10   iCnt = 6   
Info: MYD88_Q99MD9_x1 model_1_multimer_v2_p1_230309_575970_recycled_03,  tol = 32.59, pLDDT = 52.37, pTM-score = 0.3561, piTM-score = 0.0438, interface-score = 0.0075, iRes = 15   iCnt = 13  
Info: MYD88_Q99MD9_x1 model_1_multimer_v2_p1_230309_575970_recycled_04,  tol = 14.38, pLDDT = 52.58, pTM-score = 0.3667, piTM-score = 0.0508, interface-score = 0.0109, iRes = 16   iCnt = 15  
Info: MYD88_Q99MD9_x1 model_1_multimer_v2_p1_230309_575970_recycled_05,  tol = 10.11, pLDDT = 52.02, pTM-score = 0.3161, piTM-score = 0.0000, interface-score = 0.0000, iRes = 0    iCnt = 0   
Info: MYD88_Q99MD9_x1 model_1_multimer_v2_p1_230309_575970_recycled_06,  tol = 11.01, pLDDT = 51.81, pTM-score = 0.3120, piTM-score = 0.0000, interface-score = 0.0000, iRes = 0    iCnt = 0   
Info: MYD88_Q99MD9_x1 model_1_multimer_v2_p1_230309_575970_recycled_07,  tol = 26.17, pLDDT = 52.03, pTM-score = 0.3098, piTM-score = 0.0000, interface-score = 0.0000, iRes = 0    iCnt = 0   
Info: MYD88_Q99MD9_x1 model_1_multimer_v2_p1_230309_575970_recycled_08,  tol = 26.44, pLDDT = 51.89, pTM-score = 0.3086, piTM-score = 0.0000, interface-score = 0.0000, iRes = 0    iCnt = 0   
Info: MYD88_Q99MD9_x1 model_1_multimer_v2_p1_230309_575970_recycled_09,  tol = 25.22, pLDDT = 52.28, pTM-score = 0.3098, piTM-score = 0.0000, interface-score = 0.0000, iRes = 0    iCnt = 0   
Info: MYD88_Q99MD9_x1 model_1_multimer_v2_p1_230309_575970_recycled_10,  tol = 24.28, pLDDT = 52.13, pTM-score = 0.3088, piTM-score = 0.0000, interface-score = 0.0000, iRes = 0    iCnt = 0   
Info: MYD88_Q99MD9_x1 model_1_multimer_v2_p1_230309_575970_recycled_11,  tol =  7.17, pLDDT = 51.89, pTM-score = 0.3082, piTM-score = 0.0000, interface-score = 0.0000, iRes = 0    iCnt = 0   
Info: MYD88_Q99MD9_x1 model_1_multimer_v2_p1_230309_575970_recycled_12,  tol = 21.68, pLDDT = 52.78, pTM-score = 0.3086, piTM-score = 0.0000, interface-score = 0.0000, iRes = 0    iCnt = 0   
Info: MYD88_Q99MD9_x1 model_1_multimer_v2_p1_230309_575970_recycled_13,  tol = 28.94, pLDDT = 52.38, pTM-score = 0.3107, piTM-score = 0.0000, interface-score = 0.0000, iRes = 0    iCnt = 0   
Info: MYD88_Q99MD9_x1 model_1_multimer_v2_p1_230309_575970_recycled_14,  tol = 28.56, pLDDT = 52.61, pTM-score = 0.3110, piTM-score = 0.0000, interface-score = 0.0000, iRes = 0    iCnt = 0   
Info: MYD88_Q99MD9_x1 model_1_multimer_v2_p1_230309_575970_recycled_15,  tol = 28.98, pLDDT = 52.81, pTM-score = 0.3108, piTM-score = 0.0000, interface-score = 0.0000, iRes = 0    iCnt = 0   
Info: MYD88_Q99MD9_x1 model_1_multimer_v2_p1_230309_575970_recycled_16,  tol = 29.65, pLDDT = 52.86, pTM-score = 0.3111, piTM-score = 0.0000, interface-score = 0.0000, iRes = 0    iCnt = 0   
Info: MYD88_Q99MD9_x1 model_1_multimer_v2_p1_230309_575970_recycled_17,  tol = 10.26, pLDDT = 52.69, pTM-score = 0.3109, piTM-score = 0.0000, interface-score = 0.0000, iRes = 0    iCnt = 0   
Info: MYD88_Q99MD9_x1 model_1_multimer_v2_p1_230309_575970_recycled_18,  tol = 25.91, pLDDT = 52.70, pTM-score = 0.3117, piTM-score = 0.0000, interface-score = 0.0000, iRes = 0    iCnt = 0   
Info: MYD88_Q99MD9_x1 model_1_multimer_v2_p1_230309_575970_recycled_19,  tol = 28.04, pLDDT = 53.06, pTM-score = 0.3117, piTM-score = 0.0000, interface-score = 0.0000, iRes = 0    iCnt = 0   
Info: MYD88_Q99MD9_x1 model_1_multimer_v2_p1_230309_575970 performed 20 recycles, final tol = 25.17, pLDDT = 52.55, pTM-score = 0.3121, piTM-score = 0.0000, interface-score = 0.0000, iRes = 0    iCnt = 0   
Info: num_clusters = 2, cluster_sizes = [1, 1],  clusters = [['MYD88_MOUSE_0'], ['Q99MD9_0']]

I0309 05:11:02.504532 23396016506688 run_af2c_mod.py:404] Final timings for MYD88_Q99MD9_x1: {'features': 1.53, 'process_features_model_1_multimer_v2_p1_230309_575970': 0.0, 'predict_and_compile_model_1_multimer_v2_p1_230309_575970': 1729.7}
                                  
================================= 
Global information about the job: 
================================= 
  
Job owner: flobnow(42847)
Job name:  1_AF2C
Node list: ravg1018
Job start: Thu Mar  9 04:41:48 CET 2023
Job end:   Thu Mar  9 05:11:04 CET 2023
Work dir:  /raven/u/flobnow/workingLama/scripts/myRuns/Q99MD9
Command:   /raven/u/flobnow/workingLama/scripts/myRuns/Q99MD9/script2_comp_model_1.sh
  
  
  
==========================================================================================
Information on jobsteps (Note: MaxRSS/AveRSS is the maximum/average over all 
tasks of the per-task memory high-water marks; cf. "man sacct"): 
==========================================================================================
  
JobID            JobName NNodes NTasks  NCPUS        0.00M        0.00M    Elapsed ExitCode
------------- ---------- ------ ------ ------ ------------ ------------ ---------- --------
4385270           1_AF2C      1           108                             00:29:16      0:0
4385270.0        python3      1      1    108    31258.75M    31258.75M   00:29:12      0:0
  
Maximum memory per node: 32.777179 GB (defined as MaxRSS*Ntasks/NNodes)
CPU utilization: 1.9 %
  
Info: input file name is Q99MD9
Info: input target list is /u/flobnow/workingLama/scripts/myRuns/Q99MD9/target.lst
Info: input feature directory is /u/flobnow/workingLama/feature_files
Info: result output directory is /u/flobnow/workingLama/output_files
Info: model preset is multimer_np
Info: msa pairing is all
Info: recycling setting is 1
Info: using preset super2
Info: set num_ensemble = 2
Info: set max_recyles = 20
Info: set recycle_tol = 0.1
Info: mas_pairing mode is all
I0309 06:59:58.962658 23382512441152 tpu_client.py:54] Starting the local TPU driver.
I0309 06:59:58.963023 23382512441152 xla_bridge.py:212] Unable to initialize backend 'tpu_driver': Not found: Unable to find driver in registry given worker: local://
I0309 06:59:59.354614 23382512441152 xla_bridge.py:212] Unable to initialize backend 'tpu': Invalid argument: TpuPlatform is not available.
I0309 07:00:02.179817 23382512441152 run_af2c_mod.py:481] Have 1 models: ['model_2_multimer_v2_p1']
Info: working on target MYD88_Q99MD9_x1
I0309 07:00:11.189158 23382512441152 run_af2c_mod.py:512] Using random seed 2884152934646623593 for the data pipeline
Info: MYD88_Q99MD9_x1 found monomer MYD88_MOUSE msa_depth = 3425, seq_len = 296, num_templ = 20
Info: MYD88_MOUSE reducing the number of structural templates to 4
Info: MYD88_Q99MD9_x1 found monomer Q99MD9 msa_depth = 7061, seq_len = 773, num_templ = 20
Info: Q99MD9 reducing the number of structural templates to 4
Info: 2 chain(s) to model {'A': 'MYD88_MOUSE_1', 'B': 'Q99MD9_1'}
Info: modeling MYD88_Q99MD9_x1 with msa_depth = 6934, seq_len = 1069, num_templ = 8
I0309 07:00:12.782442 23382512441152 run_af2c_mod.py:216] Running model model_2_multimer_v2_p1_230309_623593
I0309 07:00:12.782927 23382512441152 model.py:205] Running predict with shape(feat) = {'msa': (6934, 1069), 'bert_mask': (6934, 1069), 'num_alignments': (), 'aatype': (1069,), 'seq_length': (), 'template_aatype': (8, 1069), 'template_all_atom_mask': (8, 1069, 37), 'template_all_atom_positions': (8, 1069, 37, 3), 'all_atom_positions': (1069, 37, 3), 'template_domain_names': (8,), 'asym_id': (1069,), 'sym_id': (1069,), 'entity_id': (1069,), 'residue_index': (1069,), 'deletion_matrix': (6934, 1069), 'seq_mask': (1069,), 'msa_mask': (6934, 1069), 'cluster_bias_mask': (6934,), 'pdb_residue_index': (1069,)}
I0309 07:28:55.240770 23382512441152 run_af2c_mod.py:270] Total JAX model model_2_multimer_v2_p1_230309_623593 predict time (includes compilation time): 1722.5 seconds
Info: MYD88_Q99MD9_x1 model_2_multimer_v2_p1_230309_623593_recycled_00,  tol =   inf, pLDDT = 51.01, pTM-score = 0.3270, piTM-score = 0.0218, interface-score = 0.0009, iRes = 10   iCnt = 8   
Info: MYD88_Q99MD9_x1 model_2_multimer_v2_p1_230309_623593_recycled_01,  tol = 96.83, pLDDT = 52.03, pTM-score = 0.3121, piTM-score = 0.0000, interface-score = 0.0000, iRes = 0    iCnt = 0   
Info: MYD88_Q99MD9_x1 model_2_multimer_v2_p1_230309_623593_recycled_02,  tol = 32.96, pLDDT = 52.47, pTM-score = 0.3142, piTM-score = 0.0014, interface-score = 0.0000, iRes = 2    iCnt = 1   
Info: MYD88_Q99MD9_x1 model_2_multimer_v2_p1_230309_623593_recycled_03,  tol = 23.65, pLDDT = 52.62, pTM-score = 0.3133, piTM-score = 0.0092, interface-score = 0.0000, iRes = 6    iCnt = 3   
Info: MYD88_Q99MD9_x1 model_2_multimer_v2_p1_230309_623593_recycled_04,  tol = 34.27, pLDDT = 52.69, pTM-score = 0.3120, piTM-score = 0.0000, interface-score = 0.0000, iRes = 0    iCnt = 0   
Info: MYD88_Q99MD9_x1 model_2_multimer_v2_p1_230309_623593_recycled_05,  tol = 26.98, pLDDT = 53.04, pTM-score = 0.3115, piTM-score = 0.5123, interface-score = 0.0048, iRes = 48   iCnt = 91  
Info: MYD88_Q99MD9_x1 model_2_multimer_v2_p1_230309_623593_recycled_06,  tol = 23.22, pLDDT = 52.83, pTM-score = 0.3116, piTM-score = 0.0000, interface-score = 0.0000, iRes = 0    iCnt = 0   
Info: MYD88_Q99MD9_x1 model_2_multimer_v2_p1_230309_623593_recycled_07,  tol = 27.82, pLDDT = 53.23, pTM-score = 0.3121, piTM-score = 0.0692, interface-score = 0.0002, iRes = 19   iCnt = 28  
Info: MYD88_Q99MD9_x1 model_2_multimer_v2_p1_230309_623593_recycled_08,  tol = 24.18, pLDDT = 53.29, pTM-score = 0.3123, piTM-score = 0.0105, interface-score = 0.0000, iRes = 7    iCnt = 5   
Info: MYD88_Q99MD9_x1 model_2_multimer_v2_p1_230309_623593_recycled_09,  tol = 33.27, pLDDT = 53.59, pTM-score = 0.3117, piTM-score = 0.0000, interface-score = 0.0000, iRes = 0    iCnt = 0   
Info: MYD88_Q99MD9_x1 model_2_multimer_v2_p1_230309_623593_recycled_10,  tol = 30.66, pLDDT = 53.02, pTM-score = 0.3115, piTM-score = 0.0000, interface-score = 0.0000, iRes = 0    iCnt = 0   
Info: MYD88_Q99MD9_x1 model_2_multimer_v2_p1_230309_623593_recycled_11,  tol = 37.38, pLDDT = 53.68, pTM-score = 0.3128, piTM-score = 0.0000, interface-score = 0.0000, iRes = 0    iCnt = 0   
Info: MYD88_Q99MD9_x1 model_2_multimer_v2_p1_230309_623593_recycled_12,  tol = 27.84, pLDDT = 53.01, pTM-score = 0.3116, piTM-score = 0.1529, interface-score = 0.0014, iRes = 29   iCnt = 47  
Info: MYD88_Q99MD9_x1 model_2_multimer_v2_p1_230309_623593_recycled_13,  tol = 29.90, pLDDT = 52.81, pTM-score = 0.3108, piTM-score = 0.3866, interface-score = 0.0017, iRes = 30   iCnt = 52  
Info: MYD88_Q99MD9_x1 model_2_multimer_v2_p1_230309_623593_recycled_14,  tol = 24.83, pLDDT = 52.97, pTM-score = 0.3102, piTM-score = 0.0000, interface-score = 0.0000, iRes = 0    iCnt = 0   
Info: MYD88_Q99MD9_x1 model_2_multimer_v2_p1_230309_623593_recycled_15,  tol = 21.58, pLDDT = 53.16, pTM-score = 0.3105, piTM-score = 0.0000, interface-score = 0.0000, iRes = 0    iCnt = 0   
Info: MYD88_Q99MD9_x1 model_2_multimer_v2_p1_230309_623593_recycled_16,  tol = 19.42, pLDDT = 52.72, pTM-score = 0.3093, piTM-score = 0.5768, interface-score = 0.0055, iRes = 52   iCnt = 103 
Info: MYD88_Q99MD9_x1 model_2_multimer_v2_p1_230309_623593_recycled_17,  tol = 31.85, pLDDT = 53.14, pTM-score = 0.3094, piTM-score = 0.0213, interface-score = 0.0001, iRes = 13   iCnt = 22  
Info: MYD88_Q99MD9_x1 model_2_multimer_v2_p1_230309_623593_recycled_18,  tol = 32.00, pLDDT = 53.85, pTM-score = 0.3111, piTM-score = 0.3213, interface-score = 0.0029, iRes = 37   iCnt = 54  
Info: MYD88_Q99MD9_x1 model_2_multimer_v2_p1_230309_623593_recycled_19,  tol = 25.37, pLDDT = 53.67, pTM-score = 0.3098, piTM-score = 0.0000, interface-score = 0.0000, iRes = 0    iCnt = 0   
Info: MYD88_Q99MD9_x1 model_2_multimer_v2_p1_230309_623593 performed 20 recycles, final tol = 20.98, pLDDT = 53.39, pTM-score = 0.3100, piTM-score = 0.0000, interface-score = 0.0000, iRes = 0    iCnt = 0   
Info: num_clusters = 2, cluster_sizes = [1, 1],  clusters = [['MYD88_MOUSE_0'], ['Q99MD9_0']]

I0309 07:28:59.583376 23382512441152 run_af2c_mod.py:404] Final timings for MYD88_Q99MD9_x1: {'features': 1.59, 'process_features_model_2_multimer_v2_p1_230309_623593': 0.0, 'predict_and_compile_model_2_multimer_v2_p1_230309_623593': 1722.5}
                                  
================================= 
Global information about the job: 
================================= 
  
Job owner: flobnow(42847)
Job name:  2_AF2C
Node list: ravg1103
Job start: Thu Mar  9 06:59:52 CET 2023
Job end:   Thu Mar  9 07:29:01 CET 2023
Work dir:  /raven/u/flobnow/workingLama/scripts/myRuns/Q99MD9
Command:   /raven/u/flobnow/workingLama/scripts/myRuns/Q99MD9/script2_comp_model_2.sh
  
  
  
==========================================================================================
Information on jobsteps (Note: MaxRSS/AveRSS is the maximum/average over all 
tasks of the per-task memory high-water marks; cf. "man sacct"): 
==========================================================================================
  
JobID            JobName NNodes NTasks  NCPUS        0.00M        0.00M    Elapsed ExitCode
------------- ---------- ------ ------ ------ ------------ ------------ ---------- --------
4385312           2_AF2C      1           108                             00:29:09      0:0
4385312.0        python3      1      1    108    31388.09M    31388.09M   00:29:08      0:0
  
Maximum memory per node: 32.912797 GB (defined as MaxRSS*Ntasks/NNodes)
CPU utilization: 1.9 %
  
Info: input file name is Q99MD9
Info: input target list is /u/flobnow/workingLama/scripts/myRuns/Q99MD9/target.lst
Info: input feature directory is /u/flobnow/workingLama/feature_files
Info: result output directory is /u/flobnow/workingLama/output_files
Info: model preset is multimer_np
Info: msa pairing is all
Info: recycling setting is 1
Info: using preset super2
Info: set num_ensemble = 2
Info: set max_recyles = 20
Info: set recycle_tol = 0.1
Info: mas_pairing mode is all
I0309 07:11:15.457156 23383145191232 tpu_client.py:54] Starting the local TPU driver.
I0309 07:11:15.457523 23383145191232 xla_bridge.py:212] Unable to initialize backend 'tpu_driver': Not found: Unable to find driver in registry given worker: local://
I0309 07:11:15.827713 23383145191232 xla_bridge.py:212] Unable to initialize backend 'tpu': Invalid argument: TpuPlatform is not available.
I0309 07:11:18.574697 23383145191232 run_af2c_mod.py:481] Have 1 models: ['model_3_multimer_v2_p1']
Info: working on target MYD88_Q99MD9_x1
I0309 07:11:23.579921 23383145191232 run_af2c_mod.py:512] Using random seed 3540806088831567099 for the data pipeline
Info: MYD88_Q99MD9_x1 found monomer MYD88_MOUSE msa_depth = 3425, seq_len = 296, num_templ = 20
Info: MYD88_MOUSE reducing the number of structural templates to 4
Info: MYD88_Q99MD9_x1 found monomer Q99MD9 msa_depth = 7061, seq_len = 773, num_templ = 20
Info: Q99MD9 reducing the number of structural templates to 4
Info: 2 chain(s) to model {'A': 'MYD88_MOUSE_1', 'B': 'Q99MD9_1'}
Info: modeling MYD88_Q99MD9_x1 with msa_depth = 6934, seq_len = 1069, num_templ = 8
I0309 07:11:24.890808 23383145191232 run_af2c_mod.py:216] Running model model_3_multimer_v2_p1_230309_567099
I0309 07:11:24.891287 23383145191232 model.py:205] Running predict with shape(feat) = {'msa': (6934, 1069), 'bert_mask': (6934, 1069), 'num_alignments': (), 'aatype': (1069,), 'seq_length': (), 'template_aatype': (8, 1069), 'template_all_atom_mask': (8, 1069, 37), 'template_all_atom_positions': (8, 1069, 37, 3), 'all_atom_positions': (1069, 37, 3), 'template_domain_names': (8,), 'asym_id': (1069,), 'sym_id': (1069,), 'entity_id': (1069,), 'residue_index': (1069,), 'deletion_matrix': (6934, 1069), 'seq_mask': (1069,), 'msa_mask': (6934, 1069), 'cluster_bias_mask': (6934,), 'pdb_residue_index': (1069,)}
I0309 07:40:08.240659 23383145191232 run_af2c_mod.py:270] Total JAX model model_3_multimer_v2_p1_230309_567099 predict time (includes compilation time): 1723.3 seconds
Info: MYD88_Q99MD9_x1 model_3_multimer_v2_p1_230309_567099_recycled_00,  tol =   inf, pLDDT = 53.09, pTM-score = 0.3187, piTM-score = 0.0172, interface-score = 0.0004, iRes = 10   iCnt = 6   
Info: MYD88_Q99MD9_x1 model_3_multimer_v2_p1_230309_567099_recycled_01,  tol = 125.20, pLDDT = 52.91, pTM-score = 0.3260, piTM-score = 0.0104, interface-score = 0.0007, iRes = 7    iCnt = 5   
Info: MYD88_Q99MD9_x1 model_3_multimer_v2_p1_230309_567099_recycled_02,  tol = 43.23, pLDDT = 53.28, pTM-score = 0.3167, piTM-score = 0.0043, interface-score = 0.0001, iRes = 4    iCnt = 3   
Info: MYD88_Q99MD9_x1 model_3_multimer_v2_p1_230309_567099_recycled_03,  tol = 32.34, pLDDT = 52.98, pTM-score = 0.3122, piTM-score = 0.3478, interface-score = 0.0016, iRes = 30   iCnt = 37  
Info: MYD88_Q99MD9_x1 model_3_multimer_v2_p1_230309_567099_recycled_04,  tol = 33.00, pLDDT = 53.57, pTM-score = 0.3111, piTM-score = 0.2101, interface-score = 0.0065, iRes = 56   iCnt = 71  
Info: MYD88_Q99MD9_x1 model_3_multimer_v2_p1_230309_567099_recycled_05,  tol = 28.24, pLDDT = 53.27, pTM-score = 0.3152, piTM-score = 0.0084, interface-score = 0.0001, iRes = 6    iCnt = 5   
Info: MYD88_Q99MD9_x1 model_3_multimer_v2_p1_230309_567099_recycled_06,  tol = 30.93, pLDDT = 53.30, pTM-score = 0.3123, piTM-score = 0.0014, interface-score = 0.0000, iRes = 2    iCnt = 1   
Info: MYD88_Q99MD9_x1 model_3_multimer_v2_p1_230309_567099_recycled_07,  tol = 17.49, pLDDT = 52.99, pTM-score = 0.3105, piTM-score = 0.0000, interface-score = 0.0000, iRes = 0    iCnt = 0   
Info: MYD88_Q99MD9_x1 model_3_multimer_v2_p1_230309_567099_recycled_08,  tol = 22.08, pLDDT = 53.43, pTM-score = 0.3137, piTM-score = 0.4738, interface-score = 0.0041, iRes = 43   iCnt = 84  
Info: MYD88_Q99MD9_x1 model_3_multimer_v2_p1_230309_567099_recycled_09,  tol = 41.15, pLDDT = 53.64, pTM-score = 0.3111, piTM-score = 0.0203, interface-score = 0.0001, iRes = 12   iCnt = 19  
Info: MYD88_Q99MD9_x1 model_3_multimer_v2_p1_230309_567099_recycled_10,  tol = 25.46, pLDDT = 53.87, pTM-score = 0.3090, piTM-score = 0.0000, interface-score = 0.0000, iRes = 0    iCnt = 0   
Info: MYD88_Q99MD9_x1 model_3_multimer_v2_p1_230309_567099_recycled_11,  tol = 29.06, pLDDT = 53.89, pTM-score = 0.3095, piTM-score = 0.0000, interface-score = 0.0000, iRes = 0    iCnt = 0   
Info: MYD88_Q99MD9_x1 model_3_multimer_v2_p1_230309_567099_recycled_12,  tol = 17.96, pLDDT = 53.72, pTM-score = 0.3092, piTM-score = 0.0000, interface-score = 0.0000, iRes = 0    iCnt = 0   
Info: MYD88_Q99MD9_x1 model_3_multimer_v2_p1_230309_567099_recycled_13,  tol =  8.60, pLDDT = 53.93, pTM-score = 0.3099, piTM-score = 0.0000, interface-score = 0.0000, iRes = 0    iCnt = 0   
Info: MYD88_Q99MD9_x1 model_3_multimer_v2_p1_230309_567099_recycled_14,  tol = 16.58, pLDDT = 53.69, pTM-score = 0.3096, piTM-score = 0.0000, interface-score = 0.0000, iRes = 0    iCnt = 0   
Info: MYD88_Q99MD9_x1 model_3_multimer_v2_p1_230309_567099_recycled_15,  tol = 14.58, pLDDT = 54.03, pTM-score = 0.3090, piTM-score = 0.0000, interface-score = 0.0000, iRes = 0    iCnt = 0   
Info: MYD88_Q99MD9_x1 model_3_multimer_v2_p1_230309_567099_recycled_16,  tol = 13.34, pLDDT = 53.76, pTM-score = 0.3088, piTM-score = 0.0000, interface-score = 0.0000, iRes = 0    iCnt = 0   
Info: MYD88_Q99MD9_x1 model_3_multimer_v2_p1_230309_567099_recycled_17,  tol = 12.09, pLDDT = 53.88, pTM-score = 0.3099, piTM-score = 0.0000, interface-score = 0.0000, iRes = 0    iCnt = 0   
Info: MYD88_Q99MD9_x1 model_3_multimer_v2_p1_230309_567099_recycled_18,  tol =  8.13, pLDDT = 54.07, pTM-score = 0.3088, piTM-score = 0.0000, interface-score = 0.0000, iRes = 0    iCnt = 0   
Info: MYD88_Q99MD9_x1 model_3_multimer_v2_p1_230309_567099_recycled_19,  tol = 10.52, pLDDT = 53.89, pTM-score = 0.3094, piTM-score = 0.0000, interface-score = 0.0000, iRes = 0    iCnt = 0   
Info: MYD88_Q99MD9_x1 model_3_multimer_v2_p1_230309_567099 performed 20 recycles, final tol = 20.22, pLDDT = 54.11, pTM-score = 0.3091, piTM-score = 0.0000, interface-score = 0.0000, iRes = 0    iCnt = 0   
Info: num_clusters = 2, cluster_sizes = [1, 1],  clusters = [['MYD88_MOUSE_0'], ['Q99MD9_0']]

I0309 07:40:12.546785 23383145191232 run_af2c_mod.py:404] Final timings for MYD88_Q99MD9_x1: {'features': 1.31, 'process_features_model_3_multimer_v2_p1_230309_567099': 0.0, 'predict_and_compile_model_3_multimer_v2_p1_230309_567099': 1723.3}
                                  
================================= 
Global information about the job: 
================================= 
  
Job owner: flobnow(42847)
Job name:  3_AF2C
Node list: ravg1092
Job start: Thu Mar  9 07:11:07 CET 2023
Job end:   Thu Mar  9 07:40:14 CET 2023
Work dir:  /raven/u/flobnow/workingLama/scripts/myRuns/Q99MD9
Command:   /raven/u/flobnow/workingLama/scripts/myRuns/Q99MD9/script2_comp_model_3.sh
  
  
  
==========================================================================================
Information on jobsteps (Note: MaxRSS/AveRSS is the maximum/average over all 
tasks of the per-task memory high-water marks; cf. "man sacct"): 
==========================================================================================
  
JobID            JobName NNodes NTasks  NCPUS        0.00M        0.00M    Elapsed ExitCode
------------- ---------- ------ ------ ------ ------------ ------------ ---------- --------
4385317           3_AF2C      1           108                             00:29:07      0:0
4385317.0        python3      1      1    108    30476.06M    30476.06M   00:29:05      0:0
  
Maximum memory per node: 31.956464 GB (defined as MaxRSS*Ntasks/NNodes)
CPU utilization: 1.9 %
  
Info: input file name is Q99MD9
Info: input target list is /u/flobnow/workingLama/scripts/myRuns/Q99MD9/target.lst
Info: input feature directory is /u/flobnow/workingLama/feature_files
Info: result output directory is /u/flobnow/workingLama/output_files
Info: model preset is multimer_np
Info: msa pairing is all
Info: recycling setting is 1
Info: using preset super2
Info: set num_ensemble = 2
Info: set max_recyles = 20
Info: set recycle_tol = 0.1
Info: mas_pairing mode is all
I0309 07:22:12.006472 23251942786880 tpu_client.py:54] Starting the local TPU driver.
I0309 07:22:12.008308 23251942786880 xla_bridge.py:212] Unable to initialize backend 'tpu_driver': Not found: Unable to find driver in registry given worker: local://
I0309 07:22:12.396550 23251942786880 xla_bridge.py:212] Unable to initialize backend 'tpu': Invalid argument: TpuPlatform is not available.
I0309 07:22:15.115471 23251942786880 run_af2c_mod.py:481] Have 1 models: ['model_4_multimer_v2_p1']
Info: working on target MYD88_Q99MD9_x1
I0309 07:22:25.125741 23251942786880 run_af2c_mod.py:512] Using random seed 6710556518694211605 for the data pipeline
Info: MYD88_Q99MD9_x1 found monomer MYD88_MOUSE msa_depth = 3425, seq_len = 296, num_templ = 20
Info: MYD88_MOUSE reducing the number of structural templates to 4
Info: MYD88_Q99MD9_x1 found monomer Q99MD9 msa_depth = 7061, seq_len = 773, num_templ = 20
Info: Q99MD9 reducing the number of structural templates to 4
Info: 2 chain(s) to model {'A': 'MYD88_MOUSE_1', 'B': 'Q99MD9_1'}
Info: modeling MYD88_Q99MD9_x1 with msa_depth = 6934, seq_len = 1069, num_templ = 8
I0309 07:22:26.429563 23251942786880 run_af2c_mod.py:216] Running model model_4_multimer_v2_p1_230309_211605
I0309 07:22:26.430040 23251942786880 model.py:205] Running predict with shape(feat) = {'msa': (6934, 1069), 'bert_mask': (6934, 1069), 'num_alignments': (), 'aatype': (1069,), 'seq_length': (), 'template_aatype': (8, 1069), 'template_all_atom_mask': (8, 1069, 37), 'template_all_atom_positions': (8, 1069, 37, 3), 'all_atom_positions': (1069, 37, 3), 'template_domain_names': (8,), 'asym_id': (1069,), 'sym_id': (1069,), 'entity_id': (1069,), 'residue_index': (1069,), 'deletion_matrix': (6934, 1069), 'seq_mask': (1069,), 'msa_mask': (6934, 1069), 'cluster_bias_mask': (6934,), 'pdb_residue_index': (1069,)}
I0309 07:51:05.134276 23251942786880 run_af2c_mod.py:270] Total JAX model model_4_multimer_v2_p1_230309_211605 predict time (includes compilation time): 1718.7 seconds
Info: MYD88_Q99MD9_x1 model_4_multimer_v2_p1_230309_211605_recycled_00,  tol =   inf, pLDDT = 53.81, pTM-score = 0.3263, piTM-score = 0.0143, interface-score = 0.0004, iRes = 9    iCnt = 8   
Info: MYD88_Q99MD9_x1 model_4_multimer_v2_p1_230309_211605_recycled_01,  tol = 103.09, pLDDT = 53.08, pTM-score = 0.3210, piTM-score = 0.0385, interface-score = 0.0001, iRes = 13   iCnt = 10  
Info: MYD88_Q99MD9_x1 model_4_multimer_v2_p1_230309_211605_recycled_02,  tol = 21.26, pLDDT = 53.15, pTM-score = 0.3191, piTM-score = 0.0280, interface-score = 0.0002, iRes = 18   iCnt = 19  
Info: MYD88_Q99MD9_x1 model_4_multimer_v2_p1_230309_211605_recycled_03,  tol = 22.23, pLDDT = 52.90, pTM-score = 0.3183, piTM-score = 0.0000, interface-score = 0.0000, iRes = 0    iCnt = 0   
Info: MYD88_Q99MD9_x1 model_4_multimer_v2_p1_230309_211605_recycled_04,  tol = 16.41, pLDDT = 53.03, pTM-score = 0.3180, piTM-score = 0.5025, interface-score = 0.0039, iRes = 42   iCnt = 78  
Info: MYD88_Q99MD9_x1 model_4_multimer_v2_p1_230309_211605_recycled_05,  tol = 19.05, pLDDT = 53.48, pTM-score = 0.3190, piTM-score = 0.0000, interface-score = 0.0000, iRes = 0    iCnt = 0   
Info: MYD88_Q99MD9_x1 model_4_multimer_v2_p1_230309_211605_recycled_06,  tol = 16.25, pLDDT = 53.68, pTM-score = 0.3172, piTM-score = 0.0000, interface-score = 0.0000, iRes = 0    iCnt = 0   
Info: MYD88_Q99MD9_x1 model_4_multimer_v2_p1_230309_211605_recycled_07,  tol = 23.13, pLDDT = 53.47, pTM-score = 0.3168, piTM-score = 0.0000, interface-score = 0.0000, iRes = 0    iCnt = 0   
Info: MYD88_Q99MD9_x1 model_4_multimer_v2_p1_230309_211605_recycled_08,  tol = 13.59, pLDDT = 53.74, pTM-score = 0.3220, piTM-score = 0.0053, interface-score = 0.0001, iRes = 5    iCnt = 3   
Info: MYD88_Q99MD9_x1 model_4_multimer_v2_p1_230309_211605_recycled_09,  tol = 12.46, pLDDT = 53.84, pTM-score = 0.3203, piTM-score = 0.0000, interface-score = 0.0000, iRes = 0    iCnt = 0   
Info: MYD88_Q99MD9_x1 model_4_multimer_v2_p1_230309_211605_recycled_10,  tol = 16.06, pLDDT = 53.56, pTM-score = 0.3174, piTM-score = 0.0000, interface-score = 0.0000, iRes = 0    iCnt = 0   
Info: MYD88_Q99MD9_x1 model_4_multimer_v2_p1_230309_211605_recycled_11,  tol = 18.71, pLDDT = 53.93, pTM-score = 0.3158, piTM-score = 0.0000, interface-score = 0.0000, iRes = 0    iCnt = 0   
Info: MYD88_Q99MD9_x1 model_4_multimer_v2_p1_230309_211605_recycled_12,  tol = 11.80, pLDDT = 53.89, pTM-score = 0.3165, piTM-score = 0.0000, interface-score = 0.0000, iRes = 0    iCnt = 0   
Info: MYD88_Q99MD9_x1 model_4_multimer_v2_p1_230309_211605_recycled_13,  tol = 33.99, pLDDT = 53.57, pTM-score = 0.3160, piTM-score = 0.0000, interface-score = 0.0000, iRes = 0    iCnt = 0   
Info: MYD88_Q99MD9_x1 model_4_multimer_v2_p1_230309_211605_recycled_14,  tol = 25.71, pLDDT = 53.54, pTM-score = 0.3157, piTM-score = 0.0000, interface-score = 0.0000, iRes = 0    iCnt = 0   
Info: MYD88_Q99MD9_x1 model_4_multimer_v2_p1_230309_211605_recycled_15,  tol = 35.77, pLDDT = 54.40, pTM-score = 0.3166, piTM-score = 0.0000, interface-score = 0.0000, iRes = 0    iCnt = 0   
Info: MYD88_Q99MD9_x1 model_4_multimer_v2_p1_230309_211605_recycled_16,  tol = 33.04, pLDDT = 54.19, pTM-score = 0.3169, piTM-score = 0.0000, interface-score = 0.0000, iRes = 0    iCnt = 0   
Info: MYD88_Q99MD9_x1 model_4_multimer_v2_p1_230309_211605_recycled_17,  tol = 13.63, pLDDT = 54.03, pTM-score = 0.3170, piTM-score = 0.0000, interface-score = 0.0000, iRes = 0    iCnt = 0   
Info: MYD88_Q99MD9_x1 model_4_multimer_v2_p1_230309_211605_recycled_18,  tol =  7.71, pLDDT = 54.20, pTM-score = 0.3168, piTM-score = 0.0000, interface-score = 0.0000, iRes = 0    iCnt = 0   
Info: MYD88_Q99MD9_x1 model_4_multimer_v2_p1_230309_211605_recycled_19,  tol =  7.18, pLDDT = 54.29, pTM-score = 0.3171, piTM-score = 0.0000, interface-score = 0.0000, iRes = 0    iCnt = 0   
Info: MYD88_Q99MD9_x1 model_4_multimer_v2_p1_230309_211605 performed 20 recycles, final tol = 7.79, pLDDT = 53.99, pTM-score = 0.3172, piTM-score = 0.0000, interface-score = 0.0000, iRes = 0    iCnt = 0   
Info: num_clusters = 2, cluster_sizes = [1, 1],  clusters = [['MYD88_MOUSE_0'], ['Q99MD9_0']]

I0309 07:51:09.277061 23251942786880 run_af2c_mod.py:404] Final timings for MYD88_Q99MD9_x1: {'features': 1.3, 'process_features_model_4_multimer_v2_p1_230309_211605': 0.0, 'predict_and_compile_model_4_multimer_v2_p1_230309_211605': 1718.7}
                                  
================================= 
Global information about the job: 
================================= 
  
Job owner: flobnow(42847)
Job name:  4_AF2C
Node list: ravg1034
Job start: Thu Mar  9 07:21:59 CET 2023
Job end:   Thu Mar  9 07:51:11 CET 2023
Work dir:  /raven/u/flobnow/workingLama/scripts/myRuns/Q99MD9
Command:   /raven/u/flobnow/workingLama/scripts/myRuns/Q99MD9/script2_comp_model_4.sh
  
  
  
==========================================================================================
Information on jobsteps (Note: MaxRSS/AveRSS is the maximum/average over all 
tasks of the per-task memory high-water marks; cf. "man sacct"): 
==========================================================================================
  
JobID            JobName NNodes NTasks  NCPUS        0.00M        0.00M    Elapsed ExitCode
------------- ---------- ------ ------ ------ ------------ ------------ ---------- --------
4385323           4_AF2C      1           108                             00:29:12      0:0
4385323.0        python3      1      1    108    31421.15M    31421.15M   00:29:07      0:0
  
Maximum memory per node: 32.947466 GB (defined as MaxRSS*Ntasks/NNodes)
CPU utilization: 1.9 %
  
Info: input file name is Q99MD9
Info: input target list is /u/flobnow/workingLama/scripts/myRuns/Q99MD9/target.lst
Info: input feature directory is /u/flobnow/workingLama/feature_files
Info: result output directory is /u/flobnow/workingLama/output_files
Info: model preset is multimer_np
Info: msa pairing is all
Info: recycling setting is 1
Info: using preset super2
Info: set num_ensemble = 2
Info: set max_recyles = 20
Info: set recycle_tol = 0.1
Info: mas_pairing mode is all
I0309 07:35:45.254878 22832611735360 tpu_client.py:54] Starting the local TPU driver.
I0309 07:35:45.255252 22832611735360 xla_bridge.py:212] Unable to initialize backend 'tpu_driver': Not found: Unable to find driver in registry given worker: local://
I0309 07:35:45.636767 22832611735360 xla_bridge.py:212] Unable to initialize backend 'tpu': Invalid argument: TpuPlatform is not available.
I0309 07:35:48.384156 22832611735360 run_af2c_mod.py:481] Have 1 models: ['model_5_multimer_v2_p1']
Info: working on target MYD88_Q99MD9_x1
I0309 07:35:51.387474 22832611735360 run_af2c_mod.py:512] Using random seed 9013807738606653523 for the data pipeline
Info: MYD88_Q99MD9_x1 found monomer MYD88_MOUSE msa_depth = 3425, seq_len = 296, num_templ = 20
Info: MYD88_MOUSE reducing the number of structural templates to 4
Info: MYD88_Q99MD9_x1 found monomer Q99MD9 msa_depth = 7061, seq_len = 773, num_templ = 20
Info: Q99MD9 reducing the number of structural templates to 4
Info: 2 chain(s) to model {'A': 'MYD88_MOUSE_1', 'B': 'Q99MD9_1'}
Info: modeling MYD88_Q99MD9_x1 with msa_depth = 6934, seq_len = 1069, num_templ = 8
I0309 07:35:52.718708 22832611735360 run_af2c_mod.py:216] Running model model_5_multimer_v2_p1_230309_653523
I0309 07:35:52.719195 22832611735360 model.py:205] Running predict with shape(feat) = {'msa': (6934, 1069), 'bert_mask': (6934, 1069), 'num_alignments': (), 'aatype': (1069,), 'seq_length': (), 'template_aatype': (8, 1069), 'template_all_atom_mask': (8, 1069, 37), 'template_all_atom_positions': (8, 1069, 37, 3), 'all_atom_positions': (1069, 37, 3), 'template_domain_names': (8,), 'asym_id': (1069,), 'sym_id': (1069,), 'entity_id': (1069,), 'residue_index': (1069,), 'deletion_matrix': (6934, 1069), 'seq_mask': (1069,), 'msa_mask': (6934, 1069), 'cluster_bias_mask': (6934,), 'pdb_residue_index': (1069,)}
I0309 08:04:46.918838 22832611735360 run_af2c_mod.py:270] Total JAX model model_5_multimer_v2_p1_230309_653523 predict time (includes compilation time): 1734.2 seconds
Info: MYD88_Q99MD9_x1 model_5_multimer_v2_p1_230309_653523_recycled_00,  tol =   inf, pLDDT = 52.53, pTM-score = 0.3170, piTM-score = 0.0030, interface-score = 0.0000, iRes = 4    iCnt = 2   
Info: MYD88_Q99MD9_x1 model_5_multimer_v2_p1_230309_653523_recycled_01,  tol = 102.79, pLDDT = 51.19, pTM-score = 0.3183, piTM-score = 0.0047, interface-score = 0.0001, iRes = 4    iCnt = 2   
Info: MYD88_Q99MD9_x1 model_5_multimer_v2_p1_230309_653523_recycled_02,  tol = 22.24, pLDDT = 51.12, pTM-score = 0.3176, piTM-score = 0.0093, interface-score = 0.0002, iRes = 7    iCnt = 6   
Info: MYD88_Q99MD9_x1 model_5_multimer_v2_p1_230309_653523_recycled_03,  tol = 18.25, pLDDT = 51.05, pTM-score = 0.3182, piTM-score = 0.0153, interface-score = 0.0004, iRes = 10   iCnt = 10  
Info: MYD88_Q99MD9_x1 model_5_multimer_v2_p1_230309_653523_recycled_04,  tol = 17.20, pLDDT = 51.33, pTM-score = 0.3180, piTM-score = 0.0061, interface-score = 0.0001, iRes = 5    iCnt = 4   
Info: MYD88_Q99MD9_x1 model_5_multimer_v2_p1_230309_653523_recycled_05,  tol = 14.57, pLDDT = 51.37, pTM-score = 0.3176, piTM-score = 0.0124, interface-score = 0.0002, iRes = 9    iCnt = 9   
Info: MYD88_Q99MD9_x1 model_5_multimer_v2_p1_230309_653523_recycled_06,  tol = 11.07, pLDDT = 51.55, pTM-score = 0.3165, piTM-score = 0.0090, interface-score = 0.0001, iRes = 7    iCnt = 5   
Info: MYD88_Q99MD9_x1 model_5_multimer_v2_p1_230309_653523_recycled_07,  tol = 21.28, pLDDT = 51.26, pTM-score = 0.3168, piTM-score = 0.0091, interface-score = 0.0001, iRes = 7    iCnt = 6   
Info: MYD88_Q99MD9_x1 model_5_multimer_v2_p1_230309_653523_recycled_08,  tol = 13.08, pLDDT = 51.51, pTM-score = 0.3167, piTM-score = 0.0090, interface-score = 0.0001, iRes = 7    iCnt = 6   
Info: MYD88_Q99MD9_x1 model_5_multimer_v2_p1_230309_653523_recycled_09,  tol =  9.49, pLDDT = 51.64, pTM-score = 0.3167, piTM-score = 0.0109, interface-score = 0.0001, iRes = 8    iCnt = 7   
Info: MYD88_Q99MD9_x1 model_5_multimer_v2_p1_230309_653523_recycled_10,  tol = 14.31, pLDDT = 51.53, pTM-score = 0.3157, piTM-score = 0.0046, interface-score = 0.0000, iRes = 4    iCnt = 2   
Info: MYD88_Q99MD9_x1 model_5_multimer_v2_p1_230309_653523_recycled_11,  tol = 16.61, pLDDT = 51.57, pTM-score = 0.3170, piTM-score = 0.0079, interface-score = 0.0001, iRes = 6    iCnt = 5   
Info: MYD88_Q99MD9_x1 model_5_multimer_v2_p1_230309_653523_recycled_12,  tol = 16.92, pLDDT = 51.78, pTM-score = 0.3154, piTM-score = 0.0000, interface-score = 0.0000, iRes = 0    iCnt = 0   
Info: MYD88_Q99MD9_x1 model_5_multimer_v2_p1_230309_653523_recycled_13,  tol = 19.35, pLDDT = 51.96, pTM-score = 0.3164, piTM-score = 0.0000, interface-score = 0.0000, iRes = 0    iCnt = 0   
Info: MYD88_Q99MD9_x1 model_5_multimer_v2_p1_230309_653523_recycled_14,  tol = 16.30, pLDDT = 51.90, pTM-score = 0.3136, piTM-score = 0.0000, interface-score = 0.0000, iRes = 0    iCnt = 0   
Info: MYD88_Q99MD9_x1 model_5_multimer_v2_p1_230309_653523_recycled_15,  tol = 16.58, pLDDT = 51.53, pTM-score = 0.3126, piTM-score = 0.0000, interface-score = 0.0000, iRes = 0    iCnt = 0   
Info: MYD88_Q99MD9_x1 model_5_multimer_v2_p1_230309_653523_recycled_16,  tol = 13.70, pLDDT = 52.02, pTM-score = 0.3121, piTM-score = 0.0000, interface-score = 0.0000, iRes = 0    iCnt = 0   
Info: MYD88_Q99MD9_x1 model_5_multimer_v2_p1_230309_653523_recycled_17,  tol = 18.14, pLDDT = 52.05, pTM-score = 0.3103, piTM-score = 0.0000, interface-score = 0.0000, iRes = 0    iCnt = 0   
Info: MYD88_Q99MD9_x1 model_5_multimer_v2_p1_230309_653523_recycled_18,  tol = 24.15, pLDDT = 51.72, pTM-score = 0.3122, piTM-score = 0.2101, interface-score = 0.0011, iRes = 27   iCnt = 35  
Info: MYD88_Q99MD9_x1 model_5_multimer_v2_p1_230309_653523_recycled_19,  tol = 19.66, pLDDT = 51.79, pTM-score = 0.3118, piTM-score = 0.0130, interface-score = 0.0000, iRes = 8    iCnt = 11  
Info: MYD88_Q99MD9_x1 model_5_multimer_v2_p1_230309_653523 performed 20 recycles, final tol = 18.36, pLDDT = 51.87, pTM-score = 0.3123, piTM-score = 0.4754, interface-score = 0.0045, iRes = 45   iCnt = 97  
Info: num_clusters = 1, cluster_sizes = [2],  clusters = [['MYD88_MOUSE_0', 'Q99MD9_0']]

I0309 08:04:51.364739 22832611735360 run_af2c_mod.py:404] Final timings for MYD88_Q99MD9_x1: {'features': 1.33, 'process_features_model_5_multimer_v2_p1_230309_653523': 0.0, 'predict_and_compile_model_5_multimer_v2_p1_230309_653523': 1734.2}
                                  
================================= 
Global information about the job: 
================================= 
  
Job owner: flobnow(42847)
Job name:  5_AF2C
Node list: ravg1012
Job start: Thu Mar  9 07:35:38 CET 2023
Job end:   Thu Mar  9 08:04:53 CET 2023
Work dir:  /raven/u/flobnow/workingLama/scripts/myRuns/Q99MD9
Command:   /raven/u/flobnow/workingLama/scripts/myRuns/Q99MD9/script2_comp_model_5.sh
  
  
  
==========================================================================================
Information on jobsteps (Note: MaxRSS/AveRSS is the maximum/average over all 
tasks of the per-task memory high-water marks; cf. "man sacct"): 
==========================================================================================
  
JobID            JobName NNodes NTasks  NCPUS        0.00M        0.00M    Elapsed ExitCode
------------- ---------- ------ ------ ------ ------------ ------------ ---------- --------
4385332           5_AF2C      1           108                             00:29:15      0:0
4385332.0        python3      1      1    108    31258.35M    31258.35M   00:29:13      0:0
  
Maximum memory per node: 32.776757 GB (defined as MaxRSS*Ntasks/NNodes)
CPU utilization: 1.9 %
  
Info: target file is /u/flobnow/workingLama/scripts/myRuns/Q99MD9/target.lst
Info: input directory of unrelaxed models is /u/flobnow/workingLama/output_files
Info: output directory of relaxed models is /u/flobnow/workingLama/output_files
/bin/sh: /mpcdf/soft/SLE_15/packages/x86_64/alphafold/2.2.0/lib/libtinfo.so.6: no version information available (required by /lib64/libreadline.so.7)
I0309 12:15:26.308030 22921523812160 run_af2c_min.py:88] MYD88_Q99MD9_x1 processing model_4_multimer_v2_p1_230309_211605.pdb
sh: /mpcdf/soft/SLE_15/packages/x86_64/alphafold/2.2.0/lib/libtinfo.so.6: no version information available (required by /lib64/libreadline.so.7)
sh: /mpcdf/soft/SLE_15/packages/x86_64/alphafold/2.2.0/lib/libtinfo.so.6: no version information available (required by /lib64/libreadline.so.7)
I0309 12:15:37.647936 22921523812160 amber_minimize.py:177] alterations info: {'nonstandard_residues': [], 'removed_heterogens': set(), 'missing_residues': {}, 'missing_heavy_atoms': {}, 'missing_terminals': {<Residue 295 (PRO) of chain 0>: ['OXT'], <Residue 1068 (CYS) of chain 1>: ['OXT']}, 'Se_in_MET': [], 'removed_chains': {0: []}}
I0309 12:15:39.150487 22921523812160 amber_minimize.py:408] Minimizing protein, attempt 1 of 100.
I0309 12:15:40.868849 22921523812160 amber_minimize.py:69] Restraining 8244 / 16295 particles.
sh: /mpcdf/soft/SLE_15/packages/x86_64/alphafold/2.2.0/lib/libtinfo.so.6: no version information available (required by /lib64/libreadline.so.7)
I0309 12:18:45.186593 22921523812160 amber_minimize.py:177] alterations info: {'nonstandard_residues': [], 'removed_heterogens': set(), 'missing_residues': {}, 'missing_heavy_atoms': {}, 'missing_terminals': {}, 'Se_in_MET': [], 'removed_chains': {0: []}}
I0309 12:18:46.734335 22921523812160 tpu_client.py:54] Starting the local TPU driver.
I0309 12:18:46.736331 22921523812160 xla_bridge.py:212] Unable to initialize backend 'tpu_driver': Not found: Unable to find driver in registry given worker: local://
I0309 12:18:46.968569 22921523812160 xla_bridge.py:212] Unable to initialize backend 'tpu': Invalid argument: TpuPlatform is not available.
I0309 12:19:00.177337 22921523812160 amber_minimize.py:500] Iteration completed: Einit 3147629611506.38 Efinal 28640.79 Time 178.45 s num residue violations 91 num residue exclusions 0 
I0309 12:19:00.221930 22921523812160 amber_minimize.py:408] Minimizing protein, attempt 1 of 100.
I0309 12:19:01.786624 22921523812160 amber_minimize.py:69] Restraining 7554 / 16295 particles.
sh: /mpcdf/soft/SLE_15/packages/x86_64/alphafold/2.2.0/lib/libtinfo.so.6: no version information available (required by /lib64/libreadline.so.7)
I0309 12:22:12.620023 22921523812160 amber_minimize.py:177] alterations info: {'nonstandard_residues': [], 'removed_heterogens': set(), 'missing_residues': {}, 'missing_heavy_atoms': {}, 'missing_terminals': {}, 'Se_in_MET': [], 'removed_chains': {0: []}}
I0309 12:22:17.956056 22921523812160 amber_minimize.py:500] Iteration completed: Einit 87032.74 Efinal 17441.49 Time 185.21 s num residue violations 49 num residue exclusions 91 
I0309 12:22:17.956930 22921523812160 amber_minimize.py:408] Minimizing protein, attempt 1 of 100.
I0309 12:22:19.535597 22921523812160 amber_minimize.py:69] Restraining 7540 / 16295 particles.
sh: /mpcdf/soft/SLE_15/packages/x86_64/alphafold/2.2.0/lib/libtinfo.so.6: no version information available (required by /lib64/libreadline.so.7)
I0309 12:25:08.911365 22921523812160 amber_minimize.py:177] alterations info: {'nonstandard_residues': [], 'removed_heterogens': set(), 'missing_residues': {}, 'missing_heavy_atoms': {}, 'missing_terminals': {}, 'Se_in_MET': [], 'removed_chains': {0: []}}
I0309 12:25:14.234241 22921523812160 amber_minimize.py:500] Iteration completed: Einit 76043.31 Efinal 15132.77 Time 163.84 s num residue violations 45 num residue exclusions 93 
sh: /mpcdf/soft/SLE_15/packages/x86_64/alphafold/2.2.0/lib/libtinfo.so.6: no version information available (required by /lib64/libreadline.so.7)
sh: /mpcdf/soft/SLE_15/packages/x86_64/alphafold/2.2.0/lib/libtinfo.so.6: no version information available (required by /lib64/libreadline.so.7)
I0309 12:25:22.030193 22921523812160 amber_minimize.py:177] alterations info: {'nonstandard_residues': [], 'removed_heterogens': set(), 'missing_residues': {}, 'missing_heavy_atoms': {}, 'missing_terminals': {<Residue 295 (PRO) of chain 0>: ['OXT'], <Residue 1068 (CYS) of chain 1>: ['OXT']}, 'Se_in_MET': [], 'removed_chains': {0: []}}
I0309 12:25:25.192368 22921523812160 run_af2c_min.py:110] MYD88_Q99MD9_x1 relaxation done, time spent 598.4 seconds, Efinal 15132.77, rmsd 0.46
I0309 12:25:25.192494 22921523812160 run_af2c_min.py:88] MYD88_Q99MD9_x1 processing model_5_multimer_v2_p1_230309_653523.pdb
sh: /mpcdf/soft/SLE_15/packages/x86_64/alphafold/2.2.0/lib/libtinfo.so.6: no version information available (required by /lib64/libreadline.so.7)
sh: /mpcdf/soft/SLE_15/packages/x86_64/alphafold/2.2.0/lib/libtinfo.so.6: no version information available (required by /lib64/libreadline.so.7)
I0309 12:25:33.056939 22921523812160 amber_minimize.py:177] alterations info: {'nonstandard_residues': [], 'removed_heterogens': set(), 'missing_residues': {}, 'missing_heavy_atoms': {}, 'missing_terminals': {<Residue 295 (PRO) of chain 0>: ['OXT'], <Residue 1068 (CYS) of chain 1>: ['OXT']}, 'Se_in_MET': [], 'removed_chains': {0: []}}
I0309 12:25:34.610867 22921523812160 amber_minimize.py:408] Minimizing protein, attempt 1 of 100.
I0309 12:25:36.247158 22921523812160 amber_minimize.py:69] Restraining 8244 / 16295 particles.
sh: /mpcdf/soft/SLE_15/packages/x86_64/alphafold/2.2.0/lib/libtinfo.so.6: no version information available (required by /lib64/libreadline.so.7)
I0309 12:28:58.522113 22921523812160 amber_minimize.py:177] alterations info: {'nonstandard_residues': [], 'removed_heterogens': set(), 'missing_residues': {}, 'missing_heavy_atoms': {}, 'missing_terminals': {}, 'Se_in_MET': [], 'removed_chains': {0: []}}
I0309 12:29:03.866369 22921523812160 amber_minimize.py:500] Iteration completed: Einit 803971665968.85 Efinal 30854.60 Time 196.53 s num residue violations 117 num residue exclusions 0 
I0309 12:29:03.867186 22921523812160 amber_minimize.py:408] Minimizing protein, attempt 1 of 100.
I0309 12:29:05.461947 22921523812160 amber_minimize.py:69] Restraining 7372 / 16295 particles.
sh: /mpcdf/soft/SLE_15/packages/x86_64/alphafold/2.2.0/lib/libtinfo.so.6: no version information available (required by /lib64/libreadline.so.7)
I0309 12:33:32.306403 22921523812160 amber_minimize.py:177] alterations info: {'nonstandard_residues': [], 'removed_heterogens': set(), 'missing_residues': {}, 'missing_heavy_atoms': {}, 'missing_terminals': {}, 'Se_in_MET': [], 'removed_chains': {0: []}}
I0309 12:33:37.605063 22921523812160 amber_minimize.py:500] Iteration completed: Einit 72895.79 Efinal 17680.91 Time 261.37 s num residue violations 65 num residue exclusions 117 
I0309 12:33:37.605876 22921523812160 amber_minimize.py:408] Minimizing protein, attempt 1 of 100.
I0309 12:33:39.154227 22921523812160 amber_minimize.py:69] Restraining 7300 / 16295 particles.
sh: /mpcdf/soft/SLE_15/packages/x86_64/alphafold/2.2.0/lib/libtinfo.so.6: no version information available (required by /lib64/libreadline.so.7)
I0309 12:36:13.292508 22921523812160 amber_minimize.py:177] alterations info: {'nonstandard_residues': [], 'removed_heterogens': set(), 'missing_residues': {}, 'missing_heavy_atoms': {}, 'missing_terminals': {}, 'Se_in_MET': [], 'removed_chains': {0: []}}
I0309 12:36:18.657757 22921523812160 amber_minimize.py:500] Iteration completed: Einit 61705.62 Efinal 14959.37 Time 148.57 s num residue violations 43 num residue exclusions 126 
sh: /mpcdf/soft/SLE_15/packages/x86_64/alphafold/2.2.0/lib/libtinfo.so.6: no version information available (required by /lib64/libreadline.so.7)
sh: /mpcdf/soft/SLE_15/packages/x86_64/alphafold/2.2.0/lib/libtinfo.so.6: no version information available (required by /lib64/libreadline.so.7)
I0309 12:36:26.426264 22921523812160 amber_minimize.py:177] alterations info: {'nonstandard_residues': [], 'removed_heterogens': set(), 'missing_residues': {}, 'missing_heavy_atoms': {}, 'missing_terminals': {<Residue 295 (PRO) of chain 0>: ['OXT'], <Residue 1068 (CYS) of chain 1>: ['OXT']}, 'Se_in_MET': [], 'removed_chains': {0: []}}
I0309 12:36:29.608572 22921523812160 run_af2c_min.py:110] MYD88_Q99MD9_x1 relaxation done, time spent 663.9 seconds, Efinal 14959.37, rmsd 0.46
I0309 12:36:29.608701 22921523812160 run_af2c_min.py:88] MYD88_Q99MD9_x1 processing model_2_multimer_v2_p1_230309_623593.pdb
sh: /mpcdf/soft/SLE_15/packages/x86_64/alphafold/2.2.0/lib/libtinfo.so.6: no version information available (required by /lib64/libreadline.so.7)
sh: /mpcdf/soft/SLE_15/packages/x86_64/alphafold/2.2.0/lib/libtinfo.so.6: no version information available (required by /lib64/libreadline.so.7)
I0309 12:36:37.436435 22921523812160 amber_minimize.py:177] alterations info: {'nonstandard_residues': [], 'removed_heterogens': set(), 'missing_residues': {}, 'missing_heavy_atoms': {}, 'missing_terminals': {<Residue 295 (PRO) of chain 0>: ['OXT'], <Residue 1068 (CYS) of chain 1>: ['OXT']}, 'Se_in_MET': [], 'removed_chains': {0: []}}
I0309 12:36:38.984903 22921523812160 amber_minimize.py:408] Minimizing protein, attempt 1 of 100.
I0309 12:36:40.540327 22921523812160 amber_minimize.py:69] Restraining 8244 / 16295 particles.
sh: /mpcdf/soft/SLE_15/packages/x86_64/alphafold/2.2.0/lib/libtinfo.so.6: no version information available (required by /lib64/libreadline.so.7)
I0309 12:39:21.431957 22921523812160 amber_minimize.py:177] alterations info: {'nonstandard_residues': [], 'removed_heterogens': set(), 'missing_residues': {}, 'missing_heavy_atoms': {}, 'missing_terminals': {}, 'Se_in_MET': [], 'removed_chains': {0: []}}
I0309 12:39:26.752454 22921523812160 amber_minimize.py:500] Iteration completed: Einit 8679759941434.35 Efinal 26741.73 Time 155.03 s num residue violations 74 num residue exclusions 0 
I0309 12:39:26.753285 22921523812160 amber_minimize.py:408] Minimizing protein, attempt 1 of 100.
I0309 12:39:28.276047 22921523812160 amber_minimize.py:69] Restraining 7669 / 16295 particles.
sh: /mpcdf/soft/SLE_15/packages/x86_64/alphafold/2.2.0/lib/libtinfo.so.6: no version information available (required by /lib64/libreadline.so.7)
I0309 12:42:58.798370 22921523812160 amber_minimize.py:177] alterations info: {'nonstandard_residues': [], 'removed_heterogens': set(), 'missing_residues': {}, 'missing_heavy_atoms': {}, 'missing_terminals': {}, 'Se_in_MET': [], 'removed_chains': {0: []}}
I0309 12:43:04.162113 22921523812160 amber_minimize.py:500] Iteration completed: Einit 67840.85 Efinal 17162.51 Time 204.96 s num residue violations 47 num residue exclusions 74 
I0309 12:43:04.162852 22921523812160 amber_minimize.py:408] Minimizing protein, attempt 1 of 100.
I0309 12:43:05.736606 22921523812160 amber_minimize.py:69] Restraining 7583 / 16295 particles.
sh: /mpcdf/soft/SLE_15/packages/x86_64/alphafold/2.2.0/lib/libtinfo.so.6: no version information available (required by /lib64/libreadline.so.7)
I0309 12:45:41.731980 22921523812160 amber_minimize.py:177] alterations info: {'nonstandard_residues': [], 'removed_heterogens': set(), 'missing_residues': {}, 'missing_heavy_atoms': {}, 'missing_terminals': {}, 'Se_in_MET': [], 'removed_chains': {0: []}}
I0309 12:45:47.073732 22921523812160 amber_minimize.py:500] Iteration completed: Einit 65812.08 Efinal 14783.54 Time 150.45 s num residue violations 31 num residue exclusions 85 
sh: /mpcdf/soft/SLE_15/packages/x86_64/alphafold/2.2.0/lib/libtinfo.so.6: no version information available (required by /lib64/libreadline.so.7)
sh: /mpcdf/soft/SLE_15/packages/x86_64/alphafold/2.2.0/lib/libtinfo.so.6: no version information available (required by /lib64/libreadline.so.7)
I0309 12:45:54.769984 22921523812160 amber_minimize.py:177] alterations info: {'nonstandard_residues': [], 'removed_heterogens': set(), 'missing_residues': {}, 'missing_heavy_atoms': {}, 'missing_terminals': {<Residue 295 (PRO) of chain 0>: ['OXT'], <Residue 1068 (CYS) of chain 1>: ['OXT']}, 'Se_in_MET': [], 'removed_chains': {0: []}}
I0309 12:45:57.956480 22921523812160 run_af2c_min.py:110] MYD88_Q99MD9_x1 relaxation done, time spent 567.9 seconds, Efinal 14783.54, rmsd 0.46
I0309 12:45:57.956613 22921523812160 run_af2c_min.py:88] MYD88_Q99MD9_x1 processing model_1_multimer_v2_p1_230309_575970.pdb
sh: /mpcdf/soft/SLE_15/packages/x86_64/alphafold/2.2.0/lib/libtinfo.so.6: no version information available (required by /lib64/libreadline.so.7)
sh: /mpcdf/soft/SLE_15/packages/x86_64/alphafold/2.2.0/lib/libtinfo.so.6: no version information available (required by /lib64/libreadline.so.7)
I0309 12:46:05.895305 22921523812160 amber_minimize.py:177] alterations info: {'nonstandard_residues': [], 'removed_heterogens': set(), 'missing_residues': {}, 'missing_heavy_atoms': {}, 'missing_terminals': {<Residue 295 (PRO) of chain 0>: ['OXT'], <Residue 1068 (CYS) of chain 1>: ['OXT']}, 'Se_in_MET': [], 'removed_chains': {0: []}}
I0309 12:46:07.475761 22921523812160 amber_minimize.py:408] Minimizing protein, attempt 1 of 100.
I0309 12:46:09.044003 22921523812160 amber_minimize.py:69] Restraining 8244 / 16295 particles.
sh: /mpcdf/soft/SLE_15/packages/x86_64/alphafold/2.2.0/lib/libtinfo.so.6: no version information available (required by /lib64/libreadline.so.7)
I0309 12:48:12.992166 22921523812160 amber_minimize.py:177] alterations info: {'nonstandard_residues': [], 'removed_heterogens': set(), 'missing_residues': {}, 'missing_heavy_atoms': {}, 'missing_terminals': {}, 'Se_in_MET': [], 'removed_chains': {0: []}}
I0309 12:48:18.349479 22921523812160 amber_minimize.py:500] Iteration completed: Einit 843008.98 Efinal 21858.85 Time 118.14 s num residue violations 94 num residue exclusions 0 
I0309 12:48:18.350296 22921523812160 amber_minimize.py:408] Minimizing protein, attempt 1 of 100.
I0309 12:48:19.886705 22921523812160 amber_minimize.py:69] Restraining 7531 / 16295 particles.
sh: /mpcdf/soft/SLE_15/packages/x86_64/alphafold/2.2.0/lib/libtinfo.so.6: no version information available (required by /lib64/libreadline.so.7)
I0309 12:51:54.724178 22921523812160 amber_minimize.py:177] alterations info: {'nonstandard_residues': [], 'removed_heterogens': set(), 'missing_residues': {}, 'missing_heavy_atoms': {}, 'missing_terminals': {}, 'Se_in_MET': [], 'removed_chains': {0: []}}
I0309 12:52:00.063241 22921523812160 amber_minimize.py:500] Iteration completed: Einit 65067.14 Efinal 14202.13 Time 209.37 s num residue violations 57 num residue exclusions 94 
I0309 12:52:00.064030 22921523812160 amber_minimize.py:408] Minimizing protein, attempt 1 of 100.
I0309 12:52:01.668941 22921523812160 amber_minimize.py:69] Restraining 7491 / 16295 particles.
sh: /mpcdf/soft/SLE_15/packages/x86_64/alphafold/2.2.0/lib/libtinfo.so.6: no version information available (required by /lib64/libreadline.so.7)
I0309 12:53:58.975529 22921523812160 amber_minimize.py:177] alterations info: {'nonstandard_residues': [], 'removed_heterogens': set(), 'missing_residues': {}, 'missing_heavy_atoms': {}, 'missing_terminals': {}, 'Se_in_MET': [], 'removed_chains': {0: []}}
I0309 12:54:04.303307 22921523812160 amber_minimize.py:500] Iteration completed: Einit 73846.56 Efinal 12295.84 Time 111.89 s num residue violations 54 num residue exclusions 99 
sh: /mpcdf/soft/SLE_15/packages/x86_64/alphafold/2.2.0/lib/libtinfo.so.6: no version information available (required by /lib64/libreadline.so.7)
sh: /mpcdf/soft/SLE_15/packages/x86_64/alphafold/2.2.0/lib/libtinfo.so.6: no version information available (required by /lib64/libreadline.so.7)
I0309 12:54:12.064738 22921523812160 amber_minimize.py:177] alterations info: {'nonstandard_residues': [], 'removed_heterogens': set(), 'missing_residues': {}, 'missing_heavy_atoms': {}, 'missing_terminals': {<Residue 295 (PRO) of chain 0>: ['OXT'], <Residue 1068 (CYS) of chain 1>: ['OXT']}, 'Se_in_MET': [], 'removed_chains': {0: []}}
I0309 12:54:15.200098 22921523812160 run_af2c_min.py:110] MYD88_Q99MD9_x1 relaxation done, time spent 496.8 seconds, Efinal 12295.84, rmsd 0.42
I0309 12:54:15.200231 22921523812160 run_af2c_min.py:88] MYD88_Q99MD9_x1 processing model_3_multimer_v2_p1_230309_567099.pdb
sh: /mpcdf/soft/SLE_15/packages/x86_64/alphafold/2.2.0/lib/libtinfo.so.6: no version information available (required by /lib64/libreadline.so.7)
sh: /mpcdf/soft/SLE_15/packages/x86_64/alphafold/2.2.0/lib/libtinfo.so.6: no version information available (required by /lib64/libreadline.so.7)
I0309 12:54:23.058994 22921523812160 amber_minimize.py:177] alterations info: {'nonstandard_residues': [], 'removed_heterogens': set(), 'missing_residues': {}, 'missing_heavy_atoms': {}, 'missing_terminals': {<Residue 295 (PRO) of chain 0>: ['OXT'], <Residue 1068 (CYS) of chain 1>: ['OXT']}, 'Se_in_MET': [], 'removed_chains': {0: []}}
I0309 12:54:24.652528 22921523812160 amber_minimize.py:408] Minimizing protein, attempt 1 of 100.
I0309 12:54:26.215808 22921523812160 amber_minimize.py:69] Restraining 8244 / 16295 particles.
sh: /mpcdf/soft/SLE_15/packages/x86_64/alphafold/2.2.0/lib/libtinfo.so.6: no version information available (required by /lib64/libreadline.so.7)
I0309 12:56:40.992455 22921523812160 amber_minimize.py:177] alterations info: {'nonstandard_residues': [], 'removed_heterogens': set(), 'missing_residues': {}, 'missing_heavy_atoms': {}, 'missing_terminals': {}, 'Se_in_MET': [], 'removed_chains': {0: []}}
I0309 12:56:46.275641 22921523812160 amber_minimize.py:500] Iteration completed: Einit 1826362051.97 Efinal 21581.77 Time 128.90 s num residue violations 76 num residue exclusions 0 
I0309 12:56:46.276453 22921523812160 amber_minimize.py:408] Minimizing protein, attempt 1 of 100.
I0309 12:56:47.874917 22921523812160 amber_minimize.py:69] Restraining 7672 / 16295 particles.
sh: /mpcdf/soft/SLE_15/packages/x86_64/alphafold/2.2.0/lib/libtinfo.so.6: no version information available (required by /lib64/libreadline.so.7)
I0309 13:00:05.334478 22921523812160 amber_minimize.py:177] alterations info: {'nonstandard_residues': [], 'removed_heterogens': set(), 'missing_residues': {}, 'missing_heavy_atoms': {}, 'missing_terminals': {}, 'Se_in_MET': [], 'removed_chains': {0: []}}
I0309 13:00:10.605833 22921523812160 amber_minimize.py:500] Iteration completed: Einit 60438.74 Efinal 12996.88 Time 192.27 s num residue violations 28 num residue exclusions 76 
I0309 13:00:10.606512 22921523812160 amber_minimize.py:408] Minimizing protein, attempt 1 of 100.
I0309 13:00:12.143164 22921523812160 amber_minimize.py:69] Restraining 7663 / 16295 particles.
sh: /mpcdf/soft/SLE_15/packages/x86_64/alphafold/2.2.0/lib/libtinfo.so.6: no version information available (required by /lib64/libreadline.so.7)
I0309 13:02:28.351464 22921523812160 amber_minimize.py:177] alterations info: {'nonstandard_residues': [], 'removed_heterogens': set(), 'missing_residues': {}, 'missing_heavy_atoms': {}, 'missing_terminals': {}, 'Se_in_MET': [], 'removed_chains': {0: []}}
I0309 13:02:33.713528 22921523812160 amber_minimize.py:500] Iteration completed: Einit 539787.99 Efinal 10807.96 Time 130.70 s num residue violations 29 num residue exclusions 77 
sh: /mpcdf/soft/SLE_15/packages/x86_64/alphafold/2.2.0/lib/libtinfo.so.6: no version information available (required by /lib64/libreadline.so.7)
sh: /mpcdf/soft/SLE_15/packages/x86_64/alphafold/2.2.0/lib/libtinfo.so.6: no version information available (required by /lib64/libreadline.so.7)
I0309 13:02:41.398525 22921523812160 amber_minimize.py:177] alterations info: {'nonstandard_residues': [], 'removed_heterogens': set(), 'missing_residues': {}, 'missing_heavy_atoms': {}, 'missing_terminals': {<Residue 295 (PRO) of chain 0>: ['OXT'], <Residue 1068 (CYS) of chain 1>: ['OXT']}, 'Se_in_MET': [], 'removed_chains': {0: []}}
I0309 13:02:44.614577 22921523812160 run_af2c_min.py:110] MYD88_Q99MD9_x1 relaxation done, time spent 508.9 seconds, Efinal 10807.96, rmsd 0.65
                                  
================================= 
Global information about the job: 
================================= 
  
Job owner: flobnow(42847)
Job name:  6_RLX
Node list: ravg1006
Job start: Thu Mar  9 12:15:19 CET 2023
Job end:   Thu Mar  9 13:02:48 CET 2023
Work dir:  /raven/u/flobnow/workingLama/scripts/myRuns/Q99MD9
Command:   /raven/u/flobnow/workingLama/scripts/myRuns/Q99MD9/script3_relaxation.sh
  
  
  
==========================================================================================
Information on jobsteps (Note: MaxRSS/AveRSS is the maximum/average over all 
tasks of the per-task memory high-water marks; cf. "man sacct"): 
==========================================================================================
  
JobID            JobName NNodes NTasks  NCPUS        0.00M        0.00M    Elapsed ExitCode
------------- ---------- ------ ------ ------ ------------ ------------ ---------- --------
4385357            6_RLX      1           108                             00:47:29      0:0
4385357.0        python3      1      1    108    16496.60M    16496.60M   00:47:27      0:0
  
Maximum memory per node: 17.297935 GB (defined as MaxRSS*Ntasks/NNodes)
CPU utilization: 86.7 %
  
