Info: input file name is Q99L47
Info: input target list is /u/flobnow/workingLama/scripts/myRuns/Q99L47/target.lst
Info: input feature directory is /u/flobnow/workingLama/feature_files
Info: result output directory is /u/flobnow/workingLama/output_files
Info: model preset is multimer_np
Info: msa pairing is all
Info: recycling setting is 1
Info: using preset super2
Info: set num_ensemble = 2
Info: set max_recyles = 20
Info: set recycle_tol = 0.1
Info: mas_pairing mode is all
I0309 02:03:24.020229 22955241072448 tpu_client.py:54] Starting the local TPU driver.
I0309 02:03:24.020593 22955241072448 xla_bridge.py:212] Unable to initialize backend 'tpu_driver': Not found: Unable to find driver in registry given worker: local://
I0309 02:03:24.381306 22955241072448 xla_bridge.py:212] Unable to initialize backend 'tpu': Invalid argument: TpuPlatform is not available.
I0309 02:03:27.177593 22955241072448 run_af2c_mod.py:481] Have 1 models: ['model_1_multimer_v2_p1']
Info: working on target MYD88_Q99L47_x1
I0309 02:03:32.182910 22955241072448 run_af2c_mod.py:512] Using random seed 8331735192637814140 for the data pipeline
Info: MYD88_Q99L47_x1 found monomer MYD88_MOUSE msa_depth = 3425, seq_len = 296, num_templ = 20
Info: MYD88_MOUSE reducing the number of structural templates to 4
Info: MYD88_Q99L47_x1 found monomer Q99L47 msa_depth = 65959, seq_len = 371, num_templ = 20
Info: Q99L47 MSA size is too large, reducing to 10000
Info: Q99L47 reducing the number of structural templates to 4
Info: 2 chain(s) to model {'A': 'MYD88_MOUSE_1', 'B': 'Q99L47_1'}
Info: modeling MYD88_Q99L47_x1 with msa_depth = 7115, seq_len = 667, num_templ = 8
I0309 02:03:33.459396 22955241072448 run_af2c_mod.py:216] Running model model_1_multimer_v2_p1_230309_814140
I0309 02:03:33.459877 22955241072448 model.py:205] Running predict with shape(feat) = {'msa': (7115, 667), 'bert_mask': (7115, 667), 'num_alignments': (), 'aatype': (667,), 'seq_length': (), 'template_aatype': (8, 667), 'template_all_atom_mask': (8, 667, 37), 'template_all_atom_positions': (8, 667, 37, 3), 'all_atom_positions': (667, 37, 3), 'template_domain_names': (8,), 'asym_id': (667,), 'sym_id': (667,), 'entity_id': (667,), 'residue_index': (667,), 'deletion_matrix': (7115, 667), 'seq_mask': (667,), 'msa_mask': (7115, 667), 'cluster_bias_mask': (7115,), 'pdb_residue_index': (667,)}
I0309 02:14:36.964674 22955241072448 run_af2c_mod.py:270] Total JAX model model_1_multimer_v2_p1_230309_814140 predict time (includes compilation time): 663.5 seconds
Info: MYD88_Q99L47_x1 model_1_multimer_v2_p1_230309_814140_recycled_00,  tol =   inf, pLDDT = 66.89, pTM-score = 0.3417, piTM-score = 0.0140, interface-score = 0.0001, iRes = 7    iCnt = 7   
Info: MYD88_Q99L47_x1 model_1_multimer_v2_p1_230309_814140_recycled_01,  tol = 80.32, pLDDT = 71.73, pTM-score = 0.3239, piTM-score = 0.0000, interface-score = 0.0000, iRes = 0    iCnt = 0   
Info: MYD88_Q99L47_x1 model_1_multimer_v2_p1_230309_814140_recycled_02,  tol = 34.33, pLDDT = 70.41, pTM-score = 0.3294, piTM-score = 0.0000, interface-score = 0.0000, iRes = 0    iCnt = 0   
Info: MYD88_Q99L47_x1 model_1_multimer_v2_p1_230309_814140_recycled_03,  tol =  8.41, pLDDT = 72.05, pTM-score = 0.3271, piTM-score = 0.0000, interface-score = 0.0000, iRes = 0    iCnt = 0   
Info: MYD88_Q99L47_x1 model_1_multimer_v2_p1_230309_814140_recycled_04,  tol = 10.47, pLDDT = 72.42, pTM-score = 0.3307, piTM-score = 0.0000, interface-score = 0.0000, iRes = 0    iCnt = 0   
Info: MYD88_Q99L47_x1 model_1_multimer_v2_p1_230309_814140_recycled_05,  tol =  5.37, pLDDT = 72.45, pTM-score = 0.3303, piTM-score = 0.0000, interface-score = 0.0000, iRes = 0    iCnt = 0   
Info: MYD88_Q99L47_x1 model_1_multimer_v2_p1_230309_814140_recycled_06,  tol =  4.58, pLDDT = 72.61, pTM-score = 0.3256, piTM-score = 0.0000, interface-score = 0.0000, iRes = 0    iCnt = 0   
Info: MYD88_Q99L47_x1 model_1_multimer_v2_p1_230309_814140_recycled_07,  tol =  3.96, pLDDT = 72.45, pTM-score = 0.3305, piTM-score = 0.0000, interface-score = 0.0000, iRes = 0    iCnt = 0   
Info: MYD88_Q99L47_x1 model_1_multimer_v2_p1_230309_814140_recycled_08,  tol =  3.46, pLDDT = 72.94, pTM-score = 0.3265, piTM-score = 0.0000, interface-score = 0.0000, iRes = 0    iCnt = 0   
Info: MYD88_Q99L47_x1 model_1_multimer_v2_p1_230309_814140_recycled_09,  tol =  4.01, pLDDT = 72.71, pTM-score = 0.3285, piTM-score = 0.0000, interface-score = 0.0000, iRes = 0    iCnt = 0   
Info: MYD88_Q99L47_x1 model_1_multimer_v2_p1_230309_814140_recycled_10,  tol =  6.30, pLDDT = 72.79, pTM-score = 0.3282, piTM-score = 0.0000, interface-score = 0.0000, iRes = 0    iCnt = 0   
Info: MYD88_Q99L47_x1 model_1_multimer_v2_p1_230309_814140_recycled_11,  tol =  5.73, pLDDT = 72.80, pTM-score = 0.3268, piTM-score = 0.0000, interface-score = 0.0000, iRes = 0    iCnt = 0   
Info: MYD88_Q99L47_x1 model_1_multimer_v2_p1_230309_814140_recycled_12,  tol =  3.44, pLDDT = 72.43, pTM-score = 0.3282, piTM-score = 0.0000, interface-score = 0.0000, iRes = 0    iCnt = 0   
Info: MYD88_Q99L47_x1 model_1_multimer_v2_p1_230309_814140_recycled_13,  tol =  2.89, pLDDT = 72.45, pTM-score = 0.3318, piTM-score = 0.0000, interface-score = 0.0000, iRes = 0    iCnt = 0   
Info: MYD88_Q99L47_x1 model_1_multimer_v2_p1_230309_814140_recycled_14,  tol =  3.94, pLDDT = 73.01, pTM-score = 0.3300, piTM-score = 0.0000, interface-score = 0.0000, iRes = 0    iCnt = 0   
Info: MYD88_Q99L47_x1 model_1_multimer_v2_p1_230309_814140_recycled_15,  tol =  2.90, pLDDT = 72.28, pTM-score = 0.3322, piTM-score = 0.0000, interface-score = 0.0000, iRes = 0    iCnt = 0   
Info: MYD88_Q99L47_x1 model_1_multimer_v2_p1_230309_814140_recycled_16,  tol =  4.06, pLDDT = 73.12, pTM-score = 0.3285, piTM-score = 0.0000, interface-score = 0.0000, iRes = 0    iCnt = 0   
Info: MYD88_Q99L47_x1 model_1_multimer_v2_p1_230309_814140_recycled_17,  tol =  4.94, pLDDT = 72.76, pTM-score = 0.3271, piTM-score = 0.0000, interface-score = 0.0000, iRes = 0    iCnt = 0   
Info: MYD88_Q99L47_x1 model_1_multimer_v2_p1_230309_814140_recycled_18,  tol =  5.46, pLDDT = 72.93, pTM-score = 0.3286, piTM-score = 0.0000, interface-score = 0.0000, iRes = 0    iCnt = 0   
Info: MYD88_Q99L47_x1 model_1_multimer_v2_p1_230309_814140_recycled_19,  tol =  4.84, pLDDT = 72.70, pTM-score = 0.3280, piTM-score = 0.0000, interface-score = 0.0000, iRes = 0    iCnt = 0   
Info: MYD88_Q99L47_x1 model_1_multimer_v2_p1_230309_814140 performed 20 recycles, final tol = 2.93, pLDDT = 72.62, pTM-score = 0.3323, piTM-score = 0.0000, interface-score = 0.0000, iRes = 0    iCnt = 0   
Info: num_clusters = 2, cluster_sizes = [1, 1],  clusters = [['MYD88_MOUSE_0'], ['Q99L47_0']]

I0309 02:14:39.772481 22955241072448 run_af2c_mod.py:404] Final timings for MYD88_Q99L47_x1: {'features': 1.27, 'process_features_model_1_multimer_v2_p1_230309_814140': 0.0, 'predict_and_compile_model_1_multimer_v2_p1_230309_814140': 663.5}
                                  
================================= 
Global information about the job: 
================================= 
  
Job owner: flobnow(42847)
Job name:  1_AF2C
Node list: ravg1055
Job start: Thu Mar  9 02:03:15 CET 2023
Job end:   Thu Mar  9 02:14:41 CET 2023
Work dir:  /raven/u/flobnow/workingLama/scripts/myRuns/Q99L47
Command:   /raven/u/flobnow/workingLama/scripts/myRuns/Q99L47/script2_comp_model_1.sh
  
  
  
==========================================================================================
Information on jobsteps (Note: MaxRSS/AveRSS is the maximum/average over all 
tasks of the per-task memory high-water marks; cf. "man sacct"): 
==========================================================================================
  
JobID            JobName NNodes NTasks  NCPUS        0.00M        0.00M    Elapsed ExitCode
------------- ---------- ------ ------ ------ ------------ ------------ ---------- --------
4385254           1_AF2C      1           108                             00:11:26      0:0
4385254.0        python3      1      1    108    21797.84M    21797.84M   00:11:23      0:0
  
Maximum memory per node: 22.856697 GB (defined as MaxRSS*Ntasks/NNodes)
CPU utilization: 1.9 %
  
Info: input file name is Q99L47
Info: input target list is /u/flobnow/workingLama/scripts/myRuns/Q99L47/target.lst
Info: input feature directory is /u/flobnow/workingLama/feature_files
Info: result output directory is /u/flobnow/workingLama/output_files
Info: model preset is multimer_np
Info: msa pairing is all
Info: recycling setting is 1
Info: using preset super2
Info: set num_ensemble = 2
Info: set max_recyles = 20
Info: set recycle_tol = 0.1
Info: mas_pairing mode is all
I0309 02:31:34.141200 22633584244544 tpu_client.py:54] Starting the local TPU driver.
I0309 02:31:34.141571 22633584244544 xla_bridge.py:212] Unable to initialize backend 'tpu_driver': Not found: Unable to find driver in registry given worker: local://
I0309 02:31:34.515753 22633584244544 xla_bridge.py:212] Unable to initialize backend 'tpu': Invalid argument: TpuPlatform is not available.
I0309 02:31:37.321609 22633584244544 run_af2c_mod.py:481] Have 1 models: ['model_2_multimer_v2_p1']
Info: working on target MYD88_Q99L47_x1
I0309 02:31:41.325945 22633584244544 run_af2c_mod.py:512] Using random seed 7355792567909965284 for the data pipeline
Info: MYD88_Q99L47_x1 found monomer MYD88_MOUSE msa_depth = 3425, seq_len = 296, num_templ = 20
Info: MYD88_MOUSE reducing the number of structural templates to 4
Info: MYD88_Q99L47_x1 found monomer Q99L47 msa_depth = 65959, seq_len = 371, num_templ = 20
Info: Q99L47 MSA size is too large, reducing to 10000
Info: Q99L47 reducing the number of structural templates to 4
Info: 2 chain(s) to model {'A': 'MYD88_MOUSE_1', 'B': 'Q99L47_1'}
Info: modeling MYD88_Q99L47_x1 with msa_depth = 7115, seq_len = 667, num_templ = 8
I0309 02:31:42.357740 22633584244544 run_af2c_mod.py:216] Running model model_2_multimer_v2_p1_230309_965284
I0309 02:31:42.358218 22633584244544 model.py:205] Running predict with shape(feat) = {'msa': (7115, 667), 'bert_mask': (7115, 667), 'num_alignments': (), 'aatype': (667,), 'seq_length': (), 'template_aatype': (8, 667), 'template_all_atom_mask': (8, 667, 37), 'template_all_atom_positions': (8, 667, 37, 3), 'all_atom_positions': (667, 37, 3), 'template_domain_names': (8,), 'asym_id': (667,), 'sym_id': (667,), 'entity_id': (667,), 'residue_index': (667,), 'deletion_matrix': (7115, 667), 'seq_mask': (667,), 'msa_mask': (7115, 667), 'cluster_bias_mask': (7115,), 'pdb_residue_index': (667,)}
I0309 02:42:55.009755 22633584244544 run_af2c_mod.py:270] Total JAX model model_2_multimer_v2_p1_230309_965284 predict time (includes compilation time): 672.7 seconds
Info: MYD88_Q99L47_x1 model_2_multimer_v2_p1_230309_965284_recycled_00,  tol =   inf, pLDDT = 68.80, pTM-score = 0.3429, piTM-score = 0.0014, interface-score = 0.0000, iRes = 2    iCnt = 1   
Info: MYD88_Q99L47_x1 model_2_multimer_v2_p1_230309_965284_recycled_01,  tol = 82.39, pLDDT = 72.81, pTM-score = 0.3348, piTM-score = 0.0000, interface-score = 0.0000, iRes = 0    iCnt = 0   
Info: MYD88_Q99L47_x1 model_2_multimer_v2_p1_230309_965284_recycled_02,  tol = 13.10, pLDDT = 71.70, pTM-score = 0.3308, piTM-score = 0.0000, interface-score = 0.0000, iRes = 0    iCnt = 0   
Info: MYD88_Q99L47_x1 model_2_multimer_v2_p1_230309_965284_recycled_03,  tol = 16.56, pLDDT = 72.12, pTM-score = 0.3319, piTM-score = 0.0000, interface-score = 0.0000, iRes = 0    iCnt = 0   
Info: MYD88_Q99L47_x1 model_2_multimer_v2_p1_230309_965284_recycled_04,  tol =  9.79, pLDDT = 71.43, pTM-score = 0.3296, piTM-score = 0.0000, interface-score = 0.0000, iRes = 0    iCnt = 0   
Info: MYD88_Q99L47_x1 model_2_multimer_v2_p1_230309_965284_recycled_05,  tol =  5.63, pLDDT = 71.15, pTM-score = 0.3290, piTM-score = 0.0000, interface-score = 0.0000, iRes = 0    iCnt = 0   
Info: MYD88_Q99L47_x1 model_2_multimer_v2_p1_230309_965284_recycled_06,  tol =  8.29, pLDDT = 71.08, pTM-score = 0.3287, piTM-score = 0.0000, interface-score = 0.0000, iRes = 0    iCnt = 0   
Info: MYD88_Q99L47_x1 model_2_multimer_v2_p1_230309_965284_recycled_07,  tol =  8.07, pLDDT = 71.02, pTM-score = 0.3307, piTM-score = 0.0000, interface-score = 0.0000, iRes = 0    iCnt = 0   
Info: MYD88_Q99L47_x1 model_2_multimer_v2_p1_230309_965284_recycled_08,  tol =  6.79, pLDDT = 70.83, pTM-score = 0.3282, piTM-score = 0.0000, interface-score = 0.0000, iRes = 0    iCnt = 0   
Info: MYD88_Q99L47_x1 model_2_multimer_v2_p1_230309_965284_recycled_09,  tol =  5.15, pLDDT = 70.89, pTM-score = 0.3299, piTM-score = 0.0000, interface-score = 0.0000, iRes = 0    iCnt = 0   
Info: MYD88_Q99L47_x1 model_2_multimer_v2_p1_230309_965284_recycled_10,  tol =  4.68, pLDDT = 70.89, pTM-score = 0.3289, piTM-score = 0.0000, interface-score = 0.0000, iRes = 0    iCnt = 0   
Info: MYD88_Q99L47_x1 model_2_multimer_v2_p1_230309_965284_recycled_11,  tol =  4.26, pLDDT = 70.85, pTM-score = 0.3272, piTM-score = 0.0000, interface-score = 0.0000, iRes = 0    iCnt = 0   
Info: MYD88_Q99L47_x1 model_2_multimer_v2_p1_230309_965284_recycled_12,  tol =  3.84, pLDDT = 70.65, pTM-score = 0.3311, piTM-score = 0.0000, interface-score = 0.0000, iRes = 0    iCnt = 0   
Info: MYD88_Q99L47_x1 model_2_multimer_v2_p1_230309_965284_recycled_13,  tol =  6.53, pLDDT = 70.44, pTM-score = 0.3305, piTM-score = 0.0000, interface-score = 0.0000, iRes = 0    iCnt = 0   
Info: MYD88_Q99L47_x1 model_2_multimer_v2_p1_230309_965284_recycled_14,  tol =  2.66, pLDDT = 70.88, pTM-score = 0.3311, piTM-score = 0.0000, interface-score = 0.0000, iRes = 0    iCnt = 0   
Info: MYD88_Q99L47_x1 model_2_multimer_v2_p1_230309_965284_recycled_15,  tol =  2.31, pLDDT = 71.09, pTM-score = 0.3274, piTM-score = 0.0000, interface-score = 0.0000, iRes = 0    iCnt = 0   
Info: MYD88_Q99L47_x1 model_2_multimer_v2_p1_230309_965284_recycled_16,  tol =  6.14, pLDDT = 71.20, pTM-score = 0.3256, piTM-score = 0.0000, interface-score = 0.0000, iRes = 0    iCnt = 0   
Info: MYD88_Q99L47_x1 model_2_multimer_v2_p1_230309_965284_recycled_17,  tol =  3.02, pLDDT = 71.34, pTM-score = 0.3283, piTM-score = 0.0000, interface-score = 0.0000, iRes = 0    iCnt = 0   
Info: MYD88_Q99L47_x1 model_2_multimer_v2_p1_230309_965284_recycled_18,  tol =  3.61, pLDDT = 71.01, pTM-score = 0.3279, piTM-score = 0.0000, interface-score = 0.0000, iRes = 0    iCnt = 0   
Info: MYD88_Q99L47_x1 model_2_multimer_v2_p1_230309_965284_recycled_19,  tol =  4.27, pLDDT = 70.65, pTM-score = 0.3271, piTM-score = 0.0000, interface-score = 0.0000, iRes = 0    iCnt = 0   
Info: MYD88_Q99L47_x1 model_2_multimer_v2_p1_230309_965284 performed 20 recycles, final tol = 4.22, pLDDT = 70.85, pTM-score = 0.3279, piTM-score = 0.0000, interface-score = 0.0000, iRes = 0    iCnt = 0   
Info: num_clusters = 2, cluster_sizes = [1, 1],  clusters = [['MYD88_MOUSE_0'], ['Q99L47_0']]

I0309 02:42:57.733196 22633584244544 run_af2c_mod.py:404] Final timings for MYD88_Q99L47_x1: {'features': 1.03, 'process_features_model_2_multimer_v2_p1_230309_965284': 0.0, 'predict_and_compile_model_2_multimer_v2_p1_230309_965284': 672.7}
                                  
================================= 
Global information about the job: 
================================= 
  
Job owner: flobnow(42847)
Job name:  2_AF2C
Node list: ravg1003
Job start: Thu Mar  9 02:31:27 CET 2023
Job end:   Thu Mar  9 02:42:59 CET 2023
Work dir:  /raven/u/flobnow/workingLama/scripts/myRuns/Q99L47
Command:   /raven/u/flobnow/workingLama/scripts/myRuns/Q99L47/script2_comp_model_2.sh
  
  
  
==========================================================================================
Information on jobsteps (Note: MaxRSS/AveRSS is the maximum/average over all 
tasks of the per-task memory high-water marks; cf. "man sacct"): 
==========================================================================================
  
JobID            JobName NNodes NTasks  NCPUS        0.00M        0.00M    Elapsed ExitCode
------------- ---------- ------ ------ ------ ------------ ------------ ---------- --------
4385257           2_AF2C      1           108                             00:11:32      0:0
4385257.0        python3      1      1    108    21534.45M    21534.45M   00:11:30      0:0
  
Maximum memory per node: 22.580512 GB (defined as MaxRSS*Ntasks/NNodes)
CPU utilization: 2.0 %
  
Info: input file name is Q99L47
Info: input target list is /u/flobnow/workingLama/scripts/myRuns/Q99L47/target.lst
Info: input feature directory is /u/flobnow/workingLama/feature_files
Info: result output directory is /u/flobnow/workingLama/output_files
Info: model preset is multimer_np
Info: msa pairing is all
Info: recycling setting is 1
Info: using preset super2
Info: set num_ensemble = 2
Info: set max_recyles = 20
Info: set recycle_tol = 0.1
Info: mas_pairing mode is all
I0309 03:38:14.408998 23034827462464 tpu_client.py:54] Starting the local TPU driver.
I0309 03:38:14.409374 23034827462464 xla_bridge.py:212] Unable to initialize backend 'tpu_driver': Not found: Unable to find driver in registry given worker: local://
I0309 03:38:14.783304 23034827462464 xla_bridge.py:212] Unable to initialize backend 'tpu': Invalid argument: TpuPlatform is not available.
I0309 03:38:17.589650 23034827462464 run_af2c_mod.py:481] Have 1 models: ['model_3_multimer_v2_p1']
Info: working on target MYD88_Q99L47_x1
I0309 03:38:20.592988 23034827462464 run_af2c_mod.py:512] Using random seed 815099338113866951 for the data pipeline
Info: MYD88_Q99L47_x1 found monomer MYD88_MOUSE msa_depth = 3425, seq_len = 296, num_templ = 20
Info: MYD88_MOUSE reducing the number of structural templates to 4
Info: MYD88_Q99L47_x1 found monomer Q99L47 msa_depth = 65959, seq_len = 371, num_templ = 20
Info: Q99L47 MSA size is too large, reducing to 10000
Info: Q99L47 reducing the number of structural templates to 4
Info: 2 chain(s) to model {'A': 'MYD88_MOUSE_1', 'B': 'Q99L47_1'}
Info: modeling MYD88_Q99L47_x1 with msa_depth = 7115, seq_len = 667, num_templ = 8
I0309 03:38:21.704034 23034827462464 run_af2c_mod.py:216] Running model model_3_multimer_v2_p1_230309_866951
I0309 03:38:21.704518 23034827462464 model.py:205] Running predict with shape(feat) = {'msa': (7115, 667), 'bert_mask': (7115, 667), 'num_alignments': (), 'aatype': (667,), 'seq_length': (), 'template_aatype': (8, 667), 'template_all_atom_mask': (8, 667, 37), 'template_all_atom_positions': (8, 667, 37, 3), 'all_atom_positions': (667, 37, 3), 'template_domain_names': (8,), 'asym_id': (667,), 'sym_id': (667,), 'entity_id': (667,), 'residue_index': (667,), 'deletion_matrix': (7115, 667), 'seq_mask': (667,), 'msa_mask': (7115, 667), 'cluster_bias_mask': (7115,), 'pdb_residue_index': (667,)}
I0309 03:49:38.931610 23034827462464 run_af2c_mod.py:270] Total JAX model model_3_multimer_v2_p1_230309_866951 predict time (includes compilation time): 677.2 seconds
Info: MYD88_Q99L47_x1 model_3_multimer_v2_p1_230309_866951_recycled_00,  tol =   inf, pLDDT = 68.38, pTM-score = 0.3424, piTM-score = 0.0166, interface-score = 0.0001, iRes = 7    iCnt = 6   
Info: MYD88_Q99L47_x1 model_3_multimer_v2_p1_230309_866951_recycled_01,  tol = 95.74, pLDDT = 70.92, pTM-score = 0.3181, piTM-score = 0.0000, interface-score = 0.0000, iRes = 0    iCnt = 0   
Info: MYD88_Q99L47_x1 model_3_multimer_v2_p1_230309_866951_recycled_02,  tol = 18.68, pLDDT = 70.30, pTM-score = 0.3197, piTM-score = 0.0000, interface-score = 0.0000, iRes = 0    iCnt = 0   
Info: MYD88_Q99L47_x1 model_3_multimer_v2_p1_230309_866951_recycled_03,  tol = 13.57, pLDDT = 69.92, pTM-score = 0.3174, piTM-score = 0.0000, interface-score = 0.0000, iRes = 0    iCnt = 0   
Info: MYD88_Q99L47_x1 model_3_multimer_v2_p1_230309_866951_recycled_04,  tol = 10.12, pLDDT = 69.65, pTM-score = 0.3258, piTM-score = 0.0000, interface-score = 0.0000, iRes = 0    iCnt = 0   
Info: MYD88_Q99L47_x1 model_3_multimer_v2_p1_230309_866951_recycled_05,  tol = 32.19, pLDDT = 70.64, pTM-score = 0.3277, piTM-score = 0.0000, interface-score = 0.0000, iRes = 0    iCnt = 0   
Info: MYD88_Q99L47_x1 model_3_multimer_v2_p1_230309_866951_recycled_06,  tol = 21.42, pLDDT = 71.65, pTM-score = 0.3185, piTM-score = 0.0000, interface-score = 0.0000, iRes = 0    iCnt = 0   
Info: MYD88_Q99L47_x1 model_3_multimer_v2_p1_230309_866951_recycled_07,  tol = 18.18, pLDDT = 71.14, pTM-score = 0.3166, piTM-score = 0.0000, interface-score = 0.0000, iRes = 0    iCnt = 0   
Info: MYD88_Q99L47_x1 model_3_multimer_v2_p1_230309_866951_recycled_08,  tol =  8.40, pLDDT = 71.69, pTM-score = 0.3168, piTM-score = 0.0000, interface-score = 0.0000, iRes = 0    iCnt = 0   
Info: MYD88_Q99L47_x1 model_3_multimer_v2_p1_230309_866951_recycled_09,  tol =  8.14, pLDDT = 71.96, pTM-score = 0.3175, piTM-score = 0.0000, interface-score = 0.0000, iRes = 0    iCnt = 0   
Info: MYD88_Q99L47_x1 model_3_multimer_v2_p1_230309_866951_recycled_10,  tol =  8.34, pLDDT = 71.83, pTM-score = 0.3144, piTM-score = 0.0000, interface-score = 0.0000, iRes = 0    iCnt = 0   
Info: MYD88_Q99L47_x1 model_3_multimer_v2_p1_230309_866951_recycled_11,  tol =  3.49, pLDDT = 71.98, pTM-score = 0.3172, piTM-score = 0.0000, interface-score = 0.0000, iRes = 0    iCnt = 0   
Info: MYD88_Q99L47_x1 model_3_multimer_v2_p1_230309_866951_recycled_12,  tol =  3.04, pLDDT = 72.06, pTM-score = 0.3229, piTM-score = 0.0000, interface-score = 0.0000, iRes = 0    iCnt = 0   
Info: MYD88_Q99L47_x1 model_3_multimer_v2_p1_230309_866951_recycled_13,  tol = 29.62, pLDDT = 72.04, pTM-score = 0.3188, piTM-score = 0.0000, interface-score = 0.0000, iRes = 0    iCnt = 0   
Info: MYD88_Q99L47_x1 model_3_multimer_v2_p1_230309_866951_recycled_14,  tol = 11.92, pLDDT = 71.36, pTM-score = 0.3205, piTM-score = 0.0000, interface-score = 0.0000, iRes = 0    iCnt = 0   
Info: MYD88_Q99L47_x1 model_3_multimer_v2_p1_230309_866951_recycled_15,  tol =  8.18, pLDDT = 72.26, pTM-score = 0.3271, piTM-score = 0.0000, interface-score = 0.0000, iRes = 0    iCnt = 0   
Info: MYD88_Q99L47_x1 model_3_multimer_v2_p1_230309_866951_recycled_16,  tol =  6.14, pLDDT = 72.11, pTM-score = 0.3222, piTM-score = 0.0000, interface-score = 0.0000, iRes = 0    iCnt = 0   
Info: MYD88_Q99L47_x1 model_3_multimer_v2_p1_230309_866951_recycled_17,  tol =  3.29, pLDDT = 71.74, pTM-score = 0.3310, piTM-score = 0.0119, interface-score = 0.0001, iRes = 6    iCnt = 5   
Info: MYD88_Q99L47_x1 model_3_multimer_v2_p1_230309_866951_recycled_18,  tol =  6.68, pLDDT = 71.99, pTM-score = 0.3196, piTM-score = 0.0000, interface-score = 0.0000, iRes = 0    iCnt = 0   
Info: MYD88_Q99L47_x1 model_3_multimer_v2_p1_230309_866951_recycled_19,  tol =  9.68, pLDDT = 71.80, pTM-score = 0.3271, piTM-score = 0.0014, interface-score = 0.0000, iRes = 2    iCnt = 1   
Info: MYD88_Q99L47_x1 model_3_multimer_v2_p1_230309_866951 performed 20 recycles, final tol = 7.46, pLDDT = 71.97, pTM-score = 0.3256, piTM-score = 0.0014, interface-score = 0.0000, iRes = 2    iCnt = 1   
Info: num_clusters = 2, cluster_sizes = [1, 1],  clusters = [['MYD88_MOUSE_0'], ['Q99L47_0']]

I0309 03:49:41.814145 23034827462464 run_af2c_mod.py:404] Final timings for MYD88_Q99L47_x1: {'features': 1.11, 'process_features_model_3_multimer_v2_p1_230309_866951': 0.0, 'predict_and_compile_model_3_multimer_v2_p1_230309_866951': 677.2}
                                  
================================= 
Global information about the job: 
================================= 
  
Job owner: flobnow(42847)
Job name:  3_AF2C
Node list: ravg1003
Job start: Thu Mar  9 03:38:06 CET 2023
Job end:   Thu Mar  9 03:49:43 CET 2023
Work dir:  /raven/u/flobnow/workingLama/scripts/myRuns/Q99L47
Command:   /raven/u/flobnow/workingLama/scripts/myRuns/Q99L47/script2_comp_model_3.sh
  
  
  
==========================================================================================
Information on jobsteps (Note: MaxRSS/AveRSS is the maximum/average over all 
tasks of the per-task memory high-water marks; cf. "man sacct"): 
==========================================================================================
  
JobID            JobName NNodes NTasks  NCPUS        0.00M        0.00M    Elapsed ExitCode
------------- ---------- ------ ------ ------ ------------ ------------ ---------- --------
4385264           3_AF2C      1           108                             00:11:37      0:0
4385264.0        python3      1      1    108    21466.96M    21466.96M   00:11:34      0:0
  
Maximum memory per node: 22.509735 GB (defined as MaxRSS*Ntasks/NNodes)
CPU utilization: 2.0 %
  
Info: input file name is Q99L47
Info: input target list is /u/flobnow/workingLama/scripts/myRuns/Q99L47/target.lst
Info: input feature directory is /u/flobnow/workingLama/feature_files
Info: result output directory is /u/flobnow/workingLama/output_files
Info: model preset is multimer_np
Info: msa pairing is all
Info: recycling setting is 1
Info: using preset super2
Info: set num_ensemble = 2
Info: set max_recyles = 20
Info: set recycle_tol = 0.1
Info: mas_pairing mode is all
I0309 04:25:07.699289 22887646205760 tpu_client.py:54] Starting the local TPU driver.
I0309 04:25:07.699637 22887646205760 xla_bridge.py:212] Unable to initialize backend 'tpu_driver': Not found: Unable to find driver in registry given worker: local://
I0309 04:25:08.096848 22887646205760 xla_bridge.py:212] Unable to initialize backend 'tpu': Invalid argument: TpuPlatform is not available.
Info: working on target MYD88_Q99L47_x1
I0309 04:25:10.865155 22887646205760 run_af2c_mod.py:481] Have 1 models: ['model_4_multimer_v2_p1']
I0309 04:25:10.865406 22887646205760 run_af2c_mod.py:512] Using random seed 6780982745890027208 for the data pipeline
Info: MYD88_Q99L47_x1 found monomer MYD88_MOUSE msa_depth = 3425, seq_len = 296, num_templ = 20
Info: MYD88_MOUSE reducing the number of structural templates to 4
Info: MYD88_Q99L47_x1 found monomer Q99L47 msa_depth = 65959, seq_len = 371, num_templ = 20
Info: Q99L47 MSA size is too large, reducing to 10000
Info: Q99L47 reducing the number of structural templates to 4
Info: 2 chain(s) to model {'A': 'MYD88_MOUSE_1', 'B': 'Q99L47_1'}
Info: modeling MYD88_Q99L47_x1 with msa_depth = 7115, seq_len = 667, num_templ = 8
I0309 04:25:12.223281 22887646205760 run_af2c_mod.py:216] Running model model_4_multimer_v2_p1_230309_027208
I0309 04:25:12.223753 22887646205760 model.py:205] Running predict with shape(feat) = {'msa': (7115, 667), 'bert_mask': (7115, 667), 'num_alignments': (), 'aatype': (667,), 'seq_length': (), 'template_aatype': (8, 667), 'template_all_atom_mask': (8, 667, 37), 'template_all_atom_positions': (8, 667, 37, 3), 'all_atom_positions': (667, 37, 3), 'template_domain_names': (8,), 'asym_id': (667,), 'sym_id': (667,), 'entity_id': (667,), 'residue_index': (667,), 'deletion_matrix': (7115, 667), 'seq_mask': (667,), 'msa_mask': (7115, 667), 'cluster_bias_mask': (7115,), 'pdb_residue_index': (667,)}
I0309 04:36:25.049490 22887646205760 run_af2c_mod.py:270] Total JAX model model_4_multimer_v2_p1_230309_027208 predict time (includes compilation time): 672.8 seconds
Info: MYD88_Q99L47_x1 model_4_multimer_v2_p1_230309_027208_recycled_00,  tol =   inf, pLDDT = 68.86, pTM-score = 0.3286, piTM-score = 0.0000, interface-score = 0.0000, iRes = 0    iCnt = 0   
Info: MYD88_Q99L47_x1 model_4_multimer_v2_p1_230309_027208_recycled_01,  tol = 95.09, pLDDT = 73.04, pTM-score = 0.3284, piTM-score = 0.0000, interface-score = 0.0000, iRes = 0    iCnt = 0   
Info: MYD88_Q99L47_x1 model_4_multimer_v2_p1_230309_027208_recycled_02,  tol = 28.80, pLDDT = 73.43, pTM-score = 0.3275, piTM-score = 0.0000, interface-score = 0.0000, iRes = 0    iCnt = 0   
Info: MYD88_Q99L47_x1 model_4_multimer_v2_p1_230309_027208_recycled_03,  tol =  6.67, pLDDT = 73.16, pTM-score = 0.3259, piTM-score = 0.0000, interface-score = 0.0000, iRes = 0    iCnt = 0   
Info: MYD88_Q99L47_x1 model_4_multimer_v2_p1_230309_027208_recycled_04,  tol =  2.86, pLDDT = 73.18, pTM-score = 0.3273, piTM-score = 0.0000, interface-score = 0.0000, iRes = 0    iCnt = 0   
Info: MYD88_Q99L47_x1 model_4_multimer_v2_p1_230309_027208_recycled_05,  tol =  3.04, pLDDT = 72.95, pTM-score = 0.3250, piTM-score = 0.0000, interface-score = 0.0000, iRes = 0    iCnt = 0   
Info: MYD88_Q99L47_x1 model_4_multimer_v2_p1_230309_027208_recycled_06,  tol =  4.74, pLDDT = 73.17, pTM-score = 0.3251, piTM-score = 0.0000, interface-score = 0.0000, iRes = 0    iCnt = 0   
Info: MYD88_Q99L47_x1 model_4_multimer_v2_p1_230309_027208_recycled_07,  tol =  6.84, pLDDT = 72.82, pTM-score = 0.3275, piTM-score = 0.0000, interface-score = 0.0000, iRes = 0    iCnt = 0   
Info: MYD88_Q99L47_x1 model_4_multimer_v2_p1_230309_027208_recycled_08,  tol =  3.81, pLDDT = 72.81, pTM-score = 0.3271, piTM-score = 0.0000, interface-score = 0.0000, iRes = 0    iCnt = 0   
Info: MYD88_Q99L47_x1 model_4_multimer_v2_p1_230309_027208_recycled_09,  tol =  3.75, pLDDT = 73.13, pTM-score = 0.3265, piTM-score = 0.0000, interface-score = 0.0000, iRes = 0    iCnt = 0   
Info: MYD88_Q99L47_x1 model_4_multimer_v2_p1_230309_027208_recycled_10,  tol =  4.55, pLDDT = 73.19, pTM-score = 0.3283, piTM-score = 0.0000, interface-score = 0.0000, iRes = 0    iCnt = 0   
Info: MYD88_Q99L47_x1 model_4_multimer_v2_p1_230309_027208_recycled_11,  tol =  3.91, pLDDT = 72.95, pTM-score = 0.3266, piTM-score = 0.0000, interface-score = 0.0000, iRes = 0    iCnt = 0   
Info: MYD88_Q99L47_x1 model_4_multimer_v2_p1_230309_027208_recycled_12,  tol =  3.35, pLDDT = 72.87, pTM-score = 0.3258, piTM-score = 0.0000, interface-score = 0.0000, iRes = 0    iCnt = 0   
Info: MYD88_Q99L47_x1 model_4_multimer_v2_p1_230309_027208_recycled_13,  tol =  2.40, pLDDT = 72.42, pTM-score = 0.3255, piTM-score = 0.0000, interface-score = 0.0000, iRes = 0    iCnt = 0   
Info: MYD88_Q99L47_x1 model_4_multimer_v2_p1_230309_027208_recycled_14,  tol =  2.82, pLDDT = 72.77, pTM-score = 0.3277, piTM-score = 0.0000, interface-score = 0.0000, iRes = 0    iCnt = 0   
Info: MYD88_Q99L47_x1 model_4_multimer_v2_p1_230309_027208_recycled_15,  tol =  3.80, pLDDT = 72.64, pTM-score = 0.3268, piTM-score = 0.0000, interface-score = 0.0000, iRes = 0    iCnt = 0   
Info: MYD88_Q99L47_x1 model_4_multimer_v2_p1_230309_027208_recycled_16,  tol =  3.55, pLDDT = 72.35, pTM-score = 0.3269, piTM-score = 0.0000, interface-score = 0.0000, iRes = 0    iCnt = 0   
Info: MYD88_Q99L47_x1 model_4_multimer_v2_p1_230309_027208_recycled_17,  tol =  3.53, pLDDT = 72.93, pTM-score = 0.3274, piTM-score = 0.0000, interface-score = 0.0000, iRes = 0    iCnt = 0   
Info: MYD88_Q99L47_x1 model_4_multimer_v2_p1_230309_027208_recycled_18,  tol =  4.08, pLDDT = 73.06, pTM-score = 0.3269, piTM-score = 0.0000, interface-score = 0.0000, iRes = 0    iCnt = 0   
Info: MYD88_Q99L47_x1 model_4_multimer_v2_p1_230309_027208_recycled_19,  tol =  3.84, pLDDT = 73.00, pTM-score = 0.3270, piTM-score = 0.0000, interface-score = 0.0000, iRes = 0    iCnt = 0   
Info: MYD88_Q99L47_x1 model_4_multimer_v2_p1_230309_027208 performed 20 recycles, final tol = 3.10, pLDDT = 73.07, pTM-score = 0.3279, piTM-score = 0.0000, interface-score = 0.0000, iRes = 0    iCnt = 0   
Info: num_clusters = 2, cluster_sizes = [1, 1],  clusters = [['MYD88_MOUSE_0'], ['Q99L47_0']]

I0309 04:36:27.728019 22887646205760 run_af2c_mod.py:404] Final timings for MYD88_Q99L47_x1: {'features': 1.36, 'process_features_model_4_multimer_v2_p1_230309_027208': 0.0, 'predict_and_compile_model_4_multimer_v2_p1_230309_027208': 672.8}
                                  
================================= 
Global information about the job: 
================================= 
  
Job owner: flobnow(42847)
Job name:  4_AF2C
Node list: ravg1103
Job start: Thu Mar  9 04:24:58 CET 2023
Job end:   Thu Mar  9 04:36:29 CET 2023
Work dir:  /raven/u/flobnow/workingLama/scripts/myRuns/Q99L47
Command:   /raven/u/flobnow/workingLama/scripts/myRuns/Q99L47/script2_comp_model_4.sh
  
  
  
==========================================================================================
Information on jobsteps (Note: MaxRSS/AveRSS is the maximum/average over all 
tasks of the per-task memory high-water marks; cf. "man sacct"): 
==========================================================================================
  
JobID            JobName NNodes NTasks  NCPUS        0.00M        0.00M    Elapsed ExitCode
------------- ---------- ------ ------ ------ ------------ ------------ ---------- --------
4385267           4_AF2C      1           108                             00:11:31      0:0
4385267.0        python3      1      1    108    21650.93M    21650.93M   00:11:27      0:0
  
Maximum memory per node: 22.702644 GB (defined as MaxRSS*Ntasks/NNodes)
CPU utilization: 1.9 %
  
Info: input file name is Q99L47
Info: input target list is /u/flobnow/workingLama/scripts/myRuns/Q99L47/target.lst
Info: input feature directory is /u/flobnow/workingLama/feature_files
Info: result output directory is /u/flobnow/workingLama/output_files
Info: model preset is multimer_np
Info: msa pairing is all
Info: recycling setting is 1
Info: using preset super2
Info: set num_ensemble = 2
Info: set max_recyles = 20
Info: set recycle_tol = 0.1
Info: mas_pairing mode is all
I0309 07:38:47.264084 22655122515776 tpu_client.py:54] Starting the local TPU driver.
I0309 07:38:47.264478 22655122515776 xla_bridge.py:212] Unable to initialize backend 'tpu_driver': Not found: Unable to find driver in registry given worker: local://
I0309 07:38:47.639598 22655122515776 xla_bridge.py:212] Unable to initialize backend 'tpu': Invalid argument: TpuPlatform is not available.
I0309 07:38:50.412082 22655122515776 run_af2c_mod.py:481] Have 1 models: ['model_5_multimer_v2_p1']
Info: working on target MYD88_Q99L47_x1
I0309 07:38:54.416736 22655122515776 run_af2c_mod.py:512] Using random seed 6054030287313237733 for the data pipeline
Info: MYD88_Q99L47_x1 found monomer MYD88_MOUSE msa_depth = 3425, seq_len = 296, num_templ = 20
Info: MYD88_MOUSE reducing the number of structural templates to 4
Info: MYD88_Q99L47_x1 found monomer Q99L47 msa_depth = 65959, seq_len = 371, num_templ = 20
Info: Q99L47 MSA size is too large, reducing to 10000
Info: Q99L47 reducing the number of structural templates to 4
Info: 2 chain(s) to model {'A': 'MYD88_MOUSE_1', 'B': 'Q99L47_1'}
Info: modeling MYD88_Q99L47_x1 with msa_depth = 7115, seq_len = 667, num_templ = 8
I0309 07:38:55.613495 22655122515776 run_af2c_mod.py:216] Running model model_5_multimer_v2_p1_230309_237733
I0309 07:38:55.613971 22655122515776 model.py:205] Running predict with shape(feat) = {'msa': (7115, 667), 'bert_mask': (7115, 667), 'num_alignments': (), 'aatype': (667,), 'seq_length': (), 'template_aatype': (8, 667), 'template_all_atom_mask': (8, 667, 37), 'template_all_atom_positions': (8, 667, 37, 3), 'all_atom_positions': (667, 37, 3), 'template_domain_names': (8,), 'asym_id': (667,), 'sym_id': (667,), 'entity_id': (667,), 'residue_index': (667,), 'deletion_matrix': (7115, 667), 'seq_mask': (667,), 'msa_mask': (7115, 667), 'cluster_bias_mask': (7115,), 'pdb_residue_index': (667,)}
I0309 07:50:04.351970 22655122515776 run_af2c_mod.py:270] Total JAX model model_5_multimer_v2_p1_230309_237733 predict time (includes compilation time): 668.7 seconds
Info: MYD88_Q99L47_x1 model_5_multimer_v2_p1_230309_237733_recycled_00,  tol =   inf, pLDDT = 69.64, pTM-score = 0.3582, piTM-score = 0.0649, interface-score = 0.0018, iRes = 17   iCnt = 19  
Info: MYD88_Q99L47_x1 model_5_multimer_v2_p1_230309_237733_recycled_01,  tol = 77.39, pLDDT = 71.21, pTM-score = 0.3251, piTM-score = 0.0000, interface-score = 0.0000, iRes = 0    iCnt = 0   
Info: MYD88_Q99L47_x1 model_5_multimer_v2_p1_230309_237733_recycled_02,  tol = 17.98, pLDDT = 71.82, pTM-score = 0.3277, piTM-score = 0.0000, interface-score = 0.0000, iRes = 0    iCnt = 0   
Info: MYD88_Q99L47_x1 model_5_multimer_v2_p1_230309_237733_recycled_03,  tol =  8.23, pLDDT = 71.17, pTM-score = 0.3266, piTM-score = 0.0000, interface-score = 0.0000, iRes = 0    iCnt = 0   
Info: MYD88_Q99L47_x1 model_5_multimer_v2_p1_230309_237733_recycled_04,  tol =  9.57, pLDDT = 71.11, pTM-score = 0.3275, piTM-score = 0.0000, interface-score = 0.0000, iRes = 0    iCnt = 0   
Info: MYD88_Q99L47_x1 model_5_multimer_v2_p1_230309_237733_recycled_05,  tol =  4.61, pLDDT = 70.66, pTM-score = 0.3243, piTM-score = 0.0000, interface-score = 0.0000, iRes = 0    iCnt = 0   
Info: MYD88_Q99L47_x1 model_5_multimer_v2_p1_230309_237733_recycled_06,  tol =  5.09, pLDDT = 71.17, pTM-score = 0.3253, piTM-score = 0.0000, interface-score = 0.0000, iRes = 0    iCnt = 0   
Info: MYD88_Q99L47_x1 model_5_multimer_v2_p1_230309_237733_recycled_07,  tol =  5.46, pLDDT = 70.89, pTM-score = 0.3272, piTM-score = 0.0000, interface-score = 0.0000, iRes = 0    iCnt = 0   
Info: MYD88_Q99L47_x1 model_5_multimer_v2_p1_230309_237733_recycled_08,  tol =  6.38, pLDDT = 70.62, pTM-score = 0.3271, piTM-score = 0.0000, interface-score = 0.0000, iRes = 0    iCnt = 0   
Info: MYD88_Q99L47_x1 model_5_multimer_v2_p1_230309_237733_recycled_09,  tol =  5.36, pLDDT = 70.65, pTM-score = 0.3246, piTM-score = 0.0000, interface-score = 0.0000, iRes = 0    iCnt = 0   
Info: MYD88_Q99L47_x1 model_5_multimer_v2_p1_230309_237733_recycled_10,  tol =  3.43, pLDDT = 70.50, pTM-score = 0.3280, piTM-score = 0.0000, interface-score = 0.0000, iRes = 0    iCnt = 0   
Info: MYD88_Q99L47_x1 model_5_multimer_v2_p1_230309_237733_recycled_11,  tol =  4.45, pLDDT = 69.73, pTM-score = 0.3346, piTM-score = 0.0000, interface-score = 0.0000, iRes = 0    iCnt = 0   
Info: MYD88_Q99L47_x1 model_5_multimer_v2_p1_230309_237733_recycled_12,  tol = 24.99, pLDDT = 70.20, pTM-score = 0.3302, piTM-score = 0.0049, interface-score = 0.0000, iRes = 4    iCnt = 3   
Info: MYD88_Q99L47_x1 model_5_multimer_v2_p1_230309_237733_recycled_13,  tol =  7.81, pLDDT = 70.15, pTM-score = 0.3361, piTM-score = 0.0049, interface-score = 0.0000, iRes = 4    iCnt = 2   
Info: MYD88_Q99L47_x1 model_5_multimer_v2_p1_230309_237733_recycled_14,  tol =  7.60, pLDDT = 70.50, pTM-score = 0.3344, piTM-score = 0.0084, interface-score = 0.0001, iRes = 5    iCnt = 3   
Info: MYD88_Q99L47_x1 model_5_multimer_v2_p1_230309_237733_recycled_15,  tol =  3.30, pLDDT = 70.12, pTM-score = 0.3304, piTM-score = 0.0000, interface-score = 0.0000, iRes = 0    iCnt = 0   
Info: MYD88_Q99L47_x1 model_5_multimer_v2_p1_230309_237733_recycled_16,  tol =  3.99, pLDDT = 69.55, pTM-score = 0.3466, piTM-score = 0.0279, interface-score = 0.0009, iRes = 10   iCnt = 9   
Info: MYD88_Q99L47_x1 model_5_multimer_v2_p1_230309_237733_recycled_17,  tol =  4.06, pLDDT = 70.26, pTM-score = 0.3278, piTM-score = 0.0000, interface-score = 0.0000, iRes = 0    iCnt = 0   
Info: MYD88_Q99L47_x1 model_5_multimer_v2_p1_230309_237733_recycled_18,  tol =  5.08, pLDDT = 69.89, pTM-score = 0.3299, piTM-score = 0.0000, interface-score = 0.0000, iRes = 0    iCnt = 0   
Info: MYD88_Q99L47_x1 model_5_multimer_v2_p1_230309_237733_recycled_19,  tol =  3.69, pLDDT = 69.48, pTM-score = 0.3433, piTM-score = 0.0280, interface-score = 0.0007, iRes = 10   iCnt = 9   
Info: MYD88_Q99L47_x1 model_5_multimer_v2_p1_230309_237733 performed 20 recycles, final tol = 3.40, pLDDT = 69.70, pTM-score = 0.3261, piTM-score = 0.0000, interface-score = 0.0000, iRes = 0    iCnt = 0   
Info: num_clusters = 2, cluster_sizes = [1, 1],  clusters = [['MYD88_MOUSE_0'], ['Q99L47_0']]

I0309 07:50:07.220465 22655122515776 run_af2c_mod.py:404] Final timings for MYD88_Q99L47_x1: {'features': 1.2, 'process_features_model_5_multimer_v2_p1_230309_237733': 0.0, 'predict_and_compile_model_5_multimer_v2_p1_230309_237733': 668.7}
                                  
================================= 
Global information about the job: 
================================= 
  
Job owner: flobnow(42847)
Job name:  5_AF2C
Node list: ravg1006
Job start: Thu Mar  9 07:38:40 CET 2023
Job end:   Thu Mar  9 07:50:09 CET 2023
Work dir:  /raven/u/flobnow/workingLama/scripts/myRuns/Q99L47
Command:   /raven/u/flobnow/workingLama/scripts/myRuns/Q99L47/script2_comp_model_5.sh
  
  
  
==========================================================================================
Information on jobsteps (Note: MaxRSS/AveRSS is the maximum/average over all 
tasks of the per-task memory high-water marks; cf. "man sacct"): 
==========================================================================================
  
JobID            JobName NNodes NTasks  NCPUS        0.00M        0.00M    Elapsed ExitCode
------------- ---------- ------ ------ ------ ------------ ------------ ---------- --------
4385337           5_AF2C      1           108                             00:11:29      0:0
4385337.0        python3      1      1    108    21702.49M    21702.49M   00:11:27      0:0
  
Maximum memory per node: 22.756711 GB (defined as MaxRSS*Ntasks/NNodes)
CPU utilization: 1.9 %
  
Info: target file is /u/flobnow/workingLama/scripts/myRuns/Q99L47/target.lst
Info: input directory of unrelaxed models is /u/flobnow/workingLama/output_files
Info: output directory of relaxed models is /u/flobnow/workingLama/output_files
/bin/sh: /mpcdf/soft/SLE_15/packages/x86_64/alphafold/2.2.0/lib/libtinfo.so.6: no version information available (required by /lib64/libreadline.so.7)
I0309 12:13:42.631317 22444073109312 run_af2c_min.py:88] MYD88_Q99L47_x1 processing model_3_multimer_v2_p1_230309_866951.pdb
sh: /mpcdf/soft/SLE_15/packages/x86_64/alphafold/2.2.0/lib/libtinfo.so.6: no version information available (required by /lib64/libreadline.so.7)
sh: /mpcdf/soft/SLE_15/packages/x86_64/alphafold/2.2.0/lib/libtinfo.so.6: no version information available (required by /lib64/libreadline.so.7)
I0309 12:13:51.890369 22444073109312 amber_minimize.py:177] alterations info: {'nonstandard_residues': [], 'removed_heterogens': set(), 'missing_residues': {}, 'missing_heavy_atoms': {}, 'missing_terminals': {<Residue 295 (PRO) of chain 0>: ['OXT'], <Residue 666 (SER) of chain 1>: ['OXT']}, 'Se_in_MET': [], 'removed_chains': {0: []}}
I0309 12:13:52.891199 22444073109312 amber_minimize.py:408] Minimizing protein, attempt 1 of 100.
I0309 12:13:53.979074 22444073109312 amber_minimize.py:69] Restraining 5280 / 10535 particles.
sh: /mpcdf/soft/SLE_15/packages/x86_64/alphafold/2.2.0/lib/libtinfo.so.6: no version information available (required by /lib64/libreadline.so.7)
I0309 12:14:50.772830 22444073109312 amber_minimize.py:177] alterations info: {'nonstandard_residues': [], 'removed_heterogens': set(), 'missing_residues': {}, 'missing_heavy_atoms': {}, 'missing_terminals': {}, 'Se_in_MET': [], 'removed_chains': {0: []}}
I0309 12:14:51.912080 22444073109312 tpu_client.py:54] Starting the local TPU driver.
I0309 12:14:52.047291 22444073109312 xla_bridge.py:212] Unable to initialize backend 'tpu_driver': Not found: Unable to find driver in registry given worker: local://
I0309 12:14:52.282340 22444073109312 xla_bridge.py:212] Unable to initialize backend 'tpu': Invalid argument: TpuPlatform is not available.
I0309 12:15:02.083142 22444073109312 amber_minimize.py:500] Iteration completed: Einit 333942.66 Efinal -12016.44 Time 52.86 s num residue violations 0 num residue exclusions 0 
sh: /mpcdf/soft/SLE_15/packages/x86_64/alphafold/2.2.0/lib/libtinfo.so.6: no version information available (required by /lib64/libreadline.so.7)
sh: /mpcdf/soft/SLE_15/packages/x86_64/alphafold/2.2.0/lib/libtinfo.so.6: no version information available (required by /lib64/libreadline.so.7)
I0309 12:15:07.202816 22444073109312 amber_minimize.py:177] alterations info: {'nonstandard_residues': [], 'removed_heterogens': set(), 'missing_residues': {}, 'missing_heavy_atoms': {}, 'missing_terminals': {<Residue 295 (PRO) of chain 0>: ['OXT'], <Residue 666 (SER) of chain 1>: ['OXT']}, 'Se_in_MET': [], 'removed_chains': {0: []}}
I0309 12:15:09.179878 22444073109312 run_af2c_min.py:110] MYD88_Q99L47_x1 relaxation done, time spent 86.3 seconds, Efinal -12016.44, rmsd 0.46
I0309 12:15:09.179996 22444073109312 run_af2c_min.py:88] MYD88_Q99L47_x1 processing model_1_multimer_v2_p1_230309_814140.pdb
sh: /mpcdf/soft/SLE_15/packages/x86_64/alphafold/2.2.0/lib/libtinfo.so.6: no version information available (required by /lib64/libreadline.so.7)
sh: /mpcdf/soft/SLE_15/packages/x86_64/alphafold/2.2.0/lib/libtinfo.so.6: no version information available (required by /lib64/libreadline.so.7)
I0309 12:15:14.259841 22444073109312 amber_minimize.py:177] alterations info: {'nonstandard_residues': [], 'removed_heterogens': set(), 'missing_residues': {}, 'missing_heavy_atoms': {}, 'missing_terminals': {<Residue 295 (PRO) of chain 0>: ['OXT'], <Residue 666 (SER) of chain 1>: ['OXT']}, 'Se_in_MET': [], 'removed_chains': {0: []}}
I0309 12:15:15.215805 22444073109312 amber_minimize.py:408] Minimizing protein, attempt 1 of 100.
I0309 12:15:16.254844 22444073109312 amber_minimize.py:69] Restraining 5280 / 10535 particles.
sh: /mpcdf/soft/SLE_15/packages/x86_64/alphafold/2.2.0/lib/libtinfo.so.6: no version information available (required by /lib64/libreadline.so.7)
I0309 12:16:11.893702 22444073109312 amber_minimize.py:177] alterations info: {'nonstandard_residues': [], 'removed_heterogens': set(), 'missing_residues': {}, 'missing_heavy_atoms': {}, 'missing_terminals': {}, 'Se_in_MET': [], 'removed_chains': {0: []}}
I0309 12:16:14.391013 22444073109312 amber_minimize.py:500] Iteration completed: Einit 23475561.10 Efinal -12443.52 Time 51.93 s num residue violations 0 num residue exclusions 0 
sh: /mpcdf/soft/SLE_15/packages/x86_64/alphafold/2.2.0/lib/libtinfo.so.6: no version information available (required by /lib64/libreadline.so.7)
sh: /mpcdf/soft/SLE_15/packages/x86_64/alphafold/2.2.0/lib/libtinfo.so.6: no version information available (required by /lib64/libreadline.so.7)
I0309 12:16:19.322971 22444073109312 amber_minimize.py:177] alterations info: {'nonstandard_residues': [], 'removed_heterogens': set(), 'missing_residues': {}, 'missing_heavy_atoms': {}, 'missing_terminals': {<Residue 295 (PRO) of chain 0>: ['OXT'], <Residue 666 (SER) of chain 1>: ['OXT']}, 'Se_in_MET': [], 'removed_chains': {0: []}}
I0309 12:16:21.280371 22444073109312 run_af2c_min.py:110] MYD88_Q99L47_x1 relaxation done, time spent 71.8 seconds, Efinal -12443.52, rmsd 0.45
I0309 12:16:21.280483 22444073109312 run_af2c_min.py:88] MYD88_Q99L47_x1 processing model_5_multimer_v2_p1_230309_237733.pdb
sh: /mpcdf/soft/SLE_15/packages/x86_64/alphafold/2.2.0/lib/libtinfo.so.6: no version information available (required by /lib64/libreadline.so.7)
sh: /mpcdf/soft/SLE_15/packages/x86_64/alphafold/2.2.0/lib/libtinfo.so.6: no version information available (required by /lib64/libreadline.so.7)
I0309 12:16:26.468431 22444073109312 amber_minimize.py:177] alterations info: {'nonstandard_residues': [], 'removed_heterogens': set(), 'missing_residues': {}, 'missing_heavy_atoms': {}, 'missing_terminals': {<Residue 295 (PRO) of chain 0>: ['OXT'], <Residue 666 (SER) of chain 1>: ['OXT']}, 'Se_in_MET': [], 'removed_chains': {0: []}}
I0309 12:16:27.450415 22444073109312 amber_minimize.py:408] Minimizing protein, attempt 1 of 100.
I0309 12:16:28.499280 22444073109312 amber_minimize.py:69] Restraining 5280 / 10535 particles.
sh: /mpcdf/soft/SLE_15/packages/x86_64/alphafold/2.2.0/lib/libtinfo.so.6: no version information available (required by /lib64/libreadline.so.7)
I0309 12:17:33.380642 22444073109312 amber_minimize.py:177] alterations info: {'nonstandard_residues': [], 'removed_heterogens': set(), 'missing_residues': {}, 'missing_heavy_atoms': {}, 'missing_terminals': {}, 'Se_in_MET': [], 'removed_chains': {0: []}}
I0309 12:17:35.866039 22444073109312 amber_minimize.py:500] Iteration completed: Einit 142453606312105.06 Efinal -11476.11 Time 61.36 s num residue violations 2 num residue exclusions 0 
I0309 12:17:35.866647 22444073109312 amber_minimize.py:408] Minimizing protein, attempt 1 of 100.
I0309 12:17:36.946266 22444073109312 amber_minimize.py:69] Restraining 5263 / 10535 particles.
sh: /mpcdf/soft/SLE_15/packages/x86_64/alphafold/2.2.0/lib/libtinfo.so.6: no version information available (required by /lib64/libreadline.so.7)
I0309 12:18:29.577304 22444073109312 amber_minimize.py:177] alterations info: {'nonstandard_residues': [], 'removed_heterogens': set(), 'missing_residues': {}, 'missing_heavy_atoms': {}, 'missing_terminals': {}, 'Se_in_MET': [], 'removed_chains': {0: []}}
I0309 12:18:32.053992 22444073109312 amber_minimize.py:500] Iteration completed: Einit 325532.49 Efinal -14336.68 Time 49.16 s num residue violations 0 num residue exclusions 2 
sh: /mpcdf/soft/SLE_15/packages/x86_64/alphafold/2.2.0/lib/libtinfo.so.6: no version information available (required by /lib64/libreadline.so.7)
sh: /mpcdf/soft/SLE_15/packages/x86_64/alphafold/2.2.0/lib/libtinfo.so.6: no version information available (required by /lib64/libreadline.so.7)
I0309 12:18:36.990649 22444073109312 amber_minimize.py:177] alterations info: {'nonstandard_residues': [], 'removed_heterogens': set(), 'missing_residues': {}, 'missing_heavy_atoms': {}, 'missing_terminals': {<Residue 295 (PRO) of chain 0>: ['OXT'], <Residue 666 (SER) of chain 1>: ['OXT']}, 'Se_in_MET': [], 'removed_chains': {0: []}}
I0309 12:18:39.035938 22444073109312 run_af2c_min.py:110] MYD88_Q99L47_x1 relaxation done, time spent 137.4 seconds, Efinal -14336.68, rmsd 0.65
I0309 12:18:39.036067 22444073109312 run_af2c_min.py:88] MYD88_Q99L47_x1 processing model_4_multimer_v2_p1_230309_027208.pdb
sh: /mpcdf/soft/SLE_15/packages/x86_64/alphafold/2.2.0/lib/libtinfo.so.6: no version information available (required by /lib64/libreadline.so.7)
sh: /mpcdf/soft/SLE_15/packages/x86_64/alphafold/2.2.0/lib/libtinfo.so.6: no version information available (required by /lib64/libreadline.so.7)
I0309 12:18:44.331747 22444073109312 amber_minimize.py:177] alterations info: {'nonstandard_residues': [], 'removed_heterogens': set(), 'missing_residues': {}, 'missing_heavy_atoms': {}, 'missing_terminals': {<Residue 295 (PRO) of chain 0>: ['OXT'], <Residue 666 (SER) of chain 1>: ['OXT']}, 'Se_in_MET': [], 'removed_chains': {0: []}}
I0309 12:18:45.284313 22444073109312 amber_minimize.py:408] Minimizing protein, attempt 1 of 100.
I0309 12:18:46.361097 22444073109312 amber_minimize.py:69] Restraining 5280 / 10535 particles.
sh: /mpcdf/soft/SLE_15/packages/x86_64/alphafold/2.2.0/lib/libtinfo.so.6: no version information available (required by /lib64/libreadline.so.7)
I0309 12:19:41.388411 22444073109312 amber_minimize.py:177] alterations info: {'nonstandard_residues': [], 'removed_heterogens': set(), 'missing_residues': {}, 'missing_heavy_atoms': {}, 'missing_terminals': {}, 'Se_in_MET': [], 'removed_chains': {0: []}}
I0309 12:19:43.867582 22444073109312 amber_minimize.py:500] Iteration completed: Einit 42965923.79 Efinal -11424.11 Time 51.29 s num residue violations 2 num residue exclusions 0 
I0309 12:19:43.868224 22444073109312 amber_minimize.py:408] Minimizing protein, attempt 1 of 100.
I0309 12:19:44.908548 22444073109312 amber_minimize.py:69] Restraining 5269 / 10535 particles.
sh: /mpcdf/soft/SLE_15/packages/x86_64/alphafold/2.2.0/lib/libtinfo.so.6: no version information available (required by /lib64/libreadline.so.7)
I0309 12:20:34.209952 22444073109312 amber_minimize.py:177] alterations info: {'nonstandard_residues': [], 'removed_heterogens': set(), 'missing_residues': {}, 'missing_heavy_atoms': {}, 'missing_terminals': {}, 'Se_in_MET': [], 'removed_chains': {0: []}}
I0309 12:20:36.751130 22444073109312 amber_minimize.py:500] Iteration completed: Einit 10941.37 Efinal -13977.46 Time 45.52 s num residue violations 2 num residue exclusions 2 
I0309 12:20:36.751823 22444073109312 amber_minimize.py:408] Minimizing protein, attempt 1 of 100.
I0309 12:20:37.798503 22444073109312 amber_minimize.py:69] Restraining 5269 / 10535 particles.
sh: /mpcdf/soft/SLE_15/packages/x86_64/alphafold/2.2.0/lib/libtinfo.so.6: no version information available (required by /lib64/libreadline.so.7)
I0309 12:21:29.235731 22444073109312 amber_minimize.py:177] alterations info: {'nonstandard_residues': [], 'removed_heterogens': set(), 'missing_residues': {}, 'missing_heavy_atoms': {}, 'missing_terminals': {}, 'Se_in_MET': [], 'removed_chains': {0: []}}
I0309 12:21:31.796721 22444073109312 amber_minimize.py:500] Iteration completed: Einit 10597.24 Efinal -14827.51 Time 47.77 s num residue violations 0 num residue exclusions 2 
sh: /mpcdf/soft/SLE_15/packages/x86_64/alphafold/2.2.0/lib/libtinfo.so.6: no version information available (required by /lib64/libreadline.so.7)
sh: /mpcdf/soft/SLE_15/packages/x86_64/alphafold/2.2.0/lib/libtinfo.so.6: no version information available (required by /lib64/libreadline.so.7)
I0309 12:21:37.065668 22444073109312 amber_minimize.py:177] alterations info: {'nonstandard_residues': [], 'removed_heterogens': set(), 'missing_residues': {}, 'missing_heavy_atoms': {}, 'missing_terminals': {<Residue 295 (PRO) of chain 0>: ['OXT'], <Residue 666 (SER) of chain 1>: ['OXT']}, 'Se_in_MET': [], 'removed_chains': {0: []}}
I0309 12:21:39.118469 22444073109312 run_af2c_min.py:110] MYD88_Q99L47_x1 relaxation done, time spent 179.8 seconds, Efinal -14827.51, rmsd 0.38
I0309 12:21:39.118592 22444073109312 run_af2c_min.py:88] MYD88_Q99L47_x1 processing model_2_multimer_v2_p1_230309_965284.pdb
sh: /mpcdf/soft/SLE_15/packages/x86_64/alphafold/2.2.0/lib/libtinfo.so.6: no version information available (required by /lib64/libreadline.so.7)
sh: /mpcdf/soft/SLE_15/packages/x86_64/alphafold/2.2.0/lib/libtinfo.so.6: no version information available (required by /lib64/libreadline.so.7)
I0309 12:21:44.314801 22444073109312 amber_minimize.py:177] alterations info: {'nonstandard_residues': [], 'removed_heterogens': set(), 'missing_residues': {}, 'missing_heavy_atoms': {}, 'missing_terminals': {<Residue 295 (PRO) of chain 0>: ['OXT'], <Residue 666 (SER) of chain 1>: ['OXT']}, 'Se_in_MET': [], 'removed_chains': {0: []}}
I0309 12:21:45.278295 22444073109312 amber_minimize.py:408] Minimizing protein, attempt 1 of 100.
I0309 12:21:46.350815 22444073109312 amber_minimize.py:69] Restraining 5280 / 10535 particles.
sh: /mpcdf/soft/SLE_15/packages/x86_64/alphafold/2.2.0/lib/libtinfo.so.6: no version information available (required by /lib64/libreadline.so.7)
I0309 12:22:43.799215 22444073109312 amber_minimize.py:177] alterations info: {'nonstandard_residues': [], 'removed_heterogens': set(), 'missing_residues': {}, 'missing_heavy_atoms': {}, 'missing_terminals': {}, 'Se_in_MET': [], 'removed_chains': {0: []}}
I0309 12:22:46.321909 22444073109312 amber_minimize.py:500] Iteration completed: Einit 23768539781399.91 Efinal -12325.96 Time 53.77 s num residue violations 0 num residue exclusions 0 
sh: /mpcdf/soft/SLE_15/packages/x86_64/alphafold/2.2.0/lib/libtinfo.so.6: no version information available (required by /lib64/libreadline.so.7)
sh: /mpcdf/soft/SLE_15/packages/x86_64/alphafold/2.2.0/lib/libtinfo.so.6: no version information available (required by /lib64/libreadline.so.7)
I0309 12:22:51.182375 22444073109312 amber_minimize.py:177] alterations info: {'nonstandard_residues': [], 'removed_heterogens': set(), 'missing_residues': {}, 'missing_heavy_atoms': {}, 'missing_terminals': {<Residue 295 (PRO) of chain 0>: ['OXT'], <Residue 666 (SER) of chain 1>: ['OXT']}, 'Se_in_MET': [], 'removed_chains': {0: []}}
I0309 12:22:53.283588 22444073109312 run_af2c_min.py:110] MYD88_Q99L47_x1 relaxation done, time spent 73.8 seconds, Efinal -12325.96, rmsd 0.47
                                  
================================= 
Global information about the job: 
================================= 
  
Job owner: flobnow(42847)
Job name:  6_RLX
Node list: ravg1010
Job start: Thu Mar  9 12:13:18 CET 2023
Job end:   Thu Mar  9 12:22:54 CET 2023
Work dir:  /raven/u/flobnow/workingLama/scripts/myRuns/Q99L47
Command:   /raven/u/flobnow/workingLama/scripts/myRuns/Q99L47/script3_relaxation.sh
  
  
  
==========================================================================================
Information on jobsteps (Note: MaxRSS/AveRSS is the maximum/average over all 
tasks of the per-task memory high-water marks; cf. "man sacct"): 
==========================================================================================
  
JobID            JobName NNodes NTasks  NCPUS        0.00M        0.00M    Elapsed ExitCode
------------- ---------- ------ ------ ------ ------------ ------------ ---------- --------
4385385            6_RLX      1           108                             00:09:36      0:0
4385385.0        python3      1      1    108    13172.49M    13172.49M   00:09:34      0:0
  
Maximum memory per node: 13.812356 GB (defined as MaxRSS*Ntasks/NNodes)
CPU utilization: 68.6 %
  
