Info: input file name is P05977
Info: input target list is /u/flobnow/workingLama/scripts/myRuns/P05977/target.lst
Info: input feature directory is /u/flobnow/workingLama/feature_files
Info: result output directory is /u/flobnow/workingLama/output_files
Info: model preset is multimer_np
Info: msa pairing is all
Info: recycling setting is 1
Info: using preset super2
Info: set num_ensemble = 2
Info: set max_recyles = 20
Info: set recycle_tol = 0.1
Info: mas_pairing mode is all
I0306 14:35:37.577402 23127784560448 tpu_client.py:54] Starting the local TPU driver.
I0306 14:35:37.577768 23127784560448 xla_bridge.py:212] Unable to initialize backend 'tpu_driver': Not found: Unable to find driver in registry given worker: local://
I0306 14:35:37.941715 23127784560448 xla_bridge.py:212] Unable to initialize backend 'tpu': Invalid argument: TpuPlatform is not available.
I0306 14:35:40.715054 23127784560448 run_af2c_mod.py:481] Have 1 models: ['model_1_multimer_v2_p1']
Info: working on target MYD88_P05977_x1
I0306 14:35:48.723283 23127784560448 run_af2c_mod.py:512] Using random seed 6096991665320567935 for the data pipeline
Info: MYD88_P05977_x1 found monomer MYD88_MOUSE msa_depth = 3425, seq_len = 296, num_templ = 20
Info: MYD88_MOUSE reducing the number of structural templates to 4
Info: MYD88_P05977_x1 found monomer P05977 msa_depth = 35935, seq_len = 188, num_templ = 20
Info: P05977 MSA size is too large, reducing to 10000
Info: P05977 reducing the number of structural templates to 4
Info: 2 chain(s) to model {'A': 'MYD88_MOUSE_1', 'B': 'P05977_1'}
Info: modeling MYD88_P05977_x1 with msa_depth = 6514, seq_len = 484, num_templ = 8
I0306 14:35:49.782136 23127784560448 run_af2c_mod.py:216] Running model model_1_multimer_v2_p1_230306_567935
I0306 14:35:49.782603 23127784560448 model.py:205] Running predict with shape(feat) = {'msa': (6514, 484), 'bert_mask': (6514, 484), 'num_alignments': (), 'aatype': (484,), 'seq_length': (), 'template_aatype': (8, 484), 'template_all_atom_mask': (8, 484, 37), 'template_all_atom_positions': (8, 484, 37, 3), 'all_atom_positions': (484, 37, 3), 'template_domain_names': (8,), 'asym_id': (484,), 'sym_id': (484,), 'entity_id': (484,), 'residue_index': (484,), 'deletion_matrix': (6514, 484), 'seq_mask': (484,), 'msa_mask': (6514, 484), 'cluster_bias_mask': (6514,), 'pdb_residue_index': (484,)}
I0306 14:41:52.390125 23127784560448 run_af2c_mod.py:270] Total JAX model model_1_multimer_v2_p1_230306_567935 predict time (includes compilation time): 362.6 seconds
Info: MYD88_P05977_x1 model_1_multimer_v2_p1_230306_567935_recycled_00,  tol =   inf, pLDDT = 64.19, pTM-score = 0.3284, piTM-score = 0.3124, interface-score = 0.0159, iRes = 66   iCnt = 141 
Info: MYD88_P05977_x1 model_1_multimer_v2_p1_230306_567935_recycled_01,  tol = 56.14, pLDDT = 71.20, pTM-score = 0.3409, piTM-score = 0.0000, interface-score = 0.0000, iRes = 0    iCnt = 0   
Info: MYD88_P05977_x1 model_1_multimer_v2_p1_230306_567935_recycled_02,  tol = 13.46, pLDDT = 71.32, pTM-score = 0.3425, piTM-score = 0.5037, interface-score = 0.0053, iRes = 49   iCnt = 84  
Info: MYD88_P05977_x1 model_1_multimer_v2_p1_230306_567935_recycled_03,  tol = 17.16, pLDDT = 70.56, pTM-score = 0.3404, piTM-score = 0.0014, interface-score = 0.0000, iRes = 2    iCnt = 1   
Info: MYD88_P05977_x1 model_1_multimer_v2_p1_230306_567935_recycled_04,  tol =  4.20, pLDDT = 70.66, pTM-score = 0.3392, piTM-score = 0.0000, interface-score = 0.0000, iRes = 0    iCnt = 0   
Info: MYD88_P05977_x1 model_1_multimer_v2_p1_230306_567935_recycled_05,  tol =  2.08, pLDDT = 70.36, pTM-score = 0.3440, piTM-score = 0.0000, interface-score = 0.0000, iRes = 0    iCnt = 0   
Info: MYD88_P05977_x1 model_1_multimer_v2_p1_230306_567935_recycled_06,  tol =  4.66, pLDDT = 69.94, pTM-score = 0.3430, piTM-score = 0.0036, interface-score = 0.0000, iRes = 4    iCnt = 2   
Info: MYD88_P05977_x1 model_1_multimer_v2_p1_230306_567935_recycled_07,  tol =  2.79, pLDDT = 70.81, pTM-score = 0.3437, piTM-score = 0.0037, interface-score = 0.0000, iRes = 4    iCnt = 2   
Info: MYD88_P05977_x1 model_1_multimer_v2_p1_230306_567935_recycled_08,  tol =  3.07, pLDDT = 70.07, pTM-score = 0.3449, piTM-score = 0.0063, interface-score = 0.0001, iRes = 6    iCnt = 3   
Info: MYD88_P05977_x1 model_1_multimer_v2_p1_230306_567935_recycled_09,  tol =  3.03, pLDDT = 70.14, pTM-score = 0.3454, piTM-score = 0.0052, interface-score = 0.0000, iRes = 5    iCnt = 3   
Info: MYD88_P05977_x1 model_1_multimer_v2_p1_230306_567935_recycled_10,  tol =  1.92, pLDDT = 69.73, pTM-score = 0.3519, piTM-score = 0.0118, interface-score = 0.0001, iRes = 8    iCnt = 5   
Info: MYD88_P05977_x1 model_1_multimer_v2_p1_230306_567935_recycled_11,  tol =  3.41, pLDDT = 69.88, pTM-score = 0.3482, piTM-score = 0.0074, interface-score = 0.0001, iRes = 6    iCnt = 4   
Info: MYD88_P05977_x1 model_1_multimer_v2_p1_230306_567935_recycled_12,  tol =  2.27, pLDDT = 68.92, pTM-score = 0.3461, piTM-score = 0.0024, interface-score = 0.0000, iRes = 3    iCnt = 2   
Info: MYD88_P05977_x1 model_1_multimer_v2_p1_230306_567935_recycled_13,  tol =  1.88, pLDDT = 70.73, pTM-score = 0.3502, piTM-score = 0.0076, interface-score = 0.0001, iRes = 7    iCnt = 5   
Info: MYD88_P05977_x1 model_1_multimer_v2_p1_230306_567935_recycled_14,  tol = 11.49, pLDDT = 70.83, pTM-score = 0.3466, piTM-score = 0.0249, interface-score = 0.0003, iRes = 11   iCnt = 10  
Info: MYD88_P05977_x1 model_1_multimer_v2_p1_230306_567935_recycled_15,  tol =  4.57, pLDDT = 69.86, pTM-score = 0.3512, piTM-score = 0.0034, interface-score = 0.0000, iRes = 3    iCnt = 2   
Info: MYD88_P05977_x1 model_1_multimer_v2_p1_230306_567935_recycled_16,  tol =  8.80, pLDDT = 69.72, pTM-score = 0.3628, piTM-score = 0.0493, interface-score = 0.0025, iRes = 20   iCnt = 13  
Info: MYD88_P05977_x1 model_1_multimer_v2_p1_230306_567935_recycled_17,  tol =  4.04, pLDDT = 69.61, pTM-score = 0.3522, piTM-score = 0.0045, interface-score = 0.0000, iRes = 4    iCnt = 2   
Info: MYD88_P05977_x1 model_1_multimer_v2_p1_230306_567935_recycled_18,  tol =  3.30, pLDDT = 69.05, pTM-score = 0.3424, piTM-score = 0.0028, interface-score = 0.0000, iRes = 4    iCnt = 2   
Info: MYD88_P05977_x1 model_1_multimer_v2_p1_230306_567935_recycled_19,  tol =  3.19, pLDDT = 70.21, pTM-score = 0.3407, piTM-score = 0.0066, interface-score = 0.0000, iRes = 5    iCnt = 4   
Info: MYD88_P05977_x1 model_1_multimer_v2_p1_230306_567935 performed 20 recycles, final tol = 2.52, pLDDT = 70.05, pTM-score = 0.3458, piTM-score = 0.0014, interface-score = 0.0000, iRes = 2    iCnt = 1   
Info: num_clusters = 2, cluster_sizes = [1, 1],  clusters = [['MYD88_MOUSE_0'], ['P05977_0']]

I0306 14:41:54.401168 23127784560448 run_af2c_mod.py:404] Final timings for MYD88_P05977_x1: {'features': 1.06, 'process_features_model_1_multimer_v2_p1_230306_567935': 0.0, 'predict_and_compile_model_1_multimer_v2_p1_230306_567935': 362.6}
                                  
================================= 
Global information about the job: 
================================= 
  
Job owner: flobnow(42847)
Job name:  1_AF2C
Node list: ravg1106
Job start: Mon Mar  6 14:35:15 CET 2023
Job end:   Mon Mar  6 14:41:57 CET 2023
Work dir:  /raven/u/flobnow/workingLama/scripts/myRuns/P05977
Command:   /raven/u/flobnow/workingLama/scripts/myRuns/P05977/script2_comp_model_1.sh
  
  
  
==========================================================================================
Information on jobsteps (Note: MaxRSS/AveRSS is the maximum/average over all 
tasks of the per-task memory high-water marks; cf. "man sacct"): 
==========================================================================================
  
JobID            JobName NNodes NTasks  NCPUS        0.00M        0.00M    Elapsed ExitCode
------------- ---------- ------ ------ ------ ------------ ------------ ---------- --------
4365516           1_AF2C      1           108                             00:06:42      0:0
4365516.0        python3      1      1    108    18353.62M    18353.62M   00:06:37      0:0
  
Maximum memory per node: 19.245171 GB (defined as MaxRSS*Ntasks/NNodes)
CPU utilization: 1.9 %
  
Info: input file name is P05977
Info: input target list is /u/flobnow/workingLama/scripts/myRuns/P05977/target.lst
Info: input feature directory is /u/flobnow/workingLama/feature_files
Info: result output directory is /u/flobnow/workingLama/output_files
Info: model preset is multimer_np
Info: msa pairing is all
Info: recycling setting is 1
Info: using preset super2
Info: set num_ensemble = 2
Info: set max_recyles = 20
Info: set recycle_tol = 0.1
Info: mas_pairing mode is all
I0306 22:29:18.709310 22772375029568 tpu_client.py:54] Starting the local TPU driver.
I0306 22:29:18.796359 22772375029568 xla_bridge.py:212] Unable to initialize backend 'tpu_driver': Not found: Unable to find driver in registry given worker: local://
I0306 22:29:19.180941 22772375029568 xla_bridge.py:212] Unable to initialize backend 'tpu': Invalid argument: TpuPlatform is not available.
I0306 22:29:21.984977 22772375029568 run_af2c_mod.py:481] Have 1 models: ['model_2_multimer_v2_p1']
Info: working on target MYD88_P05977_x1
I0306 22:29:22.986189 22772375029568 run_af2c_mod.py:512] Using random seed 1874586636280827393 for the data pipeline
Info: MYD88_P05977_x1 found monomer MYD88_MOUSE msa_depth = 3425, seq_len = 296, num_templ = 20
Info: MYD88_MOUSE reducing the number of structural templates to 4
Info: MYD88_P05977_x1 found monomer P05977 msa_depth = 35935, seq_len = 188, num_templ = 20
Info: P05977 MSA size is too large, reducing to 10000
Info: P05977 reducing the number of structural templates to 4
Info: 2 chain(s) to model {'A': 'MYD88_MOUSE_1', 'B': 'P05977_1'}
Info: modeling MYD88_P05977_x1 with msa_depth = 6514, seq_len = 484, num_templ = 8
I0306 22:29:23.988063 22772375029568 run_af2c_mod.py:216] Running model model_2_multimer_v2_p1_230306_827393
I0306 22:29:23.988533 22772375029568 model.py:205] Running predict with shape(feat) = {'msa': (6514, 484), 'bert_mask': (6514, 484), 'num_alignments': (), 'aatype': (484,), 'seq_length': (), 'template_aatype': (8, 484), 'template_all_atom_mask': (8, 484, 37), 'template_all_atom_positions': (8, 484, 37, 3), 'all_atom_positions': (484, 37, 3), 'template_domain_names': (8,), 'asym_id': (484,), 'sym_id': (484,), 'entity_id': (484,), 'residue_index': (484,), 'deletion_matrix': (6514, 484), 'seq_mask': (484,), 'msa_mask': (6514, 484), 'cluster_bias_mask': (6514,), 'pdb_residue_index': (484,)}
I0306 22:35:33.626671 22772375029568 run_af2c_mod.py:270] Total JAX model model_2_multimer_v2_p1_230306_827393 predict time (includes compilation time): 369.6 seconds
Info: MYD88_P05977_x1 model_2_multimer_v2_p1_230306_827393_recycled_00,  tol =   inf, pLDDT = 69.33, pTM-score = 0.3262, piTM-score = 0.0000, interface-score = 0.0000, iRes = 0    iCnt = 0   
Info: MYD88_P05977_x1 model_2_multimer_v2_p1_230306_827393_recycled_01,  tol = 79.51, pLDDT = 71.30, pTM-score = 0.3304, piTM-score = 0.0000, interface-score = 0.0000, iRes = 0    iCnt = 0   
Info: MYD88_P05977_x1 model_2_multimer_v2_p1_230306_827393_recycled_02,  tol =  8.64, pLDDT = 72.36, pTM-score = 0.3378, piTM-score = 0.0000, interface-score = 0.0000, iRes = 0    iCnt = 0   
Info: MYD88_P05977_x1 model_2_multimer_v2_p1_230306_827393_recycled_03,  tol = 12.07, pLDDT = 71.85, pTM-score = 0.3489, piTM-score = 0.0000, interface-score = 0.0000, iRes = 0    iCnt = 0   
Info: MYD88_P05977_x1 model_2_multimer_v2_p1_230306_827393_recycled_04,  tol =  9.33, pLDDT = 71.02, pTM-score = 0.3447, piTM-score = 0.0000, interface-score = 0.0000, iRes = 0    iCnt = 0   
Info: MYD88_P05977_x1 model_2_multimer_v2_p1_230306_827393_recycled_05,  tol =  1.93, pLDDT = 71.09, pTM-score = 0.3475, piTM-score = 0.0000, interface-score = 0.0000, iRes = 0    iCnt = 0   
Info: MYD88_P05977_x1 model_2_multimer_v2_p1_230306_827393_recycled_06,  tol =  3.82, pLDDT = 71.93, pTM-score = 0.3474, piTM-score = 0.0000, interface-score = 0.0000, iRes = 0    iCnt = 0   
Info: MYD88_P05977_x1 model_2_multimer_v2_p1_230306_827393_recycled_07,  tol =  1.42, pLDDT = 73.11, pTM-score = 0.3562, piTM-score = 0.0000, interface-score = 0.0000, iRes = 0    iCnt = 0   
Info: MYD88_P05977_x1 model_2_multimer_v2_p1_230306_827393_recycled_08,  tol =  2.32, pLDDT = 72.17, pTM-score = 0.3502, piTM-score = 0.0000, interface-score = 0.0000, iRes = 0    iCnt = 0   
Info: MYD88_P05977_x1 model_2_multimer_v2_p1_230306_827393_recycled_09,  tol =  2.60, pLDDT = 73.01, pTM-score = 0.3474, piTM-score = 0.0052, interface-score = 0.0000, iRes = 4    iCnt = 2   
Info: MYD88_P05977_x1 model_2_multimer_v2_p1_230306_827393_recycled_10,  tol =  4.40, pLDDT = 74.29, pTM-score = 0.3567, piTM-score = 0.0041, interface-score = 0.0000, iRes = 3    iCnt = 2   
Info: MYD88_P05977_x1 model_2_multimer_v2_p1_230306_827393_recycled_11,  tol =  4.75, pLDDT = 73.10, pTM-score = 0.3495, piTM-score = 0.0053, interface-score = 0.0000, iRes = 4    iCnt = 3   
Info: MYD88_P05977_x1 model_2_multimer_v2_p1_230306_827393_recycled_12,  tol =  2.83, pLDDT = 73.09, pTM-score = 0.3521, piTM-score = 0.0094, interface-score = 0.0000, iRes = 5    iCnt = 4   
Info: MYD88_P05977_x1 model_2_multimer_v2_p1_230306_827393_recycled_13,  tol =  2.02, pLDDT = 72.80, pTM-score = 0.3499, piTM-score = 0.0123, interface-score = 0.0002, iRes = 6    iCnt = 5   
Info: MYD88_P05977_x1 model_2_multimer_v2_p1_230306_827393_recycled_14,  tol =  3.08, pLDDT = 73.84, pTM-score = 0.3555, piTM-score = 0.0094, interface-score = 0.0001, iRes = 5    iCnt = 4   
Info: MYD88_P05977_x1 model_2_multimer_v2_p1_230306_827393_recycled_15,  tol =  2.68, pLDDT = 72.80, pTM-score = 0.3517, piTM-score = 0.0111, interface-score = 0.0001, iRes = 6    iCnt = 5   
Info: MYD88_P05977_x1 model_2_multimer_v2_p1_230306_827393_recycled_16,  tol =  1.44, pLDDT = 71.85, pTM-score = 0.3474, piTM-score = 0.0092, interface-score = 0.0001, iRes = 5    iCnt = 4   
Info: MYD88_P05977_x1 model_2_multimer_v2_p1_230306_827393_recycled_17,  tol =  2.49, pLDDT = 71.89, pTM-score = 0.3518, piTM-score = 0.0092, interface-score = 0.0000, iRes = 5    iCnt = 4   
Info: MYD88_P05977_x1 model_2_multimer_v2_p1_230306_827393_recycled_18,  tol =  1.94, pLDDT = 72.48, pTM-score = 0.3507, piTM-score = 0.0039, interface-score = 0.0000, iRes = 3    iCnt = 2   
Info: MYD88_P05977_x1 model_2_multimer_v2_p1_230306_827393_recycled_19,  tol =  1.25, pLDDT = 73.78, pTM-score = 0.3543, piTM-score = 0.0094, interface-score = 0.0000, iRes = 5    iCnt = 4   
Info: MYD88_P05977_x1 model_2_multimer_v2_p1_230306_827393 performed 20 recycles, final tol = 1.99, pLDDT = 73.89, pTM-score = 0.3545, piTM-score = 0.0094, interface-score = 0.0001, iRes = 5    iCnt = 4   
Info: num_clusters = 2, cluster_sizes = [1, 1],  clusters = [['MYD88_MOUSE_0'], ['P05977_0']]

I0306 22:35:35.657668 22772375029568 run_af2c_mod.py:404] Final timings for MYD88_P05977_x1: {'features': 1.0, 'process_features_model_2_multimer_v2_p1_230306_827393': 0.0, 'predict_and_compile_model_2_multimer_v2_p1_230306_827393': 369.6}
                                  
================================= 
Global information about the job: 
================================= 
  
Job owner: flobnow(42847)
Job name:  2_AF2C
Node list: ravg1017
Job start: Mon Mar  6 22:28:34 CET 2023
Job end:   Mon Mar  6 22:35:37 CET 2023
Work dir:  /raven/u/flobnow/workingLama/scripts/myRuns/P05977
Command:   /raven/u/flobnow/workingLama/scripts/myRuns/P05977/script2_comp_model_2.sh
  
  
  
==========================================================================================
Information on jobsteps (Note: MaxRSS/AveRSS is the maximum/average over all 
tasks of the per-task memory high-water marks; cf. "man sacct"): 
==========================================================================================
  
JobID            JobName NNodes NTasks  NCPUS        0.00M        0.00M    Elapsed ExitCode
------------- ---------- ------ ------ ------ ------------ ------------ ---------- --------
4365675           2_AF2C      1           108                             00:07:03      0:0
4365675.0        python3      1      1    108    17670.79M    17670.79M   00:06:59      0:0
  
Maximum memory per node: 18.529164 GB (defined as MaxRSS*Ntasks/NNodes)
CPU utilization: 1.7 %
  
Info: input file name is P05977
Info: input target list is /u/flobnow/workingLama/scripts/myRuns/P05977/target.lst
Info: input feature directory is /u/flobnow/workingLama/feature_files
Info: result output directory is /u/flobnow/workingLama/output_files
Info: model preset is multimer_np
Info: msa pairing is all
Info: recycling setting is 1
Info: using preset super2
Info: set num_ensemble = 2
Info: set max_recyles = 20
Info: set recycle_tol = 0.1
Info: mas_pairing mode is all
I0306 23:57:47.660358 22386270353216 tpu_client.py:54] Starting the local TPU driver.
I0306 23:57:47.660779 22386270353216 xla_bridge.py:212] Unable to initialize backend 'tpu_driver': Not found: Unable to find driver in registry given worker: local://
I0306 23:57:47.992512 22386270353216 xla_bridge.py:212] Unable to initialize backend 'tpu': Invalid argument: TpuPlatform is not available.
I0306 23:57:50.789317 22386270353216 run_af2c_mod.py:481] Have 1 models: ['model_3_multimer_v2_p1']
Info: working on target MYD88_P05977_x1
I0306 23:57:58.797999 22386270353216 run_af2c_mod.py:512] Using random seed 5731000027045261515 for the data pipeline
Info: MYD88_P05977_x1 found monomer MYD88_MOUSE msa_depth = 3425, seq_len = 296, num_templ = 20
Info: MYD88_MOUSE reducing the number of structural templates to 4
Info: MYD88_P05977_x1 found monomer P05977 msa_depth = 35935, seq_len = 188, num_templ = 20
Info: P05977 MSA size is too large, reducing to 10000
Info: P05977 reducing the number of structural templates to 4
Info: 2 chain(s) to model {'A': 'MYD88_MOUSE_1', 'B': 'P05977_1'}
Info: modeling MYD88_P05977_x1 with msa_depth = 6514, seq_len = 484, num_templ = 8
I0306 23:57:59.793944 22386270353216 run_af2c_mod.py:216] Running model model_3_multimer_v2_p1_230306_261515
I0306 23:57:59.794426 22386270353216 model.py:205] Running predict with shape(feat) = {'msa': (6514, 484), 'bert_mask': (6514, 484), 'num_alignments': (), 'aatype': (484,), 'seq_length': (), 'template_aatype': (8, 484), 'template_all_atom_mask': (8, 484, 37), 'template_all_atom_positions': (8, 484, 37, 3), 'all_atom_positions': (484, 37, 3), 'template_domain_names': (8,), 'asym_id': (484,), 'sym_id': (484,), 'entity_id': (484,), 'residue_index': (484,), 'deletion_matrix': (6514, 484), 'seq_mask': (484,), 'msa_mask': (6514, 484), 'cluster_bias_mask': (6514,), 'pdb_residue_index': (484,)}
I0307 00:03:58.873684 22386270353216 run_af2c_mod.py:270] Total JAX model model_3_multimer_v2_p1_230306_261515 predict time (includes compilation time): 359.1 seconds
Info: MYD88_P05977_x1 model_3_multimer_v2_p1_230306_261515_recycled_00,  tol =   inf, pLDDT = 65.54, pTM-score = 0.3751, piTM-score = 0.2525, interface-score = 0.0312, iRes = 33   iCnt = 41  
Info: MYD88_P05977_x1 model_3_multimer_v2_p1_230306_261515_recycled_01,  tol = 47.31, pLDDT = 70.49, pTM-score = 0.3461, piTM-score = 0.0000, interface-score = 0.0000, iRes = 0    iCnt = 0   
Info: MYD88_P05977_x1 model_3_multimer_v2_p1_230306_261515_recycled_02,  tol = 10.22, pLDDT = 69.43, pTM-score = 0.3425, piTM-score = 0.0014, interface-score = 0.0000, iRes = 2    iCnt = 1   
Info: MYD88_P05977_x1 model_3_multimer_v2_p1_230306_261515_recycled_03,  tol =  5.59, pLDDT = 68.55, pTM-score = 0.3469, piTM-score = 0.0000, interface-score = 0.0000, iRes = 0    iCnt = 0   
Info: MYD88_P05977_x1 model_3_multimer_v2_p1_230306_261515_recycled_04,  tol =  7.68, pLDDT = 69.45, pTM-score = 0.3458, piTM-score = 0.0000, interface-score = 0.0000, iRes = 0    iCnt = 0   
Info: MYD88_P05977_x1 model_3_multimer_v2_p1_230306_261515_recycled_05,  tol =  3.31, pLDDT = 68.35, pTM-score = 0.3440, piTM-score = 0.0000, interface-score = 0.0000, iRes = 0    iCnt = 0   
Info: MYD88_P05977_x1 model_3_multimer_v2_p1_230306_261515_recycled_06,  tol =  4.97, pLDDT = 68.42, pTM-score = 0.3453, piTM-score = 0.0000, interface-score = 0.0000, iRes = 0    iCnt = 0   
Info: MYD88_P05977_x1 model_3_multimer_v2_p1_230306_261515_recycled_07,  tol =  3.37, pLDDT = 69.57, pTM-score = 0.3440, piTM-score = 0.0000, interface-score = 0.0000, iRes = 0    iCnt = 0   
Info: MYD88_P05977_x1 model_3_multimer_v2_p1_230306_261515_recycled_08,  tol =  2.67, pLDDT = 68.26, pTM-score = 0.3373, piTM-score = 0.0000, interface-score = 0.0000, iRes = 0    iCnt = 0   
Info: MYD88_P05977_x1 model_3_multimer_v2_p1_230306_261515_recycled_09,  tol =  2.91, pLDDT = 67.94, pTM-score = 0.3377, piTM-score = 0.0014, interface-score = 0.0000, iRes = 2    iCnt = 1   
Info: MYD88_P05977_x1 model_3_multimer_v2_p1_230306_261515_recycled_10,  tol =  2.03, pLDDT = 67.43, pTM-score = 0.3449, piTM-score = 0.0014, interface-score = 0.0000, iRes = 2    iCnt = 1   
Info: MYD88_P05977_x1 model_3_multimer_v2_p1_230306_261515_recycled_11,  tol =  5.01, pLDDT = 70.36, pTM-score = 0.3560, piTM-score = 0.0280, interface-score = 0.0005, iRes = 18   iCnt = 14  
Info: MYD88_P05977_x1 model_3_multimer_v2_p1_230306_261515_recycled_12,  tol =  9.00, pLDDT = 70.62, pTM-score = 0.3486, piTM-score = 0.0044, interface-score = 0.0000, iRes = 5    iCnt = 3   
Info: MYD88_P05977_x1 model_3_multimer_v2_p1_230306_261515_recycled_13,  tol =  3.21, pLDDT = 68.70, pTM-score = 0.3474, piTM-score = 0.1101, interface-score = 0.0009, iRes = 22   iCnt = 20  
Info: MYD88_P05977_x1 model_3_multimer_v2_p1_230306_261515_recycled_14,  tol =  6.28, pLDDT = 70.73, pTM-score = 0.3702, piTM-score = 0.2076, interface-score = 0.0085, iRes = 32   iCnt = 45  
Info: MYD88_P05977_x1 model_3_multimer_v2_p1_230306_261515_recycled_15,  tol =  7.74, pLDDT = 70.27, pTM-score = 0.3533, piTM-score = 0.0370, interface-score = 0.0004, iRes = 20   iCnt = 21  
Info: MYD88_P05977_x1 model_3_multimer_v2_p1_230306_261515_recycled_16,  tol =  3.12, pLDDT = 68.14, pTM-score = 0.3461, piTM-score = 0.0040, interface-score = 0.0000, iRes = 5    iCnt = 3   
Info: MYD88_P05977_x1 model_3_multimer_v2_p1_230306_261515_recycled_17,  tol =  5.92, pLDDT = 69.10, pTM-score = 0.3532, piTM-score = 0.0133, interface-score = 0.0001, iRes = 10   iCnt = 7   
Info: MYD88_P05977_x1 model_3_multimer_v2_p1_230306_261515_recycled_18,  tol =  3.69, pLDDT = 70.72, pTM-score = 0.3681, piTM-score = 0.0254, interface-score = 0.0007, iRes = 14   iCnt = 11  
Info: MYD88_P05977_x1 model_3_multimer_v2_p1_230306_261515_recycled_19,  tol =  3.66, pLDDT = 70.86, pTM-score = 0.3506, piTM-score = 0.0055, interface-score = 0.0000, iRes = 4    iCnt = 3   
Info: MYD88_P05977_x1 model_3_multimer_v2_p1_230306_261515 performed 20 recycles, final tol = 4.02, pLDDT = 69.71, pTM-score = 0.3474, piTM-score = 0.0081, interface-score = 0.0001, iRes = 6    iCnt = 4   
Info: num_clusters = 2, cluster_sizes = [1, 1],  clusters = [['MYD88_MOUSE_0'], ['P05977_0']]

I0307 00:04:00.962373 22386270353216 run_af2c_mod.py:404] Final timings for MYD88_P05977_x1: {'features': 0.99, 'process_features_model_3_multimer_v2_p1_230306_261515': 0.0, 'predict_and_compile_model_3_multimer_v2_p1_230306_261515': 359.1}
                                  
================================= 
Global information about the job: 
================================= 
  
Job owner: flobnow(42847)
Job name:  3_AF2C
Node list: ravg1051
Job start: Mon Mar  6 23:57:40 CET 2023
Job end:   Tue Mar  7 00:04:02 CET 2023
Work dir:  /raven/u/flobnow/workingLama/scripts/myRuns/P05977
Command:   /raven/u/flobnow/workingLama/scripts/myRuns/P05977/script2_comp_model_3.sh
  
  
  
==========================================================================================
Information on jobsteps (Note: MaxRSS/AveRSS is the maximum/average over all 
tasks of the per-task memory high-water marks; cf. "man sacct"): 
==========================================================================================
  
JobID            JobName NNodes NTasks  NCPUS        0.00M        0.00M    Elapsed ExitCode
------------- ---------- ------ ------ ------ ------------ ------------ ---------- --------
4365762           3_AF2C      1           108                             00:06:22      0:0
4365762.0        python3      1      1    108    17951.00M    17951.00M   00:06:20      0:0
  
Maximum memory per node: 18.822988 GB (defined as MaxRSS*Ntasks/NNodes)
CPU utilization: 1.9 %
  
Info: input file name is P05977
Info: input target list is /u/flobnow/workingLama/scripts/myRuns/P05977/target.lst
Info: input feature directory is /u/flobnow/workingLama/feature_files
Info: result output directory is /u/flobnow/workingLama/output_files
Info: model preset is multimer_np
Info: msa pairing is all
Info: recycling setting is 1
Info: using preset super2
Info: set num_ensemble = 2
Info: set max_recyles = 20
Info: set recycle_tol = 0.1
Info: mas_pairing mode is all
I0307 00:49:11.895991 22438053504832 tpu_client.py:54] Starting the local TPU driver.
I0307 00:49:11.896394 22438053504832 xla_bridge.py:212] Unable to initialize backend 'tpu_driver': Not found: Unable to find driver in registry given worker: local://
I0307 00:49:12.269859 22438053504832 xla_bridge.py:212] Unable to initialize backend 'tpu': Invalid argument: TpuPlatform is not available.
I0307 00:49:15.062711 22438053504832 run_af2c_mod.py:481] Have 1 models: ['model_4_multimer_v2_p1']
Info: working on target MYD88_P05977_x1
I0307 00:49:18.066066 22438053504832 run_af2c_mod.py:512] Using random seed 7000665979433197612 for the data pipeline
Info: MYD88_P05977_x1 found monomer MYD88_MOUSE msa_depth = 3425, seq_len = 296, num_templ = 20
Info: MYD88_MOUSE reducing the number of structural templates to 4
Info: MYD88_P05977_x1 found monomer P05977 msa_depth = 35935, seq_len = 188, num_templ = 20
Info: P05977 MSA size is too large, reducing to 10000
Info: P05977 reducing the number of structural templates to 4
Info: 2 chain(s) to model {'A': 'MYD88_MOUSE_1', 'B': 'P05977_1'}
Info: modeling MYD88_P05977_x1 with msa_depth = 6514, seq_len = 484, num_templ = 8
I0307 00:49:19.053010 22438053504832 run_af2c_mod.py:216] Running model model_4_multimer_v2_p1_230307_197612
I0307 00:49:19.053483 22438053504832 model.py:205] Running predict with shape(feat) = {'msa': (6514, 484), 'bert_mask': (6514, 484), 'num_alignments': (), 'aatype': (484,), 'seq_length': (), 'template_aatype': (8, 484), 'template_all_atom_mask': (8, 484, 37), 'template_all_atom_positions': (8, 484, 37, 3), 'all_atom_positions': (484, 37, 3), 'template_domain_names': (8,), 'asym_id': (484,), 'sym_id': (484,), 'entity_id': (484,), 'residue_index': (484,), 'deletion_matrix': (6514, 484), 'seq_mask': (484,), 'msa_mask': (6514, 484), 'cluster_bias_mask': (6514,), 'pdb_residue_index': (484,)}
I0307 00:55:11.057099 22438053504832 run_af2c_mod.py:270] Total JAX model model_4_multimer_v2_p1_230307_197612 predict time (includes compilation time): 352.0 seconds
Info: MYD88_P05977_x1 model_4_multimer_v2_p1_230307_197612_recycled_00,  tol =   inf, pLDDT = 66.21, pTM-score = 0.3237, piTM-score = 0.0014, interface-score = 0.0000, iRes = 2    iCnt = 1   
Info: MYD88_P05977_x1 model_4_multimer_v2_p1_230307_197612_recycled_01,  tol = 69.18, pLDDT = 68.63, pTM-score = 0.3294, piTM-score = 0.0000, interface-score = 0.0000, iRes = 0    iCnt = 0   
Info: MYD88_P05977_x1 model_4_multimer_v2_p1_230307_197612_recycled_02,  tol =  5.17, pLDDT = 70.10, pTM-score = 0.3315, piTM-score = 0.0000, interface-score = 0.0000, iRes = 0    iCnt = 0   
Info: MYD88_P05977_x1 model_4_multimer_v2_p1_230307_197612_recycled_03,  tol =  9.92, pLDDT = 69.99, pTM-score = 0.3326, piTM-score = 0.0000, interface-score = 0.0000, iRes = 0    iCnt = 0   
Info: MYD88_P05977_x1 model_4_multimer_v2_p1_230307_197612_recycled_04,  tol =  7.65, pLDDT = 69.90, pTM-score = 0.3355, piTM-score = 0.0000, interface-score = 0.0000, iRes = 0    iCnt = 0   
Info: MYD88_P05977_x1 model_4_multimer_v2_p1_230307_197612_recycled_05,  tol =  4.53, pLDDT = 70.27, pTM-score = 0.3347, piTM-score = 0.0000, interface-score = 0.0000, iRes = 0    iCnt = 0   
Info: MYD88_P05977_x1 model_4_multimer_v2_p1_230307_197612_recycled_06,  tol =  2.77, pLDDT = 70.15, pTM-score = 0.3342, piTM-score = 0.0000, interface-score = 0.0000, iRes = 0    iCnt = 0   
Info: MYD88_P05977_x1 model_4_multimer_v2_p1_230307_197612_recycled_07,  tol =  2.43, pLDDT = 70.48, pTM-score = 0.3350, piTM-score = 0.0000, interface-score = 0.0000, iRes = 0    iCnt = 0   
Info: MYD88_P05977_x1 model_4_multimer_v2_p1_230307_197612_recycled_08,  tol =  0.69, pLDDT = 70.90, pTM-score = 0.3380, piTM-score = 0.0000, interface-score = 0.0000, iRes = 0    iCnt = 0   
Info: MYD88_P05977_x1 model_4_multimer_v2_p1_230307_197612_recycled_09,  tol =  2.85, pLDDT = 69.96, pTM-score = 0.3354, piTM-score = 0.0000, interface-score = 0.0000, iRes = 0    iCnt = 0   
Info: MYD88_P05977_x1 model_4_multimer_v2_p1_230307_197612_recycled_10,  tol =  1.53, pLDDT = 71.43, pTM-score = 0.3381, piTM-score = 0.0000, interface-score = 0.0000, iRes = 0    iCnt = 0   
Info: MYD88_P05977_x1 model_4_multimer_v2_p1_230307_197612_recycled_11,  tol =  2.18, pLDDT = 70.36, pTM-score = 0.3339, piTM-score = 0.0000, interface-score = 0.0000, iRes = 0    iCnt = 0   
Info: MYD88_P05977_x1 model_4_multimer_v2_p1_230307_197612_recycled_12,  tol =  2.14, pLDDT = 71.17, pTM-score = 0.3389, piTM-score = 0.0000, interface-score = 0.0000, iRes = 0    iCnt = 0   
Info: MYD88_P05977_x1 model_4_multimer_v2_p1_230307_197612_recycled_13,  tol =  1.89, pLDDT = 71.43, pTM-score = 0.3393, piTM-score = 0.0000, interface-score = 0.0000, iRes = 0    iCnt = 0   
Info: MYD88_P05977_x1 model_4_multimer_v2_p1_230307_197612_recycled_14,  tol =  1.07, pLDDT = 70.37, pTM-score = 0.3332, piTM-score = 0.0000, interface-score = 0.0000, iRes = 0    iCnt = 0   
Info: MYD88_P05977_x1 model_4_multimer_v2_p1_230307_197612_recycled_15,  tol =  2.47, pLDDT = 70.92, pTM-score = 0.3353, piTM-score = 0.0000, interface-score = 0.0000, iRes = 0    iCnt = 0   
Info: MYD88_P05977_x1 model_4_multimer_v2_p1_230307_197612_recycled_16,  tol =  1.20, pLDDT = 70.80, pTM-score = 0.3371, piTM-score = 0.0000, interface-score = 0.0000, iRes = 0    iCnt = 0   
Info: MYD88_P05977_x1 model_4_multimer_v2_p1_230307_197612_recycled_17,  tol =  1.70, pLDDT = 70.13, pTM-score = 0.3353, piTM-score = 0.0000, interface-score = 0.0000, iRes = 0    iCnt = 0   
Info: MYD88_P05977_x1 model_4_multimer_v2_p1_230307_197612_recycled_18,  tol =  1.82, pLDDT = 70.24, pTM-score = 0.3336, piTM-score = 0.0000, interface-score = 0.0000, iRes = 0    iCnt = 0   
Info: MYD88_P05977_x1 model_4_multimer_v2_p1_230307_197612_recycled_19,  tol =  4.20, pLDDT = 71.02, pTM-score = 0.3375, piTM-score = 0.0000, interface-score = 0.0000, iRes = 0    iCnt = 0   
Info: MYD88_P05977_x1 model_4_multimer_v2_p1_230307_197612 performed 20 recycles, final tol = 3.94, pLDDT = 71.59, pTM-score = 0.3378, piTM-score = 0.0000, interface-score = 0.0000, iRes = 0    iCnt = 0   
Info: num_clusters = 2, cluster_sizes = [1, 1],  clusters = [['MYD88_MOUSE_0'], ['P05977_0']]

I0307 00:55:13.184171 22438053504832 run_af2c_mod.py:404] Final timings for MYD88_P05977_x1: {'features': 0.99, 'process_features_model_4_multimer_v2_p1_230307_197612': 0.0, 'predict_and_compile_model_4_multimer_v2_p1_230307_197612': 352.0}
                                  
================================= 
Global information about the job: 
================================= 
  
Job owner: flobnow(42847)
Job name:  4_AF2C
Node list: ravg1038
Job start: Tue Mar  7 00:49:04 CET 2023
Job end:   Tue Mar  7 00:55:14 CET 2023
Work dir:  /raven/u/flobnow/workingLama/scripts/myRuns/P05977
Command:   /raven/u/flobnow/workingLama/scripts/myRuns/P05977/script2_comp_model_4.sh
  
  
  
==========================================================================================
Information on jobsteps (Note: MaxRSS/AveRSS is the maximum/average over all 
tasks of the per-task memory high-water marks; cf. "man sacct"): 
==========================================================================================
  
JobID            JobName NNodes NTasks  NCPUS        0.00M        0.00M    Elapsed ExitCode
------------- ---------- ------ ------ ------ ------------ ------------ ---------- --------
4365805           4_AF2C      1           108                             00:06:10      0:0
4365805.0        python3      1      1    108    18260.74M    18260.74M   00:06:08      0:0
  
Maximum memory per node: 19.147773 GB (defined as MaxRSS*Ntasks/NNodes)
CPU utilization: 2.0 %
  
Info: target file is /u/flobnow/workingLama/scripts/myRuns/P05977/target.lst
Info: input directory of unrelaxed models is /u/flobnow/workingLama/output_files
Info: output directory of relaxed models is /u/flobnow/workingLama/output_files
/bin/sh: /mpcdf/soft/SLE_15/packages/x86_64/alphafold/2.2.0/lib/libtinfo.so.6: no version information available (required by /lib64/libreadline.so.7)
I0307 23:10:31.869163 22406081759040 run_af2c_min.py:88] MYD88_P05977_x1 processing model_3_multimer_v2_p1_230306_261515.pdb
sh: /mpcdf/soft/SLE_15/packages/x86_64/alphafold/2.2.0/lib/libtinfo.so.6: no version information available (required by /lib64/libreadline.so.7)
sh: /mpcdf/soft/SLE_15/packages/x86_64/alphafold/2.2.0/lib/libtinfo.so.6: no version information available (required by /lib64/libreadline.so.7)
I0307 23:10:38.084307 22406081759040 amber_minimize.py:177] alterations info: {'nonstandard_residues': [], 'removed_heterogens': set(), 'missing_residues': {}, 'missing_heavy_atoms': {}, 'missing_terminals': {<Residue 295 (PRO) of chain 0>: ['OXT'], <Residue 483 (VAL) of chain 1>: ['OXT']}, 'Se_in_MET': [], 'removed_chains': {0: []}}
I0307 23:10:38.823012 22406081759040 amber_minimize.py:408] Minimizing protein, attempt 1 of 100.
I0307 23:10:39.626506 22406081759040 amber_minimize.py:69] Restraining 3811 / 7659 particles.
sh: /mpcdf/soft/SLE_15/packages/x86_64/alphafold/2.2.0/lib/libtinfo.so.6: no version information available (required by /lib64/libreadline.so.7)
I0307 23:11:10.536374 22406081759040 amber_minimize.py:177] alterations info: {'nonstandard_residues': [], 'removed_heterogens': set(), 'missing_residues': {}, 'missing_heavy_atoms': {}, 'missing_terminals': {}, 'Se_in_MET': [], 'removed_chains': {0: []}}
I0307 23:11:11.224568 22406081759040 tpu_client.py:54] Starting the local TPU driver.
I0307 23:11:11.224874 22406081759040 xla_bridge.py:212] Unable to initialize backend 'tpu_driver': Not found: Unable to find driver in registry given worker: local://
I0307 23:11:11.471230 22406081759040 xla_bridge.py:212] Unable to initialize backend 'tpu': Invalid argument: TpuPlatform is not available.
I0307 23:11:20.610207 22406081759040 amber_minimize.py:500] Iteration completed: Einit 198207221565.00 Efinal -8141.65 Time 28.91 s num residue violations 0 num residue exclusions 0 
sh: /mpcdf/soft/SLE_15/packages/x86_64/alphafold/2.2.0/lib/libtinfo.so.6: no version information available (required by /lib64/libreadline.so.7)
sh: /mpcdf/soft/SLE_15/packages/x86_64/alphafold/2.2.0/lib/libtinfo.so.6: no version information available (required by /lib64/libreadline.so.7)
I0307 23:11:23.512874 22406081759040 amber_minimize.py:177] alterations info: {'nonstandard_residues': [], 'removed_heterogens': set(), 'missing_residues': {}, 'missing_heavy_atoms': {}, 'missing_terminals': {<Residue 295 (PRO) of chain 0>: ['OXT'], <Residue 483 (VAL) of chain 1>: ['OXT']}, 'Se_in_MET': [], 'removed_chains': {0: []}}
I0307 23:11:25.052603 22406081759040 run_af2c_min.py:110] MYD88_P05977_x1 relaxation done, time spent 52.9 seconds, Efinal -8141.65, rmsd 0.44
I0307 23:11:25.052722 22406081759040 run_af2c_min.py:88] MYD88_P05977_x1 processing model_1_multimer_v2_p1_230306_567935.pdb
sh: /mpcdf/soft/SLE_15/packages/x86_64/alphafold/2.2.0/lib/libtinfo.so.6: no version information available (required by /lib64/libreadline.so.7)
sh: /mpcdf/soft/SLE_15/packages/x86_64/alphafold/2.2.0/lib/libtinfo.so.6: no version information available (required by /lib64/libreadline.so.7)
I0307 23:11:27.940462 22406081759040 amber_minimize.py:177] alterations info: {'nonstandard_residues': [], 'removed_heterogens': set(), 'missing_residues': {}, 'missing_heavy_atoms': {}, 'missing_terminals': {<Residue 295 (PRO) of chain 0>: ['OXT'], <Residue 483 (VAL) of chain 1>: ['OXT']}, 'Se_in_MET': [], 'removed_chains': {0: []}}
I0307 23:11:28.658844 22406081759040 amber_minimize.py:408] Minimizing protein, attempt 1 of 100.
I0307 23:11:29.453610 22406081759040 amber_minimize.py:69] Restraining 3811 / 7659 particles.
sh: /mpcdf/soft/SLE_15/packages/x86_64/alphafold/2.2.0/lib/libtinfo.so.6: no version information available (required by /lib64/libreadline.so.7)
I0307 23:11:58.580624 22406081759040 amber_minimize.py:177] alterations info: {'nonstandard_residues': [], 'removed_heterogens': set(), 'missing_residues': {}, 'missing_heavy_atoms': {}, 'missing_terminals': {}, 'Se_in_MET': [], 'removed_chains': {0: []}}
I0307 23:12:00.120817 22406081759040 amber_minimize.py:500] Iteration completed: Einit 282357.22 Efinal -7877.27 Time 27.28 s num residue violations 0 num residue exclusions 0 
sh: /mpcdf/soft/SLE_15/packages/x86_64/alphafold/2.2.0/lib/libtinfo.so.6: no version information available (required by /lib64/libreadline.so.7)
sh: /mpcdf/soft/SLE_15/packages/x86_64/alphafold/2.2.0/lib/libtinfo.so.6: no version information available (required by /lib64/libreadline.so.7)
I0307 23:12:02.943500 22406081759040 amber_minimize.py:177] alterations info: {'nonstandard_residues': [], 'removed_heterogens': set(), 'missing_residues': {}, 'missing_heavy_atoms': {}, 'missing_terminals': {<Residue 295 (PRO) of chain 0>: ['OXT'], <Residue 483 (VAL) of chain 1>: ['OXT']}, 'Se_in_MET': [], 'removed_chains': {0: []}}
I0307 23:12:04.444342 22406081759040 run_af2c_min.py:110] MYD88_P05977_x1 relaxation done, time spent 39.1 seconds, Efinal -7877.27, rmsd 0.44
I0307 23:12:04.444464 22406081759040 run_af2c_min.py:88] MYD88_P05977_x1 processing model_4_multimer_v2_p1_230307_197612.pdb
sh: /mpcdf/soft/SLE_15/packages/x86_64/alphafold/2.2.0/lib/libtinfo.so.6: no version information available (required by /lib64/libreadline.so.7)
sh: /mpcdf/soft/SLE_15/packages/x86_64/alphafold/2.2.0/lib/libtinfo.so.6: no version information available (required by /lib64/libreadline.so.7)
I0307 23:12:07.335659 22406081759040 amber_minimize.py:177] alterations info: {'nonstandard_residues': [], 'removed_heterogens': set(), 'missing_residues': {}, 'missing_heavy_atoms': {}, 'missing_terminals': {<Residue 295 (PRO) of chain 0>: ['OXT'], <Residue 483 (VAL) of chain 1>: ['OXT']}, 'Se_in_MET': [], 'removed_chains': {0: []}}
I0307 23:12:08.075098 22406081759040 amber_minimize.py:408] Minimizing protein, attempt 1 of 100.
I0307 23:12:08.868799 22406081759040 amber_minimize.py:69] Restraining 3811 / 7659 particles.
sh: /mpcdf/soft/SLE_15/packages/x86_64/alphafold/2.2.0/lib/libtinfo.so.6: no version information available (required by /lib64/libreadline.so.7)
I0307 23:12:39.899993 22406081759040 amber_minimize.py:177] alterations info: {'nonstandard_residues': [], 'removed_heterogens': set(), 'missing_residues': {}, 'missing_heavy_atoms': {}, 'missing_terminals': {}, 'Se_in_MET': [], 'removed_chains': {0: []}}
I0307 23:12:41.380098 22406081759040 amber_minimize.py:500] Iteration completed: Einit 1304733308.71 Efinal -7896.39 Time 29.27 s num residue violations 0 num residue exclusions 0 
sh: /mpcdf/soft/SLE_15/packages/x86_64/alphafold/2.2.0/lib/libtinfo.so.6: no version information available (required by /lib64/libreadline.so.7)
sh: /mpcdf/soft/SLE_15/packages/x86_64/alphafold/2.2.0/lib/libtinfo.so.6: no version information available (required by /lib64/libreadline.so.7)
I0307 23:12:44.255490 22406081759040 amber_minimize.py:177] alterations info: {'nonstandard_residues': [], 'removed_heterogens': set(), 'missing_residues': {}, 'missing_heavy_atoms': {}, 'missing_terminals': {<Residue 295 (PRO) of chain 0>: ['OXT'], <Residue 483 (VAL) of chain 1>: ['OXT']}, 'Se_in_MET': [], 'removed_chains': {0: []}}
I0307 23:12:45.734916 22406081759040 run_af2c_min.py:110] MYD88_P05977_x1 relaxation done, time spent 41.1 seconds, Efinal -7896.39, rmsd 0.46
I0307 23:12:45.735170 22406081759040 run_af2c_min.py:88] MYD88_P05977_x1 processing model_2_multimer_v2_p1_230306_827393.pdb
sh: /mpcdf/soft/SLE_15/packages/x86_64/alphafold/2.2.0/lib/libtinfo.so.6: no version information available (required by /lib64/libreadline.so.7)
sh: /mpcdf/soft/SLE_15/packages/x86_64/alphafold/2.2.0/lib/libtinfo.so.6: no version information available (required by /lib64/libreadline.so.7)
I0307 23:12:48.683008 22406081759040 amber_minimize.py:177] alterations info: {'nonstandard_residues': [], 'removed_heterogens': set(), 'missing_residues': {}, 'missing_heavy_atoms': {}, 'missing_terminals': {<Residue 295 (PRO) of chain 0>: ['OXT'], <Residue 483 (VAL) of chain 1>: ['OXT']}, 'Se_in_MET': [], 'removed_chains': {0: []}}
I0307 23:12:49.419827 22406081759040 amber_minimize.py:408] Minimizing protein, attempt 1 of 100.
I0307 23:12:50.195059 22406081759040 amber_minimize.py:69] Restraining 3811 / 7659 particles.
sh: /mpcdf/soft/SLE_15/packages/x86_64/alphafold/2.2.0/lib/libtinfo.so.6: no version information available (required by /lib64/libreadline.so.7)
I0307 23:13:16.862334 22406081759040 amber_minimize.py:177] alterations info: {'nonstandard_residues': [], 'removed_heterogens': set(), 'missing_residues': {}, 'missing_heavy_atoms': {}, 'missing_terminals': {}, 'Se_in_MET': [], 'removed_chains': {0: []}}
I0307 23:13:18.363965 22406081759040 amber_minimize.py:500] Iteration completed: Einit 1869067.86 Efinal -8002.71 Time 24.90 s num residue violations 0 num residue exclusions 0 
sh: /mpcdf/soft/SLE_15/packages/x86_64/alphafold/2.2.0/lib/libtinfo.so.6: no version information available (required by /lib64/libreadline.so.7)
sh: /mpcdf/soft/SLE_15/packages/x86_64/alphafold/2.2.0/lib/libtinfo.so.6: no version information available (required by /lib64/libreadline.so.7)
I0307 23:13:21.153347 22406081759040 amber_minimize.py:177] alterations info: {'nonstandard_residues': [], 'removed_heterogens': set(), 'missing_residues': {}, 'missing_heavy_atoms': {}, 'missing_terminals': {<Residue 295 (PRO) of chain 0>: ['OXT'], <Residue 483 (VAL) of chain 1>: ['OXT']}, 'Se_in_MET': [], 'removed_chains': {0: []}}
I0307 23:13:22.664699 22406081759040 run_af2c_min.py:110] MYD88_P05977_x1 relaxation done, time spent 36.7 seconds, Efinal -8002.71, rmsd 0.45
                                  
================================= 
Global information about the job: 
================================= 
  
Job owner: flobnow(42847)
Job name:  6_RLX
Node list: ravg1097
Job start: Tue Mar  7 23:10:26 CET 2023
Job end:   Tue Mar  7 23:13:23 CET 2023
Work dir:  /raven/u/flobnow/workingLama/scripts/myRuns/P05977
Command:   /raven/u/flobnow/workingLama/scripts/myRuns/P05977/script3_relaxation.sh
  
  
  
==========================================================================================
Information on jobsteps (Note: MaxRSS/AveRSS is the maximum/average over all 
tasks of the per-task memory high-water marks; cf. "man sacct"): 
==========================================================================================
  
JobID            JobName NNodes NTasks  NCPUS        0.00M        0.00M    Elapsed ExitCode
------------- ---------- ------ ------ ------ ------------ ------------ ---------- --------
4375179            6_RLX      1           108                             00:02:57      0:0
4375179.0        python3      1      1    108    13250.58M    13250.58M   00:02:55      0:0
  
Maximum memory per node: 13.894240 GB (defined as MaxRSS*Ntasks/NNodes)
CPU utilization: 49.8 %
  
