Info: input file name is Q8R550
Info: input target list is /u/flobnow/workingLama/scripts/myRuns/Q8R550/target.lst
Info: input feature directory is /u/flobnow/workingLama/feature_files
Info: result output directory is /u/flobnow/workingLama/output_files
Info: model preset is multimer_np
Info: msa pairing is all
Info: recycling setting is 1
Info: using preset super2
Info: set num_ensemble = 2
Info: set max_recyles = 20
Info: set recycle_tol = 0.1
Info: mas_pairing mode is all
I0306 23:03:35.229841 22819081541440 tpu_client.py:54] Starting the local TPU driver.
I0306 23:03:35.230237 22819081541440 xla_bridge.py:212] Unable to initialize backend 'tpu_driver': Not found: Unable to find driver in registry given worker: local://
I0306 23:03:35.592586 22819081541440 xla_bridge.py:212] Unable to initialize backend 'tpu': Invalid argument: TpuPlatform is not available.
I0306 23:03:38.397800 22819081541440 run_af2c_mod.py:481] Have 1 models: ['model_1_multimer_v2_p1']
Info: working on target MYD88_Q8R550_x1
I0306 23:03:47.407423 22819081541440 run_af2c_mod.py:512] Using random seed 6196512118712378991 for the data pipeline
Info: MYD88_Q8R550_x1 found monomer MYD88_MOUSE msa_depth = 3425, seq_len = 296, num_templ = 20
Info: MYD88_MOUSE reducing the number of structural templates to 4
Info: MYD88_Q8R550_x1 found monomer Q8R550 msa_depth = 23394, seq_len = 709, num_templ = 17
Info: Q8R550 MSA size is too large, reducing to 10000
Info: Q8R550 reducing the number of structural templates to 4
Info: 2 chain(s) to model {'A': 'MYD88_MOUSE_1', 'B': 'Q8R550_1'}
Info: modeling MYD88_Q8R550_x1 with msa_depth = 6529, seq_len = 1005, num_templ = 8
I0306 23:03:48.961973 22819081541440 run_af2c_mod.py:216] Running model model_1_multimer_v2_p1_230306_378991
I0306 23:03:48.962471 22819081541440 model.py:205] Running predict with shape(feat) = {'msa': (6529, 1005), 'bert_mask': (6529, 1005), 'num_alignments': (), 'aatype': (1005,), 'seq_length': (), 'template_aatype': (8, 1005), 'template_all_atom_mask': (8, 1005, 37), 'template_all_atom_positions': (8, 1005, 37, 3), 'all_atom_positions': (1005, 37, 3), 'template_domain_names': (8,), 'asym_id': (1005,), 'sym_id': (1005,), 'entity_id': (1005,), 'residue_index': (1005,), 'deletion_matrix': (6529, 1005), 'seq_mask': (1005,), 'msa_mask': (6529, 1005), 'cluster_bias_mask': (6529,), 'pdb_residue_index': (1005,)}
I0306 23:29:22.215961 22819081541440 run_af2c_mod.py:270] Total JAX model model_1_multimer_v2_p1_230306_378991 predict time (includes compilation time): 1533.3 seconds
Info: MYD88_Q8R550_x1 model_1_multimer_v2_p1_230306_378991_recycled_00,  tol =   inf, pLDDT = 51.15, pTM-score = 0.2478, piTM-score = 0.0206, interface-score = 0.0003, iRes = 15   iCnt = 12  
Info: MYD88_Q8R550_x1 model_1_multimer_v2_p1_230306_378991_recycled_01,  tol = 96.73, pLDDT = 52.57, pTM-score = 0.2475, piTM-score = 0.0124, interface-score = 0.0000, iRes = 8    iCnt = 6   
Info: MYD88_Q8R550_x1 model_1_multimer_v2_p1_230306_378991_recycled_02,  tol = 18.72, pLDDT = 53.06, pTM-score = 0.2465, piTM-score = 0.0241, interface-score = 0.0001, iRes = 13   iCnt = 11  
Info: MYD88_Q8R550_x1 model_1_multimer_v2_p1_230306_378991_recycled_03,  tol = 22.35, pLDDT = 53.97, pTM-score = 0.2456, piTM-score = 0.3285, interface-score = 0.0016, iRes = 29   iCnt = 37  
Info: MYD88_Q8R550_x1 model_1_multimer_v2_p1_230306_378991_recycled_04,  tol = 26.71, pLDDT = 53.33, pTM-score = 0.2476, piTM-score = 0.0024, interface-score = 0.0000, iRes = 3    iCnt = 2   
Info: MYD88_Q8R550_x1 model_1_multimer_v2_p1_230306_378991_recycled_05,  tol = 19.30, pLDDT = 54.04, pTM-score = 0.2492, piTM-score = 0.4280, interface-score = 0.0038, iRes = 40   iCnt = 66  
Info: MYD88_Q8R550_x1 model_1_multimer_v2_p1_230306_378991_recycled_06,  tol = 26.84, pLDDT = 53.35, pTM-score = 0.2490, piTM-score = 0.0541, interface-score = 0.0001, iRes = 16   iCnt = 14  
Info: MYD88_Q8R550_x1 model_1_multimer_v2_p1_230306_378991_recycled_07,  tol = 18.25, pLDDT = 53.60, pTM-score = 0.2512, piTM-score = 0.0100, interface-score = 0.0000, iRes = 7    iCnt = 5   
Info: MYD88_Q8R550_x1 model_1_multimer_v2_p1_230306_378991_recycled_08,  tol = 21.62, pLDDT = 53.50, pTM-score = 0.2530, piTM-score = 0.0275, interface-score = 0.0007, iRes = 18   iCnt = 13  
Info: MYD88_Q8R550_x1 model_1_multimer_v2_p1_230306_378991_recycled_09,  tol = 18.16, pLDDT = 54.22, pTM-score = 0.2533, piTM-score = 0.0068, interface-score = 0.0001, iRes = 8    iCnt = 4   
Info: MYD88_Q8R550_x1 model_1_multimer_v2_p1_230306_378991_recycled_10,  tol = 24.10, pLDDT = 53.33, pTM-score = 0.2533, piTM-score = 0.2067, interface-score = 0.0092, iRes = 38   iCnt = 55  
Info: MYD88_Q8R550_x1 model_1_multimer_v2_p1_230306_378991_recycled_11,  tol = 18.48, pLDDT = 52.98, pTM-score = 0.2541, piTM-score = 0.0146, interface-score = 0.0003, iRes = 8    iCnt = 5   
Info: MYD88_Q8R550_x1 model_1_multimer_v2_p1_230306_378991_recycled_12,  tol = 12.05, pLDDT = 53.25, pTM-score = 0.2546, piTM-score = 0.0265, interface-score = 0.0005, iRes = 10   iCnt = 7   
Info: MYD88_Q8R550_x1 model_1_multimer_v2_p1_230306_378991_recycled_13,  tol =  9.94, pLDDT = 53.37, pTM-score = 0.2533, piTM-score = 0.0289, interface-score = 0.0005, iRes = 11   iCnt = 8   
Info: MYD88_Q8R550_x1 model_1_multimer_v2_p1_230306_378991_recycled_14,  tol =  9.76, pLDDT = 54.23, pTM-score = 0.2539, piTM-score = 0.0484, interface-score = 0.0013, iRes = 17   iCnt = 13  
Info: MYD88_Q8R550_x1 model_1_multimer_v2_p1_230306_378991_recycled_15,  tol =  9.11, pLDDT = 53.63, pTM-score = 0.2531, piTM-score = 0.0345, interface-score = 0.0006, iRes = 12   iCnt = 10  
Info: MYD88_Q8R550_x1 model_1_multimer_v2_p1_230306_378991_recycled_16,  tol =  9.25, pLDDT = 53.35, pTM-score = 0.2537, piTM-score = 0.0400, interface-score = 0.0008, iRes = 16   iCnt = 14  
Info: MYD88_Q8R550_x1 model_1_multimer_v2_p1_230306_378991_recycled_17,  tol = 11.33, pLDDT = 53.40, pTM-score = 0.2539, piTM-score = 0.0488, interface-score = 0.0012, iRes = 16   iCnt = 13  
Info: MYD88_Q8R550_x1 model_1_multimer_v2_p1_230306_378991_recycled_18,  tol =  8.64, pLDDT = 53.48, pTM-score = 0.2548, piTM-score = 0.1433, interface-score = 0.0069, iRes = 25   iCnt = 18  
Info: MYD88_Q8R550_x1 model_1_multimer_v2_p1_230306_378991_recycled_19,  tol = 10.45, pLDDT = 54.13, pTM-score = 0.2539, piTM-score = 0.2141, interface-score = 0.0089, iRes = 31   iCnt = 26  
Info: MYD88_Q8R550_x1 model_1_multimer_v2_p1_230306_378991 performed 20 recycles, final tol = 14.08, pLDDT = 53.80, pTM-score = 0.2534, piTM-score = 0.2783, interface-score = 0.0141, iRes = 42   iCnt = 35  
Info: num_clusters = 1, cluster_sizes = [2],  clusters = [['MYD88_MOUSE_0', 'Q8R550_0']]

I0306 23:29:26.218466 22819081541440 run_af2c_mod.py:404] Final timings for MYD88_Q8R550_x1: {'features': 1.55, 'process_features_model_1_multimer_v2_p1_230306_378991': 0.0, 'predict_and_compile_model_1_multimer_v2_p1_230306_378991': 1533.3}
                                  
================================= 
Global information about the job: 
================================= 
  
Job owner: flobnow(42847)
Job name:  1_AF2C
Node list: ravg1023
Job start: Mon Mar  6 23:03:25 CET 2023
Job end:   Mon Mar  6 23:29:28 CET 2023
Work dir:  /raven/u/flobnow/workingLama/scripts/myRuns/Q8R550
Command:   /raven/u/flobnow/workingLama/scripts/myRuns/Q8R550/script2_comp_model_1.sh
  
  
  
==========================================================================================
Information on jobsteps (Note: MaxRSS/AveRSS is the maximum/average over all 
tasks of the per-task memory high-water marks; cf. "man sacct"): 
==========================================================================================
  
JobID            JobName NNodes NTasks  NCPUS        0.00M        0.00M    Elapsed ExitCode
------------- ---------- ------ ------ ------ ------------ ------------ ---------- --------
4365711           1_AF2C      1           108                             00:26:03      0:0
4365711.0        python3      1      1    108    29301.67M    29301.67M   00:26:00      0:0
  
Maximum memory per node: 30.725031 GB (defined as MaxRSS*Ntasks/NNodes)
CPU utilization: 1.9 %
  
Info: input file name is Q8R550
Info: input target list is /u/flobnow/workingLama/scripts/myRuns/Q8R550/target.lst
Info: input feature directory is /u/flobnow/workingLama/feature_files
Info: result output directory is /u/flobnow/workingLama/output_files
Info: model preset is multimer_np
Info: msa pairing is all
Info: recycling setting is 1
Info: using preset super2
Info: set num_ensemble = 2
Info: set max_recyles = 20
Info: set recycle_tol = 0.1
Info: mas_pairing mode is all
I0306 23:31:23.468028 22984688338752 tpu_client.py:54] Starting the local TPU driver.
I0306 23:31:23.468399 22984688338752 xla_bridge.py:212] Unable to initialize backend 'tpu_driver': Not found: Unable to find driver in registry given worker: local://
I0306 23:31:23.839383 22984688338752 xla_bridge.py:212] Unable to initialize backend 'tpu': Invalid argument: TpuPlatform is not available.
I0306 23:31:26.628077 22984688338752 run_af2c_mod.py:481] Have 1 models: ['model_2_multimer_v2_p1']
Info: working on target MYD88_Q8R550_x1
I0306 23:31:36.638407 22984688338752 run_af2c_mod.py:512] Using random seed 5267802293139328404 for the data pipeline
Info: MYD88_Q8R550_x1 found monomer MYD88_MOUSE msa_depth = 3425, seq_len = 296, num_templ = 20
Info: MYD88_MOUSE reducing the number of structural templates to 4
Info: MYD88_Q8R550_x1 found monomer Q8R550 msa_depth = 23394, seq_len = 709, num_templ = 17
Info: Q8R550 MSA size is too large, reducing to 10000
Info: Q8R550 reducing the number of structural templates to 4
Info: 2 chain(s) to model {'A': 'MYD88_MOUSE_1', 'B': 'Q8R550_1'}
Info: modeling MYD88_Q8R550_x1 with msa_depth = 6529, seq_len = 1005, num_templ = 8
I0306 23:31:38.158213 22984688338752 run_af2c_mod.py:216] Running model model_2_multimer_v2_p1_230306_328404
I0306 23:31:38.158694 22984688338752 model.py:205] Running predict with shape(feat) = {'msa': (6529, 1005), 'bert_mask': (6529, 1005), 'num_alignments': (), 'aatype': (1005,), 'seq_length': (), 'template_aatype': (8, 1005), 'template_all_atom_mask': (8, 1005, 37), 'template_all_atom_positions': (8, 1005, 37, 3), 'all_atom_positions': (1005, 37, 3), 'template_domain_names': (8,), 'asym_id': (1005,), 'sym_id': (1005,), 'entity_id': (1005,), 'residue_index': (1005,), 'deletion_matrix': (6529, 1005), 'seq_mask': (1005,), 'msa_mask': (6529, 1005), 'cluster_bias_mask': (6529,), 'pdb_residue_index': (1005,)}
I0306 23:56:58.113668 22984688338752 run_af2c_mod.py:270] Total JAX model model_2_multimer_v2_p1_230306_328404 predict time (includes compilation time): 1520.0 seconds
Info: MYD88_Q8R550_x1 model_2_multimer_v2_p1_230306_328404_recycled_00,  tol =   inf, pLDDT = 50.42, pTM-score = 0.2440, piTM-score = 0.0000, interface-score = 0.0000, iRes = 0    iCnt = 0   
Info: MYD88_Q8R550_x1 model_2_multimer_v2_p1_230306_328404_recycled_01,  tol = 97.09, pLDDT = 51.85, pTM-score = 0.2475, piTM-score = 0.0135, interface-score = 0.0000, iRes = 6    iCnt = 4   
Info: MYD88_Q8R550_x1 model_2_multimer_v2_p1_230306_328404_recycled_02,  tol = 32.33, pLDDT = 52.10, pTM-score = 0.2463, piTM-score = 0.0186, interface-score = 0.0001, iRes = 8    iCnt = 9   
Info: MYD88_Q8R550_x1 model_2_multimer_v2_p1_230306_328404_recycled_03,  tol = 35.72, pLDDT = 52.54, pTM-score = 0.2470, piTM-score = 0.0000, interface-score = 0.0000, iRes = 0    iCnt = 0   
Info: MYD88_Q8R550_x1 model_2_multimer_v2_p1_230306_328404_recycled_04,  tol = 29.67, pLDDT = 51.43, pTM-score = 0.2449, piTM-score = 0.0000, interface-score = 0.0000, iRes = 0    iCnt = 0   
Info: MYD88_Q8R550_x1 model_2_multimer_v2_p1_230306_328404_recycled_05,  tol = 30.44, pLDDT = 52.19, pTM-score = 0.2486, piTM-score = 0.0000, interface-score = 0.0000, iRes = 0    iCnt = 0   
Info: MYD88_Q8R550_x1 model_2_multimer_v2_p1_230306_328404_recycled_06,  tol = 25.66, pLDDT = 51.52, pTM-score = 0.2461, piTM-score = 0.0000, interface-score = 0.0000, iRes = 0    iCnt = 0   
Info: MYD88_Q8R550_x1 model_2_multimer_v2_p1_230306_328404_recycled_07,  tol = 22.94, pLDDT = 52.07, pTM-score = 0.2480, piTM-score = 0.0000, interface-score = 0.0000, iRes = 0    iCnt = 0   
Info: MYD88_Q8R550_x1 model_2_multimer_v2_p1_230306_328404_recycled_08,  tol = 14.41, pLDDT = 52.26, pTM-score = 0.2451, piTM-score = 0.0000, interface-score = 0.0000, iRes = 0    iCnt = 0   
Info: MYD88_Q8R550_x1 model_2_multimer_v2_p1_230306_328404_recycled_09,  tol = 24.45, pLDDT = 52.79, pTM-score = 0.2479, piTM-score = 0.0000, interface-score = 0.0000, iRes = 0    iCnt = 0   
Info: MYD88_Q8R550_x1 model_2_multimer_v2_p1_230306_328404_recycled_10,  tol = 16.09, pLDDT = 53.34, pTM-score = 0.2493, piTM-score = 0.0000, interface-score = 0.0000, iRes = 0    iCnt = 0   
Info: MYD88_Q8R550_x1 model_2_multimer_v2_p1_230306_328404_recycled_11,  tol = 22.29, pLDDT = 53.51, pTM-score = 0.2492, piTM-score = 0.0000, interface-score = 0.0000, iRes = 0    iCnt = 0   
Info: MYD88_Q8R550_x1 model_2_multimer_v2_p1_230306_328404_recycled_12,  tol = 16.66, pLDDT = 54.26, pTM-score = 0.2488, piTM-score = 0.0000, interface-score = 0.0000, iRes = 0    iCnt = 0   
Info: MYD88_Q8R550_x1 model_2_multimer_v2_p1_230306_328404_recycled_13,  tol = 17.24, pLDDT = 52.88, pTM-score = 0.2486, piTM-score = 0.0000, interface-score = 0.0000, iRes = 0    iCnt = 0   
Info: MYD88_Q8R550_x1 model_2_multimer_v2_p1_230306_328404_recycled_14,  tol = 20.32, pLDDT = 52.98, pTM-score = 0.2482, piTM-score = 0.0000, interface-score = 0.0000, iRes = 0    iCnt = 0   
Info: MYD88_Q8R550_x1 model_2_multimer_v2_p1_230306_328404_recycled_15,  tol = 22.47, pLDDT = 52.59, pTM-score = 0.2491, piTM-score = 0.0014, interface-score = 0.0000, iRes = 2    iCnt = 1   
Info: MYD88_Q8R550_x1 model_2_multimer_v2_p1_230306_328404_recycled_16,  tol = 12.05, pLDDT = 52.78, pTM-score = 0.2495, piTM-score = 0.2312, interface-score = 0.0005, iRes = 23   iCnt = 41  
Info: MYD88_Q8R550_x1 model_2_multimer_v2_p1_230306_328404_recycled_17,  tol = 12.23, pLDDT = 52.56, pTM-score = 0.2494, piTM-score = 0.0000, interface-score = 0.0000, iRes = 0    iCnt = 0   
Info: MYD88_Q8R550_x1 model_2_multimer_v2_p1_230306_328404_recycled_18,  tol = 16.42, pLDDT = 52.44, pTM-score = 0.2489, piTM-score = 0.5654, interface-score = 0.0066, iRes = 57   iCnt = 103 
Info: MYD88_Q8R550_x1 model_2_multimer_v2_p1_230306_328404_recycled_19,  tol = 24.25, pLDDT = 52.40, pTM-score = 0.2496, piTM-score = 0.5430, interface-score = 0.0076, iRes = 60   iCnt = 100 
Info: MYD88_Q8R550_x1 model_2_multimer_v2_p1_230306_328404 performed 20 recycles, final tol = 26.06, pLDDT = 52.80, pTM-score = 0.2477, piTM-score = 0.0028, interface-score = 0.0000, iRes = 3    iCnt = 2   
Info: num_clusters = 2, cluster_sizes = [1, 1],  clusters = [['MYD88_MOUSE_0'], ['Q8R550_0']]

I0306 23:57:02.259112 22984688338752 run_af2c_mod.py:404] Final timings for MYD88_Q8R550_x1: {'features': 1.52, 'process_features_model_2_multimer_v2_p1_230306_328404': 0.0, 'predict_and_compile_model_2_multimer_v2_p1_230306_328404': 1520.0}
                                  
================================= 
Global information about the job: 
================================= 
  
Job owner: flobnow(42847)
Job name:  2_AF2C
Node list: ravg1051
Job start: Mon Mar  6 23:31:16 CET 2023
Job end:   Mon Mar  6 23:57:04 CET 2023
Work dir:  /raven/u/flobnow/workingLama/scripts/myRuns/Q8R550
Command:   /raven/u/flobnow/workingLama/scripts/myRuns/Q8R550/script2_comp_model_2.sh
  
  
  
==========================================================================================
Information on jobsteps (Note: MaxRSS/AveRSS is the maximum/average over all 
tasks of the per-task memory high-water marks; cf. "man sacct"): 
==========================================================================================
  
JobID            JobName NNodes NTasks  NCPUS        0.00M        0.00M    Elapsed ExitCode
------------- ---------- ------ ------ ------ ------------ ------------ ---------- --------
4365744           2_AF2C      1           108                             00:25:48      0:0
4365744.0        python3      1      1    108    29707.84M    29707.84M   00:25:46      0:0
  
Maximum memory per node: 31.150932 GB (defined as MaxRSS*Ntasks/NNodes)
CPU utilization: 1.9 %
  
Info: target file is /u/flobnow/workingLama/scripts/myRuns/Q8R550/target.lst
Info: input directory of unrelaxed models is /u/flobnow/workingLama/output_files
Info: output directory of relaxed models is /u/flobnow/workingLama/output_files
/bin/sh: /mpcdf/soft/SLE_15/packages/x86_64/alphafold/2.2.0/lib/libtinfo.so.6: no version information available (required by /lib64/libreadline.so.7)
I0307 20:05:37.673348 22736948766528 run_af2c_min.py:88] MYD88_Q8R550_x1 processing model_1_multimer_v2_p1_230306_378991.pdb
sh: /mpcdf/soft/SLE_15/packages/x86_64/alphafold/2.2.0/lib/libtinfo.so.6: no version information available (required by /lib64/libreadline.so.7)
sh: /mpcdf/soft/SLE_15/packages/x86_64/alphafold/2.2.0/lib/libtinfo.so.6: no version information available (required by /lib64/libreadline.so.7)
I0307 20:05:49.577093 22736948766528 amber_minimize.py:177] alterations info: {'nonstandard_residues': [], 'removed_heterogens': set(), 'missing_residues': {}, 'missing_heavy_atoms': {}, 'missing_terminals': {<Residue 295 (PRO) of chain 0>: ['OXT'], <Residue 1004 (LYS) of chain 1>: ['OXT']}, 'Se_in_MET': [], 'removed_chains': {0: []}}
I0307 20:05:51.129550 22736948766528 amber_minimize.py:408] Minimizing protein, attempt 1 of 100.
I0307 20:05:52.708860 22736948766528 amber_minimize.py:69] Restraining 7862 / 15791 particles.
sh: /mpcdf/soft/SLE_15/packages/x86_64/alphafold/2.2.0/lib/libtinfo.so.6: no version information available (required by /lib64/libreadline.so.7)
I0307 20:09:40.326075 22736948766528 amber_minimize.py:177] alterations info: {'nonstandard_residues': [], 'removed_heterogens': set(), 'missing_residues': {}, 'missing_heavy_atoms': {}, 'missing_terminals': {}, 'Se_in_MET': [], 'removed_chains': {0: []}}
I0307 20:09:41.882073 22736948766528 tpu_client.py:54] Starting the local TPU driver.
I0307 20:09:41.882376 22736948766528 xla_bridge.py:212] Unable to initialize backend 'tpu_driver': Not found: Unable to find driver in registry given worker: local://
I0307 20:09:42.106843 22736948766528 xla_bridge.py:212] Unable to initialize backend 'tpu': Invalid argument: TpuPlatform is not available.
I0307 20:09:55.029905 22736948766528 amber_minimize.py:500] Iteration completed: Einit 2434208020478.28 Efinal -1469.20 Time 221.29 s num residue violations 75 num residue exclusions 0 
I0307 20:09:55.073882 22736948766528 amber_minimize.py:408] Minimizing protein, attempt 1 of 100.
I0307 20:09:56.579576 22736948766528 amber_minimize.py:69] Restraining 7314 / 15791 particles.
sh: /mpcdf/soft/SLE_15/packages/x86_64/alphafold/2.2.0/lib/libtinfo.so.6: no version information available (required by /lib64/libreadline.so.7)
I0307 20:13:40.482919 22736948766528 amber_minimize.py:177] alterations info: {'nonstandard_residues': [], 'removed_heterogens': set(), 'missing_residues': {}, 'missing_heavy_atoms': {}, 'missing_terminals': {}, 'Se_in_MET': [], 'removed_chains': {0: []}}
I0307 20:13:45.435023 22736948766528 amber_minimize.py:500] Iteration completed: Einit 39994.28 Efinal -11201.14 Time 217.74 s num residue violations 31 num residue exclusions 75 
I0307 20:13:45.435873 22736948766528 amber_minimize.py:408] Minimizing protein, attempt 1 of 100.
I0307 20:13:47.026294 22736948766528 amber_minimize.py:69] Restraining 7272 / 15791 particles.
sh: /mpcdf/soft/SLE_15/packages/x86_64/alphafold/2.2.0/lib/libtinfo.so.6: no version information available (required by /lib64/libreadline.so.7)
I0307 20:15:42.793721 22736948766528 amber_minimize.py:177] alterations info: {'nonstandard_residues': [], 'removed_heterogens': set(), 'missing_residues': {}, 'missing_heavy_atoms': {}, 'missing_terminals': {}, 'Se_in_MET': [], 'removed_chains': {0: []}}
I0307 20:15:47.637730 22736948766528 amber_minimize.py:500] Iteration completed: Einit 27559.77 Efinal -13170.64 Time 109.70 s num residue violations 24 num residue exclusions 80 
sh: /mpcdf/soft/SLE_15/packages/x86_64/alphafold/2.2.0/lib/libtinfo.so.6: no version information available (required by /lib64/libreadline.so.7)
sh: /mpcdf/soft/SLE_15/packages/x86_64/alphafold/2.2.0/lib/libtinfo.so.6: no version information available (required by /lib64/libreadline.so.7)
I0307 20:15:56.159809 22736948766528 amber_minimize.py:177] alterations info: {'nonstandard_residues': [], 'removed_heterogens': set(), 'missing_residues': {}, 'missing_heavy_atoms': {}, 'missing_terminals': {<Residue 295 (PRO) of chain 0>: ['OXT'], <Residue 1004 (LYS) of chain 1>: ['OXT']}, 'Se_in_MET': [], 'removed_chains': {0: []}}
I0307 20:15:59.312006 22736948766528 run_af2c_min.py:110] MYD88_Q8R550_x1 relaxation done, time spent 621.2 seconds, Efinal -13170.64, rmsd 0.41
I0307 20:15:59.312141 22736948766528 run_af2c_min.py:88] MYD88_Q8R550_x1 processing model_2_multimer_v2_p1_230306_328404.pdb
sh: /mpcdf/soft/SLE_15/packages/x86_64/alphafold/2.2.0/lib/libtinfo.so.6: no version information available (required by /lib64/libreadline.so.7)
sh: /mpcdf/soft/SLE_15/packages/x86_64/alphafold/2.2.0/lib/libtinfo.so.6: no version information available (required by /lib64/libreadline.so.7)
I0307 20:16:08.041199 22736948766528 amber_minimize.py:177] alterations info: {'nonstandard_residues': [], 'removed_heterogens': set(), 'missing_residues': {}, 'missing_heavy_atoms': {}, 'missing_terminals': {<Residue 295 (PRO) of chain 0>: ['OXT'], <Residue 1004 (LYS) of chain 1>: ['OXT']}, 'Se_in_MET': [], 'removed_chains': {0: []}}
I0307 20:16:09.581828 22736948766528 amber_minimize.py:408] Minimizing protein, attempt 1 of 100.
I0307 20:16:11.171095 22736948766528 amber_minimize.py:69] Restraining 7862 / 15791 particles.
sh: /mpcdf/soft/SLE_15/packages/x86_64/alphafold/2.2.0/lib/libtinfo.so.6: no version information available (required by /lib64/libreadline.so.7)
I0307 20:19:13.306036 22736948766528 amber_minimize.py:177] alterations info: {'nonstandard_residues': [], 'removed_heterogens': set(), 'missing_residues': {}, 'missing_heavy_atoms': {}, 'missing_terminals': {}, 'Se_in_MET': [], 'removed_chains': {0: []}}
I0307 20:19:18.229460 22736948766528 amber_minimize.py:500] Iteration completed: Einit 1446570218622.62 Efinal 1988.30 Time 176.04 s num residue violations 115 num residue exclusions 0 
I0307 20:19:18.230077 22736948766528 amber_minimize.py:408] Minimizing protein, attempt 1 of 100.
I0307 20:19:19.750115 22736948766528 amber_minimize.py:69] Restraining 6974 / 15791 particles.
sh: /mpcdf/soft/SLE_15/packages/x86_64/alphafold/2.2.0/lib/libtinfo.so.6: no version information available (required by /lib64/libreadline.so.7)
I0307 20:24:49.236188 22736948766528 amber_minimize.py:177] alterations info: {'nonstandard_residues': [], 'removed_heterogens': set(), 'missing_residues': {}, 'missing_heavy_atoms': {}, 'missing_terminals': {}, 'Se_in_MET': [], 'removed_chains': {0: []}}
I0307 20:24:54.100419 22736948766528 amber_minimize.py:500] Iteration completed: Einit 39547.71 Efinal -8183.78 Time 323.39 s num residue violations 37 num residue exclusions 115 
I0307 20:24:54.101051 22736948766528 amber_minimize.py:408] Minimizing protein, attempt 1 of 100.
I0307 20:24:55.654868 22736948766528 amber_minimize.py:69] Restraining 6942 / 15791 particles.
sh: /mpcdf/soft/SLE_15/packages/x86_64/alphafold/2.2.0/lib/libtinfo.so.6: no version information available (required by /lib64/libreadline.so.7)
I0307 20:27:05.646660 22736948766528 amber_minimize.py:177] alterations info: {'nonstandard_residues': [], 'removed_heterogens': set(), 'missing_residues': {}, 'missing_heavy_atoms': {}, 'missing_terminals': {}, 'Se_in_MET': [], 'removed_chains': {0: []}}
I0307 20:27:10.551774 22736948766528 amber_minimize.py:500] Iteration completed: Einit 55038.90 Efinal -10117.17 Time 123.96 s num residue violations 39 num residue exclusions 119 
sh: /mpcdf/soft/SLE_15/packages/x86_64/alphafold/2.2.0/lib/libtinfo.so.6: no version information available (required by /lib64/libreadline.so.7)
sh: /mpcdf/soft/SLE_15/packages/x86_64/alphafold/2.2.0/lib/libtinfo.so.6: no version information available (required by /lib64/libreadline.so.7)
I0307 20:27:19.046313 22736948766528 amber_minimize.py:177] alterations info: {'nonstandard_residues': [], 'removed_heterogens': set(), 'missing_residues': {}, 'missing_heavy_atoms': {}, 'missing_terminals': {<Residue 295 (PRO) of chain 0>: ['OXT'], <Residue 1004 (LYS) of chain 1>: ['OXT']}, 'Se_in_MET': [], 'removed_chains': {0: []}}
I0307 20:27:22.219267 22736948766528 run_af2c_min.py:110] MYD88_Q8R550_x1 relaxation done, time spent 682.4 seconds, Efinal -10117.17, rmsd 0.43
                                  
================================= 
Global information about the job: 
================================= 
  
Job owner: flobnow(42847)
Job name:  6_RLX
Node list: ravg1103
Job start: Tue Mar  7 20:05:28 CET 2023
Job end:   Tue Mar  7 20:27:23 CET 2023
Work dir:  /raven/u/flobnow/workingLama/scripts/myRuns/Q8R550
Command:   /raven/u/flobnow/workingLama/scripts/myRuns/Q8R550/script3_relaxation.sh
  
  
  
==========================================================================================
Information on jobsteps (Note: MaxRSS/AveRSS is the maximum/average over all 
tasks of the per-task memory high-water marks; cf. "man sacct"): 
==========================================================================================
  
JobID            JobName NNodes NTasks  NCPUS        0.00M        0.00M    Elapsed ExitCode
------------- ---------- ------ ------ ------ ------------ ------------ ---------- --------
4375134            6_RLX      1           108                             00:21:55      0:0
4375134.0        python3      1      1    108    16391.43M    16391.43M   00:21:53      0:0
  
Maximum memory per node: 17.187664 GB (defined as MaxRSS*Ntasks/NNodes)
CPU utilization: 86.9 %
  
Info: input file name is Q8R550
Info: input target list is /u/flobnow/workingLama/scripts/myRuns/Q8R550/target.lst
Info: input feature directory is /u/flobnow/workingLama/feature_files
Info: result output directory is /u/flobnow/workingLama/output_files
Info: model preset is multimer_np
Info: msa pairing is all
Info: recycling setting is 1
Info: using preset super2
Info: set num_ensemble = 2
Info: set max_recyles = 20
Info: set recycle_tol = 0.1
Info: mas_pairing mode is all
I0309 12:57:44.271227 23089447548736 tpu_client.py:54] Starting the local TPU driver.
I0309 12:57:44.271583 23089447548736 xla_bridge.py:212] Unable to initialize backend 'tpu_driver': Not found: Unable to find driver in registry given worker: local://
I0309 12:57:44.630675 23089447548736 xla_bridge.py:212] Unable to initialize backend 'tpu': Invalid argument: TpuPlatform is not available.
I0309 12:57:47.384396 23089447548736 run_af2c_mod.py:481] Have 1 models: ['model_3_multimer_v2_p1']
Info: working on target MYD88_Q8R550_x1
I0309 12:57:56.393583 23089447548736 run_af2c_mod.py:512] Using random seed 6504540537873299101 for the data pipeline
Info: MYD88_Q8R550_x1 found monomer MYD88_MOUSE msa_depth = 3425, seq_len = 296, num_templ = 20
Info: MYD88_MOUSE reducing the number of structural templates to 4
Info: MYD88_Q8R550_x1 found monomer Q8R550 msa_depth = 23394, seq_len = 709, num_templ = 17
Info: Q8R550 MSA size is too large, reducing to 10000
Info: Q8R550 reducing the number of structural templates to 4
Info: 2 chain(s) to model {'A': 'MYD88_MOUSE_1', 'B': 'Q8R550_1'}
Info: modeling MYD88_Q8R550_x1 with msa_depth = 6529, seq_len = 1005, num_templ = 8
I0309 12:57:57.855854 23089447548736 run_af2c_mod.py:216] Running model model_3_multimer_v2_p1_230309_299101
I0309 12:57:57.856327 23089447548736 model.py:205] Running predict with shape(feat) = {'msa': (6529, 1005), 'bert_mask': (6529, 1005), 'num_alignments': (), 'aatype': (1005,), 'seq_length': (), 'template_aatype': (8, 1005), 'template_all_atom_mask': (8, 1005, 37), 'template_all_atom_positions': (8, 1005, 37, 3), 'all_atom_positions': (1005, 37, 3), 'template_domain_names': (8,), 'asym_id': (1005,), 'sym_id': (1005,), 'entity_id': (1005,), 'residue_index': (1005,), 'deletion_matrix': (6529, 1005), 'seq_mask': (1005,), 'msa_mask': (6529, 1005), 'cluster_bias_mask': (6529,), 'pdb_residue_index': (1005,)}
I0309 13:23:00.254920 23089447548736 run_af2c_mod.py:270] Total JAX model model_3_multimer_v2_p1_230309_299101 predict time (includes compilation time): 1502.4 seconds
Info: MYD88_Q8R550_x1 model_3_multimer_v2_p1_230309_299101_recycled_00,  tol =   inf, pLDDT = 52.21, pTM-score = 0.2405, piTM-score = 0.0014, interface-score = 0.0000, iRes = 2    iCnt = 1   
Info: MYD88_Q8R550_x1 model_3_multimer_v2_p1_230309_299101_recycled_01,  tol = 124.39, pLDDT = 52.58, pTM-score = 0.2447, piTM-score = 0.0000, interface-score = 0.0000, iRes = 0    iCnt = 0   
Info: MYD88_Q8R550_x1 model_3_multimer_v2_p1_230309_299101_recycled_02,  tol = 24.60, pLDDT = 52.72, pTM-score = 0.2422, piTM-score = 0.0000, interface-score = 0.0000, iRes = 0    iCnt = 0   
Info: MYD88_Q8R550_x1 model_3_multimer_v2_p1_230309_299101_recycled_03,  tol = 16.61, pLDDT = 52.91, pTM-score = 0.2427, piTM-score = 0.0000, interface-score = 0.0000, iRes = 0    iCnt = 0   
Info: MYD88_Q8R550_x1 model_3_multimer_v2_p1_230309_299101_recycled_04,  tol = 15.45, pLDDT = 53.32, pTM-score = 0.2431, piTM-score = 0.0000, interface-score = 0.0000, iRes = 0    iCnt = 0   
Info: MYD88_Q8R550_x1 model_3_multimer_v2_p1_230309_299101_recycled_05,  tol = 16.80, pLDDT = 53.16, pTM-score = 0.2421, piTM-score = 0.0000, interface-score = 0.0000, iRes = 0    iCnt = 0   
Info: MYD88_Q8R550_x1 model_3_multimer_v2_p1_230309_299101_recycled_06,  tol = 11.37, pLDDT = 53.35, pTM-score = 0.2446, piTM-score = 0.0000, interface-score = 0.0000, iRes = 0    iCnt = 0   
Info: MYD88_Q8R550_x1 model_3_multimer_v2_p1_230309_299101_recycled_07,  tol = 17.90, pLDDT = 53.19, pTM-score = 0.2423, piTM-score = 0.0000, interface-score = 0.0000, iRes = 0    iCnt = 0   
Info: MYD88_Q8R550_x1 model_3_multimer_v2_p1_230309_299101_recycled_08,  tol = 14.88, pLDDT = 53.59, pTM-score = 0.2435, piTM-score = 0.0000, interface-score = 0.0000, iRes = 0    iCnt = 0   
Info: MYD88_Q8R550_x1 model_3_multimer_v2_p1_230309_299101_recycled_09,  tol = 15.03, pLDDT = 53.41, pTM-score = 0.2434, piTM-score = 0.0000, interface-score = 0.0000, iRes = 0    iCnt = 0   
Info: MYD88_Q8R550_x1 model_3_multimer_v2_p1_230309_299101_recycled_10,  tol = 11.23, pLDDT = 53.26, pTM-score = 0.2452, piTM-score = 0.0000, interface-score = 0.0000, iRes = 0    iCnt = 0   
Info: MYD88_Q8R550_x1 model_3_multimer_v2_p1_230309_299101_recycled_11,  tol = 11.83, pLDDT = 53.52, pTM-score = 0.2427, piTM-score = 0.0000, interface-score = 0.0000, iRes = 0    iCnt = 0   
Info: MYD88_Q8R550_x1 model_3_multimer_v2_p1_230309_299101_recycled_12,  tol = 12.80, pLDDT = 53.15, pTM-score = 0.2455, piTM-score = 0.0000, interface-score = 0.0000, iRes = 0    iCnt = 0   
Info: MYD88_Q8R550_x1 model_3_multimer_v2_p1_230309_299101_recycled_13,  tol = 23.13, pLDDT = 53.09, pTM-score = 0.2430, piTM-score = 0.0000, interface-score = 0.0000, iRes = 0    iCnt = 0   
Info: MYD88_Q8R550_x1 model_3_multimer_v2_p1_230309_299101_recycled_14,  tol = 23.69, pLDDT = 54.32, pTM-score = 0.2444, piTM-score = 0.0000, interface-score = 0.0000, iRes = 0    iCnt = 0   
Info: MYD88_Q8R550_x1 model_3_multimer_v2_p1_230309_299101_recycled_15,  tol = 29.00, pLDDT = 53.10, pTM-score = 0.2436, piTM-score = 0.0000, interface-score = 0.0000, iRes = 0    iCnt = 0   
Info: MYD88_Q8R550_x1 model_3_multimer_v2_p1_230309_299101_recycled_16,  tol = 27.83, pLDDT = 53.28, pTM-score = 0.2440, piTM-score = 0.0000, interface-score = 0.0000, iRes = 0    iCnt = 0   
Info: MYD88_Q8R550_x1 model_3_multimer_v2_p1_230309_299101_recycled_17,  tol = 26.58, pLDDT = 53.37, pTM-score = 0.2422, piTM-score = 0.0000, interface-score = 0.0000, iRes = 0    iCnt = 0   
Info: MYD88_Q8R550_x1 model_3_multimer_v2_p1_230309_299101_recycled_18,  tol = 24.27, pLDDT = 53.35, pTM-score = 0.2431, piTM-score = 0.0000, interface-score = 0.0000, iRes = 0    iCnt = 0   
Info: MYD88_Q8R550_x1 model_3_multimer_v2_p1_230309_299101_recycled_19,  tol = 20.71, pLDDT = 53.30, pTM-score = 0.2442, piTM-score = 0.0000, interface-score = 0.0000, iRes = 0    iCnt = 0   
Info: MYD88_Q8R550_x1 model_3_multimer_v2_p1_230309_299101 performed 20 recycles, final tol = 15.35, pLDDT = 53.66, pTM-score = 0.2431, piTM-score = 0.0000, interface-score = 0.0000, iRes = 0    iCnt = 0   
Info: num_clusters = 2, cluster_sizes = [1, 1],  clusters = [['MYD88_MOUSE_0'], ['Q8R550_0']]

I0309 13:23:04.254576 23089447548736 run_af2c_mod.py:404] Final timings for MYD88_Q8R550_x1: {'features': 1.46, 'process_features_model_3_multimer_v2_p1_230309_299101': 0.0, 'predict_and_compile_model_3_multimer_v2_p1_230309_299101': 1502.4}
                                  
================================= 
Global information about the job: 
================================= 
  
Job owner: flobnow(42847)
Job name:  3_AF2C
Node list: ravg1103
Job start: Thu Mar  9 12:57:33 CET 2023
Job end:   Thu Mar  9 13:23:06 CET 2023
Work dir:  /raven/u/flobnow/workingLama/scripts/myRuns/Q8R550
Command:   /raven/u/flobnow/workingLama/scripts/myRuns/Q8R550/script2_comp_model_3.sh
  
  
  
==========================================================================================
Information on jobsteps (Note: MaxRSS/AveRSS is the maximum/average over all 
tasks of the per-task memory high-water marks; cf. "man sacct"): 
==========================================================================================
  
JobID            JobName NNodes NTasks  NCPUS        0.00M        0.00M    Elapsed ExitCode
------------- ---------- ------ ------ ------ ------------ ------------ ---------- --------
4388070           3_AF2C      1           108                             00:25:33      0:0
4388070.0        python3      1      1    108    29270.53M    29270.53M   00:25:28      0:0
  
Maximum memory per node: 30.692376 GB (defined as MaxRSS*Ntasks/NNodes)
CPU utilization: 1.9 %
  
Info: input file name is Q8R550
Info: input target list is /u/flobnow/workingLama/scripts/myRuns/Q8R550/target.lst
Info: input feature directory is /u/flobnow/workingLama/feature_files
Info: result output directory is /u/flobnow/workingLama/output_files
Info: model preset is multimer_np
Info: msa pairing is all
Info: recycling setting is 1
Info: using preset super2
Info: set num_ensemble = 2
Info: set max_recyles = 20
Info: set recycle_tol = 0.1
Info: mas_pairing mode is all
I0309 13:00:05.770969 22994827777856 tpu_client.py:54] Starting the local TPU driver.
I0309 13:00:05.771368 22994827777856 xla_bridge.py:212] Unable to initialize backend 'tpu_driver': Not found: Unable to find driver in registry given worker: local://
I0309 13:00:06.142940 22994827777856 xla_bridge.py:212] Unable to initialize backend 'tpu': Invalid argument: TpuPlatform is not available.
I0309 13:00:08.865955 22994827777856 run_af2c_mod.py:481] Have 1 models: ['model_4_multimer_v2_p1']
Info: working on target MYD88_Q8R550_x1
I0309 13:00:09.867177 22994827777856 run_af2c_mod.py:512] Using random seed 1378849760021146032 for the data pipeline
Info: MYD88_Q8R550_x1 found monomer MYD88_MOUSE msa_depth = 3425, seq_len = 296, num_templ = 20
Info: MYD88_MOUSE reducing the number of structural templates to 4
Info: MYD88_Q8R550_x1 found monomer Q8R550 msa_depth = 23394, seq_len = 709, num_templ = 17
Info: Q8R550 MSA size is too large, reducing to 10000
Info: Q8R550 reducing the number of structural templates to 4
Info: 2 chain(s) to model {'A': 'MYD88_MOUSE_1', 'B': 'Q8R550_1'}
Info: modeling MYD88_Q8R550_x1 with msa_depth = 6529, seq_len = 1005, num_templ = 8
I0309 13:00:11.199211 22994827777856 run_af2c_mod.py:216] Running model model_4_multimer_v2_p1_230309_146032
I0309 13:00:11.199693 22994827777856 model.py:205] Running predict with shape(feat) = {'msa': (6529, 1005), 'bert_mask': (6529, 1005), 'num_alignments': (), 'aatype': (1005,), 'seq_length': (), 'template_aatype': (8, 1005), 'template_all_atom_mask': (8, 1005, 37), 'template_all_atom_positions': (8, 1005, 37, 3), 'all_atom_positions': (1005, 37, 3), 'template_domain_names': (8,), 'asym_id': (1005,), 'sym_id': (1005,), 'entity_id': (1005,), 'residue_index': (1005,), 'deletion_matrix': (6529, 1005), 'seq_mask': (1005,), 'msa_mask': (6529, 1005), 'cluster_bias_mask': (6529,), 'pdb_residue_index': (1005,)}
I0309 13:25:27.620316 22994827777856 run_af2c_mod.py:270] Total JAX model model_4_multimer_v2_p1_230309_146032 predict time (includes compilation time): 1516.4 seconds
Info: MYD88_Q8R550_x1 model_4_multimer_v2_p1_230309_146032_recycled_00,  tol =   inf, pLDDT = 53.29, pTM-score = 0.2549, piTM-score = 0.0392, interface-score = 0.0004, iRes = 13   iCnt = 11  
Info: MYD88_Q8R550_x1 model_4_multimer_v2_p1_230309_146032_recycled_01,  tol = 88.77, pLDDT = 53.46, pTM-score = 0.2508, piTM-score = 0.3302, interface-score = 0.0031, iRes = 37   iCnt = 59  
Info: MYD88_Q8R550_x1 model_4_multimer_v2_p1_230309_146032_recycled_02,  tol = 29.55, pLDDT = 53.59, pTM-score = 0.2519, piTM-score = 0.0000, interface-score = 0.0000, iRes = 0    iCnt = 0   
Info: MYD88_Q8R550_x1 model_4_multimer_v2_p1_230309_146032_recycled_03,  tol = 27.73, pLDDT = 53.60, pTM-score = 0.2520, piTM-score = 0.5174, interface-score = 0.0069, iRes = 56   iCnt = 82  
Info: MYD88_Q8R550_x1 model_4_multimer_v2_p1_230309_146032_recycled_04,  tol = 30.58, pLDDT = 53.75, pTM-score = 0.2544, piTM-score = 0.1299, interface-score = 0.0026, iRes = 32   iCnt = 38  
Info: MYD88_Q8R550_x1 model_4_multimer_v2_p1_230309_146032_recycled_05,  tol = 13.92, pLDDT = 54.01, pTM-score = 0.2541, piTM-score = 0.0107, interface-score = 0.0000, iRes = 7    iCnt = 5   
Info: MYD88_Q8R550_x1 model_4_multimer_v2_p1_230309_146032_recycled_06,  tol = 13.12, pLDDT = 54.06, pTM-score = 0.2558, piTM-score = 0.0206, interface-score = 0.0001, iRes = 13   iCnt = 20  
Info: MYD88_Q8R550_x1 model_4_multimer_v2_p1_230309_146032_recycled_07,  tol = 23.27, pLDDT = 53.99, pTM-score = 0.2561, piTM-score = 0.0000, interface-score = 0.0000, iRes = 0    iCnt = 0   
Info: MYD88_Q8R550_x1 model_4_multimer_v2_p1_230309_146032_recycled_08,  tol = 19.17, pLDDT = 54.31, pTM-score = 0.2558, piTM-score = 0.0000, interface-score = 0.0000, iRes = 0    iCnt = 0   
Info: MYD88_Q8R550_x1 model_4_multimer_v2_p1_230309_146032_recycled_09,  tol = 11.25, pLDDT = 54.50, pTM-score = 0.2561, piTM-score = 0.0000, interface-score = 0.0000, iRes = 0    iCnt = 0   
Info: MYD88_Q8R550_x1 model_4_multimer_v2_p1_230309_146032_recycled_10,  tol =  8.65, pLDDT = 54.35, pTM-score = 0.2563, piTM-score = 0.0000, interface-score = 0.0000, iRes = 0    iCnt = 0   
Info: MYD88_Q8R550_x1 model_4_multimer_v2_p1_230309_146032_recycled_11,  tol =  5.36, pLDDT = 54.38, pTM-score = 0.2563, piTM-score = 0.0000, interface-score = 0.0000, iRes = 0    iCnt = 0   
Info: MYD88_Q8R550_x1 model_4_multimer_v2_p1_230309_146032_recycled_12,  tol =  5.83, pLDDT = 54.43, pTM-score = 0.2561, piTM-score = 0.0334, interface-score = 0.0001, iRes = 11   iCnt = 12  
Info: MYD88_Q8R550_x1 model_4_multimer_v2_p1_230309_146032_recycled_13,  tol =  6.95, pLDDT = 54.16, pTM-score = 0.2556, piTM-score = 0.0000, interface-score = 0.0000, iRes = 0    iCnt = 0   
Info: MYD88_Q8R550_x1 model_4_multimer_v2_p1_230309_146032_recycled_14,  tol =  7.58, pLDDT = 53.88, pTM-score = 0.2568, piTM-score = 0.0000, interface-score = 0.0000, iRes = 0    iCnt = 0   
Info: MYD88_Q8R550_x1 model_4_multimer_v2_p1_230309_146032_recycled_15,  tol =  6.35, pLDDT = 54.25, pTM-score = 0.2566, piTM-score = 0.0000, interface-score = 0.0000, iRes = 0    iCnt = 0   
Info: MYD88_Q8R550_x1 model_4_multimer_v2_p1_230309_146032_recycled_16,  tol =  5.55, pLDDT = 54.20, pTM-score = 0.2568, piTM-score = 0.0000, interface-score = 0.0000, iRes = 0    iCnt = 0   
Info: MYD88_Q8R550_x1 model_4_multimer_v2_p1_230309_146032_recycled_17,  tol =  4.88, pLDDT = 54.21, pTM-score = 0.2567, piTM-score = 0.0000, interface-score = 0.0000, iRes = 0    iCnt = 0   
Info: MYD88_Q8R550_x1 model_4_multimer_v2_p1_230309_146032_recycled_18,  tol =  5.01, pLDDT = 54.50, pTM-score = 0.2577, piTM-score = 0.0000, interface-score = 0.0000, iRes = 0    iCnt = 0   
Info: MYD88_Q8R550_x1 model_4_multimer_v2_p1_230309_146032_recycled_19,  tol =  6.16, pLDDT = 54.61, pTM-score = 0.2586, piTM-score = 0.0000, interface-score = 0.0000, iRes = 0    iCnt = 0   
Info: MYD88_Q8R550_x1 model_4_multimer_v2_p1_230309_146032 performed 20 recycles, final tol = 6.74, pLDDT = 54.70, pTM-score = 0.2575, piTM-score = 0.0000, interface-score = 0.0000, iRes = 0    iCnt = 0   
Info: num_clusters = 2, cluster_sizes = [1, 1],  clusters = [['MYD88_MOUSE_0'], ['Q8R550_0']]

I0309 13:25:31.739238 22994827777856 run_af2c_mod.py:404] Final timings for MYD88_Q8R550_x1: {'features': 1.33, 'process_features_model_4_multimer_v2_p1_230309_146032': 0.0, 'predict_and_compile_model_4_multimer_v2_p1_230309_146032': 1516.4}
                                  
================================= 
Global information about the job: 
================================= 
  
Job owner: flobnow(42847)
Job name:  4_AF2C
Node list: ravg1012
Job start: Thu Mar  9 12:59:57 CET 2023
Job end:   Thu Mar  9 13:25:33 CET 2023
Work dir:  /raven/u/flobnow/workingLama/scripts/myRuns/Q8R550
Command:   /raven/u/flobnow/workingLama/scripts/myRuns/Q8R550/script2_comp_model_4.sh
  
  
  
==========================================================================================
Information on jobsteps (Note: MaxRSS/AveRSS is the maximum/average over all 
tasks of the per-task memory high-water marks; cf. "man sacct"): 
==========================================================================================
  
JobID            JobName NNodes NTasks  NCPUS        0.00M        0.00M    Elapsed ExitCode
------------- ---------- ------ ------ ------ ------------ ------------ ---------- --------
4388071           4_AF2C      1           108                             00:25:36      0:0
4388071.0        python3      1      1    108    29147.80M    29147.80M   00:25:34      0:0
  
Maximum memory per node: 30.563684 GB (defined as MaxRSS*Ntasks/NNodes)
CPU utilization: 1.9 %
  
Info: input file name is Q8R550
Info: input target list is /u/flobnow/workingLama/scripts/myRuns/Q8R550/target.lst
Info: input feature directory is /u/flobnow/workingLama/feature_files
Info: result output directory is /u/flobnow/workingLama/output_files
Info: model preset is multimer_np
Info: msa pairing is all
Info: recycling setting is 1
Info: using preset super2
Info: set num_ensemble = 2
Info: set max_recyles = 20
Info: set recycle_tol = 0.1
Info: mas_pairing mode is all
I0309 13:01:57.773970 23019239335744 tpu_client.py:54] Starting the local TPU driver.
I0309 13:01:57.774348 23019239335744 xla_bridge.py:212] Unable to initialize backend 'tpu_driver': Not found: Unable to find driver in registry given worker: local://
I0309 13:01:58.147564 23019239335744 xla_bridge.py:212] Unable to initialize backend 'tpu': Invalid argument: TpuPlatform is not available.
Info: working on target MYD88_Q8R550_x1
I0309 13:02:01.028928 23019239335744 run_af2c_mod.py:481] Have 1 models: ['model_5_multimer_v2_p1']
I0309 13:02:01.029080 23019239335744 run_af2c_mod.py:512] Using random seed 7640011311341278485 for the data pipeline
Info: MYD88_Q8R550_x1 found monomer MYD88_MOUSE msa_depth = 3425, seq_len = 296, num_templ = 20
Info: MYD88_MOUSE reducing the number of structural templates to 4
Info: MYD88_Q8R550_x1 found monomer Q8R550 msa_depth = 23394, seq_len = 709, num_templ = 17
Info: Q8R550 MSA size is too large, reducing to 10000
Info: Q8R550 reducing the number of structural templates to 4
Info: 2 chain(s) to model {'A': 'MYD88_MOUSE_1', 'B': 'Q8R550_1'}
Info: modeling MYD88_Q8R550_x1 with msa_depth = 6529, seq_len = 1005, num_templ = 8
I0309 13:02:02.379171 23019239335744 run_af2c_mod.py:216] Running model model_5_multimer_v2_p1_230309_278485
I0309 13:02:02.379678 23019239335744 model.py:205] Running predict with shape(feat) = {'msa': (6529, 1005), 'bert_mask': (6529, 1005), 'num_alignments': (), 'aatype': (1005,), 'seq_length': (), 'template_aatype': (8, 1005), 'template_all_atom_mask': (8, 1005, 37), 'template_all_atom_positions': (8, 1005, 37, 3), 'all_atom_positions': (1005, 37, 3), 'template_domain_names': (8,), 'asym_id': (1005,), 'sym_id': (1005,), 'entity_id': (1005,), 'residue_index': (1005,), 'deletion_matrix': (6529, 1005), 'seq_mask': (1005,), 'msa_mask': (6529, 1005), 'cluster_bias_mask': (6529,), 'pdb_residue_index': (1005,)}
I0309 13:27:29.787011 23019239335744 run_af2c_mod.py:270] Total JAX model model_5_multimer_v2_p1_230309_278485 predict time (includes compilation time): 1527.4 seconds
Info: MYD88_Q8R550_x1 model_5_multimer_v2_p1_230309_278485_recycled_00,  tol =   inf, pLDDT = 49.82, pTM-score = 0.2574, piTM-score = 0.0626, interface-score = 0.0005, iRes = 17   iCnt = 17  
Info: MYD88_Q8R550_x1 model_5_multimer_v2_p1_230309_278485_recycled_01,  tol = 89.99, pLDDT = 51.17, pTM-score = 0.2571, piTM-score = 0.0042, interface-score = 0.0000, iRes = 3    iCnt = 2   
Info: MYD88_Q8R550_x1 model_5_multimer_v2_p1_230309_278485_recycled_02,  tol = 22.02, pLDDT = 52.09, pTM-score = 0.2501, piTM-score = 0.0000, interface-score = 0.0000, iRes = 0    iCnt = 0   
Info: MYD88_Q8R550_x1 model_5_multimer_v2_p1_230309_278485_recycled_03,  tol = 18.06, pLDDT = 52.89, pTM-score = 0.2513, piTM-score = 0.0000, interface-score = 0.0000, iRes = 0    iCnt = 0   
Info: MYD88_Q8R550_x1 model_5_multimer_v2_p1_230309_278485_recycled_04,  tol = 19.17, pLDDT = 52.01, pTM-score = 0.2508, piTM-score = 0.0000, interface-score = 0.0000, iRes = 0    iCnt = 0   
Info: MYD88_Q8R550_x1 model_5_multimer_v2_p1_230309_278485_recycled_05,  tol = 15.79, pLDDT = 51.89, pTM-score = 0.2518, piTM-score = 0.0000, interface-score = 0.0000, iRes = 0    iCnt = 0   
Info: MYD88_Q8R550_x1 model_5_multimer_v2_p1_230309_278485_recycled_06,  tol = 19.71, pLDDT = 52.31, pTM-score = 0.2528, piTM-score = 0.3297, interface-score = 0.0038, iRes = 41   iCnt = 65  
Info: MYD88_Q8R550_x1 model_5_multimer_v2_p1_230309_278485_recycled_07,  tol = 21.99, pLDDT = 51.99, pTM-score = 0.2532, piTM-score = 0.0077, interface-score = 0.0000, iRes = 6    iCnt = 4   
Info: MYD88_Q8R550_x1 model_5_multimer_v2_p1_230309_278485_recycled_08,  tol = 23.54, pLDDT = 53.08, pTM-score = 0.2530, piTM-score = 0.0145, interface-score = 0.0000, iRes = 9    iCnt = 8   
Info: MYD88_Q8R550_x1 model_5_multimer_v2_p1_230309_278485_recycled_09,  tol = 18.03, pLDDT = 52.83, pTM-score = 0.2522, piTM-score = 0.4316, interface-score = 0.0058, iRes = 49   iCnt = 76  
Info: MYD88_Q8R550_x1 model_5_multimer_v2_p1_230309_278485_recycled_10,  tol = 14.34, pLDDT = 52.35, pTM-score = 0.2522, piTM-score = 0.0805, interface-score = 0.0002, iRes = 19   iCnt = 27  
Info: MYD88_Q8R550_x1 model_5_multimer_v2_p1_230309_278485_recycled_11,  tol = 17.35, pLDDT = 51.94, pTM-score = 0.2544, piTM-score = 0.4372, interface-score = 0.0188, iRes = 115  iCnt = 182 
Info: MYD88_Q8R550_x1 model_5_multimer_v2_p1_230309_278485_recycled_12,  tol = 24.70, pLDDT = 51.94, pTM-score = 0.2537, piTM-score = 0.6180, interface-score = 0.0179, iRes = 110  iCnt = 190 
Info: MYD88_Q8R550_x1 model_5_multimer_v2_p1_230309_278485_recycled_13,  tol = 21.44, pLDDT = 52.53, pTM-score = 0.2533, piTM-score = 0.5170, interface-score = 0.0149, iRes = 96   iCnt = 172 
Info: MYD88_Q8R550_x1 model_5_multimer_v2_p1_230309_278485_recycled_14,  tol = 19.19, pLDDT = 52.27, pTM-score = 0.2537, piTM-score = 0.3064, interface-score = 0.0081, iRes = 64   iCnt = 91  
Info: MYD88_Q8R550_x1 model_5_multimer_v2_p1_230309_278485_recycled_15,  tol = 23.46, pLDDT = 52.26, pTM-score = 0.2526, piTM-score = 0.5475, interface-score = 0.0103, iRes = 74   iCnt = 160 
Info: MYD88_Q8R550_x1 model_5_multimer_v2_p1_230309_278485_recycled_16,  tol = 19.19, pLDDT = 52.20, pTM-score = 0.2531, piTM-score = 0.4742, interface-score = 0.0041, iRes = 41   iCnt = 73  
Info: MYD88_Q8R550_x1 model_5_multimer_v2_p1_230309_278485_recycled_17,  tol = 22.01, pLDDT = 52.44, pTM-score = 0.2532, piTM-score = 0.0000, interface-score = 0.0000, iRes = 0    iCnt = 0   
Info: MYD88_Q8R550_x1 model_5_multimer_v2_p1_230309_278485_recycled_18,  tol = 18.23, pLDDT = 51.43, pTM-score = 0.2545, piTM-score = 0.5722, interface-score = 0.0172, iRes = 60   iCnt = 118 
Info: MYD88_Q8R550_x1 model_5_multimer_v2_p1_230309_278485_recycled_19,  tol = 18.58, pLDDT = 51.88, pTM-score = 0.2546, piTM-score = 0.3260, interface-score = 0.0098, iRes = 65   iCnt = 103 
Info: MYD88_Q8R550_x1 model_5_multimer_v2_p1_230309_278485 performed 20 recycles, final tol = 23.19, pLDDT = 53.11, pTM-score = 0.2542, piTM-score = 0.5280, interface-score = 0.0046, iRes = 42   iCnt = 76  
Info: num_clusters = 1, cluster_sizes = [2],  clusters = [['MYD88_MOUSE_0', 'Q8R550_0']]

I0309 13:27:33.723985 23019239335744 run_af2c_mod.py:404] Final timings for MYD88_Q8R550_x1: {'features': 1.35, 'process_features_model_5_multimer_v2_p1_230309_278485': 0.0, 'predict_and_compile_model_5_multimer_v2_p1_230309_278485': 1527.4}
                                  
================================= 
Global information about the job: 
================================= 
  
Job owner: flobnow(42847)
Job name:  5_AF2C
Node list: ravg1073
Job start: Thu Mar  9 13:01:49 CET 2023
Job end:   Thu Mar  9 13:27:35 CET 2023
Work dir:  /raven/u/flobnow/workingLama/scripts/myRuns/Q8R550
Command:   /raven/u/flobnow/workingLama/scripts/myRuns/Q8R550/script2_comp_model_5.sh
  
  
  
==========================================================================================
Information on jobsteps (Note: MaxRSS/AveRSS is the maximum/average over all 
tasks of the per-task memory high-water marks; cf. "man sacct"): 
==========================================================================================
  
JobID            JobName NNodes NTasks  NCPUS        0.00M        0.00M    Elapsed ExitCode
------------- ---------- ------ ------ ------ ------------ ------------ ---------- --------
4388072           5_AF2C      1           108                             00:25:46      0:0
4388072.0        python3      1      1    108    30207.51M    30207.51M   00:25:44      0:0
  
Maximum memory per node: 31.674868 GB (defined as MaxRSS*Ntasks/NNodes)
CPU utilization: 1.9 %
  
