Info: input file name is Q9Z2I9
Info: input target list is /u/flobnow/workingLama/scripts/myRuns/Q9Z2I9/target.lst
Info: input feature directory is /u/flobnow/workingLama/feature_files
Info: result output directory is /u/flobnow/workingLama/output_files
Info: model preset is multimer_np
Info: msa pairing is all
Info: recycling setting is 1
Info: using preset super2
Info: set num_ensemble = 2
Info: set max_recyles = 20
Info: set recycle_tol = 0.1
Info: mas_pairing mode is all
I0306 18:02:29.821471 23209711384384 tpu_client.py:54] Starting the local TPU driver.
I0306 18:02:29.821886 23209711384384 xla_bridge.py:212] Unable to initialize backend 'tpu_driver': Not found: Unable to find driver in registry given worker: local://
I0306 18:02:30.194307 23209711384384 xla_bridge.py:212] Unable to initialize backend 'tpu': Invalid argument: TpuPlatform is not available.
I0306 18:02:32.968209 23209711384384 run_af2c_mod.py:481] Have 1 models: ['model_1_multimer_v2_p1']
Info: working on target MYD88_Q9Z2I9_x1
I0306 18:02:34.970816 23209711384384 run_af2c_mod.py:512] Using random seed 6440997781445984335 for the data pipeline
Info: MYD88_Q9Z2I9_x1 found monomer MYD88_MOUSE msa_depth = 3425, seq_len = 296, num_templ = 20
Info: MYD88_MOUSE reducing the number of structural templates to 4
Info: MYD88_Q9Z2I9_x1 found monomer Q9Z2I9 msa_depth = 40151, seq_len = 463, num_templ = 20
Info: Q9Z2I9 MSA size is too large, reducing to 10000
Info: Q9Z2I9 reducing the number of structural templates to 4
Info: 2 chain(s) to model {'A': 'MYD88_MOUSE_1', 'B': 'Q9Z2I9_1'}
Info: modeling MYD88_Q9Z2I9_x1 with msa_depth = 6771, seq_len = 759, num_templ = 8
I0306 18:02:36.301375 23209711384384 run_af2c_mod.py:216] Running model model_1_multimer_v2_p1_230306_984335
I0306 18:02:36.301860 23209711384384 model.py:205] Running predict with shape(feat) = {'msa': (6771, 759), 'bert_mask': (6771, 759), 'num_alignments': (), 'aatype': (759,), 'seq_length': (), 'template_aatype': (8, 759), 'template_all_atom_mask': (8, 759, 37), 'template_all_atom_positions': (8, 759, 37, 3), 'all_atom_positions': (759, 37, 3), 'template_domain_names': (8,), 'asym_id': (759,), 'sym_id': (759,), 'entity_id': (759,), 'residue_index': (759,), 'deletion_matrix': (6771, 759), 'seq_mask': (759,), 'msa_mask': (6771, 759), 'cluster_bias_mask': (6771,), 'pdb_residue_index': (759,)}
I0306 18:17:18.199656 23209711384384 run_af2c_mod.py:270] Total JAX model model_1_multimer_v2_p1_230306_984335 predict time (includes compilation time): 881.9 seconds
Info: MYD88_Q9Z2I9_x1 model_1_multimer_v2_p1_230306_984335_recycled_00,  tol =   inf, pLDDT = 77.45, pTM-score = 0.5095, piTM-score = 0.2008, interface-score = 0.0398, iRes = 32   iCnt = 23  
Info: MYD88_Q9Z2I9_x1 model_1_multimer_v2_p1_230306_984335_recycled_01,  tol = 58.88, pLDDT = 80.37, pTM-score = 0.5134, piTM-score = 0.0550, interface-score = 0.0022, iRes = 21   iCnt = 22  
Info: MYD88_Q9Z2I9_x1 model_1_multimer_v2_p1_230306_984335_recycled_02,  tol = 11.31, pLDDT = 79.04, pTM-score = 0.5714, piTM-score = 0.5408, interface-score = 0.0324, iRes = 63   iCnt = 134 
Info: MYD88_Q9Z2I9_x1 model_1_multimer_v2_p1_230306_984335_recycled_03,  tol = 13.32, pLDDT = 81.18, pTM-score = 0.5367, piTM-score = 0.0772, interface-score = 0.0015, iRes = 22   iCnt = 21  
Info: MYD88_Q9Z2I9_x1 model_1_multimer_v2_p1_230306_984335_recycled_04,  tol =  6.99, pLDDT = 80.28, pTM-score = 0.5629, piTM-score = 0.1707, interface-score = 0.0034, iRes = 24   iCnt = 31  
Info: MYD88_Q9Z2I9_x1 model_1_multimer_v2_p1_230306_984335_recycled_05,  tol =  9.93, pLDDT = 81.67, pTM-score = 0.5245, piTM-score = 0.0147, interface-score = 0.0001, iRes = 9    iCnt = 8   
Info: MYD88_Q9Z2I9_x1 model_1_multimer_v2_p1_230306_984335_recycled_06,  tol =  9.63, pLDDT = 82.04, pTM-score = 0.5285, piTM-score = 0.0322, interface-score = 0.0004, iRes = 18   iCnt = 19  
Info: MYD88_Q9Z2I9_x1 model_1_multimer_v2_p1_230306_984335_recycled_07,  tol =  6.79, pLDDT = 81.64, pTM-score = 0.5272, piTM-score = 0.0399, interface-score = 0.0004, iRes = 19   iCnt = 20  
Info: MYD88_Q9Z2I9_x1 model_1_multimer_v2_p1_230306_984335_recycled_08,  tol =  4.66, pLDDT = 81.90, pTM-score = 0.5263, piTM-score = 0.0142, interface-score = 0.0002, iRes = 10   iCnt = 5   
Info: MYD88_Q9Z2I9_x1 model_1_multimer_v2_p1_230306_984335_recycled_09,  tol =  7.25, pLDDT = 81.83, pTM-score = 0.5415, piTM-score = 0.0527, interface-score = 0.0008, iRes = 14   iCnt = 13  
Info: MYD88_Q9Z2I9_x1 model_1_multimer_v2_p1_230306_984335_recycled_10,  tol =  6.84, pLDDT = 81.76, pTM-score = 0.5419, piTM-score = 0.0780, interface-score = 0.0015, iRes = 19   iCnt = 18  
Info: MYD88_Q9Z2I9_x1 model_1_multimer_v2_p1_230306_984335_recycled_11,  tol =  2.45, pLDDT = 81.94, pTM-score = 0.5511, piTM-score = 0.0802, interface-score = 0.0020, iRes = 20   iCnt = 19  
Info: MYD88_Q9Z2I9_x1 model_1_multimer_v2_p1_230306_984335_recycled_12,  tol =  1.78, pLDDT = 82.44, pTM-score = 0.5651, piTM-score = 0.2392, interface-score = 0.0537, iRes = 32   iCnt = 29  
Info: MYD88_Q9Z2I9_x1 model_1_multimer_v2_p1_230306_984335_recycled_13,  tol =  8.27, pLDDT = 82.65, pTM-score = 0.5874, piTM-score = 0.3506, interface-score = 0.1727, iRes = 46   iCnt = 41  
Info: MYD88_Q9Z2I9_x1 model_1_multimer_v2_p1_230306_984335_recycled_14,  tol =  4.07, pLDDT = 82.69, pTM-score = 0.5890, piTM-score = 0.3499, interface-score = 0.1652, iRes = 48   iCnt = 43  
Info: MYD88_Q9Z2I9_x1 model_1_multimer_v2_p1_230306_984335_recycled_15,  tol =  2.86, pLDDT = 82.43, pTM-score = 0.5777, piTM-score = 0.3316, interface-score = 0.1277, iRes = 47   iCnt = 42  
Info: MYD88_Q9Z2I9_x1 model_1_multimer_v2_p1_230306_984335_recycled_16,  tol =  3.33, pLDDT = 82.48, pTM-score = 0.5794, piTM-score = 0.3561, interface-score = 0.1365, iRes = 48   iCnt = 43  
Info: MYD88_Q9Z2I9_x1 model_1_multimer_v2_p1_230306_984335_recycled_17,  tol =  2.16, pLDDT = 82.54, pTM-score = 0.5865, piTM-score = 0.3417, interface-score = 0.1517, iRes = 46   iCnt = 43  
Info: MYD88_Q9Z2I9_x1 model_1_multimer_v2_p1_230306_984335_recycled_18,  tol =  3.57, pLDDT = 82.98, pTM-score = 0.5968, piTM-score = 0.3774, interface-score = 0.1813, iRes = 51   iCnt = 47  
Info: MYD88_Q9Z2I9_x1 model_1_multimer_v2_p1_230306_984335_recycled_19,  tol =  1.68, pLDDT = 82.62, pTM-score = 0.5841, piTM-score = 0.3513, interface-score = 0.1573, iRes = 48   iCnt = 46  
Info: MYD88_Q9Z2I9_x1 model_1_multimer_v2_p1_230306_984335 performed 20 recycles, final tol = 1.31, pLDDT = 82.25, pTM-score = 0.5814, piTM-score = 0.3421, interface-score = 0.1506, iRes = 48   iCnt = 46  
Info: num_clusters = 1, cluster_sizes = [2],  clusters = [['MYD88_MOUSE_0', 'Q9Z2I9_0']]

I0306 18:17:21.233487 23209711384384 run_af2c_mod.py:404] Final timings for MYD88_Q9Z2I9_x1: {'features': 1.33, 'process_features_model_1_multimer_v2_p1_230306_984335': 0.0, 'predict_and_compile_model_1_multimer_v2_p1_230306_984335': 881.9}
                                  
================================= 
Global information about the job: 
================================= 
  
Job owner: flobnow(42847)
Job name:  1_AF2C
Node list: ravg1106
Job start: Mon Mar  6 18:02:22 CET 2023
Job end:   Mon Mar  6 18:17:23 CET 2023
Work dir:  /raven/u/flobnow/workingLama/scripts/myRuns/Q9Z2I9
Command:   /raven/u/flobnow/workingLama/scripts/myRuns/Q9Z2I9/script2_comp_model_1.sh
  
  
  
==========================================================================================
Information on jobsteps (Note: MaxRSS/AveRSS is the maximum/average over all 
tasks of the per-task memory high-water marks; cf. "man sacct"): 
==========================================================================================
  
JobID            JobName NNodes NTasks  NCPUS        0.00M        0.00M    Elapsed ExitCode
------------- ---------- ------ ------ ------ ------------ ------------ ---------- --------
4365589           1_AF2C      1           108                             00:15:01      0:0
4365589.0        python3      1      1    108    23612.30M    23612.30M   00:14:59      0:0
  
Maximum memory per node: 24.759292 GB (defined as MaxRSS*Ntasks/NNodes)
CPU utilization: 1.9 %
  
Info: input file name is Q9Z2I9
Info: input target list is /u/flobnow/workingLama/scripts/myRuns/Q9Z2I9/target.lst
Info: input feature directory is /u/flobnow/workingLama/feature_files
Info: result output directory is /u/flobnow/workingLama/output_files
Info: model preset is multimer_np
Info: msa pairing is all
Info: recycling setting is 1
Info: using preset super2
Info: set num_ensemble = 2
Info: set max_recyles = 20
Info: set recycle_tol = 0.1
Info: mas_pairing mode is all
I0306 18:11:53.806790 22745588574016 tpu_client.py:54] Starting the local TPU driver.
I0306 18:11:53.807198 22745588574016 xla_bridge.py:212] Unable to initialize backend 'tpu_driver': Not found: Unable to find driver in registry given worker: local://
I0306 18:11:54.180799 22745588574016 xla_bridge.py:212] Unable to initialize backend 'tpu': Invalid argument: TpuPlatform is not available.
I0306 18:11:56.943841 22745588574016 run_af2c_mod.py:481] Have 1 models: ['model_2_multimer_v2_p1']
Info: working on target MYD88_Q9Z2I9_x1
I0306 18:12:00.948454 22745588574016 run_af2c_mod.py:512] Using random seed 1268485828705409821 for the data pipeline
Info: MYD88_Q9Z2I9_x1 found monomer MYD88_MOUSE msa_depth = 3425, seq_len = 296, num_templ = 20
Info: MYD88_MOUSE reducing the number of structural templates to 4
Info: MYD88_Q9Z2I9_x1 found monomer Q9Z2I9 msa_depth = 40151, seq_len = 463, num_templ = 20
Info: Q9Z2I9 MSA size is too large, reducing to 10000
Info: Q9Z2I9 reducing the number of structural templates to 4
Info: 2 chain(s) to model {'A': 'MYD88_MOUSE_1', 'B': 'Q9Z2I9_1'}
Info: modeling MYD88_Q9Z2I9_x1 with msa_depth = 6771, seq_len = 759, num_templ = 8
I0306 18:12:02.082891 22745588574016 run_af2c_mod.py:216] Running model model_2_multimer_v2_p1_230306_409821
I0306 18:12:02.083374 22745588574016 model.py:205] Running predict with shape(feat) = {'msa': (6771, 759), 'bert_mask': (6771, 759), 'num_alignments': (), 'aatype': (759,), 'seq_length': (), 'template_aatype': (8, 759), 'template_all_atom_mask': (8, 759, 37), 'template_all_atom_positions': (8, 759, 37, 3), 'all_atom_positions': (759, 37, 3), 'template_domain_names': (8,), 'asym_id': (759,), 'sym_id': (759,), 'entity_id': (759,), 'residue_index': (759,), 'deletion_matrix': (6771, 759), 'seq_mask': (759,), 'msa_mask': (6771, 759), 'cluster_bias_mask': (6771,), 'pdb_residue_index': (759,)}
I0306 18:26:37.011840 22745588574016 run_af2c_mod.py:270] Total JAX model model_2_multimer_v2_p1_230306_409821 predict time (includes compilation time): 874.9 seconds
Info: MYD88_Q9Z2I9_x1 model_2_multimer_v2_p1_230306_409821_recycled_00,  tol =   inf, pLDDT = 75.47, pTM-score = 0.4318, piTM-score = 0.0722, interface-score = 0.0005, iRes = 19   iCnt = 19  
Info: MYD88_Q9Z2I9_x1 model_2_multimer_v2_p1_230306_409821_recycled_01,  tol = 64.12, pLDDT = 77.84, pTM-score = 0.4627, piTM-score = 0.0194, interface-score = 0.0001, iRes = 9    iCnt = 7   
Info: MYD88_Q9Z2I9_x1 model_2_multimer_v2_p1_230306_409821_recycled_02,  tol =  6.37, pLDDT = 78.70, pTM-score = 0.4676, piTM-score = 0.0098, interface-score = 0.0001, iRes = 6    iCnt = 3   
Info: MYD88_Q9Z2I9_x1 model_2_multimer_v2_p1_230306_409821_recycled_03,  tol =  2.55, pLDDT = 79.02, pTM-score = 0.4718, piTM-score = 0.0850, interface-score = 0.0015, iRes = 21   iCnt = 22  
Info: MYD88_Q9Z2I9_x1 model_2_multimer_v2_p1_230306_409821_recycled_04,  tol =  4.28, pLDDT = 78.77, pTM-score = 0.4695, piTM-score = 0.0728, interface-score = 0.0013, iRes = 19   iCnt = 21  
Info: MYD88_Q9Z2I9_x1 model_2_multimer_v2_p1_230306_409821_recycled_05,  tol =  4.42, pLDDT = 78.47, pTM-score = 0.4684, piTM-score = 0.0723, interface-score = 0.0010, iRes = 18   iCnt = 18  
Info: MYD88_Q9Z2I9_x1 model_2_multimer_v2_p1_230306_409821_recycled_06,  tol =  0.93, pLDDT = 78.59, pTM-score = 0.4688, piTM-score = 0.0514, interface-score = 0.0007, iRes = 16   iCnt = 16  
Info: MYD88_Q9Z2I9_x1 model_2_multimer_v2_p1_230306_409821_recycled_07,  tol =  2.87, pLDDT = 78.73, pTM-score = 0.4662, piTM-score = 0.0661, interface-score = 0.0006, iRes = 16   iCnt = 15  
Info: MYD88_Q9Z2I9_x1 model_2_multimer_v2_p1_230306_409821_recycled_08,  tol =  3.08, pLDDT = 78.60, pTM-score = 0.4685, piTM-score = 0.0685, interface-score = 0.0006, iRes = 17   iCnt = 15  
Info: MYD88_Q9Z2I9_x1 model_2_multimer_v2_p1_230306_409821_recycled_09,  tol =  1.44, pLDDT = 78.62, pTM-score = 0.4674, piTM-score = 0.0364, interface-score = 0.0004, iRes = 13   iCnt = 14  
Info: MYD88_Q9Z2I9_x1 model_2_multimer_v2_p1_230306_409821_recycled_10,  tol =  1.66, pLDDT = 78.48, pTM-score = 0.4685, piTM-score = 0.0758, interface-score = 0.0007, iRes = 17   iCnt = 16  
Info: MYD88_Q9Z2I9_x1 model_2_multimer_v2_p1_230306_409821_recycled_11,  tol =  0.99, pLDDT = 78.69, pTM-score = 0.4677, piTM-score = 0.0372, interface-score = 0.0003, iRes = 11   iCnt = 12  
Info: MYD88_Q9Z2I9_x1 model_2_multimer_v2_p1_230306_409821_recycled_12,  tol =  1.45, pLDDT = 78.78, pTM-score = 0.4679, piTM-score = 0.0602, interface-score = 0.0007, iRes = 16   iCnt = 16  
Info: MYD88_Q9Z2I9_x1 model_2_multimer_v2_p1_230306_409821_recycled_13,  tol =  0.71, pLDDT = 78.73, pTM-score = 0.4702, piTM-score = 0.0298, interface-score = 0.0005, iRes = 15   iCnt = 13  
Info: MYD88_Q9Z2I9_x1 model_2_multimer_v2_p1_230306_409821_recycled_14,  tol =  5.49, pLDDT = 78.80, pTM-score = 0.4660, piTM-score = 0.0338, interface-score = 0.0005, iRes = 17   iCnt = 13  
Info: MYD88_Q9Z2I9_x1 model_2_multimer_v2_p1_230306_409821_recycled_15,  tol =  1.84, pLDDT = 78.66, pTM-score = 0.4660, piTM-score = 0.0586, interface-score = 0.0007, iRes = 19   iCnt = 16  
Info: MYD88_Q9Z2I9_x1 model_2_multimer_v2_p1_230306_409821_recycled_16,  tol =  4.10, pLDDT = 78.69, pTM-score = 0.4658, piTM-score = 0.0230, interface-score = 0.0003, iRes = 12   iCnt = 9   
Info: MYD88_Q9Z2I9_x1 model_2_multimer_v2_p1_230306_409821_recycled_17,  tol =  4.53, pLDDT = 78.57, pTM-score = 0.4648, piTM-score = 0.0467, interface-score = 0.0005, iRes = 16   iCnt = 13  
Info: MYD88_Q9Z2I9_x1 model_2_multimer_v2_p1_230306_409821_recycled_18,  tol =  1.26, pLDDT = 78.33, pTM-score = 0.4619, piTM-score = 0.0764, interface-score = 0.0008, iRes = 17   iCnt = 15  
Info: MYD88_Q9Z2I9_x1 model_2_multimer_v2_p1_230306_409821_recycled_19,  tol =  3.75, pLDDT = 78.26, pTM-score = 0.4633, piTM-score = 0.0493, interface-score = 0.0004, iRes = 14   iCnt = 13  
Info: MYD88_Q9Z2I9_x1 model_2_multimer_v2_p1_230306_409821 performed 20 recycles, final tol = 1.25, pLDDT = 78.33, pTM-score = 0.4680, piTM-score = 0.0318, interface-score = 0.0003, iRes = 11   iCnt = 9   
Info: num_clusters = 2, cluster_sizes = [1, 1],  clusters = [['MYD88_MOUSE_0'], ['Q9Z2I9_0']]

I0306 18:26:40.031784 22745588574016 run_af2c_mod.py:404] Final timings for MYD88_Q9Z2I9_x1: {'features': 1.13, 'process_features_model_2_multimer_v2_p1_230306_409821': 0.0, 'predict_and_compile_model_2_multimer_v2_p1_230306_409821': 874.9}
                                  
================================= 
Global information about the job: 
================================= 
  
Job owner: flobnow(42847)
Job name:  2_AF2C
Node list: ravg1026
Job start: Mon Mar  6 18:11:44 CET 2023
Job end:   Mon Mar  6 18:26:41 CET 2023
Work dir:  /raven/u/flobnow/workingLama/scripts/myRuns/Q9Z2I9
Command:   /raven/u/flobnow/workingLama/scripts/myRuns/Q9Z2I9/script2_comp_model_2.sh
  
  
  
==========================================================================================
Information on jobsteps (Note: MaxRSS/AveRSS is the maximum/average over all 
tasks of the per-task memory high-water marks; cf. "man sacct"): 
==========================================================================================
  
JobID            JobName NNodes NTasks  NCPUS        0.00M        0.00M    Elapsed ExitCode
------------- ---------- ------ ------ ------ ------------ ------------ ---------- --------
4365592           2_AF2C      1           108                             00:14:57      0:0
4365592.0        python3      1      1    108    23727.85M    23727.85M   00:14:53      0:0
  
Maximum memory per node: 24.880452 GB (defined as MaxRSS*Ntasks/NNodes)
CPU utilization: 1.9 %
  
Info: input file name is Q9Z2I9
Info: input target list is /u/flobnow/workingLama/scripts/myRuns/Q9Z2I9/target.lst
Info: input feature directory is /u/flobnow/workingLama/feature_files
Info: result output directory is /u/flobnow/workingLama/output_files
Info: model preset is multimer_np
Info: msa pairing is all
Info: recycling setting is 1
Info: using preset super2
Info: set num_ensemble = 2
Info: set max_recyles = 20
Info: set recycle_tol = 0.1
Info: mas_pairing mode is all
I0306 19:30:53.285518 22761863661376 tpu_client.py:54] Starting the local TPU driver.
I0306 19:30:53.285919 22761863661376 xla_bridge.py:212] Unable to initialize backend 'tpu_driver': Not found: Unable to find driver in registry given worker: local://
I0306 19:30:53.657739 22761863661376 xla_bridge.py:212] Unable to initialize backend 'tpu': Invalid argument: TpuPlatform is not available.
I0306 19:30:56.418142 22761863661376 run_af2c_mod.py:481] Have 1 models: ['model_3_multimer_v2_p1']
Info: working on target MYD88_Q9Z2I9_x1
I0306 19:30:58.420408 22761863661376 run_af2c_mod.py:512] Using random seed 3278403312336977247 for the data pipeline
Info: MYD88_Q9Z2I9_x1 found monomer MYD88_MOUSE msa_depth = 3425, seq_len = 296, num_templ = 20
Info: MYD88_MOUSE reducing the number of structural templates to 4
Info: MYD88_Q9Z2I9_x1 found monomer Q9Z2I9 msa_depth = 40151, seq_len = 463, num_templ = 20
Info: Q9Z2I9 MSA size is too large, reducing to 10000
Info: Q9Z2I9 reducing the number of structural templates to 4
Info: 2 chain(s) to model {'A': 'MYD88_MOUSE_1', 'B': 'Q9Z2I9_1'}
Info: modeling MYD88_Q9Z2I9_x1 with msa_depth = 6771, seq_len = 759, num_templ = 8
I0306 19:30:59.743966 22761863661376 run_af2c_mod.py:216] Running model model_3_multimer_v2_p1_230306_977247
I0306 19:30:59.744472 22761863661376 model.py:205] Running predict with shape(feat) = {'msa': (6771, 759), 'bert_mask': (6771, 759), 'num_alignments': (), 'aatype': (759,), 'seq_length': (), 'template_aatype': (8, 759), 'template_all_atom_mask': (8, 759, 37), 'template_all_atom_positions': (8, 759, 37, 3), 'all_atom_positions': (759, 37, 3), 'template_domain_names': (8,), 'asym_id': (759,), 'sym_id': (759,), 'entity_id': (759,), 'residue_index': (759,), 'deletion_matrix': (6771, 759), 'seq_mask': (759,), 'msa_mask': (6771, 759), 'cluster_bias_mask': (6771,), 'pdb_residue_index': (759,)}
I0306 19:45:41.629239 22761863661376 run_af2c_mod.py:270] Total JAX model model_3_multimer_v2_p1_230306_977247 predict time (includes compilation time): 881.9 seconds
Info: MYD88_Q9Z2I9_x1 model_3_multimer_v2_p1_230306_977247_recycled_00,  tol =   inf, pLDDT = 76.63, pTM-score = 0.4775, piTM-score = 0.0315, interface-score = 0.0007, iRes = 18   iCnt = 14  
Info: MYD88_Q9Z2I9_x1 model_3_multimer_v2_p1_230306_977247_recycled_01,  tol = 63.09, pLDDT = 78.32, pTM-score = 0.4941, piTM-score = 0.0756, interface-score = 0.0012, iRes = 19   iCnt = 17  
Info: MYD88_Q9Z2I9_x1 model_3_multimer_v2_p1_230306_977247_recycled_02,  tol =  9.88, pLDDT = 78.91, pTM-score = 0.4980, piTM-score = 0.2564, interface-score = 0.0318, iRes = 38   iCnt = 46  
Info: MYD88_Q9Z2I9_x1 model_3_multimer_v2_p1_230306_977247_recycled_03,  tol =  8.68, pLDDT = 80.44, pTM-score = 0.5103, piTM-score = 0.2261, interface-score = 0.0487, iRes = 32   iCnt = 26  
Info: MYD88_Q9Z2I9_x1 model_3_multimer_v2_p1_230306_977247_recycled_04,  tol =  5.51, pLDDT = 80.13, pTM-score = 0.5128, piTM-score = 0.2335, interface-score = 0.0569, iRes = 34   iCnt = 29  
Info: MYD88_Q9Z2I9_x1 model_3_multimer_v2_p1_230306_977247_recycled_05,  tol =  2.24, pLDDT = 80.07, pTM-score = 0.5094, piTM-score = 0.2379, interface-score = 0.0441, iRes = 38   iCnt = 34  
Info: MYD88_Q9Z2I9_x1 model_3_multimer_v2_p1_230306_977247_recycled_06,  tol =  2.04, pLDDT = 79.99, pTM-score = 0.5048, piTM-score = 0.1883, interface-score = 0.0251, iRes = 29   iCnt = 28  
Info: MYD88_Q9Z2I9_x1 model_3_multimer_v2_p1_230306_977247_recycled_07,  tol =  1.14, pLDDT = 78.98, pTM-score = 0.4964, piTM-score = 0.1214, interface-score = 0.0054, iRes = 24   iCnt = 23  
Info: MYD88_Q9Z2I9_x1 model_3_multimer_v2_p1_230306_977247_recycled_08,  tol =  6.10, pLDDT = 80.15, pTM-score = 0.5059, piTM-score = 0.1904, interface-score = 0.0308, iRes = 31   iCnt = 29  
Info: MYD88_Q9Z2I9_x1 model_3_multimer_v2_p1_230306_977247_recycled_09,  tol =  5.97, pLDDT = 80.13, pTM-score = 0.5096, piTM-score = 0.2495, interface-score = 0.0375, iRes = 35   iCnt = 33  
Info: MYD88_Q9Z2I9_x1 model_3_multimer_v2_p1_230306_977247_recycled_10,  tol =  2.89, pLDDT = 79.85, pTM-score = 0.5053, piTM-score = 0.1287, interface-score = 0.0143, iRes = 26   iCnt = 25  
Info: MYD88_Q9Z2I9_x1 model_3_multimer_v2_p1_230306_977247_recycled_11,  tol =  1.60, pLDDT = 79.80, pTM-score = 0.5069, piTM-score = 0.2064, interface-score = 0.0257, iRes = 33   iCnt = 31  
Info: MYD88_Q9Z2I9_x1 model_3_multimer_v2_p1_230306_977247_recycled_12,  tol =  1.23, pLDDT = 80.03, pTM-score = 0.5084, piTM-score = 0.2283, interface-score = 0.0432, iRes = 35   iCnt = 34  
Info: MYD88_Q9Z2I9_x1 model_3_multimer_v2_p1_230306_977247_recycled_13,  tol =  1.64, pLDDT = 80.17, pTM-score = 0.5139, piTM-score = 0.2384, interface-score = 0.0499, iRes = 37   iCnt = 35  
Info: MYD88_Q9Z2I9_x1 model_3_multimer_v2_p1_230306_977247_recycled_14,  tol =  1.74, pLDDT = 79.97, pTM-score = 0.5058, piTM-score = 0.1417, interface-score = 0.0162, iRes = 27   iCnt = 27  
Info: MYD88_Q9Z2I9_x1 model_3_multimer_v2_p1_230306_977247_recycled_15,  tol =  1.52, pLDDT = 79.30, pTM-score = 0.4963, piTM-score = 0.1655, interface-score = 0.0094, iRes = 28   iCnt = 29  
Info: MYD88_Q9Z2I9_x1 model_3_multimer_v2_p1_230306_977247_recycled_16,  tol =  3.11, pLDDT = 80.30, pTM-score = 0.5090, piTM-score = 0.0870, interface-score = 0.0095, iRes = 22   iCnt = 22  
Info: MYD88_Q9Z2I9_x1 model_3_multimer_v2_p1_230306_977247_recycled_17,  tol =  3.83, pLDDT = 80.10, pTM-score = 0.5126, piTM-score = 0.1602, interface-score = 0.0261, iRes = 26   iCnt = 25  
Info: MYD88_Q9Z2I9_x1 model_3_multimer_v2_p1_230306_977247_recycled_18,  tol =  3.43, pLDDT = 80.42, pTM-score = 0.5173, piTM-score = 0.2864, interface-score = 0.0679, iRes = 42   iCnt = 37  
Info: MYD88_Q9Z2I9_x1 model_3_multimer_v2_p1_230306_977247_recycled_19,  tol =  3.18, pLDDT = 80.10, pTM-score = 0.5106, piTM-score = 0.2086, interface-score = 0.0350, iRes = 32   iCnt = 31  
Info: MYD88_Q9Z2I9_x1 model_3_multimer_v2_p1_230306_977247 performed 20 recycles, final tol = 1.49, pLDDT = 78.99, pTM-score = 0.5025, piTM-score = 0.1983, interface-score = 0.0198, iRes = 30   iCnt = 34  
Info: num_clusters = 1, cluster_sizes = [2],  clusters = [['MYD88_MOUSE_0', 'Q9Z2I9_0']]

I0306 19:45:44.713407 22761863661376 run_af2c_mod.py:404] Final timings for MYD88_Q9Z2I9_x1: {'features': 1.32, 'process_features_model_3_multimer_v2_p1_230306_977247': 0.0, 'predict_and_compile_model_3_multimer_v2_p1_230306_977247': 881.9}
                                  
================================= 
Global information about the job: 
================================= 
  
Job owner: flobnow(42847)
Job name:  3_AF2C
Node list: ravg1094
Job start: Mon Mar  6 19:30:29 CET 2023
Job end:   Mon Mar  6 19:45:47 CET 2023
Work dir:  /raven/u/flobnow/workingLama/scripts/myRuns/Q9Z2I9
Command:   /raven/u/flobnow/workingLama/scripts/myRuns/Q9Z2I9/script2_comp_model_3.sh
  
  
  
==========================================================================================
Information on jobsteps (Note: MaxRSS/AveRSS is the maximum/average over all 
tasks of the per-task memory high-water marks; cf. "man sacct"): 
==========================================================================================
  
JobID            JobName NNodes NTasks  NCPUS        0.00M        0.00M    Elapsed ExitCode
------------- ---------- ------ ------ ------ ------------ ------------ ---------- --------
4365627           3_AF2C      1           108                             00:15:18      0:0
4365627.0        python3      1      1    108    24061.71M    24061.71M   00:15:14      0:0
  
Maximum memory per node: 25.230529 GB (defined as MaxRSS*Ntasks/NNodes)
CPU utilization: 1.9 %
  
Info: input file name is Q9Z2I9
Info: input target list is /u/flobnow/workingLama/scripts/myRuns/Q9Z2I9/target.lst
Info: input feature directory is /u/flobnow/workingLama/feature_files
Info: result output directory is /u/flobnow/workingLama/output_files
Info: model preset is multimer_np
Info: msa pairing is all
Info: recycling setting is 1
Info: using preset super2
Info: set num_ensemble = 2
Info: set max_recyles = 20
Info: set recycle_tol = 0.1
Info: mas_pairing mode is all
I0306 19:56:05.470235 23362814293824 tpu_client.py:54] Starting the local TPU driver.
I0306 19:56:05.470611 23362814293824 xla_bridge.py:212] Unable to initialize backend 'tpu_driver': Not found: Unable to find driver in registry given worker: local://
I0306 19:56:05.844138 23362814293824 xla_bridge.py:212] Unable to initialize backend 'tpu': Invalid argument: TpuPlatform is not available.
I0306 19:56:08.669564 23362814293824 run_af2c_mod.py:481] Have 1 models: ['model_4_multimer_v2_p1']
Info: working on target MYD88_Q9Z2I9_x1
I0306 19:56:09.670789 23362814293824 run_af2c_mod.py:512] Using random seed 402739607710151049 for the data pipeline
Info: MYD88_Q9Z2I9_x1 found monomer MYD88_MOUSE msa_depth = 3425, seq_len = 296, num_templ = 20
Info: MYD88_MOUSE reducing the number of structural templates to 4
Info: MYD88_Q9Z2I9_x1 found monomer Q9Z2I9 msa_depth = 40151, seq_len = 463, num_templ = 20
Info: Q9Z2I9 MSA size is too large, reducing to 10000
Info: Q9Z2I9 reducing the number of structural templates to 4
Info: 2 chain(s) to model {'A': 'MYD88_MOUSE_1', 'B': 'Q9Z2I9_1'}
Info: modeling MYD88_Q9Z2I9_x1 with msa_depth = 6771, seq_len = 759, num_templ = 8
I0306 19:56:11.265753 23362814293824 run_af2c_mod.py:216] Running model model_4_multimer_v2_p1_230306_151049
I0306 19:56:11.266223 23362814293824 model.py:205] Running predict with shape(feat) = {'msa': (6771, 759), 'bert_mask': (6771, 759), 'num_alignments': (), 'aatype': (759,), 'seq_length': (), 'template_aatype': (8, 759), 'template_all_atom_mask': (8, 759, 37), 'template_all_atom_positions': (8, 759, 37, 3), 'all_atom_positions': (759, 37, 3), 'template_domain_names': (8,), 'asym_id': (759,), 'sym_id': (759,), 'entity_id': (759,), 'residue_index': (759,), 'deletion_matrix': (6771, 759), 'seq_mask': (759,), 'msa_mask': (6771, 759), 'cluster_bias_mask': (6771,), 'pdb_residue_index': (759,)}
I0306 20:10:48.119619 23362814293824 run_af2c_mod.py:270] Total JAX model model_4_multimer_v2_p1_230306_151049 predict time (includes compilation time): 876.9 seconds
Info: MYD88_Q9Z2I9_x1 model_4_multimer_v2_p1_230306_151049_recycled_00,  tol =   inf, pLDDT = 77.14, pTM-score = 0.4972, piTM-score = 0.0331, interface-score = 0.0004, iRes = 16   iCnt = 13  
Info: MYD88_Q9Z2I9_x1 model_4_multimer_v2_p1_230306_151049_recycled_01,  tol = 62.38, pLDDT = 79.07, pTM-score = 0.5127, piTM-score = 0.0082, interface-score = 0.0000, iRes = 6    iCnt = 5   
Info: MYD88_Q9Z2I9_x1 model_4_multimer_v2_p1_230306_151049_recycled_02,  tol =  6.45, pLDDT = 79.87, pTM-score = 0.5108, piTM-score = 0.0130, interface-score = 0.0001, iRes = 7    iCnt = 5   
Info: MYD88_Q9Z2I9_x1 model_4_multimer_v2_p1_230306_151049_recycled_03,  tol =  3.57, pLDDT = 80.04, pTM-score = 0.5094, piTM-score = 0.0361, interface-score = 0.0002, iRes = 13   iCnt = 11  
Info: MYD88_Q9Z2I9_x1 model_4_multimer_v2_p1_230306_151049_recycled_04,  tol =  2.69, pLDDT = 79.66, pTM-score = 0.5043, piTM-score = 0.0130, interface-score = 0.0001, iRes = 7    iCnt = 5   
Info: MYD88_Q9Z2I9_x1 model_4_multimer_v2_p1_230306_151049_recycled_05,  tol =  2.69, pLDDT = 80.36, pTM-score = 0.5095, piTM-score = 0.0150, interface-score = 0.0001, iRes = 8    iCnt = 6   
Info: MYD88_Q9Z2I9_x1 model_4_multimer_v2_p1_230306_151049_recycled_06,  tol =  1.15, pLDDT = 81.14, pTM-score = 0.5211, piTM-score = 0.0054, interface-score = 0.0000, iRes = 6    iCnt = 4   
Info: MYD88_Q9Z2I9_x1 model_4_multimer_v2_p1_230306_151049_recycled_07,  tol =  1.92, pLDDT = 80.88, pTM-score = 0.5220, piTM-score = 0.0113, interface-score = 0.0001, iRes = 8    iCnt = 5   
Info: MYD88_Q9Z2I9_x1 model_4_multimer_v2_p1_230306_151049_recycled_08,  tol =  2.12, pLDDT = 80.81, pTM-score = 0.5263, piTM-score = 0.0199, interface-score = 0.0002, iRes = 11   iCnt = 9   
Info: MYD88_Q9Z2I9_x1 model_4_multimer_v2_p1_230306_151049_recycled_09,  tol =  1.59, pLDDT = 81.03, pTM-score = 0.5260, piTM-score = 0.0228, interface-score = 0.0003, iRes = 13   iCnt = 9   
Info: MYD88_Q9Z2I9_x1 model_4_multimer_v2_p1_230306_151049_recycled_10,  tol =  2.53, pLDDT = 80.67, pTM-score = 0.5276, piTM-score = 0.0198, interface-score = 0.0004, iRes = 11   iCnt = 8   
Info: MYD88_Q9Z2I9_x1 model_4_multimer_v2_p1_230306_151049_recycled_11,  tol =  1.96, pLDDT = 80.85, pTM-score = 0.5281, piTM-score = 0.0280, interface-score = 0.0012, iRes = 16   iCnt = 11  
Info: MYD88_Q9Z2I9_x1 model_4_multimer_v2_p1_230306_151049_recycled_12,  tol =  2.04, pLDDT = 80.76, pTM-score = 0.5300, piTM-score = 0.0383, interface-score = 0.0010, iRes = 17   iCnt = 13  
Info: MYD88_Q9Z2I9_x1 model_4_multimer_v2_p1_230306_151049_recycled_13,  tol =  2.49, pLDDT = 81.10, pTM-score = 0.5315, piTM-score = 0.0239, interface-score = 0.0009, iRes = 14   iCnt = 9   
Info: MYD88_Q9Z2I9_x1 model_4_multimer_v2_p1_230306_151049_recycled_14,  tol =  1.57, pLDDT = 80.74, pTM-score = 0.5282, piTM-score = 0.0412, interface-score = 0.0011, iRes = 17   iCnt = 13  
Info: MYD88_Q9Z2I9_x1 model_4_multimer_v2_p1_230306_151049_recycled_15,  tol =  1.78, pLDDT = 80.73, pTM-score = 0.5262, piTM-score = 0.0245, interface-score = 0.0007, iRes = 14   iCnt = 10  
Info: MYD88_Q9Z2I9_x1 model_4_multimer_v2_p1_230306_151049_recycled_16,  tol =  2.15, pLDDT = 80.91, pTM-score = 0.5308, piTM-score = 0.0514, interface-score = 0.0016, iRes = 20   iCnt = 15  
Info: MYD88_Q9Z2I9_x1 model_4_multimer_v2_p1_230306_151049_recycled_17,  tol =  0.92, pLDDT = 80.98, pTM-score = 0.5306, piTM-score = 0.0479, interface-score = 0.0016, iRes = 20   iCnt = 15  
Info: MYD88_Q9Z2I9_x1 model_4_multimer_v2_p1_230306_151049_recycled_18,  tol =  0.80, pLDDT = 80.73, pTM-score = 0.5232, piTM-score = 0.0395, interface-score = 0.0005, iRes = 16   iCnt = 13  
Info: MYD88_Q9Z2I9_x1 model_4_multimer_v2_p1_230306_151049_recycled_19,  tol =  1.04, pLDDT = 81.04, pTM-score = 0.5271, piTM-score = 0.0435, interface-score = 0.0010, iRes = 18   iCnt = 14  
Info: MYD88_Q9Z2I9_x1 model_4_multimer_v2_p1_230306_151049 performed 20 recycles, final tol = 2.08, pLDDT = 81.20, pTM-score = 0.5254, piTM-score = 0.0299, interface-score = 0.0003, iRes = 14   iCnt = 13  
Info: num_clusters = 1, cluster_sizes = [2],  clusters = [['MYD88_MOUSE_0', 'Q9Z2I9_0']]

I0306 20:10:51.176778 23362814293824 run_af2c_mod.py:404] Final timings for MYD88_Q9Z2I9_x1: {'features': 1.59, 'process_features_model_4_multimer_v2_p1_230306_151049': 0.0, 'predict_and_compile_model_4_multimer_v2_p1_230306_151049': 876.9}
                                  
================================= 
Global information about the job: 
================================= 
  
Job owner: flobnow(42847)
Job name:  4_AF2C
Node list: ravg1098
Job start: Mon Mar  6 19:55:56 CET 2023
Job end:   Mon Mar  6 20:10:53 CET 2023
Work dir:  /raven/u/flobnow/workingLama/scripts/myRuns/Q9Z2I9
Command:   /raven/u/flobnow/workingLama/scripts/myRuns/Q9Z2I9/script2_comp_model_4.sh
  
  
  
==========================================================================================
Information on jobsteps (Note: MaxRSS/AveRSS is the maximum/average over all 
tasks of the per-task memory high-water marks; cf. "man sacct"): 
==========================================================================================
  
JobID            JobName NNodes NTasks  NCPUS        0.00M        0.00M    Elapsed ExitCode
------------- ---------- ------ ------ ------ ------------ ------------ ---------- --------
4365634           4_AF2C      1           108                             00:14:57      0:0
4365634.0        python3      1      1    108    23699.59M    23699.59M   00:14:55      0:0
  
Maximum memory per node: 24.850825 GB (defined as MaxRSS*Ntasks/NNodes)
CPU utilization: 1.9 %
  
Info: input file name is Q9Z2I9
Info: input target list is /u/flobnow/workingLama/scripts/myRuns/Q9Z2I9/target.lst
Info: input feature directory is /u/flobnow/workingLama/feature_files
Info: result output directory is /u/flobnow/workingLama/output_files
Info: model preset is multimer_np
Info: msa pairing is all
Info: recycling setting is 1
Info: using preset super2
Info: set num_ensemble = 2
Info: set max_recyles = 20
Info: set recycle_tol = 0.1
Info: mas_pairing mode is all
I0306 23:48:46.065852 22482171156288 tpu_client.py:54] Starting the local TPU driver.
I0306 23:48:46.066233 22482171156288 xla_bridge.py:212] Unable to initialize backend 'tpu_driver': Not found: Unable to find driver in registry given worker: local://
I0306 23:48:46.457282 22482171156288 xla_bridge.py:212] Unable to initialize backend 'tpu': Invalid argument: TpuPlatform is not available.
I0306 23:48:49.223586 22482171156288 run_af2c_mod.py:481] Have 1 models: ['model_5_multimer_v2_p1']
Info: working on target MYD88_Q9Z2I9_x1
I0306 23:48:53.227925 22482171156288 run_af2c_mod.py:512] Using random seed 6764926684253636461 for the data pipeline
Info: MYD88_Q9Z2I9_x1 found monomer MYD88_MOUSE msa_depth = 3425, seq_len = 296, num_templ = 20
Info: MYD88_MOUSE reducing the number of structural templates to 4
Info: MYD88_Q9Z2I9_x1 found monomer Q9Z2I9 msa_depth = 40151, seq_len = 463, num_templ = 20
Info: Q9Z2I9 MSA size is too large, reducing to 10000
Info: Q9Z2I9 reducing the number of structural templates to 4
Info: 2 chain(s) to model {'A': 'MYD88_MOUSE_1', 'B': 'Q9Z2I9_1'}
Info: modeling MYD88_Q9Z2I9_x1 with msa_depth = 6771, seq_len = 759, num_templ = 8
I0306 23:48:54.705516 22482171156288 run_af2c_mod.py:216] Running model model_5_multimer_v2_p1_230306_636461
I0306 23:48:54.705987 22482171156288 model.py:205] Running predict with shape(feat) = {'msa': (6771, 759), 'bert_mask': (6771, 759), 'num_alignments': (), 'aatype': (759,), 'seq_length': (), 'template_aatype': (8, 759), 'template_all_atom_mask': (8, 759, 37), 'template_all_atom_positions': (8, 759, 37, 3), 'all_atom_positions': (759, 37, 3), 'template_domain_names': (8,), 'asym_id': (759,), 'sym_id': (759,), 'entity_id': (759,), 'residue_index': (759,), 'deletion_matrix': (6771, 759), 'seq_mask': (759,), 'msa_mask': (6771, 759), 'cluster_bias_mask': (6771,), 'pdb_residue_index': (759,)}
I0307 00:03:23.197165 22482171156288 run_af2c_mod.py:270] Total JAX model model_5_multimer_v2_p1_230306_636461 predict time (includes compilation time): 868.5 seconds
Info: MYD88_Q9Z2I9_x1 model_5_multimer_v2_p1_230306_636461_recycled_00,  tol =   inf, pLDDT = 75.39, pTM-score = 0.4148, piTM-score = 0.0983, interface-score = 0.0022, iRes = 23   iCnt = 34  
Info: MYD88_Q9Z2I9_x1 model_5_multimer_v2_p1_230306_636461_recycled_01,  tol = 63.57, pLDDT = 76.81, pTM-score = 0.4396, piTM-score = 0.1184, interface-score = 0.0075, iRes = 23   iCnt = 21  
Info: MYD88_Q9Z2I9_x1 model_5_multimer_v2_p1_230306_636461_recycled_02,  tol = 20.49, pLDDT = 76.92, pTM-score = 0.4462, piTM-score = 0.0688, interface-score = 0.0015, iRes = 22   iCnt = 27  
Info: MYD88_Q9Z2I9_x1 model_5_multimer_v2_p1_230306_636461_recycled_03,  tol = 19.54, pLDDT = 77.19, pTM-score = 0.4559, piTM-score = 0.1771, interface-score = 0.0230, iRes = 32   iCnt = 29  
Info: MYD88_Q9Z2I9_x1 model_5_multimer_v2_p1_230306_636461_recycled_04,  tol =  4.21, pLDDT = 77.17, pTM-score = 0.4490, piTM-score = 0.0282, interface-score = 0.0016, iRes = 19   iCnt = 15  
Info: MYD88_Q9Z2I9_x1 model_5_multimer_v2_p1_230306_636461_recycled_05,  tol =  3.84, pLDDT = 77.19, pTM-score = 0.4445, piTM-score = 0.0298, interface-score = 0.0011, iRes = 16   iCnt = 11  
Info: MYD88_Q9Z2I9_x1 model_5_multimer_v2_p1_230306_636461_recycled_06,  tol =  6.11, pLDDT = 77.15, pTM-score = 0.4473, piTM-score = 0.0259, interface-score = 0.0006, iRes = 15   iCnt = 11  
Info: MYD88_Q9Z2I9_x1 model_5_multimer_v2_p1_230306_636461_recycled_07,  tol =  3.08, pLDDT = 77.25, pTM-score = 0.4489, piTM-score = 0.0314, interface-score = 0.0011, iRes = 18   iCnt = 14  
Info: MYD88_Q9Z2I9_x1 model_5_multimer_v2_p1_230306_636461_recycled_08,  tol =  2.73, pLDDT = 77.18, pTM-score = 0.4543, piTM-score = 0.0819, interface-score = 0.0049, iRes = 23   iCnt = 19  
Info: MYD88_Q9Z2I9_x1 model_5_multimer_v2_p1_230306_636461_recycled_09,  tol =  2.15, pLDDT = 77.15, pTM-score = 0.4525, piTM-score = 0.0237, interface-score = 0.0009, iRes = 16   iCnt = 13  
Info: MYD88_Q9Z2I9_x1 model_5_multimer_v2_p1_230306_636461_recycled_10,  tol =  1.40, pLDDT = 77.07, pTM-score = 0.4463, piTM-score = 0.0261, interface-score = 0.0005, iRes = 14   iCnt = 13  
Info: MYD88_Q9Z2I9_x1 model_5_multimer_v2_p1_230306_636461_recycled_11,  tol =  1.81, pLDDT = 77.72, pTM-score = 0.4524, piTM-score = 0.0222, interface-score = 0.0009, iRes = 15   iCnt = 12  
Info: MYD88_Q9Z2I9_x1 model_5_multimer_v2_p1_230306_636461_recycled_12,  tol =  1.52, pLDDT = 77.27, pTM-score = 0.4523, piTM-score = 0.2314, interface-score = 0.0134, iRes = 31   iCnt = 26  
Info: MYD88_Q9Z2I9_x1 model_5_multimer_v2_p1_230306_636461_recycled_13,  tol =  7.25, pLDDT = 77.16, pTM-score = 0.4491, piTM-score = 0.0306, interface-score = 0.0005, iRes = 15   iCnt = 13  
Info: MYD88_Q9Z2I9_x1 model_5_multimer_v2_p1_230306_636461_recycled_14,  tol =  6.50, pLDDT = 77.14, pTM-score = 0.4486, piTM-score = 0.0382, interface-score = 0.0008, iRes = 19   iCnt = 16  
Info: MYD88_Q9Z2I9_x1 model_5_multimer_v2_p1_230306_636461_recycled_15,  tol =  1.28, pLDDT = 77.64, pTM-score = 0.4537, piTM-score = 0.0353, interface-score = 0.0012, iRes = 20   iCnt = 17  
Info: MYD88_Q9Z2I9_x1 model_5_multimer_v2_p1_230306_636461_recycled_16,  tol =  1.43, pLDDT = 77.46, pTM-score = 0.4547, piTM-score = 0.0391, interface-score = 0.0018, iRes = 20   iCnt = 17  
Info: MYD88_Q9Z2I9_x1 model_5_multimer_v2_p1_230306_636461_recycled_17,  tol =  2.14, pLDDT = 77.44, pTM-score = 0.4523, piTM-score = 0.0378, interface-score = 0.0015, iRes = 19   iCnt = 16  
Info: MYD88_Q9Z2I9_x1 model_5_multimer_v2_p1_230306_636461_recycled_18,  tol =  2.98, pLDDT = 77.00, pTM-score = 0.4531, piTM-score = 0.3271, interface-score = 0.0327, iRes = 49   iCnt = 53  
Info: MYD88_Q9Z2I9_x1 model_5_multimer_v2_p1_230306_636461_recycled_19,  tol =  6.76, pLDDT = 77.55, pTM-score = 0.4481, piTM-score = 0.0255, interface-score = 0.0009, iRes = 17   iCnt = 13  
Info: MYD88_Q9Z2I9_x1 model_5_multimer_v2_p1_230306_636461 performed 20 recycles, final tol = 7.63, pLDDT = 77.28, pTM-score = 0.4499, piTM-score = 0.0234, interface-score = 0.0009, iRes = 16   iCnt = 11  
Info: num_clusters = 1, cluster_sizes = [2],  clusters = [['MYD88_MOUSE_0', 'Q9Z2I9_0']]

I0307 00:03:26.167506 22482171156288 run_af2c_mod.py:404] Final timings for MYD88_Q9Z2I9_x1: {'features': 1.47, 'process_features_model_5_multimer_v2_p1_230306_636461': 0.0, 'predict_and_compile_model_5_multimer_v2_p1_230306_636461': 868.5}
                                  
================================= 
Global information about the job: 
================================= 
  
Job owner: flobnow(42847)
Job name:  5_AF2C
Node list: ravg1092
Job start: Mon Mar  6 23:48:36 CET 2023
Job end:   Tue Mar  7 00:03:28 CET 2023
Work dir:  /raven/u/flobnow/workingLama/scripts/myRuns/Q9Z2I9
Command:   /raven/u/flobnow/workingLama/scripts/myRuns/Q9Z2I9/script2_comp_model_5.sh
  
  
  
==========================================================================================
Information on jobsteps (Note: MaxRSS/AveRSS is the maximum/average over all 
tasks of the per-task memory high-water marks; cf. "man sacct"): 
==========================================================================================
  
JobID            JobName NNodes NTasks  NCPUS        0.00M        0.00M    Elapsed ExitCode
------------- ---------- ------ ------ ------ ------------ ------------ ---------- --------
4365757           5_AF2C      1           108                             00:14:52      0:0
4365757.0        python3      1      1    108    23938.55M    23938.55M   00:14:48      0:0
  
Maximum memory per node: 25.101390 GB (defined as MaxRSS*Ntasks/NNodes)
CPU utilization: 1.9 %
  
Info: target file is /u/flobnow/workingLama/scripts/myRuns/Q9Z2I9/target.lst
Info: input directory of unrelaxed models is /u/flobnow/workingLama/output_files
Info: output directory of relaxed models is /u/flobnow/workingLama/output_files
/bin/sh: /mpcdf/soft/SLE_15/packages/x86_64/alphafold/2.2.0/lib/libtinfo.so.6: no version information available (required by /lib64/libreadline.so.7)
I0307 21:04:02.829420 22697692571456 run_af2c_min.py:88] MYD88_Q9Z2I9_x1 processing model_2_multimer_v2_p1_230306_409821.pdb
sh: /mpcdf/soft/SLE_15/packages/x86_64/alphafold/2.2.0/lib/libtinfo.so.6: no version information available (required by /lib64/libreadline.so.7)
sh: /mpcdf/soft/SLE_15/packages/x86_64/alphafold/2.2.0/lib/libtinfo.so.6: no version information available (required by /lib64/libreadline.so.7)
I0307 21:04:11.473116 22697692571456 amber_minimize.py:177] alterations info: {'nonstandard_residues': [], 'removed_heterogens': set(), 'missing_residues': {}, 'missing_heavy_atoms': {}, 'missing_terminals': {<Residue 295 (PRO) of chain 0>: ['OXT'], <Residue 758 (ILE) of chain 1>: ['OXT']}, 'Se_in_MET': [], 'removed_chains': {0: []}}
I0307 21:04:12.593062 22697692571456 amber_minimize.py:408] Minimizing protein, attempt 1 of 100.
I0307 21:04:13.827388 22697692571456 amber_minimize.py:69] Restraining 5879 / 11893 particles.
sh: /mpcdf/soft/SLE_15/packages/x86_64/alphafold/2.2.0/lib/libtinfo.so.6: no version information available (required by /lib64/libreadline.so.7)
I0307 21:05:27.800044 22697692571456 amber_minimize.py:177] alterations info: {'nonstandard_residues': [], 'removed_heterogens': set(), 'missing_residues': {}, 'missing_heavy_atoms': {}, 'missing_terminals': {}, 'Se_in_MET': [], 'removed_chains': {0: []}}
I0307 21:05:28.895060 22697692571456 tpu_client.py:54] Starting the local TPU driver.
I0307 21:05:28.895415 22697692571456 xla_bridge.py:212] Unable to initialize backend 'tpu_driver': Not found: Unable to find driver in registry given worker: local://
I0307 21:05:29.156631 22697692571456 xla_bridge.py:212] Unable to initialize backend 'tpu': Invalid argument: TpuPlatform is not available.
I0307 21:05:39.432272 22697692571456 amber_minimize.py:500] Iteration completed: Einit 173693262628.16 Efinal -15258.86 Time 70.17 s num residue violations 9 num residue exclusions 0 
I0307 21:05:39.476584 22697692571456 amber_minimize.py:408] Minimizing protein, attempt 1 of 100.
I0307 21:05:40.667077 22697692571456 amber_minimize.py:69] Restraining 5804 / 11893 particles.
sh: /mpcdf/soft/SLE_15/packages/x86_64/alphafold/2.2.0/lib/libtinfo.so.6: no version information available (required by /lib64/libreadline.so.7)
I0307 21:06:42.256150 22697692571456 amber_minimize.py:177] alterations info: {'nonstandard_residues': [], 'removed_heterogens': set(), 'missing_residues': {}, 'missing_heavy_atoms': {}, 'missing_terminals': {}, 'Se_in_MET': [], 'removed_chains': {0: []}}
I0307 21:06:45.291876 22697692571456 amber_minimize.py:500] Iteration completed: Einit 15183.14 Efinal -17194.56 Time 57.77 s num residue violations 3 num residue exclusions 9 
I0307 21:06:45.292718 22697692571456 amber_minimize.py:408] Minimizing protein, attempt 1 of 100.
I0307 21:06:46.499109 22697692571456 amber_minimize.py:69] Restraining 5804 / 11893 particles.
sh: /mpcdf/soft/SLE_15/packages/x86_64/alphafold/2.2.0/lib/libtinfo.so.6: no version information available (required by /lib64/libreadline.so.7)
I0307 21:08:01.448103 22697692571456 amber_minimize.py:177] alterations info: {'nonstandard_residues': [], 'removed_heterogens': set(), 'missing_residues': {}, 'missing_heavy_atoms': {}, 'missing_terminals': {}, 'Se_in_MET': [], 'removed_chains': {0: []}}
I0307 21:08:04.454375 22697692571456 amber_minimize.py:500] Iteration completed: Einit 14741.94 Efinal -17863.65 Time 71.37 s num residue violations 2 num residue exclusions 9 
sh: /mpcdf/soft/SLE_15/packages/x86_64/alphafold/2.2.0/lib/libtinfo.so.6: no version information available (required by /lib64/libreadline.so.7)
sh: /mpcdf/soft/SLE_15/packages/x86_64/alphafold/2.2.0/lib/libtinfo.so.6: no version information available (required by /lib64/libreadline.so.7)
I0307 21:08:09.660106 22697692571456 amber_minimize.py:177] alterations info: {'nonstandard_residues': [], 'removed_heterogens': set(), 'missing_residues': {}, 'missing_heavy_atoms': {}, 'missing_terminals': {<Residue 295 (PRO) of chain 0>: ['OXT'], <Residue 758 (ILE) of chain 1>: ['OXT']}, 'Se_in_MET': [], 'removed_chains': {0: []}}
I0307 21:08:11.987194 22697692571456 run_af2c_min.py:110] MYD88_Q9Z2I9_x1 relaxation done, time spent 248.8 seconds, Efinal -17863.65, rmsd 0.38
I0307 21:08:11.987308 22697692571456 run_af2c_min.py:88] MYD88_Q9Z2I9_x1 processing model_4_multimer_v2_p1_230306_151049.pdb
sh: /mpcdf/soft/SLE_15/packages/x86_64/alphafold/2.2.0/lib/libtinfo.so.6: no version information available (required by /lib64/libreadline.so.7)
sh: /mpcdf/soft/SLE_15/packages/x86_64/alphafold/2.2.0/lib/libtinfo.so.6: no version information available (required by /lib64/libreadline.so.7)
I0307 21:08:17.203846 22697692571456 amber_minimize.py:177] alterations info: {'nonstandard_residues': [], 'removed_heterogens': set(), 'missing_residues': {}, 'missing_heavy_atoms': {}, 'missing_terminals': {<Residue 295 (PRO) of chain 0>: ['OXT'], <Residue 758 (ILE) of chain 1>: ['OXT']}, 'Se_in_MET': [], 'removed_chains': {0: []}}
I0307 21:08:18.330558 22697692571456 amber_minimize.py:408] Minimizing protein, attempt 1 of 100.
I0307 21:08:19.533791 22697692571456 amber_minimize.py:69] Restraining 5879 / 11893 particles.
sh: /mpcdf/soft/SLE_15/packages/x86_64/alphafold/2.2.0/lib/libtinfo.so.6: no version information available (required by /lib64/libreadline.so.7)
I0307 21:09:30.639539 22697692571456 amber_minimize.py:177] alterations info: {'nonstandard_residues': [], 'removed_heterogens': set(), 'missing_residues': {}, 'missing_heavy_atoms': {}, 'missing_terminals': {}, 'Se_in_MET': [], 'removed_chains': {0: []}}
I0307 21:09:33.636112 22697692571456 amber_minimize.py:500] Iteration completed: Einit 4474375.71 Efinal -15815.54 Time 67.40 s num residue violations 0 num residue exclusions 0 
sh: /mpcdf/soft/SLE_15/packages/x86_64/alphafold/2.2.0/lib/libtinfo.so.6: no version information available (required by /lib64/libreadline.so.7)
sh: /mpcdf/soft/SLE_15/packages/x86_64/alphafold/2.2.0/lib/libtinfo.so.6: no version information available (required by /lib64/libreadline.so.7)
I0307 21:09:38.665843 22697692571456 amber_minimize.py:177] alterations info: {'nonstandard_residues': [], 'removed_heterogens': set(), 'missing_residues': {}, 'missing_heavy_atoms': {}, 'missing_terminals': {<Residue 295 (PRO) of chain 0>: ['OXT'], <Residue 758 (ILE) of chain 1>: ['OXT']}, 'Se_in_MET': [], 'removed_chains': {0: []}}
I0307 21:09:40.901141 22697692571456 run_af2c_min.py:110] MYD88_Q9Z2I9_x1 relaxation done, time spent 88.5 seconds, Efinal -15815.54, rmsd 0.42
I0307 21:09:40.901249 22697692571456 run_af2c_min.py:88] MYD88_Q9Z2I9_x1 processing model_1_multimer_v2_p1_230306_984335.pdb
sh: /mpcdf/soft/SLE_15/packages/x86_64/alphafold/2.2.0/lib/libtinfo.so.6: no version information available (required by /lib64/libreadline.so.7)
sh: /mpcdf/soft/SLE_15/packages/x86_64/alphafold/2.2.0/lib/libtinfo.so.6: no version information available (required by /lib64/libreadline.so.7)
I0307 21:09:46.217512 22697692571456 amber_minimize.py:177] alterations info: {'nonstandard_residues': [], 'removed_heterogens': set(), 'missing_residues': {}, 'missing_heavy_atoms': {}, 'missing_terminals': {<Residue 295 (PRO) of chain 0>: ['OXT'], <Residue 758 (ILE) of chain 1>: ['OXT']}, 'Se_in_MET': [], 'removed_chains': {0: []}}
I0307 21:09:47.387814 22697692571456 amber_minimize.py:408] Minimizing protein, attempt 1 of 100.
I0307 21:09:48.587052 22697692571456 amber_minimize.py:69] Restraining 5879 / 11893 particles.
sh: /mpcdf/soft/SLE_15/packages/x86_64/alphafold/2.2.0/lib/libtinfo.so.6: no version information available (required by /lib64/libreadline.so.7)
I0307 21:10:49.343909 22697692571456 amber_minimize.py:177] alterations info: {'nonstandard_residues': [], 'removed_heterogens': set(), 'missing_residues': {}, 'missing_heavy_atoms': {}, 'missing_terminals': {}, 'Se_in_MET': [], 'removed_chains': {0: []}}
I0307 21:10:52.340783 22697692571456 amber_minimize.py:500] Iteration completed: Einit 43747.51 Efinal -15756.24 Time 57.06 s num residue violations 3 num residue exclusions 0 
I0307 21:10:52.341371 22697692571456 amber_minimize.py:408] Minimizing protein, attempt 1 of 100.
I0307 21:10:53.529552 22697692571456 amber_minimize.py:69] Restraining 5864 / 11893 particles.
sh: /mpcdf/soft/SLE_15/packages/x86_64/alphafold/2.2.0/lib/libtinfo.so.6: no version information available (required by /lib64/libreadline.so.7)
I0307 21:11:55.303123 22697692571456 amber_minimize.py:177] alterations info: {'nonstandard_residues': [], 'removed_heterogens': set(), 'missing_residues': {}, 'missing_heavy_atoms': {}, 'missing_terminals': {}, 'Se_in_MET': [], 'removed_chains': {0: []}}
I0307 21:11:58.367878 22697692571456 amber_minimize.py:500] Iteration completed: Einit 20341.83 Efinal -17576.21 Time 58.15 s num residue violations 2 num residue exclusions 3 
I0307 21:11:58.368481 22697692571456 amber_minimize.py:408] Minimizing protein, attempt 1 of 100.
I0307 21:11:59.576408 22697692571456 amber_minimize.py:69] Restraining 5864 / 11893 particles.
sh: /mpcdf/soft/SLE_15/packages/x86_64/alphafold/2.2.0/lib/libtinfo.so.6: no version information available (required by /lib64/libreadline.so.7)
I0307 21:12:57.336492 22697692571456 amber_minimize.py:177] alterations info: {'nonstandard_residues': [], 'removed_heterogens': set(), 'missing_residues': {}, 'missing_heavy_atoms': {}, 'missing_terminals': {}, 'Se_in_MET': [], 'removed_chains': {0: []}}
I0307 21:13:00.348932 22697692571456 amber_minimize.py:500] Iteration completed: Einit 14959.24 Efinal -18243.62 Time 54.20 s num residue violations 2 num residue exclusions 3 
sh: /mpcdf/soft/SLE_15/packages/x86_64/alphafold/2.2.0/lib/libtinfo.so.6: no version information available (required by /lib64/libreadline.so.7)
sh: /mpcdf/soft/SLE_15/packages/x86_64/alphafold/2.2.0/lib/libtinfo.so.6: no version information available (required by /lib64/libreadline.so.7)
I0307 21:13:05.383235 22697692571456 amber_minimize.py:177] alterations info: {'nonstandard_residues': [], 'removed_heterogens': set(), 'missing_residues': {}, 'missing_heavy_atoms': {}, 'missing_terminals': {<Residue 295 (PRO) of chain 0>: ['OXT'], <Residue 758 (ILE) of chain 1>: ['OXT']}, 'Se_in_MET': [], 'removed_chains': {0: []}}
I0307 21:13:07.623280 22697692571456 run_af2c_min.py:110] MYD88_Q9Z2I9_x1 relaxation done, time spent 206.3 seconds, Efinal -18243.62, rmsd 0.38
I0307 21:13:07.623390 22697692571456 run_af2c_min.py:88] MYD88_Q9Z2I9_x1 processing model_5_multimer_v2_p1_230306_636461.pdb
sh: /mpcdf/soft/SLE_15/packages/x86_64/alphafold/2.2.0/lib/libtinfo.so.6: no version information available (required by /lib64/libreadline.so.7)
sh: /mpcdf/soft/SLE_15/packages/x86_64/alphafold/2.2.0/lib/libtinfo.so.6: no version information available (required by /lib64/libreadline.so.7)
I0307 21:13:12.865638 22697692571456 amber_minimize.py:177] alterations info: {'nonstandard_residues': [], 'removed_heterogens': set(), 'missing_residues': {}, 'missing_heavy_atoms': {}, 'missing_terminals': {<Residue 295 (PRO) of chain 0>: ['OXT'], <Residue 758 (ILE) of chain 1>: ['OXT']}, 'Se_in_MET': [], 'removed_chains': {0: []}}
I0307 21:13:13.951770 22697692571456 amber_minimize.py:408] Minimizing protein, attempt 1 of 100.
I0307 21:13:15.159334 22697692571456 amber_minimize.py:69] Restraining 5879 / 11893 particles.
sh: /mpcdf/soft/SLE_15/packages/x86_64/alphafold/2.2.0/lib/libtinfo.so.6: no version information available (required by /lib64/libreadline.so.7)
I0307 21:14:20.670532 22697692571456 amber_minimize.py:177] alterations info: {'nonstandard_residues': [], 'removed_heterogens': set(), 'missing_residues': {}, 'missing_heavy_atoms': {}, 'missing_terminals': {}, 'Se_in_MET': [], 'removed_chains': {0: []}}
I0307 21:14:23.655972 22697692571456 amber_minimize.py:500] Iteration completed: Einit 26685622.23 Efinal -15454.76 Time 61.99 s num residue violations 10 num residue exclusions 0 
I0307 21:14:23.656570 22697692571456 amber_minimize.py:408] Minimizing protein, attempt 1 of 100.
I0307 21:14:24.834930 22697692571456 amber_minimize.py:69] Restraining 5804 / 11893 particles.
sh: /mpcdf/soft/SLE_15/packages/x86_64/alphafold/2.2.0/lib/libtinfo.so.6: no version information available (required by /lib64/libreadline.so.7)
I0307 21:15:57.756846 22697692571456 amber_minimize.py:177] alterations info: {'nonstandard_residues': [], 'removed_heterogens': set(), 'missing_residues': {}, 'missing_heavy_atoms': {}, 'missing_terminals': {}, 'Se_in_MET': [], 'removed_chains': {0: []}}
I0307 21:16:00.837037 22697692571456 amber_minimize.py:500] Iteration completed: Einit 12007.52 Efinal -17398.99 Time 89.25 s num residue violations 4 num residue exclusions 10 
I0307 21:16:00.837888 22697692571456 amber_minimize.py:408] Minimizing protein, attempt 1 of 100.
I0307 21:16:02.079383 22697692571456 amber_minimize.py:69] Restraining 5804 / 11893 particles.
sh: /mpcdf/soft/SLE_15/packages/x86_64/alphafold/2.2.0/lib/libtinfo.so.6: no version information available (required by /lib64/libreadline.so.7)
I0307 21:16:53.885749 22697692571456 amber_minimize.py:177] alterations info: {'nonstandard_residues': [], 'removed_heterogens': set(), 'missing_residues': {}, 'missing_heavy_atoms': {}, 'missing_terminals': {}, 'Se_in_MET': [], 'removed_chains': {0: []}}
I0307 21:16:56.874159 22697692571456 amber_minimize.py:500] Iteration completed: Einit 11498.61 Efinal -18061.67 Time 48.15 s num residue violations 2 num residue exclusions 10 
sh: /mpcdf/soft/SLE_15/packages/x86_64/alphafold/2.2.0/lib/libtinfo.so.6: no version information available (required by /lib64/libreadline.so.7)
sh: /mpcdf/soft/SLE_15/packages/x86_64/alphafold/2.2.0/lib/libtinfo.so.6: no version information available (required by /lib64/libreadline.so.7)
I0307 21:17:01.913921 22697692571456 amber_minimize.py:177] alterations info: {'nonstandard_residues': [], 'removed_heterogens': set(), 'missing_residues': {}, 'missing_heavy_atoms': {}, 'missing_terminals': {<Residue 295 (PRO) of chain 0>: ['OXT'], <Residue 758 (ILE) of chain 1>: ['OXT']}, 'Se_in_MET': [], 'removed_chains': {0: []}}
I0307 21:17:04.151926 22697692571456 run_af2c_min.py:110] MYD88_Q9Z2I9_x1 relaxation done, time spent 236.2 seconds, Efinal -18061.67, rmsd 0.38
I0307 21:17:04.152054 22697692571456 run_af2c_min.py:88] MYD88_Q9Z2I9_x1 processing model_3_multimer_v2_p1_230306_977247.pdb
sh: /mpcdf/soft/SLE_15/packages/x86_64/alphafold/2.2.0/lib/libtinfo.so.6: no version information available (required by /lib64/libreadline.so.7)
sh: /mpcdf/soft/SLE_15/packages/x86_64/alphafold/2.2.0/lib/libtinfo.so.6: no version information available (required by /lib64/libreadline.so.7)
I0307 21:17:09.392826 22697692571456 amber_minimize.py:177] alterations info: {'nonstandard_residues': [], 'removed_heterogens': set(), 'missing_residues': {}, 'missing_heavy_atoms': {}, 'missing_terminals': {<Residue 295 (PRO) of chain 0>: ['OXT'], <Residue 758 (ILE) of chain 1>: ['OXT']}, 'Se_in_MET': [], 'removed_chains': {0: []}}
I0307 21:17:10.494082 22697692571456 amber_minimize.py:408] Minimizing protein, attempt 1 of 100.
I0307 21:17:11.741627 22697692571456 amber_minimize.py:69] Restraining 5879 / 11893 particles.
sh: /mpcdf/soft/SLE_15/packages/x86_64/alphafold/2.2.0/lib/libtinfo.so.6: no version information available (required by /lib64/libreadline.so.7)
I0307 21:18:19.391486 22697692571456 amber_minimize.py:177] alterations info: {'nonstandard_residues': [], 'removed_heterogens': set(), 'missing_residues': {}, 'missing_heavy_atoms': {}, 'missing_terminals': {}, 'Se_in_MET': [], 'removed_chains': {0: []}}
I0307 21:18:22.379245 22697692571456 amber_minimize.py:500] Iteration completed: Einit 2004921.59 Efinal -15193.51 Time 64.13 s num residue violations 0 num residue exclusions 0 
sh: /mpcdf/soft/SLE_15/packages/x86_64/alphafold/2.2.0/lib/libtinfo.so.6: no version information available (required by /lib64/libreadline.so.7)
sh: /mpcdf/soft/SLE_15/packages/x86_64/alphafold/2.2.0/lib/libtinfo.so.6: no version information available (required by /lib64/libreadline.so.7)
I0307 21:18:27.445389 22697692571456 amber_minimize.py:177] alterations info: {'nonstandard_residues': [], 'removed_heterogens': set(), 'missing_residues': {}, 'missing_heavy_atoms': {}, 'missing_terminals': {<Residue 295 (PRO) of chain 0>: ['OXT'], <Residue 758 (ILE) of chain 1>: ['OXT']}, 'Se_in_MET': [], 'removed_chains': {0: []}}
I0307 21:18:29.810540 22697692571456 run_af2c_min.py:110] MYD88_Q9Z2I9_x1 relaxation done, time spent 85.2 seconds, Efinal -15193.51, rmsd 0.44
                                  
================================= 
Global information about the job: 
================================= 
  
Job owner: flobnow(42847)
Job name:  6_RLX
Node list: ravg1096
Job start: Tue Mar  7 21:03:54 CET 2023
Job end:   Tue Mar  7 21:18:31 CET 2023
Work dir:  /raven/u/flobnow/workingLama/scripts/myRuns/Q9Z2I9
Command:   /raven/u/flobnow/workingLama/scripts/myRuns/Q9Z2I9/script3_relaxation.sh
  
  
  
==========================================================================================
Information on jobsteps (Note: MaxRSS/AveRSS is the maximum/average over all 
tasks of the per-task memory high-water marks; cf. "man sacct"): 
==========================================================================================
  
JobID            JobName NNodes NTasks  NCPUS        0.00M        0.00M    Elapsed ExitCode
------------- ---------- ------ ------ ------ ------------ ------------ ---------- --------
4375151            6_RLX      1           108                             00:14:37      0:0
4375151.0        python3      1      1    108    15980.26M    15980.26M   00:14:35      0:0
  
Maximum memory per node: 16.756514 GB (defined as MaxRSS*Ntasks/NNodes)
CPU utilization: 76.6 %
  
