Info: input file name is Q3UGC7
Info: input target list is /u/flobnow/workingLama/scripts/myRuns/Q3UGC7/target.lst
Info: input feature directory is /u/flobnow/workingLama/feature_files
Info: result output directory is /u/flobnow/workingLama/output_files
Info: model preset is multimer_np
Info: msa pairing is all
Info: recycling setting is 1
Info: using preset super2
Info: set num_ensemble = 2
Info: set max_recyles = 20
Info: set recycle_tol = 0.1
Info: mas_pairing mode is all
I0306 19:09:32.298834 22631934068544 tpu_client.py:54] Starting the local TPU driver.
I0306 19:09:32.299196 22631934068544 xla_bridge.py:212] Unable to initialize backend 'tpu_driver': Not found: Unable to find driver in registry given worker: local://
I0306 19:09:32.664727 22631934068544 xla_bridge.py:212] Unable to initialize backend 'tpu': Invalid argument: TpuPlatform is not available.
I0306 19:09:35.437774 22631934068544 run_af2c_mod.py:481] Have 1 models: ['model_1_multimer_v2_p1']
Info: working on target MYD88_Q3UGC7_x1
I0306 19:09:35.438051 22631934068544 run_af2c_mod.py:512] Using random seed 8707162360351725102 for the data pipeline
Info: MYD88_Q3UGC7_x1 found monomer MYD88_MOUSE msa_depth = 3425, seq_len = 296, num_templ = 20
Info: MYD88_MOUSE reducing the number of structural templates to 4
Info: MYD88_Q3UGC7_x1 found monomer Q3UGC7 msa_depth = 3127, seq_len = 261, num_templ = 10
Info: Q3UGC7 reducing the number of structural templates to 4
Info: 2 chain(s) to model {'A': 'MYD88_MOUSE_1', 'B': 'Q3UGC7_1'}
Info: modeling MYD88_Q3UGC7_x1 with msa_depth = 5565, seq_len = 557, num_templ = 8
I0306 19:09:36.241210 22631934068544 run_af2c_mod.py:216] Running model model_1_multimer_v2_p1_230306_725102
I0306 19:09:36.241700 22631934068544 model.py:205] Running predict with shape(feat) = {'msa': (5565, 557), 'bert_mask': (5565, 557), 'num_alignments': (), 'aatype': (557,), 'seq_length': (), 'template_aatype': (8, 557), 'template_all_atom_mask': (8, 557, 37), 'template_all_atom_positions': (8, 557, 37, 3), 'all_atom_positions': (557, 37, 3), 'template_domain_names': (8,), 'asym_id': (557,), 'sym_id': (557,), 'entity_id': (557,), 'residue_index': (557,), 'deletion_matrix': (5565, 557), 'seq_mask': (557,), 'msa_mask': (5565, 557), 'cluster_bias_mask': (5565,), 'pdb_residue_index': (557,)}
I0306 19:17:29.155139 22631934068544 run_af2c_mod.py:270] Total JAX model model_1_multimer_v2_p1_230306_725102 predict time (includes compilation time): 472.9 seconds
Info: MYD88_Q3UGC7_x1 model_1_multimer_v2_p1_230306_725102_recycled_00,  tol =   inf, pLDDT = 60.26, pTM-score = 0.2913, piTM-score = 0.0000, interface-score = 0.0000, iRes = 0    iCnt = 0   
Info: MYD88_Q3UGC7_x1 model_1_multimer_v2_p1_230306_725102_recycled_01,  tol = 107.48, pLDDT = 64.04, pTM-score = 0.3080, piTM-score = 0.0000, interface-score = 0.0000, iRes = 0    iCnt = 0   
Info: MYD88_Q3UGC7_x1 model_1_multimer_v2_p1_230306_725102_recycled_02,  tol = 12.12, pLDDT = 65.82, pTM-score = 0.3141, piTM-score = 0.0000, interface-score = 0.0000, iRes = 0    iCnt = 0   
Info: MYD88_Q3UGC7_x1 model_1_multimer_v2_p1_230306_725102_recycled_03,  tol =  7.53, pLDDT = 65.89, pTM-score = 0.3159, piTM-score = 0.0000, interface-score = 0.0000, iRes = 0    iCnt = 0   
Info: MYD88_Q3UGC7_x1 model_1_multimer_v2_p1_230306_725102_recycled_04,  tol = 10.27, pLDDT = 66.32, pTM-score = 0.3182, piTM-score = 0.0000, interface-score = 0.0000, iRes = 0    iCnt = 0   
Info: MYD88_Q3UGC7_x1 model_1_multimer_v2_p1_230306_725102_recycled_05,  tol =  9.37, pLDDT = 66.06, pTM-score = 0.3201, piTM-score = 0.0000, interface-score = 0.0000, iRes = 0    iCnt = 0   
Info: MYD88_Q3UGC7_x1 model_1_multimer_v2_p1_230306_725102_recycled_06,  tol = 15.62, pLDDT = 66.21, pTM-score = 0.3219, piTM-score = 0.0000, interface-score = 0.0000, iRes = 0    iCnt = 0   
Info: MYD88_Q3UGC7_x1 model_1_multimer_v2_p1_230306_725102_recycled_07,  tol = 14.90, pLDDT = 66.05, pTM-score = 0.3215, piTM-score = 0.0000, interface-score = 0.0000, iRes = 0    iCnt = 0   
Info: MYD88_Q3UGC7_x1 model_1_multimer_v2_p1_230306_725102_recycled_08,  tol =  3.75, pLDDT = 66.20, pTM-score = 0.3202, piTM-score = 0.0000, interface-score = 0.0000, iRes = 0    iCnt = 0   
Info: MYD88_Q3UGC7_x1 model_1_multimer_v2_p1_230306_725102_recycled_09,  tol =  5.35, pLDDT = 65.99, pTM-score = 0.3202, piTM-score = 0.0000, interface-score = 0.0000, iRes = 0    iCnt = 0   
Info: MYD88_Q3UGC7_x1 model_1_multimer_v2_p1_230306_725102_recycled_10,  tol =  3.05, pLDDT = 65.77, pTM-score = 0.3181, piTM-score = 0.0000, interface-score = 0.0000, iRes = 0    iCnt = 0   
Info: MYD88_Q3UGC7_x1 model_1_multimer_v2_p1_230306_725102_recycled_11,  tol =  9.03, pLDDT = 66.11, pTM-score = 0.3186, piTM-score = 0.0000, interface-score = 0.0000, iRes = 0    iCnt = 0   
Info: MYD88_Q3UGC7_x1 model_1_multimer_v2_p1_230306_725102_recycled_12,  tol =  8.22, pLDDT = 66.53, pTM-score = 0.3192, piTM-score = 0.0000, interface-score = 0.0000, iRes = 0    iCnt = 0   
Info: MYD88_Q3UGC7_x1 model_1_multimer_v2_p1_230306_725102_recycled_13,  tol = 10.37, pLDDT = 66.56, pTM-score = 0.3199, piTM-score = 0.0000, interface-score = 0.0000, iRes = 0    iCnt = 0   
Info: MYD88_Q3UGC7_x1 model_1_multimer_v2_p1_230306_725102_recycled_14,  tol =  7.65, pLDDT = 66.45, pTM-score = 0.3199, piTM-score = 0.0000, interface-score = 0.0000, iRes = 0    iCnt = 0   
Info: MYD88_Q3UGC7_x1 model_1_multimer_v2_p1_230306_725102_recycled_15,  tol =  3.04, pLDDT = 66.32, pTM-score = 0.3223, piTM-score = 0.0000, interface-score = 0.0000, iRes = 0    iCnt = 0   
Info: MYD88_Q3UGC7_x1 model_1_multimer_v2_p1_230306_725102_recycled_16,  tol = 11.01, pLDDT = 66.16, pTM-score = 0.3238, piTM-score = 0.0000, interface-score = 0.0000, iRes = 0    iCnt = 0   
Info: MYD88_Q3UGC7_x1 model_1_multimer_v2_p1_230306_725102_recycled_17,  tol =  4.25, pLDDT = 66.41, pTM-score = 0.3226, piTM-score = 0.0000, interface-score = 0.0000, iRes = 0    iCnt = 0   
Info: MYD88_Q3UGC7_x1 model_1_multimer_v2_p1_230306_725102_recycled_18,  tol = 13.79, pLDDT = 66.42, pTM-score = 0.3230, piTM-score = 0.0000, interface-score = 0.0000, iRes = 0    iCnt = 0   
Info: MYD88_Q3UGC7_x1 model_1_multimer_v2_p1_230306_725102_recycled_19,  tol =  3.48, pLDDT = 65.88, pTM-score = 0.3230, piTM-score = 0.0000, interface-score = 0.0000, iRes = 0    iCnt = 0   
Info: MYD88_Q3UGC7_x1 model_1_multimer_v2_p1_230306_725102 performed 20 recycles, final tol = 3.64, pLDDT = 66.42, pTM-score = 0.3241, piTM-score = 0.0000, interface-score = 0.0000, iRes = 0    iCnt = 0   
Info: num_clusters = 2, cluster_sizes = [1, 1],  clusters = [['MYD88_MOUSE_0'], ['Q3UGC7_0']]

I0306 19:17:31.443256 22631934068544 run_af2c_mod.py:404] Final timings for MYD88_Q3UGC7_x1: {'features': 0.8, 'process_features_model_1_multimer_v2_p1_230306_725102': 0.0, 'predict_and_compile_model_1_multimer_v2_p1_230306_725102': 472.9}
                                  
================================= 
Global information about the job: 
================================= 
  
Job owner: flobnow(42847)
Job name:  1_AF2C
Node list: ravg1105
Job start: Mon Mar  6 19:09:22 CET 2023
Job end:   Mon Mar  6 19:17:33 CET 2023
Work dir:  /raven/u/flobnow/workingLama/scripts/myRuns/Q3UGC7
Command:   /raven/u/flobnow/workingLama/scripts/myRuns/Q3UGC7/script2_comp_model_1.sh
  
  
  
==========================================================================================
Information on jobsteps (Note: MaxRSS/AveRSS is the maximum/average over all 
tasks of the per-task memory high-water marks; cf. "man sacct"): 
==========================================================================================
  
JobID            JobName NNodes NTasks  NCPUS        0.00M        0.00M    Elapsed ExitCode
------------- ---------- ------ ------ ------ ------------ ------------ ---------- --------
4365619           1_AF2C      1           108                             00:08:11      0:0
4365619.0        python3      1      1    108    19845.66M    19845.66M   00:08:06      0:0
  
Maximum memory per node: 20.809681 GB (defined as MaxRSS*Ntasks/NNodes)
CPU utilization: 2.0 %
  
Info: input file name is Q3UGC7
Info: input target list is /u/flobnow/workingLama/scripts/myRuns/Q3UGC7/target.lst
Info: input feature directory is /u/flobnow/workingLama/feature_files
Info: result output directory is /u/flobnow/workingLama/output_files
Info: model preset is multimer_np
Info: msa pairing is all
Info: recycling setting is 1
Info: using preset super2
Info: set num_ensemble = 2
Info: set max_recyles = 20
Info: set recycle_tol = 0.1
Info: mas_pairing mode is all
I0306 23:14:04.888317 23207706732352 tpu_client.py:54] Starting the local TPU driver.
I0306 23:14:04.888680 23207706732352 xla_bridge.py:212] Unable to initialize backend 'tpu_driver': Not found: Unable to find driver in registry given worker: local://
I0306 23:14:05.265348 23207706732352 xla_bridge.py:212] Unable to initialize backend 'tpu': Invalid argument: TpuPlatform is not available.
I0306 23:14:08.055320 23207706732352 run_af2c_mod.py:481] Have 1 models: ['model_2_multimer_v2_p1']
Info: working on target MYD88_Q3UGC7_x1
I0306 23:14:09.056544 23207706732352 run_af2c_mod.py:512] Using random seed 7703562785023955278 for the data pipeline
Info: MYD88_Q3UGC7_x1 found monomer MYD88_MOUSE msa_depth = 3425, seq_len = 296, num_templ = 20
Info: MYD88_MOUSE reducing the number of structural templates to 4
Info: MYD88_Q3UGC7_x1 found monomer Q3UGC7 msa_depth = 3127, seq_len = 261, num_templ = 10
Info: Q3UGC7 reducing the number of structural templates to 4
Info: 2 chain(s) to model {'A': 'MYD88_MOUSE_1', 'B': 'Q3UGC7_1'}
Info: modeling MYD88_Q3UGC7_x1 with msa_depth = 5565, seq_len = 557, num_templ = 8
I0306 23:14:09.900045 23207706732352 run_af2c_mod.py:216] Running model model_2_multimer_v2_p1_230306_955278
I0306 23:14:09.900506 23207706732352 model.py:205] Running predict with shape(feat) = {'msa': (5565, 557), 'bert_mask': (5565, 557), 'num_alignments': (), 'aatype': (557,), 'seq_length': (), 'template_aatype': (8, 557), 'template_all_atom_mask': (8, 557, 37), 'template_all_atom_positions': (8, 557, 37, 3), 'all_atom_positions': (557, 37, 3), 'template_domain_names': (8,), 'asym_id': (557,), 'sym_id': (557,), 'entity_id': (557,), 'residue_index': (557,), 'deletion_matrix': (5565, 557), 'seq_mask': (557,), 'msa_mask': (5565, 557), 'cluster_bias_mask': (5565,), 'pdb_residue_index': (557,)}
I0306 23:22:01.569601 23207706732352 run_af2c_mod.py:270] Total JAX model model_2_multimer_v2_p1_230306_955278 predict time (includes compilation time): 471.7 seconds
Info: MYD88_Q3UGC7_x1 model_2_multimer_v2_p1_230306_955278_recycled_00,  tol =   inf, pLDDT = 62.40, pTM-score = 0.3090, piTM-score = 0.0000, interface-score = 0.0000, iRes = 0    iCnt = 0   
Info: MYD88_Q3UGC7_x1 model_2_multimer_v2_p1_230306_955278_recycled_01,  tol = 101.06, pLDDT = 64.43, pTM-score = 0.3156, piTM-score = 0.0114, interface-score = 0.0001, iRes = 6    iCnt = 5   
Info: MYD88_Q3UGC7_x1 model_2_multimer_v2_p1_230306_955278_recycled_02,  tol = 15.72, pLDDT = 65.52, pTM-score = 0.3107, piTM-score = 0.0000, interface-score = 0.0000, iRes = 0    iCnt = 0   
Info: MYD88_Q3UGC7_x1 model_2_multimer_v2_p1_230306_955278_recycled_03,  tol = 22.52, pLDDT = 66.03, pTM-score = 0.3147, piTM-score = 0.0000, interface-score = 0.0000, iRes = 0    iCnt = 0   
Info: MYD88_Q3UGC7_x1 model_2_multimer_v2_p1_230306_955278_recycled_04,  tol = 18.37, pLDDT = 66.15, pTM-score = 0.3165, piTM-score = 0.0000, interface-score = 0.0000, iRes = 0    iCnt = 0   
Info: MYD88_Q3UGC7_x1 model_2_multimer_v2_p1_230306_955278_recycled_05,  tol =  9.91, pLDDT = 66.06, pTM-score = 0.3163, piTM-score = 0.0000, interface-score = 0.0000, iRes = 0    iCnt = 0   
Info: MYD88_Q3UGC7_x1 model_2_multimer_v2_p1_230306_955278_recycled_06,  tol =  6.12, pLDDT = 65.88, pTM-score = 0.3182, piTM-score = 0.0000, interface-score = 0.0000, iRes = 0    iCnt = 0   
Info: MYD88_Q3UGC7_x1 model_2_multimer_v2_p1_230306_955278_recycled_07,  tol =  4.31, pLDDT = 66.32, pTM-score = 0.3206, piTM-score = 0.0000, interface-score = 0.0000, iRes = 0    iCnt = 0   
Info: MYD88_Q3UGC7_x1 model_2_multimer_v2_p1_230306_955278_recycled_08,  tol =  3.62, pLDDT = 66.29, pTM-score = 0.3182, piTM-score = 0.0000, interface-score = 0.0000, iRes = 0    iCnt = 0   
Info: MYD88_Q3UGC7_x1 model_2_multimer_v2_p1_230306_955278_recycled_09,  tol =  5.32, pLDDT = 65.73, pTM-score = 0.3169, piTM-score = 0.0000, interface-score = 0.0000, iRes = 0    iCnt = 0   
Info: MYD88_Q3UGC7_x1 model_2_multimer_v2_p1_230306_955278_recycled_10,  tol =  4.03, pLDDT = 66.24, pTM-score = 0.3194, piTM-score = 0.0000, interface-score = 0.0000, iRes = 0    iCnt = 0   
Info: MYD88_Q3UGC7_x1 model_2_multimer_v2_p1_230306_955278_recycled_11,  tol =  5.50, pLDDT = 65.79, pTM-score = 0.3195, piTM-score = 0.0000, interface-score = 0.0000, iRes = 0    iCnt = 0   
Info: MYD88_Q3UGC7_x1 model_2_multimer_v2_p1_230306_955278_recycled_12,  tol =  6.66, pLDDT = 66.12, pTM-score = 0.3187, piTM-score = 0.0000, interface-score = 0.0000, iRes = 0    iCnt = 0   
Info: MYD88_Q3UGC7_x1 model_2_multimer_v2_p1_230306_955278_recycled_13,  tol =  3.43, pLDDT = 66.29, pTM-score = 0.3171, piTM-score = 0.0000, interface-score = 0.0000, iRes = 0    iCnt = 0   
Info: MYD88_Q3UGC7_x1 model_2_multimer_v2_p1_230306_955278_recycled_14,  tol =  6.29, pLDDT = 66.03, pTM-score = 0.3167, piTM-score = 0.0000, interface-score = 0.0000, iRes = 0    iCnt = 0   
Info: MYD88_Q3UGC7_x1 model_2_multimer_v2_p1_230306_955278_recycled_15,  tol =  4.20, pLDDT = 65.83, pTM-score = 0.3189, piTM-score = 0.0000, interface-score = 0.0000, iRes = 0    iCnt = 0   
Info: MYD88_Q3UGC7_x1 model_2_multimer_v2_p1_230306_955278_recycled_16,  tol =  7.85, pLDDT = 65.73, pTM-score = 0.3186, piTM-score = 0.0000, interface-score = 0.0000, iRes = 0    iCnt = 0   
Info: MYD88_Q3UGC7_x1 model_2_multimer_v2_p1_230306_955278_recycled_17,  tol =  4.24, pLDDT = 65.74, pTM-score = 0.3180, piTM-score = 0.0000, interface-score = 0.0000, iRes = 0    iCnt = 0   
Info: MYD88_Q3UGC7_x1 model_2_multimer_v2_p1_230306_955278_recycled_18,  tol =  7.51, pLDDT = 65.81, pTM-score = 0.3205, piTM-score = 0.0000, interface-score = 0.0000, iRes = 0    iCnt = 0   
Info: MYD88_Q3UGC7_x1 model_2_multimer_v2_p1_230306_955278_recycled_19,  tol =  4.58, pLDDT = 65.73, pTM-score = 0.3181, piTM-score = 0.0000, interface-score = 0.0000, iRes = 0    iCnt = 0   
Info: MYD88_Q3UGC7_x1 model_2_multimer_v2_p1_230306_955278 performed 20 recycles, final tol = 6.23, pLDDT = 66.01, pTM-score = 0.3179, piTM-score = 0.0000, interface-score = 0.0000, iRes = 0    iCnt = 0   
Info: num_clusters = 2, cluster_sizes = [1, 1],  clusters = [['MYD88_MOUSE_0'], ['Q3UGC7_0']]

I0306 23:22:03.963385 23207706732352 run_af2c_mod.py:404] Final timings for MYD88_Q3UGC7_x1: {'features': 0.84, 'process_features_model_2_multimer_v2_p1_230306_955278': 0.0, 'predict_and_compile_model_2_multimer_v2_p1_230306_955278': 471.7}
                                  
================================= 
Global information about the job: 
================================= 
  
Job owner: flobnow(42847)
Job name:  2_AF2C
Node list: ravg1075
Job start: Mon Mar  6 23:13:56 CET 2023
Job end:   Mon Mar  6 23:22:05 CET 2023
Work dir:  /raven/u/flobnow/workingLama/scripts/myRuns/Q3UGC7
Command:   /raven/u/flobnow/workingLama/scripts/myRuns/Q3UGC7/script2_comp_model_2.sh
  
  
  
==========================================================================================
Information on jobsteps (Note: MaxRSS/AveRSS is the maximum/average over all 
tasks of the per-task memory high-water marks; cf. "man sacct"): 
==========================================================================================
  
JobID            JobName NNodes NTasks  NCPUS        0.00M        0.00M    Elapsed ExitCode
------------- ---------- ------ ------ ------ ------------ ------------ ---------- --------
4365728           2_AF2C      1           108                             00:08:09      0:0
4365728.0        python3      1      1    108    19816.06M    19816.06M   00:08:07      0:0
  
Maximum memory per node: 20.778650 GB (defined as MaxRSS*Ntasks/NNodes)
CPU utilization: 2.0 %
  
Info: input file name is Q3UGC7
Info: input target list is /u/flobnow/workingLama/scripts/myRuns/Q3UGC7/target.lst
Info: input feature directory is /u/flobnow/workingLama/feature_files
Info: result output directory is /u/flobnow/workingLama/output_files
Info: model preset is multimer_np
Info: msa pairing is all
Info: recycling setting is 1
Info: using preset super2
Info: set num_ensemble = 2
Info: set max_recyles = 20
Info: set recycle_tol = 0.1
Info: mas_pairing mode is all
I0307 00:23:53.420796 22466883356480 tpu_client.py:54] Starting the local TPU driver.
I0307 00:23:53.421190 22466883356480 xla_bridge.py:212] Unable to initialize backend 'tpu_driver': Not found: Unable to find driver in registry given worker: local://
I0307 00:23:53.785197 22466883356480 xla_bridge.py:212] Unable to initialize backend 'tpu': Invalid argument: TpuPlatform is not available.
I0307 00:23:56.613434 22466883356480 run_af2c_mod.py:481] Have 1 models: ['model_3_multimer_v2_p1']
Info: working on target MYD88_Q3UGC7_x1
I0307 00:24:00.617786 22466883356480 run_af2c_mod.py:512] Using random seed 2929150381940696773 for the data pipeline
Info: MYD88_Q3UGC7_x1 found monomer MYD88_MOUSE msa_depth = 3425, seq_len = 296, num_templ = 20
Info: MYD88_MOUSE reducing the number of structural templates to 4
Info: MYD88_Q3UGC7_x1 found monomer Q3UGC7 msa_depth = 3127, seq_len = 261, num_templ = 10
Info: Q3UGC7 reducing the number of structural templates to 4
Info: 2 chain(s) to model {'A': 'MYD88_MOUSE_1', 'B': 'Q3UGC7_1'}
Info: modeling MYD88_Q3UGC7_x1 with msa_depth = 5565, seq_len = 557, num_templ = 8
I0307 00:24:01.426654 22466883356480 run_af2c_mod.py:216] Running model model_3_multimer_v2_p1_230307_696773
I0307 00:24:01.427132 22466883356480 model.py:205] Running predict with shape(feat) = {'msa': (5565, 557), 'bert_mask': (5565, 557), 'num_alignments': (), 'aatype': (557,), 'seq_length': (), 'template_aatype': (8, 557), 'template_all_atom_mask': (8, 557, 37), 'template_all_atom_positions': (8, 557, 37, 3), 'all_atom_positions': (557, 37, 3), 'template_domain_names': (8,), 'asym_id': (557,), 'sym_id': (557,), 'entity_id': (557,), 'residue_index': (557,), 'deletion_matrix': (5565, 557), 'seq_mask': (557,), 'msa_mask': (5565, 557), 'cluster_bias_mask': (5565,), 'pdb_residue_index': (557,)}
I0307 00:31:59.844053 22466883356480 run_af2c_mod.py:270] Total JAX model model_3_multimer_v2_p1_230307_696773 predict time (includes compilation time): 478.4 seconds
Info: MYD88_Q3UGC7_x1 model_3_multimer_v2_p1_230307_696773_recycled_00,  tol =   inf, pLDDT = 61.45, pTM-score = 0.3056, piTM-score = 0.0000, interface-score = 0.0000, iRes = 0    iCnt = 0   
Info: MYD88_Q3UGC7_x1 model_3_multimer_v2_p1_230307_696773_recycled_01,  tol = 113.00, pLDDT = 63.48, pTM-score = 0.3073, piTM-score = 0.0000, interface-score = 0.0000, iRes = 0    iCnt = 0   
Info: MYD88_Q3UGC7_x1 model_3_multimer_v2_p1_230307_696773_recycled_02,  tol = 34.56, pLDDT = 64.24, pTM-score = 0.3103, piTM-score = 0.0000, interface-score = 0.0000, iRes = 0    iCnt = 0   
Info: MYD88_Q3UGC7_x1 model_3_multimer_v2_p1_230307_696773_recycled_03,  tol = 18.62, pLDDT = 64.03, pTM-score = 0.3105, piTM-score = 0.0000, interface-score = 0.0000, iRes = 0    iCnt = 0   
Info: MYD88_Q3UGC7_x1 model_3_multimer_v2_p1_230307_696773_recycled_04,  tol = 26.32, pLDDT = 64.93, pTM-score = 0.3129, piTM-score = 0.0000, interface-score = 0.0000, iRes = 0    iCnt = 0   
Info: MYD88_Q3UGC7_x1 model_3_multimer_v2_p1_230307_696773_recycled_05,  tol = 17.22, pLDDT = 65.51, pTM-score = 0.3165, piTM-score = 0.0000, interface-score = 0.0000, iRes = 0    iCnt = 0   
Info: MYD88_Q3UGC7_x1 model_3_multimer_v2_p1_230307_696773_recycled_06,  tol =  8.31, pLDDT = 65.39, pTM-score = 0.3144, piTM-score = 0.0000, interface-score = 0.0000, iRes = 0    iCnt = 0   
Info: MYD88_Q3UGC7_x1 model_3_multimer_v2_p1_230307_696773_recycled_07,  tol =  8.28, pLDDT = 65.52, pTM-score = 0.3188, piTM-score = 0.0000, interface-score = 0.0000, iRes = 0    iCnt = 0   
Info: MYD88_Q3UGC7_x1 model_3_multimer_v2_p1_230307_696773_recycled_08,  tol = 10.65, pLDDT = 65.36, pTM-score = 0.3157, piTM-score = 0.0000, interface-score = 0.0000, iRes = 0    iCnt = 0   
Info: MYD88_Q3UGC7_x1 model_3_multimer_v2_p1_230307_696773_recycled_09,  tol =  5.91, pLDDT = 65.76, pTM-score = 0.3199, piTM-score = 0.0000, interface-score = 0.0000, iRes = 0    iCnt = 0   
Info: MYD88_Q3UGC7_x1 model_3_multimer_v2_p1_230307_696773_recycled_10,  tol =  8.53, pLDDT = 65.87, pTM-score = 0.3208, piTM-score = 0.0000, interface-score = 0.0000, iRes = 0    iCnt = 0   
Info: MYD88_Q3UGC7_x1 model_3_multimer_v2_p1_230307_696773_recycled_11,  tol =  9.92, pLDDT = 65.83, pTM-score = 0.3210, piTM-score = 0.0000, interface-score = 0.0000, iRes = 0    iCnt = 0   
Info: MYD88_Q3UGC7_x1 model_3_multimer_v2_p1_230307_696773_recycled_12,  tol =  8.23, pLDDT = 66.09, pTM-score = 0.3175, piTM-score = 0.0000, interface-score = 0.0000, iRes = 0    iCnt = 0   
Info: MYD88_Q3UGC7_x1 model_3_multimer_v2_p1_230307_696773_recycled_13,  tol =  9.22, pLDDT = 65.27, pTM-score = 0.3148, piTM-score = 0.0000, interface-score = 0.0000, iRes = 0    iCnt = 0   
Info: MYD88_Q3UGC7_x1 model_3_multimer_v2_p1_230307_696773_recycled_14,  tol =  9.20, pLDDT = 65.47, pTM-score = 0.3177, piTM-score = 0.0000, interface-score = 0.0000, iRes = 0    iCnt = 0   
Info: MYD88_Q3UGC7_x1 model_3_multimer_v2_p1_230307_696773_recycled_15,  tol =  5.55, pLDDT = 65.69, pTM-score = 0.3205, piTM-score = 0.0000, interface-score = 0.0000, iRes = 0    iCnt = 0   
Info: MYD88_Q3UGC7_x1 model_3_multimer_v2_p1_230307_696773_recycled_16,  tol =  7.32, pLDDT = 65.57, pTM-score = 0.3203, piTM-score = 0.0000, interface-score = 0.0000, iRes = 0    iCnt = 0   
Info: MYD88_Q3UGC7_x1 model_3_multimer_v2_p1_230307_696773_recycled_17,  tol =  3.08, pLDDT = 65.90, pTM-score = 0.3232, piTM-score = 0.0000, interface-score = 0.0000, iRes = 0    iCnt = 0   
Info: MYD88_Q3UGC7_x1 model_3_multimer_v2_p1_230307_696773_recycled_18,  tol =  4.17, pLDDT = 65.82, pTM-score = 0.3225, piTM-score = 0.0000, interface-score = 0.0000, iRes = 0    iCnt = 0   
Info: MYD88_Q3UGC7_x1 model_3_multimer_v2_p1_230307_696773_recycled_19,  tol =  5.31, pLDDT = 65.92, pTM-score = 0.3187, piTM-score = 0.0000, interface-score = 0.0000, iRes = 0    iCnt = 0   
Info: MYD88_Q3UGC7_x1 model_3_multimer_v2_p1_230307_696773 performed 20 recycles, final tol = 7.71, pLDDT = 65.83, pTM-score = 0.3178, piTM-score = 0.0000, interface-score = 0.0000, iRes = 0    iCnt = 0   
Info: num_clusters = 2, cluster_sizes = [1, 1],  clusters = [['MYD88_MOUSE_0'], ['Q3UGC7_0']]

I0307 00:32:02.194769 22466883356480 run_af2c_mod.py:404] Final timings for MYD88_Q3UGC7_x1: {'features': 0.81, 'process_features_model_3_multimer_v2_p1_230307_696773': 0.0, 'predict_and_compile_model_3_multimer_v2_p1_230307_696773': 478.4}
                                  
================================= 
Global information about the job: 
================================= 
  
Job owner: flobnow(42847)
Job name:  3_AF2C
Node list: ravg1106
Job start: Tue Mar  7 00:23:43 CET 2023
Job end:   Tue Mar  7 00:32:03 CET 2023
Work dir:  /raven/u/flobnow/workingLama/scripts/myRuns/Q3UGC7
Command:   /raven/u/flobnow/workingLama/scripts/myRuns/Q3UGC7/script2_comp_model_3.sh
  
  
  
==========================================================================================
Information on jobsteps (Note: MaxRSS/AveRSS is the maximum/average over all 
tasks of the per-task memory high-water marks; cf. "man sacct"): 
==========================================================================================
  
JobID            JobName NNodes NTasks  NCPUS        0.00M        0.00M    Elapsed ExitCode
------------- ---------- ------ ------ ------ ------------ ------------ ---------- --------
4365785           3_AF2C      1           108                             00:08:20      0:0
4365785.0        python3      1      1    108    19508.00M    19508.00M   00:08:15      0:0
  
Maximum memory per node: 20.455620 GB (defined as MaxRSS*Ntasks/NNodes)
CPU utilization: 1.9 %
  
Info: input file name is Q3UGC7
Info: input target list is /u/flobnow/workingLama/scripts/myRuns/Q3UGC7/target.lst
Info: input feature directory is /u/flobnow/workingLama/feature_files
Info: result output directory is /u/flobnow/workingLama/output_files
Info: model preset is multimer_np
Info: msa pairing is all
Info: recycling setting is 1
Info: using preset super2
Info: set num_ensemble = 2
Info: set max_recyles = 20
Info: set recycle_tol = 0.1
Info: mas_pairing mode is all
I0307 00:32:20.381333 22918567515968 tpu_client.py:54] Starting the local TPU driver.
I0307 00:32:20.381725 22918567515968 xla_bridge.py:212] Unable to initialize backend 'tpu_driver': Not found: Unable to find driver in registry given worker: local://
I0307 00:32:20.770234 22918567515968 xla_bridge.py:212] Unable to initialize backend 'tpu': Invalid argument: TpuPlatform is not available.
I0307 00:32:23.571654 22918567515968 run_af2c_mod.py:481] Have 1 models: ['model_4_multimer_v2_p1']
Info: working on target MYD88_Q3UGC7_x1
I0307 00:32:28.576930 22918567515968 run_af2c_mod.py:512] Using random seed 4303806475585570410 for the data pipeline
Info: MYD88_Q3UGC7_x1 found monomer MYD88_MOUSE msa_depth = 3425, seq_len = 296, num_templ = 20
Info: MYD88_MOUSE reducing the number of structural templates to 4
Info: MYD88_Q3UGC7_x1 found monomer Q3UGC7 msa_depth = 3127, seq_len = 261, num_templ = 10
Info: Q3UGC7 reducing the number of structural templates to 4
Info: 2 chain(s) to model {'A': 'MYD88_MOUSE_1', 'B': 'Q3UGC7_1'}
Info: modeling MYD88_Q3UGC7_x1 with msa_depth = 5565, seq_len = 557, num_templ = 8
I0307 00:32:29.319774 22918567515968 run_af2c_mod.py:216] Running model model_4_multimer_v2_p1_230307_570410
I0307 00:32:29.320241 22918567515968 model.py:205] Running predict with shape(feat) = {'msa': (5565, 557), 'bert_mask': (5565, 557), 'num_alignments': (), 'aatype': (557,), 'seq_length': (), 'template_aatype': (8, 557), 'template_all_atom_mask': (8, 557, 37), 'template_all_atom_positions': (8, 557, 37, 3), 'all_atom_positions': (557, 37, 3), 'template_domain_names': (8,), 'asym_id': (557,), 'sym_id': (557,), 'entity_id': (557,), 'residue_index': (557,), 'deletion_matrix': (5565, 557), 'seq_mask': (557,), 'msa_mask': (5565, 557), 'cluster_bias_mask': (5565,), 'pdb_residue_index': (557,)}
I0307 00:40:30.644948 22918567515968 run_af2c_mod.py:270] Total JAX model model_4_multimer_v2_p1_230307_570410 predict time (includes compilation time): 481.3 seconds
Info: MYD88_Q3UGC7_x1 model_4_multimer_v2_p1_230307_570410_recycled_00,  tol =   inf, pLDDT = 63.18, pTM-score = 0.3080, piTM-score = 0.0000, interface-score = 0.0000, iRes = 0    iCnt = 0   
Info: MYD88_Q3UGC7_x1 model_4_multimer_v2_p1_230307_570410_recycled_01,  tol = 88.80, pLDDT = 63.85, pTM-score = 0.3117, piTM-score = 0.0000, interface-score = 0.0000, iRes = 0    iCnt = 0   
Info: MYD88_Q3UGC7_x1 model_4_multimer_v2_p1_230307_570410_recycled_02,  tol = 23.69, pLDDT = 65.28, pTM-score = 0.3155, piTM-score = 0.0000, interface-score = 0.0000, iRes = 0    iCnt = 0   
Info: MYD88_Q3UGC7_x1 model_4_multimer_v2_p1_230307_570410_recycled_03,  tol = 11.92, pLDDT = 65.76, pTM-score = 0.3162, piTM-score = 0.0000, interface-score = 0.0000, iRes = 0    iCnt = 0   
Info: MYD88_Q3UGC7_x1 model_4_multimer_v2_p1_230307_570410_recycled_04,  tol =  9.36, pLDDT = 65.93, pTM-score = 0.3161, piTM-score = 0.0000, interface-score = 0.0000, iRes = 0    iCnt = 0   
Info: MYD88_Q3UGC7_x1 model_4_multimer_v2_p1_230307_570410_recycled_05,  tol =  5.34, pLDDT = 65.63, pTM-score = 0.3172, piTM-score = 0.0000, interface-score = 0.0000, iRes = 0    iCnt = 0   
Info: MYD88_Q3UGC7_x1 model_4_multimer_v2_p1_230307_570410_recycled_06,  tol =  8.79, pLDDT = 66.13, pTM-score = 0.3188, piTM-score = 0.0000, interface-score = 0.0000, iRes = 0    iCnt = 0   
Info: MYD88_Q3UGC7_x1 model_4_multimer_v2_p1_230307_570410_recycled_07,  tol =  8.96, pLDDT = 66.13, pTM-score = 0.3196, piTM-score = 0.0000, interface-score = 0.0000, iRes = 0    iCnt = 0   
Info: MYD88_Q3UGC7_x1 model_4_multimer_v2_p1_230307_570410_recycled_08,  tol =  8.89, pLDDT = 65.81, pTM-score = 0.3177, piTM-score = 0.0000, interface-score = 0.0000, iRes = 0    iCnt = 0   
Info: MYD88_Q3UGC7_x1 model_4_multimer_v2_p1_230307_570410_recycled_09,  tol =  4.26, pLDDT = 65.76, pTM-score = 0.3183, piTM-score = 0.0000, interface-score = 0.0000, iRes = 0    iCnt = 0   
Info: MYD88_Q3UGC7_x1 model_4_multimer_v2_p1_230307_570410_recycled_10,  tol =  7.58, pLDDT = 66.09, pTM-score = 0.3187, piTM-score = 0.0000, interface-score = 0.0000, iRes = 0    iCnt = 0   
Info: MYD88_Q3UGC7_x1 model_4_multimer_v2_p1_230307_570410_recycled_11,  tol =  7.60, pLDDT = 65.76, pTM-score = 0.3172, piTM-score = 0.0000, interface-score = 0.0000, iRes = 0    iCnt = 0   
Info: MYD88_Q3UGC7_x1 model_4_multimer_v2_p1_230307_570410_recycled_12,  tol =  3.31, pLDDT = 65.89, pTM-score = 0.3174, piTM-score = 0.0000, interface-score = 0.0000, iRes = 0    iCnt = 0   
Info: MYD88_Q3UGC7_x1 model_4_multimer_v2_p1_230307_570410_recycled_13,  tol =  7.34, pLDDT = 65.66, pTM-score = 0.3177, piTM-score = 0.0000, interface-score = 0.0000, iRes = 0    iCnt = 0   
Info: MYD88_Q3UGC7_x1 model_4_multimer_v2_p1_230307_570410_recycled_14,  tol =  2.37, pLDDT = 66.10, pTM-score = 0.3194, piTM-score = 0.0000, interface-score = 0.0000, iRes = 0    iCnt = 0   
Info: MYD88_Q3UGC7_x1 model_4_multimer_v2_p1_230307_570410_recycled_15,  tol =  2.06, pLDDT = 66.20, pTM-score = 0.3182, piTM-score = 0.0000, interface-score = 0.0000, iRes = 0    iCnt = 0   
Info: MYD88_Q3UGC7_x1 model_4_multimer_v2_p1_230307_570410_recycled_16,  tol =  6.86, pLDDT = 65.76, pTM-score = 0.3185, piTM-score = 0.0000, interface-score = 0.0000, iRes = 0    iCnt = 0   
Info: MYD88_Q3UGC7_x1 model_4_multimer_v2_p1_230307_570410_recycled_17,  tol =  6.49, pLDDT = 65.62, pTM-score = 0.3170, piTM-score = 0.0000, interface-score = 0.0000, iRes = 0    iCnt = 0   
Info: MYD88_Q3UGC7_x1 model_4_multimer_v2_p1_230307_570410_recycled_18,  tol =  3.20, pLDDT = 65.65, pTM-score = 0.3173, piTM-score = 0.0000, interface-score = 0.0000, iRes = 0    iCnt = 0   
Info: MYD88_Q3UGC7_x1 model_4_multimer_v2_p1_230307_570410_recycled_19,  tol =  5.60, pLDDT = 66.19, pTM-score = 0.3178, piTM-score = 0.0000, interface-score = 0.0000, iRes = 0    iCnt = 0   
Info: MYD88_Q3UGC7_x1 model_4_multimer_v2_p1_230307_570410 performed 20 recycles, final tol = 5.85, pLDDT = 65.99, pTM-score = 0.3186, piTM-score = 0.0000, interface-score = 0.0000, iRes = 0    iCnt = 0   
Info: num_clusters = 2, cluster_sizes = [1, 1],  clusters = [['MYD88_MOUSE_0'], ['Q3UGC7_0']]

I0307 00:40:32.964070 22918567515968 run_af2c_mod.py:404] Final timings for MYD88_Q3UGC7_x1: {'features': 0.74, 'process_features_model_4_multimer_v2_p1_230307_570410': 0.0, 'predict_and_compile_model_4_multimer_v2_p1_230307_570410': 481.3}
                                  
================================= 
Global information about the job: 
================================= 
  
Job owner: flobnow(42847)
Job name:  4_AF2C
Node list: ravg1106
Job start: Tue Mar  7 00:32:12 CET 2023
Job end:   Tue Mar  7 00:40:34 CET 2023
Work dir:  /raven/u/flobnow/workingLama/scripts/myRuns/Q3UGC7
Command:   /raven/u/flobnow/workingLama/scripts/myRuns/Q3UGC7/script2_comp_model_4.sh
  
  
  
==========================================================================================
Information on jobsteps (Note: MaxRSS/AveRSS is the maximum/average over all 
tasks of the per-task memory high-water marks; cf. "man sacct"): 
==========================================================================================
  
JobID            JobName NNodes NTasks  NCPUS        0.00M        0.00M    Elapsed ExitCode
------------- ---------- ------ ------ ------ ------------ ------------ ---------- --------
4365794           4_AF2C      1           108                             00:08:22      0:0
4365794.0        python3      1      1    108    19378.66M    19378.66M   00:08:20      0:0
  
Maximum memory per node: 20.319997 GB (defined as MaxRSS*Ntasks/NNodes)
CPU utilization: 1.9 %
  
Info: target file is /u/flobnow/workingLama/scripts/myRuns/Q3UGC7/target.lst
Info: input directory of unrelaxed models is /u/flobnow/workingLama/output_files
Info: output directory of relaxed models is /u/flobnow/workingLama/output_files
/bin/sh: /mpcdf/soft/SLE_15/packages/x86_64/alphafold/2.2.0/lib/libtinfo.so.6: no version information available (required by /lib64/libreadline.so.7)
I0307 20:57:25.560769 22942808549184 run_af2c_min.py:88] MYD88_Q3UGC7_x1 processing model_4_multimer_v2_p1_230307_570410.pdb
sh: /mpcdf/soft/SLE_15/packages/x86_64/alphafold/2.2.0/lib/libtinfo.so.6: no version information available (required by /lib64/libreadline.so.7)
sh: /mpcdf/soft/SLE_15/packages/x86_64/alphafold/2.2.0/lib/libtinfo.so.6: no version information available (required by /lib64/libreadline.so.7)
I0307 20:57:31.774633 22942808549184 amber_minimize.py:177] alterations info: {'nonstandard_residues': [], 'removed_heterogens': set(), 'missing_residues': {}, 'missing_heavy_atoms': {}, 'missing_terminals': {<Residue 295 (PRO) of chain 0>: ['OXT'], <Residue 556 (MET) of chain 1>: ['OXT']}, 'Se_in_MET': [], 'removed_chains': {0: []}}
I0307 20:57:32.537605 22942808549184 amber_minimize.py:408] Minimizing protein, attempt 1 of 100.
I0307 20:57:33.463349 22942808549184 amber_minimize.py:69] Restraining 4427 / 8849 particles.
sh: /mpcdf/soft/SLE_15/packages/x86_64/alphafold/2.2.0/lib/libtinfo.so.6: no version information available (required by /lib64/libreadline.so.7)
I0307 20:58:10.623743 22942808549184 amber_minimize.py:177] alterations info: {'nonstandard_residues': [], 'removed_heterogens': set(), 'missing_residues': {}, 'missing_heavy_atoms': {}, 'missing_terminals': {}, 'Se_in_MET': [], 'removed_chains': {0: []}}
I0307 20:58:11.391759 22942808549184 tpu_client.py:54] Starting the local TPU driver.
I0307 20:58:11.392054 22942808549184 xla_bridge.py:212] Unable to initialize backend 'tpu_driver': Not found: Unable to find driver in registry given worker: local://
I0307 20:58:11.624456 22942808549184 xla_bridge.py:212] Unable to initialize backend 'tpu': Invalid argument: TpuPlatform is not available.
I0307 20:58:20.700818 22942808549184 amber_minimize.py:500] Iteration completed: Einit 1261647.34 Efinal -4729.28 Time 35.52 s num residue violations 2 num residue exclusions 0 
I0307 20:58:20.744941 22942808549184 amber_minimize.py:408] Minimizing protein, attempt 1 of 100.
I0307 20:58:21.627813 22942808549184 amber_minimize.py:69] Restraining 4415 / 8849 particles.
sh: /mpcdf/soft/SLE_15/packages/x86_64/alphafold/2.2.0/lib/libtinfo.so.6: no version information available (required by /lib64/libreadline.so.7)
I0307 20:58:55.777647 22942808549184 amber_minimize.py:177] alterations info: {'nonstandard_residues': [], 'removed_heterogens': set(), 'missing_residues': {}, 'missing_heavy_atoms': {}, 'missing_terminals': {}, 'Se_in_MET': [], 'removed_chains': {0: []}}
I0307 20:58:57.617055 22942808549184 amber_minimize.py:500] Iteration completed: Einit 13812.32 Efinal -6671.64 Time 32.56 s num residue violations 0 num residue exclusions 2 
sh: /mpcdf/soft/SLE_15/packages/x86_64/alphafold/2.2.0/lib/libtinfo.so.6: no version information available (required by /lib64/libreadline.so.7)
sh: /mpcdf/soft/SLE_15/packages/x86_64/alphafold/2.2.0/lib/libtinfo.so.6: no version information available (required by /lib64/libreadline.so.7)
I0307 20:59:00.396349 22942808549184 amber_minimize.py:177] alterations info: {'nonstandard_residues': [], 'removed_heterogens': set(), 'missing_residues': {}, 'missing_heavy_atoms': {}, 'missing_terminals': {<Residue 295 (PRO) of chain 0>: ['OXT'], <Residue 556 (MET) of chain 1>: ['OXT']}, 'Se_in_MET': [], 'removed_chains': {0: []}}
I0307 20:59:02.035350 22942808549184 run_af2c_min.py:110] MYD88_Q3UGC7_x1 relaxation done, time spent 96.2 seconds, Efinal -6671.64, rmsd 0.40
I0307 20:59:02.035598 22942808549184 run_af2c_min.py:88] MYD88_Q3UGC7_x1 processing model_3_multimer_v2_p1_230307_696773.pdb
sh: /mpcdf/soft/SLE_15/packages/x86_64/alphafold/2.2.0/lib/libtinfo.so.6: no version information available (required by /lib64/libreadline.so.7)
sh: /mpcdf/soft/SLE_15/packages/x86_64/alphafold/2.2.0/lib/libtinfo.so.6: no version information available (required by /lib64/libreadline.so.7)
I0307 20:59:04.932370 22942808549184 amber_minimize.py:177] alterations info: {'nonstandard_residues': [], 'removed_heterogens': set(), 'missing_residues': {}, 'missing_heavy_atoms': {}, 'missing_terminals': {<Residue 295 (PRO) of chain 0>: ['OXT'], <Residue 556 (MET) of chain 1>: ['OXT']}, 'Se_in_MET': [], 'removed_chains': {0: []}}
I0307 20:59:05.777481 22942808549184 amber_minimize.py:408] Minimizing protein, attempt 1 of 100.
I0307 20:59:06.720422 22942808549184 amber_minimize.py:69] Restraining 4427 / 8849 particles.
sh: /mpcdf/soft/SLE_15/packages/x86_64/alphafold/2.2.0/lib/libtinfo.so.6: no version information available (required by /lib64/libreadline.so.7)
I0307 20:59:42.126211 22942808549184 amber_minimize.py:177] alterations info: {'nonstandard_residues': [], 'removed_heterogens': set(), 'missing_residues': {}, 'missing_heavy_atoms': {}, 'missing_terminals': {}, 'Se_in_MET': [], 'removed_chains': {0: []}}
I0307 20:59:44.009586 22942808549184 amber_minimize.py:500] Iteration completed: Einit 7815290.10 Efinal -4011.72 Time 33.86 s num residue violations 12 num residue exclusions 0 
I0307 20:59:44.010182 22942808549184 amber_minimize.py:408] Minimizing protein, attempt 1 of 100.
I0307 20:59:44.917686 22942808549184 amber_minimize.py:69] Restraining 4314 / 8849 particles.
sh: /mpcdf/soft/SLE_15/packages/x86_64/alphafold/2.2.0/lib/libtinfo.so.6: no version information available (required by /lib64/libreadline.so.7)
I0307 21:00:30.050663 22942808549184 amber_minimize.py:177] alterations info: {'nonstandard_residues': [], 'removed_heterogens': set(), 'missing_residues': {}, 'missing_heavy_atoms': {}, 'missing_terminals': {}, 'Se_in_MET': [], 'removed_chains': {0: []}}
I0307 21:00:31.942944 22942808549184 amber_minimize.py:500] Iteration completed: Einit 23301.98 Efinal -6169.17 Time 43.62 s num residue violations 15 num residue exclusions 12 
I0307 21:00:31.943547 22942808549184 amber_minimize.py:408] Minimizing protein, attempt 1 of 100.
I0307 21:00:32.855184 22942808549184 amber_minimize.py:69] Restraining 4240 / 8849 particles.
sh: /mpcdf/soft/SLE_15/packages/x86_64/alphafold/2.2.0/lib/libtinfo.so.6: no version information available (required by /lib64/libreadline.so.7)
I0307 21:01:07.805244 22942808549184 amber_minimize.py:177] alterations info: {'nonstandard_residues': [], 'removed_heterogens': set(), 'missing_residues': {}, 'missing_heavy_atoms': {}, 'missing_terminals': {}, 'Se_in_MET': [], 'removed_chains': {0: []}}
I0307 21:01:09.688621 22942808549184 amber_minimize.py:500] Iteration completed: Einit 13480.83 Efinal -7179.22 Time 33.44 s num residue violations 10 num residue exclusions 20 
sh: /mpcdf/soft/SLE_15/packages/x86_64/alphafold/2.2.0/lib/libtinfo.so.6: no version information available (required by /lib64/libreadline.so.7)
sh: /mpcdf/soft/SLE_15/packages/x86_64/alphafold/2.2.0/lib/libtinfo.so.6: no version information available (required by /lib64/libreadline.so.7)
I0307 21:01:12.371042 22942808549184 amber_minimize.py:177] alterations info: {'nonstandard_residues': [], 'removed_heterogens': set(), 'missing_residues': {}, 'missing_heavy_atoms': {}, 'missing_terminals': {<Residue 295 (PRO) of chain 0>: ['OXT'], <Residue 556 (MET) of chain 1>: ['OXT']}, 'Se_in_MET': [], 'removed_chains': {0: []}}
I0307 21:01:14.144765 22942808549184 run_af2c_min.py:110] MYD88_Q3UGC7_x1 relaxation done, time spent 131.7 seconds, Efinal -7179.22, rmsd 0.40
I0307 21:01:14.144886 22942808549184 run_af2c_min.py:88] MYD88_Q3UGC7_x1 processing model_1_multimer_v2_p1_230306_725102.pdb
sh: /mpcdf/soft/SLE_15/packages/x86_64/alphafold/2.2.0/lib/libtinfo.so.6: no version information available (required by /lib64/libreadline.so.7)
sh: /mpcdf/soft/SLE_15/packages/x86_64/alphafold/2.2.0/lib/libtinfo.so.6: no version information available (required by /lib64/libreadline.so.7)
I0307 21:01:16.964885 22942808549184 amber_minimize.py:177] alterations info: {'nonstandard_residues': [], 'removed_heterogens': set(), 'missing_residues': {}, 'missing_heavy_atoms': {}, 'missing_terminals': {<Residue 295 (PRO) of chain 0>: ['OXT'], <Residue 556 (MET) of chain 1>: ['OXT']}, 'Se_in_MET': [], 'removed_chains': {0: []}}
I0307 21:01:17.763874 22942808549184 amber_minimize.py:408] Minimizing protein, attempt 1 of 100.
I0307 21:01:18.697409 22942808549184 amber_minimize.py:69] Restraining 4427 / 8849 particles.
sh: /mpcdf/soft/SLE_15/packages/x86_64/alphafold/2.2.0/lib/libtinfo.so.6: no version information available (required by /lib64/libreadline.so.7)
I0307 21:01:55.814240 22942808549184 amber_minimize.py:177] alterations info: {'nonstandard_residues': [], 'removed_heterogens': set(), 'missing_residues': {}, 'missing_heavy_atoms': {}, 'missing_terminals': {}, 'Se_in_MET': [], 'removed_chains': {0: []}}
I0307 21:01:57.687139 22942808549184 amber_minimize.py:500] Iteration completed: Einit 616376877.84 Efinal -4609.61 Time 35.63 s num residue violations 4 num residue exclusions 0 
I0307 21:01:57.687734 22942808549184 amber_minimize.py:408] Minimizing protein, attempt 1 of 100.
I0307 21:01:58.572751 22942808549184 amber_minimize.py:69] Restraining 4391 / 8849 particles.
sh: /mpcdf/soft/SLE_15/packages/x86_64/alphafold/2.2.0/lib/libtinfo.so.6: no version information available (required by /lib64/libreadline.so.7)
I0307 21:02:35.155465 22942808549184 amber_minimize.py:177] alterations info: {'nonstandard_residues': [], 'removed_heterogens': set(), 'missing_residues': {}, 'missing_heavy_atoms': {}, 'missing_terminals': {}, 'Se_in_MET': [], 'removed_chains': {0: []}}
I0307 21:02:37.050828 22942808549184 amber_minimize.py:500] Iteration completed: Einit 14845.83 Efinal -6825.25 Time 35.02 s num residue violations 2 num residue exclusions 4 
I0307 21:02:37.051420 22942808549184 amber_minimize.py:408] Minimizing protein, attempt 1 of 100.
I0307 21:02:37.922363 22942808549184 amber_minimize.py:69] Restraining 4378 / 8849 particles.
sh: /mpcdf/soft/SLE_15/packages/x86_64/alphafold/2.2.0/lib/libtinfo.so.6: no version information available (required by /lib64/libreadline.so.7)
I0307 21:03:07.394576 22942808549184 amber_minimize.py:177] alterations info: {'nonstandard_residues': [], 'removed_heterogens': set(), 'missing_residues': {}, 'missing_heavy_atoms': {}, 'missing_terminals': {}, 'Se_in_MET': [], 'removed_chains': {0: []}}
I0307 21:03:09.223299 22942808549184 amber_minimize.py:500] Iteration completed: Einit 12616.46 Efinal -7600.22 Time 27.81 s num residue violations 2 num residue exclusions 6 
sh: /mpcdf/soft/SLE_15/packages/x86_64/alphafold/2.2.0/lib/libtinfo.so.6: no version information available (required by /lib64/libreadline.so.7)
sh: /mpcdf/soft/SLE_15/packages/x86_64/alphafold/2.2.0/lib/libtinfo.so.6: no version information available (required by /lib64/libreadline.so.7)
I0307 21:03:11.952720 22942808549184 amber_minimize.py:177] alterations info: {'nonstandard_residues': [], 'removed_heterogens': set(), 'missing_residues': {}, 'missing_heavy_atoms': {}, 'missing_terminals': {<Residue 295 (PRO) of chain 0>: ['OXT'], <Residue 556 (MET) of chain 1>: ['OXT']}, 'Se_in_MET': [], 'removed_chains': {0: []}}
I0307 21:03:13.679816 22942808549184 run_af2c_min.py:110] MYD88_Q3UGC7_x1 relaxation done, time spent 119.3 seconds, Efinal -7600.22, rmsd 0.37
I0307 21:03:13.679935 22942808549184 run_af2c_min.py:88] MYD88_Q3UGC7_x1 processing model_2_multimer_v2_p1_230306_955278.pdb
sh: /mpcdf/soft/SLE_15/packages/x86_64/alphafold/2.2.0/lib/libtinfo.so.6: no version information available (required by /lib64/libreadline.so.7)
sh: /mpcdf/soft/SLE_15/packages/x86_64/alphafold/2.2.0/lib/libtinfo.so.6: no version information available (required by /lib64/libreadline.so.7)
I0307 21:03:16.539361 22942808549184 amber_minimize.py:177] alterations info: {'nonstandard_residues': [], 'removed_heterogens': set(), 'missing_residues': {}, 'missing_heavy_atoms': {}, 'missing_terminals': {<Residue 295 (PRO) of chain 0>: ['OXT'], <Residue 556 (MET) of chain 1>: ['OXT']}, 'Se_in_MET': [], 'removed_chains': {0: []}}
I0307 21:03:17.363493 22942808549184 amber_minimize.py:408] Minimizing protein, attempt 1 of 100.
I0307 21:03:18.293050 22942808549184 amber_minimize.py:69] Restraining 4427 / 8849 particles.
sh: /mpcdf/soft/SLE_15/packages/x86_64/alphafold/2.2.0/lib/libtinfo.so.6: no version information available (required by /lib64/libreadline.so.7)
I0307 21:04:00.550515 22942808549184 amber_minimize.py:177] alterations info: {'nonstandard_residues': [], 'removed_heterogens': set(), 'missing_residues': {}, 'missing_heavy_atoms': {}, 'missing_terminals': {}, 'Se_in_MET': [], 'removed_chains': {0: []}}
I0307 21:04:02.425980 22942808549184 amber_minimize.py:500] Iteration completed: Einit 116757227.88 Efinal -4017.61 Time 40.79 s num residue violations 4 num residue exclusions 0 
I0307 21:04:02.426562 22942808549184 amber_minimize.py:408] Minimizing protein, attempt 1 of 100.
I0307 21:04:03.289158 22942808549184 amber_minimize.py:69] Restraining 4392 / 8849 particles.
sh: /mpcdf/soft/SLE_15/packages/x86_64/alphafold/2.2.0/lib/libtinfo.so.6: no version information available (required by /lib64/libreadline.so.7)
I0307 21:04:42.356865 22942808549184 amber_minimize.py:177] alterations info: {'nonstandard_residues': [], 'removed_heterogens': set(), 'missing_residues': {}, 'missing_heavy_atoms': {}, 'missing_terminals': {}, 'Se_in_MET': [], 'removed_chains': {0: []}}
I0307 21:04:44.208742 22942808549184 amber_minimize.py:500] Iteration completed: Einit 14705.15 Efinal -6342.26 Time 37.52 s num residue violations 2 num residue exclusions 4 
I0307 21:04:44.209327 22942808549184 amber_minimize.py:408] Minimizing protein, attempt 1 of 100.
I0307 21:04:45.101859 22942808549184 amber_minimize.py:69] Restraining 4379 / 8849 particles.
sh: /mpcdf/soft/SLE_15/packages/x86_64/alphafold/2.2.0/lib/libtinfo.so.6: no version information available (required by /lib64/libreadline.so.7)
I0307 21:05:21.161599 22942808549184 amber_minimize.py:177] alterations info: {'nonstandard_residues': [], 'removed_heterogens': set(), 'missing_residues': {}, 'missing_heavy_atoms': {}, 'missing_terminals': {}, 'Se_in_MET': [], 'removed_chains': {0: []}}
I0307 21:05:23.043393 22942808549184 amber_minimize.py:500] Iteration completed: Einit 30798.35 Efinal -7235.04 Time 34.51 s num residue violations 4 num residue exclusions 6 
sh: /mpcdf/soft/SLE_15/packages/x86_64/alphafold/2.2.0/lib/libtinfo.so.6: no version information available (required by /lib64/libreadline.so.7)
sh: /mpcdf/soft/SLE_15/packages/x86_64/alphafold/2.2.0/lib/libtinfo.so.6: no version information available (required by /lib64/libreadline.so.7)
I0307 21:05:25.804329 22942808549184 amber_minimize.py:177] alterations info: {'nonstandard_residues': [], 'removed_heterogens': set(), 'missing_residues': {}, 'missing_heavy_atoms': {}, 'missing_terminals': {<Residue 295 (PRO) of chain 0>: ['OXT'], <Residue 556 (MET) of chain 1>: ['OXT']}, 'Se_in_MET': [], 'removed_chains': {0: []}}
I0307 21:05:27.512481 22942808549184 run_af2c_min.py:110] MYD88_Q3UGC7_x1 relaxation done, time spent 133.5 seconds, Efinal -7235.04, rmsd 0.40
                                  
================================= 
Global information about the job: 
================================= 
  
Job owner: flobnow(42847)
Job name:  6_RLX
Node list: ravg1106
Job start: Tue Mar  7 20:57:15 CET 2023
Job end:   Tue Mar  7 21:05:28 CET 2023
Work dir:  /raven/u/flobnow/workingLama/scripts/myRuns/Q3UGC7
Command:   /raven/u/flobnow/workingLama/scripts/myRuns/Q3UGC7/script3_relaxation.sh
  
  
  
==========================================================================================
Information on jobsteps (Note: MaxRSS/AveRSS is the maximum/average over all 
tasks of the per-task memory high-water marks; cf. "man sacct"): 
==========================================================================================
  
JobID            JobName NNodes NTasks  NCPUS        0.00M        0.00M    Elapsed ExitCode
------------- ---------- ------ ------ ------ ------------ ------------ ---------- --------
4375147            6_RLX      1           108                             00:08:13      0:0
4375147.0        python3      1      1    108    13155.86M    13155.86M   00:08:08      0:0
  
Maximum memory per node: 13.794919 GB (defined as MaxRSS*Ntasks/NNodes)
CPU utilization: 74.6 %
  
Info: input file name is Q3UGC7
Info: input target list is /u/flobnow/workingLama/scripts/myRuns/Q3UGC7/target.lst
Info: input feature directory is /u/flobnow/workingLama/feature_files
Info: result output directory is /u/flobnow/workingLama/output_files
Info: model preset is multimer_np
Info: msa pairing is all
Info: recycling setting is 1
Info: using preset super2
Info: set num_ensemble = 2
Info: set max_recyles = 20
Info: set recycle_tol = 0.1
Info: mas_pairing mode is all
I0309 12:42:22.326382 23037658277696 tpu_client.py:54] Starting the local TPU driver.
I0309 12:42:22.326768 23037658277696 xla_bridge.py:212] Unable to initialize backend 'tpu_driver': Not found: Unable to find driver in registry given worker: local://
I0309 12:42:22.695780 23037658277696 xla_bridge.py:212] Unable to initialize backend 'tpu': Invalid argument: TpuPlatform is not available.
I0309 12:42:25.410842 23037658277696 run_af2c_mod.py:481] Have 1 models: ['model_5_multimer_v2_p1']
Info: working on target MYD88_Q3UGC7_x1
I0309 12:42:25.410990 23037658277696 run_af2c_mod.py:512] Using random seed 562909303569878962 for the data pipeline
Info: MYD88_Q3UGC7_x1 found monomer MYD88_MOUSE msa_depth = 3425, seq_len = 296, num_templ = 20
Info: MYD88_MOUSE reducing the number of structural templates to 4
Info: MYD88_Q3UGC7_x1 found monomer Q3UGC7 msa_depth = 3127, seq_len = 261, num_templ = 10
Info: Q3UGC7 reducing the number of structural templates to 4
Info: 2 chain(s) to model {'A': 'MYD88_MOUSE_1', 'B': 'Q3UGC7_1'}
Info: modeling MYD88_Q3UGC7_x1 with msa_depth = 5565, seq_len = 557, num_templ = 8
I0309 12:42:26.189993 23037658277696 run_af2c_mod.py:216] Running model model_5_multimer_v2_p1_230309_878962
I0309 12:42:26.190464 23037658277696 model.py:205] Running predict with shape(feat) = {'msa': (5565, 557), 'bert_mask': (5565, 557), 'num_alignments': (), 'aatype': (557,), 'seq_length': (), 'template_aatype': (8, 557), 'template_all_atom_mask': (8, 557, 37), 'template_all_atom_positions': (8, 557, 37, 3), 'all_atom_positions': (557, 37, 3), 'template_domain_names': (8,), 'asym_id': (557,), 'sym_id': (557,), 'entity_id': (557,), 'residue_index': (557,), 'deletion_matrix': (5565, 557), 'seq_mask': (557,), 'msa_mask': (5565, 557), 'cluster_bias_mask': (5565,), 'pdb_residue_index': (557,)}
I0309 12:50:25.550213 23037658277696 run_af2c_mod.py:270] Total JAX model model_5_multimer_v2_p1_230309_878962 predict time (includes compilation time): 479.4 seconds
Info: MYD88_Q3UGC7_x1 model_5_multimer_v2_p1_230309_878962_recycled_00,  tol =   inf, pLDDT = 62.86, pTM-score = 0.3078, piTM-score = 0.0000, interface-score = 0.0000, iRes = 0    iCnt = 0   
Info: MYD88_Q3UGC7_x1 model_5_multimer_v2_p1_230309_878962_recycled_01,  tol = 96.82, pLDDT = 62.86, pTM-score = 0.3104, piTM-score = 0.0000, interface-score = 0.0000, iRes = 0    iCnt = 0   
Info: MYD88_Q3UGC7_x1 model_5_multimer_v2_p1_230309_878962_recycled_02,  tol = 16.07, pLDDT = 63.95, pTM-score = 0.3186, piTM-score = 0.0000, interface-score = 0.0000, iRes = 0    iCnt = 0   
Info: MYD88_Q3UGC7_x1 model_5_multimer_v2_p1_230309_878962_recycled_03,  tol = 13.95, pLDDT = 64.59, pTM-score = 0.3191, piTM-score = 0.0000, interface-score = 0.0000, iRes = 0    iCnt = 0   
Info: MYD88_Q3UGC7_x1 model_5_multimer_v2_p1_230309_878962_recycled_04,  tol =  9.72, pLDDT = 64.54, pTM-score = 0.3189, piTM-score = 0.0000, interface-score = 0.0000, iRes = 0    iCnt = 0   
Info: MYD88_Q3UGC7_x1 model_5_multimer_v2_p1_230309_878962_recycled_05,  tol =  6.56, pLDDT = 64.68, pTM-score = 0.3213, piTM-score = 0.0000, interface-score = 0.0000, iRes = 0    iCnt = 0   
Info: MYD88_Q3UGC7_x1 model_5_multimer_v2_p1_230309_878962_recycled_06,  tol = 12.92, pLDDT = 65.26, pTM-score = 0.3208, piTM-score = 0.0000, interface-score = 0.0000, iRes = 0    iCnt = 0   
Info: MYD88_Q3UGC7_x1 model_5_multimer_v2_p1_230309_878962_recycled_07,  tol = 11.62, pLDDT = 64.85, pTM-score = 0.3220, piTM-score = 0.0014, interface-score = 0.0000, iRes = 2    iCnt = 1   
Info: MYD88_Q3UGC7_x1 model_5_multimer_v2_p1_230309_878962_recycled_08,  tol = 12.48, pLDDT = 64.83, pTM-score = 0.3197, piTM-score = 0.0000, interface-score = 0.0000, iRes = 0    iCnt = 0   
Info: MYD88_Q3UGC7_x1 model_5_multimer_v2_p1_230309_878962_recycled_09,  tol =  5.41, pLDDT = 64.80, pTM-score = 0.3214, piTM-score = 0.0000, interface-score = 0.0000, iRes = 0    iCnt = 0   
Info: MYD88_Q3UGC7_x1 model_5_multimer_v2_p1_230309_878962_recycled_10,  tol =  5.49, pLDDT = 64.86, pTM-score = 0.3222, piTM-score = 0.0000, interface-score = 0.0000, iRes = 0    iCnt = 0   
Info: MYD88_Q3UGC7_x1 model_5_multimer_v2_p1_230309_878962_recycled_11,  tol = 12.83, pLDDT = 64.73, pTM-score = 0.3225, piTM-score = 0.0014, interface-score = 0.0000, iRes = 2    iCnt = 1   
Info: MYD88_Q3UGC7_x1 model_5_multimer_v2_p1_230309_878962_recycled_12,  tol = 12.56, pLDDT = 64.24, pTM-score = 0.3196, piTM-score = 0.0000, interface-score = 0.0000, iRes = 0    iCnt = 0   
Info: MYD88_Q3UGC7_x1 model_5_multimer_v2_p1_230309_878962_recycled_13,  tol =  4.35, pLDDT = 64.93, pTM-score = 0.3215, piTM-score = 0.0000, interface-score = 0.0000, iRes = 0    iCnt = 0   
Info: MYD88_Q3UGC7_x1 model_5_multimer_v2_p1_230309_878962_recycled_14,  tol = 10.22, pLDDT = 64.55, pTM-score = 0.3191, piTM-score = 0.0000, interface-score = 0.0000, iRes = 0    iCnt = 0   
Info: MYD88_Q3UGC7_x1 model_5_multimer_v2_p1_230309_878962_recycled_15,  tol = 11.05, pLDDT = 64.48, pTM-score = 0.3188, piTM-score = 0.0000, interface-score = 0.0000, iRes = 0    iCnt = 0   
Info: MYD88_Q3UGC7_x1 model_5_multimer_v2_p1_230309_878962_recycled_16,  tol =  6.44, pLDDT = 64.58, pTM-score = 0.3184, piTM-score = 0.0000, interface-score = 0.0000, iRes = 0    iCnt = 0   
Info: MYD88_Q3UGC7_x1 model_5_multimer_v2_p1_230309_878962_recycled_17,  tol =  4.35, pLDDT = 64.54, pTM-score = 0.3198, piTM-score = 0.0000, interface-score = 0.0000, iRes = 0    iCnt = 0   
Info: MYD88_Q3UGC7_x1 model_5_multimer_v2_p1_230309_878962_recycled_18,  tol =  7.62, pLDDT = 64.61, pTM-score = 0.3205, piTM-score = 0.0000, interface-score = 0.0000, iRes = 0    iCnt = 0   
Info: MYD88_Q3UGC7_x1 model_5_multimer_v2_p1_230309_878962_recycled_19,  tol = 12.83, pLDDT = 64.84, pTM-score = 0.3198, piTM-score = 0.0000, interface-score = 0.0000, iRes = 0    iCnt = 0   
Info: MYD88_Q3UGC7_x1 model_5_multimer_v2_p1_230309_878962 performed 20 recycles, final tol = 12.64, pLDDT = 64.60, pTM-score = 0.3220, piTM-score = 0.0014, interface-score = 0.0000, iRes = 2    iCnt = 1   
Info: num_clusters = 2, cluster_sizes = [1, 1],  clusters = [['MYD88_MOUSE_0'], ['Q3UGC7_0']]

I0309 12:50:27.830923 23037658277696 run_af2c_mod.py:404] Final timings for MYD88_Q3UGC7_x1: {'features': 0.78, 'process_features_model_5_multimer_v2_p1_230309_878962': 0.0, 'predict_and_compile_model_5_multimer_v2_p1_230309_878962': 479.4}
                                  
================================= 
Global information about the job: 
================================= 
  
Job owner: flobnow(42847)
Job name:  5_AF2C
Node list: ravg1048
Job start: Thu Mar  9 12:42:14 CET 2023
Job end:   Thu Mar  9 12:50:29 CET 2023
Work dir:  /raven/u/flobnow/workingLama/scripts/myRuns/Q3UGC7
Command:   /raven/u/flobnow/workingLama/scripts/myRuns/Q3UGC7/script2_comp_model_5.sh
  
  
  
==========================================================================================
Information on jobsteps (Note: MaxRSS/AveRSS is the maximum/average over all 
tasks of the per-task memory high-water marks; cf. "man sacct"): 
==========================================================================================
  
JobID            JobName NNodes NTasks  NCPUS        0.00M        0.00M    Elapsed ExitCode
------------- ---------- ------ ------ ------ ------------ ------------ ---------- --------
4388053           5_AF2C      1           108                             00:08:15      0:0
4388053.0        python3      1      1    108    19624.16M    19624.16M   00:08:12      0:0
  
Maximum memory per node: 20.577423 GB (defined as MaxRSS*Ntasks/NNodes)
CPU utilization: 2.0 %
  
