Info: input file name is Q8C0V0
Info: input target list is /u/flobnow/workingLama/scripts/myRuns/Q8C0V0/target.lst
Info: input feature directory is /u/flobnow/workingLama/feature_files
Info: result output directory is /u/flobnow/workingLama/output_files
Info: model preset is multimer_np
Info: msa pairing is all
Info: recycling setting is 1
Info: using preset super2
Info: set num_ensemble = 2
Info: set max_recyles = 20
Info: set recycle_tol = 0.1
Info: mas_pairing mode is all
I0309 04:37:52.496490 22890958583616 tpu_client.py:54] Starting the local TPU driver.
I0309 04:37:52.496875 22890958583616 xla_bridge.py:212] Unable to initialize backend 'tpu_driver': Not found: Unable to find driver in registry given worker: local://
I0309 04:37:52.886623 22890958583616 xla_bridge.py:212] Unable to initialize backend 'tpu': Invalid argument: TpuPlatform is not available.
I0309 04:37:55.726747 22890958583616 run_af2c_mod.py:481] Have 1 models: ['model_1_multimer_v2_p1']
Info: working on target MYD88_Q8C0V0_x1
I0309 04:38:01.733086 22890958583616 run_af2c_mod.py:512] Using random seed 9043530148138796559 for the data pipeline
Info: MYD88_Q8C0V0_x1 found monomer MYD88_MOUSE msa_depth = 3425, seq_len = 296, num_templ = 20
Info: MYD88_MOUSE reducing the number of structural templates to 4
Info: MYD88_Q8C0V0_x1 found monomer Q8C0V0 msa_depth = 77577, seq_len = 766, num_templ = 20
Info: Q8C0V0 MSA size is too large, reducing to 10000
Info: Q8C0V0 reducing the number of structural templates to 4
Info: 2 chain(s) to model {'A': 'MYD88_MOUSE_1', 'B': 'Q8C0V0_1'}
Info: modeling MYD88_Q8C0V0_x1 with msa_depth = 6979, seq_len = 1062, num_templ = 8
I0309 04:38:03.391260 22890958583616 run_af2c_mod.py:216] Running model model_1_multimer_v2_p1_230309_796559
I0309 04:38:03.391744 22890958583616 model.py:205] Running predict with shape(feat) = {'msa': (6979, 1062), 'bert_mask': (6979, 1062), 'num_alignments': (), 'aatype': (1062,), 'seq_length': (), 'template_aatype': (8, 1062), 'template_all_atom_mask': (8, 1062, 37), 'template_all_atom_positions': (8, 1062, 37, 3), 'all_atom_positions': (1062, 37, 3), 'template_domain_names': (8,), 'asym_id': (1062,), 'sym_id': (1062,), 'entity_id': (1062,), 'residue_index': (1062,), 'deletion_matrix': (6979, 1062), 'seq_mask': (1062,), 'msa_mask': (6979, 1062), 'cluster_bias_mask': (6979,), 'pdb_residue_index': (1062,)}
I0309 05:06:51.394874 22890958583616 run_af2c_mod.py:270] Total JAX model model_1_multimer_v2_p1_230309_796559 predict time (includes compilation time): 1728.0 seconds
Info: MYD88_Q8C0V0_x1 model_1_multimer_v2_p1_230309_796559_recycled_00,  tol =   inf, pLDDT = 65.08, pTM-score = 0.4768, piTM-score = 0.2295, interface-score = 0.0199, iRes = 36   iCnt = 38  
Info: MYD88_Q8C0V0_x1 model_1_multimer_v2_p1_230309_796559_recycled_01,  tol = 86.40, pLDDT = 66.18, pTM-score = 0.4771, piTM-score = 0.1492, interface-score = 0.0208, iRes = 36   iCnt = 26  
Info: MYD88_Q8C0V0_x1 model_1_multimer_v2_p1_230309_796559_recycled_02,  tol = 11.98, pLDDT = 66.67, pTM-score = 0.4814, piTM-score = 0.1820, interface-score = 0.0202, iRes = 30   iCnt = 23  
Info: MYD88_Q8C0V0_x1 model_1_multimer_v2_p1_230309_796559_recycled_03,  tol = 10.31, pLDDT = 66.99, pTM-score = 0.4880, piTM-score = 0.1580, interface-score = 0.0182, iRes = 27   iCnt = 19  
Info: MYD88_Q8C0V0_x1 model_1_multimer_v2_p1_230309_796559_recycled_04,  tol =  3.89, pLDDT = 67.24, pTM-score = 0.4898, piTM-score = 0.2108, interface-score = 0.0203, iRes = 28   iCnt = 20  
Info: MYD88_Q8C0V0_x1 model_1_multimer_v2_p1_230309_796559_recycled_05,  tol =  5.10, pLDDT = 67.34, pTM-score = 0.4912, piTM-score = 0.2323, interface-score = 0.0448, iRes = 38   iCnt = 28  
Info: MYD88_Q8C0V0_x1 model_1_multimer_v2_p1_230309_796559_recycled_06,  tol =  4.81, pLDDT = 67.65, pTM-score = 0.4892, piTM-score = 0.1987, interface-score = 0.0360, iRes = 33   iCnt = 25  
Info: MYD88_Q8C0V0_x1 model_1_multimer_v2_p1_230309_796559_recycled_07,  tol =  6.97, pLDDT = 67.66, pTM-score = 0.4939, piTM-score = 0.2402, interface-score = 0.0411, iRes = 34   iCnt = 28  
Info: MYD88_Q8C0V0_x1 model_1_multimer_v2_p1_230309_796559_recycled_08,  tol =  4.24, pLDDT = 67.87, pTM-score = 0.4954, piTM-score = 0.2405, interface-score = 0.0523, iRes = 35   iCnt = 28  
Info: MYD88_Q8C0V0_x1 model_1_multimer_v2_p1_230309_796559_recycled_09,  tol =  2.75, pLDDT = 67.89, pTM-score = 0.4923, piTM-score = 0.1729, interface-score = 0.0313, iRes = 28   iCnt = 24  
Info: MYD88_Q8C0V0_x1 model_1_multimer_v2_p1_230309_796559_recycled_10,  tol =  4.64, pLDDT = 67.78, pTM-score = 0.4904, piTM-score = 0.1371, interface-score = 0.0238, iRes = 27   iCnt = 19  
Info: MYD88_Q8C0V0_x1 model_1_multimer_v2_p1_230309_796559_recycled_11,  tol =  3.66, pLDDT = 68.12, pTM-score = 0.4899, piTM-score = 0.1363, interface-score = 0.0248, iRes = 27   iCnt = 20  
Info: MYD88_Q8C0V0_x1 model_1_multimer_v2_p1_230309_796559_recycled_12,  tol =  3.85, pLDDT = 67.92, pTM-score = 0.4906, piTM-score = 0.0940, interface-score = 0.0105, iRes = 23   iCnt = 15  
Info: MYD88_Q8C0V0_x1 model_1_multimer_v2_p1_230309_796559_recycled_13,  tol =  2.97, pLDDT = 68.24, pTM-score = 0.4880, piTM-score = 0.0411, interface-score = 0.0029, iRes = 19   iCnt = 13  
Info: MYD88_Q8C0V0_x1 model_1_multimer_v2_p1_230309_796559_recycled_14,  tol =  3.76, pLDDT = 68.13, pTM-score = 0.4882, piTM-score = 0.0467, interface-score = 0.0040, iRes = 21   iCnt = 15  
Info: MYD88_Q8C0V0_x1 model_1_multimer_v2_p1_230309_796559_recycled_15,  tol =  3.80, pLDDT = 68.14, pTM-score = 0.4899, piTM-score = 0.1083, interface-score = 0.0133, iRes = 24   iCnt = 17  
Info: MYD88_Q8C0V0_x1 model_1_multimer_v2_p1_230309_796559_recycled_16,  tol =  3.38, pLDDT = 68.23, pTM-score = 0.4886, piTM-score = 0.0737, interface-score = 0.0075, iRes = 22   iCnt = 16  
Info: MYD88_Q8C0V0_x1 model_1_multimer_v2_p1_230309_796559_recycled_17,  tol =  2.52, pLDDT = 68.01, pTM-score = 0.4882, piTM-score = 0.1036, interface-score = 0.0090, iRes = 23   iCnt = 15  
Info: MYD88_Q8C0V0_x1 model_1_multimer_v2_p1_230309_796559_recycled_18,  tol =  4.08, pLDDT = 68.22, pTM-score = 0.4906, piTM-score = 0.0847, interface-score = 0.0084, iRes = 22   iCnt = 16  
Info: MYD88_Q8C0V0_x1 model_1_multimer_v2_p1_230309_796559_recycled_19,  tol =  3.50, pLDDT = 68.17, pTM-score = 0.4931, piTM-score = 0.1577, interface-score = 0.0318, iRes = 32   iCnt = 28  
Info: MYD88_Q8C0V0_x1 model_1_multimer_v2_p1_230309_796559 performed 20 recycles, final tol = 6.83, pLDDT = 68.20, pTM-score = 0.4890, piTM-score = 0.1062, interface-score = 0.0144, iRes = 26   iCnt = 20  
Info: num_clusters = 1, cluster_sizes = [2],  clusters = [['MYD88_MOUSE_0', 'Q8C0V0_0']]

I0309 05:06:55.871242 22890958583616 run_af2c_mod.py:404] Final timings for MYD88_Q8C0V0_x1: {'features': 1.66, 'process_features_model_1_multimer_v2_p1_230309_796559': 0.0, 'predict_and_compile_model_1_multimer_v2_p1_230309_796559': 1728.0}
                                  
================================= 
Global information about the job: 
================================= 
  
Job owner: flobnow(42847)
Job name:  1_AF2C
Node list: ravg1103
Job start: Thu Mar  9 04:37:45 CET 2023
Job end:   Thu Mar  9 05:06:58 CET 2023
Work dir:  /raven/u/flobnow/workingLama/scripts/myRuns/Q8C0V0
Command:   /raven/u/flobnow/workingLama/scripts/myRuns/Q8C0V0/script2_comp_model_1.sh
  
  
  
==========================================================================================
Information on jobsteps (Note: MaxRSS/AveRSS is the maximum/average over all 
tasks of the per-task memory high-water marks; cf. "man sacct"): 
==========================================================================================
  
JobID            JobName NNodes NTasks  NCPUS        0.00M        0.00M    Elapsed ExitCode
------------- ---------- ------ ------ ------ ------------ ------------ ---------- --------
4385269           1_AF2C      1           108                             00:29:13      0:0
4385269.0        python3      1      1    108    31711.01M    31711.01M   00:29:10      0:0
  
Maximum memory per node: 33.251402 GB (defined as MaxRSS*Ntasks/NNodes)
CPU utilization: 1.9 %
  
Info: input file name is Q8C0V0
Info: input target list is /u/flobnow/workingLama/scripts/myRuns/Q8C0V0/target.lst
Info: input feature directory is /u/flobnow/workingLama/feature_files
Info: result output directory is /u/flobnow/workingLama/output_files
Info: model preset is multimer_np
Info: msa pairing is all
Info: recycling setting is 1
Info: using preset super2
Info: set num_ensemble = 2
Info: set max_recyles = 20
Info: set recycle_tol = 0.1
Info: mas_pairing mode is all
I0309 05:13:08.609969 22557570316096 tpu_client.py:54] Starting the local TPU driver.
I0309 05:13:08.610387 22557570316096 xla_bridge.py:212] Unable to initialize backend 'tpu_driver': Not found: Unable to find driver in registry given worker: local://
I0309 05:13:08.962945 22557570316096 xla_bridge.py:212] Unable to initialize backend 'tpu': Invalid argument: TpuPlatform is not available.
I0309 05:13:11.736793 22557570316096 run_af2c_mod.py:481] Have 1 models: ['model_2_multimer_v2_p1']
Info: working on target MYD88_Q8C0V0_x1
I0309 05:13:14.740374 22557570316096 run_af2c_mod.py:512] Using random seed 3139002559795288843 for the data pipeline
Info: MYD88_Q8C0V0_x1 found monomer MYD88_MOUSE msa_depth = 3425, seq_len = 296, num_templ = 20
Info: MYD88_MOUSE reducing the number of structural templates to 4
Info: MYD88_Q8C0V0_x1 found monomer Q8C0V0 msa_depth = 77577, seq_len = 766, num_templ = 20
Info: Q8C0V0 MSA size is too large, reducing to 10000
Info: Q8C0V0 reducing the number of structural templates to 4
Info: 2 chain(s) to model {'A': 'MYD88_MOUSE_1', 'B': 'Q8C0V0_1'}
Info: modeling MYD88_Q8C0V0_x1 with msa_depth = 6979, seq_len = 1062, num_templ = 8
I0309 05:13:16.421600 22557570316096 run_af2c_mod.py:216] Running model model_2_multimer_v2_p1_230309_288843
I0309 05:13:16.422104 22557570316096 model.py:205] Running predict with shape(feat) = {'msa': (6979, 1062), 'bert_mask': (6979, 1062), 'num_alignments': (), 'aatype': (1062,), 'seq_length': (), 'template_aatype': (8, 1062), 'template_all_atom_mask': (8, 1062, 37), 'template_all_atom_positions': (8, 1062, 37, 3), 'all_atom_positions': (1062, 37, 3), 'template_domain_names': (8,), 'asym_id': (1062,), 'sym_id': (1062,), 'entity_id': (1062,), 'residue_index': (1062,), 'deletion_matrix': (6979, 1062), 'seq_mask': (1062,), 'msa_mask': (6979, 1062), 'cluster_bias_mask': (6979,), 'pdb_residue_index': (1062,)}
I0309 05:41:56.790158 22557570316096 run_af2c_mod.py:270] Total JAX model model_2_multimer_v2_p1_230309_288843 predict time (includes compilation time): 1720.4 seconds
Info: MYD88_Q8C0V0_x1 model_2_multimer_v2_p1_230309_288843_recycled_00,  tol =   inf, pLDDT = 66.26, pTM-score = 0.4737, piTM-score = 0.2098, interface-score = 0.0126, iRes = 30   iCnt = 47  
Info: MYD88_Q8C0V0_x1 model_2_multimer_v2_p1_230309_288843_recycled_01,  tol = 89.46, pLDDT = 66.65, pTM-score = 0.4746, piTM-score = 0.0325, interface-score = 0.0005, iRes = 14   iCnt = 13  
Info: MYD88_Q8C0V0_x1 model_2_multimer_v2_p1_230309_288843_recycled_02,  tol = 23.30, pLDDT = 67.19, pTM-score = 0.4731, piTM-score = 0.0353, interface-score = 0.0007, iRes = 16   iCnt = 14  
Info: MYD88_Q8C0V0_x1 model_2_multimer_v2_p1_230309_288843_recycled_03,  tol = 23.52, pLDDT = 67.00, pTM-score = 0.4741, piTM-score = 0.0482, interface-score = 0.0015, iRes = 21   iCnt = 24  
Info: MYD88_Q8C0V0_x1 model_2_multimer_v2_p1_230309_288843_recycled_04,  tol = 14.22, pLDDT = 67.25, pTM-score = 0.4733, piTM-score = 0.0619, interface-score = 0.0012, iRes = 21   iCnt = 28  
Info: MYD88_Q8C0V0_x1 model_2_multimer_v2_p1_230309_288843_recycled_05,  tol =  7.23, pLDDT = 67.20, pTM-score = 0.4677, piTM-score = 0.0381, interface-score = 0.0003, iRes = 15   iCnt = 16  
Info: MYD88_Q8C0V0_x1 model_2_multimer_v2_p1_230309_288843_recycled_06,  tol = 10.33, pLDDT = 67.59, pTM-score = 0.4703, piTM-score = 0.0530, interface-score = 0.0008, iRes = 17   iCnt = 15  
Info: MYD88_Q8C0V0_x1 model_2_multimer_v2_p1_230309_288843_recycled_07,  tol = 10.13, pLDDT = 67.35, pTM-score = 0.4735, piTM-score = 0.1449, interface-score = 0.0145, iRes = 36   iCnt = 33  
Info: MYD88_Q8C0V0_x1 model_2_multimer_v2_p1_230309_288843_recycled_08,  tol =  9.88, pLDDT = 68.01, pTM-score = 0.4732, piTM-score = 0.0410, interface-score = 0.0010, iRes = 14   iCnt = 12  
Info: MYD88_Q8C0V0_x1 model_2_multimer_v2_p1_230309_288843_recycled_09,  tol = 11.00, pLDDT = 67.79, pTM-score = 0.4726, piTM-score = 0.0461, interface-score = 0.0010, iRes = 16   iCnt = 13  
Info: MYD88_Q8C0V0_x1 model_2_multimer_v2_p1_230309_288843_recycled_10,  tol =  7.00, pLDDT = 68.02, pTM-score = 0.4735, piTM-score = 0.0558, interface-score = 0.0015, iRes = 19   iCnt = 19  
Info: MYD88_Q8C0V0_x1 model_2_multimer_v2_p1_230309_288843_recycled_11,  tol =  9.02, pLDDT = 67.59, pTM-score = 0.4704, piTM-score = 0.0613, interface-score = 0.0014, iRes = 21   iCnt = 20  
Info: MYD88_Q8C0V0_x1 model_2_multimer_v2_p1_230309_288843_recycled_12,  tol =  5.88, pLDDT = 67.84, pTM-score = 0.4791, piTM-score = 0.1242, interface-score = 0.0080, iRes = 25   iCnt = 24  
Info: MYD88_Q8C0V0_x1 model_2_multimer_v2_p1_230309_288843_recycled_13,  tol = 13.37, pLDDT = 67.78, pTM-score = 0.4723, piTM-score = 0.0607, interface-score = 0.0013, iRes = 20   iCnt = 20  
Info: MYD88_Q8C0V0_x1 model_2_multimer_v2_p1_230309_288843_recycled_14,  tol =  8.60, pLDDT = 67.81, pTM-score = 0.4714, piTM-score = 0.1639, interface-score = 0.0088, iRes = 34   iCnt = 33  
Info: MYD88_Q8C0V0_x1 model_2_multimer_v2_p1_230309_288843_recycled_15,  tol = 10.15, pLDDT = 68.20, pTM-score = 0.4775, piTM-score = 0.1315, interface-score = 0.0066, iRes = 25   iCnt = 25  
Info: MYD88_Q8C0V0_x1 model_2_multimer_v2_p1_230309_288843_recycled_16,  tol = 10.53, pLDDT = 67.92, pTM-score = 0.4725, piTM-score = 0.1487, interface-score = 0.0052, iRes = 26   iCnt = 25  
Info: MYD88_Q8C0V0_x1 model_2_multimer_v2_p1_230309_288843_recycled_17,  tol =  9.16, pLDDT = 68.08, pTM-score = 0.4766, piTM-score = 0.0868, interface-score = 0.0026, iRes = 22   iCnt = 23  
Info: MYD88_Q8C0V0_x1 model_2_multimer_v2_p1_230309_288843_recycled_18,  tol = 12.67, pLDDT = 68.18, pTM-score = 0.4849, piTM-score = 0.0588, interface-score = 0.0017, iRes = 20   iCnt = 21  
Info: MYD88_Q8C0V0_x1 model_2_multimer_v2_p1_230309_288843_recycled_19,  tol =  9.01, pLDDT = 68.36, pTM-score = 0.4775, piTM-score = 0.1821, interface-score = 0.0152, iRes = 47   iCnt = 60  
Info: MYD88_Q8C0V0_x1 model_2_multimer_v2_p1_230309_288843 performed 20 recycles, final tol = 9.80, pLDDT = 68.37, pTM-score = 0.4799, piTM-score = 0.0626, interface-score = 0.0014, iRes = 21   iCnt = 19  
Info: num_clusters = 1, cluster_sizes = [2],  clusters = [['MYD88_MOUSE_0', 'Q8C0V0_0']]

I0309 05:42:01.118278 22557570316096 run_af2c_mod.py:404] Final timings for MYD88_Q8C0V0_x1: {'features': 1.68, 'process_features_model_2_multimer_v2_p1_230309_288843': 0.0, 'predict_and_compile_model_2_multimer_v2_p1_230309_288843': 1720.4}
                                  
================================= 
Global information about the job: 
================================= 
  
Job owner: flobnow(42847)
Job name:  2_AF2C
Node list: ravg1018
Job start: Thu Mar  9 05:13:01 CET 2023
Job end:   Thu Mar  9 05:42:03 CET 2023
Work dir:  /raven/u/flobnow/workingLama/scripts/myRuns/Q8C0V0
Command:   /raven/u/flobnow/workingLama/scripts/myRuns/Q8C0V0/script2_comp_model_2.sh
  
  
  
==========================================================================================
Information on jobsteps (Note: MaxRSS/AveRSS is the maximum/average over all 
tasks of the per-task memory high-water marks; cf. "man sacct"): 
==========================================================================================
  
JobID            JobName NNodes NTasks  NCPUS        0.00M        0.00M    Elapsed ExitCode
------------- ---------- ------ ------ ------ ------------ ------------ ---------- --------
4385274           2_AF2C      1           108                             00:29:02      0:0
4385274.0        python3      1      1    108    31138.91M    31138.91M   00:29:00      0:0
  
Maximum memory per node: 32.651513 GB (defined as MaxRSS*Ntasks/NNodes)
CPU utilization: 1.9 %
  
Info: input file name is Q8C0V0
Info: input target list is /u/flobnow/workingLama/scripts/myRuns/Q8C0V0/target.lst
Info: input feature directory is /u/flobnow/workingLama/feature_files
Info: result output directory is /u/flobnow/workingLama/output_files
Info: model preset is multimer_np
Info: msa pairing is all
Info: recycling setting is 1
Info: using preset super2
Info: set num_ensemble = 2
Info: set max_recyles = 20
Info: set recycle_tol = 0.1
Info: mas_pairing mode is all
I0309 05:54:48.650744 23296518395712 tpu_client.py:54] Starting the local TPU driver.
I0309 05:54:48.651143 23296518395712 xla_bridge.py:212] Unable to initialize backend 'tpu_driver': Not found: Unable to find driver in registry given worker: local://
I0309 05:54:49.016994 23296518395712 xla_bridge.py:212] Unable to initialize backend 'tpu': Invalid argument: TpuPlatform is not available.
I0309 05:54:51.843307 23296518395712 run_af2c_mod.py:481] Have 1 models: ['model_3_multimer_v2_p1']
Info: working on target MYD88_Q8C0V0_x1
I0309 05:54:56.848964 23296518395712 run_af2c_mod.py:512] Using random seed 6539509935788391965 for the data pipeline
Info: MYD88_Q8C0V0_x1 found monomer MYD88_MOUSE msa_depth = 3425, seq_len = 296, num_templ = 20
Info: MYD88_MOUSE reducing the number of structural templates to 4
Info: MYD88_Q8C0V0_x1 found monomer Q8C0V0 msa_depth = 77577, seq_len = 766, num_templ = 20
Info: Q8C0V0 MSA size is too large, reducing to 10000
Info: Q8C0V0 reducing the number of structural templates to 4
Info: 2 chain(s) to model {'A': 'MYD88_MOUSE_1', 'B': 'Q8C0V0_1'}
Info: modeling MYD88_Q8C0V0_x1 with msa_depth = 6979, seq_len = 1062, num_templ = 8
I0309 05:54:58.321538 23296518395712 run_af2c_mod.py:216] Running model model_3_multimer_v2_p1_230309_391965
I0309 05:54:58.322011 23296518395712 model.py:205] Running predict with shape(feat) = {'msa': (6979, 1062), 'bert_mask': (6979, 1062), 'num_alignments': (), 'aatype': (1062,), 'seq_length': (), 'template_aatype': (8, 1062), 'template_all_atom_mask': (8, 1062, 37), 'template_all_atom_positions': (8, 1062, 37, 3), 'all_atom_positions': (1062, 37, 3), 'template_domain_names': (8,), 'asym_id': (1062,), 'sym_id': (1062,), 'entity_id': (1062,), 'residue_index': (1062,), 'deletion_matrix': (6979, 1062), 'seq_mask': (1062,), 'msa_mask': (6979, 1062), 'cluster_bias_mask': (6979,), 'pdb_residue_index': (1062,)}
I0309 06:23:37.226295 23296518395712 run_af2c_mod.py:270] Total JAX model model_3_multimer_v2_p1_230309_391965 predict time (includes compilation time): 1718.9 seconds
Info: MYD88_Q8C0V0_x1 model_3_multimer_v2_p1_230309_391965_recycled_00,  tol =   inf, pLDDT = 63.70, pTM-score = 0.4605, piTM-score = 0.0283, interface-score = 0.0003, iRes = 15   iCnt = 11  
Info: MYD88_Q8C0V0_x1 model_3_multimer_v2_p1_230309_391965_recycled_01,  tol = 96.88, pLDDT = 65.84, pTM-score = 0.4737, piTM-score = 0.0105, interface-score = 0.0001, iRes = 8    iCnt = 5   
Info: MYD88_Q8C0V0_x1 model_3_multimer_v2_p1_230309_391965_recycled_02,  tol = 30.39, pLDDT = 66.86, pTM-score = 0.4656, piTM-score = 0.0091, interface-score = 0.0000, iRes = 5    iCnt = 3   
Info: MYD88_Q8C0V0_x1 model_3_multimer_v2_p1_230309_391965_recycled_03,  tol = 28.91, pLDDT = 66.34, pTM-score = 0.4642, piTM-score = 0.0150, interface-score = 0.0001, iRes = 8    iCnt = 7   
Info: MYD88_Q8C0V0_x1 model_3_multimer_v2_p1_230309_391965_recycled_04,  tol =  9.69, pLDDT = 66.76, pTM-score = 0.4637, piTM-score = 0.0148, interface-score = 0.0001, iRes = 8    iCnt = 7   
Info: MYD88_Q8C0V0_x1 model_3_multimer_v2_p1_230309_391965_recycled_05,  tol =  9.86, pLDDT = 66.54, pTM-score = 0.4644, piTM-score = 0.0164, interface-score = 0.0001, iRes = 9    iCnt = 8   
Info: MYD88_Q8C0V0_x1 model_3_multimer_v2_p1_230309_391965_recycled_06,  tol = 10.26, pLDDT = 66.85, pTM-score = 0.4647, piTM-score = 0.0190, interface-score = 0.0001, iRes = 10   iCnt = 9   
Info: MYD88_Q8C0V0_x1 model_3_multimer_v2_p1_230309_391965_recycled_07,  tol = 11.65, pLDDT = 66.58, pTM-score = 0.4643, piTM-score = 0.0257, interface-score = 0.0003, iRes = 13   iCnt = 12  
Info: MYD88_Q8C0V0_x1 model_3_multimer_v2_p1_230309_391965_recycled_08,  tol =  8.05, pLDDT = 66.61, pTM-score = 0.4635, piTM-score = 0.0300, interface-score = 0.0004, iRes = 15   iCnt = 13  
Info: MYD88_Q8C0V0_x1 model_3_multimer_v2_p1_230309_391965_recycled_09,  tol =  7.52, pLDDT = 66.82, pTM-score = 0.4622, piTM-score = 0.0286, interface-score = 0.0004, iRes = 14   iCnt = 13  
Info: MYD88_Q8C0V0_x1 model_3_multimer_v2_p1_230309_391965_recycled_10,  tol =  5.53, pLDDT = 67.06, pTM-score = 0.4633, piTM-score = 0.0284, interface-score = 0.0004, iRes = 14   iCnt = 12  
Info: MYD88_Q8C0V0_x1 model_3_multimer_v2_p1_230309_391965_recycled_11,  tol =  6.96, pLDDT = 66.95, pTM-score = 0.4655, piTM-score = 0.0400, interface-score = 0.0006, iRes = 16   iCnt = 14  
Info: MYD88_Q8C0V0_x1 model_3_multimer_v2_p1_230309_391965_recycled_12,  tol =  8.52, pLDDT = 67.17, pTM-score = 0.4666, piTM-score = 0.0335, interface-score = 0.0004, iRes = 14   iCnt = 15  
Info: MYD88_Q8C0V0_x1 model_3_multimer_v2_p1_230309_391965_recycled_13,  tol =  4.21, pLDDT = 67.02, pTM-score = 0.4653, piTM-score = 0.0347, interface-score = 0.0004, iRes = 16   iCnt = 17  
Info: MYD88_Q8C0V0_x1 model_3_multimer_v2_p1_230309_391965_recycled_14,  tol =  8.00, pLDDT = 67.45, pTM-score = 0.4667, piTM-score = 0.0031, interface-score = 0.0000, iRes = 4    iCnt = 2   
Info: MYD88_Q8C0V0_x1 model_3_multimer_v2_p1_230309_391965_recycled_15,  tol = 12.98, pLDDT = 67.37, pTM-score = 0.4635, piTM-score = 0.0031, interface-score = 0.0000, iRes = 4    iCnt = 2   
Info: MYD88_Q8C0V0_x1 model_3_multimer_v2_p1_230309_391965_recycled_16,  tol = 20.72, pLDDT = 67.29, pTM-score = 0.4641, piTM-score = 0.0031, interface-score = 0.0000, iRes = 4    iCnt = 2   
Info: MYD88_Q8C0V0_x1 model_3_multimer_v2_p1_230309_391965_recycled_17,  tol = 19.18, pLDDT = 67.58, pTM-score = 0.4639, piTM-score = 0.0000, interface-score = 0.0000, iRes = 0    iCnt = 0   
Info: MYD88_Q8C0V0_x1 model_3_multimer_v2_p1_230309_391965_recycled_18,  tol =  8.33, pLDDT = 67.34, pTM-score = 0.4660, piTM-score = 0.0030, interface-score = 0.0000, iRes = 4    iCnt = 2   
Info: MYD88_Q8C0V0_x1 model_3_multimer_v2_p1_230309_391965_recycled_19,  tol = 14.33, pLDDT = 67.31, pTM-score = 0.4656, piTM-score = 0.0000, interface-score = 0.0000, iRes = 0    iCnt = 0   
Info: MYD88_Q8C0V0_x1 model_3_multimer_v2_p1_230309_391965 performed 20 recycles, final tol = 17.23, pLDDT = 67.37, pTM-score = 0.4653, piTM-score = 0.0267, interface-score = 0.0001, iRes = 9    iCnt = 8   
Info: num_clusters = 2, cluster_sizes = [1, 1],  clusters = [['MYD88_MOUSE_0'], ['Q8C0V0_0']]

I0309 06:23:41.549320 23296518395712 run_af2c_mod.py:404] Final timings for MYD88_Q8C0V0_x1: {'features': 1.47, 'process_features_model_3_multimer_v2_p1_230309_391965': 0.0, 'predict_and_compile_model_3_multimer_v2_p1_230309_391965': 1718.9}
                                  
================================= 
Global information about the job: 
================================= 
  
Job owner: flobnow(42847)
Job name:  3_AF2C
Node list: ravg1018
Job start: Thu Mar  9 05:54:42 CET 2023
Job end:   Thu Mar  9 06:23:43 CET 2023
Work dir:  /raven/u/flobnow/workingLama/scripts/myRuns/Q8C0V0
Command:   /raven/u/flobnow/workingLama/scripts/myRuns/Q8C0V0/script2_comp_model_3.sh
  
  
  
==========================================================================================
Information on jobsteps (Note: MaxRSS/AveRSS is the maximum/average over all 
tasks of the per-task memory high-water marks; cf. "man sacct"): 
==========================================================================================
  
JobID            JobName NNodes NTasks  NCPUS        0.00M        0.00M    Elapsed ExitCode
------------- ---------- ------ ------ ------ ------------ ------------ ---------- --------
4385280           3_AF2C      1           108                             00:29:01      0:0
4385280.0        python3      1      1    108    31080.47M    31080.47M   00:28:59      0:0
  
Maximum memory per node: 32.590238 GB (defined as MaxRSS*Ntasks/NNodes)
CPU utilization: 1.9 %
  
Info: input file name is Q8C0V0
Info: input target list is /u/flobnow/workingLama/scripts/myRuns/Q8C0V0/target.lst
Info: input feature directory is /u/flobnow/workingLama/feature_files
Info: result output directory is /u/flobnow/workingLama/output_files
Info: model preset is multimer_np
Info: msa pairing is all
Info: recycling setting is 1
Info: using preset super2
Info: set num_ensemble = 2
Info: set max_recyles = 20
Info: set recycle_tol = 0.1
Info: mas_pairing mode is all
I0309 08:00:56.329333 23381146158912 tpu_client.py:54] Starting the local TPU driver.
I0309 08:00:56.329688 23381146158912 xla_bridge.py:212] Unable to initialize backend 'tpu_driver': Not found: Unable to find driver in registry given worker: local://
I0309 08:00:56.709152 23381146158912 xla_bridge.py:212] Unable to initialize backend 'tpu': Invalid argument: TpuPlatform is not available.
I0309 08:00:59.516524 23381146158912 run_af2c_mod.py:481] Have 1 models: ['model_4_multimer_v2_p1']
Info: working on target MYD88_Q8C0V0_x1
I0309 08:01:09.523359 23381146158912 run_af2c_mod.py:512] Using random seed 7952208686719570468 for the data pipeline
Info: MYD88_Q8C0V0_x1 found monomer MYD88_MOUSE msa_depth = 3425, seq_len = 296, num_templ = 20
Info: MYD88_MOUSE reducing the number of structural templates to 4
Info: MYD88_Q8C0V0_x1 found monomer Q8C0V0 msa_depth = 77577, seq_len = 766, num_templ = 20
Info: Q8C0V0 MSA size is too large, reducing to 10000
Info: Q8C0V0 reducing the number of structural templates to 4
Info: 2 chain(s) to model {'A': 'MYD88_MOUSE_1', 'B': 'Q8C0V0_1'}
Info: modeling MYD88_Q8C0V0_x1 with msa_depth = 6979, seq_len = 1062, num_templ = 8
I0309 08:01:11.196355 23381146158912 run_af2c_mod.py:216] Running model model_4_multimer_v2_p1_230309_570468
I0309 08:01:11.196831 23381146158912 model.py:205] Running predict with shape(feat) = {'msa': (6979, 1062), 'bert_mask': (6979, 1062), 'num_alignments': (), 'aatype': (1062,), 'seq_length': (), 'template_aatype': (8, 1062), 'template_all_atom_mask': (8, 1062, 37), 'template_all_atom_positions': (8, 1062, 37, 3), 'all_atom_positions': (1062, 37, 3), 'template_domain_names': (8,), 'asym_id': (1062,), 'sym_id': (1062,), 'entity_id': (1062,), 'residue_index': (1062,), 'deletion_matrix': (6979, 1062), 'seq_mask': (1062,), 'msa_mask': (6979, 1062), 'cluster_bias_mask': (6979,), 'pdb_residue_index': (1062,)}
I0309 08:30:05.014823 23381146158912 run_af2c_mod.py:270] Total JAX model model_4_multimer_v2_p1_230309_570468 predict time (includes compilation time): 1733.8 seconds
Info: MYD88_Q8C0V0_x1 model_4_multimer_v2_p1_230309_570468_recycled_00,  tol =   inf, pLDDT = 64.32, pTM-score = 0.4667, piTM-score = 0.1703, interface-score = 0.0107, iRes = 29   iCnt = 25  
Info: MYD88_Q8C0V0_x1 model_4_multimer_v2_p1_230309_570468_recycled_01,  tol = 83.22, pLDDT = 66.38, pTM-score = 0.4769, piTM-score = 0.1346, interface-score = 0.0117, iRes = 26   iCnt = 19  
Info: MYD88_Q8C0V0_x1 model_4_multimer_v2_p1_230309_570468_recycled_02,  tol = 15.11, pLDDT = 67.86, pTM-score = 0.4968, piTM-score = 0.2464, interface-score = 0.0743, iRes = 34   iCnt = 26  
Info: MYD88_Q8C0V0_x1 model_4_multimer_v2_p1_230309_570468_recycled_03,  tol =  9.64, pLDDT = 67.80, pTM-score = 0.4935, piTM-score = 0.1647, interface-score = 0.0390, iRes = 28   iCnt = 20  
Info: MYD88_Q8C0V0_x1 model_4_multimer_v2_p1_230309_570468_recycled_04,  tol = 13.40, pLDDT = 68.18, pTM-score = 0.4844, piTM-score = 0.0750, interface-score = 0.0069, iRes = 22   iCnt = 14  
Info: MYD88_Q8C0V0_x1 model_4_multimer_v2_p1_230309_570468_recycled_05,  tol = 11.36, pLDDT = 68.30, pTM-score = 0.4818, piTM-score = 0.0510, interface-score = 0.0025, iRes = 18   iCnt = 13  
Info: MYD88_Q8C0V0_x1 model_4_multimer_v2_p1_230309_570468_recycled_06,  tol =  7.53, pLDDT = 68.74, pTM-score = 0.4790, piTM-score = 0.0262, interface-score = 0.0010, iRes = 13   iCnt = 9   
Info: MYD88_Q8C0V0_x1 model_4_multimer_v2_p1_230309_570468_recycled_07,  tol = 13.74, pLDDT = 69.14, pTM-score = 0.4795, piTM-score = 0.0359, interface-score = 0.0011, iRes = 14   iCnt = 11  
Info: MYD88_Q8C0V0_x1 model_4_multimer_v2_p1_230309_570468_recycled_08,  tol = 16.58, pLDDT = 69.08, pTM-score = 0.4839, piTM-score = 0.0411, interface-score = 0.0019, iRes = 19   iCnt = 14  
Info: MYD88_Q8C0V0_x1 model_4_multimer_v2_p1_230309_570468_recycled_09,  tol =  6.23, pLDDT = 69.03, pTM-score = 0.4836, piTM-score = 0.0452, interface-score = 0.0029, iRes = 18   iCnt = 13  
Info: MYD88_Q8C0V0_x1 model_4_multimer_v2_p1_230309_570468_recycled_10,  tol =  7.23, pLDDT = 69.17, pTM-score = 0.4816, piTM-score = 0.1103, interface-score = 0.0073, iRes = 26   iCnt = 22  
Info: MYD88_Q8C0V0_x1 model_4_multimer_v2_p1_230309_570468_recycled_11,  tol =  5.78, pLDDT = 69.30, pTM-score = 0.4836, piTM-score = 0.0457, interface-score = 0.0012, iRes = 16   iCnt = 14  
Info: MYD88_Q8C0V0_x1 model_4_multimer_v2_p1_230309_570468_recycled_12,  tol =  5.08, pLDDT = 69.68, pTM-score = 0.4823, piTM-score = 0.0168, interface-score = 0.0003, iRes = 9    iCnt = 9   
Info: MYD88_Q8C0V0_x1 model_4_multimer_v2_p1_230309_570468_recycled_13,  tol =  3.91, pLDDT = 69.23, pTM-score = 0.4777, piTM-score = 0.0242, interface-score = 0.0003, iRes = 11   iCnt = 9   
Info: MYD88_Q8C0V0_x1 model_4_multimer_v2_p1_230309_570468_recycled_14,  tol =  3.55, pLDDT = 69.38, pTM-score = 0.4777, piTM-score = 0.0246, interface-score = 0.0003, iRes = 11   iCnt = 9   
Info: MYD88_Q8C0V0_x1 model_4_multimer_v2_p1_230309_570468_recycled_15,  tol =  3.74, pLDDT = 69.81, pTM-score = 0.4791, piTM-score = 0.0081, interface-score = 0.0001, iRes = 6    iCnt = 5   
Info: MYD88_Q8C0V0_x1 model_4_multimer_v2_p1_230309_570468_recycled_16,  tol =  3.35, pLDDT = 69.51, pTM-score = 0.4788, piTM-score = 0.0173, interface-score = 0.0003, iRes = 9    iCnt = 9   
Info: MYD88_Q8C0V0_x1 model_4_multimer_v2_p1_230309_570468_recycled_17,  tol =  3.28, pLDDT = 69.16, pTM-score = 0.4799, piTM-score = 0.0321, interface-score = 0.0006, iRes = 12   iCnt = 12  
Info: MYD88_Q8C0V0_x1 model_4_multimer_v2_p1_230309_570468_recycled_18,  tol =  4.38, pLDDT = 69.20, pTM-score = 0.4783, piTM-score = 0.0142, interface-score = 0.0002, iRes = 8    iCnt = 8   
Info: MYD88_Q8C0V0_x1 model_4_multimer_v2_p1_230309_570468_recycled_19,  tol =  3.37, pLDDT = 69.47, pTM-score = 0.4816, piTM-score = 0.0141, interface-score = 0.0002, iRes = 8    iCnt = 8   
Info: MYD88_Q8C0V0_x1 model_4_multimer_v2_p1_230309_570468 performed 20 recycles, final tol = 2.93, pLDDT = 69.41, pTM-score = 0.4794, piTM-score = 0.0142, interface-score = 0.0002, iRes = 8    iCnt = 8   
Info: num_clusters = 2, cluster_sizes = [1, 1],  clusters = [['MYD88_MOUSE_0'], ['Q8C0V0_0']]

I0309 08:30:09.309996 23381146158912 run_af2c_mod.py:404] Final timings for MYD88_Q8C0V0_x1: {'features': 1.67, 'process_features_model_4_multimer_v2_p1_230309_570468': 0.0, 'predict_and_compile_model_4_multimer_v2_p1_230309_570468': 1733.8}
                                  
================================= 
Global information about the job: 
================================= 
  
Job owner: flobnow(42847)
Job name:  4_AF2C
Node list: ravg1092
Job start: Thu Mar  9 08:00:49 CET 2023
Job end:   Thu Mar  9 08:30:11 CET 2023
Work dir:  /raven/u/flobnow/workingLama/scripts/myRuns/Q8C0V0
Command:   /raven/u/flobnow/workingLama/scripts/myRuns/Q8C0V0/script2_comp_model_4.sh
  
  
  
==========================================================================================
Information on jobsteps (Note: MaxRSS/AveRSS is the maximum/average over all 
tasks of the per-task memory high-water marks; cf. "man sacct"): 
==========================================================================================
  
JobID            JobName NNodes NTasks  NCPUS        0.00M        0.00M    Elapsed ExitCode
------------- ---------- ------ ------ ------ ------------ ------------ ---------- --------
4385349           4_AF2C      1           108                             00:29:22      0:0
4385349.0        python3      1      1    108    31408.98M    31408.98M   00:29:20      0:0
  
Maximum memory per node: 32.934703 GB (defined as MaxRSS*Ntasks/NNodes)
CPU utilization: 1.9 %
  
Info: input file name is Q8C0V0
Info: input target list is /u/flobnow/workingLama/scripts/myRuns/Q8C0V0/target.lst
Info: input feature directory is /u/flobnow/workingLama/feature_files
Info: result output directory is /u/flobnow/workingLama/output_files
Info: model preset is multimer_np
Info: msa pairing is all
Info: recycling setting is 1
Info: using preset super2
Info: set num_ensemble = 2
Info: set max_recyles = 20
Info: set recycle_tol = 0.1
Info: mas_pairing mode is all
I0309 08:15:34.754162 23118822037312 tpu_client.py:54] Starting the local TPU driver.
I0309 08:15:34.754537 23118822037312 xla_bridge.py:212] Unable to initialize backend 'tpu_driver': Not found: Unable to find driver in registry given worker: local://
I0309 08:15:35.118690 23118822037312 xla_bridge.py:212] Unable to initialize backend 'tpu': Invalid argument: TpuPlatform is not available.
I0309 08:15:37.938837 23118822037312 run_af2c_mod.py:481] Have 1 models: ['model_5_multimer_v2_p1']
Info: working on target MYD88_Q8C0V0_x1
I0309 08:15:44.946189 23118822037312 run_af2c_mod.py:512] Using random seed 8229686794472469515 for the data pipeline
Info: MYD88_Q8C0V0_x1 found monomer MYD88_MOUSE msa_depth = 3425, seq_len = 296, num_templ = 20
Info: MYD88_MOUSE reducing the number of structural templates to 4
Info: MYD88_Q8C0V0_x1 found monomer Q8C0V0 msa_depth = 77577, seq_len = 766, num_templ = 20
Info: Q8C0V0 MSA size is too large, reducing to 10000
Info: Q8C0V0 reducing the number of structural templates to 4
Info: 2 chain(s) to model {'A': 'MYD88_MOUSE_1', 'B': 'Q8C0V0_1'}
Info: modeling MYD88_Q8C0V0_x1 with msa_depth = 6979, seq_len = 1062, num_templ = 8
I0309 08:15:46.405791 23118822037312 run_af2c_mod.py:216] Running model model_5_multimer_v2_p1_230309_469515
I0309 08:15:46.406268 23118822037312 model.py:205] Running predict with shape(feat) = {'msa': (6979, 1062), 'bert_mask': (6979, 1062), 'num_alignments': (), 'aatype': (1062,), 'seq_length': (), 'template_aatype': (8, 1062), 'template_all_atom_mask': (8, 1062, 37), 'template_all_atom_positions': (8, 1062, 37, 3), 'all_atom_positions': (1062, 37, 3), 'template_domain_names': (8,), 'asym_id': (1062,), 'sym_id': (1062,), 'entity_id': (1062,), 'residue_index': (1062,), 'deletion_matrix': (6979, 1062), 'seq_mask': (1062,), 'msa_mask': (6979, 1062), 'cluster_bias_mask': (6979,), 'pdb_residue_index': (1062,)}
I0309 08:44:38.992285 23118822037312 run_af2c_mod.py:270] Total JAX model model_5_multimer_v2_p1_230309_469515 predict time (includes compilation time): 1732.6 seconds
Info: MYD88_Q8C0V0_x1 model_5_multimer_v2_p1_230309_469515_recycled_00,  tol =   inf, pLDDT = 64.22, pTM-score = 0.4653, piTM-score = 0.4036, interface-score = 0.0280, iRes = 110  iCnt = 247 
Info: MYD88_Q8C0V0_x1 model_5_multimer_v2_p1_230309_469515_recycled_01,  tol = 79.14, pLDDT = 66.68, pTM-score = 0.4741, piTM-score = 0.2812, interface-score = 0.0137, iRes = 47   iCnt = 110 
Info: MYD88_Q8C0V0_x1 model_5_multimer_v2_p1_230309_469515_recycled_02,  tol = 13.68, pLDDT = 66.16, pTM-score = 0.4688, piTM-score = 0.3694, interface-score = 0.0121, iRes = 58   iCnt = 74  
Info: MYD88_Q8C0V0_x1 model_5_multimer_v2_p1_230309_469515_recycled_03,  tol = 13.98, pLDDT = 66.25, pTM-score = 0.4780, piTM-score = 0.1078, interface-score = 0.0038, iRes = 24   iCnt = 22  
Info: MYD88_Q8C0V0_x1 model_5_multimer_v2_p1_230309_469515_recycled_04,  tol = 16.22, pLDDT = 66.63, pTM-score = 0.4698, piTM-score = 0.2104, interface-score = 0.0068, iRes = 33   iCnt = 40  
Info: MYD88_Q8C0V0_x1 model_5_multimer_v2_p1_230309_469515_recycled_05,  tol = 14.36, pLDDT = 67.27, pTM-score = 0.4740, piTM-score = 0.0436, interface-score = 0.0008, iRes = 20   iCnt = 22  
Info: MYD88_Q8C0V0_x1 model_5_multimer_v2_p1_230309_469515_recycled_06,  tol =  8.74, pLDDT = 67.47, pTM-score = 0.4722, piTM-score = 0.2566, interface-score = 0.0110, iRes = 34   iCnt = 54  
Info: MYD88_Q8C0V0_x1 model_5_multimer_v2_p1_230309_469515_recycled_07,  tol = 13.20, pLDDT = 66.98, pTM-score = 0.4681, piTM-score = 0.0099, interface-score = 0.0001, iRes = 7    iCnt = 4   
Info: MYD88_Q8C0V0_x1 model_5_multimer_v2_p1_230309_469515_recycled_08,  tol = 14.47, pLDDT = 67.45, pTM-score = 0.4690, piTM-score = 0.1466, interface-score = 0.0022, iRes = 24   iCnt = 25  
Info: MYD88_Q8C0V0_x1 model_5_multimer_v2_p1_230309_469515_recycled_09,  tol =  8.87, pLDDT = 66.77, pTM-score = 0.4697, piTM-score = 0.0308, interface-score = 0.0004, iRes = 17   iCnt = 15  
Info: MYD88_Q8C0V0_x1 model_5_multimer_v2_p1_230309_469515_recycled_10,  tol =  9.09, pLDDT = 67.39, pTM-score = 0.4678, piTM-score = 0.0200, interface-score = 0.0002, iRes = 12   iCnt = 9   
Info: MYD88_Q8C0V0_x1 model_5_multimer_v2_p1_230309_469515_recycled_11,  tol =  9.98, pLDDT = 67.44, pTM-score = 0.4695, piTM-score = 0.0497, interface-score = 0.0007, iRes = 21   iCnt = 18  
Info: MYD88_Q8C0V0_x1 model_5_multimer_v2_p1_230309_469515_recycled_12,  tol = 10.19, pLDDT = 67.14, pTM-score = 0.4710, piTM-score = 0.0150, interface-score = 0.0001, iRes = 9    iCnt = 8   
Info: MYD88_Q8C0V0_x1 model_5_multimer_v2_p1_230309_469515_recycled_13,  tol = 10.34, pLDDT = 66.93, pTM-score = 0.4676, piTM-score = 0.0073, interface-score = 0.0000, iRes = 5    iCnt = 4   
Info: MYD88_Q8C0V0_x1 model_5_multimer_v2_p1_230309_469515_recycled_14,  tol = 12.40, pLDDT = 67.31, pTM-score = 0.4674, piTM-score = 0.0140, interface-score = 0.0000, iRes = 7    iCnt = 4   
Info: MYD88_Q8C0V0_x1 model_5_multimer_v2_p1_230309_469515_recycled_15,  tol =  7.71, pLDDT = 67.57, pTM-score = 0.4705, piTM-score = 0.0014, interface-score = 0.0000, iRes = 2    iCnt = 1   
Info: MYD88_Q8C0V0_x1 model_5_multimer_v2_p1_230309_469515_recycled_16,  tol =  7.69, pLDDT = 67.52, pTM-score = 0.4707, piTM-score = 0.0014, interface-score = 0.0000, iRes = 2    iCnt = 1   
Info: MYD88_Q8C0V0_x1 model_5_multimer_v2_p1_230309_469515_recycled_17,  tol =  5.89, pLDDT = 67.43, pTM-score = 0.4698, piTM-score = 0.0035, interface-score = 0.0000, iRes = 3    iCnt = 2   
Info: MYD88_Q8C0V0_x1 model_5_multimer_v2_p1_230309_469515_recycled_18,  tol =  7.00, pLDDT = 67.35, pTM-score = 0.4682, piTM-score = 0.0014, interface-score = 0.0000, iRes = 2    iCnt = 1   
Info: MYD88_Q8C0V0_x1 model_5_multimer_v2_p1_230309_469515_recycled_19,  tol =  7.34, pLDDT = 67.17, pTM-score = 0.4698, piTM-score = 0.0393, interface-score = 0.0004, iRes = 16   iCnt = 14  
Info: MYD88_Q8C0V0_x1 model_5_multimer_v2_p1_230309_469515 performed 20 recycles, final tol = 8.63, pLDDT = 67.73, pTM-score = 0.4715, piTM-score = 0.0073, interface-score = 0.0000, iRes = 4    iCnt = 3   
Info: num_clusters = 2, cluster_sizes = [1, 1],  clusters = [['MYD88_MOUSE_0'], ['Q8C0V0_0']]

I0309 08:44:43.344882 23118822037312 run_af2c_mod.py:404] Final timings for MYD88_Q8C0V0_x1: {'features': 1.46, 'process_features_model_5_multimer_v2_p1_230309_469515': 0.0, 'predict_and_compile_model_5_multimer_v2_p1_230309_469515': 1732.6}
                                  
================================= 
Global information about the job: 
================================= 
  
Job owner: flobnow(42847)
Job name:  5_AF2C
Node list: ravg1027
Job start: Thu Mar  9 08:15:28 CET 2023
Job end:   Thu Mar  9 08:44:45 CET 2023
Work dir:  /raven/u/flobnow/workingLama/scripts/myRuns/Q8C0V0
Command:   /raven/u/flobnow/workingLama/scripts/myRuns/Q8C0V0/script2_comp_model_5.sh
  
  
  
==========================================================================================
Information on jobsteps (Note: MaxRSS/AveRSS is the maximum/average over all 
tasks of the per-task memory high-water marks; cf. "man sacct"): 
==========================================================================================
  
JobID            JobName NNodes NTasks  NCPUS        0.00M        0.00M    Elapsed ExitCode
------------- ---------- ------ ------ ------ ------------ ------------ ---------- --------
4385358           5_AF2C      1           108                             00:29:17      0:0
4385358.0        python3      1      1    108    31839.34M    31839.34M   00:29:16      0:0
  
Maximum memory per node: 33.385972 GB (defined as MaxRSS*Ntasks/NNodes)
CPU utilization: 1.9 %
  
Info: target file is /u/flobnow/workingLama/scripts/myRuns/Q8C0V0/target.lst
Info: input directory of unrelaxed models is /u/flobnow/workingLama/output_files
Info: output directory of relaxed models is /u/flobnow/workingLama/output_files
/bin/sh: /mpcdf/soft/SLE_15/packages/x86_64/alphafold/2.2.0/lib/libtinfo.so.6: no version information available (required by /lib64/libreadline.so.7)
I0309 13:14:42.030422 23078018078528 run_af2c_min.py:88] MYD88_Q8C0V0_x1 processing model_5_multimer_v2_p1_230309_469515.pdb
sh: /mpcdf/soft/SLE_15/packages/x86_64/alphafold/2.2.0/lib/libtinfo.so.6: no version information available (required by /lib64/libreadline.so.7)
sh: /mpcdf/soft/SLE_15/packages/x86_64/alphafold/2.2.0/lib/libtinfo.so.6: no version information available (required by /lib64/libreadline.so.7)
I0309 13:15:02.807937 23078018078528 amber_minimize.py:177] alterations info: {'nonstandard_residues': [], 'removed_heterogens': set(), 'missing_residues': {}, 'missing_heavy_atoms': {}, 'missing_terminals': {<Residue 295 (PRO) of chain 0>: ['OXT'], <Residue 1061 (TYR) of chain 1>: ['OXT']}, 'Se_in_MET': [], 'removed_chains': {0: []}}
I0309 13:15:04.416810 23078018078528 amber_minimize.py:408] Minimizing protein, attempt 1 of 100.
I0309 13:15:06.149929 23078018078528 amber_minimize.py:69] Restraining 8465 / 16902 particles.
sh: /mpcdf/soft/SLE_15/packages/x86_64/alphafold/2.2.0/lib/libtinfo.so.6: no version information available (required by /lib64/libreadline.so.7)
I0309 13:17:43.207116 23078018078528 amber_minimize.py:177] alterations info: {'nonstandard_residues': [], 'removed_heterogens': set(), 'missing_residues': {}, 'missing_heavy_atoms': {}, 'missing_terminals': {}, 'Se_in_MET': [], 'removed_chains': {0: []}}
I0309 13:17:45.312278 23078018078528 tpu_client.py:54] Starting the local TPU driver.
I0309 13:17:45.451807 23078018078528 xla_bridge.py:212] Unable to initialize backend 'tpu_driver': Not found: Unable to find driver in registry given worker: local://
I0309 13:17:45.792971 23078018078528 xla_bridge.py:212] Unable to initialize backend 'tpu': Invalid argument: TpuPlatform is not available.
I0309 13:17:59.489540 23078018078528 amber_minimize.py:500] Iteration completed: Einit 228066946219.90 Efinal -15348.12 Time 142.37 s num residue violations 36 num residue exclusions 0 
I0309 13:17:59.533845 23078018078528 amber_minimize.py:408] Minimizing protein, attempt 1 of 100.
I0309 13:18:01.154742 23078018078528 amber_minimize.py:69] Restraining 8209 / 16902 particles.
sh: /mpcdf/soft/SLE_15/packages/x86_64/alphafold/2.2.0/lib/libtinfo.so.6: no version information available (required by /lib64/libreadline.so.7)
I0309 13:20:38.968099 23078018078528 amber_minimize.py:177] alterations info: {'nonstandard_residues': [], 'removed_heterogens': set(), 'missing_residues': {}, 'missing_heavy_atoms': {}, 'missing_terminals': {}, 'Se_in_MET': [], 'removed_chains': {0: []}}
I0309 13:20:44.385360 23078018078528 amber_minimize.py:500] Iteration completed: Einit 40882.10 Efinal -21767.24 Time 143.05 s num residue violations 12 num residue exclusions 36 
I0309 13:20:44.386222 23078018078528 amber_minimize.py:408] Minimizing protein, attempt 1 of 100.
I0309 13:20:46.035534 23078018078528 amber_minimize.py:69] Restraining 8176 / 16902 particles.
sh: /mpcdf/soft/SLE_15/packages/x86_64/alphafold/2.2.0/lib/libtinfo.so.6: no version information available (required by /lib64/libreadline.so.7)
I0309 13:23:11.258239 23078018078528 amber_minimize.py:177] alterations info: {'nonstandard_residues': [], 'removed_heterogens': set(), 'missing_residues': {}, 'missing_heavy_atoms': {}, 'missing_terminals': {}, 'Se_in_MET': [], 'removed_chains': {0: []}}
I0309 13:23:16.665760 23078018078528 amber_minimize.py:500] Iteration completed: Einit 40812.36 Efinal -23430.53 Time 130.66 s num residue violations 6 num residue exclusions 40 
sh: /mpcdf/soft/SLE_15/packages/x86_64/alphafold/2.2.0/lib/libtinfo.so.6: no version information available (required by /lib64/libreadline.so.7)
sh: /mpcdf/soft/SLE_15/packages/x86_64/alphafold/2.2.0/lib/libtinfo.so.6: no version information available (required by /lib64/libreadline.so.7)
I0309 13:23:33.197892 23078018078528 amber_minimize.py:177] alterations info: {'nonstandard_residues': [], 'removed_heterogens': set(), 'missing_residues': {}, 'missing_heavy_atoms': {}, 'missing_terminals': {<Residue 295 (PRO) of chain 0>: ['OXT'], <Residue 1061 (TYR) of chain 1>: ['OXT']}, 'Se_in_MET': [], 'removed_chains': {0: []}}
I0309 13:23:36.663258 23078018078528 run_af2c_min.py:110] MYD88_Q8C0V0_x1 relaxation done, time spent 534.0 seconds, Efinal -23430.53, rmsd 0.41
I0309 13:23:36.663384 23078018078528 run_af2c_min.py:88] MYD88_Q8C0V0_x1 processing model_2_multimer_v2_p1_230309_288843.pdb
sh: /mpcdf/soft/SLE_15/packages/x86_64/alphafold/2.2.0/lib/libtinfo.so.6: no version information available (required by /lib64/libreadline.so.7)
sh: /mpcdf/soft/SLE_15/packages/x86_64/alphafold/2.2.0/lib/libtinfo.so.6: no version information available (required by /lib64/libreadline.so.7)
I0309 13:23:53.294093 23078018078528 amber_minimize.py:177] alterations info: {'nonstandard_residues': [], 'removed_heterogens': set(), 'missing_residues': {}, 'missing_heavy_atoms': {}, 'missing_terminals': {<Residue 295 (PRO) of chain 0>: ['OXT'], <Residue 1061 (TYR) of chain 1>: ['OXT']}, 'Se_in_MET': [], 'removed_chains': {0: []}}
I0309 13:23:54.994764 23078018078528 amber_minimize.py:408] Minimizing protein, attempt 1 of 100.
I0309 13:23:56.716973 23078018078528 amber_minimize.py:69] Restraining 8465 / 16902 particles.
sh: /mpcdf/soft/SLE_15/packages/x86_64/alphafold/2.2.0/lib/libtinfo.so.6: no version information available (required by /lib64/libreadline.so.7)
I0309 13:26:35.992653 23078018078528 amber_minimize.py:177] alterations info: {'nonstandard_residues': [], 'removed_heterogens': set(), 'missing_residues': {}, 'missing_heavy_atoms': {}, 'missing_terminals': {}, 'Se_in_MET': [], 'removed_chains': {0: []}}
I0309 13:26:41.426292 23078018078528 amber_minimize.py:500] Iteration completed: Einit 1094889463.95 Efinal -17050.22 Time 145.04 s num residue violations 16 num residue exclusions 0 
I0309 13:26:41.427159 23078018078528 amber_minimize.py:408] Minimizing protein, attempt 1 of 100.
I0309 13:26:43.101999 23078018078528 amber_minimize.py:69] Restraining 8343 / 16902 particles.
sh: /mpcdf/soft/SLE_15/packages/x86_64/alphafold/2.2.0/lib/libtinfo.so.6: no version information available (required by /lib64/libreadline.so.7)
I0309 13:28:52.814997 23078018078528 amber_minimize.py:177] alterations info: {'nonstandard_residues': [], 'removed_heterogens': set(), 'missing_residues': {}, 'missing_heavy_atoms': {}, 'missing_terminals': {}, 'Se_in_MET': [], 'removed_chains': {0: []}}
I0309 13:28:58.186613 23078018078528 amber_minimize.py:500] Iteration completed: Einit 26688.09 Efinal -21572.72 Time 115.16 s num residue violations 4 num residue exclusions 16 
I0309 13:28:58.187457 23078018078528 amber_minimize.py:408] Minimizing protein, attempt 1 of 100.
I0309 13:28:59.857249 23078018078528 amber_minimize.py:69] Restraining 8330 / 16902 particles.
sh: /mpcdf/soft/SLE_15/packages/x86_64/alphafold/2.2.0/lib/libtinfo.so.6: no version information available (required by /lib64/libreadline.so.7)
I0309 13:31:04.807240 23078018078528 amber_minimize.py:177] alterations info: {'nonstandard_residues': [], 'removed_heterogens': set(), 'missing_residues': {}, 'missing_heavy_atoms': {}, 'missing_terminals': {}, 'Se_in_MET': [], 'removed_chains': {0: []}}
I0309 13:31:10.158824 23078018078528 amber_minimize.py:500] Iteration completed: Einit 39991.78 Efinal -23121.51 Time 110.52 s num residue violations 6 num residue exclusions 18 
sh: /mpcdf/soft/SLE_15/packages/x86_64/alphafold/2.2.0/lib/libtinfo.so.6: no version information available (required by /lib64/libreadline.so.7)
sh: /mpcdf/soft/SLE_15/packages/x86_64/alphafold/2.2.0/lib/libtinfo.so.6: no version information available (required by /lib64/libreadline.so.7)
I0309 13:31:26.705424 23078018078528 amber_minimize.py:177] alterations info: {'nonstandard_residues': [], 'removed_heterogens': set(), 'missing_residues': {}, 'missing_heavy_atoms': {}, 'missing_terminals': {<Residue 295 (PRO) of chain 0>: ['OXT'], <Residue 1061 (TYR) of chain 1>: ['OXT']}, 'Se_in_MET': [], 'removed_chains': {0: []}}
I0309 13:31:30.151167 23078018078528 run_af2c_min.py:110] MYD88_Q8C0V0_x1 relaxation done, time spent 472.8 seconds, Efinal -23121.51, rmsd 0.41
I0309 13:31:30.151300 23078018078528 run_af2c_min.py:88] MYD88_Q8C0V0_x1 processing model_3_multimer_v2_p1_230309_391965.pdb
sh: /mpcdf/soft/SLE_15/packages/x86_64/alphafold/2.2.0/lib/libtinfo.so.6: no version information available (required by /lib64/libreadline.so.7)
sh: /mpcdf/soft/SLE_15/packages/x86_64/alphafold/2.2.0/lib/libtinfo.so.6: no version information available (required by /lib64/libreadline.so.7)
I0309 13:31:46.375149 23078018078528 amber_minimize.py:177] alterations info: {'nonstandard_residues': [], 'removed_heterogens': set(), 'missing_residues': {}, 'missing_heavy_atoms': {}, 'missing_terminals': {<Residue 295 (PRO) of chain 0>: ['OXT'], <Residue 1061 (TYR) of chain 1>: ['OXT']}, 'Se_in_MET': [], 'removed_chains': {0: []}}
I0309 13:31:48.030824 23078018078528 amber_minimize.py:408] Minimizing protein, attempt 1 of 100.
I0309 13:31:49.718360 23078018078528 amber_minimize.py:69] Restraining 8465 / 16902 particles.
sh: /mpcdf/soft/SLE_15/packages/x86_64/alphafold/2.2.0/lib/libtinfo.so.6: no version information available (required by /lib64/libreadline.so.7)
I0309 13:34:34.685542 23078018078528 amber_minimize.py:177] alterations info: {'nonstandard_residues': [], 'removed_heterogens': set(), 'missing_residues': {}, 'missing_heavy_atoms': {}, 'missing_terminals': {}, 'Se_in_MET': [], 'removed_chains': {0: []}}
I0309 13:34:40.057588 23078018078528 amber_minimize.py:500] Iteration completed: Einit 38251517.06 Efinal -16493.17 Time 150.81 s num residue violations 19 num residue exclusions 0 
I0309 13:34:40.058409 23078018078528 amber_minimize.py:408] Minimizing protein, attempt 1 of 100.
I0309 13:34:41.754057 23078018078528 amber_minimize.py:69] Restraining 8339 / 16902 particles.
sh: /mpcdf/soft/SLE_15/packages/x86_64/alphafold/2.2.0/lib/libtinfo.so.6: no version information available (required by /lib64/libreadline.so.7)
I0309 13:40:44.040960 23078018078528 amber_minimize.py:177] alterations info: {'nonstandard_residues': [], 'removed_heterogens': set(), 'missing_residues': {}, 'missing_heavy_atoms': {}, 'missing_terminals': {}, 'Se_in_MET': [], 'removed_chains': {0: []}}
I0309 13:40:49.396033 23078018078528 amber_minimize.py:500] Iteration completed: Einit 34178.75 Efinal -21102.22 Time 348.07 s num residue violations 6 num residue exclusions 19 
I0309 13:40:49.396892 23078018078528 amber_minimize.py:408] Minimizing protein, attempt 1 of 100.
I0309 13:40:51.090444 23078018078528 amber_minimize.py:69] Restraining 8312 / 16902 particles.
sh: /mpcdf/soft/SLE_15/packages/x86_64/alphafold/2.2.0/lib/libtinfo.so.6: no version information available (required by /lib64/libreadline.so.7)
I0309 13:43:09.352536 23078018078528 amber_minimize.py:177] alterations info: {'nonstandard_residues': [], 'removed_heterogens': set(), 'missing_residues': {}, 'missing_heavy_atoms': {}, 'missing_terminals': {}, 'Se_in_MET': [], 'removed_chains': {0: []}}
I0309 13:43:14.705995 23078018078528 amber_minimize.py:500] Iteration completed: Einit 37840.32 Efinal -22773.08 Time 124.44 s num residue violations 4 num residue exclusions 23 
sh: /mpcdf/soft/SLE_15/packages/x86_64/alphafold/2.2.0/lib/libtinfo.so.6: no version information available (required by /lib64/libreadline.so.7)
sh: /mpcdf/soft/SLE_15/packages/x86_64/alphafold/2.2.0/lib/libtinfo.so.6: no version information available (required by /lib64/libreadline.so.7)
I0309 13:43:30.902184 23078018078528 amber_minimize.py:177] alterations info: {'nonstandard_residues': [], 'removed_heterogens': set(), 'missing_residues': {}, 'missing_heavy_atoms': {}, 'missing_terminals': {<Residue 295 (PRO) of chain 0>: ['OXT'], <Residue 1061 (TYR) of chain 1>: ['OXT']}, 'Se_in_MET': [], 'removed_chains': {0: []}}
I0309 13:43:34.313766 23078018078528 run_af2c_min.py:110] MYD88_Q8C0V0_x1 relaxation done, time spent 723.7 seconds, Efinal -22773.08, rmsd 0.41
I0309 13:43:34.313896 23078018078528 run_af2c_min.py:88] MYD88_Q8C0V0_x1 processing model_1_multimer_v2_p1_230309_796559.pdb
sh: /mpcdf/soft/SLE_15/packages/x86_64/alphafold/2.2.0/lib/libtinfo.so.6: no version information available (required by /lib64/libreadline.so.7)
sh: /mpcdf/soft/SLE_15/packages/x86_64/alphafold/2.2.0/lib/libtinfo.so.6: no version information available (required by /lib64/libreadline.so.7)
I0309 13:43:50.745652 23078018078528 amber_minimize.py:177] alterations info: {'nonstandard_residues': [], 'removed_heterogens': set(), 'missing_residues': {}, 'missing_heavy_atoms': {}, 'missing_terminals': {<Residue 295 (PRO) of chain 0>: ['OXT'], <Residue 1061 (TYR) of chain 1>: ['OXT']}, 'Se_in_MET': [], 'removed_chains': {0: []}}
I0309 13:43:52.431039 23078018078528 amber_minimize.py:408] Minimizing protein, attempt 1 of 100.
I0309 13:43:54.130440 23078018078528 amber_minimize.py:69] Restraining 8465 / 16902 particles.
sh: /mpcdf/soft/SLE_15/packages/x86_64/alphafold/2.2.0/lib/libtinfo.so.6: no version information available (required by /lib64/libreadline.so.7)
I0309 13:46:14.182190 23078018078528 amber_minimize.py:177] alterations info: {'nonstandard_residues': [], 'removed_heterogens': set(), 'missing_residues': {}, 'missing_heavy_atoms': {}, 'missing_terminals': {}, 'Se_in_MET': [], 'removed_chains': {0: []}}
I0309 13:46:19.515760 23078018078528 amber_minimize.py:500] Iteration completed: Einit 369537.99 Efinal -18928.13 Time 125.89 s num residue violations 13 num residue exclusions 0 
I0309 13:46:19.516654 23078018078528 amber_minimize.py:408] Minimizing protein, attempt 1 of 100.
I0309 13:46:21.198445 23078018078528 amber_minimize.py:69] Restraining 8382 / 16902 particles.
sh: /mpcdf/soft/SLE_15/packages/x86_64/alphafold/2.2.0/lib/libtinfo.so.6: no version information available (required by /lib64/libreadline.so.7)
I0309 13:48:34.947617 23078018078528 amber_minimize.py:177] alterations info: {'nonstandard_residues': [], 'removed_heterogens': set(), 'missing_residues': {}, 'missing_heavy_atoms': {}, 'missing_terminals': {}, 'Se_in_MET': [], 'removed_chains': {0: []}}
I0309 13:48:40.376049 23078018078528 amber_minimize.py:500] Iteration completed: Einit 31490.37 Efinal -22461.70 Time 119.79 s num residue violations 2 num residue exclusions 13 
I0309 13:48:40.376904 23078018078528 amber_minimize.py:408] Minimizing protein, attempt 1 of 100.
I0309 13:48:42.094778 23078018078528 amber_minimize.py:69] Restraining 8382 / 16902 particles.
sh: /mpcdf/soft/SLE_15/packages/x86_64/alphafold/2.2.0/lib/libtinfo.so.6: no version information available (required by /lib64/libreadline.so.7)
I0309 13:50:38.965947 23078018078528 amber_minimize.py:177] alterations info: {'nonstandard_residues': [], 'removed_heterogens': set(), 'missing_residues': {}, 'missing_heavy_atoms': {}, 'missing_terminals': {}, 'Se_in_MET': [], 'removed_chains': {0: []}}
I0309 13:50:44.374512 23078018078528 amber_minimize.py:500] Iteration completed: Einit 24107.51 Efinal -23687.82 Time 102.97 s num residue violations 2 num residue exclusions 13 
sh: /mpcdf/soft/SLE_15/packages/x86_64/alphafold/2.2.0/lib/libtinfo.so.6: no version information available (required by /lib64/libreadline.so.7)
sh: /mpcdf/soft/SLE_15/packages/x86_64/alphafold/2.2.0/lib/libtinfo.so.6: no version information available (required by /lib64/libreadline.so.7)
I0309 13:51:00.462267 23078018078528 amber_minimize.py:177] alterations info: {'nonstandard_residues': [], 'removed_heterogens': set(), 'missing_residues': {}, 'missing_heavy_atoms': {}, 'missing_terminals': {<Residue 295 (PRO) of chain 0>: ['OXT'], <Residue 1061 (TYR) of chain 1>: ['OXT']}, 'Se_in_MET': [], 'removed_chains': {0: []}}
I0309 13:51:03.878138 23078018078528 run_af2c_min.py:110] MYD88_Q8C0V0_x1 relaxation done, time spent 449.1 seconds, Efinal -23687.82, rmsd 0.39
I0309 13:51:03.878274 23078018078528 run_af2c_min.py:88] MYD88_Q8C0V0_x1 processing model_4_multimer_v2_p1_230309_570468.pdb
sh: /mpcdf/soft/SLE_15/packages/x86_64/alphafold/2.2.0/lib/libtinfo.so.6: no version information available (required by /lib64/libreadline.so.7)
sh: /mpcdf/soft/SLE_15/packages/x86_64/alphafold/2.2.0/lib/libtinfo.so.6: no version information available (required by /lib64/libreadline.so.7)
I0309 13:51:20.447353 23078018078528 amber_minimize.py:177] alterations info: {'nonstandard_residues': [], 'removed_heterogens': set(), 'missing_residues': {}, 'missing_heavy_atoms': {}, 'missing_terminals': {<Residue 295 (PRO) of chain 0>: ['OXT'], <Residue 1061 (TYR) of chain 1>: ['OXT']}, 'Se_in_MET': [], 'removed_chains': {0: []}}
I0309 13:51:22.111108 23078018078528 amber_minimize.py:408] Minimizing protein, attempt 1 of 100.
I0309 13:51:23.817956 23078018078528 amber_minimize.py:69] Restraining 8465 / 16902 particles.
sh: /mpcdf/soft/SLE_15/packages/x86_64/alphafold/2.2.0/lib/libtinfo.so.6: no version information available (required by /lib64/libreadline.so.7)
I0309 13:54:39.417465 23078018078528 amber_minimize.py:177] alterations info: {'nonstandard_residues': [], 'removed_heterogens': set(), 'missing_residues': {}, 'missing_heavy_atoms': {}, 'missing_terminals': {}, 'Se_in_MET': [], 'removed_chains': {0: []}}
I0309 13:54:44.715298 23078018078528 amber_minimize.py:500] Iteration completed: Einit 2097099511.18 Efinal -13234.97 Time 181.20 s num residue violations 87 num residue exclusions 0 
I0309 13:54:44.716136 23078018078528 amber_minimize.py:408] Minimizing protein, attempt 1 of 100.
I0309 13:54:46.428499 23078018078528 amber_minimize.py:69] Restraining 7818 / 16902 particles.
sh: /mpcdf/soft/SLE_15/packages/x86_64/alphafold/2.2.0/lib/libtinfo.so.6: no version information available (required by /lib64/libreadline.so.7)
I0309 14:04:02.226753 23078018078528 amber_minimize.py:177] alterations info: {'nonstandard_residues': [], 'removed_heterogens': set(), 'missing_residues': {}, 'missing_heavy_atoms': {}, 'missing_terminals': {}, 'Se_in_MET': [], 'removed_chains': {0: []}}
I0309 14:04:07.636947 23078018078528 amber_minimize.py:500] Iteration completed: Einit 26091.62 Efinal -19999.69 Time 541.97 s num residue violations 58 num residue exclusions 87 
I0309 14:04:07.637815 23078018078528 amber_minimize.py:408] Minimizing protein, attempt 1 of 100.
I0309 14:04:09.336709 23078018078528 amber_minimize.py:69] Restraining 7791 / 16902 particles.
sh: /mpcdf/soft/SLE_15/packages/x86_64/alphafold/2.2.0/lib/libtinfo.so.6: no version information available (required by /lib64/libreadline.so.7)
I0309 14:06:36.461962 23078018078528 amber_minimize.py:177] alterations info: {'nonstandard_residues': [], 'removed_heterogens': set(), 'missing_residues': {}, 'missing_heavy_atoms': {}, 'missing_terminals': {}, 'Se_in_MET': [], 'removed_chains': {0: []}}
I0309 14:06:41.866064 23078018078528 amber_minimize.py:500] Iteration completed: Einit 52568.62 Efinal -21425.20 Time 133.24 s num residue violations 55 num residue exclusions 91 
sh: /mpcdf/soft/SLE_15/packages/x86_64/alphafold/2.2.0/lib/libtinfo.so.6: no version information available (required by /lib64/libreadline.so.7)
sh: /mpcdf/soft/SLE_15/packages/x86_64/alphafold/2.2.0/lib/libtinfo.so.6: no version information available (required by /lib64/libreadline.so.7)
I0309 14:06:58.281811 23078018078528 amber_minimize.py:177] alterations info: {'nonstandard_residues': [], 'removed_heterogens': set(), 'missing_residues': {}, 'missing_heavy_atoms': {}, 'missing_terminals': {<Residue 295 (PRO) of chain 0>: ['OXT'], <Residue 1061 (TYR) of chain 1>: ['OXT']}, 'Se_in_MET': [], 'removed_chains': {0: []}}
I0309 14:07:01.681661 23078018078528 run_af2c_min.py:110] MYD88_Q8C0V0_x1 relaxation done, time spent 957.3 seconds, Efinal -21425.20, rmsd 0.42
                                  
================================= 
Global information about the job: 
================================= 
  
Job owner: flobnow(42847)
Job name:  6_RLX
Node list: ravg1092
Job start: Thu Mar  9 13:14:24 CET 2023
Job end:   Thu Mar  9 14:07:03 CET 2023
Work dir:  /raven/u/flobnow/workingLama/scripts/myRuns/Q8C0V0
Command:   /raven/u/flobnow/workingLama/scripts/myRuns/Q8C0V0/script3_relaxation.sh
  
  
  
==========================================================================================
Information on jobsteps (Note: MaxRSS/AveRSS is the maximum/average over all 
tasks of the per-task memory high-water marks; cf. "man sacct"): 
==========================================================================================
  
JobID            JobName NNodes NTasks  NCPUS        0.00M        0.00M    Elapsed ExitCode
------------- ---------- ------ ------ ------ ------------ ------------ ---------- --------
4385523            6_RLX      1           108                             00:52:39      0:0
4385523.0        python3      1      1    108    18530.19M    18530.19M   00:52:37      0:0
  
Maximum memory per node: 19.430314 GB (defined as MaxRSS*Ntasks/NNodes)
CPU utilization: 81.0 %
  
