Info: input file name is P62492
Info: input target list is /u/flobnow/workingLama/scripts/myRuns/P62492/target.lst
Info: input feature directory is /u/flobnow/workingLama/feature_files
Info: result output directory is /u/flobnow/workingLama/output_files
Info: model preset is multimer_np
Info: msa pairing is all
Info: recycling setting is 1
Info: using preset super2
Info: set num_ensemble = 2
Info: set max_recyles = 20
Info: set recycle_tol = 0.1
Info: mas_pairing mode is all
I0306 16:00:46.336989 23073215944512 tpu_client.py:54] Starting the local TPU driver.
I0306 16:00:46.337357 23073215944512 xla_bridge.py:212] Unable to initialize backend 'tpu_driver': Not found: Unable to find driver in registry given worker: local://
I0306 16:00:46.826576 23073215944512 xla_bridge.py:212] Unable to initialize backend 'tpu': Invalid argument: TpuPlatform is not available.
I0306 16:00:49.683625 23073215944512 run_af2c_mod.py:481] Have 1 models: ['model_1_multimer_v2_p1']
Info: working on target MYD88_P62492_x1
I0306 16:00:56.690952 23073215944512 run_af2c_mod.py:512] Using random seed 8801724507930914029 for the data pipeline
Info: MYD88_P62492_x1 found monomer MYD88_MOUSE msa_depth = 3425, seq_len = 296, num_templ = 20
Info: MYD88_MOUSE reducing the number of structural templates to 4
Info: MYD88_P62492_x1 found monomer P62492 msa_depth = 43223, seq_len = 216, num_templ = 20
Info: P62492 MSA size is too large, reducing to 10000
Info: P62492 reducing the number of structural templates to 4
Info: 2 chain(s) to model {'A': 'MYD88_MOUSE_1', 'B': 'P62492_1'}
Info: modeling MYD88_P62492_x1 with msa_depth = 7420, seq_len = 512, num_templ = 8
I0306 16:00:57.767032 23073215944512 run_af2c_mod.py:216] Running model model_1_multimer_v2_p1_230306_914029
I0306 16:00:57.767506 23073215944512 model.py:205] Running predict with shape(feat) = {'msa': (7420, 512), 'bert_mask': (7420, 512), 'num_alignments': (), 'aatype': (512,), 'seq_length': (), 'template_aatype': (8, 512), 'template_all_atom_mask': (8, 512, 37), 'template_all_atom_positions': (8, 512, 37, 3), 'all_atom_positions': (512, 37, 3), 'template_domain_names': (8,), 'asym_id': (512,), 'sym_id': (512,), 'entity_id': (512,), 'residue_index': (512,), 'deletion_matrix': (7420, 512), 'seq_mask': (512,), 'msa_mask': (7420, 512), 'cluster_bias_mask': (7420,), 'pdb_residue_index': (512,)}
I0306 16:07:33.370616 23073215944512 run_af2c_mod.py:270] Total JAX model model_1_multimer_v2_p1_230306_914029 predict time (includes compilation time): 395.6 seconds
Info: MYD88_P62492_x1 model_1_multimer_v2_p1_230306_914029_recycled_00,  tol =   inf, pLDDT = 72.58, pTM-score = 0.4189, piTM-score = 0.2472, interface-score = 0.0236, iRes = 31   iCnt = 29  
Info: MYD88_P62492_x1 model_1_multimer_v2_p1_230306_914029_recycled_01,  tol = 51.02, pLDDT = 73.89, pTM-score = 0.4072, piTM-score = 0.1441, interface-score = 0.0098, iRes = 25   iCnt = 20  
Info: MYD88_P62492_x1 model_1_multimer_v2_p1_230306_914029_recycled_02,  tol =  7.65, pLDDT = 77.08, pTM-score = 0.5477, piTM-score = 0.3710, interface-score = 0.2148, iRes = 49   iCnt = 49  
Info: MYD88_P62492_x1 model_1_multimer_v2_p1_230306_914029_recycled_03,  tol = 10.88, pLDDT = 76.82, pTM-score = 0.5455, piTM-score = 0.3972, interface-score = 0.2167, iRes = 64   iCnt = 69  
Info: MYD88_P62492_x1 model_1_multimer_v2_p1_230306_914029_recycled_04,  tol =  4.57, pLDDT = 77.21, pTM-score = 0.5832, piTM-score = 0.4072, interface-score = 0.2691, iRes = 61   iCnt = 66  
Info: MYD88_P62492_x1 model_1_multimer_v2_p1_230306_914029_recycled_05,  tol =  3.81, pLDDT = 78.43, pTM-score = 0.6184, piTM-score = 0.4648, interface-score = 0.3262, iRes = 67   iCnt = 68  
Info: MYD88_P62492_x1 model_1_multimer_v2_p1_230306_914029_recycled_06,  tol =  2.81, pLDDT = 77.45, pTM-score = 0.5994, piTM-score = 0.4531, interface-score = 0.2912, iRes = 68   iCnt = 70  
Info: MYD88_P62492_x1 model_1_multimer_v2_p1_230306_914029_recycled_07,  tol =  1.28, pLDDT = 77.58, pTM-score = 0.5970, piTM-score = 0.4323, interface-score = 0.2872, iRes = 70   iCnt = 74  
Info: MYD88_P62492_x1 model_1_multimer_v2_p1_230306_914029_recycled_08,  tol =  0.61, pLDDT = 78.25, pTM-score = 0.6259, piTM-score = 0.4594, interface-score = 0.3169, iRes = 70   iCnt = 70  
Info: MYD88_P62492_x1 model_1_multimer_v2_p1_230306_914029_recycled_09,  tol =  0.98, pLDDT = 77.59, pTM-score = 0.6030, piTM-score = 0.4244, interface-score = 0.2690, iRes = 67   iCnt = 65  
Info: MYD88_P62492_x1 model_1_multimer_v2_p1_230306_914029_recycled_10,  tol =  0.46, pLDDT = 78.23, pTM-score = 0.6202, piTM-score = 0.4498, interface-score = 0.3154, iRes = 71   iCnt = 69  
Info: MYD88_P62492_x1 model_1_multimer_v2_p1_230306_914029_recycled_11,  tol =  0.69, pLDDT = 77.81, pTM-score = 0.6127, piTM-score = 0.4483, interface-score = 0.3051, iRes = 72   iCnt = 76  
Info: MYD88_P62492_x1 model_1_multimer_v2_p1_230306_914029_recycled_12,  tol =  0.26, pLDDT = 77.48, pTM-score = 0.6034, piTM-score = 0.4392, interface-score = 0.2955, iRes = 72   iCnt = 73  
Info: MYD88_P62492_x1 model_1_multimer_v2_p1_230306_914029_recycled_13,  tol =  0.61, pLDDT = 77.81, pTM-score = 0.6079, piTM-score = 0.4504, interface-score = 0.3061, iRes = 73   iCnt = 77  
Info: MYD88_P62492_x1 model_1_multimer_v2_p1_230306_914029_recycled_14,  tol =  0.53, pLDDT = 78.40, pTM-score = 0.6232, piTM-score = 0.4628, interface-score = 0.3306, iRes = 72   iCnt = 75  
Info: MYD88_P62492_x1 model_1_multimer_v2_p1_230306_914029_recycled_15,  tol =  0.30, pLDDT = 77.74, pTM-score = 0.6107, piTM-score = 0.4445, interface-score = 0.2854, iRes = 71   iCnt = 74  
Info: MYD88_P62492_x1 model_1_multimer_v2_p1_230306_914029_recycled_16,  tol =  0.38, pLDDT = 78.25, pTM-score = 0.6179, piTM-score = 0.4293, interface-score = 0.3009, iRes = 67   iCnt = 67  
Info: MYD88_P62492_x1 model_1_multimer_v2_p1_230306_914029_recycled_17,  tol =  0.72, pLDDT = 77.84, pTM-score = 0.6046, piTM-score = 0.4281, interface-score = 0.2807, iRes = 69   iCnt = 72  
Info: MYD88_P62492_x1 model_1_multimer_v2_p1_230306_914029_recycled_18,  tol =  0.58, pLDDT = 77.49, pTM-score = 0.5934, piTM-score = 0.4186, interface-score = 0.2821, iRes = 70   iCnt = 72  
Info: MYD88_P62492_x1 model_1_multimer_v2_p1_230306_914029_recycled_19,  tol =  0.72, pLDDT = 77.09, pTM-score = 0.5877, piTM-score = 0.4155, interface-score = 0.2725, iRes = 70   iCnt = 75  
Info: MYD88_P62492_x1 model_1_multimer_v2_p1_230306_914029 performed 20 recycles, final tol = 0.28, pLDDT = 76.56, pTM-score = 0.5765, piTM-score = 0.3944, interface-score = 0.2569, iRes = 70   iCnt = 69  
Info: num_clusters = 1, cluster_sizes = [2],  clusters = [['MYD88_MOUSE_0', 'P62492_0']]

I0306 16:07:35.508831 23073215944512 run_af2c_mod.py:404] Final timings for MYD88_P62492_x1: {'features': 1.07, 'process_features_model_1_multimer_v2_p1_230306_914029': 0.0, 'predict_and_compile_model_1_multimer_v2_p1_230306_914029': 395.6}
                                  
================================= 
Global information about the job: 
================================= 
  
Job owner: flobnow(42847)
Job name:  1_AF2C
Node list: ravg1031
Job start: Mon Mar  6 16:00:36 CET 2023
Job end:   Mon Mar  6 16:07:37 CET 2023
Work dir:  /raven/u/flobnow/workingLama/scripts/myRuns/P62492
Command:   /raven/u/flobnow/workingLama/scripts/myRuns/P62492/script2_comp_model_1.sh
  
  
  
==========================================================================================
Information on jobsteps (Note: MaxRSS/AveRSS is the maximum/average over all 
tasks of the per-task memory high-water marks; cf. "man sacct"): 
==========================================================================================
  
JobID            JobName NNodes NTasks  NCPUS        0.00M        0.00M    Elapsed ExitCode
------------- ---------- ------ ------ ------ ------------ ------------ ---------- --------
4365540           1_AF2C      1           108                             00:07:01      0:0
4365540.0        python3      1      1    108    18333.40M    18333.40M   00:06:56      0:0
  
Maximum memory per node: 19.223965 GB (defined as MaxRSS*Ntasks/NNodes)
CPU utilization: 1.9 %
  
Info: input file name is P62492
Info: input target list is /u/flobnow/workingLama/scripts/myRuns/P62492/target.lst
Info: input feature directory is /u/flobnow/workingLama/feature_files
Info: result output directory is /u/flobnow/workingLama/output_files
Info: model preset is multimer_np
Info: msa pairing is all
Info: recycling setting is 1
Info: using preset super2
Info: set num_ensemble = 2
Info: set max_recyles = 20
Info: set recycle_tol = 0.1
Info: mas_pairing mode is all
I0306 19:56:05.599714 23080975304512 tpu_client.py:54] Starting the local TPU driver.
I0306 19:56:05.600092 23080975304512 xla_bridge.py:212] Unable to initialize backend 'tpu_driver': Not found: Unable to find driver in registry given worker: local://
I0306 19:56:05.957556 23080975304512 xla_bridge.py:212] Unable to initialize backend 'tpu': Invalid argument: TpuPlatform is not available.
I0306 19:56:08.748324 23080975304512 run_af2c_mod.py:481] Have 1 models: ['model_2_multimer_v2_p1']
Info: working on target MYD88_P62492_x1
I0306 19:56:15.755624 23080975304512 run_af2c_mod.py:512] Using random seed 3196265606931438570 for the data pipeline
Info: MYD88_P62492_x1 found monomer MYD88_MOUSE msa_depth = 3425, seq_len = 296, num_templ = 20
Info: MYD88_MOUSE reducing the number of structural templates to 4
Info: MYD88_P62492_x1 found monomer P62492 msa_depth = 43223, seq_len = 216, num_templ = 20
Info: P62492 MSA size is too large, reducing to 10000
Info: P62492 reducing the number of structural templates to 4
Info: 2 chain(s) to model {'A': 'MYD88_MOUSE_1', 'B': 'P62492_1'}
Info: modeling MYD88_P62492_x1 with msa_depth = 7420, seq_len = 512, num_templ = 8
I0306 19:56:16.822442 23080975304512 run_af2c_mod.py:216] Running model model_2_multimer_v2_p1_230306_438570
I0306 19:56:16.822915 23080975304512 model.py:205] Running predict with shape(feat) = {'msa': (7420, 512), 'bert_mask': (7420, 512), 'num_alignments': (), 'aatype': (512,), 'seq_length': (), 'template_aatype': (8, 512), 'template_all_atom_mask': (8, 512, 37), 'template_all_atom_positions': (8, 512, 37, 3), 'all_atom_positions': (512, 37, 3), 'template_domain_names': (8,), 'asym_id': (512,), 'sym_id': (512,), 'entity_id': (512,), 'residue_index': (512,), 'deletion_matrix': (7420, 512), 'seq_mask': (512,), 'msa_mask': (7420, 512), 'cluster_bias_mask': (7420,), 'pdb_residue_index': (512,)}
I0306 20:02:54.069955 23080975304512 run_af2c_mod.py:270] Total JAX model model_2_multimer_v2_p1_230306_438570 predict time (includes compilation time): 397.2 seconds
Info: MYD88_P62492_x1 model_2_multimer_v2_p1_230306_438570_recycled_00,  tol =   inf, pLDDT = 72.34, pTM-score = 0.4151, piTM-score = 0.0395, interface-score = 0.0027, iRes = 18   iCnt = 18  
Info: MYD88_P62492_x1 model_2_multimer_v2_p1_230306_438570_recycled_01,  tol = 49.48, pLDDT = 74.20, pTM-score = 0.4047, piTM-score = 0.0681, interface-score = 0.0020, iRes = 21   iCnt = 19  
Info: MYD88_P62492_x1 model_2_multimer_v2_p1_230306_438570_recycled_02,  tol =  2.89, pLDDT = 74.78, pTM-score = 0.4108, piTM-score = 0.2247, interface-score = 0.0145, iRes = 28   iCnt = 27  
Info: MYD88_P62492_x1 model_2_multimer_v2_p1_230306_438570_recycled_03,  tol =  3.19, pLDDT = 75.99, pTM-score = 0.4011, piTM-score = 0.0697, interface-score = 0.0012, iRes = 16   iCnt = 13  
Info: MYD88_P62492_x1 model_2_multimer_v2_p1_230306_438570_recycled_04,  tol =  5.57, pLDDT = 74.93, pTM-score = 0.4244, piTM-score = 0.1788, interface-score = 0.0177, iRes = 27   iCnt = 21  
Info: MYD88_P62492_x1 model_2_multimer_v2_p1_230306_438570_recycled_05,  tol =  6.40, pLDDT = 76.09, pTM-score = 0.4617, piTM-score = 0.2876, interface-score = 0.0767, iRes = 33   iCnt = 28  
Info: MYD88_P62492_x1 model_2_multimer_v2_p1_230306_438570_recycled_06,  tol =  3.50, pLDDT = 76.55, pTM-score = 0.5010, piTM-score = 0.3076, interface-score = 0.1263, iRes = 36   iCnt = 34  
Info: MYD88_P62492_x1 model_2_multimer_v2_p1_230306_438570_recycled_07,  tol =  5.33, pLDDT = 76.68, pTM-score = 0.4941, piTM-score = 0.3609, interface-score = 0.1391, iRes = 47   iCnt = 53  
Info: MYD88_P62492_x1 model_2_multimer_v2_p1_230306_438570_recycled_08,  tol =  6.23, pLDDT = 78.69, pTM-score = 0.5575, piTM-score = 0.4343, interface-score = 0.2625, iRes = 55   iCnt = 62  
Info: MYD88_P62492_x1 model_2_multimer_v2_p1_230306_438570_recycled_09,  tol =  3.83, pLDDT = 78.49, pTM-score = 0.5471, piTM-score = 0.4157, interface-score = 0.2308, iRes = 55   iCnt = 62  
Info: MYD88_P62492_x1 model_2_multimer_v2_p1_230306_438570_recycled_10,  tol =  2.75, pLDDT = 78.24, pTM-score = 0.5628, piTM-score = 0.4331, interface-score = 0.2566, iRes = 54   iCnt = 60  
Info: MYD88_P62492_x1 model_2_multimer_v2_p1_230306_438570_recycled_11,  tol =  1.25, pLDDT = 79.05, pTM-score = 0.5876, piTM-score = 0.4594, interface-score = 0.3041, iRes = 59   iCnt = 61  
Info: MYD88_P62492_x1 model_2_multimer_v2_p1_230306_438570_recycled_12,  tol =  3.94, pLDDT = 78.94, pTM-score = 0.5798, piTM-score = 0.4364, interface-score = 0.2729, iRes = 53   iCnt = 57  
Info: MYD88_P62492_x1 model_2_multimer_v2_p1_230306_438570_recycled_13,  tol =  2.60, pLDDT = 78.77, pTM-score = 0.5747, piTM-score = 0.4463, interface-score = 0.2678, iRes = 55   iCnt = 60  
Info: MYD88_P62492_x1 model_2_multimer_v2_p1_230306_438570_recycled_14,  tol =  3.56, pLDDT = 79.06, pTM-score = 0.5872, piTM-score = 0.4541, interface-score = 0.2970, iRes = 59   iCnt = 63  
Info: MYD88_P62492_x1 model_2_multimer_v2_p1_230306_438570_recycled_15,  tol =  0.96, pLDDT = 79.55, pTM-score = 0.5994, piTM-score = 0.4702, interface-score = 0.3128, iRes = 58   iCnt = 64  
Info: MYD88_P62492_x1 model_2_multimer_v2_p1_230306_438570_recycled_16,  tol =  0.74, pLDDT = 78.94, pTM-score = 0.5814, piTM-score = 0.4451, interface-score = 0.2769, iRes = 56   iCnt = 64  
Info: MYD88_P62492_x1 model_2_multimer_v2_p1_230306_438570_recycled_17,  tol =  1.10, pLDDT = 79.75, pTM-score = 0.6011, piTM-score = 0.4611, interface-score = 0.3190, iRes = 57   iCnt = 64  
Info: MYD88_P62492_x1 model_2_multimer_v2_p1_230306_438570_recycled_18,  tol =  0.27, pLDDT = 78.76, pTM-score = 0.5793, piTM-score = 0.4405, interface-score = 0.2769, iRes = 56   iCnt = 59  
Info: MYD88_P62492_x1 model_2_multimer_v2_p1_230306_438570_recycled_19,  tol =  0.85, pLDDT = 78.86, pTM-score = 0.5844, piTM-score = 0.4361, interface-score = 0.2798, iRes = 56   iCnt = 59  
Info: MYD88_P62492_x1 model_2_multimer_v2_p1_230306_438570 performed 20 recycles, final tol = 0.82, pLDDT = 78.71, pTM-score = 0.5742, piTM-score = 0.4314, interface-score = 0.2646, iRes = 58   iCnt = 59  
Info: num_clusters = 1, cluster_sizes = [2],  clusters = [['MYD88_MOUSE_0', 'P62492_0']]

I0306 20:02:56.336588 23080975304512 run_af2c_mod.py:404] Final timings for MYD88_P62492_x1: {'features': 1.07, 'process_features_model_2_multimer_v2_p1_230306_438570': 0.0, 'predict_and_compile_model_2_multimer_v2_p1_230306_438570': 397.2}
                                  
================================= 
Global information about the job: 
================================= 
  
Job owner: flobnow(42847)
Job name:  2_AF2C
Node list: ravg1171
Job start: Mon Mar  6 19:55:56 CET 2023
Job end:   Mon Mar  6 20:02:57 CET 2023
Work dir:  /raven/u/flobnow/workingLama/scripts/myRuns/P62492
Command:   /raven/u/flobnow/workingLama/scripts/myRuns/P62492/script2_comp_model_2.sh
  
  
  
==========================================================================================
Information on jobsteps (Note: MaxRSS/AveRSS is the maximum/average over all 
tasks of the per-task memory high-water marks; cf. "man sacct"): 
==========================================================================================
  
JobID            JobName NNodes NTasks  NCPUS        0.00M        0.00M    Elapsed ExitCode
------------- ---------- ------ ------ ------ ------------ ------------ ---------- --------
4365633           2_AF2C      1           108                             00:07:01      0:0
4365633.0        python3      1      1    108    18305.11M    18305.11M   00:06:56      0:0
  
Maximum memory per node: 19.194296 GB (defined as MaxRSS*Ntasks/NNodes)
CPU utilization: 1.9 %
  
Info: input file name is P62492
Info: input target list is /u/flobnow/workingLama/scripts/myRuns/P62492/target.lst
Info: input feature directory is /u/flobnow/workingLama/feature_files
Info: result output directory is /u/flobnow/workingLama/output_files
Info: model preset is multimer_np
Info: msa pairing is all
Info: recycling setting is 1
Info: using preset super2
Info: set num_ensemble = 2
Info: set max_recyles = 20
Info: set recycle_tol = 0.1
Info: mas_pairing mode is all
I0306 22:43:47.751719 22484281591616 tpu_client.py:54] Starting the local TPU driver.
I0306 22:43:47.752068 22484281591616 xla_bridge.py:212] Unable to initialize backend 'tpu_driver': Not found: Unable to find driver in registry given worker: local://
I0306 22:43:48.110778 22484281591616 xla_bridge.py:212] Unable to initialize backend 'tpu': Invalid argument: TpuPlatform is not available.
I0306 22:43:50.868473 22484281591616 run_af2c_mod.py:481] Have 1 models: ['model_3_multimer_v2_p1']
Info: working on target MYD88_P62492_x1
I0306 22:43:57.875691 22484281591616 run_af2c_mod.py:512] Using random seed 6185638897363437766 for the data pipeline
Info: MYD88_P62492_x1 found monomer MYD88_MOUSE msa_depth = 3425, seq_len = 296, num_templ = 20
Info: MYD88_MOUSE reducing the number of structural templates to 4
Info: MYD88_P62492_x1 found monomer P62492 msa_depth = 43223, seq_len = 216, num_templ = 20
Info: P62492 MSA size is too large, reducing to 10000
Info: P62492 reducing the number of structural templates to 4
Info: 2 chain(s) to model {'A': 'MYD88_MOUSE_1', 'B': 'P62492_1'}
Info: modeling MYD88_P62492_x1 with msa_depth = 7420, seq_len = 512, num_templ = 8
I0306 22:43:58.840287 22484281591616 run_af2c_mod.py:216] Running model model_3_multimer_v2_p1_230306_437766
I0306 22:43:58.840759 22484281591616 model.py:205] Running predict with shape(feat) = {'msa': (7420, 512), 'bert_mask': (7420, 512), 'num_alignments': (), 'aatype': (512,), 'seq_length': (), 'template_aatype': (8, 512), 'template_all_atom_mask': (8, 512, 37), 'template_all_atom_positions': (8, 512, 37, 3), 'all_atom_positions': (512, 37, 3), 'template_domain_names': (8,), 'asym_id': (512,), 'sym_id': (512,), 'entity_id': (512,), 'residue_index': (512,), 'deletion_matrix': (7420, 512), 'seq_mask': (512,), 'msa_mask': (7420, 512), 'cluster_bias_mask': (7420,), 'pdb_residue_index': (512,)}
I0306 22:50:34.566302 22484281591616 run_af2c_mod.py:270] Total JAX model model_3_multimer_v2_p1_230306_437766 predict time (includes compilation time): 395.7 seconds
Info: MYD88_P62492_x1 model_3_multimer_v2_p1_230306_437766_recycled_00,  tol =   inf, pLDDT = 71.73, pTM-score = 0.4702, piTM-score = 0.3336, interface-score = 0.1161, iRes = 55   iCnt = 73  
Info: MYD88_P62492_x1 model_3_multimer_v2_p1_230306_437766_recycled_01,  tol = 44.88, pLDDT = 71.99, pTM-score = 0.3978, piTM-score = 0.1139, interface-score = 0.0032, iRes = 23   iCnt = 31  
Info: MYD88_P62492_x1 model_3_multimer_v2_p1_230306_437766_recycled_02,  tol =  9.76, pLDDT = 72.77, pTM-score = 0.4002, piTM-score = 0.1936, interface-score = 0.0119, iRes = 34   iCnt = 60  
Info: MYD88_P62492_x1 model_3_multimer_v2_p1_230306_437766_recycled_03,  tol =  8.49, pLDDT = 76.44, pTM-score = 0.5527, piTM-score = 0.3982, interface-score = 0.2428, iRes = 51   iCnt = 54  
Info: MYD88_P62492_x1 model_3_multimer_v2_p1_230306_437766_recycled_04,  tol =  6.69, pLDDT = 77.50, pTM-score = 0.5516, piTM-score = 0.4213, interface-score = 0.2508, iRes = 60   iCnt = 64  
Info: MYD88_P62492_x1 model_3_multimer_v2_p1_230306_437766_recycled_05,  tol =  2.59, pLDDT = 78.31, pTM-score = 0.5904, piTM-score = 0.4358, interface-score = 0.2993, iRes = 57   iCnt = 59  
Info: MYD88_P62492_x1 model_3_multimer_v2_p1_230306_437766_recycled_06,  tol =  1.22, pLDDT = 78.62, pTM-score = 0.5860, piTM-score = 0.4625, interface-score = 0.3038, iRes = 59   iCnt = 60  
Info: MYD88_P62492_x1 model_3_multimer_v2_p1_230306_437766_recycled_07,  tol =  4.31, pLDDT = 78.89, pTM-score = 0.6050, piTM-score = 0.4604, interface-score = 0.3155, iRes = 59   iCnt = 65  
Info: MYD88_P62492_x1 model_3_multimer_v2_p1_230306_437766_recycled_08,  tol =  0.82, pLDDT = 78.95, pTM-score = 0.6026, piTM-score = 0.4633, interface-score = 0.3222, iRes = 61   iCnt = 66  
Info: MYD88_P62492_x1 model_3_multimer_v2_p1_230306_437766_recycled_09,  tol =  0.50, pLDDT = 77.89, pTM-score = 0.5969, piTM-score = 0.4675, interface-score = 0.3122, iRes = 75   iCnt = 76  
Info: MYD88_P62492_x1 model_3_multimer_v2_p1_230306_437766_recycled_10,  tol =  2.19, pLDDT = 78.73, pTM-score = 0.6070, piTM-score = 0.4595, interface-score = 0.3280, iRes = 61   iCnt = 65  
Info: MYD88_P62492_x1 model_3_multimer_v2_p1_230306_437766_recycled_11,  tol =  2.02, pLDDT = 78.88, pTM-score = 0.6051, piTM-score = 0.4597, interface-score = 0.3310, iRes = 58   iCnt = 62  
Info: MYD88_P62492_x1 model_3_multimer_v2_p1_230306_437766_recycled_12,  tol =  1.73, pLDDT = 78.33, pTM-score = 0.5834, piTM-score = 0.4411, interface-score = 0.2806, iRes = 60   iCnt = 66  
Info: MYD88_P62492_x1 model_3_multimer_v2_p1_230306_437766_recycled_13,  tol =  1.24, pLDDT = 78.21, pTM-score = 0.5930, piTM-score = 0.4438, interface-score = 0.2823, iRes = 58   iCnt = 66  
Info: MYD88_P62492_x1 model_3_multimer_v2_p1_230306_437766_recycled_14,  tol =  0.86, pLDDT = 78.50, pTM-score = 0.6000, piTM-score = 0.4501, interface-score = 0.3068, iRes = 57   iCnt = 61  
Info: MYD88_P62492_x1 model_3_multimer_v2_p1_230306_437766_recycled_15,  tol =  0.87, pLDDT = 78.66, pTM-score = 0.6051, piTM-score = 0.4581, interface-score = 0.3158, iRes = 59   iCnt = 68  
Info: MYD88_P62492_x1 model_3_multimer_v2_p1_230306_437766_recycled_16,  tol =  0.81, pLDDT = 78.51, pTM-score = 0.5983, piTM-score = 0.4445, interface-score = 0.3011, iRes = 58   iCnt = 67  
Info: MYD88_P62492_x1 model_3_multimer_v2_p1_230306_437766_recycled_17,  tol =  0.48, pLDDT = 79.02, pTM-score = 0.6046, piTM-score = 0.4716, interface-score = 0.3294, iRes = 59   iCnt = 67  
Info: MYD88_P62492_x1 model_3_multimer_v2_p1_230306_437766_recycled_18,  tol =  0.54, pLDDT = 78.21, pTM-score = 0.5816, piTM-score = 0.4493, interface-score = 0.2696, iRes = 56   iCnt = 58  
Info: MYD88_P62492_x1 model_3_multimer_v2_p1_230306_437766_recycled_19,  tol =  0.37, pLDDT = 78.93, pTM-score = 0.6118, piTM-score = 0.4781, interface-score = 0.3391, iRes = 61   iCnt = 67  
Info: MYD88_P62492_x1 model_3_multimer_v2_p1_230306_437766 performed 20 recycles, final tol = 0.51, pLDDT = 78.68, pTM-score = 0.5913, piTM-score = 0.4467, interface-score = 0.2926, iRes = 60   iCnt = 67  
Info: num_clusters = 1, cluster_sizes = [2],  clusters = [['MYD88_MOUSE_0', 'P62492_0']]

I0306 22:50:36.684025 22484281591616 run_af2c_mod.py:404] Final timings for MYD88_P62492_x1: {'features': 0.96, 'process_features_model_3_multimer_v2_p1_230306_437766': 0.0, 'predict_and_compile_model_3_multimer_v2_p1_230306_437766': 395.7}
                                  
================================= 
Global information about the job: 
================================= 
  
Job owner: flobnow(42847)
Job name:  3_AF2C
Node list: ravg1023
Job start: Mon Mar  6 22:43:39 CET 2023
Job end:   Mon Mar  6 22:50:38 CET 2023
Work dir:  /raven/u/flobnow/workingLama/scripts/myRuns/P62492
Command:   /raven/u/flobnow/workingLama/scripts/myRuns/P62492/script2_comp_model_3.sh
  
  
  
==========================================================================================
Information on jobsteps (Note: MaxRSS/AveRSS is the maximum/average over all 
tasks of the per-task memory high-water marks; cf. "man sacct"): 
==========================================================================================
  
JobID            JobName NNodes NTasks  NCPUS        0.00M        0.00M    Elapsed ExitCode
------------- ---------- ------ ------ ------ ------------ ------------ ---------- --------
4365691           3_AF2C      1           108                             00:06:59      0:0
4365691.0        python3      1      1    108    18304.03M    18304.03M   00:06:57      0:0
  
Maximum memory per node: 19.193164 GB (defined as MaxRSS*Ntasks/NNodes)
CPU utilization: 1.9 %
  
Info: input file name is P62492
Info: input target list is /u/flobnow/workingLama/scripts/myRuns/P62492/target.lst
Info: input feature directory is /u/flobnow/workingLama/feature_files
Info: result output directory is /u/flobnow/workingLama/output_files
Info: model preset is multimer_np
Info: msa pairing is all
Info: recycling setting is 1
Info: using preset super2
Info: set num_ensemble = 2
Info: set max_recyles = 20
Info: set recycle_tol = 0.1
Info: mas_pairing mode is all
I0306 23:12:05.954959 23134483920704 tpu_client.py:54] Starting the local TPU driver.
I0306 23:12:05.957450 23134483920704 xla_bridge.py:212] Unable to initialize backend 'tpu_driver': Not found: Unable to find driver in registry given worker: local://
I0306 23:12:06.319782 23134483920704 xla_bridge.py:212] Unable to initialize backend 'tpu': Invalid argument: TpuPlatform is not available.
I0306 23:12:09.093603 23134483920704 run_af2c_mod.py:481] Have 1 models: ['model_4_multimer_v2_p1']
Info: working on target MYD88_P62492_x1
I0306 23:12:17.101854 23134483920704 run_af2c_mod.py:512] Using random seed 1425423026351592597 for the data pipeline
Info: MYD88_P62492_x1 found monomer MYD88_MOUSE msa_depth = 3425, seq_len = 296, num_templ = 20
Info: MYD88_MOUSE reducing the number of structural templates to 4
Info: MYD88_P62492_x1 found monomer P62492 msa_depth = 43223, seq_len = 216, num_templ = 20
Info: P62492 MSA size is too large, reducing to 10000
Info: P62492 reducing the number of structural templates to 4
Info: 2 chain(s) to model {'A': 'MYD88_MOUSE_1', 'B': 'P62492_1'}
Info: modeling MYD88_P62492_x1 with msa_depth = 7420, seq_len = 512, num_templ = 8
I0306 23:12:18.024323 23134483920704 run_af2c_mod.py:216] Running model model_4_multimer_v2_p1_230306_592597
I0306 23:12:18.024786 23134483920704 model.py:205] Running predict with shape(feat) = {'msa': (7420, 512), 'bert_mask': (7420, 512), 'num_alignments': (), 'aatype': (512,), 'seq_length': (), 'template_aatype': (8, 512), 'template_all_atom_mask': (8, 512, 37), 'template_all_atom_positions': (8, 512, 37, 3), 'all_atom_positions': (512, 37, 3), 'template_domain_names': (8,), 'asym_id': (512,), 'sym_id': (512,), 'entity_id': (512,), 'residue_index': (512,), 'deletion_matrix': (7420, 512), 'seq_mask': (512,), 'msa_mask': (7420, 512), 'cluster_bias_mask': (7420,), 'pdb_residue_index': (512,)}
I0306 23:18:54.380344 23134483920704 run_af2c_mod.py:270] Total JAX model model_4_multimer_v2_p1_230306_592597 predict time (includes compilation time): 396.4 seconds
Info: MYD88_P62492_x1 model_4_multimer_v2_p1_230306_592597_recycled_00,  tol =   inf, pLDDT = 71.68, pTM-score = 0.4055, piTM-score = 0.0347, interface-score = 0.0019, iRes = 19   iCnt = 13  
Info: MYD88_P62492_x1 model_4_multimer_v2_p1_230306_592597_recycled_01,  tol = 53.28, pLDDT = 75.33, pTM-score = 0.3905, piTM-score = 0.0163, interface-score = 0.0003, iRes = 12   iCnt = 9   
Info: MYD88_P62492_x1 model_4_multimer_v2_p1_230306_592597_recycled_02,  tol =  5.54, pLDDT = 74.87, pTM-score = 0.4074, piTM-score = 0.2875, interface-score = 0.0149, iRes = 37   iCnt = 43  
Info: MYD88_P62492_x1 model_4_multimer_v2_p1_230306_592597_recycled_03,  tol =  7.98, pLDDT = 79.17, pTM-score = 0.5951, piTM-score = 0.4777, interface-score = 0.3319, iRes = 56   iCnt = 60  
Info: MYD88_P62492_x1 model_4_multimer_v2_p1_230306_592597_recycled_04,  tol = 10.66, pLDDT = 78.54, pTM-score = 0.5610, piTM-score = 0.4394, interface-score = 0.2449, iRes = 64   iCnt = 68  
Info: MYD88_P62492_x1 model_4_multimer_v2_p1_230306_592597_recycled_05,  tol =  5.03, pLDDT = 78.00, pTM-score = 0.5724, piTM-score = 0.4297, interface-score = 0.2482, iRes = 62   iCnt = 67  
Info: MYD88_P62492_x1 model_4_multimer_v2_p1_230306_592597_recycled_06,  tol =  1.90, pLDDT = 78.97, pTM-score = 0.6029, piTM-score = 0.4580, interface-score = 0.2862, iRes = 67   iCnt = 66  
Info: MYD88_P62492_x1 model_4_multimer_v2_p1_230306_592597_recycled_07,  tol =  1.66, pLDDT = 78.52, pTM-score = 0.6123, piTM-score = 0.4590, interface-score = 0.2741, iRes = 67   iCnt = 68  
Info: MYD88_P62492_x1 model_4_multimer_v2_p1_230306_592597_recycled_08,  tol =  1.17, pLDDT = 79.19, pTM-score = 0.6343, piTM-score = 0.4770, interface-score = 0.2960, iRes = 68   iCnt = 66  
Info: MYD88_P62492_x1 model_4_multimer_v2_p1_230306_592597_recycled_09,  tol =  1.85, pLDDT = 79.43, pTM-score = 0.6472, piTM-score = 0.5046, interface-score = 0.2971, iRes = 71   iCnt = 70  
Info: MYD88_P62492_x1 model_4_multimer_v2_p1_230306_592597_recycled_10,  tol =  2.17, pLDDT = 80.17, pTM-score = 0.6807, piTM-score = 0.5360, interface-score = 0.3435, iRes = 72   iCnt = 73  
Info: MYD88_P62492_x1 model_4_multimer_v2_p1_230306_592597_recycled_11,  tol =  1.26, pLDDT = 79.96, pTM-score = 0.6769, piTM-score = 0.5343, interface-score = 0.3415, iRes = 73   iCnt = 70  
Info: MYD88_P62492_x1 model_4_multimer_v2_p1_230306_592597_recycled_12,  tol =  0.63, pLDDT = 80.51, pTM-score = 0.6976, piTM-score = 0.5747, interface-score = 0.3831, iRes = 76   iCnt = 79  
Info: MYD88_P62492_x1 model_4_multimer_v2_p1_230306_592597_recycled_13,  tol =  1.93, pLDDT = 80.26, pTM-score = 0.6901, piTM-score = 0.5866, interface-score = 0.3934, iRes = 80   iCnt = 78  
Info: MYD88_P62492_x1 model_4_multimer_v2_p1_230306_592597_recycled_14,  tol =  1.83, pLDDT = 79.60, pTM-score = 0.6810, piTM-score = 0.5688, interface-score = 0.3694, iRes = 80   iCnt = 84  
Info: MYD88_P62492_x1 model_4_multimer_v2_p1_230306_592597_recycled_15,  tol =  1.94, pLDDT = 79.99, pTM-score = 0.6887, piTM-score = 0.5577, interface-score = 0.3739, iRes = 79   iCnt = 80  
Info: MYD88_P62492_x1 model_4_multimer_v2_p1_230306_592597_recycled_16,  tol =  1.05, pLDDT = 80.30, pTM-score = 0.6949, piTM-score = 0.5997, interface-score = 0.4049, iRes = 83   iCnt = 87  
Info: MYD88_P62492_x1 model_4_multimer_v2_p1_230306_592597_recycled_17,  tol =  1.22, pLDDT = 80.59, pTM-score = 0.7052, piTM-score = 0.6014, interface-score = 0.4150, iRes = 80   iCnt = 82  
Info: MYD88_P62492_x1 model_4_multimer_v2_p1_230306_592597_recycled_18,  tol =  0.86, pLDDT = 80.45, pTM-score = 0.6968, piTM-score = 0.6009, interface-score = 0.4159, iRes = 82   iCnt = 82  
Info: MYD88_P62492_x1 model_4_multimer_v2_p1_230306_592597_recycled_19,  tol =  0.53, pLDDT = 80.03, pTM-score = 0.6902, piTM-score = 0.5939, interface-score = 0.4077, iRes = 83   iCnt = 79  
Info: MYD88_P62492_x1 model_4_multimer_v2_p1_230306_592597 performed 20 recycles, final tol = 0.63, pLDDT = 80.34, pTM-score = 0.7015, piTM-score = 0.5987, interface-score = 0.4154, iRes = 81   iCnt = 80  
Info: num_clusters = 1, cluster_sizes = [2],  clusters = [['MYD88_MOUSE_0', 'P62492_0']]

I0306 23:18:56.488417 23134483920704 run_af2c_mod.py:404] Final timings for MYD88_P62492_x1: {'features': 0.92, 'process_features_model_4_multimer_v2_p1_230306_592597': 0.0, 'predict_and_compile_model_4_multimer_v2_p1_230306_592597': 396.4}
                                  
================================= 
Global information about the job: 
================================= 
  
Job owner: flobnow(42847)
Job name:  4_AF2C
Node list: ravg1046
Job start: Mon Mar  6 23:11:53 CET 2023
Job end:   Mon Mar  6 23:18:59 CET 2023
Work dir:  /raven/u/flobnow/workingLama/scripts/myRuns/P62492
Command:   /raven/u/flobnow/workingLama/scripts/myRuns/P62492/script2_comp_model_4.sh
  
  
  
==========================================================================================
Information on jobsteps (Note: MaxRSS/AveRSS is the maximum/average over all 
tasks of the per-task memory high-water marks; cf. "man sacct"): 
==========================================================================================
  
JobID            JobName NNodes NTasks  NCPUS        0.00M        0.00M    Elapsed ExitCode
------------- ---------- ------ ------ ------ ------------ ------------ ---------- --------
4365725           4_AF2C      1           108                             00:07:06      0:0
4365725.0        python3      1      1    108    18169.47M    18169.47M   00:07:02      0:0
  
Maximum memory per node: 19.052072 GB (defined as MaxRSS*Ntasks/NNodes)
CPU utilization: 2.0 %
  
Info: input file name is P62492
Info: input target list is /u/flobnow/workingLama/scripts/myRuns/P62492/target.lst
Info: input feature directory is /u/flobnow/workingLama/feature_files
Info: result output directory is /u/flobnow/workingLama/output_files
Info: model preset is multimer_np
Info: msa pairing is all
Info: recycling setting is 1
Info: using preset super2
Info: set num_ensemble = 2
Info: set max_recyles = 20
Info: set recycle_tol = 0.1
Info: mas_pairing mode is all
I0307 00:13:19.933987 23442733639488 tpu_client.py:54] Starting the local TPU driver.
I0307 00:13:19.934391 23442733639488 xla_bridge.py:212] Unable to initialize backend 'tpu_driver': Not found: Unable to find driver in registry given worker: local://
I0307 00:13:20.296434 23442733639488 xla_bridge.py:212] Unable to initialize backend 'tpu': Invalid argument: TpuPlatform is not available.
I0307 00:13:23.036601 23442733639488 run_af2c_mod.py:481] Have 1 models: ['model_5_multimer_v2_p1']
Info: working on target MYD88_P62492_x1
I0307 00:13:32.046202 23442733639488 run_af2c_mod.py:512] Using random seed 4795671113891904471 for the data pipeline
Info: MYD88_P62492_x1 found monomer MYD88_MOUSE msa_depth = 3425, seq_len = 296, num_templ = 20
Info: MYD88_MOUSE reducing the number of structural templates to 4
Info: MYD88_P62492_x1 found monomer P62492 msa_depth = 43223, seq_len = 216, num_templ = 20
Info: P62492 MSA size is too large, reducing to 10000
Info: P62492 reducing the number of structural templates to 4
Info: 2 chain(s) to model {'A': 'MYD88_MOUSE_1', 'B': 'P62492_1'}
Info: modeling MYD88_P62492_x1 with msa_depth = 7420, seq_len = 512, num_templ = 8
I0307 00:13:32.977610 23442733639488 run_af2c_mod.py:216] Running model model_5_multimer_v2_p1_230307_904471
I0307 00:13:32.978102 23442733639488 model.py:205] Running predict with shape(feat) = {'msa': (7420, 512), 'bert_mask': (7420, 512), 'num_alignments': (), 'aatype': (512,), 'seq_length': (), 'template_aatype': (8, 512), 'template_all_atom_mask': (8, 512, 37), 'template_all_atom_positions': (8, 512, 37, 3), 'all_atom_positions': (512, 37, 3), 'template_domain_names': (8,), 'asym_id': (512,), 'sym_id': (512,), 'entity_id': (512,), 'residue_index': (512,), 'deletion_matrix': (7420, 512), 'seq_mask': (512,), 'msa_mask': (7420, 512), 'cluster_bias_mask': (7420,), 'pdb_residue_index': (512,)}
I0307 00:20:09.685872 23442733639488 run_af2c_mod.py:270] Total JAX model model_5_multimer_v2_p1_230307_904471 predict time (includes compilation time): 396.7 seconds
Info: MYD88_P62492_x1 model_5_multimer_v2_p1_230307_904471_recycled_00,  tol =   inf, pLDDT = 73.66, pTM-score = 0.4285, piTM-score = 0.2552, interface-score = 0.0442, iRes = 32   iCnt = 33  
Info: MYD88_P62492_x1 model_5_multimer_v2_p1_230307_904471_recycled_01,  tol = 51.81, pLDDT = 74.19, pTM-score = 0.4152, piTM-score = 0.1840, interface-score = 0.0127, iRes = 30   iCnt = 23  
Info: MYD88_P62492_x1 model_5_multimer_v2_p1_230307_904471_recycled_02,  tol =  5.38, pLDDT = 73.86, pTM-score = 0.4431, piTM-score = 0.2137, interface-score = 0.0305, iRes = 32   iCnt = 28  
Info: MYD88_P62492_x1 model_5_multimer_v2_p1_230307_904471_recycled_03,  tol =  9.62, pLDDT = 79.37, pTM-score = 0.6043, piTM-score = 0.4400, interface-score = 0.3231, iRes = 48   iCnt = 54  
Info: MYD88_P62492_x1 model_5_multimer_v2_p1_230307_904471_recycled_04,  tol =  9.17, pLDDT = 78.13, pTM-score = 0.5580, piTM-score = 0.4251, interface-score = 0.2407, iRes = 59   iCnt = 66  
Info: MYD88_P62492_x1 model_5_multimer_v2_p1_230307_904471_recycled_05,  tol =  7.18, pLDDT = 79.04, pTM-score = 0.5965, piTM-score = 0.4606, interface-score = 0.2818, iRes = 58   iCnt = 58  
Info: MYD88_P62492_x1 model_5_multimer_v2_p1_230307_904471_recycled_06,  tol =  1.06, pLDDT = 78.53, pTM-score = 0.5713, piTM-score = 0.4385, interface-score = 0.2561, iRes = 58   iCnt = 60  
Info: MYD88_P62492_x1 model_5_multimer_v2_p1_230307_904471_recycled_07,  tol =  1.35, pLDDT = 78.62, pTM-score = 0.5848, piTM-score = 0.4388, interface-score = 0.2720, iRes = 57   iCnt = 58  
Info: MYD88_P62492_x1 model_5_multimer_v2_p1_230307_904471_recycled_08,  tol =  1.25, pLDDT = 78.95, pTM-score = 0.5787, piTM-score = 0.4362, interface-score = 0.2681, iRes = 54   iCnt = 59  
Info: MYD88_P62492_x1 model_5_multimer_v2_p1_230307_904471_recycled_09,  tol =  0.95, pLDDT = 78.27, pTM-score = 0.5839, piTM-score = 0.4525, interface-score = 0.2848, iRes = 59   iCnt = 59  
Info: MYD88_P62492_x1 model_5_multimer_v2_p1_230307_904471_recycled_10,  tol =  1.75, pLDDT = 78.83, pTM-score = 0.5913, piTM-score = 0.4364, interface-score = 0.2781, iRes = 59   iCnt = 62  
Info: MYD88_P62492_x1 model_5_multimer_v2_p1_230307_904471_recycled_11,  tol =  1.08, pLDDT = 78.36, pTM-score = 0.5876, piTM-score = 0.4492, interface-score = 0.2616, iRes = 60   iCnt = 59  
Info: MYD88_P62492_x1 model_5_multimer_v2_p1_230307_904471_recycled_12,  tol =  1.18, pLDDT = 78.53, pTM-score = 0.5962, piTM-score = 0.4565, interface-score = 0.2779, iRes = 64   iCnt = 66  
Info: MYD88_P62492_x1 model_5_multimer_v2_p1_230307_904471_recycled_13,  tol =  0.64, pLDDT = 78.69, pTM-score = 0.5958, piTM-score = 0.4529, interface-score = 0.2595, iRes = 67   iCnt = 67  
Info: MYD88_P62492_x1 model_5_multimer_v2_p1_230307_904471_recycled_14,  tol =  0.83, pLDDT = 79.02, pTM-score = 0.6304, piTM-score = 0.4827, interface-score = 0.3073, iRes = 70   iCnt = 68  
Info: MYD88_P62492_x1 model_5_multimer_v2_p1_230307_904471_recycled_15,  tol =  0.83, pLDDT = 78.92, pTM-score = 0.6378, piTM-score = 0.4786, interface-score = 0.2773, iRes = 69   iCnt = 70  
Info: MYD88_P62492_x1 model_5_multimer_v2_p1_230307_904471_recycled_16,  tol =  1.11, pLDDT = 80.11, pTM-score = 0.6879, piTM-score = 0.5371, interface-score = 0.3506, iRes = 77   iCnt = 78  
Info: MYD88_P62492_x1 model_5_multimer_v2_p1_230307_904471_recycled_17,  tol =  0.77, pLDDT = 80.39, pTM-score = 0.6901, piTM-score = 0.5931, interface-score = 0.4080, iRes = 82   iCnt = 84  
Info: MYD88_P62492_x1 model_5_multimer_v2_p1_230307_904471_recycled_18,  tol =  0.61, pLDDT = 80.93, pTM-score = 0.7145, piTM-score = 0.6041, interface-score = 0.4263, iRes = 82   iCnt = 87  
Info: MYD88_P62492_x1 model_5_multimer_v2_p1_230307_904471_recycled_19,  tol =  0.57, pLDDT = 80.07, pTM-score = 0.6828, piTM-score = 0.5913, interface-score = 0.4067, iRes = 85   iCnt = 84  
Info: MYD88_P62492_x1 model_5_multimer_v2_p1_230307_904471 performed 20 recycles, final tol = 0.29, pLDDT = 80.66, pTM-score = 0.7130, piTM-score = 0.5706, interface-score = 0.4136, iRes = 82   iCnt = 82  
Info: num_clusters = 1, cluster_sizes = [2],  clusters = [['MYD88_MOUSE_0', 'P62492_0']]

I0307 00:20:11.856568 23442733639488 run_af2c_mod.py:404] Final timings for MYD88_P62492_x1: {'features': 0.93, 'process_features_model_5_multimer_v2_p1_230307_904471': 0.0, 'predict_and_compile_model_5_multimer_v2_p1_230307_904471': 396.7}
                                  
================================= 
Global information about the job: 
================================= 
  
Job owner: flobnow(42847)
Job name:  5_AF2C
Node list: ravg1043
Job start: Tue Mar  7 00:13:12 CET 2023
Job end:   Tue Mar  7 00:20:13 CET 2023
Work dir:  /raven/u/flobnow/workingLama/scripts/myRuns/P62492
Command:   /raven/u/flobnow/workingLama/scripts/myRuns/P62492/script2_comp_model_5.sh
  
  
  
==========================================================================================
Information on jobsteps (Note: MaxRSS/AveRSS is the maximum/average over all 
tasks of the per-task memory high-water marks; cf. "man sacct"): 
==========================================================================================
  
JobID            JobName NNodes NTasks  NCPUS        0.00M        0.00M    Elapsed ExitCode
------------- ---------- ------ ------ ------ ------------ ------------ ---------- --------
4365777           5_AF2C      1           108                             00:07:01      0:0
4365777.0        python3      1      1    108    18251.72M    18251.72M   00:06:59      0:0
  
Maximum memory per node: 19.138316 GB (defined as MaxRSS*Ntasks/NNodes)
CPU utilization: 1.9 %
  
Info: target file is /u/flobnow/workingLama/scripts/myRuns/P62492/target.lst
Info: input directory of unrelaxed models is /u/flobnow/workingLama/output_files
Info: output directory of relaxed models is /u/flobnow/workingLama/output_files
/bin/sh: /mpcdf/soft/SLE_15/packages/x86_64/alphafold/2.2.0/lib/libtinfo.so.6: no version information available (required by /lib64/libreadline.so.7)
I0307 23:46:38.185730 22638646323008 run_af2c_min.py:88] MYD88_P62492_x1 processing model_5_multimer_v2_p1_230307_904471.pdb
sh: /mpcdf/soft/SLE_15/packages/x86_64/alphafold/2.2.0/lib/libtinfo.so.6: no version information available (required by /lib64/libreadline.so.7)
sh: /mpcdf/soft/SLE_15/packages/x86_64/alphafold/2.2.0/lib/libtinfo.so.6: no version information available (required by /lib64/libreadline.so.7)
I0307 23:46:45.116224 22638646323008 amber_minimize.py:177] alterations info: {'nonstandard_residues': [], 'removed_heterogens': set(), 'missing_residues': {}, 'missing_heavy_atoms': {}, 'missing_terminals': {<Residue 295 (PRO) of chain 0>: ['OXT'], <Residue 511 (ILE) of chain 1>: ['OXT']}, 'Se_in_MET': [], 'removed_chains': {0: []}}
I0307 23:46:45.881479 22638646323008 amber_minimize.py:408] Minimizing protein, attempt 1 of 100.
I0307 23:46:46.738043 22638646323008 amber_minimize.py:69] Restraining 4084 / 8191 particles.
sh: /mpcdf/soft/SLE_15/packages/x86_64/alphafold/2.2.0/lib/libtinfo.so.6: no version information available (required by /lib64/libreadline.so.7)
I0307 23:47:18.415487 22638646323008 amber_minimize.py:177] alterations info: {'nonstandard_residues': [], 'removed_heterogens': set(), 'missing_residues': {}, 'missing_heavy_atoms': {}, 'missing_terminals': {}, 'Se_in_MET': [], 'removed_chains': {0: []}}
I0307 23:47:19.184002 22638646323008 tpu_client.py:54] Starting the local TPU driver.
I0307 23:47:19.184370 22638646323008 xla_bridge.py:212] Unable to initialize backend 'tpu_driver': Not found: Unable to find driver in registry given worker: local://
I0307 23:47:19.412423 22638646323008 xla_bridge.py:212] Unable to initialize backend 'tpu': Invalid argument: TpuPlatform is not available.
I0307 23:47:28.480731 22638646323008 amber_minimize.py:500] Iteration completed: Einit 84552343.91 Efinal -13013.33 Time 29.33 s num residue violations 0 num residue exclusions 0 
sh: /mpcdf/soft/SLE_15/packages/x86_64/alphafold/2.2.0/lib/libtinfo.so.6: no version information available (required by /lib64/libreadline.so.7)
sh: /mpcdf/soft/SLE_15/packages/x86_64/alphafold/2.2.0/lib/libtinfo.so.6: no version information available (required by /lib64/libreadline.so.7)
I0307 23:47:31.906414 22638646323008 amber_minimize.py:177] alterations info: {'nonstandard_residues': [], 'removed_heterogens': set(), 'missing_residues': {}, 'missing_heavy_atoms': {}, 'missing_terminals': {<Residue 295 (PRO) of chain 0>: ['OXT'], <Residue 511 (ILE) of chain 1>: ['OXT']}, 'Se_in_MET': [], 'removed_chains': {0: []}}
I0307 23:47:33.509630 22638646323008 run_af2c_min.py:110] MYD88_P62492_x1 relaxation done, time spent 55.1 seconds, Efinal -13013.33, rmsd 0.46
I0307 23:47:33.509748 22638646323008 run_af2c_min.py:88] MYD88_P62492_x1 processing model_1_multimer_v2_p1_230306_914029.pdb
sh: /mpcdf/soft/SLE_15/packages/x86_64/alphafold/2.2.0/lib/libtinfo.so.6: no version information available (required by /lib64/libreadline.so.7)
sh: /mpcdf/soft/SLE_15/packages/x86_64/alphafold/2.2.0/lib/libtinfo.so.6: no version information available (required by /lib64/libreadline.so.7)
I0307 23:47:36.891384 22638646323008 amber_minimize.py:177] alterations info: {'nonstandard_residues': [], 'removed_heterogens': set(), 'missing_residues': {}, 'missing_heavy_atoms': {}, 'missing_terminals': {<Residue 295 (PRO) of chain 0>: ['OXT'], <Residue 511 (ILE) of chain 1>: ['OXT']}, 'Se_in_MET': [], 'removed_chains': {0: []}}
I0307 23:47:37.586463 22638646323008 amber_minimize.py:408] Minimizing protein, attempt 1 of 100.
I0307 23:47:38.425384 22638646323008 amber_minimize.py:69] Restraining 4084 / 8191 particles.
sh: /mpcdf/soft/SLE_15/packages/x86_64/alphafold/2.2.0/lib/libtinfo.so.6: no version information available (required by /lib64/libreadline.so.7)
I0307 23:48:10.985024 22638646323008 amber_minimize.py:177] alterations info: {'nonstandard_residues': [], 'removed_heterogens': set(), 'missing_residues': {}, 'missing_heavy_atoms': {}, 'missing_terminals': {}, 'Se_in_MET': [], 'removed_chains': {0: []}}
I0307 23:48:12.564961 22638646323008 amber_minimize.py:500] Iteration completed: Einit 2875760.53 Efinal -13139.20 Time 30.39 s num residue violations 0 num residue exclusions 0 
sh: /mpcdf/soft/SLE_15/packages/x86_64/alphafold/2.2.0/lib/libtinfo.so.6: no version information available (required by /lib64/libreadline.so.7)
sh: /mpcdf/soft/SLE_15/packages/x86_64/alphafold/2.2.0/lib/libtinfo.so.6: no version information available (required by /lib64/libreadline.so.7)
I0307 23:48:15.940711 22638646323008 amber_minimize.py:177] alterations info: {'nonstandard_residues': [], 'removed_heterogens': set(), 'missing_residues': {}, 'missing_heavy_atoms': {}, 'missing_terminals': {<Residue 295 (PRO) of chain 0>: ['OXT'], <Residue 511 (ILE) of chain 1>: ['OXT']}, 'Se_in_MET': [], 'removed_chains': {0: []}}
I0307 23:48:17.544939 22638646323008 run_af2c_min.py:110] MYD88_P62492_x1 relaxation done, time spent 43.8 seconds, Efinal -13139.20, rmsd 0.45
I0307 23:48:17.545062 22638646323008 run_af2c_min.py:88] MYD88_P62492_x1 processing model_4_multimer_v2_p1_230306_592597.pdb
sh: /mpcdf/soft/SLE_15/packages/x86_64/alphafold/2.2.0/lib/libtinfo.so.6: no version information available (required by /lib64/libreadline.so.7)
sh: /mpcdf/soft/SLE_15/packages/x86_64/alphafold/2.2.0/lib/libtinfo.so.6: no version information available (required by /lib64/libreadline.so.7)
I0307 23:48:20.998741 22638646323008 amber_minimize.py:177] alterations info: {'nonstandard_residues': [], 'removed_heterogens': set(), 'missing_residues': {}, 'missing_heavy_atoms': {}, 'missing_terminals': {<Residue 295 (PRO) of chain 0>: ['OXT'], <Residue 511 (ILE) of chain 1>: ['OXT']}, 'Se_in_MET': [], 'removed_chains': {0: []}}
I0307 23:48:21.777703 22638646323008 amber_minimize.py:408] Minimizing protein, attempt 1 of 100.
I0307 23:48:22.656447 22638646323008 amber_minimize.py:69] Restraining 4084 / 8191 particles.
sh: /mpcdf/soft/SLE_15/packages/x86_64/alphafold/2.2.0/lib/libtinfo.so.6: no version information available (required by /lib64/libreadline.so.7)
I0307 23:48:52.324871 22638646323008 amber_minimize.py:177] alterations info: {'nonstandard_residues': [], 'removed_heterogens': set(), 'missing_residues': {}, 'missing_heavy_atoms': {}, 'missing_terminals': {}, 'Se_in_MET': [], 'removed_chains': {0: []}}
I0307 23:48:53.908772 22638646323008 amber_minimize.py:500] Iteration completed: Einit 22750.28 Efinal -13060.53 Time 27.48 s num residue violations 2 num residue exclusions 0 
I0307 23:48:53.909677 22638646323008 amber_minimize.py:408] Minimizing protein, attempt 1 of 100.
I0307 23:48:54.784225 22638646323008 amber_minimize.py:69] Restraining 4068 / 8191 particles.
sh: /mpcdf/soft/SLE_15/packages/x86_64/alphafold/2.2.0/lib/libtinfo.so.6: no version information available (required by /lib64/libreadline.so.7)
I0307 23:49:27.478577 22638646323008 amber_minimize.py:177] alterations info: {'nonstandard_residues': [], 'removed_heterogens': set(), 'missing_residues': {}, 'missing_heavy_atoms': {}, 'missing_terminals': {}, 'Se_in_MET': [], 'removed_chains': {0: []}}
I0307 23:49:29.074062 22638646323008 amber_minimize.py:500] Iteration completed: Einit 6279.84 Efinal -14258.79 Time 30.52 s num residue violations 0 num residue exclusions 2 
sh: /mpcdf/soft/SLE_15/packages/x86_64/alphafold/2.2.0/lib/libtinfo.so.6: no version information available (required by /lib64/libreadline.so.7)
sh: /mpcdf/soft/SLE_15/packages/x86_64/alphafold/2.2.0/lib/libtinfo.so.6: no version information available (required by /lib64/libreadline.so.7)
I0307 23:49:32.567577 22638646323008 amber_minimize.py:177] alterations info: {'nonstandard_residues': [], 'removed_heterogens': set(), 'missing_residues': {}, 'missing_heavy_atoms': {}, 'missing_terminals': {<Residue 295 (PRO) of chain 0>: ['OXT'], <Residue 511 (ILE) of chain 1>: ['OXT']}, 'Se_in_MET': [], 'removed_chains': {0: []}}
I0307 23:49:34.181562 22638646323008 run_af2c_min.py:110] MYD88_P62492_x1 relaxation done, time spent 76.3 seconds, Efinal -14258.79, rmsd 0.39
I0307 23:49:34.181697 22638646323008 run_af2c_min.py:88] MYD88_P62492_x1 processing model_2_multimer_v2_p1_230306_438570.pdb
sh: /mpcdf/soft/SLE_15/packages/x86_64/alphafold/2.2.0/lib/libtinfo.so.6: no version information available (required by /lib64/libreadline.so.7)
sh: /mpcdf/soft/SLE_15/packages/x86_64/alphafold/2.2.0/lib/libtinfo.so.6: no version information available (required by /lib64/libreadline.so.7)
I0307 23:49:37.669902 22638646323008 amber_minimize.py:177] alterations info: {'nonstandard_residues': [], 'removed_heterogens': set(), 'missing_residues': {}, 'missing_heavy_atoms': {}, 'missing_terminals': {<Residue 295 (PRO) of chain 0>: ['OXT'], <Residue 511 (ILE) of chain 1>: ['OXT']}, 'Se_in_MET': [], 'removed_chains': {0: []}}
I0307 23:49:38.458848 22638646323008 amber_minimize.py:408] Minimizing protein, attempt 1 of 100.
I0307 23:49:39.290585 22638646323008 amber_minimize.py:69] Restraining 4084 / 8191 particles.
sh: /mpcdf/soft/SLE_15/packages/x86_64/alphafold/2.2.0/lib/libtinfo.so.6: no version information available (required by /lib64/libreadline.so.7)
I0307 23:50:31.983900 22638646323008 amber_minimize.py:177] alterations info: {'nonstandard_residues': [], 'removed_heterogens': set(), 'missing_residues': {}, 'missing_heavy_atoms': {}, 'missing_terminals': {}, 'Se_in_MET': [], 'removed_chains': {0: []}}
I0307 23:50:33.613895 22638646323008 amber_minimize.py:500] Iteration completed: Einit 3904460.74 Efinal -13029.78 Time 50.53 s num residue violations 0 num residue exclusions 0 
sh: /mpcdf/soft/SLE_15/packages/x86_64/alphafold/2.2.0/lib/libtinfo.so.6: no version information available (required by /lib64/libreadline.so.7)
sh: /mpcdf/soft/SLE_15/packages/x86_64/alphafold/2.2.0/lib/libtinfo.so.6: no version information available (required by /lib64/libreadline.so.7)
I0307 23:50:37.001601 22638646323008 amber_minimize.py:177] alterations info: {'nonstandard_residues': [], 'removed_heterogens': set(), 'missing_residues': {}, 'missing_heavy_atoms': {}, 'missing_terminals': {<Residue 295 (PRO) of chain 0>: ['OXT'], <Residue 511 (ILE) of chain 1>: ['OXT']}, 'Se_in_MET': [], 'removed_chains': {0: []}}
I0307 23:50:38.650249 22638646323008 run_af2c_min.py:110] MYD88_P62492_x1 relaxation done, time spent 64.2 seconds, Efinal -13029.78, rmsd 0.45
I0307 23:50:38.650369 22638646323008 run_af2c_min.py:88] MYD88_P62492_x1 processing model_3_multimer_v2_p1_230306_437766.pdb
sh: /mpcdf/soft/SLE_15/packages/x86_64/alphafold/2.2.0/lib/libtinfo.so.6: no version information available (required by /lib64/libreadline.so.7)
sh: /mpcdf/soft/SLE_15/packages/x86_64/alphafold/2.2.0/lib/libtinfo.so.6: no version information available (required by /lib64/libreadline.so.7)
I0307 23:50:42.062746 22638646323008 amber_minimize.py:177] alterations info: {'nonstandard_residues': [], 'removed_heterogens': set(), 'missing_residues': {}, 'missing_heavy_atoms': {}, 'missing_terminals': {<Residue 295 (PRO) of chain 0>: ['OXT'], <Residue 511 (ILE) of chain 1>: ['OXT']}, 'Se_in_MET': [], 'removed_chains': {0: []}}
I0307 23:50:42.824227 22638646323008 amber_minimize.py:408] Minimizing protein, attempt 1 of 100.
I0307 23:50:43.675725 22638646323008 amber_minimize.py:69] Restraining 4084 / 8191 particles.
sh: /mpcdf/soft/SLE_15/packages/x86_64/alphafold/2.2.0/lib/libtinfo.so.6: no version information available (required by /lib64/libreadline.so.7)
I0307 23:51:18.637613 22638646323008 amber_minimize.py:177] alterations info: {'nonstandard_residues': [], 'removed_heterogens': set(), 'missing_residues': {}, 'missing_heavy_atoms': {}, 'missing_terminals': {}, 'Se_in_MET': [], 'removed_chains': {0: []}}
I0307 23:51:20.313216 22638646323008 amber_minimize.py:500] Iteration completed: Einit 54056713114.30 Efinal -13092.81 Time 32.79 s num residue violations 0 num residue exclusions 0 
sh: /mpcdf/soft/SLE_15/packages/x86_64/alphafold/2.2.0/lib/libtinfo.so.6: no version information available (required by /lib64/libreadline.so.7)
sh: /mpcdf/soft/SLE_15/packages/x86_64/alphafold/2.2.0/lib/libtinfo.so.6: no version information available (required by /lib64/libreadline.so.7)
I0307 23:51:23.672641 22638646323008 amber_minimize.py:177] alterations info: {'nonstandard_residues': [], 'removed_heterogens': set(), 'missing_residues': {}, 'missing_heavy_atoms': {}, 'missing_terminals': {<Residue 295 (PRO) of chain 0>: ['OXT'], <Residue 511 (ILE) of chain 1>: ['OXT']}, 'Se_in_MET': [], 'removed_chains': {0: []}}
I0307 23:51:25.326282 22638646323008 run_af2c_min.py:110] MYD88_P62492_x1 relaxation done, time spent 46.4 seconds, Efinal -13092.81, rmsd 0.45
                                  
================================= 
Global information about the job: 
================================= 
  
Job owner: flobnow(42847)
Job name:  6_RLX
Node list: ravg1094
Job start: Tue Mar  7 23:46:31 CET 2023
Job end:   Tue Mar  7 23:51:25 CET 2023
Work dir:  /raven/u/flobnow/workingLama/scripts/myRuns/P62492
Command:   /raven/u/flobnow/workingLama/scripts/myRuns/P62492/script3_relaxation.sh
  
  
  
==========================================================================================
Information on jobsteps (Note: MaxRSS/AveRSS is the maximum/average over all 
tasks of the per-task memory high-water marks; cf. "man sacct"): 
==========================================================================================
  
JobID            JobName NNodes NTasks  NCPUS        0.00M        0.00M    Elapsed ExitCode
------------- ---------- ------ ------ ------ ------------ ------------ ---------- --------
4375184            6_RLX      1           108                             00:04:54      0:0
4375184.0        python3      1      1    108    13168.33M    13168.33M   00:04:52      0:0
  
Maximum memory per node: 13.807997 GB (defined as MaxRSS*Ntasks/NNodes)
CPU utilization: 60.5 %
  
