Info: input file name is Q9D8N2
Info: input target list is /u/flobnow/workingLama/scripts/myRuns/Q9D8N2/target.lst
Info: input feature directory is /u/flobnow/workingLama/feature_files
Info: result output directory is /u/flobnow/workingLama/output_files
Info: model preset is multimer_np
Info: msa pairing is all
Info: recycling setting is 1
Info: using preset super2
Info: set num_ensemble = 2
Info: set max_recyles = 20
Info: set recycle_tol = 0.1
Info: mas_pairing mode is all
I0306 23:05:47.719900 22567164331840 tpu_client.py:54] Starting the local TPU driver.
I0306 23:05:47.720286 22567164331840 xla_bridge.py:212] Unable to initialize backend 'tpu_driver': Not found: Unable to find driver in registry given worker: local://
I0306 23:05:48.102076 22567164331840 xla_bridge.py:212] Unable to initialize backend 'tpu': Invalid argument: TpuPlatform is not available.
I0306 23:05:51.007881 22567164331840 run_af2c_mod.py:481] Have 1 models: ['model_1_multimer_v2_p1']
Info: working on target MYD88_Q9D8N2_x1
I0306 23:05:59.016119 22567164331840 run_af2c_mod.py:512] Using random seed 4543096141915131876 for the data pipeline
Info: MYD88_Q9D8N2_x1 found monomer MYD88_MOUSE msa_depth = 3425, seq_len = 296, num_templ = 20
Info: MYD88_MOUSE reducing the number of structural templates to 4
Info: MYD88_Q9D8N2_x1 found monomer Q9D8N2 msa_depth = 1104, seq_len = 357, num_templ = 4
Info: 2 chain(s) to model {'A': 'MYD88_MOUSE_1', 'B': 'Q9D8N2_1'}
Info: modeling MYD88_Q9D8N2_x1 with msa_depth = 3695, seq_len = 653, num_templ = 8
I0306 23:05:59.718111 22567164331840 run_af2c_mod.py:216] Running model model_1_multimer_v2_p1_230306_131876
I0306 23:05:59.718587 22567164331840 model.py:205] Running predict with shape(feat) = {'msa': (3695, 653), 'bert_mask': (3695, 653), 'num_alignments': (), 'aatype': (653,), 'seq_length': (), 'template_aatype': (8, 653), 'template_all_atom_mask': (8, 653, 37), 'template_all_atom_positions': (8, 653, 37, 3), 'all_atom_positions': (653, 37, 3), 'template_domain_names': (8,), 'asym_id': (653,), 'sym_id': (653,), 'entity_id': (653,), 'residue_index': (653,), 'deletion_matrix': (3695, 653), 'seq_mask': (653,), 'msa_mask': (3695, 653), 'cluster_bias_mask': (3695,), 'pdb_residue_index': (653,)}
I0306 23:17:08.704603 22567164331840 run_af2c_mod.py:270] Total JAX model model_1_multimer_v2_p1_230306_131876 predict time (includes compilation time): 669.0 seconds
Info: MYD88_Q9D8N2_x1 model_1_multimer_v2_p1_230306_131876_recycled_00,  tol =   inf, pLDDT = 77.65, pTM-score = 0.5403, piTM-score = 0.0224, interface-score = 0.0003, iRes = 15   iCnt = 13  
Info: MYD88_Q9D8N2_x1 model_1_multimer_v2_p1_230306_131876_recycled_01,  tol = 52.11, pLDDT = 78.65, pTM-score = 0.5485, piTM-score = 0.1353, interface-score = 0.0083, iRes = 23   iCnt = 27  
Info: MYD88_Q9D8N2_x1 model_1_multimer_v2_p1_230306_131876_recycled_02,  tol =  9.80, pLDDT = 79.88, pTM-score = 0.5614, piTM-score = 0.2656, interface-score = 0.0245, iRes = 32   iCnt = 34  
Info: MYD88_Q9D8N2_x1 model_1_multimer_v2_p1_230306_131876_recycled_03,  tol =  3.17, pLDDT = 80.38, pTM-score = 0.5734, piTM-score = 0.3197, interface-score = 0.0632, iRes = 38   iCnt = 43  
Info: MYD88_Q9D8N2_x1 model_1_multimer_v2_p1_230306_131876_recycled_04,  tol =  1.29, pLDDT = 80.33, pTM-score = 0.5762, piTM-score = 0.2667, interface-score = 0.0349, iRes = 38   iCnt = 42  
Info: MYD88_Q9D8N2_x1 model_1_multimer_v2_p1_230306_131876_recycled_05,  tol =  1.29, pLDDT = 80.21, pTM-score = 0.5766, piTM-score = 0.2332, interface-score = 0.0223, iRes = 31   iCnt = 29  
Info: MYD88_Q9D8N2_x1 model_1_multimer_v2_p1_230306_131876_recycled_06,  tol =  1.69, pLDDT = 79.92, pTM-score = 0.5698, piTM-score = 0.2533, interface-score = 0.0206, iRes = 32   iCnt = 36  
Info: MYD88_Q9D8N2_x1 model_1_multimer_v2_p1_230306_131876_recycled_07,  tol =  0.58, pLDDT = 80.28, pTM-score = 0.5836, piTM-score = 0.2595, interface-score = 0.0339, iRes = 36   iCnt = 41  
Info: MYD88_Q9D8N2_x1 model_1_multimer_v2_p1_230306_131876_recycled_08,  tol =  1.04, pLDDT = 80.18, pTM-score = 0.5757, piTM-score = 0.2676, interface-score = 0.0278, iRes = 36   iCnt = 40  
Info: MYD88_Q9D8N2_x1 model_1_multimer_v2_p1_230306_131876_recycled_09,  tol =  1.33, pLDDT = 80.34, pTM-score = 0.5799, piTM-score = 0.2708, interface-score = 0.0313, iRes = 36   iCnt = 42  
Info: MYD88_Q9D8N2_x1 model_1_multimer_v2_p1_230306_131876_recycled_10,  tol =  1.43, pLDDT = 80.64, pTM-score = 0.5839, piTM-score = 0.2932, interface-score = 0.0412, iRes = 38   iCnt = 46  
Info: MYD88_Q9D8N2_x1 model_1_multimer_v2_p1_230306_131876_recycled_11,  tol =  0.34, pLDDT = 80.63, pTM-score = 0.5682, piTM-score = 0.2886, interface-score = 0.0278, iRes = 33   iCnt = 40  
Info: MYD88_Q9D8N2_x1 model_1_multimer_v2_p1_230306_131876_recycled_12,  tol =  1.14, pLDDT = 80.47, pTM-score = 0.5767, piTM-score = 0.2530, interface-score = 0.0252, iRes = 34   iCnt = 40  
Info: MYD88_Q9D8N2_x1 model_1_multimer_v2_p1_230306_131876_recycled_13,  tol =  1.66, pLDDT = 80.32, pTM-score = 0.5777, piTM-score = 0.2686, interface-score = 0.0308, iRes = 37   iCnt = 37  
Info: MYD88_Q9D8N2_x1 model_1_multimer_v2_p1_230306_131876_recycled_14,  tol =  1.21, pLDDT = 80.20, pTM-score = 0.5675, piTM-score = 0.2439, interface-score = 0.0177, iRes = 32   iCnt = 32  
Info: MYD88_Q9D8N2_x1 model_1_multimer_v2_p1_230306_131876_recycled_15,  tol =  0.56, pLDDT = 80.35, pTM-score = 0.5790, piTM-score = 0.2459, interface-score = 0.0257, iRes = 33   iCnt = 34  
Info: MYD88_Q9D8N2_x1 model_1_multimer_v2_p1_230306_131876_recycled_16,  tol =  1.57, pLDDT = 80.13, pTM-score = 0.5777, piTM-score = 0.2764, interface-score = 0.0423, iRes = 38   iCnt = 42  
Info: MYD88_Q9D8N2_x1 model_1_multimer_v2_p1_230306_131876_recycled_17,  tol =  1.33, pLDDT = 80.45, pTM-score = 0.5791, piTM-score = 0.2806, interface-score = 0.0380, iRes = 36   iCnt = 40  
Info: MYD88_Q9D8N2_x1 model_1_multimer_v2_p1_230306_131876_recycled_18,  tol =  0.52, pLDDT = 80.28, pTM-score = 0.5795, piTM-score = 0.2947, interface-score = 0.0378, iRes = 39   iCnt = 44  
Info: MYD88_Q9D8N2_x1 model_1_multimer_v2_p1_230306_131876_recycled_19,  tol =  0.93, pLDDT = 80.03, pTM-score = 0.5770, piTM-score = 0.2305, interface-score = 0.0244, iRes = 32   iCnt = 31  
Info: MYD88_Q9D8N2_x1 model_1_multimer_v2_p1_230306_131876 performed 20 recycles, final tol = 2.59, pLDDT = 80.06, pTM-score = 0.5753, piTM-score = 0.2837, interface-score = 0.0496, iRes = 37   iCnt = 44  
Info: num_clusters = 1, cluster_sizes = [2],  clusters = [['MYD88_MOUSE_0', 'Q9D8N2_0']]

I0306 23:17:11.541681 22567164331840 run_af2c_mod.py:404] Final timings for MYD88_Q9D8N2_x1: {'features': 0.7, 'process_features_model_1_multimer_v2_p1_230306_131876': 0.0, 'predict_and_compile_model_1_multimer_v2_p1_230306_131876': 669.0}
                                  
================================= 
Global information about the job: 
================================= 
  
Job owner: flobnow(42847)
Job name:  1_AF2C
Node list: ravg1031
Job start: Mon Mar  6 23:05:38 CET 2023
Job end:   Mon Mar  6 23:17:13 CET 2023
Work dir:  /raven/u/flobnow/workingLama/scripts/myRuns/Q9D8N2
Command:   /raven/u/flobnow/workingLama/scripts/myRuns/Q9D8N2/script2_comp_model_1.sh
  
  
  
==========================================================================================
Information on jobsteps (Note: MaxRSS/AveRSS is the maximum/average over all 
tasks of the per-task memory high-water marks; cf. "man sacct"): 
==========================================================================================
  
JobID            JobName NNodes NTasks  NCPUS        0.00M        0.00M    Elapsed ExitCode
------------- ---------- ------ ------ ------ ------------ ------------ ---------- --------
4365719           1_AF2C      1           108                             00:11:35      0:0
4365719.0        python3      1      1    108    21067.88M    21067.88M   00:11:31      0:0
  
Maximum memory per node: 22.091270 GB (defined as MaxRSS*Ntasks/NNodes)
CPU utilization: 2.0 %
  
Info: input file name is Q9D8N2
Info: input target list is /u/flobnow/workingLama/scripts/myRuns/Q9D8N2/target.lst
Info: input feature directory is /u/flobnow/workingLama/feature_files
Info: result output directory is /u/flobnow/workingLama/output_files
Info: model preset is multimer_np
Info: msa pairing is all
Info: recycling setting is 1
Info: using preset super2
Info: set num_ensemble = 2
Info: set max_recyles = 20
Info: set recycle_tol = 0.1
Info: mas_pairing mode is all
I0306 23:27:14.998524 23330623539008 tpu_client.py:54] Starting the local TPU driver.
I0306 23:27:14.998901 23330623539008 xla_bridge.py:212] Unable to initialize backend 'tpu_driver': Not found: Unable to find driver in registry given worker: local://
I0306 23:27:15.373275 23330623539008 xla_bridge.py:212] Unable to initialize backend 'tpu': Invalid argument: TpuPlatform is not available.
I0306 23:27:18.194959 23330623539008 run_af2c_mod.py:481] Have 1 models: ['model_2_multimer_v2_p1']
Info: working on target MYD88_Q9D8N2_x1
I0306 23:27:19.196285 23330623539008 run_af2c_mod.py:512] Using random seed 3349166604455287986 for the data pipeline
Info: MYD88_Q9D8N2_x1 found monomer MYD88_MOUSE msa_depth = 3425, seq_len = 296, num_templ = 20
Info: MYD88_MOUSE reducing the number of structural templates to 4
Info: MYD88_Q9D8N2_x1 found monomer Q9D8N2 msa_depth = 1104, seq_len = 357, num_templ = 4
Info: 2 chain(s) to model {'A': 'MYD88_MOUSE_1', 'B': 'Q9D8N2_1'}
Info: modeling MYD88_Q9D8N2_x1 with msa_depth = 3695, seq_len = 653, num_templ = 8
I0306 23:27:19.881830 23330623539008 run_af2c_mod.py:216] Running model model_2_multimer_v2_p1_230306_287986
I0306 23:27:19.882314 23330623539008 model.py:205] Running predict with shape(feat) = {'msa': (3695, 653), 'bert_mask': (3695, 653), 'num_alignments': (), 'aatype': (653,), 'seq_length': (), 'template_aatype': (8, 653), 'template_all_atom_mask': (8, 653, 37), 'template_all_atom_positions': (8, 653, 37, 3), 'all_atom_positions': (653, 37, 3), 'template_domain_names': (8,), 'asym_id': (653,), 'sym_id': (653,), 'entity_id': (653,), 'residue_index': (653,), 'deletion_matrix': (3695, 653), 'seq_mask': (653,), 'msa_mask': (3695, 653), 'cluster_bias_mask': (3695,), 'pdb_residue_index': (653,)}
I0306 23:38:31.582435 23330623539008 run_af2c_mod.py:270] Total JAX model model_2_multimer_v2_p1_230306_287986 predict time (includes compilation time): 671.7 seconds
Info: MYD88_Q9D8N2_x1 model_2_multimer_v2_p1_230306_287986_recycled_00,  tol =   inf, pLDDT = 78.59, pTM-score = 0.5525, piTM-score = 0.3574, interface-score = 0.0239, iRes = 44   iCnt = 67  
Info: MYD88_Q9D8N2_x1 model_2_multimer_v2_p1_230306_287986_recycled_01,  tol = 51.34, pLDDT = 79.76, pTM-score = 0.5479, piTM-score = 0.0000, interface-score = 0.0000, iRes = 0    iCnt = 0   
Info: MYD88_Q9D8N2_x1 model_2_multimer_v2_p1_230306_287986_recycled_02,  tol = 13.95, pLDDT = 79.86, pTM-score = 0.5404, piTM-score = 0.0048, interface-score = 0.0000, iRes = 4    iCnt = 2   
Info: MYD88_Q9D8N2_x1 model_2_multimer_v2_p1_230306_287986_recycled_03,  tol =  5.95, pLDDT = 79.94, pTM-score = 0.5580, piTM-score = 0.0014, interface-score = 0.0000, iRes = 2    iCnt = 1   
Info: MYD88_Q9D8N2_x1 model_2_multimer_v2_p1_230306_287986_recycled_04,  tol = 10.31, pLDDT = 80.01, pTM-score = 0.5654, piTM-score = 0.0496, interface-score = 0.0023, iRes = 21   iCnt = 15  
Info: MYD88_Q9D8N2_x1 model_2_multimer_v2_p1_230306_287986_recycled_05,  tol =  3.56, pLDDT = 79.71, pTM-score = 0.5745, piTM-score = 0.2309, interface-score = 0.0335, iRes = 31   iCnt = 26  
Info: MYD88_Q9D8N2_x1 model_2_multimer_v2_p1_230306_287986_recycled_06,  tol =  5.36, pLDDT = 79.66, pTM-score = 0.5761, piTM-score = 0.2920, interface-score = 0.0407, iRes = 38   iCnt = 31  
Info: MYD88_Q9D8N2_x1 model_2_multimer_v2_p1_230306_287986_recycled_07,  tol =  3.22, pLDDT = 80.40, pTM-score = 0.5727, piTM-score = 0.2644, interface-score = 0.0290, iRes = 34   iCnt = 25  
Info: MYD88_Q9D8N2_x1 model_2_multimer_v2_p1_230306_287986_recycled_08,  tol =  2.41, pLDDT = 80.43, pTM-score = 0.5813, piTM-score = 0.2965, interface-score = 0.0472, iRes = 36   iCnt = 33  
Info: MYD88_Q9D8N2_x1 model_2_multimer_v2_p1_230306_287986_recycled_09,  tol =  0.90, pLDDT = 80.23, pTM-score = 0.5775, piTM-score = 0.2152, interface-score = 0.0174, iRes = 28   iCnt = 22  
Info: MYD88_Q9D8N2_x1 model_2_multimer_v2_p1_230306_287986_recycled_10,  tol =  1.70, pLDDT = 80.53, pTM-score = 0.5898, piTM-score = 0.2453, interface-score = 0.0461, iRes = 33   iCnt = 34  
Info: MYD88_Q9D8N2_x1 model_2_multimer_v2_p1_230306_287986_recycled_11,  tol =  1.98, pLDDT = 80.58, pTM-score = 0.5863, piTM-score = 0.2405, interface-score = 0.0277, iRes = 31   iCnt = 26  
Info: MYD88_Q9D8N2_x1 model_2_multimer_v2_p1_230306_287986_recycled_12,  tol =  1.51, pLDDT = 80.20, pTM-score = 0.5841, piTM-score = 0.2189, interface-score = 0.0345, iRes = 29   iCnt = 24  
Info: MYD88_Q9D8N2_x1 model_2_multimer_v2_p1_230306_287986_recycled_13,  tol =  1.56, pLDDT = 80.40, pTM-score = 0.5848, piTM-score = 0.2253, interface-score = 0.0346, iRes = 29   iCnt = 22  
Info: MYD88_Q9D8N2_x1 model_2_multimer_v2_p1_230306_287986_recycled_14,  tol =  0.55, pLDDT = 80.41, pTM-score = 0.5894, piTM-score = 0.2974, interface-score = 0.0568, iRes = 40   iCnt = 34  
Info: MYD88_Q9D8N2_x1 model_2_multimer_v2_p1_230306_287986_recycled_15,  tol =  0.80, pLDDT = 80.09, pTM-score = 0.5811, piTM-score = 0.2575, interface-score = 0.0281, iRes = 33   iCnt = 27  
Info: MYD88_Q9D8N2_x1 model_2_multimer_v2_p1_230306_287986_recycled_16,  tol =  2.24, pLDDT = 79.60, pTM-score = 0.5720, piTM-score = 0.1295, interface-score = 0.0073, iRes = 23   iCnt = 16  
Info: MYD88_Q9D8N2_x1 model_2_multimer_v2_p1_230306_287986_recycled_17,  tol =  4.47, pLDDT = 81.05, pTM-score = 0.6087, piTM-score = 0.3452, interface-score = 0.1252, iRes = 49   iCnt = 47  
Info: MYD88_Q9D8N2_x1 model_2_multimer_v2_p1_230306_287986_recycled_18,  tol =  7.76, pLDDT = 80.64, pTM-score = 0.5853, piTM-score = 0.2803, interface-score = 0.0264, iRes = 32   iCnt = 25  
Info: MYD88_Q9D8N2_x1 model_2_multimer_v2_p1_230306_287986_recycled_19,  tol =  3.57, pLDDT = 79.88, pTM-score = 0.5735, piTM-score = 0.2523, interface-score = 0.0208, iRes = 30   iCnt = 20  
Info: MYD88_Q9D8N2_x1 model_2_multimer_v2_p1_230306_287986 performed 20 recycles, final tol = 1.13, pLDDT = 80.49, pTM-score = 0.5871, piTM-score = 0.2463, interface-score = 0.0440, iRes = 32   iCnt = 30  
Info: num_clusters = 1, cluster_sizes = [2],  clusters = [['MYD88_MOUSE_0', 'Q9D8N2_0']]

I0306 23:38:34.345406 23330623539008 run_af2c_mod.py:404] Final timings for MYD88_Q9D8N2_x1: {'features': 0.68, 'process_features_model_2_multimer_v2_p1_230306_287986': 0.0, 'predict_and_compile_model_2_multimer_v2_p1_230306_287986': 671.7}
                                  
================================= 
Global information about the job: 
================================= 
  
Job owner: flobnow(42847)
Job name:  2_AF2C
Node list: ravg1024
Job start: Mon Mar  6 23:27:04 CET 2023
Job end:   Mon Mar  6 23:38:36 CET 2023
Work dir:  /raven/u/flobnow/workingLama/scripts/myRuns/Q9D8N2
Command:   /raven/u/flobnow/workingLama/scripts/myRuns/Q9D8N2/script2_comp_model_2.sh
  
  
  
==========================================================================================
Information on jobsteps (Note: MaxRSS/AveRSS is the maximum/average over all 
tasks of the per-task memory high-water marks; cf. "man sacct"): 
==========================================================================================
  
JobID            JobName NNodes NTasks  NCPUS        0.00M        0.00M    Elapsed ExitCode
------------- ---------- ------ ------ ------ ------------ ------------ ---------- --------
4365738           2_AF2C      1           108                             00:11:32      0:0
4365738.0        python3      1      1    108    21163.01M    21163.01M   00:11:28      0:0
  
Maximum memory per node: 22.191020 GB (defined as MaxRSS*Ntasks/NNodes)
CPU utilization: 1.9 %
  
Info: input file name is Q9D8N2
Info: input target list is /u/flobnow/workingLama/scripts/myRuns/Q9D8N2/target.lst
Info: input feature directory is /u/flobnow/workingLama/feature_files
Info: result output directory is /u/flobnow/workingLama/output_files
Info: model preset is multimer_np
Info: msa pairing is all
Info: recycling setting is 1
Info: using preset super2
Info: set num_ensemble = 2
Info: set max_recyles = 20
Info: set recycle_tol = 0.1
Info: mas_pairing mode is all
I0306 23:55:34.091307 22539198723904 tpu_client.py:54] Starting the local TPU driver.
I0306 23:55:34.091726 22539198723904 xla_bridge.py:212] Unable to initialize backend 'tpu_driver': Not found: Unable to find driver in registry given worker: local://
I0306 23:55:34.465251 22539198723904 xla_bridge.py:212] Unable to initialize backend 'tpu': Invalid argument: TpuPlatform is not available.
I0306 23:55:37.260940 22539198723904 run_af2c_mod.py:481] Have 1 models: ['model_3_multimer_v2_p1']
Info: working on target MYD88_Q9D8N2_x1
I0306 23:55:42.266586 22539198723904 run_af2c_mod.py:512] Using random seed 6472375761458545649 for the data pipeline
Info: MYD88_Q9D8N2_x1 found monomer MYD88_MOUSE msa_depth = 3425, seq_len = 296, num_templ = 20
Info: MYD88_MOUSE reducing the number of structural templates to 4
Info: MYD88_Q9D8N2_x1 found monomer Q9D8N2 msa_depth = 1104, seq_len = 357, num_templ = 4
Info: 2 chain(s) to model {'A': 'MYD88_MOUSE_1', 'B': 'Q9D8N2_1'}
Info: modeling MYD88_Q9D8N2_x1 with msa_depth = 3695, seq_len = 653, num_templ = 8
I0306 23:55:42.941390 22539198723904 run_af2c_mod.py:216] Running model model_3_multimer_v2_p1_230306_545649
I0306 23:55:42.941874 22539198723904 model.py:205] Running predict with shape(feat) = {'msa': (3695, 653), 'bert_mask': (3695, 653), 'num_alignments': (), 'aatype': (653,), 'seq_length': (), 'template_aatype': (8, 653), 'template_all_atom_mask': (8, 653, 37), 'template_all_atom_positions': (8, 653, 37, 3), 'all_atom_positions': (653, 37, 3), 'template_domain_names': (8,), 'asym_id': (653,), 'sym_id': (653,), 'entity_id': (653,), 'residue_index': (653,), 'deletion_matrix': (3695, 653), 'seq_mask': (653,), 'msa_mask': (3695, 653), 'cluster_bias_mask': (3695,), 'pdb_residue_index': (653,)}
I0307 00:06:47.041468 22539198723904 run_af2c_mod.py:270] Total JAX model model_3_multimer_v2_p1_230306_545649 predict time (includes compilation time): 664.1 seconds
Info: MYD88_Q9D8N2_x1 model_3_multimer_v2_p1_230306_545649_recycled_00,  tol =   inf, pLDDT = 78.43, pTM-score = 0.6043, piTM-score = 0.0179, interface-score = 0.0025, iRes = 10   iCnt = 7   
Info: MYD88_Q9D8N2_x1 model_3_multimer_v2_p1_230306_545649_recycled_01,  tol = 51.47, pLDDT = 78.00, pTM-score = 0.7016, piTM-score = 0.3193, interface-score = 0.2094, iRes = 33   iCnt = 29  
Info: MYD88_Q9D8N2_x1 model_3_multimer_v2_p1_230306_545649_recycled_02,  tol = 10.22, pLDDT = 80.55, pTM-score = 0.5747, piTM-score = 0.0457, interface-score = 0.0019, iRes = 17   iCnt = 13  
Info: MYD88_Q9D8N2_x1 model_3_multimer_v2_p1_230306_545649_recycled_03,  tol =  4.28, pLDDT = 80.61, pTM-score = 0.5723, piTM-score = 0.0568, interface-score = 0.0026, iRes = 20   iCnt = 20  
Info: MYD88_Q9D8N2_x1 model_3_multimer_v2_p1_230306_545649_recycled_04,  tol =  2.07, pLDDT = 80.51, pTM-score = 0.5761, piTM-score = 0.0873, interface-score = 0.0061, iRes = 22   iCnt = 19  
Info: MYD88_Q9D8N2_x1 model_3_multimer_v2_p1_230306_545649_recycled_05,  tol =  2.13, pLDDT = 80.76, pTM-score = 0.5776, piTM-score = 0.2614, interface-score = 0.0268, iRes = 34   iCnt = 39  
Info: MYD88_Q9D8N2_x1 model_3_multimer_v2_p1_230306_545649_recycled_06,  tol =  3.82, pLDDT = 81.44, pTM-score = 0.5838, piTM-score = 0.2781, interface-score = 0.0383, iRes = 36   iCnt = 39  
Info: MYD88_Q9D8N2_x1 model_3_multimer_v2_p1_230306_545649_recycled_07,  tol =  1.29, pLDDT = 81.22, pTM-score = 0.5822, piTM-score = 0.2586, interface-score = 0.0308, iRes = 31   iCnt = 33  
Info: MYD88_Q9D8N2_x1 model_3_multimer_v2_p1_230306_545649_recycled_08,  tol =  0.79, pLDDT = 81.34, pTM-score = 0.5850, piTM-score = 0.2514, interface-score = 0.0478, iRes = 32   iCnt = 34  
Info: MYD88_Q9D8N2_x1 model_3_multimer_v2_p1_230306_545649_recycled_09,  tol =  0.73, pLDDT = 81.03, pTM-score = 0.5846, piTM-score = 0.2724, interface-score = 0.0332, iRes = 35   iCnt = 39  
Info: MYD88_Q9D8N2_x1 model_3_multimer_v2_p1_230306_545649_recycled_10,  tol =  1.43, pLDDT = 81.18, pTM-score = 0.5896, piTM-score = 0.2983, interface-score = 0.0459, iRes = 41   iCnt = 45  
Info: MYD88_Q9D8N2_x1 model_3_multimer_v2_p1_230306_545649_recycled_11,  tol =  1.04, pLDDT = 81.41, pTM-score = 0.5860, piTM-score = 0.2399, interface-score = 0.0642, iRes = 31   iCnt = 35  
Info: MYD88_Q9D8N2_x1 model_3_multimer_v2_p1_230306_545649_recycled_12,  tol =  2.33, pLDDT = 81.44, pTM-score = 0.5823, piTM-score = 0.2462, interface-score = 0.0281, iRes = 31   iCnt = 29  
Info: MYD88_Q9D8N2_x1 model_3_multimer_v2_p1_230306_545649_recycled_13,  tol =  2.00, pLDDT = 81.26, pTM-score = 0.5785, piTM-score = 0.2493, interface-score = 0.0235, iRes = 33   iCnt = 34  
Info: MYD88_Q9D8N2_x1 model_3_multimer_v2_p1_230306_545649_recycled_14,  tol =  1.33, pLDDT = 80.82, pTM-score = 0.5765, piTM-score = 0.2595, interface-score = 0.0254, iRes = 34   iCnt = 37  
Info: MYD88_Q9D8N2_x1 model_3_multimer_v2_p1_230306_545649_recycled_15,  tol =  1.57, pLDDT = 80.95, pTM-score = 0.5843, piTM-score = 0.2825, interface-score = 0.0416, iRes = 39   iCnt = 41  
Info: MYD88_Q9D8N2_x1 model_3_multimer_v2_p1_230306_545649_recycled_16,  tol =  1.51, pLDDT = 81.43, pTM-score = 0.5828, piTM-score = 0.2705, interface-score = 0.0324, iRes = 36   iCnt = 36  
Info: MYD88_Q9D8N2_x1 model_3_multimer_v2_p1_230306_545649_recycled_17,  tol =  0.98, pLDDT = 80.91, pTM-score = 0.5722, piTM-score = 0.1829, interface-score = 0.0089, iRes = 25   iCnt = 24  
Info: MYD88_Q9D8N2_x1 model_3_multimer_v2_p1_230306_545649_recycled_18,  tol =  2.33, pLDDT = 80.87, pTM-score = 0.5820, piTM-score = 0.2715, interface-score = 0.0313, iRes = 34   iCnt = 38  
Info: MYD88_Q9D8N2_x1 model_3_multimer_v2_p1_230306_545649_recycled_19,  tol =  1.54, pLDDT = 81.01, pTM-score = 0.5801, piTM-score = 0.2743, interface-score = 0.0574, iRes = 36   iCnt = 42  
Info: MYD88_Q9D8N2_x1 model_3_multimer_v2_p1_230306_545649 performed 20 recycles, final tol = 1.87, pLDDT = 81.06, pTM-score = 0.5755, piTM-score = 0.2569, interface-score = 0.0283, iRes = 30   iCnt = 31  
Info: num_clusters = 1, cluster_sizes = [2],  clusters = [['MYD88_MOUSE_0', 'Q9D8N2_0']]

I0307 00:06:49.879989 22539198723904 run_af2c_mod.py:404] Final timings for MYD88_Q9D8N2_x1: {'features': 0.67, 'process_features_model_3_multimer_v2_p1_230306_545649': 0.0, 'predict_and_compile_model_3_multimer_v2_p1_230306_545649': 664.1}
                                  
================================= 
Global information about the job: 
================================= 
  
Job owner: flobnow(42847)
Job name:  3_AF2C
Node list: ravg1075
Job start: Mon Mar  6 23:55:26 CET 2023
Job end:   Tue Mar  7 00:06:51 CET 2023
Work dir:  /raven/u/flobnow/workingLama/scripts/myRuns/Q9D8N2
Command:   /raven/u/flobnow/workingLama/scripts/myRuns/Q9D8N2/script2_comp_model_3.sh
  
  
  
==========================================================================================
Information on jobsteps (Note: MaxRSS/AveRSS is the maximum/average over all 
tasks of the per-task memory high-water marks; cf. "man sacct"): 
==========================================================================================
  
JobID            JobName NNodes NTasks  NCPUS        0.00M        0.00M    Elapsed ExitCode
------------- ---------- ------ ------ ------ ------------ ------------ ---------- --------
4365761           3_AF2C      1           108                             00:11:25      0:0
4365761.0        python3      1      1    108    21294.46M    21294.46M   00:11:23      0:0
  
Maximum memory per node: 22.328858 GB (defined as MaxRSS*Ntasks/NNodes)
CPU utilization: 1.9 %
  
Info: target file is /u/flobnow/workingLama/scripts/myRuns/Q9D8N2/target.lst
Info: input directory of unrelaxed models is /u/flobnow/workingLama/output_files
Info: output directory of relaxed models is /u/flobnow/workingLama/output_files
/bin/sh: /mpcdf/soft/SLE_15/packages/x86_64/alphafold/2.2.0/lib/libtinfo.so.6: no version information available (required by /lib64/libreadline.so.7)
I0307 20:05:34.546653 22537759237952 run_af2c_min.py:88] MYD88_Q9D8N2_x1 processing model_3_multimer_v2_p1_230306_545649.pdb
sh: /mpcdf/soft/SLE_15/packages/x86_64/alphafold/2.2.0/lib/libtinfo.so.6: no version information available (required by /lib64/libreadline.so.7)
sh: /mpcdf/soft/SLE_15/packages/x86_64/alphafold/2.2.0/lib/libtinfo.so.6: no version information available (required by /lib64/libreadline.so.7)
I0307 20:05:43.837150 22537759237952 amber_minimize.py:177] alterations info: {'nonstandard_residues': [], 'removed_heterogens': set(), 'missing_residues': {}, 'missing_heavy_atoms': {}, 'missing_terminals': {<Residue 295 (PRO) of chain 0>: ['OXT'], <Residue 652 (VAL) of chain 1>: ['OXT']}, 'Se_in_MET': [], 'removed_chains': {0: []}}
I0307 20:05:44.882184 22537759237952 amber_minimize.py:408] Minimizing protein, attempt 1 of 100.
I0307 20:05:45.981646 22537759237952 amber_minimize.py:69] Restraining 5210 / 10485 particles.
sh: /mpcdf/soft/SLE_15/packages/x86_64/alphafold/2.2.0/lib/libtinfo.so.6: no version information available (required by /lib64/libreadline.so.7)
I0307 20:06:34.906584 22537759237952 amber_minimize.py:177] alterations info: {'nonstandard_residues': [], 'removed_heterogens': set(), 'missing_residues': {}, 'missing_heavy_atoms': {}, 'missing_terminals': {}, 'Se_in_MET': [], 'removed_chains': {0: []}}
I0307 20:06:35.867431 22537759237952 tpu_client.py:54] Starting the local TPU driver.
I0307 20:06:35.867728 22537759237952 xla_bridge.py:212] Unable to initialize backend 'tpu_driver': Not found: Unable to find driver in registry given worker: local://
I0307 20:06:36.093181 22537759237952 xla_bridge.py:212] Unable to initialize backend 'tpu': Invalid argument: TpuPlatform is not available.
I0307 20:06:45.623368 22537759237952 amber_minimize.py:500] Iteration completed: Einit 52335.28 Efinal -13651.67 Time 44.32 s num residue violations 0 num residue exclusions 0 
sh: /mpcdf/soft/SLE_15/packages/x86_64/alphafold/2.2.0/lib/libtinfo.so.6: no version information available (required by /lib64/libreadline.so.7)
sh: /mpcdf/soft/SLE_15/packages/x86_64/alphafold/2.2.0/lib/libtinfo.so.6: no version information available (required by /lib64/libreadline.so.7)
I0307 20:06:51.530372 22537759237952 amber_minimize.py:177] alterations info: {'nonstandard_residues': [], 'removed_heterogens': set(), 'missing_residues': {}, 'missing_heavy_atoms': {}, 'missing_terminals': {<Residue 295 (PRO) of chain 0>: ['OXT'], <Residue 652 (VAL) of chain 1>: ['OXT']}, 'Se_in_MET': [], 'removed_chains': {0: []}}
I0307 20:06:53.651604 22537759237952 run_af2c_min.py:110] MYD88_Q9D8N2_x1 relaxation done, time spent 78.8 seconds, Efinal -13651.67, rmsd 0.43
I0307 20:06:53.651728 22537759237952 run_af2c_min.py:88] MYD88_Q9D8N2_x1 processing model_2_multimer_v2_p1_230306_287986.pdb
sh: /mpcdf/soft/SLE_15/packages/x86_64/alphafold/2.2.0/lib/libtinfo.so.6: no version information available (required by /lib64/libreadline.so.7)
sh: /mpcdf/soft/SLE_15/packages/x86_64/alphafold/2.2.0/lib/libtinfo.so.6: no version information available (required by /lib64/libreadline.so.7)
I0307 20:06:59.529518 22537759237952 amber_minimize.py:177] alterations info: {'nonstandard_residues': [], 'removed_heterogens': set(), 'missing_residues': {}, 'missing_heavy_atoms': {}, 'missing_terminals': {<Residue 295 (PRO) of chain 0>: ['OXT'], <Residue 652 (VAL) of chain 1>: ['OXT']}, 'Se_in_MET': [], 'removed_chains': {0: []}}
I0307 20:07:00.528116 22537759237952 amber_minimize.py:408] Minimizing protein, attempt 1 of 100.
I0307 20:07:01.623684 22537759237952 amber_minimize.py:69] Restraining 5210 / 10485 particles.
sh: /mpcdf/soft/SLE_15/packages/x86_64/alphafold/2.2.0/lib/libtinfo.so.6: no version information available (required by /lib64/libreadline.so.7)
I0307 20:07:55.534522 22537759237952 amber_minimize.py:177] alterations info: {'nonstandard_residues': [], 'removed_heterogens': set(), 'missing_residues': {}, 'missing_heavy_atoms': {}, 'missing_terminals': {}, 'Se_in_MET': [], 'removed_chains': {0: []}}
I0307 20:07:57.931974 22537759237952 amber_minimize.py:500] Iteration completed: Einit 15884656535.09 Efinal -13550.33 Time 49.42 s num residue violations 0 num residue exclusions 0 
sh: /mpcdf/soft/SLE_15/packages/x86_64/alphafold/2.2.0/lib/libtinfo.so.6: no version information available (required by /lib64/libreadline.so.7)
sh: /mpcdf/soft/SLE_15/packages/x86_64/alphafold/2.2.0/lib/libtinfo.so.6: no version information available (required by /lib64/libreadline.so.7)
I0307 20:08:03.769006 22537759237952 amber_minimize.py:177] alterations info: {'nonstandard_residues': [], 'removed_heterogens': set(), 'missing_residues': {}, 'missing_heavy_atoms': {}, 'missing_terminals': {<Residue 295 (PRO) of chain 0>: ['OXT'], <Residue 652 (VAL) of chain 1>: ['OXT']}, 'Se_in_MET': [], 'removed_chains': {0: []}}
I0307 20:08:05.786213 22537759237952 run_af2c_min.py:110] MYD88_Q9D8N2_x1 relaxation done, time spent 71.8 seconds, Efinal -13550.33, rmsd 0.44
I0307 20:08:05.786467 22537759237952 run_af2c_min.py:88] MYD88_Q9D8N2_x1 processing model_1_multimer_v2_p1_230306_131876.pdb
sh: /mpcdf/soft/SLE_15/packages/x86_64/alphafold/2.2.0/lib/libtinfo.so.6: no version information available (required by /lib64/libreadline.so.7)
sh: /mpcdf/soft/SLE_15/packages/x86_64/alphafold/2.2.0/lib/libtinfo.so.6: no version information available (required by /lib64/libreadline.so.7)
I0307 20:08:11.729504 22537759237952 amber_minimize.py:177] alterations info: {'nonstandard_residues': [], 'removed_heterogens': set(), 'missing_residues': {}, 'missing_heavy_atoms': {}, 'missing_terminals': {<Residue 295 (PRO) of chain 0>: ['OXT'], <Residue 652 (VAL) of chain 1>: ['OXT']}, 'Se_in_MET': [], 'removed_chains': {0: []}}
I0307 20:08:12.709056 22537759237952 amber_minimize.py:408] Minimizing protein, attempt 1 of 100.
I0307 20:08:13.781964 22537759237952 amber_minimize.py:69] Restraining 5210 / 10485 particles.
sh: /mpcdf/soft/SLE_15/packages/x86_64/alphafold/2.2.0/lib/libtinfo.so.6: no version information available (required by /lib64/libreadline.so.7)
I0307 20:09:04.924397 22537759237952 amber_minimize.py:177] alterations info: {'nonstandard_residues': [], 'removed_heterogens': set(), 'missing_residues': {}, 'missing_heavy_atoms': {}, 'missing_terminals': {}, 'Se_in_MET': [], 'removed_chains': {0: []}}
I0307 20:09:07.298524 22537759237952 amber_minimize.py:500] Iteration completed: Einit 1870884.69 Efinal -13688.64 Time 46.72 s num residue violations 0 num residue exclusions 0 
sh: /mpcdf/soft/SLE_15/packages/x86_64/alphafold/2.2.0/lib/libtinfo.so.6: no version information available (required by /lib64/libreadline.so.7)
sh: /mpcdf/soft/SLE_15/packages/x86_64/alphafold/2.2.0/lib/libtinfo.so.6: no version information available (required by /lib64/libreadline.so.7)
I0307 20:09:12.959130 22537759237952 amber_minimize.py:177] alterations info: {'nonstandard_residues': [], 'removed_heterogens': set(), 'missing_residues': {}, 'missing_heavy_atoms': {}, 'missing_terminals': {<Residue 295 (PRO) of chain 0>: ['OXT'], <Residue 652 (VAL) of chain 1>: ['OXT']}, 'Se_in_MET': [], 'removed_chains': {0: []}}
I0307 20:09:15.058219 22537759237952 run_af2c_min.py:110] MYD88_Q9D8N2_x1 relaxation done, time spent 68.8 seconds, Efinal -13688.64, rmsd 0.43
                                  
================================= 
Global information about the job: 
================================= 
  
Job owner: flobnow(42847)
Job name:  6_RLX
Node list: ravg1069
Job start: Tue Mar  7 20:05:28 CET 2023
Job end:   Tue Mar  7 20:09:15 CET 2023
Work dir:  /raven/u/flobnow/workingLama/scripts/myRuns/Q9D8N2
Command:   /raven/u/flobnow/workingLama/scripts/myRuns/Q9D8N2/script3_relaxation.sh
  
  
  
==========================================================================================
Information on jobsteps (Note: MaxRSS/AveRSS is the maximum/average over all 
tasks of the per-task memory high-water marks; cf. "man sacct"): 
==========================================================================================
  
JobID            JobName NNodes NTasks  NCPUS        0.00M        0.00M    Elapsed ExitCode
------------- ---------- ------ ------ ------ ------------ ------------ ---------- --------
4375133            6_RLX      1           108                             00:03:47      0:0
4375133.0        python3      1      1    108    13168.95M    13168.95M   00:03:45      0:0
  
Maximum memory per node: 13.808646 GB (defined as MaxRSS*Ntasks/NNodes)
CPU utilization: 59.3 %
  
Info: input file name is Q9D8N2
Info: input target list is /u/flobnow/workingLama/scripts/myRuns/Q9D8N2/target.lst
Info: input feature directory is /u/flobnow/workingLama/feature_files
Info: result output directory is /u/flobnow/workingLama/output_files
Info: model preset is multimer_np
Info: msa pairing is all
Info: recycling setting is 1
Info: using preset super2
Info: set num_ensemble = 2
Info: set max_recyles = 20
Info: set recycle_tol = 0.1
Info: mas_pairing mode is all
I0309 13:03:10.723198 22566196680512 tpu_client.py:54] Starting the local TPU driver.
I0309 13:03:10.723559 22566196680512 xla_bridge.py:212] Unable to initialize backend 'tpu_driver': Not found: Unable to find driver in registry given worker: local://
I0309 13:03:11.067622 22566196680512 xla_bridge.py:212] Unable to initialize backend 'tpu': Invalid argument: TpuPlatform is not available.
I0309 13:03:13.827087 22566196680512 run_af2c_mod.py:481] Have 1 models: ['model_4_multimer_v2_p1']
Info: working on target MYD88_Q9D8N2_x1
I0309 13:03:14.828307 22566196680512 run_af2c_mod.py:512] Using random seed 2873517140817546634 for the data pipeline
Info: MYD88_Q9D8N2_x1 found monomer MYD88_MOUSE msa_depth = 3425, seq_len = 296, num_templ = 20
Info: MYD88_MOUSE reducing the number of structural templates to 4
Info: MYD88_Q9D8N2_x1 found monomer Q9D8N2 msa_depth = 1104, seq_len = 357, num_templ = 4
Info: 2 chain(s) to model {'A': 'MYD88_MOUSE_1', 'B': 'Q9D8N2_1'}
Info: modeling MYD88_Q9D8N2_x1 with msa_depth = 3695, seq_len = 653, num_templ = 8
I0309 13:03:15.480191 22566196680512 run_af2c_mod.py:216] Running model model_4_multimer_v2_p1_230309_546634
I0309 13:03:15.480678 22566196680512 model.py:205] Running predict with shape(feat) = {'msa': (3695, 653), 'bert_mask': (3695, 653), 'num_alignments': (), 'aatype': (653,), 'seq_length': (), 'template_aatype': (8, 653), 'template_all_atom_mask': (8, 653, 37), 'template_all_atom_positions': (8, 653, 37, 3), 'all_atom_positions': (653, 37, 3), 'template_domain_names': (8,), 'asym_id': (653,), 'sym_id': (653,), 'entity_id': (653,), 'residue_index': (653,), 'deletion_matrix': (3695, 653), 'seq_mask': (653,), 'msa_mask': (3695, 653), 'cluster_bias_mask': (3695,), 'pdb_residue_index': (653,)}
I0309 13:14:24.962389 22566196680512 run_af2c_mod.py:270] Total JAX model model_4_multimer_v2_p1_230309_546634 predict time (includes compilation time): 669.5 seconds
Info: MYD88_Q9D8N2_x1 model_4_multimer_v2_p1_230309_546634_recycled_00,  tol =   inf, pLDDT = 78.41, pTM-score = 0.5381, piTM-score = 0.0000, interface-score = 0.0000, iRes = 0    iCnt = 0   
Info: MYD88_Q9D8N2_x1 model_4_multimer_v2_p1_230309_546634_recycled_01,  tol = 51.03, pLDDT = 79.06, pTM-score = 0.5359, piTM-score = 0.0000, interface-score = 0.0000, iRes = 0    iCnt = 0   
Info: MYD88_Q9D8N2_x1 model_4_multimer_v2_p1_230309_546634_recycled_02,  tol =  3.53, pLDDT = 81.20, pTM-score = 0.5438, piTM-score = 0.0000, interface-score = 0.0000, iRes = 0    iCnt = 0   
Info: MYD88_Q9D8N2_x1 model_4_multimer_v2_p1_230309_546634_recycled_03,  tol =  3.67, pLDDT = 80.83, pTM-score = 0.5452, piTM-score = 0.0323, interface-score = 0.0003, iRes = 13   iCnt = 9   
Info: MYD88_Q9D8N2_x1 model_4_multimer_v2_p1_230309_546634_recycled_04,  tol =  1.92, pLDDT = 81.20, pTM-score = 0.5582, piTM-score = 0.0614, interface-score = 0.0048, iRes = 20   iCnt = 19  
Info: MYD88_Q9D8N2_x1 model_4_multimer_v2_p1_230309_546634_recycled_05,  tol =  4.10, pLDDT = 81.11, pTM-score = 0.5579, piTM-score = 0.0588, interface-score = 0.0014, iRes = 18   iCnt = 17  
Info: MYD88_Q9D8N2_x1 model_4_multimer_v2_p1_230309_546634_recycled_06,  tol =  1.46, pLDDT = 81.17, pTM-score = 0.5537, piTM-score = 0.0612, interface-score = 0.0008, iRes = 20   iCnt = 21  
Info: MYD88_Q9D8N2_x1 model_4_multimer_v2_p1_230309_546634_recycled_07,  tol =  2.43, pLDDT = 81.00, pTM-score = 0.5563, piTM-score = 0.1233, interface-score = 0.0030, iRes = 23   iCnt = 23  
Info: MYD88_Q9D8N2_x1 model_4_multimer_v2_p1_230309_546634_recycled_08,  tol =  1.16, pLDDT = 81.18, pTM-score = 0.5650, piTM-score = 0.1886, interface-score = 0.0212, iRes = 26   iCnt = 25  
Info: MYD88_Q9D8N2_x1 model_4_multimer_v2_p1_230309_546634_recycled_09,  tol =  2.08, pLDDT = 81.30, pTM-score = 0.5654, piTM-score = 0.1191, interface-score = 0.0056, iRes = 23   iCnt = 18  
Info: MYD88_Q9D8N2_x1 model_4_multimer_v2_p1_230309_546634_recycled_10,  tol =  1.14, pLDDT = 81.41, pTM-score = 0.5653, piTM-score = 0.1194, interface-score = 0.0108, iRes = 23   iCnt = 20  
Info: MYD88_Q9D8N2_x1 model_4_multimer_v2_p1_230309_546634_recycled_11,  tol =  1.40, pLDDT = 81.59, pTM-score = 0.5586, piTM-score = 0.0457, interface-score = 0.0011, iRes = 15   iCnt = 14  
Info: MYD88_Q9D8N2_x1 model_4_multimer_v2_p1_230309_546634_recycled_12,  tol =  1.51, pLDDT = 81.76, pTM-score = 0.5604, piTM-score = 0.0347, interface-score = 0.0023, iRes = 14   iCnt = 13  
Info: MYD88_Q9D8N2_x1 model_4_multimer_v2_p1_230309_546634_recycled_13,  tol =  1.23, pLDDT = 81.50, pTM-score = 0.5587, piTM-score = 0.0415, interface-score = 0.0014, iRes = 16   iCnt = 13  
Info: MYD88_Q9D8N2_x1 model_4_multimer_v2_p1_230309_546634_recycled_14,  tol =  1.02, pLDDT = 81.53, pTM-score = 0.5569, piTM-score = 0.0444, interface-score = 0.0014, iRes = 15   iCnt = 13  
Info: MYD88_Q9D8N2_x1 model_4_multimer_v2_p1_230309_546634_recycled_15,  tol =  0.59, pLDDT = 81.44, pTM-score = 0.5566, piTM-score = 0.0448, interface-score = 0.0016, iRes = 15   iCnt = 15  
Info: MYD88_Q9D8N2_x1 model_4_multimer_v2_p1_230309_546634_recycled_16,  tol =  0.74, pLDDT = 81.42, pTM-score = 0.5588, piTM-score = 0.0457, interface-score = 0.0018, iRes = 15   iCnt = 14  
Info: MYD88_Q9D8N2_x1 model_4_multimer_v2_p1_230309_546634_recycled_17,  tol =  0.42, pLDDT = 81.36, pTM-score = 0.5584, piTM-score = 0.0537, interface-score = 0.0029, iRes = 18   iCnt = 17  
Info: MYD88_Q9D8N2_x1 model_4_multimer_v2_p1_230309_546634_recycled_18,  tol =  0.54, pLDDT = 81.42, pTM-score = 0.5536, piTM-score = 0.0319, interface-score = 0.0009, iRes = 13   iCnt = 10  
Info: MYD88_Q9D8N2_x1 model_4_multimer_v2_p1_230309_546634_recycled_19,  tol =  1.45, pLDDT = 81.21, pTM-score = 0.5562, piTM-score = 0.0510, interface-score = 0.0028, iRes = 16   iCnt = 15  
Info: MYD88_Q9D8N2_x1 model_4_multimer_v2_p1_230309_546634 performed 20 recycles, final tol = 1.02, pLDDT = 81.12, pTM-score = 0.5591, piTM-score = 0.0365, interface-score = 0.0016, iRes = 16   iCnt = 14  
Info: num_clusters = 1, cluster_sizes = [2],  clusters = [['MYD88_MOUSE_0', 'Q9D8N2_0']]

I0309 13:14:27.644380 22566196680512 run_af2c_mod.py:404] Final timings for MYD88_Q9D8N2_x1: {'features': 0.65, 'process_features_model_4_multimer_v2_p1_230309_546634': 0.0, 'predict_and_compile_model_4_multimer_v2_p1_230309_546634': 669.5}
                                  
================================= 
Global information about the job: 
================================= 
  
Job owner: flobnow(42847)
Job name:  4_AF2C
Node list: ravg1097
Job start: Thu Mar  9 13:03:00 CET 2023
Job end:   Thu Mar  9 13:14:29 CET 2023
Work dir:  /raven/u/flobnow/workingLama/scripts/myRuns/Q9D8N2
Command:   /raven/u/flobnow/workingLama/scripts/myRuns/Q9D8N2/script2_comp_model_4.sh
  
  
  
==========================================================================================
Information on jobsteps (Note: MaxRSS/AveRSS is the maximum/average over all 
tasks of the per-task memory high-water marks; cf. "man sacct"): 
==========================================================================================
  
JobID            JobName NNodes NTasks  NCPUS        0.00M        0.00M    Elapsed ExitCode
------------- ---------- ------ ------ ------ ------------ ------------ ---------- --------
4388076           4_AF2C      1           108                             00:11:29      0:0
4388076.0        python3      1      1    108    21221.11M    21221.11M   00:11:25      0:0
  
Maximum memory per node: 22.251945 GB (defined as MaxRSS*Ntasks/NNodes)
CPU utilization: 1.9 %
  
Info: input file name is Q9D8N2
Info: input target list is /u/flobnow/workingLama/scripts/myRuns/Q9D8N2/target.lst
Info: input feature directory is /u/flobnow/workingLama/feature_files
Info: result output directory is /u/flobnow/workingLama/output_files
Info: model preset is multimer_np
Info: msa pairing is all
Info: recycling setting is 1
Info: using preset super2
Info: set num_ensemble = 2
Info: set max_recyles = 20
Info: set recycle_tol = 0.1
Info: mas_pairing mode is all
I0309 13:08:37.144599 22701764179776 tpu_client.py:54] Starting the local TPU driver.
I0309 13:08:37.145002 22701764179776 xla_bridge.py:212] Unable to initialize backend 'tpu_driver': Not found: Unable to find driver in registry given worker: local://
I0309 13:08:37.534927 22701764179776 xla_bridge.py:212] Unable to initialize backend 'tpu': Invalid argument: TpuPlatform is not available.
I0309 13:08:40.275782 22701764179776 run_af2c_mod.py:481] Have 1 models: ['model_5_multimer_v2_p1']
Info: working on target MYD88_Q9D8N2_x1
I0309 13:08:46.282006 22701764179776 run_af2c_mod.py:512] Using random seed 1391576101778106921 for the data pipeline
Info: MYD88_Q9D8N2_x1 found monomer MYD88_MOUSE msa_depth = 3425, seq_len = 296, num_templ = 20
Info: MYD88_MOUSE reducing the number of structural templates to 4
Info: MYD88_Q9D8N2_x1 found monomer Q9D8N2 msa_depth = 1104, seq_len = 357, num_templ = 4
Info: 2 chain(s) to model {'A': 'MYD88_MOUSE_1', 'B': 'Q9D8N2_1'}
Info: modeling MYD88_Q9D8N2_x1 with msa_depth = 3695, seq_len = 653, num_templ = 8
I0309 13:08:46.912564 22701764179776 run_af2c_mod.py:216] Running model model_5_multimer_v2_p1_230309_106921
I0309 13:08:46.913030 22701764179776 model.py:205] Running predict with shape(feat) = {'msa': (3695, 653), 'bert_mask': (3695, 653), 'num_alignments': (), 'aatype': (653,), 'seq_length': (), 'template_aatype': (8, 653), 'template_all_atom_mask': (8, 653, 37), 'template_all_atom_positions': (8, 653, 37, 3), 'all_atom_positions': (653, 37, 3), 'template_domain_names': (8,), 'asym_id': (653,), 'sym_id': (653,), 'entity_id': (653,), 'residue_index': (653,), 'deletion_matrix': (3695, 653), 'seq_mask': (653,), 'msa_mask': (3695, 653), 'cluster_bias_mask': (3695,), 'pdb_residue_index': (653,)}
I0309 13:19:48.809597 22701764179776 run_af2c_mod.py:270] Total JAX model model_5_multimer_v2_p1_230309_106921 predict time (includes compilation time): 661.9 seconds
Info: MYD88_Q9D8N2_x1 model_5_multimer_v2_p1_230309_106921_recycled_00,  tol =   inf, pLDDT = 79.11, pTM-score = 0.5606, piTM-score = 0.2035, interface-score = 0.0332, iRes = 28   iCnt = 29  
Info: MYD88_Q9D8N2_x1 model_5_multimer_v2_p1_230309_106921_recycled_01,  tol = 46.96, pLDDT = 79.47, pTM-score = 0.5634, piTM-score = 0.1909, interface-score = 0.0198, iRes = 27   iCnt = 27  
Info: MYD88_Q9D8N2_x1 model_5_multimer_v2_p1_230309_106921_recycled_02,  tol = 12.12, pLDDT = 78.48, pTM-score = 0.5494, piTM-score = 0.1105, interface-score = 0.0057, iRes = 27   iCnt = 23  
Info: MYD88_Q9D8N2_x1 model_5_multimer_v2_p1_230309_106921_recycled_03,  tol = 15.40, pLDDT = 78.97, pTM-score = 0.5508, piTM-score = 0.0270, interface-score = 0.0006, iRes = 14   iCnt = 9   
Info: MYD88_Q9D8N2_x1 model_5_multimer_v2_p1_230309_106921_recycled_04,  tol =  6.04, pLDDT = 79.03, pTM-score = 0.5619, piTM-score = 0.1342, interface-score = 0.0104, iRes = 26   iCnt = 23  
Info: MYD88_Q9D8N2_x1 model_5_multimer_v2_p1_230309_106921_recycled_05,  tol =  1.95, pLDDT = 79.10, pTM-score = 0.5540, piTM-score = 0.0799, interface-score = 0.0037, iRes = 23   iCnt = 25  
Info: MYD88_Q9D8N2_x1 model_5_multimer_v2_p1_230309_106921_recycled_06,  tol =  2.88, pLDDT = 78.78, pTM-score = 0.5515, piTM-score = 0.0376, interface-score = 0.0011, iRes = 19   iCnt = 16  
Info: MYD88_Q9D8N2_x1 model_5_multimer_v2_p1_230309_106921_recycled_07,  tol =  3.20, pLDDT = 78.73, pTM-score = 0.5503, piTM-score = 0.0457, interface-score = 0.0012, iRes = 20   iCnt = 17  
Info: MYD88_Q9D8N2_x1 model_5_multimer_v2_p1_230309_106921_recycled_08,  tol =  0.89, pLDDT = 78.93, pTM-score = 0.5505, piTM-score = 0.0303, interface-score = 0.0009, iRes = 17   iCnt = 15  
Info: MYD88_Q9D8N2_x1 model_5_multimer_v2_p1_230309_106921_recycled_09,  tol =  0.55, pLDDT = 78.75, pTM-score = 0.5474, piTM-score = 0.0185, interface-score = 0.0004, iRes = 10   iCnt = 5   
Info: MYD88_Q9D8N2_x1 model_5_multimer_v2_p1_230309_106921_recycled_10,  tol =  3.09, pLDDT = 78.82, pTM-score = 0.5459, piTM-score = 0.0273, interface-score = 0.0006, iRes = 17   iCnt = 17  
Info: MYD88_Q9D8N2_x1 model_5_multimer_v2_p1_230309_106921_recycled_11,  tol =  4.02, pLDDT = 78.73, pTM-score = 0.5472, piTM-score = 0.0194, interface-score = 0.0005, iRes = 14   iCnt = 11  
Info: MYD88_Q9D8N2_x1 model_5_multimer_v2_p1_230309_106921_recycled_12,  tol =  2.55, pLDDT = 78.75, pTM-score = 0.5494, piTM-score = 0.0306, interface-score = 0.0010, iRes = 18   iCnt = 19  
Info: MYD88_Q9D8N2_x1 model_5_multimer_v2_p1_230309_106921_recycled_13,  tol =  3.67, pLDDT = 78.60, pTM-score = 0.5521, piTM-score = 0.0269, interface-score = 0.0008, iRes = 12   iCnt = 7   
Info: MYD88_Q9D8N2_x1 model_5_multimer_v2_p1_230309_106921_recycled_14,  tol =  4.10, pLDDT = 78.55, pTM-score = 0.5520, piTM-score = 0.0536, interface-score = 0.0024, iRes = 20   iCnt = 14  
Info: MYD88_Q9D8N2_x1 model_5_multimer_v2_p1_230309_106921_recycled_15,  tol =  0.99, pLDDT = 78.94, pTM-score = 0.5603, piTM-score = 0.0527, interface-score = 0.0027, iRes = 16   iCnt = 10  
Info: MYD88_Q9D8N2_x1 model_5_multimer_v2_p1_230309_106921_recycled_16,  tol =  1.19, pLDDT = 78.74, pTM-score = 0.5570, piTM-score = 0.0520, interface-score = 0.0023, iRes = 16   iCnt = 10  
Info: MYD88_Q9D8N2_x1 model_5_multimer_v2_p1_230309_106921_recycled_17,  tol =  0.87, pLDDT = 79.20, pTM-score = 0.5529, piTM-score = 0.0433, interface-score = 0.0017, iRes = 17   iCnt = 11  
Info: MYD88_Q9D8N2_x1 model_5_multimer_v2_p1_230309_106921_recycled_18,  tol =  2.37, pLDDT = 79.27, pTM-score = 0.5527, piTM-score = 0.0426, interface-score = 0.0013, iRes = 15   iCnt = 10  
Info: MYD88_Q9D8N2_x1 model_5_multimer_v2_p1_230309_106921_recycled_19,  tol =  1.85, pLDDT = 78.85, pTM-score = 0.5498, piTM-score = 0.1125, interface-score = 0.0049, iRes = 24   iCnt = 20  
Info: MYD88_Q9D8N2_x1 model_5_multimer_v2_p1_230309_106921 performed 20 recycles, final tol = 1.54, pLDDT = 79.13, pTM-score = 0.5484, piTM-score = 0.0169, interface-score = 0.0003, iRes = 9    iCnt = 5   
Info: num_clusters = 2, cluster_sizes = [1, 1],  clusters = [['MYD88_MOUSE_0'], ['Q9D8N2_0']]

I0309 13:19:51.467454 22701764179776 run_af2c_mod.py:404] Final timings for MYD88_Q9D8N2_x1: {'features': 0.63, 'process_features_model_5_multimer_v2_p1_230309_106921': 0.0, 'predict_and_compile_model_5_multimer_v2_p1_230309_106921': 661.9}
                                  
================================= 
Global information about the job: 
================================= 
  
Job owner: flobnow(42847)
Job name:  5_AF2C
Node list: ravg1009
Job start: Thu Mar  9 13:08:26 CET 2023
Job end:   Thu Mar  9 13:19:53 CET 2023
Work dir:  /raven/u/flobnow/workingLama/scripts/myRuns/Q9D8N2
Command:   /raven/u/flobnow/workingLama/scripts/myRuns/Q9D8N2/script2_comp_model_5.sh
  
  
  
==========================================================================================
Information on jobsteps (Note: MaxRSS/AveRSS is the maximum/average over all 
tasks of the per-task memory high-water marks; cf. "man sacct"): 
==========================================================================================
  
JobID            JobName NNodes NTasks  NCPUS        0.00M        0.00M    Elapsed ExitCode
------------- ---------- ------ ------ ------ ------------ ------------ ---------- --------
4388077           5_AF2C      1           108                             00:11:27      0:0
4388077.0        python3      1      1    108    21290.34M    21290.34M   00:11:23      0:0
  
Maximum memory per node: 22.324540 GB (defined as MaxRSS*Ntasks/NNodes)
CPU utilization: 1.9 %
  
