Info: input file name is Q91VJ5
Info: input target list is /u/flobnow/workingLama/scripts/myRuns/Q91VJ5/target.lst
Info: input feature directory is /u/flobnow/workingLama/feature_files
Info: result output directory is /u/flobnow/workingLama/output_files
Info: model preset is multimer_np
Info: msa pairing is all
Info: recycling setting is 1
Info: using preset super2
Info: set num_ensemble = 2
Info: set max_recyles = 20
Info: set recycle_tol = 0.1
Info: mas_pairing mode is all
I0309 06:24:17.376541 22822864086848 tpu_client.py:54] Starting the local TPU driver.
I0309 06:24:17.376914 22822864086848 xla_bridge.py:212] Unable to initialize backend 'tpu_driver': Not found: Unable to find driver in registry given worker: local://
I0309 06:24:17.750257 22822864086848 xla_bridge.py:212] Unable to initialize backend 'tpu': Invalid argument: TpuPlatform is not available.
I0309 06:24:20.624104 22822864086848 run_af2c_mod.py:481] Have 1 models: ['model_1_multimer_v2_p1']
Info: working on target MYD88_Q91VJ5_x1
I0309 06:24:28.631412 22822864086848 run_af2c_mod.py:512] Using random seed 542327417037219450 for the data pipeline
Info: MYD88_Q91VJ5_x1 found monomer MYD88_MOUSE msa_depth = 3425, seq_len = 296, num_templ = 20
Info: MYD88_MOUSE reducing the number of structural templates to 4
Info: MYD88_Q91VJ5_x1 found monomer Q91VJ5 msa_depth = 2584, seq_len = 263, num_templ = 20
Info: Q91VJ5 reducing the number of structural templates to 4
Info: 2 chain(s) to model {'A': 'MYD88_MOUSE_1', 'B': 'Q91VJ5_1'}
Info: modeling MYD88_Q91VJ5_x1 with msa_depth = 5112, seq_len = 559, num_templ = 8
I0309 06:24:29.351870 22822864086848 run_af2c_mod.py:216] Running model model_1_multimer_v2_p1_230309_219450
I0309 06:24:29.352344 22822864086848 model.py:205] Running predict with shape(feat) = {'msa': (5112, 559), 'bert_mask': (5112, 559), 'num_alignments': (), 'aatype': (559,), 'seq_length': (), 'template_aatype': (8, 559), 'template_all_atom_mask': (8, 559, 37), 'template_all_atom_positions': (8, 559, 37, 3), 'all_atom_positions': (559, 37, 3), 'template_domain_names': (8,), 'asym_id': (559,), 'sym_id': (559,), 'entity_id': (559,), 'residue_index': (559,), 'deletion_matrix': (5112, 559), 'seq_mask': (559,), 'msa_mask': (5112, 559), 'cluster_bias_mask': (5112,), 'pdb_residue_index': (559,)}
I0309 06:32:31.919371 22822864086848 run_af2c_mod.py:270] Total JAX model model_1_multimer_v2_p1_230309_219450 predict time (includes compilation time): 482.6 seconds
Info: MYD88_Q91VJ5_x1 model_1_multimer_v2_p1_230309_219450_recycled_00,  tol =   inf, pLDDT = 59.77, pTM-score = 0.3197, piTM-score = 0.0111, interface-score = 0.0002, iRes = 7    iCnt = 4   
Info: MYD88_Q91VJ5_x1 model_1_multimer_v2_p1_230309_219450_recycled_01,  tol = 88.39, pLDDT = 62.21, pTM-score = 0.3121, piTM-score = 0.0000, interface-score = 0.0000, iRes = 0    iCnt = 0   
Info: MYD88_Q91VJ5_x1 model_1_multimer_v2_p1_230309_219450_recycled_02,  tol = 32.33, pLDDT = 62.52, pTM-score = 0.3147, piTM-score = 0.0000, interface-score = 0.0000, iRes = 0    iCnt = 0   
Info: MYD88_Q91VJ5_x1 model_1_multimer_v2_p1_230309_219450_recycled_03,  tol = 20.05, pLDDT = 62.43, pTM-score = 0.3153, piTM-score = 0.0000, interface-score = 0.0000, iRes = 0    iCnt = 0   
Info: MYD88_Q91VJ5_x1 model_1_multimer_v2_p1_230309_219450_recycled_04,  tol =  8.94, pLDDT = 62.37, pTM-score = 0.3154, piTM-score = 0.0000, interface-score = 0.0000, iRes = 0    iCnt = 0   
Info: MYD88_Q91VJ5_x1 model_1_multimer_v2_p1_230309_219450_recycled_05,  tol = 12.29, pLDDT = 61.54, pTM-score = 0.3151, piTM-score = 0.0000, interface-score = 0.0000, iRes = 0    iCnt = 0   
Info: MYD88_Q91VJ5_x1 model_1_multimer_v2_p1_230309_219450_recycled_06,  tol =  7.92, pLDDT = 61.93, pTM-score = 0.3159, piTM-score = 0.0000, interface-score = 0.0000, iRes = 0    iCnt = 0   
Info: MYD88_Q91VJ5_x1 model_1_multimer_v2_p1_230309_219450_recycled_07,  tol =  8.41, pLDDT = 61.53, pTM-score = 0.3163, piTM-score = 0.0000, interface-score = 0.0000, iRes = 0    iCnt = 0   
Info: MYD88_Q91VJ5_x1 model_1_multimer_v2_p1_230309_219450_recycled_08,  tol =  8.54, pLDDT = 61.75, pTM-score = 0.3162, piTM-score = 0.0000, interface-score = 0.0000, iRes = 0    iCnt = 0   
Info: MYD88_Q91VJ5_x1 model_1_multimer_v2_p1_230309_219450_recycled_09,  tol =  9.14, pLDDT = 61.55, pTM-score = 0.3179, piTM-score = 0.0000, interface-score = 0.0000, iRes = 0    iCnt = 0   
Info: MYD88_Q91VJ5_x1 model_1_multimer_v2_p1_230309_219450_recycled_10,  tol =  8.77, pLDDT = 61.69, pTM-score = 0.3160, piTM-score = 0.0000, interface-score = 0.0000, iRes = 0    iCnt = 0   
Info: MYD88_Q91VJ5_x1 model_1_multimer_v2_p1_230309_219450_recycled_11,  tol =  9.90, pLDDT = 62.00, pTM-score = 0.3166, piTM-score = 0.0000, interface-score = 0.0000, iRes = 0    iCnt = 0   
Info: MYD88_Q91VJ5_x1 model_1_multimer_v2_p1_230309_219450_recycled_12,  tol = 11.23, pLDDT = 62.44, pTM-score = 0.3174, piTM-score = 0.0000, interface-score = 0.0000, iRes = 0    iCnt = 0   
Info: MYD88_Q91VJ5_x1 model_1_multimer_v2_p1_230309_219450_recycled_13,  tol =  7.81, pLDDT = 61.82, pTM-score = 0.3172, piTM-score = 0.0000, interface-score = 0.0000, iRes = 0    iCnt = 0   
Info: MYD88_Q91VJ5_x1 model_1_multimer_v2_p1_230309_219450_recycled_14,  tol =  6.81, pLDDT = 61.53, pTM-score = 0.3170, piTM-score = 0.0000, interface-score = 0.0000, iRes = 0    iCnt = 0   
Info: MYD88_Q91VJ5_x1 model_1_multimer_v2_p1_230309_219450_recycled_15,  tol =  6.76, pLDDT = 61.90, pTM-score = 0.3164, piTM-score = 0.0000, interface-score = 0.0000, iRes = 0    iCnt = 0   
Info: MYD88_Q91VJ5_x1 model_1_multimer_v2_p1_230309_219450_recycled_16,  tol =  4.61, pLDDT = 61.78, pTM-score = 0.3165, piTM-score = 0.0000, interface-score = 0.0000, iRes = 0    iCnt = 0   
Info: MYD88_Q91VJ5_x1 model_1_multimer_v2_p1_230309_219450_recycled_17,  tol =  5.51, pLDDT = 62.00, pTM-score = 0.3138, piTM-score = 0.0000, interface-score = 0.0000, iRes = 0    iCnt = 0   
Info: MYD88_Q91VJ5_x1 model_1_multimer_v2_p1_230309_219450_recycled_18,  tol =  5.62, pLDDT = 62.13, pTM-score = 0.3163, piTM-score = 0.0000, interface-score = 0.0000, iRes = 0    iCnt = 0   
Info: MYD88_Q91VJ5_x1 model_1_multimer_v2_p1_230309_219450_recycled_19,  tol =  4.28, pLDDT = 62.24, pTM-score = 0.3177, piTM-score = 0.0000, interface-score = 0.0000, iRes = 0    iCnt = 0   
Info: MYD88_Q91VJ5_x1 model_1_multimer_v2_p1_230309_219450 performed 20 recycles, final tol = 4.36, pLDDT = 62.17, pTM-score = 0.3182, piTM-score = 0.0000, interface-score = 0.0000, iRes = 0    iCnt = 0   
Info: num_clusters = 2, cluster_sizes = [1, 1],  clusters = [['MYD88_MOUSE_0'], ['Q91VJ5_0']]

I0309 06:32:34.210672 22822864086848 run_af2c_mod.py:404] Final timings for MYD88_Q91VJ5_x1: {'features': 0.72, 'process_features_model_1_multimer_v2_p1_230309_219450': 0.0, 'predict_and_compile_model_1_multimer_v2_p1_230309_219450': 482.6}
                                  
================================= 
Global information about the job: 
================================= 
  
Job owner: flobnow(42847)
Job name:  1_AF2C
Node list: ravg1090
Job start: Thu Mar  9 06:24:10 CET 2023
Job end:   Thu Mar  9 06:32:35 CET 2023
Work dir:  /raven/u/flobnow/workingLama/scripts/myRuns/Q91VJ5
Command:   /raven/u/flobnow/workingLama/scripts/myRuns/Q91VJ5/script2_comp_model_1.sh
  
  
  
==========================================================================================
Information on jobsteps (Note: MaxRSS/AveRSS is the maximum/average over all 
tasks of the per-task memory high-water marks; cf. "man sacct"): 
==========================================================================================
  
JobID            JobName NNodes NTasks  NCPUS        0.00M        0.00M    Elapsed ExitCode
------------- ---------- ------ ------ ------ ------------ ------------ ---------- --------
4385296           1_AF2C      1           108                             00:08:25      0:0
4385296.0        python3      1      1    108    19311.88M    19311.88M   00:08:23      0:0
  
Maximum memory per node: 20.249969 GB (defined as MaxRSS*Ntasks/NNodes)
CPU utilization: 1.9 %
  
Info: input file name is Q91VJ5
Info: input target list is /u/flobnow/workingLama/scripts/myRuns/Q91VJ5/target.lst
Info: input feature directory is /u/flobnow/workingLama/feature_files
Info: result output directory is /u/flobnow/workingLama/output_files
Info: model preset is multimer_np
Info: msa pairing is all
Info: recycling setting is 1
Info: using preset super2
Info: set num_ensemble = 2
Info: set max_recyles = 20
Info: set recycle_tol = 0.1
Info: mas_pairing mode is all
I0309 06:44:29.821248 23320651958080 tpu_client.py:54] Starting the local TPU driver.
I0309 06:44:29.821645 23320651958080 xla_bridge.py:212] Unable to initialize backend 'tpu_driver': Not found: Unable to find driver in registry given worker: local://
I0309 06:44:30.206717 23320651958080 xla_bridge.py:212] Unable to initialize backend 'tpu': Invalid argument: TpuPlatform is not available.
I0309 06:44:32.986586 23320651958080 run_af2c_mod.py:481] Have 1 models: ['model_2_multimer_v2_p1']
Info: working on target MYD88_Q91VJ5_x1
I0309 06:44:34.989266 23320651958080 run_af2c_mod.py:512] Using random seed 1269172995742352438 for the data pipeline
Info: MYD88_Q91VJ5_x1 found monomer MYD88_MOUSE msa_depth = 3425, seq_len = 296, num_templ = 20
Info: MYD88_MOUSE reducing the number of structural templates to 4
Info: MYD88_Q91VJ5_x1 found monomer Q91VJ5 msa_depth = 2584, seq_len = 263, num_templ = 20
Info: Q91VJ5 reducing the number of structural templates to 4
Info: 2 chain(s) to model {'A': 'MYD88_MOUSE_1', 'B': 'Q91VJ5_1'}
Info: modeling MYD88_Q91VJ5_x1 with msa_depth = 5112, seq_len = 559, num_templ = 8
I0309 06:44:35.670133 23320651958080 run_af2c_mod.py:216] Running model model_2_multimer_v2_p1_230309_352438
I0309 06:44:35.670616 23320651958080 model.py:205] Running predict with shape(feat) = {'msa': (5112, 559), 'bert_mask': (5112, 559), 'num_alignments': (), 'aatype': (559,), 'seq_length': (), 'template_aatype': (8, 559), 'template_all_atom_mask': (8, 559, 37), 'template_all_atom_positions': (8, 559, 37, 3), 'all_atom_positions': (559, 37, 3), 'template_domain_names': (8,), 'asym_id': (559,), 'sym_id': (559,), 'entity_id': (559,), 'residue_index': (559,), 'deletion_matrix': (5112, 559), 'seq_mask': (559,), 'msa_mask': (5112, 559), 'cluster_bias_mask': (5112,), 'pdb_residue_index': (559,)}
I0309 06:52:41.618383 23320651958080 run_af2c_mod.py:270] Total JAX model model_2_multimer_v2_p1_230309_352438 predict time (includes compilation time): 485.9 seconds
Info: MYD88_Q91VJ5_x1 model_2_multimer_v2_p1_230309_352438_recycled_00,  tol =   inf, pLDDT = 60.13, pTM-score = 0.3097, piTM-score = 0.0000, interface-score = 0.0000, iRes = 0    iCnt = 0   
Info: MYD88_Q91VJ5_x1 model_2_multimer_v2_p1_230309_352438_recycled_01,  tol = 111.83, pLDDT = 60.84, pTM-score = 0.3125, piTM-score = 0.0000, interface-score = 0.0000, iRes = 0    iCnt = 0   
Info: MYD88_Q91VJ5_x1 model_2_multimer_v2_p1_230309_352438_recycled_02,  tol = 30.15, pLDDT = 62.52, pTM-score = 0.3201, piTM-score = 0.0000, interface-score = 0.0000, iRes = 0    iCnt = 0   
Info: MYD88_Q91VJ5_x1 model_2_multimer_v2_p1_230309_352438_recycled_03,  tol = 51.48, pLDDT = 62.06, pTM-score = 0.3213, piTM-score = 0.0000, interface-score = 0.0000, iRes = 0    iCnt = 0   
Info: MYD88_Q91VJ5_x1 model_2_multimer_v2_p1_230309_352438_recycled_04,  tol = 13.41, pLDDT = 61.84, pTM-score = 0.3216, piTM-score = 0.0000, interface-score = 0.0000, iRes = 0    iCnt = 0   
Info: MYD88_Q91VJ5_x1 model_2_multimer_v2_p1_230309_352438_recycled_05,  tol =  9.70, pLDDT = 62.13, pTM-score = 0.3210, piTM-score = 0.0000, interface-score = 0.0000, iRes = 0    iCnt = 0   
Info: MYD88_Q91VJ5_x1 model_2_multimer_v2_p1_230309_352438_recycled_06,  tol = 11.97, pLDDT = 62.05, pTM-score = 0.3199, piTM-score = 0.0000, interface-score = 0.0000, iRes = 0    iCnt = 0   
Info: MYD88_Q91VJ5_x1 model_2_multimer_v2_p1_230309_352438_recycled_07,  tol = 13.59, pLDDT = 61.19, pTM-score = 0.3202, piTM-score = 0.0000, interface-score = 0.0000, iRes = 0    iCnt = 0   
Info: MYD88_Q91VJ5_x1 model_2_multimer_v2_p1_230309_352438_recycled_08,  tol = 19.27, pLDDT = 62.24, pTM-score = 0.3202, piTM-score = 0.0000, interface-score = 0.0000, iRes = 0    iCnt = 0   
Info: MYD88_Q91VJ5_x1 model_2_multimer_v2_p1_230309_352438_recycled_09,  tol = 21.57, pLDDT = 62.04, pTM-score = 0.3191, piTM-score = 0.0000, interface-score = 0.0000, iRes = 0    iCnt = 0   
Info: MYD88_Q91VJ5_x1 model_2_multimer_v2_p1_230309_352438_recycled_10,  tol = 14.21, pLDDT = 62.12, pTM-score = 0.3204, piTM-score = 0.0000, interface-score = 0.0000, iRes = 0    iCnt = 0   
Info: MYD88_Q91VJ5_x1 model_2_multimer_v2_p1_230309_352438_recycled_11,  tol = 12.77, pLDDT = 61.84, pTM-score = 0.3199, piTM-score = 0.0000, interface-score = 0.0000, iRes = 0    iCnt = 0   
Info: MYD88_Q91VJ5_x1 model_2_multimer_v2_p1_230309_352438_recycled_12,  tol = 13.34, pLDDT = 61.85, pTM-score = 0.3207, piTM-score = 0.0000, interface-score = 0.0000, iRes = 0    iCnt = 0   
Info: MYD88_Q91VJ5_x1 model_2_multimer_v2_p1_230309_352438_recycled_13,  tol = 13.25, pLDDT = 62.81, pTM-score = 0.3193, piTM-score = 0.0000, interface-score = 0.0000, iRes = 0    iCnt = 0   
Info: MYD88_Q91VJ5_x1 model_2_multimer_v2_p1_230309_352438_recycled_14,  tol = 18.99, pLDDT = 62.09, pTM-score = 0.3197, piTM-score = 0.0000, interface-score = 0.0000, iRes = 0    iCnt = 0   
Info: MYD88_Q91VJ5_x1 model_2_multimer_v2_p1_230309_352438_recycled_15,  tol =  5.70, pLDDT = 61.94, pTM-score = 0.3204, piTM-score = 0.0000, interface-score = 0.0000, iRes = 0    iCnt = 0   
Info: MYD88_Q91VJ5_x1 model_2_multimer_v2_p1_230309_352438_recycled_16,  tol = 13.64, pLDDT = 61.74, pTM-score = 0.3209, piTM-score = 0.0000, interface-score = 0.0000, iRes = 0    iCnt = 0   
Info: MYD88_Q91VJ5_x1 model_2_multimer_v2_p1_230309_352438_recycled_17,  tol = 12.41, pLDDT = 62.64, pTM-score = 0.3197, piTM-score = 0.0000, interface-score = 0.0000, iRes = 0    iCnt = 0   
Info: MYD88_Q91VJ5_x1 model_2_multimer_v2_p1_230309_352438_recycled_18,  tol = 15.10, pLDDT = 61.38, pTM-score = 0.3190, piTM-score = 0.0000, interface-score = 0.0000, iRes = 0    iCnt = 0   
Info: MYD88_Q91VJ5_x1 model_2_multimer_v2_p1_230309_352438_recycled_19,  tol =  9.08, pLDDT = 61.92, pTM-score = 0.3190, piTM-score = 0.0000, interface-score = 0.0000, iRes = 0    iCnt = 0   
Info: MYD88_Q91VJ5_x1 model_2_multimer_v2_p1_230309_352438 performed 20 recycles, final tol = 14.53, pLDDT = 62.58, pTM-score = 0.3220, piTM-score = 0.0000, interface-score = 0.0000, iRes = 0    iCnt = 0   
Info: num_clusters = 2, cluster_sizes = [1, 1],  clusters = [['MYD88_MOUSE_0'], ['Q91VJ5_0']]

I0309 06:52:43.866195 23320651958080 run_af2c_mod.py:404] Final timings for MYD88_Q91VJ5_x1: {'features': 0.68, 'process_features_model_2_multimer_v2_p1_230309_352438': 0.0, 'predict_and_compile_model_2_multimer_v2_p1_230309_352438': 485.9}
                                  
================================= 
Global information about the job: 
================================= 
  
Job owner: flobnow(42847)
Job name:  2_AF2C
Node list: ravg1085
Job start: Thu Mar  9 06:44:22 CET 2023
Job end:   Thu Mar  9 06:52:45 CET 2023
Work dir:  /raven/u/flobnow/workingLama/scripts/myRuns/Q91VJ5
Command:   /raven/u/flobnow/workingLama/scripts/myRuns/Q91VJ5/script2_comp_model_2.sh
  
  
  
==========================================================================================
Information on jobsteps (Note: MaxRSS/AveRSS is the maximum/average over all 
tasks of the per-task memory high-water marks; cf. "man sacct"): 
==========================================================================================
  
JobID            JobName NNodes NTasks  NCPUS        0.00M        0.00M    Elapsed ExitCode
------------- ---------- ------ ------ ------ ------------ ------------ ---------- --------
4385306           2_AF2C      1           108                             00:08:23      0:0
4385306.0        python3      1      1    108    19394.56M    19394.56M   00:08:21      0:0
  
Maximum memory per node: 20.336673 GB (defined as MaxRSS*Ntasks/NNodes)
CPU utilization: 2.0 %
  
Info: input file name is Q91VJ5
Info: input target list is /u/flobnow/workingLama/scripts/myRuns/Q91VJ5/target.lst
Info: input feature directory is /u/flobnow/workingLama/feature_files
Info: result output directory is /u/flobnow/workingLama/output_files
Info: model preset is multimer_np
Info: msa pairing is all
Info: recycling setting is 1
Info: using preset super2
Info: set num_ensemble = 2
Info: set max_recyles = 20
Info: set recycle_tol = 0.1
Info: mas_pairing mode is all
I0309 06:53:13.337166 23253435049792 tpu_client.py:54] Starting the local TPU driver.
I0309 06:53:13.337542 23253435049792 xla_bridge.py:212] Unable to initialize backend 'tpu_driver': Not found: Unable to find driver in registry given worker: local://
I0309 06:53:13.702537 23253435049792 xla_bridge.py:212] Unable to initialize backend 'tpu': Invalid argument: TpuPlatform is not available.
I0309 06:53:16.509852 23253435049792 run_af2c_mod.py:481] Have 1 models: ['model_3_multimer_v2_p1']
Info: working on target MYD88_Q91VJ5_x1
I0309 06:53:24.518193 23253435049792 run_af2c_mod.py:512] Using random seed 3230799968943148472 for the data pipeline
Info: MYD88_Q91VJ5_x1 found monomer MYD88_MOUSE msa_depth = 3425, seq_len = 296, num_templ = 20
Info: MYD88_MOUSE reducing the number of structural templates to 4
Info: MYD88_Q91VJ5_x1 found monomer Q91VJ5 msa_depth = 2584, seq_len = 263, num_templ = 20
Info: Q91VJ5 reducing the number of structural templates to 4
Info: 2 chain(s) to model {'A': 'MYD88_MOUSE_1', 'B': 'Q91VJ5_1'}
Info: modeling MYD88_Q91VJ5_x1 with msa_depth = 5112, seq_len = 559, num_templ = 8
I0309 06:53:25.175750 23253435049792 run_af2c_mod.py:216] Running model model_3_multimer_v2_p1_230309_148472
I0309 06:53:25.176232 23253435049792 model.py:205] Running predict with shape(feat) = {'msa': (5112, 559), 'bert_mask': (5112, 559), 'num_alignments': (), 'aatype': (559,), 'seq_length': (), 'template_aatype': (8, 559), 'template_all_atom_mask': (8, 559, 37), 'template_all_atom_positions': (8, 559, 37, 3), 'all_atom_positions': (559, 37, 3), 'template_domain_names': (8,), 'asym_id': (559,), 'sym_id': (559,), 'entity_id': (559,), 'residue_index': (559,), 'deletion_matrix': (5112, 559), 'seq_mask': (559,), 'msa_mask': (5112, 559), 'cluster_bias_mask': (5112,), 'pdb_residue_index': (559,)}
I0309 07:01:27.803450 23253435049792 run_af2c_mod.py:270] Total JAX model model_3_multimer_v2_p1_230309_148472 predict time (includes compilation time): 482.6 seconds
Info: MYD88_Q91VJ5_x1 model_3_multimer_v2_p1_230309_148472_recycled_00,  tol =   inf, pLDDT = 61.65, pTM-score = 0.3124, piTM-score = 0.0000, interface-score = 0.0000, iRes = 0    iCnt = 0   
Info: MYD88_Q91VJ5_x1 model_3_multimer_v2_p1_230309_148472_recycled_01,  tol = 105.09, pLDDT = 61.46, pTM-score = 0.3099, piTM-score = 0.0000, interface-score = 0.0000, iRes = 0    iCnt = 0   
Info: MYD88_Q91VJ5_x1 model_3_multimer_v2_p1_230309_148472_recycled_02,  tol = 48.88, pLDDT = 60.31, pTM-score = 0.3088, piTM-score = 0.0000, interface-score = 0.0000, iRes = 0    iCnt = 0   
Info: MYD88_Q91VJ5_x1 model_3_multimer_v2_p1_230309_148472_recycled_03,  tol = 22.61, pLDDT = 60.22, pTM-score = 0.3096, piTM-score = 0.0000, interface-score = 0.0000, iRes = 0    iCnt = 0   
Info: MYD88_Q91VJ5_x1 model_3_multimer_v2_p1_230309_148472_recycled_04,  tol = 27.52, pLDDT = 61.07, pTM-score = 0.3126, piTM-score = 0.0000, interface-score = 0.0000, iRes = 0    iCnt = 0   
Info: MYD88_Q91VJ5_x1 model_3_multimer_v2_p1_230309_148472_recycled_05,  tol = 22.61, pLDDT = 60.12, pTM-score = 0.3087, piTM-score = 0.0000, interface-score = 0.0000, iRes = 0    iCnt = 0   
Info: MYD88_Q91VJ5_x1 model_3_multimer_v2_p1_230309_148472_recycled_06,  tol = 25.62, pLDDT = 59.99, pTM-score = 0.3097, piTM-score = 0.0000, interface-score = 0.0000, iRes = 0    iCnt = 0   
Info: MYD88_Q91VJ5_x1 model_3_multimer_v2_p1_230309_148472_recycled_07,  tol = 26.31, pLDDT = 60.19, pTM-score = 0.3115, piTM-score = 0.0000, interface-score = 0.0000, iRes = 0    iCnt = 0   
Info: MYD88_Q91VJ5_x1 model_3_multimer_v2_p1_230309_148472_recycled_08,  tol = 27.21, pLDDT = 59.98, pTM-score = 0.3100, piTM-score = 0.0000, interface-score = 0.0000, iRes = 0    iCnt = 0   
Info: MYD88_Q91VJ5_x1 model_3_multimer_v2_p1_230309_148472_recycled_09,  tol = 31.83, pLDDT = 62.20, pTM-score = 0.3121, piTM-score = 0.0000, interface-score = 0.0000, iRes = 0    iCnt = 0   
Info: MYD88_Q91VJ5_x1 model_3_multimer_v2_p1_230309_148472_recycled_10,  tol = 26.14, pLDDT = 62.18, pTM-score = 0.3131, piTM-score = 0.0000, interface-score = 0.0000, iRes = 0    iCnt = 0   
Info: MYD88_Q91VJ5_x1 model_3_multimer_v2_p1_230309_148472_recycled_11,  tol = 10.29, pLDDT = 61.38, pTM-score = 0.3127, piTM-score = 0.0000, interface-score = 0.0000, iRes = 0    iCnt = 0   
Info: MYD88_Q91VJ5_x1 model_3_multimer_v2_p1_230309_148472_recycled_12,  tol = 10.35, pLDDT = 61.31, pTM-score = 0.3133, piTM-score = 0.0000, interface-score = 0.0000, iRes = 0    iCnt = 0   
Info: MYD88_Q91VJ5_x1 model_3_multimer_v2_p1_230309_148472_recycled_13,  tol =  5.94, pLDDT = 61.69, pTM-score = 0.3132, piTM-score = 0.0000, interface-score = 0.0000, iRes = 0    iCnt = 0   
Info: MYD88_Q91VJ5_x1 model_3_multimer_v2_p1_230309_148472_recycled_14,  tol =  9.16, pLDDT = 61.49, pTM-score = 0.3125, piTM-score = 0.0000, interface-score = 0.0000, iRes = 0    iCnt = 0   
Info: MYD88_Q91VJ5_x1 model_3_multimer_v2_p1_230309_148472_recycled_15,  tol = 11.34, pLDDT = 61.13, pTM-score = 0.3144, piTM-score = 0.0000, interface-score = 0.0000, iRes = 0    iCnt = 0   
Info: MYD88_Q91VJ5_x1 model_3_multimer_v2_p1_230309_148472_recycled_16,  tol = 21.63, pLDDT = 61.33, pTM-score = 0.3135, piTM-score = 0.0000, interface-score = 0.0000, iRes = 0    iCnt = 0   
Info: MYD88_Q91VJ5_x1 model_3_multimer_v2_p1_230309_148472_recycled_17,  tol = 15.29, pLDDT = 61.44, pTM-score = 0.3125, piTM-score = 0.0000, interface-score = 0.0000, iRes = 0    iCnt = 0   
Info: MYD88_Q91VJ5_x1 model_3_multimer_v2_p1_230309_148472_recycled_18,  tol =  8.48, pLDDT = 61.73, pTM-score = 0.3138, piTM-score = 0.0000, interface-score = 0.0000, iRes = 0    iCnt = 0   
Info: MYD88_Q91VJ5_x1 model_3_multimer_v2_p1_230309_148472_recycled_19,  tol = 11.47, pLDDT = 61.55, pTM-score = 0.3135, piTM-score = 0.0000, interface-score = 0.0000, iRes = 0    iCnt = 0   
Info: MYD88_Q91VJ5_x1 model_3_multimer_v2_p1_230309_148472 performed 20 recycles, final tol = 9.35, pLDDT = 61.63, pTM-score = 0.3127, piTM-score = 0.0000, interface-score = 0.0000, iRes = 0    iCnt = 0   
Info: num_clusters = 2, cluster_sizes = [1, 1],  clusters = [['MYD88_MOUSE_0'], ['Q91VJ5_0']]

I0309 07:01:30.071214 23253435049792 run_af2c_mod.py:404] Final timings for MYD88_Q91VJ5_x1: {'features': 0.65, 'process_features_model_3_multimer_v2_p1_230309_148472': 0.0, 'predict_and_compile_model_3_multimer_v2_p1_230309_148472': 482.6}
                                  
================================= 
Global information about the job: 
================================= 
  
Job owner: flobnow(42847)
Job name:  3_AF2C
Node list: ravg1003
Job start: Thu Mar  9 06:53:06 CET 2023
Job end:   Thu Mar  9 07:01:31 CET 2023
Work dir:  /raven/u/flobnow/workingLama/scripts/myRuns/Q91VJ5
Command:   /raven/u/flobnow/workingLama/scripts/myRuns/Q91VJ5/script2_comp_model_3.sh
  
  
  
==========================================================================================
Information on jobsteps (Note: MaxRSS/AveRSS is the maximum/average over all 
tasks of the per-task memory high-water marks; cf. "man sacct"): 
==========================================================================================
  
JobID            JobName NNodes NTasks  NCPUS        0.00M        0.00M    Elapsed ExitCode
------------- ---------- ------ ------ ------ ------------ ------------ ---------- --------
4385310           3_AF2C      1           108                             00:08:25      0:0
4385310.0        python3      1      1    108    19315.96M    19315.96M   00:08:23      0:0
  
Maximum memory per node: 20.254250 GB (defined as MaxRSS*Ntasks/NNodes)
CPU utilization: 1.9 %
  
Info: input file name is Q91VJ5
Info: input target list is /u/flobnow/workingLama/scripts/myRuns/Q91VJ5/target.lst
Info: input feature directory is /u/flobnow/workingLama/feature_files
Info: result output directory is /u/flobnow/workingLama/output_files
Info: model preset is multimer_np
Info: msa pairing is all
Info: recycling setting is 1
Info: using preset super2
Info: set num_ensemble = 2
Info: set max_recyles = 20
Info: set recycle_tol = 0.1
Info: mas_pairing mode is all
I0309 07:29:59.160820 22552934819648 tpu_client.py:54] Starting the local TPU driver.
I0309 07:29:59.161198 22552934819648 xla_bridge.py:212] Unable to initialize backend 'tpu_driver': Not found: Unable to find driver in registry given worker: local://
I0309 07:29:59.530802 22552934819648 xla_bridge.py:212] Unable to initialize backend 'tpu': Invalid argument: TpuPlatform is not available.
I0309 07:30:02.322341 22552934819648 run_af2c_mod.py:481] Have 1 models: ['model_4_multimer_v2_p1']
Info: working on target MYD88_Q91VJ5_x1
I0309 07:30:05.325675 22552934819648 run_af2c_mod.py:512] Using random seed 5955099476591487094 for the data pipeline
Info: MYD88_Q91VJ5_x1 found monomer MYD88_MOUSE msa_depth = 3425, seq_len = 296, num_templ = 20
Info: MYD88_MOUSE reducing the number of structural templates to 4
Info: MYD88_Q91VJ5_x1 found monomer Q91VJ5 msa_depth = 2584, seq_len = 263, num_templ = 20
Info: Q91VJ5 reducing the number of structural templates to 4
Info: 2 chain(s) to model {'A': 'MYD88_MOUSE_1', 'B': 'Q91VJ5_1'}
Info: modeling MYD88_Q91VJ5_x1 with msa_depth = 5112, seq_len = 559, num_templ = 8
I0309 07:30:06.033748 22552934819648 run_af2c_mod.py:216] Running model model_4_multimer_v2_p1_230309_487094
I0309 07:30:06.034228 22552934819648 model.py:205] Running predict with shape(feat) = {'msa': (5112, 559), 'bert_mask': (5112, 559), 'num_alignments': (), 'aatype': (559,), 'seq_length': (), 'template_aatype': (8, 559), 'template_all_atom_mask': (8, 559, 37), 'template_all_atom_positions': (8, 559, 37, 3), 'all_atom_positions': (559, 37, 3), 'template_domain_names': (8,), 'asym_id': (559,), 'sym_id': (559,), 'entity_id': (559,), 'residue_index': (559,), 'deletion_matrix': (5112, 559), 'seq_mask': (559,), 'msa_mask': (5112, 559), 'cluster_bias_mask': (5112,), 'pdb_residue_index': (559,)}
I0309 07:38:07.279170 22552934819648 run_af2c_mod.py:270] Total JAX model model_4_multimer_v2_p1_230309_487094 predict time (includes compilation time): 481.2 seconds
Info: MYD88_Q91VJ5_x1 model_4_multimer_v2_p1_230309_487094_recycled_00,  tol =   inf, pLDDT = 59.66, pTM-score = 0.3211, piTM-score = 0.1253, interface-score = 0.0104, iRes = 25   iCnt = 31  
Info: MYD88_Q91VJ5_x1 model_4_multimer_v2_p1_230309_487094_recycled_01,  tol = 78.85, pLDDT = 62.54, pTM-score = 0.3115, piTM-score = 0.0000, interface-score = 0.0000, iRes = 0    iCnt = 0   
Info: MYD88_Q91VJ5_x1 model_4_multimer_v2_p1_230309_487094_recycled_02,  tol = 18.80, pLDDT = 62.55, pTM-score = 0.3126, piTM-score = 0.0000, interface-score = 0.0000, iRes = 0    iCnt = 0   
Info: MYD88_Q91VJ5_x1 model_4_multimer_v2_p1_230309_487094_recycled_03,  tol = 27.66, pLDDT = 62.44, pTM-score = 0.3123, piTM-score = 0.0000, interface-score = 0.0000, iRes = 0    iCnt = 0   
Info: MYD88_Q91VJ5_x1 model_4_multimer_v2_p1_230309_487094_recycled_04,  tol = 16.56, pLDDT = 63.31, pTM-score = 0.3142, piTM-score = 0.0000, interface-score = 0.0000, iRes = 0    iCnt = 0   
Info: MYD88_Q91VJ5_x1 model_4_multimer_v2_p1_230309_487094_recycled_05,  tol = 19.19, pLDDT = 63.43, pTM-score = 0.3144, piTM-score = 0.0000, interface-score = 0.0000, iRes = 0    iCnt = 0   
Info: MYD88_Q91VJ5_x1 model_4_multimer_v2_p1_230309_487094_recycled_06,  tol =  6.27, pLDDT = 63.04, pTM-score = 0.3155, piTM-score = 0.0000, interface-score = 0.0000, iRes = 0    iCnt = 0   
Info: MYD88_Q91VJ5_x1 model_4_multimer_v2_p1_230309_487094_recycled_07,  tol =  8.80, pLDDT = 62.34, pTM-score = 0.3150, piTM-score = 0.0014, interface-score = 0.0000, iRes = 2    iCnt = 1   
Info: MYD88_Q91VJ5_x1 model_4_multimer_v2_p1_230309_487094_recycled_08,  tol = 36.17, pLDDT = 63.06, pTM-score = 0.3150, piTM-score = 0.0000, interface-score = 0.0000, iRes = 0    iCnt = 0   
Info: MYD88_Q91VJ5_x1 model_4_multimer_v2_p1_230309_487094_recycled_09,  tol = 33.93, pLDDT = 62.91, pTM-score = 0.3145, piTM-score = 0.0000, interface-score = 0.0000, iRes = 0    iCnt = 0   
Info: MYD88_Q91VJ5_x1 model_4_multimer_v2_p1_230309_487094_recycled_10,  tol =  6.47, pLDDT = 62.69, pTM-score = 0.3154, piTM-score = 0.0000, interface-score = 0.0000, iRes = 0    iCnt = 0   
Info: MYD88_Q91VJ5_x1 model_4_multimer_v2_p1_230309_487094_recycled_11,  tol =  4.56, pLDDT = 62.79, pTM-score = 0.3158, piTM-score = 0.0000, interface-score = 0.0000, iRes = 0    iCnt = 0   
Info: MYD88_Q91VJ5_x1 model_4_multimer_v2_p1_230309_487094_recycled_12,  tol =  4.18, pLDDT = 62.59, pTM-score = 0.3151, piTM-score = 0.0000, interface-score = 0.0000, iRes = 0    iCnt = 0   
Info: MYD88_Q91VJ5_x1 model_4_multimer_v2_p1_230309_487094_recycled_13,  tol =  1.75, pLDDT = 62.42, pTM-score = 0.3146, piTM-score = 0.0000, interface-score = 0.0000, iRes = 0    iCnt = 0   
Info: MYD88_Q91VJ5_x1 model_4_multimer_v2_p1_230309_487094_recycled_14,  tol =  7.74, pLDDT = 62.51, pTM-score = 0.3149, piTM-score = 0.0000, interface-score = 0.0000, iRes = 0    iCnt = 0   
Info: MYD88_Q91VJ5_x1 model_4_multimer_v2_p1_230309_487094_recycled_15,  tol =  6.94, pLDDT = 62.32, pTM-score = 0.3156, piTM-score = 0.0000, interface-score = 0.0000, iRes = 0    iCnt = 0   
Info: MYD88_Q91VJ5_x1 model_4_multimer_v2_p1_230309_487094_recycled_16,  tol =  5.15, pLDDT = 63.01, pTM-score = 0.3164, piTM-score = 0.0000, interface-score = 0.0000, iRes = 0    iCnt = 0   
Info: MYD88_Q91VJ5_x1 model_4_multimer_v2_p1_230309_487094_recycled_17,  tol =  8.29, pLDDT = 63.01, pTM-score = 0.3153, piTM-score = 0.0000, interface-score = 0.0000, iRes = 0    iCnt = 0   
Info: MYD88_Q91VJ5_x1 model_4_multimer_v2_p1_230309_487094_recycled_18,  tol =  5.28, pLDDT = 62.71, pTM-score = 0.3144, piTM-score = 0.0000, interface-score = 0.0000, iRes = 0    iCnt = 0   
Info: MYD88_Q91VJ5_x1 model_4_multimer_v2_p1_230309_487094_recycled_19,  tol = 12.41, pLDDT = 63.27, pTM-score = 0.3144, piTM-score = 0.0000, interface-score = 0.0000, iRes = 0    iCnt = 0   
Info: MYD88_Q91VJ5_x1 model_4_multimer_v2_p1_230309_487094 performed 20 recycles, final tol = 9.06, pLDDT = 63.23, pTM-score = 0.3150, piTM-score = 0.0000, interface-score = 0.0000, iRes = 0    iCnt = 0   
Info: num_clusters = 2, cluster_sizes = [1, 1],  clusters = [['MYD88_MOUSE_0'], ['Q91VJ5_0']]

I0309 07:38:09.541722 22552934819648 run_af2c_mod.py:404] Final timings for MYD88_Q91VJ5_x1: {'features': 0.71, 'process_features_model_4_multimer_v2_p1_230309_487094': 0.0, 'predict_and_compile_model_4_multimer_v2_p1_230309_487094': 481.2}
                                  
================================= 
Global information about the job: 
================================= 
  
Job owner: flobnow(42847)
Job name:  4_AF2C
Node list: ravg1077
Job start: Thu Mar  9 07:29:52 CET 2023
Job end:   Thu Mar  9 07:38:11 CET 2023
Work dir:  /raven/u/flobnow/workingLama/scripts/myRuns/Q91VJ5
Command:   /raven/u/flobnow/workingLama/scripts/myRuns/Q91VJ5/script2_comp_model_4.sh
  
  
  
==========================================================================================
Information on jobsteps (Note: MaxRSS/AveRSS is the maximum/average over all 
tasks of the per-task memory high-water marks; cf. "man sacct"): 
==========================================================================================
  
JobID            JobName NNodes NTasks  NCPUS        0.00M        0.00M    Elapsed ExitCode
------------- ---------- ------ ------ ------ ------------ ------------ ---------- --------
4385329           4_AF2C      1           108                             00:08:19      0:0
4385329.0        python3      1      1    108    19512.46M    19512.46M   00:08:18      0:0
  
Maximum memory per node: 20.460300 GB (defined as MaxRSS*Ntasks/NNodes)
CPU utilization: 2.0 %
  
Info: input file name is Q91VJ5
Info: input target list is /u/flobnow/workingLama/scripts/myRuns/Q91VJ5/target.lst
Info: input feature directory is /u/flobnow/workingLama/feature_files
Info: result output directory is /u/flobnow/workingLama/output_files
Info: model preset is multimer_np
Info: msa pairing is all
Info: recycling setting is 1
Info: using preset super2
Info: set num_ensemble = 2
Info: set max_recyles = 20
Info: set recycle_tol = 0.1
Info: mas_pairing mode is all
I0309 10:07:38.188731 23007865997120 tpu_client.py:54] Starting the local TPU driver.
I0309 10:07:38.189115 23007865997120 xla_bridge.py:212] Unable to initialize backend 'tpu_driver': Not found: Unable to find driver in registry given worker: local://
I0309 10:07:38.541304 23007865997120 xla_bridge.py:212] Unable to initialize backend 'tpu': Invalid argument: TpuPlatform is not available.
I0309 10:07:41.273876 23007865997120 run_af2c_mod.py:481] Have 1 models: ['model_5_multimer_v2_p1']
Info: working on target MYD88_Q91VJ5_x1
I0309 10:07:47.280208 23007865997120 run_af2c_mod.py:512] Using random seed 3701778675620901292 for the data pipeline
Info: MYD88_Q91VJ5_x1 found monomer MYD88_MOUSE msa_depth = 3425, seq_len = 296, num_templ = 20
Info: MYD88_MOUSE reducing the number of structural templates to 4
Info: MYD88_Q91VJ5_x1 found monomer Q91VJ5 msa_depth = 2584, seq_len = 263, num_templ = 20
Info: Q91VJ5 reducing the number of structural templates to 4
Info: 2 chain(s) to model {'A': 'MYD88_MOUSE_1', 'B': 'Q91VJ5_1'}
Info: modeling MYD88_Q91VJ5_x1 with msa_depth = 5112, seq_len = 559, num_templ = 8
I0309 10:07:48.049670 23007865997120 run_af2c_mod.py:216] Running model model_5_multimer_v2_p1_230309_901292
I0309 10:07:48.050139 23007865997120 model.py:205] Running predict with shape(feat) = {'msa': (5112, 559), 'bert_mask': (5112, 559), 'num_alignments': (), 'aatype': (559,), 'seq_length': (), 'template_aatype': (8, 559), 'template_all_atom_mask': (8, 559, 37), 'template_all_atom_positions': (8, 559, 37, 3), 'all_atom_positions': (559, 37, 3), 'template_domain_names': (8,), 'asym_id': (559,), 'sym_id': (559,), 'entity_id': (559,), 'residue_index': (559,), 'deletion_matrix': (5112, 559), 'seq_mask': (559,), 'msa_mask': (5112, 559), 'cluster_bias_mask': (5112,), 'pdb_residue_index': (559,)}
I0309 10:15:43.081610 23007865997120 run_af2c_mod.py:270] Total JAX model model_5_multimer_v2_p1_230309_901292 predict time (includes compilation time): 475.0 seconds
Info: MYD88_Q91VJ5_x1 model_5_multimer_v2_p1_230309_901292_recycled_00,  tol =   inf, pLDDT = 59.92, pTM-score = 0.3064, piTM-score = 0.0000, interface-score = 0.0000, iRes = 0    iCnt = 0   
Info: MYD88_Q91VJ5_x1 model_5_multimer_v2_p1_230309_901292_recycled_01,  tol = 91.51, pLDDT = 58.69, pTM-score = 0.3156, piTM-score = 0.0040, interface-score = 0.0000, iRes = 3    iCnt = 2   
Info: MYD88_Q91VJ5_x1 model_5_multimer_v2_p1_230309_901292_recycled_02,  tol = 37.86, pLDDT = 59.60, pTM-score = 0.3139, piTM-score = 0.0000, interface-score = 0.0000, iRes = 0    iCnt = 0   
Info: MYD88_Q91VJ5_x1 model_5_multimer_v2_p1_230309_901292_recycled_03,  tol = 25.42, pLDDT = 61.13, pTM-score = 0.3139, piTM-score = 0.0000, interface-score = 0.0000, iRes = 0    iCnt = 0   
Info: MYD88_Q91VJ5_x1 model_5_multimer_v2_p1_230309_901292_recycled_04,  tol = 14.28, pLDDT = 61.62, pTM-score = 0.3177, piTM-score = 0.0000, interface-score = 0.0000, iRes = 0    iCnt = 0   
Info: MYD88_Q91VJ5_x1 model_5_multimer_v2_p1_230309_901292_recycled_05,  tol =  8.50, pLDDT = 61.33, pTM-score = 0.3170, piTM-score = 0.0000, interface-score = 0.0000, iRes = 0    iCnt = 0   
Info: MYD88_Q91VJ5_x1 model_5_multimer_v2_p1_230309_901292_recycled_06,  tol =  5.62, pLDDT = 61.17, pTM-score = 0.3177, piTM-score = 0.0000, interface-score = 0.0000, iRes = 0    iCnt = 0   
Info: MYD88_Q91VJ5_x1 model_5_multimer_v2_p1_230309_901292_recycled_07,  tol =  7.26, pLDDT = 60.87, pTM-score = 0.3177, piTM-score = 0.0000, interface-score = 0.0000, iRes = 0    iCnt = 0   
Info: MYD88_Q91VJ5_x1 model_5_multimer_v2_p1_230309_901292_recycled_08,  tol =  5.14, pLDDT = 60.87, pTM-score = 0.3181, piTM-score = 0.0000, interface-score = 0.0000, iRes = 0    iCnt = 0   
Info: MYD88_Q91VJ5_x1 model_5_multimer_v2_p1_230309_901292_recycled_09,  tol =  4.92, pLDDT = 60.94, pTM-score = 0.3161, piTM-score = 0.0000, interface-score = 0.0000, iRes = 0    iCnt = 0   
Info: MYD88_Q91VJ5_x1 model_5_multimer_v2_p1_230309_901292_recycled_10,  tol =  6.65, pLDDT = 60.78, pTM-score = 0.3150, piTM-score = 0.0000, interface-score = 0.0000, iRes = 0    iCnt = 0   
Info: MYD88_Q91VJ5_x1 model_5_multimer_v2_p1_230309_901292_recycled_11,  tol =  6.16, pLDDT = 60.48, pTM-score = 0.3168, piTM-score = 0.0000, interface-score = 0.0000, iRes = 0    iCnt = 0   
Info: MYD88_Q91VJ5_x1 model_5_multimer_v2_p1_230309_901292_recycled_12,  tol =  7.23, pLDDT = 60.71, pTM-score = 0.3169, piTM-score = 0.0000, interface-score = 0.0000, iRes = 0    iCnt = 0   
Info: MYD88_Q91VJ5_x1 model_5_multimer_v2_p1_230309_901292_recycled_13,  tol =  5.58, pLDDT = 60.50, pTM-score = 0.3169, piTM-score = 0.0000, interface-score = 0.0000, iRes = 0    iCnt = 0   
Info: MYD88_Q91VJ5_x1 model_5_multimer_v2_p1_230309_901292_recycled_14,  tol =  4.87, pLDDT = 60.72, pTM-score = 0.3162, piTM-score = 0.0000, interface-score = 0.0000, iRes = 0    iCnt = 0   
Info: MYD88_Q91VJ5_x1 model_5_multimer_v2_p1_230309_901292_recycled_15,  tol =  6.60, pLDDT = 60.27, pTM-score = 0.3156, piTM-score = 0.0000, interface-score = 0.0000, iRes = 0    iCnt = 0   
Info: MYD88_Q91VJ5_x1 model_5_multimer_v2_p1_230309_901292_recycled_16,  tol =  5.43, pLDDT = 60.90, pTM-score = 0.3164, piTM-score = 0.0000, interface-score = 0.0000, iRes = 0    iCnt = 0   
Info: MYD88_Q91VJ5_x1 model_5_multimer_v2_p1_230309_901292_recycled_17,  tol =  5.01, pLDDT = 60.49, pTM-score = 0.3152, piTM-score = 0.0000, interface-score = 0.0000, iRes = 0    iCnt = 0   
Info: MYD88_Q91VJ5_x1 model_5_multimer_v2_p1_230309_901292_recycled_18,  tol =  3.09, pLDDT = 60.63, pTM-score = 0.3166, piTM-score = 0.0000, interface-score = 0.0000, iRes = 0    iCnt = 0   
Info: MYD88_Q91VJ5_x1 model_5_multimer_v2_p1_230309_901292_recycled_19,  tol =  6.35, pLDDT = 60.78, pTM-score = 0.3156, piTM-score = 0.0000, interface-score = 0.0000, iRes = 0    iCnt = 0   
Info: MYD88_Q91VJ5_x1 model_5_multimer_v2_p1_230309_901292 performed 20 recycles, final tol = 5.59, pLDDT = 60.97, pTM-score = 0.3163, piTM-score = 0.0000, interface-score = 0.0000, iRes = 0    iCnt = 0   
Info: num_clusters = 2, cluster_sizes = [1, 1],  clusters = [['MYD88_MOUSE_0'], ['Q91VJ5_0']]

I0309 10:15:45.364924 23007865997120 run_af2c_mod.py:404] Final timings for MYD88_Q91VJ5_x1: {'features': 0.77, 'process_features_model_5_multimer_v2_p1_230309_901292': 0.0, 'predict_and_compile_model_5_multimer_v2_p1_230309_901292': 475.0}
                                  
================================= 
Global information about the job: 
================================= 
  
Job owner: flobnow(42847)
Job name:  5_AF2C
Node list: ravg1096
Job start: Thu Mar  9 10:07:27 CET 2023
Job end:   Thu Mar  9 10:15:47 CET 2023
Work dir:  /raven/u/flobnow/workingLama/scripts/myRuns/Q91VJ5
Command:   /raven/u/flobnow/workingLama/scripts/myRuns/Q91VJ5/script2_comp_model_5.sh
  
  
  
==========================================================================================
Information on jobsteps (Note: MaxRSS/AveRSS is the maximum/average over all 
tasks of the per-task memory high-water marks; cf. "man sacct"): 
==========================================================================================
  
JobID            JobName NNodes NTasks  NCPUS        0.00M        0.00M    Elapsed ExitCode
------------- ---------- ------ ------ ------ ------------ ------------ ---------- --------
4385432           5_AF2C      1           108                             00:08:20      0:0
4385432.0        python3      1      1    108    19591.91M    19591.91M   00:08:16      0:0
  
Maximum memory per node: 20.543611 GB (defined as MaxRSS*Ntasks/NNodes)
CPU utilization: 1.9 %
  
Info: target file is /u/flobnow/workingLama/scripts/myRuns/Q91VJ5/target.lst
Info: input directory of unrelaxed models is /u/flobnow/workingLama/output_files
Info: output directory of relaxed models is /u/flobnow/workingLama/output_files
/bin/sh: /mpcdf/soft/SLE_15/packages/x86_64/alphafold/2.2.0/lib/libtinfo.so.6: no version information available (required by /lib64/libreadline.so.7)
I0309 13:25:15.854108 22373923022656 run_af2c_min.py:88] MYD88_Q91VJ5_x1 processing model_3_multimer_v2_p1_230309_148472.pdb
sh: /mpcdf/soft/SLE_15/packages/x86_64/alphafold/2.2.0/lib/libtinfo.so.6: no version information available (required by /lib64/libreadline.so.7)
sh: /mpcdf/soft/SLE_15/packages/x86_64/alphafold/2.2.0/lib/libtinfo.so.6: no version information available (required by /lib64/libreadline.so.7)
I0309 13:25:24.199331 22373923022656 amber_minimize.py:177] alterations info: {'nonstandard_residues': [], 'removed_heterogens': set(), 'missing_residues': {}, 'missing_heavy_atoms': {}, 'missing_terminals': {<Residue 295 (PRO) of chain 0>: ['OXT'], <Residue 558 (ASP) of chain 1>: ['OXT']}, 'Se_in_MET': [], 'removed_chains': {0: []}}
I0309 13:25:25.062412 22373923022656 amber_minimize.py:408] Minimizing protein, attempt 1 of 100.
I0309 13:25:26.042675 22373923022656 amber_minimize.py:69] Restraining 4526 / 8983 particles.
sh: /mpcdf/soft/SLE_15/packages/x86_64/alphafold/2.2.0/lib/libtinfo.so.6: no version information available (required by /lib64/libreadline.so.7)
I0309 13:26:08.381330 22373923022656 amber_minimize.py:177] alterations info: {'nonstandard_residues': [], 'removed_heterogens': set(), 'missing_residues': {}, 'missing_heavy_atoms': {}, 'missing_terminals': {}, 'Se_in_MET': [], 'removed_chains': {0: []}}
I0309 13:26:09.231158 22373923022656 tpu_client.py:54] Starting the local TPU driver.
I0309 13:26:09.233242 22373923022656 xla_bridge.py:212] Unable to initialize backend 'tpu_driver': Not found: Unable to find driver in registry given worker: local://
I0309 13:26:09.471154 22373923022656 xla_bridge.py:212] Unable to initialize backend 'tpu': Invalid argument: TpuPlatform is not available.
I0309 13:26:18.588969 22373923022656 amber_minimize.py:500] Iteration completed: Einit 108558800.19 Efinal -7918.76 Time 38.65 s num residue violations 20 num residue exclusions 0 
I0309 13:26:18.633422 22373923022656 amber_minimize.py:408] Minimizing protein, attempt 1 of 100.
I0309 13:26:19.544855 22373923022656 amber_minimize.py:69] Restraining 4359 / 8983 particles.
sh: /mpcdf/soft/SLE_15/packages/x86_64/alphafold/2.2.0/lib/libtinfo.so.6: no version information available (required by /lib64/libreadline.so.7)
I0309 13:26:58.115128 22373923022656 amber_minimize.py:177] alterations info: {'nonstandard_residues': [], 'removed_heterogens': set(), 'missing_residues': {}, 'missing_heavy_atoms': {}, 'missing_terminals': {}, 'Se_in_MET': [], 'removed_chains': {0: []}}
I0309 13:27:00.052969 22373923022656 amber_minimize.py:500] Iteration completed: Einit 11381.05 Efinal -10458.00 Time 34.89 s num residue violations 16 num residue exclusions 20 
I0309 13:27:00.053619 22373923022656 amber_minimize.py:408] Minimizing protein, attempt 1 of 100.
I0309 13:27:00.984297 22373923022656 amber_minimize.py:69] Restraining 4340 / 8983 particles.
sh: /mpcdf/soft/SLE_15/packages/x86_64/alphafold/2.2.0/lib/libtinfo.so.6: no version information available (required by /lib64/libreadline.so.7)
I0309 13:27:42.347687 22373923022656 amber_minimize.py:177] alterations info: {'nonstandard_residues': [], 'removed_heterogens': set(), 'missing_residues': {}, 'missing_heavy_atoms': {}, 'missing_terminals': {}, 'Se_in_MET': [], 'removed_chains': {0: []}}
I0309 13:27:44.295977 22373923022656 amber_minimize.py:500] Iteration completed: Einit 11920.65 Efinal -11317.78 Time 37.74 s num residue violations 16 num residue exclusions 22 
sh: /mpcdf/soft/SLE_15/packages/x86_64/alphafold/2.2.0/lib/libtinfo.so.6: no version information available (required by /lib64/libreadline.so.7)
sh: /mpcdf/soft/SLE_15/packages/x86_64/alphafold/2.2.0/lib/libtinfo.so.6: no version information available (required by /lib64/libreadline.so.7)
I0309 13:27:49.168773 22373923022656 amber_minimize.py:177] alterations info: {'nonstandard_residues': [], 'removed_heterogens': set(), 'missing_residues': {}, 'missing_heavy_atoms': {}, 'missing_terminals': {<Residue 295 (PRO) of chain 0>: ['OXT'], <Residue 558 (ASP) of chain 1>: ['OXT']}, 'Se_in_MET': [], 'removed_chains': {0: []}}
I0309 13:27:50.915147 22373923022656 run_af2c_min.py:110] MYD88_Q91VJ5_x1 relaxation done, time spent 154.7 seconds, Efinal -11317.78, rmsd 0.40
I0309 13:27:50.915268 22373923022656 run_af2c_min.py:88] MYD88_Q91VJ5_x1 processing model_2_multimer_v2_p1_230309_352438.pdb
sh: /mpcdf/soft/SLE_15/packages/x86_64/alphafold/2.2.0/lib/libtinfo.so.6: no version information available (required by /lib64/libreadline.so.7)
sh: /mpcdf/soft/SLE_15/packages/x86_64/alphafold/2.2.0/lib/libtinfo.so.6: no version information available (required by /lib64/libreadline.so.7)
I0309 13:27:56.030268 22373923022656 amber_minimize.py:177] alterations info: {'nonstandard_residues': [], 'removed_heterogens': set(), 'missing_residues': {}, 'missing_heavy_atoms': {}, 'missing_terminals': {<Residue 295 (PRO) of chain 0>: ['OXT'], <Residue 558 (ASP) of chain 1>: ['OXT']}, 'Se_in_MET': [], 'removed_chains': {0: []}}
I0309 13:27:56.893110 22373923022656 amber_minimize.py:408] Minimizing protein, attempt 1 of 100.
I0309 13:27:57.833167 22373923022656 amber_minimize.py:69] Restraining 4526 / 8983 particles.
sh: /mpcdf/soft/SLE_15/packages/x86_64/alphafold/2.2.0/lib/libtinfo.so.6: no version information available (required by /lib64/libreadline.so.7)
I0309 13:29:01.026507 22373923022656 amber_minimize.py:177] alterations info: {'nonstandard_residues': [], 'removed_heterogens': set(), 'missing_residues': {}, 'missing_heavy_atoms': {}, 'missing_terminals': {}, 'Se_in_MET': [], 'removed_chains': {0: []}}
I0309 13:29:02.914467 22373923022656 amber_minimize.py:500] Iteration completed: Einit 127803119355.72 Efinal -7887.84 Time 59.60 s num residue violations 40 num residue exclusions 0 
I0309 13:29:02.915092 22373923022656 amber_minimize.py:408] Minimizing protein, attempt 1 of 100.
I0309 13:29:03.828771 22373923022656 amber_minimize.py:69] Restraining 4157 / 8983 particles.
sh: /mpcdf/soft/SLE_15/packages/x86_64/alphafold/2.2.0/lib/libtinfo.so.6: no version information available (required by /lib64/libreadline.so.7)
I0309 13:30:17.160360 22373923022656 amber_minimize.py:177] alterations info: {'nonstandard_residues': [], 'removed_heterogens': set(), 'missing_residues': {}, 'missing_heavy_atoms': {}, 'missing_terminals': {}, 'Se_in_MET': [], 'removed_chains': {0: []}}
I0309 13:30:19.092058 22373923022656 amber_minimize.py:500] Iteration completed: Einit 13823.44 Efinal -10867.08 Time 69.75 s num residue violations 30 num residue exclusions 40 
I0309 13:30:19.092727 22373923022656 amber_minimize.py:408] Minimizing protein, attempt 1 of 100.
I0309 13:30:20.039714 22373923022656 amber_minimize.py:69] Restraining 4120 / 8983 particles.
sh: /mpcdf/soft/SLE_15/packages/x86_64/alphafold/2.2.0/lib/libtinfo.so.6: no version information available (required by /lib64/libreadline.so.7)
I0309 13:30:57.682442 22373923022656 amber_minimize.py:177] alterations info: {'nonstandard_residues': [], 'removed_heterogens': set(), 'missing_residues': {}, 'missing_heavy_atoms': {}, 'missing_terminals': {}, 'Se_in_MET': [], 'removed_chains': {0: []}}
I0309 13:30:59.524297 22373923022656 amber_minimize.py:500] Iteration completed: Einit 12842.55 Efinal -11700.39 Time 34.12 s num residue violations 33 num residue exclusions 44 
sh: /mpcdf/soft/SLE_15/packages/x86_64/alphafold/2.2.0/lib/libtinfo.so.6: no version information available (required by /lib64/libreadline.so.7)
sh: /mpcdf/soft/SLE_15/packages/x86_64/alphafold/2.2.0/lib/libtinfo.so.6: no version information available (required by /lib64/libreadline.so.7)
I0309 13:31:04.288238 22373923022656 amber_minimize.py:177] alterations info: {'nonstandard_residues': [], 'removed_heterogens': set(), 'missing_residues': {}, 'missing_heavy_atoms': {}, 'missing_terminals': {<Residue 295 (PRO) of chain 0>: ['OXT'], <Residue 558 (ASP) of chain 1>: ['OXT']}, 'Se_in_MET': [], 'removed_chains': {0: []}}
I0309 13:31:06.138294 22373923022656 run_af2c_min.py:110] MYD88_Q91VJ5_x1 relaxation done, time spent 194.9 seconds, Efinal -11700.39, rmsd 0.40
I0309 13:31:06.138415 22373923022656 run_af2c_min.py:88] MYD88_Q91VJ5_x1 processing model_1_multimer_v2_p1_230309_219450.pdb
sh: /mpcdf/soft/SLE_15/packages/x86_64/alphafold/2.2.0/lib/libtinfo.so.6: no version information available (required by /lib64/libreadline.so.7)
sh: /mpcdf/soft/SLE_15/packages/x86_64/alphafold/2.2.0/lib/libtinfo.so.6: no version information available (required by /lib64/libreadline.so.7)
I0309 13:31:11.093681 22373923022656 amber_minimize.py:177] alterations info: {'nonstandard_residues': [], 'removed_heterogens': set(), 'missing_residues': {}, 'missing_heavy_atoms': {}, 'missing_terminals': {<Residue 295 (PRO) of chain 0>: ['OXT'], <Residue 558 (ASP) of chain 1>: ['OXT']}, 'Se_in_MET': [], 'removed_chains': {0: []}}
I0309 13:31:11.895210 22373923022656 amber_minimize.py:408] Minimizing protein, attempt 1 of 100.
I0309 13:31:12.819938 22373923022656 amber_minimize.py:69] Restraining 4526 / 8983 particles.
sh: /mpcdf/soft/SLE_15/packages/x86_64/alphafold/2.2.0/lib/libtinfo.so.6: no version information available (required by /lib64/libreadline.so.7)
I0309 13:31:52.514659 22373923022656 amber_minimize.py:177] alterations info: {'nonstandard_residues': [], 'removed_heterogens': set(), 'missing_residues': {}, 'missing_heavy_atoms': {}, 'missing_terminals': {}, 'Se_in_MET': [], 'removed_chains': {0: []}}
I0309 13:31:54.384262 22373923022656 amber_minimize.py:500] Iteration completed: Einit 45868259.60 Efinal -8231.45 Time 36.18 s num residue violations 7 num residue exclusions 0 
I0309 13:31:54.384844 22373923022656 amber_minimize.py:408] Minimizing protein, attempt 1 of 100.
I0309 13:31:55.292167 22373923022656 amber_minimize.py:69] Restraining 4460 / 8983 particles.
sh: /mpcdf/soft/SLE_15/packages/x86_64/alphafold/2.2.0/lib/libtinfo.so.6: no version information available (required by /lib64/libreadline.so.7)
I0309 13:33:44.691244 22373923022656 amber_minimize.py:177] alterations info: {'nonstandard_residues': [], 'removed_heterogens': set(), 'missing_residues': {}, 'missing_heavy_atoms': {}, 'missing_terminals': {}, 'Se_in_MET': [], 'removed_chains': {0: []}}
I0309 13:33:46.581988 22373923022656 amber_minimize.py:500] Iteration completed: Einit 13285.08 Efinal -10868.00 Time 105.78 s num residue violations 4 num residue exclusions 7 
I0309 13:33:46.582565 22373923022656 amber_minimize.py:408] Minimizing protein, attempt 1 of 100.
I0309 13:33:47.464878 22373923022656 amber_minimize.py:69] Restraining 4460 / 8983 particles.
sh: /mpcdf/soft/SLE_15/packages/x86_64/alphafold/2.2.0/lib/libtinfo.so.6: no version information available (required by /lib64/libreadline.so.7)
I0309 13:34:41.010383 22373923022656 amber_minimize.py:177] alterations info: {'nonstandard_residues': [], 'removed_heterogens': set(), 'missing_residues': {}, 'missing_heavy_atoms': {}, 'missing_terminals': {}, 'Se_in_MET': [], 'removed_chains': {0: []}}
I0309 13:34:42.946356 22373923022656 amber_minimize.py:500] Iteration completed: Einit 18987.54 Efinal -11771.06 Time 49.99 s num residue violations 8 num residue exclusions 7 
sh: /mpcdf/soft/SLE_15/packages/x86_64/alphafold/2.2.0/lib/libtinfo.so.6: no version information available (required by /lib64/libreadline.so.7)
sh: /mpcdf/soft/SLE_15/packages/x86_64/alphafold/2.2.0/lib/libtinfo.so.6: no version information available (required by /lib64/libreadline.so.7)
I0309 13:34:47.760699 22373923022656 amber_minimize.py:177] alterations info: {'nonstandard_residues': [], 'removed_heterogens': set(), 'missing_residues': {}, 'missing_heavy_atoms': {}, 'missing_terminals': {<Residue 295 (PRO) of chain 0>: ['OXT'], <Residue 558 (ASP) of chain 1>: ['OXT']}, 'Se_in_MET': [], 'removed_chains': {0: []}}
I0309 13:34:49.550439 22373923022656 run_af2c_min.py:110] MYD88_Q91VJ5_x1 relaxation done, time spent 223.1 seconds, Efinal -11771.06, rmsd 0.40
I0309 13:34:49.550565 22373923022656 run_af2c_min.py:88] MYD88_Q91VJ5_x1 processing model_5_multimer_v2_p1_230309_901292.pdb
sh: /mpcdf/soft/SLE_15/packages/x86_64/alphafold/2.2.0/lib/libtinfo.so.6: no version information available (required by /lib64/libreadline.so.7)
sh: /mpcdf/soft/SLE_15/packages/x86_64/alphafold/2.2.0/lib/libtinfo.so.6: no version information available (required by /lib64/libreadline.so.7)
I0309 13:34:54.549295 22373923022656 amber_minimize.py:177] alterations info: {'nonstandard_residues': [], 'removed_heterogens': set(), 'missing_residues': {}, 'missing_heavy_atoms': {}, 'missing_terminals': {<Residue 295 (PRO) of chain 0>: ['OXT'], <Residue 558 (ASP) of chain 1>: ['OXT']}, 'Se_in_MET': [], 'removed_chains': {0: []}}
I0309 13:34:55.329457 22373923022656 amber_minimize.py:408] Minimizing protein, attempt 1 of 100.
I0309 13:34:56.264489 22373923022656 amber_minimize.py:69] Restraining 4526 / 8983 particles.
sh: /mpcdf/soft/SLE_15/packages/x86_64/alphafold/2.2.0/lib/libtinfo.so.6: no version information available (required by /lib64/libreadline.so.7)
I0309 13:35:34.072621 22373923022656 amber_minimize.py:177] alterations info: {'nonstandard_residues': [], 'removed_heterogens': set(), 'missing_residues': {}, 'missing_heavy_atoms': {}, 'missing_terminals': {}, 'Se_in_MET': [], 'removed_chains': {0: []}}
I0309 13:35:35.962120 22373923022656 amber_minimize.py:500] Iteration completed: Einit 66105233.93 Efinal -7684.54 Time 34.30 s num residue violations 23 num residue exclusions 0 
I0309 13:35:35.962761 22373923022656 amber_minimize.py:408] Minimizing protein, attempt 1 of 100.
I0309 13:35:36.882008 22373923022656 amber_minimize.py:69] Restraining 4309 / 8983 particles.
sh: /mpcdf/soft/SLE_15/packages/x86_64/alphafold/2.2.0/lib/libtinfo.so.6: no version information available (required by /lib64/libreadline.so.7)
I0309 13:37:04.301699 22373923022656 amber_minimize.py:177] alterations info: {'nonstandard_residues': [], 'removed_heterogens': set(), 'missing_residues': {}, 'missing_heavy_atoms': {}, 'missing_terminals': {}, 'Se_in_MET': [], 'removed_chains': {0: []}}
I0309 13:37:06.195349 22373923022656 amber_minimize.py:500] Iteration completed: Einit 10548.03 Efinal -11276.71 Time 83.75 s num residue violations 19 num residue exclusions 23 
I0309 13:37:06.196210 22373923022656 amber_minimize.py:408] Minimizing protein, attempt 1 of 100.
I0309 13:37:07.152722 22373923022656 amber_minimize.py:69] Restraining 4298 / 8983 particles.
sh: /mpcdf/soft/SLE_15/packages/x86_64/alphafold/2.2.0/lib/libtinfo.so.6: no version information available (required by /lib64/libreadline.so.7)
I0309 13:37:45.897689 22373923022656 amber_minimize.py:177] alterations info: {'nonstandard_residues': [], 'removed_heterogens': set(), 'missing_residues': {}, 'missing_heavy_atoms': {}, 'missing_terminals': {}, 'Se_in_MET': [], 'removed_chains': {0: []}}
I0309 13:37:47.779773 22373923022656 amber_minimize.py:500] Iteration completed: Einit 16564.22 Efinal -12117.41 Time 35.28 s num residue violations 16 num residue exclusions 24 
sh: /mpcdf/soft/SLE_15/packages/x86_64/alphafold/2.2.0/lib/libtinfo.so.6: no version information available (required by /lib64/libreadline.so.7)
sh: /mpcdf/soft/SLE_15/packages/x86_64/alphafold/2.2.0/lib/libtinfo.so.6: no version information available (required by /lib64/libreadline.so.7)
I0309 13:37:52.361632 22373923022656 amber_minimize.py:177] alterations info: {'nonstandard_residues': [], 'removed_heterogens': set(), 'missing_residues': {}, 'missing_heavy_atoms': {}, 'missing_terminals': {<Residue 295 (PRO) of chain 0>: ['OXT'], <Residue 558 (ASP) of chain 1>: ['OXT']}, 'Se_in_MET': [], 'removed_chains': {0: []}}
I0309 13:37:54.074000 22373923022656 run_af2c_min.py:110] MYD88_Q91VJ5_x1 relaxation done, time spent 184.2 seconds, Efinal -12117.41, rmsd 0.40
I0309 13:37:54.074114 22373923022656 run_af2c_min.py:88] MYD88_Q91VJ5_x1 processing model_4_multimer_v2_p1_230309_487094.pdb
sh: /mpcdf/soft/SLE_15/packages/x86_64/alphafold/2.2.0/lib/libtinfo.so.6: no version information available (required by /lib64/libreadline.so.7)
sh: /mpcdf/soft/SLE_15/packages/x86_64/alphafold/2.2.0/lib/libtinfo.so.6: no version information available (required by /lib64/libreadline.so.7)
I0309 13:37:59.006425 22373923022656 amber_minimize.py:177] alterations info: {'nonstandard_residues': [], 'removed_heterogens': set(), 'missing_residues': {}, 'missing_heavy_atoms': {}, 'missing_terminals': {<Residue 295 (PRO) of chain 0>: ['OXT'], <Residue 558 (ASP) of chain 1>: ['OXT']}, 'Se_in_MET': [], 'removed_chains': {0: []}}
I0309 13:37:59.864724 22373923022656 amber_minimize.py:408] Minimizing protein, attempt 1 of 100.
I0309 13:38:00.820242 22373923022656 amber_minimize.py:69] Restraining 4526 / 8983 particles.
sh: /mpcdf/soft/SLE_15/packages/x86_64/alphafold/2.2.0/lib/libtinfo.so.6: no version information available (required by /lib64/libreadline.so.7)
I0309 13:38:46.712072 22373923022656 amber_minimize.py:177] alterations info: {'nonstandard_residues': [], 'removed_heterogens': set(), 'missing_residues': {}, 'missing_heavy_atoms': {}, 'missing_terminals': {}, 'Se_in_MET': [], 'removed_chains': {0: []}}
I0309 13:38:48.607174 22373923022656 amber_minimize.py:500] Iteration completed: Einit 651635.31 Efinal -8822.18 Time 42.30 s num residue violations 14 num residue exclusions 0 
I0309 13:38:48.607775 22373923022656 amber_minimize.py:408] Minimizing protein, attempt 1 of 100.
I0309 13:38:49.527057 22373923022656 amber_minimize.py:69] Restraining 4406 / 8983 particles.
sh: /mpcdf/soft/SLE_15/packages/x86_64/alphafold/2.2.0/lib/libtinfo.so.6: no version information available (required by /lib64/libreadline.so.7)
I0309 13:39:34.516385 22373923022656 amber_minimize.py:177] alterations info: {'nonstandard_residues': [], 'removed_heterogens': set(), 'missing_residues': {}, 'missing_heavy_atoms': {}, 'missing_terminals': {}, 'Se_in_MET': [], 'removed_chains': {0: []}}
I0309 13:39:36.421529 22373923022656 amber_minimize.py:500] Iteration completed: Einit 12427.06 Efinal -11051.69 Time 41.47 s num residue violations 0 num residue exclusions 14 
sh: /mpcdf/soft/SLE_15/packages/x86_64/alphafold/2.2.0/lib/libtinfo.so.6: no version information available (required by /lib64/libreadline.so.7)
sh: /mpcdf/soft/SLE_15/packages/x86_64/alphafold/2.2.0/lib/libtinfo.so.6: no version information available (required by /lib64/libreadline.so.7)
I0309 13:39:41.222656 22373923022656 amber_minimize.py:177] alterations info: {'nonstandard_residues': [], 'removed_heterogens': set(), 'missing_residues': {}, 'missing_heavy_atoms': {}, 'missing_terminals': {<Residue 295 (PRO) of chain 0>: ['OXT'], <Residue 558 (ASP) of chain 1>: ['OXT']}, 'Se_in_MET': [], 'removed_chains': {0: []}}
I0309 13:39:42.961874 22373923022656 run_af2c_min.py:110] MYD88_Q91VJ5_x1 relaxation done, time spent 108.6 seconds, Efinal -11051.69, rmsd 0.44
                                  
================================= 
Global information about the job: 
================================= 
  
Job owner: flobnow(42847)
Job name:  6_RLX
Node list: ravg1077
Job start: Thu Mar  9 13:25:05 CET 2023
Job end:   Thu Mar  9 13:39:43 CET 2023
Work dir:  /raven/u/flobnow/workingLama/scripts/myRuns/Q91VJ5
Command:   /raven/u/flobnow/workingLama/scripts/myRuns/Q91VJ5/script3_relaxation.sh
  
  
  
==========================================================================================
Information on jobsteps (Note: MaxRSS/AveRSS is the maximum/average over all 
tasks of the per-task memory high-water marks; cf. "man sacct"): 
==========================================================================================
  
JobID            JobName NNodes NTasks  NCPUS        0.00M        0.00M    Elapsed ExitCode
------------- ---------- ------ ------ ------ ------------ ------------ ---------- --------
4385435            6_RLX      1           108                             00:14:38      0:0
4385435.0        python3      1      1    108    13155.12M    13155.12M   00:14:35      0:0
  
Maximum memory per node: 13.794139 GB (defined as MaxRSS*Ntasks/NNodes)
CPU utilization: 76.2 %
  
