Info: input file name is BDLD_36
Info: input target list is /u/flobnow/workingLama/scripts/myRuns/BDLD_36/target.lst
Info: input feature directory is /u/flobnow/workingLama/feature_files
Info: result output directory is /u/flobnow/workingLama/output_files
Info: model preset is multimer_np
Info: msa pairing is all
Info: recycling setting is 1
Info: using preset super2
Info: set num_ensemble = 2
Info: set max_recyles = 20
Info: set recycle_tol = 0.1
Info: mas_pairing mode is all
I0130 19:02:22.187072 23133450647360 tpu_client.py:54] Starting the local TPU driver.
I0130 19:02:22.254263 23133450647360 xla_bridge.py:212] Unable to initialize backend 'tpu_driver': Not found: Unable to find driver in registry given worker: local://
I0130 19:02:22.586730 23133450647360 xla_bridge.py:212] Unable to initialize backend 'tpu': Invalid argument: TpuPlatform is not available.
I0130 19:02:25.501570 23133450647360 run_af2c_mod.py:481] Have 1 models: ['model_1_multimer_v2_p1']
Info: working on target IL1RAP-TIR_x2_MYD88_BDLD_36_x2_BDLD_36_x4
I0130 19:02:31.507801 23133450647360 run_af2c_mod.py:512] Using random seed 7779897875873144998 for the data pipeline
Info: IL1RAP-TIR_x2_MYD88_BDLD_36_x2_BDLD_36_x4 found monomer IL1AP-TIR msa_depth = 9459, seq_len = 220, num_templ = 20
Info: IL1AP-TIR reducing the number of structural templates to 4
Info: IL1RAP-TIR_x2_MYD88_BDLD_36_x2_BDLD_36_x4 found monomer IL1R-TIR msa_depth = 5743, seq_len = 243, num_templ = 20
Info: IL1R-TIR reducing the number of structural templates to 4
Info: IL1RAP-TIR_x2_MYD88_BDLD_36_x2_BDLD_36_x4 found monomer MYD88_BDLD_36 msa_depth = 769, seq_len = 158, num_templ = 20
Info: MYD88_BDLD_36 reducing the number of structural templates to 4
Info: IL1RAP-TIR_x2_MYD88_BDLD_36_x2_BDLD_36_x4 found monomer BDLD_36 msa_depth = 426, seq_len = 73, num_templ = 20
Info: BDLD_36 reducing the number of structural templates to 4
Info: 8 chain(s) to model {'A': 'IL1AP-TIR_1', 'B': 'IL1R-TIR_1', 'C': 'MYD88_BDLD_36_1', 'D': 'MYD88_BDLD_36_1', 'E': 'BDLD_36_1', 'F': 'BDLD_36_1', 'G': 'BDLD_36_1', 'H': 'BDLD_36_1'}
Info: modeling IL1RAP-TIR_x2_MYD88_BDLD_36_x2_BDLD_36_x4 with msa_depth = 9284, seq_len = 1071, num_templ = 32
I0130 19:02:33.044830 23133450647360 run_af2c_mod.py:216] Running model model_1_multimer_v2_p1_230130_144998
I0130 19:02:33.045295 23133450647360 model.py:205] Running predict with shape(feat) = {'msa': (9284, 1071), 'bert_mask': (9284, 1071), 'num_alignments': (), 'aatype': (1071,), 'seq_length': (), 'template_aatype': (32, 1071), 'template_all_atom_mask': (32, 1071, 37), 'template_all_atom_positions': (32, 1071, 37, 3), 'all_atom_positions': (1071, 37, 3), 'template_domain_names': (32,), 'asym_id': (1071,), 'sym_id': (1071,), 'entity_id': (1071,), 'residue_index': (1071,), 'deletion_matrix': (9284, 1071), 'seq_mask': (1071,), 'msa_mask': (9284, 1071), 'cluster_bias_mask': (9284,), 'pdb_residue_index': (1071,)}
I0130 19:50:37.611474 23133450647360 run_af2c_mod.py:270] Total JAX model model_1_multimer_v2_p1_230130_144998 predict time (includes compilation time): 2884.6 seconds
Info: IL1RAP-TIR_x2_MYD88_BDLD_36_x2_BDLD_36_x4 model_1_multimer_v2_p1_230130_144998_recycled_00,  tol =   inf, pLDDT = 63.20, pTM-score = 0.2757, piTM-score = 0.2029, interface-score = 0.0027, iRes = 30   iCnt = 40  
Info: IL1RAP-TIR_x2_MYD88_BDLD_36_x2_BDLD_36_x4 model_1_multimer_v2_p1_230130_144998_recycled_01,  tol = 138.83, pLDDT = 65.68, pTM-score = 0.2776, piTM-score = 0.0447, interface-score = 0.0047, iRes = 15   iCnt = 11  
Info: IL1RAP-TIR_x2_MYD88_BDLD_36_x2_BDLD_36_x4 model_1_multimer_v2_p1_230130_144998_recycled_02,  tol = 73.60, pLDDT = 66.91, pTM-score = 0.2782, piTM-score = 0.2165, interface-score = 0.1398, iRes = 46   iCnt = 33  
Info: IL1RAP-TIR_x2_MYD88_BDLD_36_x2_BDLD_36_x4 model_1_multimer_v2_p1_230130_144998_recycled_03,  tol = 11.96, pLDDT = 67.85, pTM-score = 0.2782, piTM-score = 0.2152, interface-score = 0.1732, iRes = 57   iCnt = 44  
Info: IL1RAP-TIR_x2_MYD88_BDLD_36_x2_BDLD_36_x4 model_1_multimer_v2_p1_230130_144998_recycled_04,  tol =  9.26, pLDDT = 68.60, pTM-score = 0.2781, piTM-score = 0.3391, interface-score = 0.2362, iRes = 58   iCnt = 44  
Info: IL1RAP-TIR_x2_MYD88_BDLD_36_x2_BDLD_36_x4 model_1_multimer_v2_p1_230130_144998_recycled_05,  tol = 11.39, pLDDT = 68.85, pTM-score = 0.2881, piTM-score = 0.3555, interface-score = 0.2979, iRes = 70   iCnt = 56  
Info: IL1RAP-TIR_x2_MYD88_BDLD_36_x2_BDLD_36_x4 model_1_multimer_v2_p1_230130_144998_recycled_06,  tol = 11.97, pLDDT = 69.04, pTM-score = 0.2859, piTM-score = 0.3419, interface-score = 0.3076, iRes = 73   iCnt = 55  
Info: IL1RAP-TIR_x2_MYD88_BDLD_36_x2_BDLD_36_x4 model_1_multimer_v2_p1_230130_144998_recycled_07,  tol =  9.05, pLDDT = 69.35, pTM-score = 0.2979, piTM-score = 0.3688, interface-score = 0.3620, iRes = 75   iCnt = 65  
Info: IL1RAP-TIR_x2_MYD88_BDLD_36_x2_BDLD_36_x4 model_1_multimer_v2_p1_230130_144998_recycled_08,  tol = 28.32, pLDDT = 69.55, pTM-score = 0.3095, piTM-score = 0.3760, interface-score = 0.3893, iRes = 72   iCnt = 67  
Info: IL1RAP-TIR_x2_MYD88_BDLD_36_x2_BDLD_36_x4 model_1_multimer_v2_p1_230130_144998_recycled_09,  tol = 11.76, pLDDT = 70.18, pTM-score = 0.3211, piTM-score = 0.3846, interface-score = 0.4256, iRes = 80   iCnt = 76  
Info: IL1RAP-TIR_x2_MYD88_BDLD_36_x2_BDLD_36_x4 model_1_multimer_v2_p1_230130_144998_recycled_10,  tol =  4.62, pLDDT = 70.55, pTM-score = 0.3299, piTM-score = 0.3783, interface-score = 0.4359, iRes = 85   iCnt = 79  
Info: IL1RAP-TIR_x2_MYD88_BDLD_36_x2_BDLD_36_x4 model_1_multimer_v2_p1_230130_144998_recycled_11,  tol =  5.52, pLDDT = 70.67, pTM-score = 0.3334, piTM-score = 0.3698, interface-score = 0.4420, iRes = 95   iCnt = 86  
Info: IL1RAP-TIR_x2_MYD88_BDLD_36_x2_BDLD_36_x4 model_1_multimer_v2_p1_230130_144998_recycled_12,  tol =  2.63, pLDDT = 70.37, pTM-score = 0.3260, piTM-score = 0.3448, interface-score = 0.4214, iRes = 102  iCnt = 93  
Info: IL1RAP-TIR_x2_MYD88_BDLD_36_x2_BDLD_36_x4 model_1_multimer_v2_p1_230130_144998_recycled_13,  tol =  4.04, pLDDT = 70.51, pTM-score = 0.3247, piTM-score = 0.3503, interface-score = 0.4162, iRes = 100  iCnt = 91  
Info: IL1RAP-TIR_x2_MYD88_BDLD_36_x2_BDLD_36_x4 model_1_multimer_v2_p1_230130_144998_recycled_14,  tol =  2.02, pLDDT = 70.63, pTM-score = 0.3340, piTM-score = 0.3784, interface-score = 0.4521, iRes = 93   iCnt = 87  
Info: IL1RAP-TIR_x2_MYD88_BDLD_36_x2_BDLD_36_x4 model_1_multimer_v2_p1_230130_144998_recycled_15,  tol =  6.60, pLDDT = 70.50, pTM-score = 0.3337, piTM-score = 0.3750, interface-score = 0.4556, iRes = 92   iCnt = 88  
Info: IL1RAP-TIR_x2_MYD88_BDLD_36_x2_BDLD_36_x4 model_1_multimer_v2_p1_230130_144998_recycled_16,  tol =  2.25, pLDDT = 70.46, pTM-score = 0.3268, piTM-score = 0.3734, interface-score = 0.4524, iRes = 88   iCnt = 87  
Info: IL1RAP-TIR_x2_MYD88_BDLD_36_x2_BDLD_36_x4 model_1_multimer_v2_p1_230130_144998_recycled_17,  tol =  1.85, pLDDT = 70.67, pTM-score = 0.3271, piTM-score = 0.3692, interface-score = 0.4438, iRes = 89   iCnt = 86  
Info: IL1RAP-TIR_x2_MYD88_BDLD_36_x2_BDLD_36_x4 model_1_multimer_v2_p1_230130_144998_recycled_18,  tol =  4.67, pLDDT = 70.59, pTM-score = 0.3282, piTM-score = 0.3735, interface-score = 0.4507, iRes = 89   iCnt = 85  
Info: IL1RAP-TIR_x2_MYD88_BDLD_36_x2_BDLD_36_x4 model_1_multimer_v2_p1_230130_144998_recycled_19,  tol =  2.33, pLDDT = 70.95, pTM-score = 0.3238, piTM-score = 0.3606, interface-score = 0.4378, iRes = 88   iCnt = 83  
Info: IL1RAP-TIR_x2_MYD88_BDLD_36_x2_BDLD_36_x4 model_1_multimer_v2_p1_230130_144998 performed 20 recycles, final tol = 6.69, pLDDT = 70.78, pTM-score = 0.3318, piTM-score = 0.3733, interface-score = 0.4538, iRes = 88   iCnt = 86  
Info: num_clusters = 4, cluster_sizes = [1, 1, 5, 1],  clusters = [['IL1AP-TIR_0'], ['IL1R-TIR_0'], ['MYD88_BDLD_36_0', 'MYD88_BDLD_36_1', 'BDLD_36_1', 'BDLD_36_2', 'BDLD_36_3'], ['BDLD_36_0']]

I0130 19:50:42.106865 23133450647360 run_af2c_mod.py:404] Final timings for IL1RAP-TIR_x2_MYD88_BDLD_36_x2_BDLD_36_x4: {'features': 1.53, 'process_features_model_1_multimer_v2_p1_230130_144998': 0.0, 'predict_and_compile_model_1_multimer_v2_p1_230130_144998': 2884.6}
                                  
================================= 
Global information about the job: 
================================= 
  
Job owner: flobnow(42847)
Job name:  1_AF2C
Node list: ravg1105
Job start: Mon Jan 30 19:01:55 CET 2023
Job end:   Mon Jan 30 19:50:46 CET 2023
Work dir:  /raven/u/flobnow/workingLama/scripts/myRuns/BDLD_36
Command:   /raven/u/flobnow/workingLama/scripts/myRuns/BDLD_36/script2_comp_model_1.sh
  
  
  
==========================================================================================
Information on jobsteps (Note: MaxRSS/AveRSS is the maximum/average over all 
tasks of the per-task memory high-water marks; cf. "man sacct"): 
==========================================================================================
  
JobID            JobName NNodes NTasks  NCPUS        0.00M        0.00M    Elapsed ExitCode
------------- ---------- ------ ------ ------ ------------ ------------ ---------- --------
4070552           1_AF2C      1           108                             00:48:51      0:0
4070552.0        python3      1      1    108    43999.03M    43999.03M   00:48:47      0:0
  
Maximum memory per node: 46.136328 GB (defined as MaxRSS*Ntasks/NNodes)
CPU utilization: 1.9 %
  
Info: input file name is BDLD_36
Info: input target list is /u/flobnow/workingLama/scripts/myRuns/BDLD_36/target.lst
Info: input feature directory is /u/flobnow/workingLama/feature_files
Info: result output directory is /u/flobnow/workingLama/output_files
Info: model preset is multimer_np
Info: msa pairing is all
Info: recycling setting is 1
Info: using preset super2
Info: set num_ensemble = 2
Info: set max_recyles = 20
Info: set recycle_tol = 0.1
Info: mas_pairing mode is all
I0130 20:01:02.033928 23069705803584 tpu_client.py:54] Starting the local TPU driver.
I0130 20:01:02.034341 23069705803584 xla_bridge.py:212] Unable to initialize backend 'tpu_driver': Not found: Unable to find driver in registry given worker: local://
I0130 20:01:02.377140 23069705803584 xla_bridge.py:212] Unable to initialize backend 'tpu': Invalid argument: TpuPlatform is not available.
I0130 20:01:05.215075 23069705803584 run_af2c_mod.py:481] Have 1 models: ['model_2_multimer_v2_p1']
Info: working on target IL1RAP-TIR_x2_MYD88_BDLD_36_x2_BDLD_36_x4
I0130 20:01:08.218306 23069705803584 run_af2c_mod.py:512] Using random seed 6032623634127655384 for the data pipeline
Info: IL1RAP-TIR_x2_MYD88_BDLD_36_x2_BDLD_36_x4 found monomer IL1AP-TIR msa_depth = 9459, seq_len = 220, num_templ = 20
Info: IL1AP-TIR reducing the number of structural templates to 4
Info: IL1RAP-TIR_x2_MYD88_BDLD_36_x2_BDLD_36_x4 found monomer IL1R-TIR msa_depth = 5743, seq_len = 243, num_templ = 20
Info: IL1R-TIR reducing the number of structural templates to 4
Info: IL1RAP-TIR_x2_MYD88_BDLD_36_x2_BDLD_36_x4 found monomer MYD88_BDLD_36 msa_depth = 769, seq_len = 158, num_templ = 20
Info: MYD88_BDLD_36 reducing the number of structural templates to 4
Info: IL1RAP-TIR_x2_MYD88_BDLD_36_x2_BDLD_36_x4 found monomer BDLD_36 msa_depth = 426, seq_len = 73, num_templ = 20
Info: BDLD_36 reducing the number of structural templates to 4
Info: 8 chain(s) to model {'A': 'IL1AP-TIR_1', 'B': 'IL1R-TIR_1', 'C': 'MYD88_BDLD_36_1', 'D': 'MYD88_BDLD_36_1', 'E': 'BDLD_36_1', 'F': 'BDLD_36_1', 'G': 'BDLD_36_1', 'H': 'BDLD_36_1'}
Info: modeling IL1RAP-TIR_x2_MYD88_BDLD_36_x2_BDLD_36_x4 with msa_depth = 9284, seq_len = 1071, num_templ = 32
I0130 20:01:09.706675 23069705803584 run_af2c_mod.py:216] Running model model_2_multimer_v2_p1_230130_655384
I0130 20:01:09.707165 23069705803584 model.py:205] Running predict with shape(feat) = {'msa': (9284, 1071), 'bert_mask': (9284, 1071), 'num_alignments': (), 'aatype': (1071,), 'seq_length': (), 'template_aatype': (32, 1071), 'template_all_atom_mask': (32, 1071, 37), 'template_all_atom_positions': (32, 1071, 37, 3), 'all_atom_positions': (1071, 37, 3), 'template_domain_names': (32,), 'asym_id': (1071,), 'sym_id': (1071,), 'entity_id': (1071,), 'residue_index': (1071,), 'deletion_matrix': (9284, 1071), 'seq_mask': (1071,), 'msa_mask': (9284, 1071), 'cluster_bias_mask': (9284,), 'pdb_residue_index': (1071,)}
I0130 20:49:21.577057 23069705803584 run_af2c_mod.py:270] Total JAX model model_2_multimer_v2_p1_230130_655384 predict time (includes compilation time): 2891.9 seconds
Info: IL1RAP-TIR_x2_MYD88_BDLD_36_x2_BDLD_36_x4 model_2_multimer_v2_p1_230130_655384_recycled_00,  tol =   inf, pLDDT = 62.00, pTM-score = 0.2763, piTM-score = 0.0484, interface-score = 0.0006, iRes = 13   iCnt = 14  
Info: IL1RAP-TIR_x2_MYD88_BDLD_36_x2_BDLD_36_x4 model_2_multimer_v2_p1_230130_655384_recycled_01,  tol = 120.56, pLDDT = 64.49, pTM-score = 0.2883, piTM-score = 0.2847, interface-score = 0.2042, iRes = 46   iCnt = 35  
Info: IL1RAP-TIR_x2_MYD88_BDLD_36_x2_BDLD_36_x4 model_2_multimer_v2_p1_230130_655384_recycled_02,  tol = 48.87, pLDDT = 65.79, pTM-score = 0.2843, piTM-score = 0.3440, interface-score = 0.3750, iRes = 79   iCnt = 66  
Info: IL1RAP-TIR_x2_MYD88_BDLD_36_x2_BDLD_36_x4 model_2_multimer_v2_p1_230130_655384_recycled_03,  tol =  8.56, pLDDT = 66.05, pTM-score = 0.2837, piTM-score = 0.3199, interface-score = 0.3176, iRes = 64   iCnt = 51  
Info: IL1RAP-TIR_x2_MYD88_BDLD_36_x2_BDLD_36_x4 model_2_multimer_v2_p1_230130_655384_recycled_04,  tol =  6.89, pLDDT = 65.24, pTM-score = 0.2820, piTM-score = 0.2712, interface-score = 0.2690, iRes = 75   iCnt = 65  
Info: IL1RAP-TIR_x2_MYD88_BDLD_36_x2_BDLD_36_x4 model_2_multimer_v2_p1_230130_655384_recycled_05,  tol =  4.63, pLDDT = 65.30, pTM-score = 0.2819, piTM-score = 0.3057, interface-score = 0.2951, iRes = 64   iCnt = 49  
Info: IL1RAP-TIR_x2_MYD88_BDLD_36_x2_BDLD_36_x4 model_2_multimer_v2_p1_230130_655384_recycled_06,  tol =  4.04, pLDDT = 66.23, pTM-score = 0.3420, piTM-score = 0.2411, interface-score = 0.3163, iRes = 81   iCnt = 62  
Info: IL1RAP-TIR_x2_MYD88_BDLD_36_x2_BDLD_36_x4 model_2_multimer_v2_p1_230130_655384_recycled_07,  tol = 13.90, pLDDT = 66.37, pTM-score = 0.3662, piTM-score = 0.2375, interface-score = 0.3621, iRes = 84   iCnt = 70  
Info: IL1RAP-TIR_x2_MYD88_BDLD_36_x2_BDLD_36_x4 model_2_multimer_v2_p1_230130_655384_recycled_08,  tol =  5.50, pLDDT = 66.35, pTM-score = 0.3736, piTM-score = 0.2537, interface-score = 0.3727, iRes = 86   iCnt = 69  
Info: IL1RAP-TIR_x2_MYD88_BDLD_36_x2_BDLD_36_x4 model_2_multimer_v2_p1_230130_655384_recycled_09,  tol =  5.43, pLDDT = 66.78, pTM-score = 0.3789, piTM-score = 0.2455, interface-score = 0.3877, iRes = 83   iCnt = 70  
Info: IL1RAP-TIR_x2_MYD88_BDLD_36_x2_BDLD_36_x4 model_2_multimer_v2_p1_230130_655384_recycled_10,  tol =  6.41, pLDDT = 66.66, pTM-score = 0.3818, piTM-score = 0.2600, interface-score = 0.3958, iRes = 85   iCnt = 67  
Info: IL1RAP-TIR_x2_MYD88_BDLD_36_x2_BDLD_36_x4 model_2_multimer_v2_p1_230130_655384_recycled_11,  tol =  3.92, pLDDT = 67.39, pTM-score = 0.3865, piTM-score = 0.2668, interface-score = 0.4067, iRes = 89   iCnt = 71  
Info: IL1RAP-TIR_x2_MYD88_BDLD_36_x2_BDLD_36_x4 model_2_multimer_v2_p1_230130_655384_recycled_12,  tol =  2.74, pLDDT = 67.30, pTM-score = 0.3877, piTM-score = 0.2638, interface-score = 0.4119, iRes = 89   iCnt = 70  
Info: IL1RAP-TIR_x2_MYD88_BDLD_36_x2_BDLD_36_x4 model_2_multimer_v2_p1_230130_655384_recycled_13,  tol =  1.91, pLDDT = 67.30, pTM-score = 0.3879, piTM-score = 0.2724, interface-score = 0.4190, iRes = 93   iCnt = 72  
Info: IL1RAP-TIR_x2_MYD88_BDLD_36_x2_BDLD_36_x4 model_2_multimer_v2_p1_230130_655384_recycled_14,  tol =  3.22, pLDDT = 67.41, pTM-score = 0.3884, piTM-score = 0.2640, interface-score = 0.4092, iRes = 86   iCnt = 69  
Info: IL1RAP-TIR_x2_MYD88_BDLD_36_x2_BDLD_36_x4 model_2_multimer_v2_p1_230130_655384_recycled_15,  tol =  2.73, pLDDT = 67.38, pTM-score = 0.3864, piTM-score = 0.2691, interface-score = 0.4146, iRes = 94   iCnt = 74  
Info: IL1RAP-TIR_x2_MYD88_BDLD_36_x2_BDLD_36_x4 model_2_multimer_v2_p1_230130_655384_recycled_16,  tol =  2.24, pLDDT = 66.98, pTM-score = 0.3848, piTM-score = 0.2564, interface-score = 0.4080, iRes = 101  iCnt = 78  
Info: IL1RAP-TIR_x2_MYD88_BDLD_36_x2_BDLD_36_x4 model_2_multimer_v2_p1_230130_655384_recycled_17,  tol =  2.33, pLDDT = 67.58, pTM-score = 0.3866, piTM-score = 0.2766, interface-score = 0.4226, iRes = 94   iCnt = 73  
Info: IL1RAP-TIR_x2_MYD88_BDLD_36_x2_BDLD_36_x4 model_2_multimer_v2_p1_230130_655384_recycled_18,  tol =  1.89, pLDDT = 67.41, pTM-score = 0.3868, piTM-score = 0.2623, interface-score = 0.4080, iRes = 88   iCnt = 71  
Info: IL1RAP-TIR_x2_MYD88_BDLD_36_x2_BDLD_36_x4 model_2_multimer_v2_p1_230130_655384_recycled_19,  tol =  1.57, pLDDT = 67.38, pTM-score = 0.3887, piTM-score = 0.2594, interface-score = 0.4209, iRes = 96   iCnt = 76  
Info: IL1RAP-TIR_x2_MYD88_BDLD_36_x2_BDLD_36_x4 model_2_multimer_v2_p1_230130_655384 performed 20 recycles, final tol = 1.38, pLDDT = 66.90, pTM-score = 0.3843, piTM-score = 0.2338, interface-score = 0.3963, iRes = 83   iCnt = 64  
Info: num_clusters = 6, cluster_sizes = [2, 1, 2, 1, 1, 1],  clusters = [['IL1AP-TIR_0', 'IL1R-TIR_0'], ['MYD88_BDLD_36_0'], ['MYD88_BDLD_36_1', 'BDLD_36_1'], ['BDLD_36_0'], ['BDLD_36_2'], ['BDLD_36_3']]

I0130 20:49:25.873677 23069705803584 run_af2c_mod.py:404] Final timings for IL1RAP-TIR_x2_MYD88_BDLD_36_x2_BDLD_36_x4: {'features': 1.49, 'process_features_model_2_multimer_v2_p1_230130_655384': 0.0, 'predict_and_compile_model_2_multimer_v2_p1_230130_655384': 2891.9}
                                  
================================= 
Global information about the job: 
================================= 
  
Job owner: flobnow(42847)
Job name:  2_AF2C
Node list: ravg1051
Job start: Mon Jan 30 20:00:53 CET 2023
Job end:   Mon Jan 30 20:49:28 CET 2023
Work dir:  /raven/u/flobnow/workingLama/scripts/myRuns/BDLD_36
Command:   /raven/u/flobnow/workingLama/scripts/myRuns/BDLD_36/script2_comp_model_2.sh
  
  
  
==========================================================================================
Information on jobsteps (Note: MaxRSS/AveRSS is the maximum/average over all 
tasks of the per-task memory high-water marks; cf. "man sacct"): 
==========================================================================================
  
JobID            JobName NNodes NTasks  NCPUS        0.00M        0.00M    Elapsed ExitCode
------------- ---------- ------ ------ ------ ------------ ------------ ---------- --------
4070582           2_AF2C      1           108                             00:48:35      0:0
4070582.0        python3      1      1    108    43454.72M    43454.72M   00:48:32      0:0
  
Maximum memory per node: 45.565579 GB (defined as MaxRSS*Ntasks/NNodes)
CPU utilization: 1.9 %
  
Info: input file name is BDLD_36
Info: input target list is /u/flobnow/workingLama/scripts/myRuns/BDLD_36/target.lst
Info: input feature directory is /u/flobnow/workingLama/feature_files
Info: result output directory is /u/flobnow/workingLama/output_files
Info: model preset is multimer_np
Info: msa pairing is all
Info: recycling setting is 1
Info: using preset super2
Info: set num_ensemble = 2
Info: set max_recyles = 20
Info: set recycle_tol = 0.1
Info: mas_pairing mode is all
I0130 22:07:03.877104 23212170975040 tpu_client.py:54] Starting the local TPU driver.
I0130 22:07:03.877471 23212170975040 xla_bridge.py:212] Unable to initialize backend 'tpu_driver': Not found: Unable to find driver in registry given worker: local://
I0130 22:07:04.213786 23212170975040 xla_bridge.py:212] Unable to initialize backend 'tpu': Invalid argument: TpuPlatform is not available.
I0130 22:07:07.006563 23212170975040 run_af2c_mod.py:481] Have 1 models: ['model_3_multimer_v2_p1']
Info: working on target IL1RAP-TIR_x2_MYD88_BDLD_36_x2_BDLD_36_x4
I0130 22:07:12.011950 23212170975040 run_af2c_mod.py:512] Using random seed 2688764418776525057 for the data pipeline
Info: IL1RAP-TIR_x2_MYD88_BDLD_36_x2_BDLD_36_x4 found monomer IL1AP-TIR msa_depth = 9459, seq_len = 220, num_templ = 20
Info: IL1AP-TIR reducing the number of structural templates to 4
Info: IL1RAP-TIR_x2_MYD88_BDLD_36_x2_BDLD_36_x4 found monomer IL1R-TIR msa_depth = 5743, seq_len = 243, num_templ = 20
Info: IL1R-TIR reducing the number of structural templates to 4
Info: IL1RAP-TIR_x2_MYD88_BDLD_36_x2_BDLD_36_x4 found monomer MYD88_BDLD_36 msa_depth = 769, seq_len = 158, num_templ = 20
Info: MYD88_BDLD_36 reducing the number of structural templates to 4
Info: IL1RAP-TIR_x2_MYD88_BDLD_36_x2_BDLD_36_x4 found monomer BDLD_36 msa_depth = 426, seq_len = 73, num_templ = 20
Info: BDLD_36 reducing the number of structural templates to 4
Info: 8 chain(s) to model {'A': 'IL1AP-TIR_1', 'B': 'IL1R-TIR_1', 'C': 'MYD88_BDLD_36_1', 'D': 'MYD88_BDLD_36_1', 'E': 'BDLD_36_1', 'F': 'BDLD_36_1', 'G': 'BDLD_36_1', 'H': 'BDLD_36_1'}
Info: modeling IL1RAP-TIR_x2_MYD88_BDLD_36_x2_BDLD_36_x4 with msa_depth = 9284, seq_len = 1071, num_templ = 32
I0130 22:07:13.605686 23212170975040 run_af2c_mod.py:216] Running model model_3_multimer_v2_p1_230130_525057
I0130 22:07:13.606163 23212170975040 model.py:205] Running predict with shape(feat) = {'msa': (9284, 1071), 'bert_mask': (9284, 1071), 'num_alignments': (), 'aatype': (1071,), 'seq_length': (), 'template_aatype': (32, 1071), 'template_all_atom_mask': (32, 1071, 37), 'template_all_atom_positions': (32, 1071, 37, 3), 'all_atom_positions': (1071, 37, 3), 'template_domain_names': (32,), 'asym_id': (1071,), 'sym_id': (1071,), 'entity_id': (1071,), 'residue_index': (1071,), 'deletion_matrix': (9284, 1071), 'seq_mask': (1071,), 'msa_mask': (9284, 1071), 'cluster_bias_mask': (9284,), 'pdb_residue_index': (1071,)}
I0130 22:55:18.371655 23212170975040 run_af2c_mod.py:270] Total JAX model model_3_multimer_v2_p1_230130_525057 predict time (includes compilation time): 2884.8 seconds
Info: IL1RAP-TIR_x2_MYD88_BDLD_36_x2_BDLD_36_x4 model_3_multimer_v2_p1_230130_525057_recycled_00,  tol =   inf, pLDDT = 62.48, pTM-score = 0.3223, piTM-score = 0.2686, interface-score = 0.1597, iRes = 53   iCnt = 39  
Info: IL1RAP-TIR_x2_MYD88_BDLD_36_x2_BDLD_36_x4 model_3_multimer_v2_p1_230130_525057_recycled_01,  tol = 85.70, pLDDT = 64.73, pTM-score = 0.3700, piTM-score = 0.3047, interface-score = 0.3543, iRes = 75   iCnt = 61  
Info: IL1RAP-TIR_x2_MYD88_BDLD_36_x2_BDLD_36_x4 model_3_multimer_v2_p1_230130_525057_recycled_02,  tol = 12.62, pLDDT = 66.87, pTM-score = 0.4081, piTM-score = 0.2809, interface-score = 0.4042, iRes = 83   iCnt = 72  
Info: IL1RAP-TIR_x2_MYD88_BDLD_36_x2_BDLD_36_x4 model_3_multimer_v2_p1_230130_525057_recycled_03,  tol = 30.79, pLDDT = 67.71, pTM-score = 0.4203, piTM-score = 0.2570, interface-score = 0.4576, iRes = 114  iCnt = 101 
Info: IL1RAP-TIR_x2_MYD88_BDLD_36_x2_BDLD_36_x4 model_3_multimer_v2_p1_230130_525057_recycled_04,  tol =  7.78, pLDDT = 68.58, pTM-score = 0.4237, piTM-score = 0.3016, interface-score = 0.5034, iRes = 113  iCnt = 97  
Info: IL1RAP-TIR_x2_MYD88_BDLD_36_x2_BDLD_36_x4 model_3_multimer_v2_p1_230130_525057_recycled_05,  tol =  2.14, pLDDT = 68.65, pTM-score = 0.4179, piTM-score = 0.3130, interface-score = 0.5071, iRes = 114  iCnt = 100 
Info: IL1RAP-TIR_x2_MYD88_BDLD_36_x2_BDLD_36_x4 model_3_multimer_v2_p1_230130_525057_recycled_06,  tol =  2.55, pLDDT = 69.36, pTM-score = 0.4186, piTM-score = 0.3057, interface-score = 0.5052, iRes = 138  iCnt = 122 
Info: IL1RAP-TIR_x2_MYD88_BDLD_36_x2_BDLD_36_x4 model_3_multimer_v2_p1_230130_525057_recycled_07,  tol =  2.33, pLDDT = 69.20, pTM-score = 0.4235, piTM-score = 0.3400, interface-score = 0.5469, iRes = 118  iCnt = 106 
Info: IL1RAP-TIR_x2_MYD88_BDLD_36_x2_BDLD_36_x4 model_3_multimer_v2_p1_230130_525057_recycled_08,  tol =  3.79, pLDDT = 69.48, pTM-score = 0.4253, piTM-score = 0.3361, interface-score = 0.5453, iRes = 117  iCnt = 106 
Info: IL1RAP-TIR_x2_MYD88_BDLD_36_x2_BDLD_36_x4 model_3_multimer_v2_p1_230130_525057_recycled_09,  tol =  2.65, pLDDT = 69.39, pTM-score = 0.4193, piTM-score = 0.3483, interface-score = 0.5553, iRes = 128  iCnt = 111 
Info: IL1RAP-TIR_x2_MYD88_BDLD_36_x2_BDLD_36_x4 model_3_multimer_v2_p1_230130_525057_recycled_10,  tol =  1.39, pLDDT = 69.14, pTM-score = 0.4173, piTM-score = 0.3337, interface-score = 0.5384, iRes = 116  iCnt = 104 
Info: IL1RAP-TIR_x2_MYD88_BDLD_36_x2_BDLD_36_x4 model_3_multimer_v2_p1_230130_525057_recycled_11,  tol =  2.35, pLDDT = 69.07, pTM-score = 0.4135, piTM-score = 0.3421, interface-score = 0.5527, iRes = 117  iCnt = 107 
Info: IL1RAP-TIR_x2_MYD88_BDLD_36_x2_BDLD_36_x4 model_3_multimer_v2_p1_230130_525057_recycled_12,  tol =  1.58, pLDDT = 69.15, pTM-score = 0.4048, piTM-score = 0.3408, interface-score = 0.5491, iRes = 121  iCnt = 108 
Info: IL1RAP-TIR_x2_MYD88_BDLD_36_x2_BDLD_36_x4 model_3_multimer_v2_p1_230130_525057_recycled_13,  tol =  5.07, pLDDT = 69.39, pTM-score = 0.4081, piTM-score = 0.3475, interface-score = 0.5620, iRes = 116  iCnt = 104 
Info: IL1RAP-TIR_x2_MYD88_BDLD_36_x2_BDLD_36_x4 model_3_multimer_v2_p1_230130_525057_recycled_14,  tol =  3.95, pLDDT = 69.84, pTM-score = 0.4102, piTM-score = 0.3474, interface-score = 0.5477, iRes = 118  iCnt = 104 
Info: IL1RAP-TIR_x2_MYD88_BDLD_36_x2_BDLD_36_x4 model_3_multimer_v2_p1_230130_525057_recycled_15,  tol =  4.09, pLDDT = 68.85, pTM-score = 0.4112, piTM-score = 0.3318, interface-score = 0.5420, iRes = 117  iCnt = 103 
Info: IL1RAP-TIR_x2_MYD88_BDLD_36_x2_BDLD_36_x4 model_3_multimer_v2_p1_230130_525057_recycled_16,  tol =  2.31, pLDDT = 68.89, pTM-score = 0.4065, piTM-score = 0.3549, interface-score = 0.5507, iRes = 124  iCnt = 108 
Info: IL1RAP-TIR_x2_MYD88_BDLD_36_x2_BDLD_36_x4 model_3_multimer_v2_p1_230130_525057_recycled_17,  tol =  2.07, pLDDT = 69.27, pTM-score = 0.4089, piTM-score = 0.3329, interface-score = 0.5493, iRes = 114  iCnt = 103 
Info: IL1RAP-TIR_x2_MYD88_BDLD_36_x2_BDLD_36_x4 model_3_multimer_v2_p1_230130_525057_recycled_18,  tol =  2.46, pLDDT = 69.41, pTM-score = 0.4116, piTM-score = 0.3431, interface-score = 0.5465, iRes = 118  iCnt = 104 
Info: IL1RAP-TIR_x2_MYD88_BDLD_36_x2_BDLD_36_x4 model_3_multimer_v2_p1_230130_525057_recycled_19,  tol =  1.79, pLDDT = 68.61, pTM-score = 0.4067, piTM-score = 0.3326, interface-score = 0.5408, iRes = 115  iCnt = 103 
Info: IL1RAP-TIR_x2_MYD88_BDLD_36_x2_BDLD_36_x4 model_3_multimer_v2_p1_230130_525057 performed 20 recycles, final tol = 1.51, pLDDT = 69.42, pTM-score = 0.4079, piTM-score = 0.3450, interface-score = 0.5614, iRes = 118  iCnt = 105 
Info: num_clusters = 3, cluster_sizes = [2, 2, 4],  clusters = [['IL1AP-TIR_0', 'IL1R-TIR_0'], ['MYD88_BDLD_36_0', 'BDLD_36_0'], ['MYD88_BDLD_36_1', 'BDLD_36_1', 'BDLD_36_2', 'BDLD_36_3']]

I0130 22:55:22.719934 23212170975040 run_af2c_mod.py:404] Final timings for IL1RAP-TIR_x2_MYD88_BDLD_36_x2_BDLD_36_x4: {'features': 1.59, 'process_features_model_3_multimer_v2_p1_230130_525057': 0.0, 'predict_and_compile_model_3_multimer_v2_p1_230130_525057': 2884.8}
                                  
================================= 
Global information about the job: 
================================= 
  
Job owner: flobnow(42847)
Job name:  3_AF2C
Node list: ravg1194
Job start: Mon Jan 30 22:06:55 CET 2023
Job end:   Mon Jan 30 22:55:25 CET 2023
Work dir:  /raven/u/flobnow/workingLama/scripts/myRuns/BDLD_36
Command:   /raven/u/flobnow/workingLama/scripts/myRuns/BDLD_36/script2_comp_model_3.sh
  
  
  
==========================================================================================
Information on jobsteps (Note: MaxRSS/AveRSS is the maximum/average over all 
tasks of the per-task memory high-water marks; cf. "man sacct"): 
==========================================================================================
  
JobID            JobName NNodes NTasks  NCPUS        0.00M        0.00M    Elapsed ExitCode
------------- ---------- ------ ------ ------ ------------ ------------ ---------- --------
4070670           3_AF2C      1           108                             00:48:30      0:0
4070670.0        python3      1      1    108    43638.57M    43638.57M   00:48:26      0:0
  
Maximum memory per node: 45.758362 GB (defined as MaxRSS*Ntasks/NNodes)
CPU utilization: 1.9 %
  
Info: input file name is BDLD_36
Info: input target list is /u/flobnow/workingLama/scripts/myRuns/BDLD_36/target.lst
Info: input feature directory is /u/flobnow/workingLama/feature_files
Info: result output directory is /u/flobnow/workingLama/output_files
Info: model preset is multimer_np
Info: msa pairing is all
Info: recycling setting is 1
Info: using preset super2
Info: set num_ensemble = 2
Info: set max_recyles = 20
Info: set recycle_tol = 0.1
Info: mas_pairing mode is all
I0130 22:19:42.433556 23032518539072 tpu_client.py:54] Starting the local TPU driver.
I0130 22:19:42.436987 23032518539072 xla_bridge.py:212] Unable to initialize backend 'tpu_driver': Not found: Unable to find driver in registry given worker: local://
I0130 22:19:42.757952 23032518539072 xla_bridge.py:212] Unable to initialize backend 'tpu': Invalid argument: TpuPlatform is not available.
I0130 22:19:45.645988 23032518539072 run_af2c_mod.py:481] Have 1 models: ['model_4_multimer_v2_p1']
Info: working on target IL1RAP-TIR_x2_MYD88_BDLD_36_x2_BDLD_36_x4
I0130 22:19:48.647445 23032518539072 run_af2c_mod.py:512] Using random seed 8267173545762226617 for the data pipeline
Info: IL1RAP-TIR_x2_MYD88_BDLD_36_x2_BDLD_36_x4 found monomer IL1AP-TIR msa_depth = 9459, seq_len = 220, num_templ = 20
Info: IL1AP-TIR reducing the number of structural templates to 4
Info: IL1RAP-TIR_x2_MYD88_BDLD_36_x2_BDLD_36_x4 found monomer IL1R-TIR msa_depth = 5743, seq_len = 243, num_templ = 20
Info: IL1R-TIR reducing the number of structural templates to 4
Info: IL1RAP-TIR_x2_MYD88_BDLD_36_x2_BDLD_36_x4 found monomer MYD88_BDLD_36 msa_depth = 769, seq_len = 158, num_templ = 20
Info: MYD88_BDLD_36 reducing the number of structural templates to 4
Info: IL1RAP-TIR_x2_MYD88_BDLD_36_x2_BDLD_36_x4 found monomer BDLD_36 msa_depth = 426, seq_len = 73, num_templ = 20
Info: BDLD_36 reducing the number of structural templates to 4
Info: 8 chain(s) to model {'A': 'IL1AP-TIR_1', 'B': 'IL1R-TIR_1', 'C': 'MYD88_BDLD_36_1', 'D': 'MYD88_BDLD_36_1', 'E': 'BDLD_36_1', 'F': 'BDLD_36_1', 'G': 'BDLD_36_1', 'H': 'BDLD_36_1'}
Info: modeling IL1RAP-TIR_x2_MYD88_BDLD_36_x2_BDLD_36_x4 with msa_depth = 9284, seq_len = 1071, num_templ = 32
I0130 22:19:50.160292 23032518539072 run_af2c_mod.py:216] Running model model_4_multimer_v2_p1_230130_226617
I0130 22:19:50.160774 23032518539072 model.py:205] Running predict with shape(feat) = {'msa': (9284, 1071), 'bert_mask': (9284, 1071), 'num_alignments': (), 'aatype': (1071,), 'seq_length': (), 'template_aatype': (32, 1071), 'template_all_atom_mask': (32, 1071, 37), 'template_all_atom_positions': (32, 1071, 37, 3), 'all_atom_positions': (1071, 37, 3), 'template_domain_names': (32,), 'asym_id': (1071,), 'sym_id': (1071,), 'entity_id': (1071,), 'residue_index': (1071,), 'deletion_matrix': (9284, 1071), 'seq_mask': (1071,), 'msa_mask': (9284, 1071), 'cluster_bias_mask': (9284,), 'pdb_residue_index': (1071,)}
I0130 23:07:34.901106 23032518539072 run_af2c_mod.py:270] Total JAX model model_4_multimer_v2_p1_230130_226617 predict time (includes compilation time): 2864.7 seconds
Info: IL1RAP-TIR_x2_MYD88_BDLD_36_x2_BDLD_36_x4 model_4_multimer_v2_p1_230130_226617_recycled_00,  tol =   inf, pLDDT = 63.19, pTM-score = 0.2760, piTM-score = 0.2204, interface-score = 0.1290, iRes = 95   iCnt = 129 
Info: IL1RAP-TIR_x2_MYD88_BDLD_36_x2_BDLD_36_x4 model_4_multimer_v2_p1_230130_226617_recycled_01,  tol = 104.87, pLDDT = 63.87, pTM-score = 0.2775, piTM-score = 0.2708, interface-score = 0.1790, iRes = 64   iCnt = 54  
Info: IL1RAP-TIR_x2_MYD88_BDLD_36_x2_BDLD_36_x4 model_4_multimer_v2_p1_230130_226617_recycled_02,  tol = 14.64, pLDDT = 65.29, pTM-score = 0.3469, piTM-score = 0.3150, interface-score = 0.3180, iRes = 71   iCnt = 59  
Info: IL1RAP-TIR_x2_MYD88_BDLD_36_x2_BDLD_36_x4 model_4_multimer_v2_p1_230130_226617_recycled_03,  tol = 22.58, pLDDT = 65.91, pTM-score = 0.3838, piTM-score = 0.3036, interface-score = 0.4228, iRes = 84   iCnt = 75  
Info: IL1RAP-TIR_x2_MYD88_BDLD_36_x2_BDLD_36_x4 model_4_multimer_v2_p1_230130_226617_recycled_04,  tol = 15.16, pLDDT = 66.40, pTM-score = 0.3892, piTM-score = 0.3092, interface-score = 0.4434, iRes = 90   iCnt = 80  
Info: IL1RAP-TIR_x2_MYD88_BDLD_36_x2_BDLD_36_x4 model_4_multimer_v2_p1_230130_226617_recycled_05,  tol = 10.19, pLDDT = 66.43, pTM-score = 0.3931, piTM-score = 0.3104, interface-score = 0.4587, iRes = 95   iCnt = 86  
Info: IL1RAP-TIR_x2_MYD88_BDLD_36_x2_BDLD_36_x4 model_4_multimer_v2_p1_230130_226617_recycled_06,  tol = 18.68, pLDDT = 66.71, pTM-score = 0.3943, piTM-score = 0.3093, interface-score = 0.4541, iRes = 95   iCnt = 83  
Info: IL1RAP-TIR_x2_MYD88_BDLD_36_x2_BDLD_36_x4 model_4_multimer_v2_p1_230130_226617_recycled_07,  tol =  4.06, pLDDT = 66.50, pTM-score = 0.3947, piTM-score = 0.3080, interface-score = 0.4503, iRes = 95   iCnt = 85  
Info: IL1RAP-TIR_x2_MYD88_BDLD_36_x2_BDLD_36_x4 model_4_multimer_v2_p1_230130_226617_recycled_08,  tol =  5.36, pLDDT = 66.56, pTM-score = 0.3950, piTM-score = 0.3072, interface-score = 0.4517, iRes = 95   iCnt = 85  
Info: IL1RAP-TIR_x2_MYD88_BDLD_36_x2_BDLD_36_x4 model_4_multimer_v2_p1_230130_226617_recycled_09,  tol =  2.85, pLDDT = 66.98, pTM-score = 0.3967, piTM-score = 0.3171, interface-score = 0.4664, iRes = 107  iCnt = 97  
Info: IL1RAP-TIR_x2_MYD88_BDLD_36_x2_BDLD_36_x4 model_4_multimer_v2_p1_230130_226617_recycled_10,  tol =  2.03, pLDDT = 66.75, pTM-score = 0.3944, piTM-score = 0.3160, interface-score = 0.4641, iRes = 109  iCnt = 98  
Info: IL1RAP-TIR_x2_MYD88_BDLD_36_x2_BDLD_36_x4 model_4_multimer_v2_p1_230130_226617_recycled_11,  tol =  1.35, pLDDT = 66.64, pTM-score = 0.3948, piTM-score = 0.2904, interface-score = 0.4261, iRes = 116  iCnt = 100 
Info: IL1RAP-TIR_x2_MYD88_BDLD_36_x2_BDLD_36_x4 model_4_multimer_v2_p1_230130_226617_recycled_12,  tol =  3.01, pLDDT = 66.61, pTM-score = 0.3938, piTM-score = 0.3070, interface-score = 0.4488, iRes = 111  iCnt = 98  
Info: IL1RAP-TIR_x2_MYD88_BDLD_36_x2_BDLD_36_x4 model_4_multimer_v2_p1_230130_226617_recycled_13,  tol =  2.72, pLDDT = 66.24, pTM-score = 0.3944, piTM-score = 0.2972, interface-score = 0.4434, iRes = 115  iCnt = 102 
Info: IL1RAP-TIR_x2_MYD88_BDLD_36_x2_BDLD_36_x4 model_4_multimer_v2_p1_230130_226617_recycled_14,  tol =  2.95, pLDDT = 66.96, pTM-score = 0.3939, piTM-score = 0.3186, interface-score = 0.4685, iRes = 120  iCnt = 103 
Info: IL1RAP-TIR_x2_MYD88_BDLD_36_x2_BDLD_36_x4 model_4_multimer_v2_p1_230130_226617_recycled_15,  tol =  3.46, pLDDT = 66.52, pTM-score = 0.3932, piTM-score = 0.2962, interface-score = 0.4541, iRes = 108  iCnt = 98  
Info: IL1RAP-TIR_x2_MYD88_BDLD_36_x2_BDLD_36_x4 model_4_multimer_v2_p1_230130_226617_recycled_16,  tol =  3.67, pLDDT = 66.70, pTM-score = 0.3949, piTM-score = 0.3024, interface-score = 0.4577, iRes = 109  iCnt = 96  
Info: IL1RAP-TIR_x2_MYD88_BDLD_36_x2_BDLD_36_x4 model_4_multimer_v2_p1_230130_226617_recycled_17,  tol =  1.99, pLDDT = 66.81, pTM-score = 0.3958, piTM-score = 0.2902, interface-score = 0.4504, iRes = 103  iCnt = 91  
Info: IL1RAP-TIR_x2_MYD88_BDLD_36_x2_BDLD_36_x4 model_4_multimer_v2_p1_230130_226617_recycled_18,  tol =  1.79, pLDDT = 66.18, pTM-score = 0.3899, piTM-score = 0.2871, interface-score = 0.4327, iRes = 103  iCnt = 92  
Info: IL1RAP-TIR_x2_MYD88_BDLD_36_x2_BDLD_36_x4 model_4_multimer_v2_p1_230130_226617_recycled_19,  tol =  3.55, pLDDT = 66.65, pTM-score = 0.3908, piTM-score = 0.2876, interface-score = 0.4455, iRes = 107  iCnt = 98  
Info: IL1RAP-TIR_x2_MYD88_BDLD_36_x2_BDLD_36_x4 model_4_multimer_v2_p1_230130_226617 performed 20 recycles, final tol = 2.40, pLDDT = 66.60, pTM-score = 0.3894, piTM-score = 0.3008, interface-score = 0.4592, iRes = 111  iCnt = 100 
Info: num_clusters = 3, cluster_sizes = [2, 5, 1],  clusters = [['IL1AP-TIR_0', 'IL1R-TIR_0'], ['MYD88_BDLD_36_0', 'MYD88_BDLD_36_1', 'BDLD_36_0', 'BDLD_36_1', 'BDLD_36_2'], ['BDLD_36_3']]

I0130 23:07:39.271477 23032518539072 run_af2c_mod.py:404] Final timings for IL1RAP-TIR_x2_MYD88_BDLD_36_x2_BDLD_36_x4: {'features': 1.51, 'process_features_model_4_multimer_v2_p1_230130_226617': 0.0, 'predict_and_compile_model_4_multimer_v2_p1_230130_226617': 2864.7}
                                  
================================= 
Global information about the job: 
================================= 
  
Job owner: flobnow(42847)
Job name:  4_AF2C
Node list: ravg1181
Job start: Mon Jan 30 22:19:31 CET 2023
Job end:   Mon Jan 30 23:07:41 CET 2023
Work dir:  /raven/u/flobnow/workingLama/scripts/myRuns/BDLD_36
Command:   /raven/u/flobnow/workingLama/scripts/myRuns/BDLD_36/script2_comp_model_4.sh
  
  
  
==========================================================================================
Information on jobsteps (Note: MaxRSS/AveRSS is the maximum/average over all 
tasks of the per-task memory high-water marks; cf. "man sacct"): 
==========================================================================================
  
JobID            JobName NNodes NTasks  NCPUS        0.00M        0.00M    Elapsed ExitCode
------------- ---------- ------ ------ ------ ------------ ------------ ---------- --------
4070679           4_AF2C      1           108                             00:48:10      0:0
4070679.0        python3      1      1    108    43291.89M    43291.89M   00:48:06      0:0
  
Maximum memory per node: 45.394833 GB (defined as MaxRSS*Ntasks/NNodes)
CPU utilization: 1.9 %
  
Info: input file name is BDLD_36
Info: input target list is /u/flobnow/workingLama/scripts/myRuns/BDLD_36/target.lst
Info: input feature directory is /u/flobnow/workingLama/feature_files
Info: result output directory is /u/flobnow/workingLama/output_files
Info: model preset is multimer_np
Info: msa pairing is all
Info: recycling setting is 1
Info: using preset super2
Info: set num_ensemble = 2
Info: set max_recyles = 20
Info: set recycle_tol = 0.1
Info: mas_pairing mode is all
I0130 22:42:11.608913 22807730435904 tpu_client.py:54] Starting the local TPU driver.
I0130 22:42:11.609292 22807730435904 xla_bridge.py:212] Unable to initialize backend 'tpu_driver': Not found: Unable to find driver in registry given worker: local://
I0130 22:42:11.992994 22807730435904 xla_bridge.py:212] Unable to initialize backend 'tpu': Invalid argument: TpuPlatform is not available.
I0130 22:42:14.891941 22807730435904 run_af2c_mod.py:481] Have 1 models: ['model_5_multimer_v2_p1']
Info: working on target IL1RAP-TIR_x2_MYD88_BDLD_36_x2_BDLD_36_x4
I0130 22:42:24.902299 22807730435904 run_af2c_mod.py:512] Using random seed 8578494704154994729 for the data pipeline
Info: IL1RAP-TIR_x2_MYD88_BDLD_36_x2_BDLD_36_x4 found monomer IL1AP-TIR msa_depth = 9459, seq_len = 220, num_templ = 20
Info: IL1AP-TIR reducing the number of structural templates to 4
Info: IL1RAP-TIR_x2_MYD88_BDLD_36_x2_BDLD_36_x4 found monomer IL1R-TIR msa_depth = 5743, seq_len = 243, num_templ = 20
Info: IL1R-TIR reducing the number of structural templates to 4
Info: IL1RAP-TIR_x2_MYD88_BDLD_36_x2_BDLD_36_x4 found monomer MYD88_BDLD_36 msa_depth = 769, seq_len = 158, num_templ = 20
Info: MYD88_BDLD_36 reducing the number of structural templates to 4
Info: IL1RAP-TIR_x2_MYD88_BDLD_36_x2_BDLD_36_x4 found monomer BDLD_36 msa_depth = 426, seq_len = 73, num_templ = 20
Info: BDLD_36 reducing the number of structural templates to 4
Info: 8 chain(s) to model {'A': 'IL1AP-TIR_1', 'B': 'IL1R-TIR_1', 'C': 'MYD88_BDLD_36_1', 'D': 'MYD88_BDLD_36_1', 'E': 'BDLD_36_1', 'F': 'BDLD_36_1', 'G': 'BDLD_36_1', 'H': 'BDLD_36_1'}
Info: modeling IL1RAP-TIR_x2_MYD88_BDLD_36_x2_BDLD_36_x4 with msa_depth = 9284, seq_len = 1071, num_templ = 32
I0130 22:42:26.415784 22807730435904 run_af2c_mod.py:216] Running model model_5_multimer_v2_p1_230130_994729
I0130 22:42:26.416266 22807730435904 model.py:205] Running predict with shape(feat) = {'msa': (9284, 1071), 'bert_mask': (9284, 1071), 'num_alignments': (), 'aatype': (1071,), 'seq_length': (), 'template_aatype': (32, 1071), 'template_all_atom_mask': (32, 1071, 37), 'template_all_atom_positions': (32, 1071, 37, 3), 'all_atom_positions': (1071, 37, 3), 'template_domain_names': (32,), 'asym_id': (1071,), 'sym_id': (1071,), 'entity_id': (1071,), 'residue_index': (1071,), 'deletion_matrix': (9284, 1071), 'seq_mask': (1071,), 'msa_mask': (9284, 1071), 'cluster_bias_mask': (9284,), 'pdb_residue_index': (1071,)}
I0130 23:30:16.303726 22807730435904 run_af2c_mod.py:270] Total JAX model model_5_multimer_v2_p1_230130_994729 predict time (includes compilation time): 2869.9 seconds
Info: IL1RAP-TIR_x2_MYD88_BDLD_36_x2_BDLD_36_x4 model_5_multimer_v2_p1_230130_994729_recycled_00,  tol =   inf, pLDDT = 62.11, pTM-score = 0.3147, piTM-score = 0.0219, interface-score = 0.0028, iRes = 11   iCnt = 8   
Info: IL1RAP-TIR_x2_MYD88_BDLD_36_x2_BDLD_36_x4 model_5_multimer_v2_p1_230130_994729_recycled_01,  tol = 129.53, pLDDT = 64.40, pTM-score = 0.3240, piTM-score = 0.1468, interface-score = 0.1230, iRes = 44   iCnt = 28  
Info: IL1RAP-TIR_x2_MYD88_BDLD_36_x2_BDLD_36_x4 model_5_multimer_v2_p1_230130_994729_recycled_02,  tol = 62.14, pLDDT = 66.63, pTM-score = 0.3853, piTM-score = 0.2754, interface-score = 0.3814, iRes = 114  iCnt = 103 
Info: IL1RAP-TIR_x2_MYD88_BDLD_36_x2_BDLD_36_x4 model_5_multimer_v2_p1_230130_994729_recycled_03,  tol = 18.98, pLDDT = 67.22, pTM-score = 0.4119, piTM-score = 0.2662, interface-score = 0.4016, iRes = 109  iCnt = 96  
Info: IL1RAP-TIR_x2_MYD88_BDLD_36_x2_BDLD_36_x4 model_5_multimer_v2_p1_230130_994729_recycled_04,  tol =  4.16, pLDDT = 67.42, pTM-score = 0.4194, piTM-score = 0.2823, interface-score = 0.4229, iRes = 114  iCnt = 98  
Info: IL1RAP-TIR_x2_MYD88_BDLD_36_x2_BDLD_36_x4 model_5_multimer_v2_p1_230130_994729_recycled_05,  tol =  7.39, pLDDT = 69.18, pTM-score = 0.4240, piTM-score = 0.3084, interface-score = 0.4763, iRes = 129  iCnt = 119 
Info: IL1RAP-TIR_x2_MYD88_BDLD_36_x2_BDLD_36_x4 model_5_multimer_v2_p1_230130_994729_recycled_06,  tol =  2.25, pLDDT = 69.40, pTM-score = 0.4201, piTM-score = 0.3147, interface-score = 0.4844, iRes = 137  iCnt = 126 
Info: IL1RAP-TIR_x2_MYD88_BDLD_36_x2_BDLD_36_x4 model_5_multimer_v2_p1_230130_994729_recycled_07,  tol =  1.54, pLDDT = 69.77, pTM-score = 0.4214, piTM-score = 0.3149, interface-score = 0.4947, iRes = 136  iCnt = 124 
Info: IL1RAP-TIR_x2_MYD88_BDLD_36_x2_BDLD_36_x4 model_5_multimer_v2_p1_230130_994729_recycled_08,  tol =  1.94, pLDDT = 69.50, pTM-score = 0.4201, piTM-score = 0.3025, interface-score = 0.4833, iRes = 131  iCnt = 123 
Info: IL1RAP-TIR_x2_MYD88_BDLD_36_x2_BDLD_36_x4 model_5_multimer_v2_p1_230130_994729_recycled_09,  tol =  1.68, pLDDT = 70.13, pTM-score = 0.4290, piTM-score = 0.3139, interface-score = 0.4996, iRes = 139  iCnt = 133 
Info: IL1RAP-TIR_x2_MYD88_BDLD_36_x2_BDLD_36_x4 model_5_multimer_v2_p1_230130_994729_recycled_10,  tol =  1.76, pLDDT = 69.78, pTM-score = 0.4184, piTM-score = 0.3106, interface-score = 0.4830, iRes = 134  iCnt = 124 
Info: IL1RAP-TIR_x2_MYD88_BDLD_36_x2_BDLD_36_x4 model_5_multimer_v2_p1_230130_994729_recycled_11,  tol =  1.42, pLDDT = 69.34, pTM-score = 0.4212, piTM-score = 0.2968, interface-score = 0.4831, iRes = 133  iCnt = 120 
Info: IL1RAP-TIR_x2_MYD88_BDLD_36_x2_BDLD_36_x4 model_5_multimer_v2_p1_230130_994729_recycled_12,  tol =  1.34, pLDDT = 69.23, pTM-score = 0.4179, piTM-score = 0.2853, interface-score = 0.4779, iRes = 131  iCnt = 121 
Info: IL1RAP-TIR_x2_MYD88_BDLD_36_x2_BDLD_36_x4 model_5_multimer_v2_p1_230130_994729_recycled_13,  tol =  1.43, pLDDT = 68.80, pTM-score = 0.4181, piTM-score = 0.2814, interface-score = 0.4693, iRes = 129  iCnt = 117 
Info: IL1RAP-TIR_x2_MYD88_BDLD_36_x2_BDLD_36_x4 model_5_multimer_v2_p1_230130_994729_recycled_14,  tol =  0.86, pLDDT = 69.30, pTM-score = 0.4115, piTM-score = 0.2927, interface-score = 0.4726, iRes = 124  iCnt = 113 
Info: IL1RAP-TIR_x2_MYD88_BDLD_36_x2_BDLD_36_x4 model_5_multimer_v2_p1_230130_994729_recycled_15,  tol =  1.56, pLDDT = 69.48, pTM-score = 0.4194, piTM-score = 0.3073, interface-score = 0.4869, iRes = 134  iCnt = 120 
Info: IL1RAP-TIR_x2_MYD88_BDLD_36_x2_BDLD_36_x4 model_5_multimer_v2_p1_230130_994729_recycled_16,  tol =  1.62, pLDDT = 69.60, pTM-score = 0.4179, piTM-score = 0.2956, interface-score = 0.4723, iRes = 131  iCnt = 118 
Info: IL1RAP-TIR_x2_MYD88_BDLD_36_x2_BDLD_36_x4 model_5_multimer_v2_p1_230130_994729_recycled_17,  tol =  1.28, pLDDT = 69.30, pTM-score = 0.4144, piTM-score = 0.2917, interface-score = 0.4631, iRes = 127  iCnt = 111 
Info: IL1RAP-TIR_x2_MYD88_BDLD_36_x2_BDLD_36_x4 model_5_multimer_v2_p1_230130_994729_recycled_18,  tol =  1.01, pLDDT = 68.96, pTM-score = 0.4085, piTM-score = 0.2978, interface-score = 0.4670, iRes = 127  iCnt = 115 
Info: IL1RAP-TIR_x2_MYD88_BDLD_36_x2_BDLD_36_x4 model_5_multimer_v2_p1_230130_994729_recycled_19,  tol =  1.77, pLDDT = 69.12, pTM-score = 0.4112, piTM-score = 0.2963, interface-score = 0.4703, iRes = 127  iCnt = 116 
Info: IL1RAP-TIR_x2_MYD88_BDLD_36_x2_BDLD_36_x4 model_5_multimer_v2_p1_230130_994729 performed 20 recycles, final tol = 1.42, pLDDT = 69.35, pTM-score = 0.4133, piTM-score = 0.2914, interface-score = 0.4651, iRes = 126  iCnt = 114 
Info: num_clusters = 3, cluster_sizes = [2, 5, 1],  clusters = [['IL1AP-TIR_0', 'IL1R-TIR_0'], ['MYD88_BDLD_36_0', 'MYD88_BDLD_36_1', 'BDLD_36_0', 'BDLD_36_1', 'BDLD_36_2'], ['BDLD_36_3']]

I0130 23:30:20.771363 22807730435904 run_af2c_mod.py:404] Final timings for IL1RAP-TIR_x2_MYD88_BDLD_36_x2_BDLD_36_x4: {'features': 1.51, 'process_features_model_5_multimer_v2_p1_230130_994729': 0.0, 'predict_and_compile_model_5_multimer_v2_p1_230130_994729': 2869.9}
                                  
================================= 
Global information about the job: 
================================= 
  
Job owner: flobnow(42847)
Job name:  5_AF2C
Node list: ravg1109
Job start: Mon Jan 30 22:42:05 CET 2023
Job end:   Mon Jan 30 23:30:23 CET 2023
Work dir:  /raven/u/flobnow/workingLama/scripts/myRuns/BDLD_36
Command:   /raven/u/flobnow/workingLama/scripts/myRuns/BDLD_36/script2_comp_model_5.sh
  
  
  
==========================================================================================
Information on jobsteps (Note: MaxRSS/AveRSS is the maximum/average over all 
tasks of the per-task memory high-water marks; cf. "man sacct"): 
==========================================================================================
  
JobID            JobName NNodes NTasks  NCPUS        0.00M        0.00M    Elapsed ExitCode
------------- ---------- ------ ------ ------ ------------ ------------ ---------- --------
4070703           5_AF2C      1           108                             00:48:18      0:0
4070703.0        python3      1      1    108    43949.20M    43949.20M   00:48:17      0:0
  
Maximum memory per node: 46.084076 GB (defined as MaxRSS*Ntasks/NNodes)
CPU utilization: 1.9 %
  
Info: target file is /u/flobnow/workingLama/scripts/myRuns/BDLD_36/target.lst
Info: input directory of unrelaxed models is /u/flobnow/workingLama/output_files
Info: output directory of relaxed models is /u/flobnow/workingLama/output_files
/bin/sh: /mpcdf/soft/SLE_15/packages/x86_64/alphafold/2.2.0/lib/libtinfo.so.6: no version information available (required by /lib64/libreadline.so.7)
I0131 00:49:56.710756 22640665593664 run_af2c_min.py:88] IL1RAP-TIR_x2_MYD88_BDLD_36_x2_BDLD_36_x4 processing model_5_multimer_v2_p1_230130_994729.pdb
sh: /mpcdf/soft/SLE_15/packages/x86_64/alphafold/2.2.0/lib/libtinfo.so.6: no version information available (required by /lib64/libreadline.so.7)
sh: /mpcdf/soft/SLE_15/packages/x86_64/alphafold/2.2.0/lib/libtinfo.so.6: no version information available (required by /lib64/libreadline.so.7)
I0131 00:50:13.277070 22640665593664 amber_minimize.py:177] alterations info: {'nonstandard_residues': [], 'removed_heterogens': set(), 'missing_residues': {}, 'missing_heavy_atoms': {}, 'missing_terminals': {<Residue 219 (VAL) of chain 0>: ['OXT'], <Residue 462 (GLY) of chain 1>: ['OXT'], <Residue 620 (GLY) of chain 2>: ['OXT'], <Residue 778 (GLY) of chain 3>: ['OXT'], <Residue 851 (ALA) of chain 4>: ['OXT'], <Residue 924 (ALA) of chain 5>: ['OXT'], <Residue 997 (ALA) of chain 6>: ['OXT'], <Residue 1070 (ALA) of chain 7>: ['OXT']}, 'Se_in_MET': [], 'removed_chains': {0: []}}
I0131 00:50:15.006715 22640665593664 amber_minimize.py:408] Minimizing protein, attempt 1 of 100.
I0131 00:50:16.820890 22640665593664 amber_minimize.py:69] Restraining 8684 / 17418 particles.
sh: /mpcdf/soft/SLE_15/packages/x86_64/alphafold/2.2.0/lib/libtinfo.so.6: no version information available (required by /lib64/libreadline.so.7)
I0131 00:52:58.976856 22640665593664 amber_minimize.py:177] alterations info: {'nonstandard_residues': [], 'removed_heterogens': set(), 'missing_residues': {}, 'missing_heavy_atoms': {}, 'missing_terminals': {}, 'Se_in_MET': [], 'removed_chains': {0: []}}
I0131 00:53:00.638752 22640665593664 tpu_client.py:54] Starting the local TPU driver.
I0131 00:53:00.640766 22640665593664 xla_bridge.py:212] Unable to initialize backend 'tpu_driver': Not found: Unable to find driver in registry given worker: local://
I0131 00:53:00.861437 22640665593664 xla_bridge.py:212] Unable to initialize backend 'tpu': Invalid argument: TpuPlatform is not available.
I0131 00:53:13.989407 22640665593664 amber_minimize.py:500] Iteration completed: Einit 14712739591.33 Efinal -23779.81 Time 151.48 s num residue violations 6 num residue exclusions 0 
I0131 00:53:14.033239 22640665593664 amber_minimize.py:408] Minimizing protein, attempt 1 of 100.
I0131 00:53:15.735885 22640665593664 amber_minimize.py:69] Restraining 8642 / 17418 particles.
sh: /mpcdf/soft/SLE_15/packages/x86_64/alphafold/2.2.0/lib/libtinfo.so.6: no version information available (required by /lib64/libreadline.so.7)
I0131 00:55:20.710303 22640665593664 amber_minimize.py:177] alterations info: {'nonstandard_residues': [], 'removed_heterogens': set(), 'missing_residues': {}, 'missing_heavy_atoms': {}, 'missing_terminals': {}, 'Se_in_MET': [], 'removed_chains': {0: []}}
I0131 00:55:26.182907 22640665593664 amber_minimize.py:500] Iteration completed: Einit 39505.96 Efinal -27358.34 Time 114.40 s num residue violations 0 num residue exclusions 6 
sh: /mpcdf/soft/SLE_15/packages/x86_64/alphafold/2.2.0/lib/libtinfo.so.6: no version information available (required by /lib64/libreadline.so.7)
sh: /mpcdf/soft/SLE_15/packages/x86_64/alphafold/2.2.0/lib/libtinfo.so.6: no version information available (required by /lib64/libreadline.so.7)
I0131 00:55:38.942309 22640665593664 amber_minimize.py:177] alterations info: {'nonstandard_residues': [], 'removed_heterogens': set(), 'missing_residues': {}, 'missing_heavy_atoms': {}, 'missing_terminals': {<Residue 219 (VAL) of chain 0>: ['OXT'], <Residue 462 (GLY) of chain 1>: ['OXT'], <Residue 620 (GLY) of chain 2>: ['OXT'], <Residue 778 (GLY) of chain 3>: ['OXT'], <Residue 851 (ALA) of chain 4>: ['OXT'], <Residue 924 (ALA) of chain 5>: ['OXT'], <Residue 997 (ALA) of chain 6>: ['OXT'], <Residue 1070 (ALA) of chain 7>: ['OXT']}, 'Se_in_MET': [], 'removed_chains': {0: []}}
I0131 00:55:42.407622 22640665593664 run_af2c_min.py:110] IL1RAP-TIR_x2_MYD88_BDLD_36_x2_BDLD_36_x4 relaxation done, time spent 345.1 seconds, Efinal -27358.34, rmsd 0.42
I0131 00:55:42.407757 22640665593664 run_af2c_min.py:88] IL1RAP-TIR_x2_MYD88_BDLD_36_x2_BDLD_36_x4 processing model_3_multimer_v2_p1_230130_525057.pdb
sh: /mpcdf/soft/SLE_15/packages/x86_64/alphafold/2.2.0/lib/libtinfo.so.6: no version information available (required by /lib64/libreadline.so.7)
sh: /mpcdf/soft/SLE_15/packages/x86_64/alphafold/2.2.0/lib/libtinfo.so.6: no version information available (required by /lib64/libreadline.so.7)
I0131 00:55:54.459735 22640665593664 amber_minimize.py:177] alterations info: {'nonstandard_residues': [], 'removed_heterogens': set(), 'missing_residues': {}, 'missing_heavy_atoms': {}, 'missing_terminals': {<Residue 219 (VAL) of chain 0>: ['OXT'], <Residue 462 (GLY) of chain 1>: ['OXT'], <Residue 620 (GLY) of chain 2>: ['OXT'], <Residue 778 (GLY) of chain 3>: ['OXT'], <Residue 851 (ALA) of chain 4>: ['OXT'], <Residue 924 (ALA) of chain 5>: ['OXT'], <Residue 997 (ALA) of chain 6>: ['OXT'], <Residue 1070 (ALA) of chain 7>: ['OXT']}, 'Se_in_MET': [], 'removed_chains': {0: []}}
I0131 00:55:56.106704 22640665593664 amber_minimize.py:408] Minimizing protein, attempt 1 of 100.
I0131 00:55:57.833275 22640665593664 amber_minimize.py:69] Restraining 8684 / 17418 particles.
sh: /mpcdf/soft/SLE_15/packages/x86_64/alphafold/2.2.0/lib/libtinfo.so.6: no version information available (required by /lib64/libreadline.so.7)
I0131 00:58:18.387872 22640665593664 amber_minimize.py:177] alterations info: {'nonstandard_residues': [], 'removed_heterogens': set(), 'missing_residues': {}, 'missing_heavy_atoms': {}, 'missing_terminals': {}, 'Se_in_MET': [], 'removed_chains': {0: []}}
I0131 00:58:23.869024 22640665593664 amber_minimize.py:500] Iteration completed: Einit 5910011.71 Efinal -23679.18 Time 130.77 s num residue violations 2 num residue exclusions 0 
I0131 00:58:23.869594 22640665593664 amber_minimize.py:408] Minimizing protein, attempt 1 of 100.
I0131 00:58:25.551398 22640665593664 amber_minimize.py:69] Restraining 8667 / 17418 particles.
sh: /mpcdf/soft/SLE_15/packages/x86_64/alphafold/2.2.0/lib/libtinfo.so.6: no version information available (required by /lib64/libreadline.so.7)
I0131 01:00:31.189872 22640665593664 amber_minimize.py:177] alterations info: {'nonstandard_residues': [], 'removed_heterogens': set(), 'missing_residues': {}, 'missing_heavy_atoms': {}, 'missing_terminals': {}, 'Se_in_MET': [], 'removed_chains': {0: []}}
I0131 01:00:36.666506 22640665593664 amber_minimize.py:500] Iteration completed: Einit 30605.18 Efinal -26719.02 Time 115.52 s num residue violations 0 num residue exclusions 2 
sh: /mpcdf/soft/SLE_15/packages/x86_64/alphafold/2.2.0/lib/libtinfo.so.6: no version information available (required by /lib64/libreadline.so.7)
sh: /mpcdf/soft/SLE_15/packages/x86_64/alphafold/2.2.0/lib/libtinfo.so.6: no version information available (required by /lib64/libreadline.so.7)
I0131 01:00:48.568923 22640665593664 amber_minimize.py:177] alterations info: {'nonstandard_residues': [], 'removed_heterogens': set(), 'missing_residues': {}, 'missing_heavy_atoms': {}, 'missing_terminals': {<Residue 219 (VAL) of chain 0>: ['OXT'], <Residue 462 (GLY) of chain 1>: ['OXT'], <Residue 620 (GLY) of chain 2>: ['OXT'], <Residue 778 (GLY) of chain 3>: ['OXT'], <Residue 851 (ALA) of chain 4>: ['OXT'], <Residue 924 (ALA) of chain 5>: ['OXT'], <Residue 997 (ALA) of chain 6>: ['OXT'], <Residue 1070 (ALA) of chain 7>: ['OXT']}, 'Se_in_MET': [], 'removed_chains': {0: []}}
I0131 01:00:52.000684 22640665593664 run_af2c_min.py:110] IL1RAP-TIR_x2_MYD88_BDLD_36_x2_BDLD_36_x4 relaxation done, time spent 309.0 seconds, Efinal -26719.02, rmsd 0.40
I0131 01:00:52.000806 22640665593664 run_af2c_min.py:88] IL1RAP-TIR_x2_MYD88_BDLD_36_x2_BDLD_36_x4 processing model_2_multimer_v2_p1_230130_655384.pdb
sh: /mpcdf/soft/SLE_15/packages/x86_64/alphafold/2.2.0/lib/libtinfo.so.6: no version information available (required by /lib64/libreadline.so.7)
sh: /mpcdf/soft/SLE_15/packages/x86_64/alphafold/2.2.0/lib/libtinfo.so.6: no version information available (required by /lib64/libreadline.so.7)
I0131 01:01:04.623721 22640665593664 amber_minimize.py:177] alterations info: {'nonstandard_residues': [], 'removed_heterogens': set(), 'missing_residues': {}, 'missing_heavy_atoms': {}, 'missing_terminals': {<Residue 219 (VAL) of chain 0>: ['OXT'], <Residue 462 (GLY) of chain 1>: ['OXT'], <Residue 620 (GLY) of chain 2>: ['OXT'], <Residue 778 (GLY) of chain 3>: ['OXT'], <Residue 851 (ALA) of chain 4>: ['OXT'], <Residue 924 (ALA) of chain 5>: ['OXT'], <Residue 997 (ALA) of chain 6>: ['OXT'], <Residue 1070 (ALA) of chain 7>: ['OXT']}, 'Se_in_MET': [], 'removed_chains': {0: []}}
I0131 01:01:06.253342 22640665593664 amber_minimize.py:408] Minimizing protein, attempt 1 of 100.
I0131 01:01:08.008292 22640665593664 amber_minimize.py:69] Restraining 8684 / 17418 particles.
sh: /mpcdf/soft/SLE_15/packages/x86_64/alphafold/2.2.0/lib/libtinfo.so.6: no version information available (required by /lib64/libreadline.so.7)
I0131 01:03:20.235652 22640665593664 amber_minimize.py:177] alterations info: {'nonstandard_residues': [], 'removed_heterogens': set(), 'missing_residues': {}, 'missing_heavy_atoms': {}, 'missing_terminals': {}, 'Se_in_MET': [], 'removed_chains': {0: []}}
I0131 01:03:25.784270 22640665593664 amber_minimize.py:500] Iteration completed: Einit 1056554.00 Efinal -22774.74 Time 122.38 s num residue violations 2 num residue exclusions 0 
I0131 01:03:25.785085 22640665593664 amber_minimize.py:408] Minimizing protein, attempt 1 of 100.
I0131 01:03:27.477039 22640665593664 amber_minimize.py:69] Restraining 8675 / 17418 particles.
sh: /mpcdf/soft/SLE_15/packages/x86_64/alphafold/2.2.0/lib/libtinfo.so.6: no version information available (required by /lib64/libreadline.so.7)
I0131 01:05:37.344354 22640665593664 amber_minimize.py:177] alterations info: {'nonstandard_residues': [], 'removed_heterogens': set(), 'missing_residues': {}, 'missing_heavy_atoms': {}, 'missing_terminals': {}, 'Se_in_MET': [], 'removed_chains': {0: []}}
I0131 01:05:42.908874 22640665593664 amber_minimize.py:500] Iteration completed: Einit 17718.97 Efinal -25714.31 Time 120.16 s num residue violations 0 num residue exclusions 2 
sh: /mpcdf/soft/SLE_15/packages/x86_64/alphafold/2.2.0/lib/libtinfo.so.6: no version information available (required by /lib64/libreadline.so.7)
sh: /mpcdf/soft/SLE_15/packages/x86_64/alphafold/2.2.0/lib/libtinfo.so.6: no version information available (required by /lib64/libreadline.so.7)
I0131 01:05:55.500960 22640665593664 amber_minimize.py:177] alterations info: {'nonstandard_residues': [], 'removed_heterogens': set(), 'missing_residues': {}, 'missing_heavy_atoms': {}, 'missing_terminals': {<Residue 219 (VAL) of chain 0>: ['OXT'], <Residue 462 (GLY) of chain 1>: ['OXT'], <Residue 620 (GLY) of chain 2>: ['OXT'], <Residue 778 (GLY) of chain 3>: ['OXT'], <Residue 851 (ALA) of chain 4>: ['OXT'], <Residue 924 (ALA) of chain 5>: ['OXT'], <Residue 997 (ALA) of chain 6>: ['OXT'], <Residue 1070 (ALA) of chain 7>: ['OXT']}, 'Se_in_MET': [], 'removed_chains': {0: []}}
I0131 01:05:58.929199 22640665593664 run_af2c_min.py:110] IL1RAP-TIR_x2_MYD88_BDLD_36_x2_BDLD_36_x4 relaxation done, time spent 306.4 seconds, Efinal -25714.31, rmsd 0.39
I0131 01:05:58.929324 22640665593664 run_af2c_min.py:88] IL1RAP-TIR_x2_MYD88_BDLD_36_x2_BDLD_36_x4 processing model_4_multimer_v2_p1_230130_226617.pdb
sh: /mpcdf/soft/SLE_15/packages/x86_64/alphafold/2.2.0/lib/libtinfo.so.6: no version information available (required by /lib64/libreadline.so.7)
sh: /mpcdf/soft/SLE_15/packages/x86_64/alphafold/2.2.0/lib/libtinfo.so.6: no version information available (required by /lib64/libreadline.so.7)
I0131 01:06:11.943972 22640665593664 amber_minimize.py:177] alterations info: {'nonstandard_residues': [], 'removed_heterogens': set(), 'missing_residues': {}, 'missing_heavy_atoms': {}, 'missing_terminals': {<Residue 219 (VAL) of chain 0>: ['OXT'], <Residue 462 (GLY) of chain 1>: ['OXT'], <Residue 620 (GLY) of chain 2>: ['OXT'], <Residue 778 (GLY) of chain 3>: ['OXT'], <Residue 851 (ALA) of chain 4>: ['OXT'], <Residue 924 (ALA) of chain 5>: ['OXT'], <Residue 997 (ALA) of chain 6>: ['OXT'], <Residue 1070 (ALA) of chain 7>: ['OXT']}, 'Se_in_MET': [], 'removed_chains': {0: []}}
I0131 01:06:13.620251 22640665593664 amber_minimize.py:408] Minimizing protein, attempt 1 of 100.
I0131 01:06:15.338544 22640665593664 amber_minimize.py:69] Restraining 8684 / 17418 particles.
sh: /mpcdf/soft/SLE_15/packages/x86_64/alphafold/2.2.0/lib/libtinfo.so.6: no version information available (required by /lib64/libreadline.so.7)
I0131 01:08:37.104859 22640665593664 amber_minimize.py:177] alterations info: {'nonstandard_residues': [], 'removed_heterogens': set(), 'missing_residues': {}, 'missing_heavy_atoms': {}, 'missing_terminals': {}, 'Se_in_MET': [], 'removed_chains': {0: []}}
I0131 01:08:42.666222 22640665593664 amber_minimize.py:500] Iteration completed: Einit 626315421952.27 Efinal -22801.48 Time 131.18 s num residue violations 2 num residue exclusions 0 
I0131 01:08:42.667013 22640665593664 amber_minimize.py:408] Minimizing protein, attempt 1 of 100.
I0131 01:08:44.392096 22640665593664 amber_minimize.py:69] Restraining 8670 / 17418 particles.
sh: /mpcdf/soft/SLE_15/packages/x86_64/alphafold/2.2.0/lib/libtinfo.so.6: no version information available (required by /lib64/libreadline.so.7)
I0131 01:10:50.111136 22640665593664 amber_minimize.py:177] alterations info: {'nonstandard_residues': [], 'removed_heterogens': set(), 'missing_residues': {}, 'missing_heavy_atoms': {}, 'missing_terminals': {}, 'Se_in_MET': [], 'removed_chains': {0: []}}
I0131 01:10:55.608734 22640665593664 amber_minimize.py:500] Iteration completed: Einit 35922.33 Efinal -26074.41 Time 115.13 s num residue violations 0 num residue exclusions 2 
sh: /mpcdf/soft/SLE_15/packages/x86_64/alphafold/2.2.0/lib/libtinfo.so.6: no version information available (required by /lib64/libreadline.so.7)
sh: /mpcdf/soft/SLE_15/packages/x86_64/alphafold/2.2.0/lib/libtinfo.so.6: no version information available (required by /lib64/libreadline.so.7)
I0131 01:11:08.424237 22640665593664 amber_minimize.py:177] alterations info: {'nonstandard_residues': [], 'removed_heterogens': set(), 'missing_residues': {}, 'missing_heavy_atoms': {}, 'missing_terminals': {<Residue 219 (VAL) of chain 0>: ['OXT'], <Residue 462 (GLY) of chain 1>: ['OXT'], <Residue 620 (GLY) of chain 2>: ['OXT'], <Residue 778 (GLY) of chain 3>: ['OXT'], <Residue 851 (ALA) of chain 4>: ['OXT'], <Residue 924 (ALA) of chain 5>: ['OXT'], <Residue 997 (ALA) of chain 6>: ['OXT'], <Residue 1070 (ALA) of chain 7>: ['OXT']}, 'Se_in_MET': [], 'removed_chains': {0: []}}
I0131 01:11:11.894809 22640665593664 run_af2c_min.py:110] IL1RAP-TIR_x2_MYD88_BDLD_36_x2_BDLD_36_x4 relaxation done, time spent 312.4 seconds, Efinal -26074.41, rmsd 0.41
I0131 01:11:11.894934 22640665593664 run_af2c_min.py:88] IL1RAP-TIR_x2_MYD88_BDLD_36_x2_BDLD_36_x4 processing model_1_multimer_v2_p1_230130_144998.pdb
sh: /mpcdf/soft/SLE_15/packages/x86_64/alphafold/2.2.0/lib/libtinfo.so.6: no version information available (required by /lib64/libreadline.so.7)
sh: /mpcdf/soft/SLE_15/packages/x86_64/alphafold/2.2.0/lib/libtinfo.so.6: no version information available (required by /lib64/libreadline.so.7)
I0131 01:11:24.717330 22640665593664 amber_minimize.py:177] alterations info: {'nonstandard_residues': [], 'removed_heterogens': set(), 'missing_residues': {}, 'missing_heavy_atoms': {}, 'missing_terminals': {<Residue 219 (VAL) of chain 0>: ['OXT'], <Residue 462 (GLY) of chain 1>: ['OXT'], <Residue 620 (GLY) of chain 2>: ['OXT'], <Residue 778 (GLY) of chain 3>: ['OXT'], <Residue 851 (ALA) of chain 4>: ['OXT'], <Residue 924 (ALA) of chain 5>: ['OXT'], <Residue 997 (ALA) of chain 6>: ['OXT'], <Residue 1070 (ALA) of chain 7>: ['OXT']}, 'Se_in_MET': [], 'removed_chains': {0: []}}
I0131 01:11:26.350529 22640665593664 amber_minimize.py:408] Minimizing protein, attempt 1 of 100.
I0131 01:11:28.055892 22640665593664 amber_minimize.py:69] Restraining 8684 / 17418 particles.
sh: /mpcdf/soft/SLE_15/packages/x86_64/alphafold/2.2.0/lib/libtinfo.so.6: no version information available (required by /lib64/libreadline.so.7)
I0131 01:13:49.320740 22640665593664 amber_minimize.py:177] alterations info: {'nonstandard_residues': [], 'removed_heterogens': set(), 'missing_residues': {}, 'missing_heavy_atoms': {}, 'missing_terminals': {}, 'Se_in_MET': [], 'removed_chains': {0: []}}
I0131 01:13:54.885692 22640665593664 amber_minimize.py:500] Iteration completed: Einit 33585919.22 Efinal -24056.69 Time 130.75 s num residue violations 0 num residue exclusions 0 
sh: /mpcdf/soft/SLE_15/packages/x86_64/alphafold/2.2.0/lib/libtinfo.so.6: no version information available (required by /lib64/libreadline.so.7)
sh: /mpcdf/soft/SLE_15/packages/x86_64/alphafold/2.2.0/lib/libtinfo.so.6: no version information available (required by /lib64/libreadline.so.7)
I0131 01:14:07.441783 22640665593664 amber_minimize.py:177] alterations info: {'nonstandard_residues': [], 'removed_heterogens': set(), 'missing_residues': {}, 'missing_heavy_atoms': {}, 'missing_terminals': {<Residue 219 (VAL) of chain 0>: ['OXT'], <Residue 462 (GLY) of chain 1>: ['OXT'], <Residue 620 (GLY) of chain 2>: ['OXT'], <Residue 778 (GLY) of chain 3>: ['OXT'], <Residue 851 (ALA) of chain 4>: ['OXT'], <Residue 924 (ALA) of chain 5>: ['OXT'], <Residue 997 (ALA) of chain 6>: ['OXT'], <Residue 1070 (ALA) of chain 7>: ['OXT']}, 'Se_in_MET': [], 'removed_chains': {0: []}}
I0131 01:14:10.859925 22640665593664 run_af2c_min.py:110] IL1RAP-TIR_x2_MYD88_BDLD_36_x2_BDLD_36_x4 relaxation done, time spent 178.5 seconds, Efinal -24056.69, rmsd 0.46
                                  
================================= 
Global information about the job: 
================================= 
  
Job owner: flobnow(42847)
Job name:  6_RLX
Node list: ravg1158
Job start: Tue Jan 31 00:49:44 CET 2023
Job end:   Tue Jan 31 01:14:12 CET 2023
Work dir:  /raven/u/flobnow/workingLama/scripts/myRuns/BDLD_36
Command:   /raven/u/flobnow/workingLama/scripts/myRuns/BDLD_36/script3_relaxation.sh
  
  
  
==========================================================================================
Information on jobsteps (Note: MaxRSS/AveRSS is the maximum/average over all 
tasks of the per-task memory high-water marks; cf. "man sacct"): 
==========================================================================================
  
JobID            JobName NNodes NTasks  NCPUS        0.00M        0.00M    Elapsed ExitCode
------------- ---------- ------ ------ ------ ------------ ------------ ---------- --------
4070708            6_RLX      1           108                             00:24:28      0:0
4070708.0        python3      1      1    108    16415.61M    16415.61M   00:24:26      0:0
  
Maximum memory per node: 17.213014 GB (defined as MaxRSS*Ntasks/NNodes)
CPU utilization: 75.0 %
  
