Info: input file name is BDLD_3
Info: input target list is /u/flobnow/workingLama/scripts/myRuns/BDLD_3/target.lst
Info: input feature directory is /u/flobnow/workingLama/feature_files
Info: result output directory is /u/flobnow/workingLama/output_files
Info: model preset is multimer_np
Info: msa pairing is all
Info: recycling setting is 1
Info: using preset super2
Info: set num_ensemble = 2
Info: set max_recyles = 20
Info: set recycle_tol = 0.1
Info: mas_pairing mode is all
I0130 19:53:50.019942 23228005144384 tpu_client.py:54] Starting the local TPU driver.
I0130 19:53:50.020316 23228005144384 xla_bridge.py:212] Unable to initialize backend 'tpu_driver': Not found: Unable to find driver in registry given worker: local://
I0130 19:53:50.364601 23228005144384 xla_bridge.py:212] Unable to initialize backend 'tpu': Invalid argument: TpuPlatform is not available.
I0130 19:53:53.235154 23228005144384 run_af2c_mod.py:481] Have 1 models: ['model_1_multimer_v2_p1']
Info: working on target IL1RAP-TIR_x2_MYD88_BDLD_3_x2_BDLD_3_x4
I0130 19:53:56.238506 23228005144384 run_af2c_mod.py:512] Using random seed 3744111235422654502 for the data pipeline
Info: IL1RAP-TIR_x2_MYD88_BDLD_3_x2_BDLD_3_x4 found monomer IL1AP-TIR msa_depth = 9459, seq_len = 220, num_templ = 20
Info: IL1AP-TIR reducing the number of structural templates to 4
Info: IL1RAP-TIR_x2_MYD88_BDLD_3_x2_BDLD_3_x4 found monomer IL1R-TIR msa_depth = 5743, seq_len = 243, num_templ = 20
Info: IL1R-TIR reducing the number of structural templates to 4
Info: IL1RAP-TIR_x2_MYD88_BDLD_3_x2_BDLD_3_x4 found monomer MYD88_BDLD_3 msa_depth = 810, seq_len = 158, num_templ = 20
Info: MYD88_BDLD_3 reducing the number of structural templates to 4
Info: IL1RAP-TIR_x2_MYD88_BDLD_3_x2_BDLD_3_x4 found monomer BDLD_3 msa_depth = 461, seq_len = 74, num_templ = 20
Info: BDLD_3 reducing the number of structural templates to 4
Info: 8 chain(s) to model {'A': 'IL1AP-TIR_1', 'B': 'IL1R-TIR_1', 'C': 'MYD88_BDLD_3_1', 'D': 'MYD88_BDLD_3_1', 'E': 'BDLD_3_1', 'F': 'BDLD_3_1', 'G': 'BDLD_3_1', 'H': 'BDLD_3_1'}
Info: modeling IL1RAP-TIR_x2_MYD88_BDLD_3_x2_BDLD_3_x4 with msa_depth = 9351, seq_len = 1075, num_templ = 32
I0130 19:53:57.820216 23228005144384 run_af2c_mod.py:216] Running model model_1_multimer_v2_p1_230130_654502
I0130 19:53:57.820699 23228005144384 model.py:205] Running predict with shape(feat) = {'msa': (9351, 1075), 'bert_mask': (9351, 1075), 'num_alignments': (), 'aatype': (1075,), 'seq_length': (), 'template_aatype': (32, 1075), 'template_all_atom_mask': (32, 1075, 37), 'template_all_atom_positions': (32, 1075, 37, 3), 'all_atom_positions': (1075, 37, 3), 'template_domain_names': (32,), 'asym_id': (1075,), 'sym_id': (1075,), 'entity_id': (1075,), 'residue_index': (1075,), 'deletion_matrix': (9351, 1075), 'seq_mask': (1075,), 'msa_mask': (9351, 1075), 'cluster_bias_mask': (9351,), 'pdb_residue_index': (1075,)}
I0130 20:42:32.771564 23228005144384 run_af2c_mod.py:270] Total JAX model model_1_multimer_v2_p1_230130_654502 predict time (includes compilation time): 2915.0 seconds
Info: IL1RAP-TIR_x2_MYD88_BDLD_3_x2_BDLD_3_x4 model_1_multimer_v2_p1_230130_654502_recycled_00,  tol =   inf, pLDDT = 64.73, pTM-score = 0.2793, piTM-score = 0.0198, interface-score = 0.0048, iRes = 10   iCnt = 5   
Info: IL1RAP-TIR_x2_MYD88_BDLD_3_x2_BDLD_3_x4 model_1_multimer_v2_p1_230130_654502_recycled_01,  tol = 103.29, pLDDT = 68.81, pTM-score = 0.3665, piTM-score = 0.4747, interface-score = 0.4375, iRes = 81   iCnt = 73  
Info: IL1RAP-TIR_x2_MYD88_BDLD_3_x2_BDLD_3_x4 model_1_multimer_v2_p1_230130_654502_recycled_02,  tol = 29.79, pLDDT = 70.21, pTM-score = 0.3791, piTM-score = 0.4515, interface-score = 0.5077, iRes = 123  iCnt = 120 
Info: IL1RAP-TIR_x2_MYD88_BDLD_3_x2_BDLD_3_x4 model_1_multimer_v2_p1_230130_654502_recycled_03,  tol =  9.97, pLDDT = 70.50, pTM-score = 0.3756, piTM-score = 0.4200, interface-score = 0.5370, iRes = 118  iCnt = 108 
Info: IL1RAP-TIR_x2_MYD88_BDLD_3_x2_BDLD_3_x4 model_1_multimer_v2_p1_230130_654502_recycled_04,  tol =  4.25, pLDDT = 72.06, pTM-score = 0.3906, piTM-score = 0.4459, interface-score = 0.5791, iRes = 126  iCnt = 125 
Info: IL1RAP-TIR_x2_MYD88_BDLD_3_x2_BDLD_3_x4 model_1_multimer_v2_p1_230130_654502_recycled_05,  tol = 11.93, pLDDT = 72.35, pTM-score = 0.3999, piTM-score = 0.4945, interface-score = 0.6283, iRes = 142  iCnt = 152 
Info: IL1RAP-TIR_x2_MYD88_BDLD_3_x2_BDLD_3_x4 model_1_multimer_v2_p1_230130_654502_recycled_06,  tol =  8.48, pLDDT = 71.97, pTM-score = 0.3939, piTM-score = 0.4790, interface-score = 0.6057, iRes = 140  iCnt = 152 
Info: IL1RAP-TIR_x2_MYD88_BDLD_3_x2_BDLD_3_x4 model_1_multimer_v2_p1_230130_654502_recycled_07,  tol =  3.76, pLDDT = 72.16, pTM-score = 0.3996, piTM-score = 0.4929, interface-score = 0.6164, iRes = 136  iCnt = 146 
Info: IL1RAP-TIR_x2_MYD88_BDLD_3_x2_BDLD_3_x4 model_1_multimer_v2_p1_230130_654502_recycled_08,  tol =  4.96, pLDDT = 71.86, pTM-score = 0.3966, piTM-score = 0.4895, interface-score = 0.6079, iRes = 136  iCnt = 147 
Info: IL1RAP-TIR_x2_MYD88_BDLD_3_x2_BDLD_3_x4 model_1_multimer_v2_p1_230130_654502_recycled_09,  tol =  3.29, pLDDT = 71.46, pTM-score = 0.3920, piTM-score = 0.4791, interface-score = 0.5965, iRes = 132  iCnt = 138 
Info: IL1RAP-TIR_x2_MYD88_BDLD_3_x2_BDLD_3_x4 model_1_multimer_v2_p1_230130_654502_recycled_10,  tol =  3.13, pLDDT = 71.85, pTM-score = 0.3946, piTM-score = 0.4814, interface-score = 0.6014, iRes = 133  iCnt = 141 
Info: IL1RAP-TIR_x2_MYD88_BDLD_3_x2_BDLD_3_x4 model_1_multimer_v2_p1_230130_654502_recycled_11,  tol =  2.56, pLDDT = 71.82, pTM-score = 0.3942, piTM-score = 0.4758, interface-score = 0.5996, iRes = 132  iCnt = 137 
Info: IL1RAP-TIR_x2_MYD88_BDLD_3_x2_BDLD_3_x4 model_1_multimer_v2_p1_230130_654502_recycled_12,  tol =  2.19, pLDDT = 71.49, pTM-score = 0.3925, piTM-score = 0.4728, interface-score = 0.5929, iRes = 132  iCnt = 136 
Info: IL1RAP-TIR_x2_MYD88_BDLD_3_x2_BDLD_3_x4 model_1_multimer_v2_p1_230130_654502_recycled_13,  tol =  2.05, pLDDT = 71.53, pTM-score = 0.3893, piTM-score = 0.4755, interface-score = 0.5903, iRes = 131  iCnt = 139 
Info: IL1RAP-TIR_x2_MYD88_BDLD_3_x2_BDLD_3_x4 model_1_multimer_v2_p1_230130_654502_recycled_14,  tol =  1.90, pLDDT = 71.52, pTM-score = 0.3913, piTM-score = 0.4718, interface-score = 0.5936, iRes = 133  iCnt = 143 
Info: IL1RAP-TIR_x2_MYD88_BDLD_3_x2_BDLD_3_x4 model_1_multimer_v2_p1_230130_654502_recycled_15,  tol =  1.72, pLDDT = 71.56, pTM-score = 0.3914, piTM-score = 0.4828, interface-score = 0.6054, iRes = 136  iCnt = 148 
Info: IL1RAP-TIR_x2_MYD88_BDLD_3_x2_BDLD_3_x4 model_1_multimer_v2_p1_230130_654502_recycled_16,  tol =  2.10, pLDDT = 71.68, pTM-score = 0.3927, piTM-score = 0.4823, interface-score = 0.6042, iRes = 133  iCnt = 147 
Info: IL1RAP-TIR_x2_MYD88_BDLD_3_x2_BDLD_3_x4 model_1_multimer_v2_p1_230130_654502_recycled_17,  tol =  1.38, pLDDT = 71.94, pTM-score = 0.3940, piTM-score = 0.4894, interface-score = 0.6099, iRes = 132  iCnt = 142 
Info: IL1RAP-TIR_x2_MYD88_BDLD_3_x2_BDLD_3_x4 model_1_multimer_v2_p1_230130_654502_recycled_18,  tol =  3.22, pLDDT = 71.82, pTM-score = 0.3964, piTM-score = 0.4843, interface-score = 0.6066, iRes = 133  iCnt = 144 
Info: IL1RAP-TIR_x2_MYD88_BDLD_3_x2_BDLD_3_x4 model_1_multimer_v2_p1_230130_654502_recycled_19,  tol =  4.05, pLDDT = 72.06, pTM-score = 0.3967, piTM-score = 0.4848, interface-score = 0.6095, iRes = 135  iCnt = 145 
Info: IL1RAP-TIR_x2_MYD88_BDLD_3_x2_BDLD_3_x4 model_1_multimer_v2_p1_230130_654502 performed 20 recycles, final tol = 1.78, pLDDT = 71.65, pTM-score = 0.3904, piTM-score = 0.4744, interface-score = 0.5988, iRes = 132  iCnt = 137 
Info: num_clusters = 2, cluster_sizes = [2, 6],  clusters = [['IL1AP-TIR_0', 'IL1R-TIR_0'], ['MYD88_BDLD_3_0', 'MYD88_BDLD_3_1', 'BDLD_3_0', 'BDLD_3_1', 'BDLD_3_2', 'BDLD_3_3']]

I0130 20:42:37.414325 23228005144384 run_af2c_mod.py:404] Final timings for IL1RAP-TIR_x2_MYD88_BDLD_3_x2_BDLD_3_x4: {'features': 1.58, 'process_features_model_1_multimer_v2_p1_230130_654502': 0.0, 'predict_and_compile_model_1_multimer_v2_p1_230130_654502': 2915.0}
                                  
================================= 
Global information about the job: 
================================= 
  
Job owner: flobnow(42847)
Job name:  1_AF2C
Node list: ravg1167
Job start: Mon Jan 30 19:53:40 CET 2023
Job end:   Mon Jan 30 20:42:40 CET 2023
Work dir:  /raven/u/flobnow/workingLama/scripts/myRuns/BDLD_3
Command:   /raven/u/flobnow/workingLama/scripts/myRuns/BDLD_3/script2_comp_model_1.sh
  
  
  
==========================================================================================
Information on jobsteps (Note: MaxRSS/AveRSS is the maximum/average over all 
tasks of the per-task memory high-water marks; cf. "man sacct"): 
==========================================================================================
  
JobID            JobName NNodes NTasks  NCPUS        0.00M        0.00M    Elapsed ExitCode
------------- ---------- ------ ------ ------ ------------ ------------ ---------- --------
4070569           1_AF2C      1           108                             00:49:00      0:0
4070569.0        python3      1      1    108    43830.83M    43830.83M   00:48:57      0:0
  
Maximum memory per node: 45.959959 GB (defined as MaxRSS*Ntasks/NNodes)
CPU utilization: 1.9 %
  
Info: input file name is BDLD_3
Info: input target list is /u/flobnow/workingLama/scripts/myRuns/BDLD_3/target.lst
Info: input feature directory is /u/flobnow/workingLama/feature_files
Info: result output directory is /u/flobnow/workingLama/output_files
Info: model preset is multimer_np
Info: msa pairing is all
Info: recycling setting is 1
Info: using preset super2
Info: set num_ensemble = 2
Info: set max_recyles = 20
Info: set recycle_tol = 0.1
Info: mas_pairing mode is all
I0130 20:47:01.512962 22881675065152 tpu_client.py:54] Starting the local TPU driver.
I0130 20:47:01.513329 22881675065152 xla_bridge.py:212] Unable to initialize backend 'tpu_driver': Not found: Unable to find driver in registry given worker: local://
I0130 20:47:01.840521 22881675065152 xla_bridge.py:212] Unable to initialize backend 'tpu': Invalid argument: TpuPlatform is not available.
I0130 20:47:04.713039 22881675065152 run_af2c_mod.py:481] Have 1 models: ['model_2_multimer_v2_p1']
Info: working on target IL1RAP-TIR_x2_MYD88_BDLD_3_x2_BDLD_3_x4
I0130 20:47:10.719258 22881675065152 run_af2c_mod.py:512] Using random seed 1060901216053691510 for the data pipeline
Info: IL1RAP-TIR_x2_MYD88_BDLD_3_x2_BDLD_3_x4 found monomer IL1AP-TIR msa_depth = 9459, seq_len = 220, num_templ = 20
Info: IL1AP-TIR reducing the number of structural templates to 4
Info: IL1RAP-TIR_x2_MYD88_BDLD_3_x2_BDLD_3_x4 found monomer IL1R-TIR msa_depth = 5743, seq_len = 243, num_templ = 20
Info: IL1R-TIR reducing the number of structural templates to 4
Info: IL1RAP-TIR_x2_MYD88_BDLD_3_x2_BDLD_3_x4 found monomer MYD88_BDLD_3 msa_depth = 810, seq_len = 158, num_templ = 20
Info: MYD88_BDLD_3 reducing the number of structural templates to 4
Info: IL1RAP-TIR_x2_MYD88_BDLD_3_x2_BDLD_3_x4 found monomer BDLD_3 msa_depth = 461, seq_len = 74, num_templ = 20
Info: BDLD_3 reducing the number of structural templates to 4
Info: 8 chain(s) to model {'A': 'IL1AP-TIR_1', 'B': 'IL1R-TIR_1', 'C': 'MYD88_BDLD_3_1', 'D': 'MYD88_BDLD_3_1', 'E': 'BDLD_3_1', 'F': 'BDLD_3_1', 'G': 'BDLD_3_1', 'H': 'BDLD_3_1'}
Info: modeling IL1RAP-TIR_x2_MYD88_BDLD_3_x2_BDLD_3_x4 with msa_depth = 9351, seq_len = 1075, num_templ = 32
I0130 20:47:12.363411 22881675065152 run_af2c_mod.py:216] Running model model_2_multimer_v2_p1_230130_691510
I0130 20:47:12.363895 22881675065152 model.py:205] Running predict with shape(feat) = {'msa': (9351, 1075), 'bert_mask': (9351, 1075), 'num_alignments': (), 'aatype': (1075,), 'seq_length': (), 'template_aatype': (32, 1075), 'template_all_atom_mask': (32, 1075, 37), 'template_all_atom_positions': (32, 1075, 37, 3), 'all_atom_positions': (1075, 37, 3), 'template_domain_names': (32,), 'asym_id': (1075,), 'sym_id': (1075,), 'entity_id': (1075,), 'residue_index': (1075,), 'deletion_matrix': (9351, 1075), 'seq_mask': (1075,), 'msa_mask': (9351, 1075), 'cluster_bias_mask': (9351,), 'pdb_residue_index': (1075,)}
I0130 21:36:09.983958 22881675065152 run_af2c_mod.py:270] Total JAX model model_2_multimer_v2_p1_230130_691510 predict time (includes compilation time): 2937.6 seconds
Info: IL1RAP-TIR_x2_MYD88_BDLD_3_x2_BDLD_3_x4 model_2_multimer_v2_p1_230130_691510_recycled_00,  tol =   inf, pLDDT = 62.50, pTM-score = 0.3115, piTM-score = 0.1212, interface-score = 0.0450, iRes = 26   iCnt = 18  
Info: IL1RAP-TIR_x2_MYD88_BDLD_3_x2_BDLD_3_x4 model_2_multimer_v2_p1_230130_691510_recycled_01,  tol = 83.89, pLDDT = 62.39, pTM-score = 0.3542, piTM-score = 0.2782, interface-score = 0.1501, iRes = 28   iCnt = 22  
Info: IL1RAP-TIR_x2_MYD88_BDLD_3_x2_BDLD_3_x4 model_2_multimer_v2_p1_230130_691510_recycled_02,  tol = 21.25, pLDDT = 62.32, pTM-score = 0.3510, piTM-score = 0.2843, interface-score = 0.1219, iRes = 103  iCnt = 208 
Info: IL1RAP-TIR_x2_MYD88_BDLD_3_x2_BDLD_3_x4 model_2_multimer_v2_p1_230130_691510_recycled_03,  tol = 20.24, pLDDT = 63.90, pTM-score = 0.3650, piTM-score = 0.3326, interface-score = 0.2123, iRes = 30   iCnt = 24  
Info: IL1RAP-TIR_x2_MYD88_BDLD_3_x2_BDLD_3_x4 model_2_multimer_v2_p1_230130_691510_recycled_04,  tol = 27.74, pLDDT = 63.42, pTM-score = 0.3668, piTM-score = 0.3675, interface-score = 0.2312, iRes = 31   iCnt = 28  
Info: IL1RAP-TIR_x2_MYD88_BDLD_3_x2_BDLD_3_x4 model_2_multimer_v2_p1_230130_691510_recycled_05,  tol = 22.96, pLDDT = 65.61, pTM-score = 0.3808, piTM-score = 0.3237, interface-score = 0.2239, iRes = 27   iCnt = 28  
Info: IL1RAP-TIR_x2_MYD88_BDLD_3_x2_BDLD_3_x4 model_2_multimer_v2_p1_230130_691510_recycled_06,  tol = 21.81, pLDDT = 66.00, pTM-score = 0.3824, piTM-score = 0.2389, interface-score = 0.3603, iRes = 76   iCnt = 70  
Info: IL1RAP-TIR_x2_MYD88_BDLD_3_x2_BDLD_3_x4 model_2_multimer_v2_p1_230130_691510_recycled_07,  tol = 31.92, pLDDT = 65.73, pTM-score = 0.3751, piTM-score = 0.2761, interface-score = 0.3271, iRes = 58   iCnt = 48  
Info: IL1RAP-TIR_x2_MYD88_BDLD_3_x2_BDLD_3_x4 model_2_multimer_v2_p1_230130_691510_recycled_08,  tol = 11.89, pLDDT = 65.00, pTM-score = 0.3813, piTM-score = 0.2601, interface-score = 0.2786, iRes = 66   iCnt = 52  
Info: IL1RAP-TIR_x2_MYD88_BDLD_3_x2_BDLD_3_x4 model_2_multimer_v2_p1_230130_691510_recycled_09,  tol = 11.65, pLDDT = 65.87, pTM-score = 0.3787, piTM-score = 0.3427, interface-score = 0.2819, iRes = 38   iCnt = 29  
Info: IL1RAP-TIR_x2_MYD88_BDLD_3_x2_BDLD_3_x4 model_2_multimer_v2_p1_230130_691510_recycled_10,  tol = 15.26, pLDDT = 66.70, pTM-score = 0.3793, piTM-score = 0.3110, interface-score = 0.4064, iRes = 88   iCnt = 77  
Info: IL1RAP-TIR_x2_MYD88_BDLD_3_x2_BDLD_3_x4 model_2_multimer_v2_p1_230130_691510_recycled_11,  tol = 20.34, pLDDT = 67.07, pTM-score = 0.3883, piTM-score = 0.3634, interface-score = 0.4598, iRes = 122  iCnt = 119 
Info: IL1RAP-TIR_x2_MYD88_BDLD_3_x2_BDLD_3_x4 model_2_multimer_v2_p1_230130_691510_recycled_12,  tol =  7.87, pLDDT = 65.61, pTM-score = 0.3819, piTM-score = 0.4376, interface-score = 0.4153, iRes = 150  iCnt = 200 
Info: IL1RAP-TIR_x2_MYD88_BDLD_3_x2_BDLD_3_x4 model_2_multimer_v2_p1_230130_691510_recycled_13,  tol =  7.73, pLDDT = 65.82, pTM-score = 0.3851, piTM-score = 0.2571, interface-score = 0.3722, iRes = 69   iCnt = 57  
Info: IL1RAP-TIR_x2_MYD88_BDLD_3_x2_BDLD_3_x4 model_2_multimer_v2_p1_230130_691510_recycled_14,  tol =  6.71, pLDDT = 65.71, pTM-score = 0.3797, piTM-score = 0.2768, interface-score = 0.3789, iRes = 79   iCnt = 66  
Info: IL1RAP-TIR_x2_MYD88_BDLD_3_x2_BDLD_3_x4 model_2_multimer_v2_p1_230130_691510_recycled_15,  tol = 13.07, pLDDT = 65.89, pTM-score = 0.3804, piTM-score = 0.3445, interface-score = 0.4184, iRes = 95   iCnt = 84  
Info: IL1RAP-TIR_x2_MYD88_BDLD_3_x2_BDLD_3_x4 model_2_multimer_v2_p1_230130_691510_recycled_16,  tol =  4.09, pLDDT = 65.64, pTM-score = 0.3806, piTM-score = 0.3268, interface-score = 0.4018, iRes = 86   iCnt = 79  
Info: IL1RAP-TIR_x2_MYD88_BDLD_3_x2_BDLD_3_x4 model_2_multimer_v2_p1_230130_691510_recycled_17,  tol =  8.62, pLDDT = 65.61, pTM-score = 0.3800, piTM-score = 0.3225, interface-score = 0.4062, iRes = 85   iCnt = 77  
Info: IL1RAP-TIR_x2_MYD88_BDLD_3_x2_BDLD_3_x4 model_2_multimer_v2_p1_230130_691510_recycled_18,  tol =  3.46, pLDDT = 65.23, pTM-score = 0.3738, piTM-score = 0.3046, interface-score = 0.3927, iRes = 82   iCnt = 73  
Info: IL1RAP-TIR_x2_MYD88_BDLD_3_x2_BDLD_3_x4 model_2_multimer_v2_p1_230130_691510_recycled_19,  tol =  6.42, pLDDT = 65.93, pTM-score = 0.3822, piTM-score = 0.3097, interface-score = 0.4089, iRes = 82   iCnt = 76  
Info: IL1RAP-TIR_x2_MYD88_BDLD_3_x2_BDLD_3_x4 model_2_multimer_v2_p1_230130_691510 performed 20 recycles, final tol = 4.10, pLDDT = 65.25, pTM-score = 0.3812, piTM-score = 0.2715, interface-score = 0.3842, iRes = 73   iCnt = 61  
Info: num_clusters = 7, cluster_sizes = [2, 1, 1, 1, 1, 1, 1],  clusters = [['IL1AP-TIR_0', 'IL1R-TIR_0'], ['MYD88_BDLD_3_0'], ['MYD88_BDLD_3_1'], ['BDLD_3_0'], ['BDLD_3_1'], ['BDLD_3_2'], ['BDLD_3_3']]

I0130 21:36:14.313329 22881675065152 run_af2c_mod.py:404] Final timings for IL1RAP-TIR_x2_MYD88_BDLD_3_x2_BDLD_3_x4: {'features': 1.64, 'process_features_model_2_multimer_v2_p1_230130_691510': 0.0, 'predict_and_compile_model_2_multimer_v2_p1_230130_691510': 2937.6}
                                  
================================= 
Global information about the job: 
================================= 
  
Job owner: flobnow(42847)
Job name:  2_AF2C
Node list: ravg1103
Job start: Mon Jan 30 20:46:54 CET 2023
Job end:   Mon Jan 30 21:36:17 CET 2023
Work dir:  /raven/u/flobnow/workingLama/scripts/myRuns/BDLD_3
Command:   /raven/u/flobnow/workingLama/scripts/myRuns/BDLD_3/script2_comp_model_2.sh
  
  
  
==========================================================================================
Information on jobsteps (Note: MaxRSS/AveRSS is the maximum/average over all 
tasks of the per-task memory high-water marks; cf. "man sacct"): 
==========================================================================================
  
JobID            JobName NNodes NTasks  NCPUS        0.00M        0.00M    Elapsed ExitCode
------------- ---------- ------ ------ ------ ------------ ------------ ---------- --------
4070609           2_AF2C      1           108                             00:49:23      0:0
4070609.0        python3      1      1    108    44058.50M    44058.50M   00:49:21      0:0
  
Maximum memory per node: 46.198682 GB (defined as MaxRSS*Ntasks/NNodes)
CPU utilization: 1.9 %
  
Info: input file name is BDLD_3
Info: input target list is /u/flobnow/workingLama/scripts/myRuns/BDLD_3/target.lst
Info: input feature directory is /u/flobnow/workingLama/feature_files
Info: result output directory is /u/flobnow/workingLama/output_files
Info: model preset is multimer_np
Info: msa pairing is all
Info: recycling setting is 1
Info: using preset super2
Info: set num_ensemble = 2
Info: set max_recyles = 20
Info: set recycle_tol = 0.1
Info: mas_pairing mode is all
I0130 21:15:15.080233 22416898819904 tpu_client.py:54] Starting the local TPU driver.
I0130 21:15:15.080596 22416898819904 xla_bridge.py:212] Unable to initialize backend 'tpu_driver': Not found: Unable to find driver in registry given worker: local://
I0130 21:15:15.418167 22416898819904 xla_bridge.py:212] Unable to initialize backend 'tpu': Invalid argument: TpuPlatform is not available.
I0130 21:15:18.309201 22416898819904 run_af2c_mod.py:481] Have 1 models: ['model_3_multimer_v2_p1']
Info: working on target IL1RAP-TIR_x2_MYD88_BDLD_3_x2_BDLD_3_x4
I0130 21:15:26.317440 22416898819904 run_af2c_mod.py:512] Using random seed 4349888115463135156 for the data pipeline
Info: IL1RAP-TIR_x2_MYD88_BDLD_3_x2_BDLD_3_x4 found monomer IL1AP-TIR msa_depth = 9459, seq_len = 220, num_templ = 20
Info: IL1AP-TIR reducing the number of structural templates to 4
Info: IL1RAP-TIR_x2_MYD88_BDLD_3_x2_BDLD_3_x4 found monomer IL1R-TIR msa_depth = 5743, seq_len = 243, num_templ = 20
Info: IL1R-TIR reducing the number of structural templates to 4
Info: IL1RAP-TIR_x2_MYD88_BDLD_3_x2_BDLD_3_x4 found monomer MYD88_BDLD_3 msa_depth = 810, seq_len = 158, num_templ = 20
Info: MYD88_BDLD_3 reducing the number of structural templates to 4
Info: IL1RAP-TIR_x2_MYD88_BDLD_3_x2_BDLD_3_x4 found monomer BDLD_3 msa_depth = 461, seq_len = 74, num_templ = 20
Info: BDLD_3 reducing the number of structural templates to 4
Info: 8 chain(s) to model {'A': 'IL1AP-TIR_1', 'B': 'IL1R-TIR_1', 'C': 'MYD88_BDLD_3_1', 'D': 'MYD88_BDLD_3_1', 'E': 'BDLD_3_1', 'F': 'BDLD_3_1', 'G': 'BDLD_3_1', 'H': 'BDLD_3_1'}
Info: modeling IL1RAP-TIR_x2_MYD88_BDLD_3_x2_BDLD_3_x4 with msa_depth = 9351, seq_len = 1075, num_templ = 32
I0130 21:15:27.865781 22416898819904 run_af2c_mod.py:216] Running model model_3_multimer_v2_p1_230130_135156
I0130 21:15:27.866264 22416898819904 model.py:205] Running predict with shape(feat) = {'msa': (9351, 1075), 'bert_mask': (9351, 1075), 'num_alignments': (), 'aatype': (1075,), 'seq_length': (), 'template_aatype': (32, 1075), 'template_all_atom_mask': (32, 1075, 37), 'template_all_atom_positions': (32, 1075, 37, 3), 'all_atom_positions': (1075, 37, 3), 'template_domain_names': (32,), 'asym_id': (1075,), 'sym_id': (1075,), 'entity_id': (1075,), 'residue_index': (1075,), 'deletion_matrix': (9351, 1075), 'seq_mask': (1075,), 'msa_mask': (9351, 1075), 'cluster_bias_mask': (9351,), 'pdb_residue_index': (1075,)}
I0130 22:03:42.352967 22416898819904 run_af2c_mod.py:270] Total JAX model model_3_multimer_v2_p1_230130_135156 predict time (includes compilation time): 2894.5 seconds
Info: IL1RAP-TIR_x2_MYD88_BDLD_3_x2_BDLD_3_x4 model_3_multimer_v2_p1_230130_135156_recycled_00,  tol =   inf, pLDDT = 60.21, pTM-score = 0.2977, piTM-score = 0.1181, interface-score = 0.0397, iRes = 24   iCnt = 19  
Info: IL1RAP-TIR_x2_MYD88_BDLD_3_x2_BDLD_3_x4 model_3_multimer_v2_p1_230130_135156_recycled_01,  tol = 101.41, pLDDT = 62.70, pTM-score = 0.3620, piTM-score = 0.2988, interface-score = 0.2091, iRes = 33   iCnt = 28  
Info: IL1RAP-TIR_x2_MYD88_BDLD_3_x2_BDLD_3_x4 model_3_multimer_v2_p1_230130_135156_recycled_02,  tol = 37.15, pLDDT = 66.84, pTM-score = 0.3894, piTM-score = 0.3682, interface-score = 0.4723, iRes = 113  iCnt = 110 
Info: IL1RAP-TIR_x2_MYD88_BDLD_3_x2_BDLD_3_x4 model_3_multimer_v2_p1_230130_135156_recycled_03,  tol = 30.70, pLDDT = 67.55, pTM-score = 0.3970, piTM-score = 0.4241, interface-score = 0.5544, iRes = 134  iCnt = 145 
Info: IL1RAP-TIR_x2_MYD88_BDLD_3_x2_BDLD_3_x4 model_3_multimer_v2_p1_230130_135156_recycled_04,  tol =  6.46, pLDDT = 68.36, pTM-score = 0.4026, piTM-score = 0.4352, interface-score = 0.5725, iRes = 137  iCnt = 147 
Info: IL1RAP-TIR_x2_MYD88_BDLD_3_x2_BDLD_3_x4 model_3_multimer_v2_p1_230130_135156_recycled_05,  tol =  2.46, pLDDT = 69.02, pTM-score = 0.4025, piTM-score = 0.4451, interface-score = 0.5796, iRes = 135  iCnt = 149 
Info: IL1RAP-TIR_x2_MYD88_BDLD_3_x2_BDLD_3_x4 model_3_multimer_v2_p1_230130_135156_recycled_06,  tol =  4.42, pLDDT = 68.10, pTM-score = 0.3955, piTM-score = 0.4431, interface-score = 0.5704, iRes = 134  iCnt = 144 
Info: IL1RAP-TIR_x2_MYD88_BDLD_3_x2_BDLD_3_x4 model_3_multimer_v2_p1_230130_135156_recycled_07,  tol =  4.64, pLDDT = 68.45, pTM-score = 0.3958, piTM-score = 0.4325, interface-score = 0.5707, iRes = 137  iCnt = 145 
Info: IL1RAP-TIR_x2_MYD88_BDLD_3_x2_BDLD_3_x4 model_3_multimer_v2_p1_230130_135156_recycled_08,  tol =  2.92, pLDDT = 68.67, pTM-score = 0.3975, piTM-score = 0.4302, interface-score = 0.5657, iRes = 137  iCnt = 149 
Info: IL1RAP-TIR_x2_MYD88_BDLD_3_x2_BDLD_3_x4 model_3_multimer_v2_p1_230130_135156_recycled_09,  tol =  1.66, pLDDT = 68.38, pTM-score = 0.3973, piTM-score = 0.4285, interface-score = 0.5584, iRes = 135  iCnt = 143 
Info: IL1RAP-TIR_x2_MYD88_BDLD_3_x2_BDLD_3_x4 model_3_multimer_v2_p1_230130_135156_recycled_10,  tol =  3.92, pLDDT = 68.79, pTM-score = 0.3964, piTM-score = 0.4299, interface-score = 0.5655, iRes = 136  iCnt = 142 
Info: IL1RAP-TIR_x2_MYD88_BDLD_3_x2_BDLD_3_x4 model_3_multimer_v2_p1_230130_135156_recycled_11,  tol =  3.96, pLDDT = 68.43, pTM-score = 0.3956, piTM-score = 0.4263, interface-score = 0.5652, iRes = 136  iCnt = 144 
Info: IL1RAP-TIR_x2_MYD88_BDLD_3_x2_BDLD_3_x4 model_3_multimer_v2_p1_230130_135156_recycled_12,  tol =  5.56, pLDDT = 68.30, pTM-score = 0.3944, piTM-score = 0.4264, interface-score = 0.5600, iRes = 135  iCnt = 140 
Info: IL1RAP-TIR_x2_MYD88_BDLD_3_x2_BDLD_3_x4 model_3_multimer_v2_p1_230130_135156_recycled_13,  tol =  6.53, pLDDT = 68.23, pTM-score = 0.3953, piTM-score = 0.4274, interface-score = 0.5626, iRes = 134  iCnt = 139 
Info: IL1RAP-TIR_x2_MYD88_BDLD_3_x2_BDLD_3_x4 model_3_multimer_v2_p1_230130_135156_recycled_14,  tol =  5.13, pLDDT = 68.24, pTM-score = 0.3955, piTM-score = 0.4220, interface-score = 0.5561, iRes = 133  iCnt = 135 
Info: IL1RAP-TIR_x2_MYD88_BDLD_3_x2_BDLD_3_x4 model_3_multimer_v2_p1_230130_135156_recycled_15,  tol =  4.09, pLDDT = 68.31, pTM-score = 0.3950, piTM-score = 0.4318, interface-score = 0.5618, iRes = 135  iCnt = 138 
Info: IL1RAP-TIR_x2_MYD88_BDLD_3_x2_BDLD_3_x4 model_3_multimer_v2_p1_230130_135156_recycled_16,  tol =  3.02, pLDDT = 68.53, pTM-score = 0.3995, piTM-score = 0.4262, interface-score = 0.5669, iRes = 133  iCnt = 139 
Info: IL1RAP-TIR_x2_MYD88_BDLD_3_x2_BDLD_3_x4 model_3_multimer_v2_p1_230130_135156_recycled_17,  tol =  7.41, pLDDT = 67.99, pTM-score = 0.4011, piTM-score = 0.4256, interface-score = 0.5646, iRes = 132  iCnt = 136 
Info: IL1RAP-TIR_x2_MYD88_BDLD_3_x2_BDLD_3_x4 model_3_multimer_v2_p1_230130_135156_recycled_18,  tol =  4.23, pLDDT = 67.94, pTM-score = 0.3983, piTM-score = 0.4177, interface-score = 0.5562, iRes = 129  iCnt = 130 
Info: IL1RAP-TIR_x2_MYD88_BDLD_3_x2_BDLD_3_x4 model_3_multimer_v2_p1_230130_135156_recycled_19,  tol =  3.09, pLDDT = 67.35, pTM-score = 0.3947, piTM-score = 0.3774, interface-score = 0.5255, iRes = 144  iCnt = 149 
Info: IL1RAP-TIR_x2_MYD88_BDLD_3_x2_BDLD_3_x4 model_3_multimer_v2_p1_230130_135156 performed 20 recycles, final tol = 2.05, pLDDT = 67.39, pTM-score = 0.3924, piTM-score = 0.4117, interface-score = 0.5392, iRes = 126  iCnt = 127 
Info: num_clusters = 2, cluster_sizes = [2, 6],  clusters = [['IL1AP-TIR_0', 'IL1R-TIR_0'], ['MYD88_BDLD_3_0', 'MYD88_BDLD_3_1', 'BDLD_3_0', 'BDLD_3_1', 'BDLD_3_2', 'BDLD_3_3']]

I0130 22:03:46.750736 22416898819904 run_af2c_mod.py:404] Final timings for IL1RAP-TIR_x2_MYD88_BDLD_3_x2_BDLD_3_x4: {'features': 1.55, 'process_features_model_3_multimer_v2_p1_230130_135156': 0.0, 'predict_and_compile_model_3_multimer_v2_p1_230130_135156': 2894.5}
                                  
================================= 
Global information about the job: 
================================= 
  
Job owner: flobnow(42847)
Job name:  3_AF2C
Node list: ravg1184
Job start: Mon Jan 30 21:15:06 CET 2023
Job end:   Mon Jan 30 22:03:49 CET 2023
Work dir:  /raven/u/flobnow/workingLama/scripts/myRuns/BDLD_3
Command:   /raven/u/flobnow/workingLama/scripts/myRuns/BDLD_3/script2_comp_model_3.sh
  
  
  
==========================================================================================
Information on jobsteps (Note: MaxRSS/AveRSS is the maximum/average over all 
tasks of the per-task memory high-water marks; cf. "man sacct"): 
==========================================================================================
  
JobID            JobName NNodes NTasks  NCPUS        0.00M        0.00M    Elapsed ExitCode
------------- ---------- ------ ------ ------ ------------ ------------ ---------- --------
4070626           3_AF2C      1           108                             00:48:43      0:0
4070626.0        python3      1      1    108    44344.74M    44344.74M   00:48:40      0:0
  
Maximum memory per node: 46.498828 GB (defined as MaxRSS*Ntasks/NNodes)
CPU utilization: 1.9 %
  
Info: input file name is BDLD_3
Info: input target list is /u/flobnow/workingLama/scripts/myRuns/BDLD_3/target.lst
Info: input feature directory is /u/flobnow/workingLama/feature_files
Info: result output directory is /u/flobnow/workingLama/output_files
Info: model preset is multimer_np
Info: msa pairing is all
Info: recycling setting is 1
Info: using preset super2
Info: set num_ensemble = 2
Info: set max_recyles = 20
Info: set recycle_tol = 0.1
Info: mas_pairing mode is all
I0130 21:38:47.773663 23052556642112 tpu_client.py:54] Starting the local TPU driver.
I0130 21:38:47.774067 23052556642112 xla_bridge.py:212] Unable to initialize backend 'tpu_driver': Not found: Unable to find driver in registry given worker: local://
I0130 21:38:48.117059 23052556642112 xla_bridge.py:212] Unable to initialize backend 'tpu': Invalid argument: TpuPlatform is not available.
I0130 21:38:50.958824 23052556642112 run_af2c_mod.py:481] Have 1 models: ['model_4_multimer_v2_p1']
Info: working on target IL1RAP-TIR_x2_MYD88_BDLD_3_x2_BDLD_3_x4
I0130 21:39:00.969074 23052556642112 run_af2c_mod.py:512] Using random seed 3229533202272554627 for the data pipeline
Info: IL1RAP-TIR_x2_MYD88_BDLD_3_x2_BDLD_3_x4 found monomer IL1AP-TIR msa_depth = 9459, seq_len = 220, num_templ = 20
Info: IL1AP-TIR reducing the number of structural templates to 4
Info: IL1RAP-TIR_x2_MYD88_BDLD_3_x2_BDLD_3_x4 found monomer IL1R-TIR msa_depth = 5743, seq_len = 243, num_templ = 20
Info: IL1R-TIR reducing the number of structural templates to 4
Info: IL1RAP-TIR_x2_MYD88_BDLD_3_x2_BDLD_3_x4 found monomer MYD88_BDLD_3 msa_depth = 810, seq_len = 158, num_templ = 20
Info: MYD88_BDLD_3 reducing the number of structural templates to 4
Info: IL1RAP-TIR_x2_MYD88_BDLD_3_x2_BDLD_3_x4 found monomer BDLD_3 msa_depth = 461, seq_len = 74, num_templ = 20
Info: BDLD_3 reducing the number of structural templates to 4
Info: 8 chain(s) to model {'A': 'IL1AP-TIR_1', 'B': 'IL1R-TIR_1', 'C': 'MYD88_BDLD_3_1', 'D': 'MYD88_BDLD_3_1', 'E': 'BDLD_3_1', 'F': 'BDLD_3_1', 'G': 'BDLD_3_1', 'H': 'BDLD_3_1'}
Info: modeling IL1RAP-TIR_x2_MYD88_BDLD_3_x2_BDLD_3_x4 with msa_depth = 9351, seq_len = 1075, num_templ = 32
I0130 21:39:02.528398 23052556642112 run_af2c_mod.py:216] Running model model_4_multimer_v2_p1_230130_554627
I0130 21:39:02.528881 23052556642112 model.py:205] Running predict with shape(feat) = {'msa': (9351, 1075), 'bert_mask': (9351, 1075), 'num_alignments': (), 'aatype': (1075,), 'seq_length': (), 'template_aatype': (32, 1075), 'template_all_atom_mask': (32, 1075, 37), 'template_all_atom_positions': (32, 1075, 37, 3), 'all_atom_positions': (1075, 37, 3), 'template_domain_names': (32,), 'asym_id': (1075,), 'sym_id': (1075,), 'entity_id': (1075,), 'residue_index': (1075,), 'deletion_matrix': (9351, 1075), 'seq_mask': (1075,), 'msa_mask': (9351, 1075), 'cluster_bias_mask': (9351,), 'pdb_residue_index': (1075,)}
I0130 22:26:59.005388 23052556642112 run_af2c_mod.py:270] Total JAX model model_4_multimer_v2_p1_230130_554627 predict time (includes compilation time): 2876.5 seconds
Info: IL1RAP-TIR_x2_MYD88_BDLD_3_x2_BDLD_3_x4 model_4_multimer_v2_p1_230130_554627_recycled_00,  tol =   inf, pLDDT = 61.40, pTM-score = 0.3185, piTM-score = 0.2195, interface-score = 0.2541, iRes = 55   iCnt = 50  
Info: IL1RAP-TIR_x2_MYD88_BDLD_3_x2_BDLD_3_x4 model_4_multimer_v2_p1_230130_554627_recycled_01,  tol = 86.20, pLDDT = 64.16, pTM-score = 0.3640, piTM-score = 0.2262, interface-score = 0.2969, iRes = 72   iCnt = 59  
Info: IL1RAP-TIR_x2_MYD88_BDLD_3_x2_BDLD_3_x4 model_4_multimer_v2_p1_230130_554627_recycled_02,  tol = 20.17, pLDDT = 65.68, pTM-score = 0.4048, piTM-score = 0.3154, interface-score = 0.4239, iRes = 137  iCnt = 143 
Info: IL1RAP-TIR_x2_MYD88_BDLD_3_x2_BDLD_3_x4 model_4_multimer_v2_p1_230130_554627_recycled_03,  tol =  6.04, pLDDT = 65.83, pTM-score = 0.4114, piTM-score = 0.3437, interface-score = 0.4737, iRes = 115  iCnt = 104 
Info: IL1RAP-TIR_x2_MYD88_BDLD_3_x2_BDLD_3_x4 model_4_multimer_v2_p1_230130_554627_recycled_04,  tol =  3.20, pLDDT = 66.20, pTM-score = 0.4117, piTM-score = 0.3722, interface-score = 0.5061, iRes = 120  iCnt = 115 
Info: IL1RAP-TIR_x2_MYD88_BDLD_3_x2_BDLD_3_x4 model_4_multimer_v2_p1_230130_554627_recycled_05,  tol =  2.17, pLDDT = 66.45, pTM-score = 0.4138, piTM-score = 0.3777, interface-score = 0.5147, iRes = 123  iCnt = 121 
Info: IL1RAP-TIR_x2_MYD88_BDLD_3_x2_BDLD_3_x4 model_4_multimer_v2_p1_230130_554627_recycled_06,  tol =  1.46, pLDDT = 66.40, pTM-score = 0.4098, piTM-score = 0.3812, interface-score = 0.5170, iRes = 120  iCnt = 117 
Info: IL1RAP-TIR_x2_MYD88_BDLD_3_x2_BDLD_3_x4 model_4_multimer_v2_p1_230130_554627_recycled_07,  tol =  1.52, pLDDT = 66.61, pTM-score = 0.4054, piTM-score = 0.3852, interface-score = 0.5157, iRes = 120  iCnt = 115 
Info: IL1RAP-TIR_x2_MYD88_BDLD_3_x2_BDLD_3_x4 model_4_multimer_v2_p1_230130_554627_recycled_08,  tol =  1.91, pLDDT = 65.60, pTM-score = 0.4043, piTM-score = 0.3585, interface-score = 0.4903, iRes = 113  iCnt = 105 
Info: IL1RAP-TIR_x2_MYD88_BDLD_3_x2_BDLD_3_x4 model_4_multimer_v2_p1_230130_554627_recycled_09,  tol =  1.21, pLDDT = 65.39, pTM-score = 0.3982, piTM-score = 0.3548, interface-score = 0.4713, iRes = 109  iCnt = 104 
Info: IL1RAP-TIR_x2_MYD88_BDLD_3_x2_BDLD_3_x4 model_4_multimer_v2_p1_230130_554627_recycled_10,  tol =  3.27, pLDDT = 65.27, pTM-score = 0.3978, piTM-score = 0.3539, interface-score = 0.4764, iRes = 109  iCnt = 105 
Info: IL1RAP-TIR_x2_MYD88_BDLD_3_x2_BDLD_3_x4 model_4_multimer_v2_p1_230130_554627_recycled_11,  tol =  1.35, pLDDT = 66.00, pTM-score = 0.4062, piTM-score = 0.3714, interface-score = 0.4991, iRes = 116  iCnt = 112 
Info: IL1RAP-TIR_x2_MYD88_BDLD_3_x2_BDLD_3_x4 model_4_multimer_v2_p1_230130_554627_recycled_12,  tol =  1.15, pLDDT = 66.03, pTM-score = 0.4011, piTM-score = 0.3790, interface-score = 0.5040, iRes = 115  iCnt = 115 
Info: IL1RAP-TIR_x2_MYD88_BDLD_3_x2_BDLD_3_x4 model_4_multimer_v2_p1_230130_554627_recycled_13,  tol =  1.20, pLDDT = 65.89, pTM-score = 0.4004, piTM-score = 0.3801, interface-score = 0.4993, iRes = 115  iCnt = 110 
Info: IL1RAP-TIR_x2_MYD88_BDLD_3_x2_BDLD_3_x4 model_4_multimer_v2_p1_230130_554627_recycled_14,  tol =  1.18, pLDDT = 65.67, pTM-score = 0.4064, piTM-score = 0.3783, interface-score = 0.4979, iRes = 118  iCnt = 115 
Info: IL1RAP-TIR_x2_MYD88_BDLD_3_x2_BDLD_3_x4 model_4_multimer_v2_p1_230130_554627_recycled_15,  tol =  1.08, pLDDT = 65.96, pTM-score = 0.4099, piTM-score = 0.3796, interface-score = 0.5012, iRes = 114  iCnt = 110 
Info: IL1RAP-TIR_x2_MYD88_BDLD_3_x2_BDLD_3_x4 model_4_multimer_v2_p1_230130_554627_recycled_16,  tol =  3.67, pLDDT = 65.96, pTM-score = 0.4047, piTM-score = 0.3806, interface-score = 0.4922, iRes = 112  iCnt = 108 
Info: IL1RAP-TIR_x2_MYD88_BDLD_3_x2_BDLD_3_x4 model_4_multimer_v2_p1_230130_554627_recycled_17,  tol =  3.71, pLDDT = 66.31, pTM-score = 0.4092, piTM-score = 0.3766, interface-score = 0.5035, iRes = 116  iCnt = 111 
Info: IL1RAP-TIR_x2_MYD88_BDLD_3_x2_BDLD_3_x4 model_4_multimer_v2_p1_230130_554627_recycled_18,  tol =  1.07, pLDDT = 65.77, pTM-score = 0.4054, piTM-score = 0.3699, interface-score = 0.4892, iRes = 112  iCnt = 110 
Info: IL1RAP-TIR_x2_MYD88_BDLD_3_x2_BDLD_3_x4 model_4_multimer_v2_p1_230130_554627_recycled_19,  tol =  0.95, pLDDT = 65.55, pTM-score = 0.4057, piTM-score = 0.3632, interface-score = 0.4831, iRes = 112  iCnt = 103 
Info: IL1RAP-TIR_x2_MYD88_BDLD_3_x2_BDLD_3_x4 model_4_multimer_v2_p1_230130_554627 performed 20 recycles, final tol = 1.28, pLDDT = 65.82, pTM-score = 0.4100, piTM-score = 0.3656, interface-score = 0.4899, iRes = 112  iCnt = 106 
Info: num_clusters = 3, cluster_sizes = [2, 5, 1],  clusters = [['IL1AP-TIR_0', 'IL1R-TIR_0'], ['MYD88_BDLD_3_0', 'MYD88_BDLD_3_1', 'BDLD_3_0', 'BDLD_3_1', 'BDLD_3_2'], ['BDLD_3_3']]

I0130 22:27:03.448402 23052556642112 run_af2c_mod.py:404] Final timings for IL1RAP-TIR_x2_MYD88_BDLD_3_x2_BDLD_3_x4: {'features': 1.56, 'process_features_model_4_multimer_v2_p1_230130_554627': 0.0, 'predict_and_compile_model_4_multimer_v2_p1_230130_554627': 2876.5}
                                  
================================= 
Global information about the job: 
================================= 
  
Job owner: flobnow(42847)
Job name:  4_AF2C
Node list: ravg1103
Job start: Mon Jan 30 21:38:39 CET 2023
Job end:   Mon Jan 30 22:27:06 CET 2023
Work dir:  /raven/u/flobnow/workingLama/scripts/myRuns/BDLD_3
Command:   /raven/u/flobnow/workingLama/scripts/myRuns/BDLD_3/script2_comp_model_4.sh
  
  
  
==========================================================================================
Information on jobsteps (Note: MaxRSS/AveRSS is the maximum/average over all 
tasks of the per-task memory high-water marks; cf. "man sacct"): 
==========================================================================================
  
JobID            JobName NNodes NTasks  NCPUS        0.00M        0.00M    Elapsed ExitCode
------------- ---------- ------ ------ ------ ------------ ------------ ---------- --------
4070643           4_AF2C      1           108                             00:48:27      0:0
4070643.0        python3      1      1    108    43881.71M    43881.71M   00:48:25      0:0
  
Maximum memory per node: 46.013313 GB (defined as MaxRSS*Ntasks/NNodes)
CPU utilization: 1.9 %
  
Info: input file name is BDLD_3
Info: input target list is /u/flobnow/workingLama/scripts/myRuns/BDLD_3/target.lst
Info: input feature directory is /u/flobnow/workingLama/feature_files
Info: result output directory is /u/flobnow/workingLama/output_files
Info: model preset is multimer_np
Info: msa pairing is all
Info: recycling setting is 1
Info: using preset super2
Info: set num_ensemble = 2
Info: set max_recyles = 20
Info: set recycle_tol = 0.1
Info: mas_pairing mode is all
I0130 21:41:04.357230 22494986262336 tpu_client.py:54] Starting the local TPU driver.
I0130 21:41:04.357598 22494986262336 xla_bridge.py:212] Unable to initialize backend 'tpu_driver': Not found: Unable to find driver in registry given worker: local://
I0130 21:41:04.708466 22494986262336 xla_bridge.py:212] Unable to initialize backend 'tpu': Invalid argument: TpuPlatform is not available.
I0130 21:41:07.582124 22494986262336 run_af2c_mod.py:481] Have 1 models: ['model_5_multimer_v2_p1']
Info: working on target IL1RAP-TIR_x2_MYD88_BDLD_3_x2_BDLD_3_x4
I0130 21:41:07.582387 22494986262336 run_af2c_mod.py:512] Using random seed 4137148797984199774 for the data pipeline
Info: IL1RAP-TIR_x2_MYD88_BDLD_3_x2_BDLD_3_x4 found monomer IL1AP-TIR msa_depth = 9459, seq_len = 220, num_templ = 20
Info: IL1AP-TIR reducing the number of structural templates to 4
Info: IL1RAP-TIR_x2_MYD88_BDLD_3_x2_BDLD_3_x4 found monomer IL1R-TIR msa_depth = 5743, seq_len = 243, num_templ = 20
Info: IL1R-TIR reducing the number of structural templates to 4
Info: IL1RAP-TIR_x2_MYD88_BDLD_3_x2_BDLD_3_x4 found monomer MYD88_BDLD_3 msa_depth = 810, seq_len = 158, num_templ = 20
Info: MYD88_BDLD_3 reducing the number of structural templates to 4
Info: IL1RAP-TIR_x2_MYD88_BDLD_3_x2_BDLD_3_x4 found monomer BDLD_3 msa_depth = 461, seq_len = 74, num_templ = 20
Info: BDLD_3 reducing the number of structural templates to 4
Info: 8 chain(s) to model {'A': 'IL1AP-TIR_1', 'B': 'IL1R-TIR_1', 'C': 'MYD88_BDLD_3_1', 'D': 'MYD88_BDLD_3_1', 'E': 'BDLD_3_1', 'F': 'BDLD_3_1', 'G': 'BDLD_3_1', 'H': 'BDLD_3_1'}
Info: modeling IL1RAP-TIR_x2_MYD88_BDLD_3_x2_BDLD_3_x4 with msa_depth = 9351, seq_len = 1075, num_templ = 32
I0130 21:41:09.059738 22494986262336 run_af2c_mod.py:216] Running model model_5_multimer_v2_p1_230130_199774
I0130 21:41:09.060227 22494986262336 model.py:205] Running predict with shape(feat) = {'msa': (9351, 1075), 'bert_mask': (9351, 1075), 'num_alignments': (), 'aatype': (1075,), 'seq_length': (), 'template_aatype': (32, 1075), 'template_all_atom_mask': (32, 1075, 37), 'template_all_atom_positions': (32, 1075, 37, 3), 'all_atom_positions': (1075, 37, 3), 'template_domain_names': (32,), 'asym_id': (1075,), 'sym_id': (1075,), 'entity_id': (1075,), 'residue_index': (1075,), 'deletion_matrix': (9351, 1075), 'seq_mask': (1075,), 'msa_mask': (9351, 1075), 'cluster_bias_mask': (9351,), 'pdb_residue_index': (1075,)}
I0130 22:29:22.593759 22494986262336 run_af2c_mod.py:270] Total JAX model model_5_multimer_v2_p1_230130_199774 predict time (includes compilation time): 2893.5 seconds
Info: IL1RAP-TIR_x2_MYD88_BDLD_3_x2_BDLD_3_x4 model_5_multimer_v2_p1_230130_199774_recycled_00,  tol =   inf, pLDDT = 62.55, pTM-score = 0.2786, piTM-score = 0.1044, interface-score = 0.0340, iRes = 22   iCnt = 17  
Info: IL1RAP-TIR_x2_MYD88_BDLD_3_x2_BDLD_3_x4 model_5_multimer_v2_p1_230130_199774_recycled_01,  tol = 110.91, pLDDT = 63.38, pTM-score = 0.2917, piTM-score = 0.0491, interface-score = 0.0010, iRes = 16   iCnt = 16  
Info: IL1RAP-TIR_x2_MYD88_BDLD_3_x2_BDLD_3_x4 model_5_multimer_v2_p1_230130_199774_recycled_02,  tol = 50.36, pLDDT = 64.03, pTM-score = 0.3082, piTM-score = 0.1203, interface-score = 0.0164, iRes = 26   iCnt = 15  
Info: IL1RAP-TIR_x2_MYD88_BDLD_3_x2_BDLD_3_x4 model_5_multimer_v2_p1_230130_199774_recycled_03,  tol = 26.02, pLDDT = 64.66, pTM-score = 0.3097, piTM-score = 0.3107, interface-score = 0.0409, iRes = 43   iCnt = 60  
Info: IL1RAP-TIR_x2_MYD88_BDLD_3_x2_BDLD_3_x4 model_5_multimer_v2_p1_230130_199774_recycled_04,  tol = 20.07, pLDDT = 65.73, pTM-score = 0.3105, piTM-score = 0.2965, interface-score = 0.0473, iRes = 81   iCnt = 174 
Info: IL1RAP-TIR_x2_MYD88_BDLD_3_x2_BDLD_3_x4 model_5_multimer_v2_p1_230130_199774_recycled_05,  tol = 56.02, pLDDT = 65.89, pTM-score = 0.3186, piTM-score = 0.5763, interface-score = 0.1574, iRes = 134  iCnt = 276 
Info: IL1RAP-TIR_x2_MYD88_BDLD_3_x2_BDLD_3_x4 model_5_multimer_v2_p1_230130_199774_recycled_06,  tol = 55.10, pLDDT = 64.83, pTM-score = 0.3168, piTM-score = 0.0643, interface-score = 0.0112, iRes = 18   iCnt = 13  
Info: IL1RAP-TIR_x2_MYD88_BDLD_3_x2_BDLD_3_x4 model_5_multimer_v2_p1_230130_199774_recycled_07,  tol = 37.46, pLDDT = 66.26, pTM-score = 0.3305, piTM-score = 0.0856, interface-score = 0.0244, iRes = 21   iCnt = 20  
Info: IL1RAP-TIR_x2_MYD88_BDLD_3_x2_BDLD_3_x4 model_5_multimer_v2_p1_230130_199774_recycled_08,  tol = 27.37, pLDDT = 65.88, pTM-score = 0.3291, piTM-score = 0.1872, interface-score = 0.0652, iRes = 24   iCnt = 22  
Info: IL1RAP-TIR_x2_MYD88_BDLD_3_x2_BDLD_3_x4 model_5_multimer_v2_p1_230130_199774_recycled_09,  tol = 19.22, pLDDT = 64.74, pTM-score = 0.3312, piTM-score = 0.2584, interface-score = 0.1064, iRes = 42   iCnt = 63  
Info: IL1RAP-TIR_x2_MYD88_BDLD_3_x2_BDLD_3_x4 model_5_multimer_v2_p1_230130_199774_recycled_10,  tol = 42.02, pLDDT = 65.80, pTM-score = 0.3354, piTM-score = 0.4996, interface-score = 0.1608, iRes = 75   iCnt = 106 
Info: IL1RAP-TIR_x2_MYD88_BDLD_3_x2_BDLD_3_x4 model_5_multimer_v2_p1_230130_199774_recycled_11,  tol = 67.51, pLDDT = 65.38, pTM-score = 0.3298, piTM-score = 0.1868, interface-score = 0.0646, iRes = 25   iCnt = 21  
Info: IL1RAP-TIR_x2_MYD88_BDLD_3_x2_BDLD_3_x4 model_5_multimer_v2_p1_230130_199774_recycled_12,  tol = 57.13, pLDDT = 65.59, pTM-score = 0.3337, piTM-score = 0.1725, interface-score = 0.0597, iRes = 24   iCnt = 18  
Info: IL1RAP-TIR_x2_MYD88_BDLD_3_x2_BDLD_3_x4 model_5_multimer_v2_p1_230130_199774_recycled_13,  tol = 49.31, pLDDT = 65.56, pTM-score = 0.3314, piTM-score = 0.2808, interface-score = 0.1371, iRes = 39   iCnt = 44  
Info: IL1RAP-TIR_x2_MYD88_BDLD_3_x2_BDLD_3_x4 model_5_multimer_v2_p1_230130_199774_recycled_14,  tol = 61.28, pLDDT = 66.81, pTM-score = 0.3401, piTM-score = 0.2705, interface-score = 0.1310, iRes = 32   iCnt = 25  
Info: IL1RAP-TIR_x2_MYD88_BDLD_3_x2_BDLD_3_x4 model_5_multimer_v2_p1_230130_199774_recycled_15,  tol = 54.16, pLDDT = 66.94, pTM-score = 0.3459, piTM-score = 0.2287, interface-score = 0.1089, iRes = 24   iCnt = 21  
Info: IL1RAP-TIR_x2_MYD88_BDLD_3_x2_BDLD_3_x4 model_5_multimer_v2_p1_230130_199774_recycled_16,  tol = 47.30, pLDDT = 67.26, pTM-score = 0.3615, piTM-score = 0.2992, interface-score = 0.1788, iRes = 26   iCnt = 23  
Info: IL1RAP-TIR_x2_MYD88_BDLD_3_x2_BDLD_3_x4 model_5_multimer_v2_p1_230130_199774_recycled_17,  tol = 39.80, pLDDT = 67.05, pTM-score = 0.3611, piTM-score = 0.2907, interface-score = 0.1728, iRes = 26   iCnt = 23  
Info: IL1RAP-TIR_x2_MYD88_BDLD_3_x2_BDLD_3_x4 model_5_multimer_v2_p1_230130_199774_recycled_18,  tol = 27.30, pLDDT = 67.19, pTM-score = 0.3512, piTM-score = 0.2313, interface-score = 0.1147, iRes = 24   iCnt = 21  
Info: IL1RAP-TIR_x2_MYD88_BDLD_3_x2_BDLD_3_x4 model_5_multimer_v2_p1_230130_199774_recycled_19,  tol = 43.45, pLDDT = 66.45, pTM-score = 0.3508, piTM-score = 0.2768, interface-score = 0.1536, iRes = 26   iCnt = 23  
Info: IL1RAP-TIR_x2_MYD88_BDLD_3_x2_BDLD_3_x4 model_5_multimer_v2_p1_230130_199774 performed 20 recycles, final tol = 51.28, pLDDT = 67.26, pTM-score = 0.3530, piTM-score = 0.2305, interface-score = 0.1140, iRes = 24   iCnt = 21  
Info: num_clusters = 7, cluster_sizes = [2, 1, 1, 1, 1, 1, 1],  clusters = [['IL1AP-TIR_0', 'IL1R-TIR_0'], ['MYD88_BDLD_3_0'], ['MYD88_BDLD_3_1'], ['BDLD_3_0'], ['BDLD_3_1'], ['BDLD_3_2'], ['BDLD_3_3']]

I0130 22:29:27.115159 22494986262336 run_af2c_mod.py:404] Final timings for IL1RAP-TIR_x2_MYD88_BDLD_3_x2_BDLD_3_x4: {'features': 1.48, 'process_features_model_5_multimer_v2_p1_230130_199774': 0.0, 'predict_and_compile_model_5_multimer_v2_p1_230130_199774': 2893.5}
                                  
================================= 
Global information about the job: 
================================= 
  
Job owner: flobnow(42847)
Job name:  5_AF2C
Node list: ravg1111
Job start: Mon Jan 30 21:40:56 CET 2023
Job end:   Mon Jan 30 22:29:30 CET 2023
Work dir:  /raven/u/flobnow/workingLama/scripts/myRuns/BDLD_3
Command:   /raven/u/flobnow/workingLama/scripts/myRuns/BDLD_3/script2_comp_model_5.sh
  
  
  
==========================================================================================
Information on jobsteps (Note: MaxRSS/AveRSS is the maximum/average over all 
tasks of the per-task memory high-water marks; cf. "man sacct"): 
==========================================================================================
  
JobID            JobName NNodes NTasks  NCPUS        0.00M        0.00M    Elapsed ExitCode
------------- ---------- ------ ------ ------ ------------ ------------ ---------- --------
4070647           5_AF2C      1           108                             00:48:34      0:0
4070647.0        python3      1      1    108    43687.39M    43687.39M   00:48:33      0:0
  
Maximum memory per node: 45.809545 GB (defined as MaxRSS*Ntasks/NNodes)
CPU utilization: 1.9 %
  
Info: target file is /u/flobnow/workingLama/scripts/myRuns/BDLD_3/target.lst
Info: input directory of unrelaxed models is /u/flobnow/workingLama/output_files
Info: output directory of relaxed models is /u/flobnow/workingLama/output_files
/bin/sh: /mpcdf/soft/SLE_15/packages/x86_64/alphafold/2.2.0/lib/libtinfo.so.6: no version information available (required by /lib64/libreadline.so.7)
I0131 00:45:58.777187 22688368326464 run_af2c_min.py:88] IL1RAP-TIR_x2_MYD88_BDLD_3_x2_BDLD_3_x4 processing model_2_multimer_v2_p1_230130_691510.pdb
sh: /mpcdf/soft/SLE_15/packages/x86_64/alphafold/2.2.0/lib/libtinfo.so.6: no version information available (required by /lib64/libreadline.so.7)
sh: /mpcdf/soft/SLE_15/packages/x86_64/alphafold/2.2.0/lib/libtinfo.so.6: no version information available (required by /lib64/libreadline.so.7)
I0131 00:46:16.220049 22688368326464 amber_minimize.py:177] alterations info: {'nonstandard_residues': [], 'removed_heterogens': set(), 'missing_residues': {}, 'missing_heavy_atoms': {}, 'missing_terminals': {<Residue 219 (VAL) of chain 0>: ['OXT'], <Residue 462 (GLY) of chain 1>: ['OXT'], <Residue 620 (GLY) of chain 2>: ['OXT'], <Residue 778 (GLY) of chain 3>: ['OXT'], <Residue 852 (PRO) of chain 4>: ['OXT'], <Residue 926 (PRO) of chain 5>: ['OXT'], <Residue 1000 (PRO) of chain 6>: ['OXT'], <Residue 1074 (PRO) of chain 7>: ['OXT']}, 'Se_in_MET': [], 'removed_chains': {0: []}}
I0131 00:46:17.967908 22688368326464 amber_minimize.py:408] Minimizing protein, attempt 1 of 100.
I0131 00:46:19.762816 22688368326464 amber_minimize.py:69] Restraining 8700 / 17456 particles.
sh: /mpcdf/soft/SLE_15/packages/x86_64/alphafold/2.2.0/lib/libtinfo.so.6: no version information available (required by /lib64/libreadline.so.7)
I0131 00:48:42.481922 22688368326464 amber_minimize.py:177] alterations info: {'nonstandard_residues': [], 'removed_heterogens': set(), 'missing_residues': {}, 'missing_heavy_atoms': {}, 'missing_terminals': {}, 'Se_in_MET': [], 'removed_chains': {0: []}}
I0131 00:48:44.227237 22688368326464 tpu_client.py:54] Starting the local TPU driver.
I0131 00:48:44.229144 22688368326464 xla_bridge.py:212] Unable to initialize backend 'tpu_driver': Not found: Unable to find driver in registry given worker: local://
I0131 00:48:44.461988 22688368326464 xla_bridge.py:212] Unable to initialize backend 'tpu': Invalid argument: TpuPlatform is not available.
I0131 00:48:57.574309 22688368326464 amber_minimize.py:500] Iteration completed: Einit 25806953.47 Efinal -20525.05 Time 131.62 s num residue violations 3 num residue exclusions 0 
I0131 00:48:57.618067 22688368326464 amber_minimize.py:408] Minimizing protein, attempt 1 of 100.
I0131 00:48:59.334846 22688368326464 amber_minimize.py:69] Restraining 8677 / 17456 particles.
sh: /mpcdf/soft/SLE_15/packages/x86_64/alphafold/2.2.0/lib/libtinfo.so.6: no version information available (required by /lib64/libreadline.so.7)
I0131 00:51:06.491657 22688368326464 amber_minimize.py:177] alterations info: {'nonstandard_residues': [], 'removed_heterogens': set(), 'missing_residues': {}, 'missing_heavy_atoms': {}, 'missing_terminals': {}, 'Se_in_MET': [], 'removed_chains': {0: []}}
I0131 00:51:12.039870 22688368326464 amber_minimize.py:500] Iteration completed: Einit 34671.63 Efinal -24477.22 Time 116.52 s num residue violations 4 num residue exclusions 3 
I0131 00:51:12.040508 22688368326464 amber_minimize.py:408] Minimizing protein, attempt 1 of 100.
I0131 00:51:13.771344 22688368326464 amber_minimize.py:69] Restraining 8661 / 17456 particles.
sh: /mpcdf/soft/SLE_15/packages/x86_64/alphafold/2.2.0/lib/libtinfo.so.6: no version information available (required by /lib64/libreadline.so.7)
I0131 00:53:51.142676 22688368326464 amber_minimize.py:177] alterations info: {'nonstandard_residues': [], 'removed_heterogens': set(), 'missing_residues': {}, 'missing_heavy_atoms': {}, 'missing_terminals': {}, 'Se_in_MET': [], 'removed_chains': {0: []}}
I0131 00:53:56.712804 22688368326464 amber_minimize.py:500] Iteration completed: Einit 23621.79 Efinal -25946.49 Time 147.29 s num residue violations 2 num residue exclusions 5 
sh: /mpcdf/soft/SLE_15/packages/x86_64/alphafold/2.2.0/lib/libtinfo.so.6: no version information available (required by /lib64/libreadline.so.7)
sh: /mpcdf/soft/SLE_15/packages/x86_64/alphafold/2.2.0/lib/libtinfo.so.6: no version information available (required by /lib64/libreadline.so.7)
I0131 00:54:09.715046 22688368326464 amber_minimize.py:177] alterations info: {'nonstandard_residues': [], 'removed_heterogens': set(), 'missing_residues': {}, 'missing_heavy_atoms': {}, 'missing_terminals': {<Residue 219 (VAL) of chain 0>: ['OXT'], <Residue 462 (GLY) of chain 1>: ['OXT'], <Residue 620 (GLY) of chain 2>: ['OXT'], <Residue 778 (GLY) of chain 3>: ['OXT'], <Residue 852 (PRO) of chain 4>: ['OXT'], <Residue 926 (PRO) of chain 5>: ['OXT'], <Residue 1000 (PRO) of chain 6>: ['OXT'], <Residue 1074 (PRO) of chain 7>: ['OXT']}, 'Se_in_MET': [], 'removed_chains': {0: []}}
I0131 00:54:13.166081 22688368326464 run_af2c_min.py:110] IL1RAP-TIR_x2_MYD88_BDLD_3_x2_BDLD_3_x4 relaxation done, time spent 493.8 seconds, Efinal -25946.49, rmsd 0.41
I0131 00:54:13.166210 22688368326464 run_af2c_min.py:88] IL1RAP-TIR_x2_MYD88_BDLD_3_x2_BDLD_3_x4 processing model_4_multimer_v2_p1_230130_554627.pdb
sh: /mpcdf/soft/SLE_15/packages/x86_64/alphafold/2.2.0/lib/libtinfo.so.6: no version information available (required by /lib64/libreadline.so.7)
sh: /mpcdf/soft/SLE_15/packages/x86_64/alphafold/2.2.0/lib/libtinfo.so.6: no version information available (required by /lib64/libreadline.so.7)
I0131 00:54:25.824578 22688368326464 amber_minimize.py:177] alterations info: {'nonstandard_residues': [], 'removed_heterogens': set(), 'missing_residues': {}, 'missing_heavy_atoms': {}, 'missing_terminals': {<Residue 219 (VAL) of chain 0>: ['OXT'], <Residue 462 (GLY) of chain 1>: ['OXT'], <Residue 620 (GLY) of chain 2>: ['OXT'], <Residue 778 (GLY) of chain 3>: ['OXT'], <Residue 852 (PRO) of chain 4>: ['OXT'], <Residue 926 (PRO) of chain 5>: ['OXT'], <Residue 1000 (PRO) of chain 6>: ['OXT'], <Residue 1074 (PRO) of chain 7>: ['OXT']}, 'Se_in_MET': [], 'removed_chains': {0: []}}
I0131 00:54:27.457564 22688368326464 amber_minimize.py:408] Minimizing protein, attempt 1 of 100.
I0131 00:54:29.207594 22688368326464 amber_minimize.py:69] Restraining 8700 / 17456 particles.
sh: /mpcdf/soft/SLE_15/packages/x86_64/alphafold/2.2.0/lib/libtinfo.so.6: no version information available (required by /lib64/libreadline.so.7)
I0131 00:57:04.308961 22688368326464 amber_minimize.py:177] alterations info: {'nonstandard_residues': [], 'removed_heterogens': set(), 'missing_residues': {}, 'missing_heavy_atoms': {}, 'missing_terminals': {}, 'Se_in_MET': [], 'removed_chains': {0: []}}
I0131 00:57:09.827768 22688368326464 amber_minimize.py:500] Iteration completed: Einit 130052588.38 Efinal -22425.98 Time 144.75 s num residue violations 4 num residue exclusions 0 
I0131 00:57:09.828426 22688368326464 amber_minimize.py:408] Minimizing protein, attempt 1 of 100.
I0131 00:57:11.583309 22688368326464 amber_minimize.py:69] Restraining 8667 / 17456 particles.
sh: /mpcdf/soft/SLE_15/packages/x86_64/alphafold/2.2.0/lib/libtinfo.so.6: no version information available (required by /lib64/libreadline.so.7)
I0131 00:59:56.690808 22688368326464 amber_minimize.py:177] alterations info: {'nonstandard_residues': [], 'removed_heterogens': set(), 'missing_residues': {}, 'missing_heavy_atoms': {}, 'missing_terminals': {}, 'Se_in_MET': [], 'removed_chains': {0: []}}
I0131 01:00:02.298953 22688368326464 amber_minimize.py:500] Iteration completed: Einit 15389.38 Efinal -26066.11 Time 154.85 s num residue violations 0 num residue exclusions 4 
sh: /mpcdf/soft/SLE_15/packages/x86_64/alphafold/2.2.0/lib/libtinfo.so.6: no version information available (required by /lib64/libreadline.so.7)
sh: /mpcdf/soft/SLE_15/packages/x86_64/alphafold/2.2.0/lib/libtinfo.so.6: no version information available (required by /lib64/libreadline.so.7)
I0131 01:00:15.008120 22688368326464 amber_minimize.py:177] alterations info: {'nonstandard_residues': [], 'removed_heterogens': set(), 'missing_residues': {}, 'missing_heavy_atoms': {}, 'missing_terminals': {<Residue 219 (VAL) of chain 0>: ['OXT'], <Residue 462 (GLY) of chain 1>: ['OXT'], <Residue 620 (GLY) of chain 2>: ['OXT'], <Residue 778 (GLY) of chain 3>: ['OXT'], <Residue 852 (PRO) of chain 4>: ['OXT'], <Residue 926 (PRO) of chain 5>: ['OXT'], <Residue 1000 (PRO) of chain 6>: ['OXT'], <Residue 1074 (PRO) of chain 7>: ['OXT']}, 'Se_in_MET': [], 'removed_chains': {0: []}}
I0131 01:00:18.460609 22688368326464 run_af2c_min.py:110] IL1RAP-TIR_x2_MYD88_BDLD_3_x2_BDLD_3_x4 relaxation done, time spent 364.8 seconds, Efinal -26066.11, rmsd 0.40
I0131 01:00:18.460741 22688368326464 run_af2c_min.py:88] IL1RAP-TIR_x2_MYD88_BDLD_3_x2_BDLD_3_x4 processing model_3_multimer_v2_p1_230130_135156.pdb
sh: /mpcdf/soft/SLE_15/packages/x86_64/alphafold/2.2.0/lib/libtinfo.so.6: no version information available (required by /lib64/libreadline.so.7)
sh: /mpcdf/soft/SLE_15/packages/x86_64/alphafold/2.2.0/lib/libtinfo.so.6: no version information available (required by /lib64/libreadline.so.7)
I0131 01:00:31.123131 22688368326464 amber_minimize.py:177] alterations info: {'nonstandard_residues': [], 'removed_heterogens': set(), 'missing_residues': {}, 'missing_heavy_atoms': {}, 'missing_terminals': {<Residue 219 (VAL) of chain 0>: ['OXT'], <Residue 462 (GLY) of chain 1>: ['OXT'], <Residue 620 (GLY) of chain 2>: ['OXT'], <Residue 778 (GLY) of chain 3>: ['OXT'], <Residue 852 (PRO) of chain 4>: ['OXT'], <Residue 926 (PRO) of chain 5>: ['OXT'], <Residue 1000 (PRO) of chain 6>: ['OXT'], <Residue 1074 (PRO) of chain 7>: ['OXT']}, 'Se_in_MET': [], 'removed_chains': {0: []}}
I0131 01:00:32.787545 22688368326464 amber_minimize.py:408] Minimizing protein, attempt 1 of 100.
I0131 01:00:34.554892 22688368326464 amber_minimize.py:69] Restraining 8700 / 17456 particles.
sh: /mpcdf/soft/SLE_15/packages/x86_64/alphafold/2.2.0/lib/libtinfo.so.6: no version information available (required by /lib64/libreadline.so.7)
I0131 01:03:18.050017 22688368326464 amber_minimize.py:177] alterations info: {'nonstandard_residues': [], 'removed_heterogens': set(), 'missing_residues': {}, 'missing_heavy_atoms': {}, 'missing_terminals': {}, 'Se_in_MET': [], 'removed_chains': {0: []}}
I0131 01:03:23.594659 22688368326464 amber_minimize.py:500] Iteration completed: Einit 95135902347.13 Efinal -22856.08 Time 152.98 s num residue violations 0 num residue exclusions 0 
sh: /mpcdf/soft/SLE_15/packages/x86_64/alphafold/2.2.0/lib/libtinfo.so.6: no version information available (required by /lib64/libreadline.so.7)
sh: /mpcdf/soft/SLE_15/packages/x86_64/alphafold/2.2.0/lib/libtinfo.so.6: no version information available (required by /lib64/libreadline.so.7)
I0131 01:03:36.202169 22688368326464 amber_minimize.py:177] alterations info: {'nonstandard_residues': [], 'removed_heterogens': set(), 'missing_residues': {}, 'missing_heavy_atoms': {}, 'missing_terminals': {<Residue 219 (VAL) of chain 0>: ['OXT'], <Residue 462 (GLY) of chain 1>: ['OXT'], <Residue 620 (GLY) of chain 2>: ['OXT'], <Residue 778 (GLY) of chain 3>: ['OXT'], <Residue 852 (PRO) of chain 4>: ['OXT'], <Residue 926 (PRO) of chain 5>: ['OXT'], <Residue 1000 (PRO) of chain 6>: ['OXT'], <Residue 1074 (PRO) of chain 7>: ['OXT']}, 'Se_in_MET': [], 'removed_chains': {0: []}}
I0131 01:03:39.628942 22688368326464 run_af2c_min.py:110] IL1RAP-TIR_x2_MYD88_BDLD_3_x2_BDLD_3_x4 relaxation done, time spent 200.7 seconds, Efinal -22856.08, rmsd 0.47
I0131 01:03:39.629074 22688368326464 run_af2c_min.py:88] IL1RAP-TIR_x2_MYD88_BDLD_3_x2_BDLD_3_x4 processing model_5_multimer_v2_p1_230130_199774.pdb
sh: /mpcdf/soft/SLE_15/packages/x86_64/alphafold/2.2.0/lib/libtinfo.so.6: no version information available (required by /lib64/libreadline.so.7)
sh: /mpcdf/soft/SLE_15/packages/x86_64/alphafold/2.2.0/lib/libtinfo.so.6: no version information available (required by /lib64/libreadline.so.7)
I0131 01:03:52.478524 22688368326464 amber_minimize.py:177] alterations info: {'nonstandard_residues': [], 'removed_heterogens': set(), 'missing_residues': {}, 'missing_heavy_atoms': {}, 'missing_terminals': {<Residue 219 (VAL) of chain 0>: ['OXT'], <Residue 462 (GLY) of chain 1>: ['OXT'], <Residue 620 (GLY) of chain 2>: ['OXT'], <Residue 778 (GLY) of chain 3>: ['OXT'], <Residue 852 (PRO) of chain 4>: ['OXT'], <Residue 926 (PRO) of chain 5>: ['OXT'], <Residue 1000 (PRO) of chain 6>: ['OXT'], <Residue 1074 (PRO) of chain 7>: ['OXT']}, 'Se_in_MET': [], 'removed_chains': {0: []}}
I0131 01:03:54.145709 22688368326464 amber_minimize.py:408] Minimizing protein, attempt 1 of 100.
I0131 01:03:55.880028 22688368326464 amber_minimize.py:69] Restraining 8700 / 17456 particles.
sh: /mpcdf/soft/SLE_15/packages/x86_64/alphafold/2.2.0/lib/libtinfo.so.6: no version information available (required by /lib64/libreadline.so.7)
I0131 01:06:19.951860 22688368326464 amber_minimize.py:177] alterations info: {'nonstandard_residues': [], 'removed_heterogens': set(), 'missing_residues': {}, 'missing_heavy_atoms': {}, 'missing_terminals': {}, 'Se_in_MET': [], 'removed_chains': {0: []}}
I0131 01:06:25.551035 22688368326464 amber_minimize.py:500] Iteration completed: Einit 236471383.26 Efinal -20443.15 Time 133.77 s num residue violations 2 num residue exclusions 0 
I0131 01:06:25.551902 22688368326464 amber_minimize.py:408] Minimizing protein, attempt 1 of 100.
I0131 01:06:27.308556 22688368326464 amber_minimize.py:69] Restraining 8688 / 17456 particles.
sh: /mpcdf/soft/SLE_15/packages/x86_64/alphafold/2.2.0/lib/libtinfo.so.6: no version information available (required by /lib64/libreadline.so.7)
I0131 01:09:17.120573 22688368326464 amber_minimize.py:177] alterations info: {'nonstandard_residues': [], 'removed_heterogens': set(), 'missing_residues': {}, 'missing_heavy_atoms': {}, 'missing_terminals': {}, 'Se_in_MET': [], 'removed_chains': {0: []}}
I0131 01:09:22.696892 22688368326464 amber_minimize.py:500] Iteration completed: Einit 18557.89 Efinal -24404.06 Time 159.86 s num residue violations 0 num residue exclusions 2 
sh: /mpcdf/soft/SLE_15/packages/x86_64/alphafold/2.2.0/lib/libtinfo.so.6: no version information available (required by /lib64/libreadline.so.7)
sh: /mpcdf/soft/SLE_15/packages/x86_64/alphafold/2.2.0/lib/libtinfo.so.6: no version information available (required by /lib64/libreadline.so.7)
I0131 01:09:35.233283 22688368326464 amber_minimize.py:177] alterations info: {'nonstandard_residues': [], 'removed_heterogens': set(), 'missing_residues': {}, 'missing_heavy_atoms': {}, 'missing_terminals': {<Residue 219 (VAL) of chain 0>: ['OXT'], <Residue 462 (GLY) of chain 1>: ['OXT'], <Residue 620 (GLY) of chain 2>: ['OXT'], <Residue 778 (GLY) of chain 3>: ['OXT'], <Residue 852 (PRO) of chain 4>: ['OXT'], <Residue 926 (PRO) of chain 5>: ['OXT'], <Residue 1000 (PRO) of chain 6>: ['OXT'], <Residue 1074 (PRO) of chain 7>: ['OXT']}, 'Se_in_MET': [], 'removed_chains': {0: []}}
I0131 01:09:38.644033 22688368326464 run_af2c_min.py:110] IL1RAP-TIR_x2_MYD88_BDLD_3_x2_BDLD_3_x4 relaxation done, time spent 358.4 seconds, Efinal -24404.06, rmsd 0.41
I0131 01:09:38.644297 22688368326464 run_af2c_min.py:88] IL1RAP-TIR_x2_MYD88_BDLD_3_x2_BDLD_3_x4 processing model_1_multimer_v2_p1_230130_654502.pdb
sh: /mpcdf/soft/SLE_15/packages/x86_64/alphafold/2.2.0/lib/libtinfo.so.6: no version information available (required by /lib64/libreadline.so.7)
sh: /mpcdf/soft/SLE_15/packages/x86_64/alphafold/2.2.0/lib/libtinfo.so.6: no version information available (required by /lib64/libreadline.so.7)
I0131 01:09:51.876798 22688368326464 amber_minimize.py:177] alterations info: {'nonstandard_residues': [], 'removed_heterogens': set(), 'missing_residues': {}, 'missing_heavy_atoms': {}, 'missing_terminals': {<Residue 219 (VAL) of chain 0>: ['OXT'], <Residue 462 (GLY) of chain 1>: ['OXT'], <Residue 620 (GLY) of chain 2>: ['OXT'], <Residue 778 (GLY) of chain 3>: ['OXT'], <Residue 852 (PRO) of chain 4>: ['OXT'], <Residue 926 (PRO) of chain 5>: ['OXT'], <Residue 1000 (PRO) of chain 6>: ['OXT'], <Residue 1074 (PRO) of chain 7>: ['OXT']}, 'Se_in_MET': [], 'removed_chains': {0: []}}
I0131 01:09:53.542688 22688368326464 amber_minimize.py:408] Minimizing protein, attempt 1 of 100.
I0131 01:09:55.282987 22688368326464 amber_minimize.py:69] Restraining 8700 / 17456 particles.
sh: /mpcdf/soft/SLE_15/packages/x86_64/alphafold/2.2.0/lib/libtinfo.so.6: no version information available (required by /lib64/libreadline.so.7)
I0131 01:12:29.072978 22688368326464 amber_minimize.py:177] alterations info: {'nonstandard_residues': [], 'removed_heterogens': set(), 'missing_residues': {}, 'missing_heavy_atoms': {}, 'missing_terminals': {}, 'Se_in_MET': [], 'removed_chains': {0: []}}
I0131 01:12:34.631400 22688368326464 amber_minimize.py:500] Iteration completed: Einit 664062936.34 Efinal -22928.36 Time 143.00 s num residue violations 0 num residue exclusions 0 
sh: /mpcdf/soft/SLE_15/packages/x86_64/alphafold/2.2.0/lib/libtinfo.so.6: no version information available (required by /lib64/libreadline.so.7)
sh: /mpcdf/soft/SLE_15/packages/x86_64/alphafold/2.2.0/lib/libtinfo.so.6: no version information available (required by /lib64/libreadline.so.7)
I0131 01:12:47.715659 22688368326464 amber_minimize.py:177] alterations info: {'nonstandard_residues': [], 'removed_heterogens': set(), 'missing_residues': {}, 'missing_heavy_atoms': {}, 'missing_terminals': {<Residue 219 (VAL) of chain 0>: ['OXT'], <Residue 462 (GLY) of chain 1>: ['OXT'], <Residue 620 (GLY) of chain 2>: ['OXT'], <Residue 778 (GLY) of chain 3>: ['OXT'], <Residue 852 (PRO) of chain 4>: ['OXT'], <Residue 926 (PRO) of chain 5>: ['OXT'], <Residue 1000 (PRO) of chain 6>: ['OXT'], <Residue 1074 (PRO) of chain 7>: ['OXT']}, 'Se_in_MET': [], 'removed_chains': {0: []}}
I0131 01:12:51.197894 22688368326464 run_af2c_min.py:110] IL1RAP-TIR_x2_MYD88_BDLD_3_x2_BDLD_3_x4 relaxation done, time spent 192.0 seconds, Efinal -22928.36, rmsd 0.45
                                  
================================= 
Global information about the job: 
================================= 
  
Job owner: flobnow(42847)
Job name:  6_RLX
Node list: ravg1076
Job start: Tue Jan 31 00:45:39 CET 2023
Job end:   Tue Jan 31 01:12:52 CET 2023
Work dir:  /raven/u/flobnow/workingLama/scripts/myRuns/BDLD_3
Command:   /raven/u/flobnow/workingLama/scripts/myRuns/BDLD_3/script3_relaxation.sh
  
  
  
==========================================================================================
Information on jobsteps (Note: MaxRSS/AveRSS is the maximum/average over all 
tasks of the per-task memory high-water marks; cf. "man sacct"): 
==========================================================================================
  
JobID            JobName NNodes NTasks  NCPUS        0.00M        0.00M    Elapsed ExitCode
------------- ---------- ------ ------ ------ ------------ ------------ ---------- --------
4070666            6_RLX      1           108                             00:27:13      0:0
4070666.0        python3      1      1    108    17294.10M    17294.10M   00:27:11      0:0
  
Maximum memory per node: 18.134174 GB (defined as MaxRSS*Ntasks/NNodes)
CPU utilization: 76.7 %
  
