Info: input file name is BDLD_47
Info: input target list is /u/flobnow/workingLama/scripts/myRuns/BDLD_47/target.lst
Info: input feature directory is /u/flobnow/workingLama/feature_files
Info: result output directory is /u/flobnow/workingLama/output_files
Info: model preset is multimer_np
Info: msa pairing is all
Info: recycling setting is 1
Info: using preset super2
Info: set num_ensemble = 2
Info: set max_recyles = 20
Info: set recycle_tol = 0.1
Info: mas_pairing mode is all
I0130 19:58:26.062941 23060720326464 tpu_client.py:54] Starting the local TPU driver.
I0130 19:58:26.063339 23060720326464 xla_bridge.py:212] Unable to initialize backend 'tpu_driver': Not found: Unable to find driver in registry given worker: local://
I0130 19:58:26.398376 23060720326464 xla_bridge.py:212] Unable to initialize backend 'tpu': Invalid argument: TpuPlatform is not available.
I0130 19:58:29.324493 23060720326464 run_af2c_mod.py:481] Have 1 models: ['model_1_multimer_v2_p1']
Info: working on target IL1RAP-TIR_x2_MYD88_BDLD_47_x2_BDLD_47_x4
I0130 19:58:33.328733 23060720326464 run_af2c_mod.py:512] Using random seed 1553524606493494910 for the data pipeline
Info: IL1RAP-TIR_x2_MYD88_BDLD_47_x2_BDLD_47_x4 found monomer IL1AP-TIR msa_depth = 9459, seq_len = 220, num_templ = 20
Info: IL1AP-TIR reducing the number of structural templates to 4
Info: IL1RAP-TIR_x2_MYD88_BDLD_47_x2_BDLD_47_x4 found monomer IL1R-TIR msa_depth = 5743, seq_len = 243, num_templ = 20
Info: IL1R-TIR reducing the number of structural templates to 4
Info: IL1RAP-TIR_x2_MYD88_BDLD_47_x2_BDLD_47_x4 found monomer MYD88_BDLD_47 msa_depth = 819, seq_len = 158, num_templ = 20
Info: MYD88_BDLD_47 reducing the number of structural templates to 4
Info: IL1RAP-TIR_x2_MYD88_BDLD_47_x2_BDLD_47_x4 found monomer BDLD_47 msa_depth = 462, seq_len = 73, num_templ = 20
Info: BDLD_47 reducing the number of structural templates to 4
Info: 8 chain(s) to model {'A': 'IL1AP-TIR_1', 'B': 'IL1R-TIR_1', 'C': 'MYD88_BDLD_47_1', 'D': 'MYD88_BDLD_47_1', 'E': 'BDLD_47_1', 'F': 'BDLD_47_1', 'G': 'BDLD_47_1', 'H': 'BDLD_47_1'}
Info: modeling IL1RAP-TIR_x2_MYD88_BDLD_47_x2_BDLD_47_x4 with msa_depth = 9384, seq_len = 1071, num_templ = 32
I0130 19:58:34.819506 23060720326464 run_af2c_mod.py:216] Running model model_1_multimer_v2_p1_230130_494910
I0130 19:58:34.819987 23060720326464 model.py:205] Running predict with shape(feat) = {'msa': (9384, 1071), 'bert_mask': (9384, 1071), 'num_alignments': (), 'aatype': (1071,), 'seq_length': (), 'template_aatype': (32, 1071), 'template_all_atom_mask': (32, 1071, 37), 'template_all_atom_positions': (32, 1071, 37, 3), 'all_atom_positions': (1071, 37, 3), 'template_domain_names': (32,), 'asym_id': (1071,), 'sym_id': (1071,), 'entity_id': (1071,), 'residue_index': (1071,), 'deletion_matrix': (9384, 1071), 'seq_mask': (1071,), 'msa_mask': (9384, 1071), 'cluster_bias_mask': (9384,), 'pdb_residue_index': (1071,)}
I0130 20:46:17.612639 23060720326464 run_af2c_mod.py:270] Total JAX model model_1_multimer_v2_p1_230130_494910 predict time (includes compilation time): 2862.8 seconds
Info: IL1RAP-TIR_x2_MYD88_BDLD_47_x2_BDLD_47_x4 model_1_multimer_v2_p1_230130_494910_recycled_00,  tol =   inf, pLDDT = 62.96, pTM-score = 0.2845, piTM-score = 0.2193, interface-score = 0.0006, iRes = 24   iCnt = 31  
Info: IL1RAP-TIR_x2_MYD88_BDLD_47_x2_BDLD_47_x4 model_1_multimer_v2_p1_230130_494910_recycled_01,  tol = 146.03, pLDDT = 65.68, pTM-score = 0.2930, piTM-score = 0.0000, interface-score = 0.0000, iRes = 0    iCnt = 0   
Info: IL1RAP-TIR_x2_MYD88_BDLD_47_x2_BDLD_47_x4 model_1_multimer_v2_p1_230130_494910_recycled_02,  tol = 60.79, pLDDT = 66.68, pTM-score = 0.3253, piTM-score = 0.1101, interface-score = 0.0273, iRes = 22   iCnt = 16  
Info: IL1RAP-TIR_x2_MYD88_BDLD_47_x2_BDLD_47_x4 model_1_multimer_v2_p1_230130_494910_recycled_03,  tol = 63.70, pLDDT = 68.22, pTM-score = 0.3423, piTM-score = 0.2305, interface-score = 0.1068, iRes = 28   iCnt = 22  
Info: IL1RAP-TIR_x2_MYD88_BDLD_47_x2_BDLD_47_x4 model_1_multimer_v2_p1_230130_494910_recycled_04,  tol = 76.74, pLDDT = 70.81, pTM-score = 0.3721, piTM-score = 0.3254, interface-score = 0.4328, iRes = 72   iCnt = 59  
Info: IL1RAP-TIR_x2_MYD88_BDLD_47_x2_BDLD_47_x4 model_1_multimer_v2_p1_230130_494910_recycled_05,  tol = 46.21, pLDDT = 71.79, pTM-score = 0.3888, piTM-score = 0.4029, interface-score = 0.5543, iRes = 117  iCnt = 109 
Info: IL1RAP-TIR_x2_MYD88_BDLD_47_x2_BDLD_47_x4 model_1_multimer_v2_p1_230130_494910_recycled_06,  tol =  5.05, pLDDT = 72.38, pTM-score = 0.3919, piTM-score = 0.4091, interface-score = 0.5676, iRes = 118  iCnt = 108 
Info: IL1RAP-TIR_x2_MYD88_BDLD_47_x2_BDLD_47_x4 model_1_multimer_v2_p1_230130_494910_recycled_07,  tol =  2.59, pLDDT = 71.99, pTM-score = 0.3945, piTM-score = 0.4057, interface-score = 0.5663, iRes = 120  iCnt = 112 
Info: IL1RAP-TIR_x2_MYD88_BDLD_47_x2_BDLD_47_x4 model_1_multimer_v2_p1_230130_494910_recycled_08,  tol =  4.40, pLDDT = 72.64, pTM-score = 0.3961, piTM-score = 0.4107, interface-score = 0.5638, iRes = 117  iCnt = 111 
Info: IL1RAP-TIR_x2_MYD88_BDLD_47_x2_BDLD_47_x4 model_1_multimer_v2_p1_230130_494910_recycled_09,  tol =  1.69, pLDDT = 71.93, pTM-score = 0.3908, piTM-score = 0.4075, interface-score = 0.5517, iRes = 117  iCnt = 110 
Info: IL1RAP-TIR_x2_MYD88_BDLD_47_x2_BDLD_47_x4 model_1_multimer_v2_p1_230130_494910_recycled_10,  tol =  2.31, pLDDT = 72.47, pTM-score = 0.3957, piTM-score = 0.4110, interface-score = 0.5690, iRes = 117  iCnt = 114 
Info: IL1RAP-TIR_x2_MYD88_BDLD_47_x2_BDLD_47_x4 model_1_multimer_v2_p1_230130_494910_recycled_11,  tol =  3.26, pLDDT = 72.36, pTM-score = 0.3936, piTM-score = 0.4204, interface-score = 0.5733, iRes = 118  iCnt = 114 
Info: IL1RAP-TIR_x2_MYD88_BDLD_47_x2_BDLD_47_x4 model_1_multimer_v2_p1_230130_494910_recycled_12,  tol =  2.89, pLDDT = 72.51, pTM-score = 0.3942, piTM-score = 0.4194, interface-score = 0.5691, iRes = 117  iCnt = 114 
Info: IL1RAP-TIR_x2_MYD88_BDLD_47_x2_BDLD_47_x4 model_1_multimer_v2_p1_230130_494910_recycled_13,  tol =  1.47, pLDDT = 72.31, pTM-score = 0.3984, piTM-score = 0.4248, interface-score = 0.5773, iRes = 119  iCnt = 117 
Info: IL1RAP-TIR_x2_MYD88_BDLD_47_x2_BDLD_47_x4 model_1_multimer_v2_p1_230130_494910_recycled_14,  tol =  2.45, pLDDT = 72.33, pTM-score = 0.3990, piTM-score = 0.4189, interface-score = 0.5649, iRes = 117  iCnt = 115 
Info: IL1RAP-TIR_x2_MYD88_BDLD_47_x2_BDLD_47_x4 model_1_multimer_v2_p1_230130_494910_recycled_15,  tol =  2.58, pLDDT = 71.71, pTM-score = 0.3926, piTM-score = 0.4090, interface-score = 0.5592, iRes = 118  iCnt = 113 
Info: IL1RAP-TIR_x2_MYD88_BDLD_47_x2_BDLD_47_x4 model_1_multimer_v2_p1_230130_494910_recycled_16,  tol =  2.68, pLDDT = 72.19, pTM-score = 0.3992, piTM-score = 0.4072, interface-score = 0.5707, iRes = 117  iCnt = 112 
Info: IL1RAP-TIR_x2_MYD88_BDLD_47_x2_BDLD_47_x4 model_1_multimer_v2_p1_230130_494910_recycled_17,  tol =  2.62, pLDDT = 71.83, pTM-score = 0.3991, piTM-score = 0.4015, interface-score = 0.5630, iRes = 113  iCnt = 103 
Info: IL1RAP-TIR_x2_MYD88_BDLD_47_x2_BDLD_47_x4 model_1_multimer_v2_p1_230130_494910_recycled_18,  tol =  1.18, pLDDT = 72.37, pTM-score = 0.3967, piTM-score = 0.4027, interface-score = 0.5597, iRes = 117  iCnt = 112 
Info: IL1RAP-TIR_x2_MYD88_BDLD_47_x2_BDLD_47_x4 model_1_multimer_v2_p1_230130_494910_recycled_19,  tol =  3.99, pLDDT = 72.59, pTM-score = 0.3981, piTM-score = 0.4146, interface-score = 0.5740, iRes = 117  iCnt = 112 
Info: IL1RAP-TIR_x2_MYD88_BDLD_47_x2_BDLD_47_x4 model_1_multimer_v2_p1_230130_494910 performed 20 recycles, final tol = 2.16, pLDDT = 72.82, pTM-score = 0.3992, piTM-score = 0.4229, interface-score = 0.5778, iRes = 117  iCnt = 113 
Info: num_clusters = 5, cluster_sizes = [2, 2, 2, 1, 1],  clusters = [['IL1AP-TIR_0', 'IL1R-TIR_0'], ['MYD88_BDLD_47_0', 'BDLD_47_3'], ['MYD88_BDLD_47_1', 'BDLD_47_0'], ['BDLD_47_1'], ['BDLD_47_2']]

I0130 20:46:21.918378 23060720326464 run_af2c_mod.py:404] Final timings for IL1RAP-TIR_x2_MYD88_BDLD_47_x2_BDLD_47_x4: {'features': 1.49, 'process_features_model_1_multimer_v2_p1_230130_494910': 0.0, 'predict_and_compile_model_1_multimer_v2_p1_230130_494910': 2862.8}
                                  
================================= 
Global information about the job: 
================================= 
  
Job owner: flobnow(42847)
Job name:  1_AF2C
Node list: ravg1103
Job start: Mon Jan 30 19:58:19 CET 2023
Job end:   Mon Jan 30 20:46:24 CET 2023
Work dir:  /raven/u/flobnow/workingLama/scripts/myRuns/BDLD_47
Command:   /raven/u/flobnow/workingLama/scripts/myRuns/BDLD_47/script2_comp_model_1.sh
  
  
  
==========================================================================================
Information on jobsteps (Note: MaxRSS/AveRSS is the maximum/average over all 
tasks of the per-task memory high-water marks; cf. "man sacct"): 
==========================================================================================
  
JobID            JobName NNodes NTasks  NCPUS        0.00M        0.00M    Elapsed ExitCode
------------- ---------- ------ ------ ------ ------------ ------------ ---------- --------
4070581           1_AF2C      1           108                             00:48:05      0:0
4070581.0        python3      1      1    108    43324.63M    43324.63M   00:48:04      0:0
  
Maximum memory per node: 45.429166 GB (defined as MaxRSS*Ntasks/NNodes)
CPU utilization: 1.9 %
  
Info: input file name is BDLD_47
Info: input target list is /u/flobnow/workingLama/scripts/myRuns/BDLD_47/target.lst
Info: input feature directory is /u/flobnow/workingLama/feature_files
Info: result output directory is /u/flobnow/workingLama/output_files
Info: model preset is multimer_np
Info: msa pairing is all
Info: recycling setting is 1
Info: using preset super2
Info: set num_ensemble = 2
Info: set max_recyles = 20
Info: set recycle_tol = 0.1
Info: mas_pairing mode is all
I0130 21:29:58.245059 22483346966336 tpu_client.py:54] Starting the local TPU driver.
I0130 21:29:58.245432 22483346966336 xla_bridge.py:212] Unable to initialize backend 'tpu_driver': Not found: Unable to find driver in registry given worker: local://
I0130 21:29:58.630739 22483346966336 xla_bridge.py:212] Unable to initialize backend 'tpu': Invalid argument: TpuPlatform is not available.
I0130 21:30:01.413734 22483346966336 run_af2c_mod.py:481] Have 1 models: ['model_2_multimer_v2_p1']
Info: working on target IL1RAP-TIR_x2_MYD88_BDLD_47_x2_BDLD_47_x4
I0130 21:30:07.420070 22483346966336 run_af2c_mod.py:512] Using random seed 950803212568132281 for the data pipeline
Info: IL1RAP-TIR_x2_MYD88_BDLD_47_x2_BDLD_47_x4 found monomer IL1AP-TIR msa_depth = 9459, seq_len = 220, num_templ = 20
Info: IL1AP-TIR reducing the number of structural templates to 4
Info: IL1RAP-TIR_x2_MYD88_BDLD_47_x2_BDLD_47_x4 found monomer IL1R-TIR msa_depth = 5743, seq_len = 243, num_templ = 20
Info: IL1R-TIR reducing the number of structural templates to 4
Info: IL1RAP-TIR_x2_MYD88_BDLD_47_x2_BDLD_47_x4 found monomer MYD88_BDLD_47 msa_depth = 819, seq_len = 158, num_templ = 20
Info: MYD88_BDLD_47 reducing the number of structural templates to 4
Info: IL1RAP-TIR_x2_MYD88_BDLD_47_x2_BDLD_47_x4 found monomer BDLD_47 msa_depth = 462, seq_len = 73, num_templ = 20
Info: BDLD_47 reducing the number of structural templates to 4
Info: 8 chain(s) to model {'A': 'IL1AP-TIR_1', 'B': 'IL1R-TIR_1', 'C': 'MYD88_BDLD_47_1', 'D': 'MYD88_BDLD_47_1', 'E': 'BDLD_47_1', 'F': 'BDLD_47_1', 'G': 'BDLD_47_1', 'H': 'BDLD_47_1'}
Info: modeling IL1RAP-TIR_x2_MYD88_BDLD_47_x2_BDLD_47_x4 with msa_depth = 9384, seq_len = 1071, num_templ = 32
I0130 21:30:08.919939 22483346966336 run_af2c_mod.py:216] Running model model_2_multimer_v2_p1_230130_132281
I0130 21:30:08.920434 22483346966336 model.py:205] Running predict with shape(feat) = {'msa': (9384, 1071), 'bert_mask': (9384, 1071), 'num_alignments': (), 'aatype': (1071,), 'seq_length': (), 'template_aatype': (32, 1071), 'template_all_atom_mask': (32, 1071, 37), 'template_all_atom_positions': (32, 1071, 37, 3), 'all_atom_positions': (1071, 37, 3), 'template_domain_names': (32,), 'asym_id': (1071,), 'sym_id': (1071,), 'entity_id': (1071,), 'residue_index': (1071,), 'deletion_matrix': (9384, 1071), 'seq_mask': (1071,), 'msa_mask': (9384, 1071), 'cluster_bias_mask': (9384,), 'pdb_residue_index': (1071,)}
I0130 22:17:55.390588 22483346966336 run_af2c_mod.py:270] Total JAX model model_2_multimer_v2_p1_230130_132281 predict time (includes compilation time): 2866.5 seconds
Info: IL1RAP-TIR_x2_MYD88_BDLD_47_x2_BDLD_47_x4 model_2_multimer_v2_p1_230130_132281_recycled_00,  tol =   inf, pLDDT = 61.02, pTM-score = 0.3071, piTM-score = 0.0416, interface-score = 0.0093, iRes = 19   iCnt = 12  
Info: IL1RAP-TIR_x2_MYD88_BDLD_47_x2_BDLD_47_x4 model_2_multimer_v2_p1_230130_132281_recycled_01,  tol = 100.41, pLDDT = 63.29, pTM-score = 0.3541, piTM-score = 0.1850, interface-score = 0.2742, iRes = 96   iCnt = 78  
Info: IL1RAP-TIR_x2_MYD88_BDLD_47_x2_BDLD_47_x4 model_2_multimer_v2_p1_230130_132281_recycled_02,  tol = 30.19, pLDDT = 63.42, pTM-score = 0.3690, piTM-score = 0.3148, interface-score = 0.2021, iRes = 30   iCnt = 24  
Info: IL1RAP-TIR_x2_MYD88_BDLD_47_x2_BDLD_47_x4 model_2_multimer_v2_p1_230130_132281_recycled_03,  tol = 21.05, pLDDT = 65.01, pTM-score = 0.3710, piTM-score = 0.3308, interface-score = 0.2661, iRes = 42   iCnt = 30  
Info: IL1RAP-TIR_x2_MYD88_BDLD_47_x2_BDLD_47_x4 model_2_multimer_v2_p1_230130_132281_recycled_04,  tol = 20.94, pLDDT = 64.58, pTM-score = 0.3862, piTM-score = 0.3452, interface-score = 0.2531, iRes = 31   iCnt = 26  
Info: IL1RAP-TIR_x2_MYD88_BDLD_47_x2_BDLD_47_x4 model_2_multimer_v2_p1_230130_132281_recycled_05,  tol = 12.12, pLDDT = 64.71, pTM-score = 0.3866, piTM-score = 0.3648, interface-score = 0.2777, iRes = 33   iCnt = 30  
Info: IL1RAP-TIR_x2_MYD88_BDLD_47_x2_BDLD_47_x4 model_2_multimer_v2_p1_230130_132281_recycled_06,  tol = 18.32, pLDDT = 65.35, pTM-score = 0.3913, piTM-score = 0.2823, interface-score = 0.3148, iRes = 62   iCnt = 49  
Info: IL1RAP-TIR_x2_MYD88_BDLD_47_x2_BDLD_47_x4 model_2_multimer_v2_p1_230130_132281_recycled_07,  tol = 11.92, pLDDT = 65.41, pTM-score = 0.3869, piTM-score = 0.3455, interface-score = 0.2479, iRes = 29   iCnt = 26  
Info: IL1RAP-TIR_x2_MYD88_BDLD_47_x2_BDLD_47_x4 model_2_multimer_v2_p1_230130_132281_recycled_08,  tol = 13.13, pLDDT = 65.97, pTM-score = 0.3927, piTM-score = 0.3514, interface-score = 0.3285, iRes = 46   iCnt = 35  
Info: IL1RAP-TIR_x2_MYD88_BDLD_47_x2_BDLD_47_x4 model_2_multimer_v2_p1_230130_132281_recycled_09,  tol = 18.81, pLDDT = 66.80, pTM-score = 0.3902, piTM-score = 0.2916, interface-score = 0.4142, iRes = 94   iCnt = 79  
Info: IL1RAP-TIR_x2_MYD88_BDLD_47_x2_BDLD_47_x4 model_2_multimer_v2_p1_230130_132281_recycled_10,  tol =  7.99, pLDDT = 65.49, pTM-score = 0.3841, piTM-score = 0.2729, interface-score = 0.3255, iRes = 64   iCnt = 50  
Info: IL1RAP-TIR_x2_MYD88_BDLD_47_x2_BDLD_47_x4 model_2_multimer_v2_p1_230130_132281_recycled_11,  tol = 19.50, pLDDT = 65.25, pTM-score = 0.3885, piTM-score = 0.2380, interface-score = 0.3416, iRes = 80   iCnt = 61  
Info: IL1RAP-TIR_x2_MYD88_BDLD_47_x2_BDLD_47_x4 model_2_multimer_v2_p1_230130_132281_recycled_12,  tol =  7.98, pLDDT = 66.41, pTM-score = 0.3944, piTM-score = 0.2869, interface-score = 0.3814, iRes = 105  iCnt = 89  
Info: IL1RAP-TIR_x2_MYD88_BDLD_47_x2_BDLD_47_x4 model_2_multimer_v2_p1_230130_132281_recycled_13,  tol = 10.74, pLDDT = 65.95, pTM-score = 0.3925, piTM-score = 0.2374, interface-score = 0.3791, iRes = 87   iCnt = 74  
Info: IL1RAP-TIR_x2_MYD88_BDLD_47_x2_BDLD_47_x4 model_2_multimer_v2_p1_230130_132281_recycled_14,  tol =  3.04, pLDDT = 65.50, pTM-score = 0.3815, piTM-score = 0.3762, interface-score = 0.2766, iRes = 34   iCnt = 30  
Info: IL1RAP-TIR_x2_MYD88_BDLD_47_x2_BDLD_47_x4 model_2_multimer_v2_p1_230130_132281_recycled_15,  tol = 28.61, pLDDT = 65.33, pTM-score = 0.3859, piTM-score = 0.3529, interface-score = 0.2482, iRes = 28   iCnt = 25  
Info: IL1RAP-TIR_x2_MYD88_BDLD_47_x2_BDLD_47_x4 model_2_multimer_v2_p1_230130_132281_recycled_16,  tol = 23.79, pLDDT = 65.24, pTM-score = 0.3840, piTM-score = 0.3200, interface-score = 0.3120, iRes = 49   iCnt = 40  
Info: IL1RAP-TIR_x2_MYD88_BDLD_47_x2_BDLD_47_x4 model_2_multimer_v2_p1_230130_132281_recycled_17,  tol = 21.81, pLDDT = 64.54, pTM-score = 0.3842, piTM-score = 0.3460, interface-score = 0.3041, iRes = 45   iCnt = 36  
Info: IL1RAP-TIR_x2_MYD88_BDLD_47_x2_BDLD_47_x4 model_2_multimer_v2_p1_230130_132281_recycled_18,  tol =  9.77, pLDDT = 64.80, pTM-score = 0.3859, piTM-score = 0.2878, interface-score = 0.3031, iRes = 60   iCnt = 44  
Info: IL1RAP-TIR_x2_MYD88_BDLD_47_x2_BDLD_47_x4 model_2_multimer_v2_p1_230130_132281_recycled_19,  tol = 13.56, pLDDT = 65.30, pTM-score = 0.3856, piTM-score = 0.2528, interface-score = 0.3517, iRes = 72   iCnt = 57  
Info: IL1RAP-TIR_x2_MYD88_BDLD_47_x2_BDLD_47_x4 model_2_multimer_v2_p1_230130_132281 performed 20 recycles, final tol = 9.65, pLDDT = 64.35, pTM-score = 0.3818, piTM-score = 0.3382, interface-score = 0.2967, iRes = 47   iCnt = 39  
Info: num_clusters = 7, cluster_sizes = [2, 1, 1, 1, 1, 1, 1],  clusters = [['IL1AP-TIR_0', 'IL1R-TIR_0'], ['MYD88_BDLD_47_0'], ['MYD88_BDLD_47_1'], ['BDLD_47_0'], ['BDLD_47_1'], ['BDLD_47_2'], ['BDLD_47_3']]

I0130 22:17:59.962886 22483346966336 run_af2c_mod.py:404] Final timings for IL1RAP-TIR_x2_MYD88_BDLD_47_x2_BDLD_47_x4: {'features': 1.5, 'process_features_model_2_multimer_v2_p1_230130_132281': 0.0, 'predict_and_compile_model_2_multimer_v2_p1_230130_132281': 2866.5}
                                  
================================= 
Global information about the job: 
================================= 
  
Job owner: flobnow(42847)
Job name:  2_AF2C
Node list: ravg1191
Job start: Mon Jan 30 21:29:48 CET 2023
Job end:   Mon Jan 30 22:18:02 CET 2023
Work dir:  /raven/u/flobnow/workingLama/scripts/myRuns/BDLD_47
Command:   /raven/u/flobnow/workingLama/scripts/myRuns/BDLD_47/script2_comp_model_2.sh
  
  
  
==========================================================================================
Information on jobsteps (Note: MaxRSS/AveRSS is the maximum/average over all 
tasks of the per-task memory high-water marks; cf. "man sacct"): 
==========================================================================================
  
JobID            JobName NNodes NTasks  NCPUS        0.00M        0.00M    Elapsed ExitCode
------------- ---------- ------ ------ ------ ------------ ------------ ---------- --------
4070631           2_AF2C      1           108                             00:48:14      0:0
4070631.0        python3      1      1    108    44445.93M    44445.93M   00:48:11      0:0
  
Maximum memory per node: 46.604939 GB (defined as MaxRSS*Ntasks/NNodes)
CPU utilization: 1.9 %
  
Info: input file name is BDLD_47
Info: input target list is /u/flobnow/workingLama/scripts/myRuns/BDLD_47/target.lst
Info: input feature directory is /u/flobnow/workingLama/feature_files
Info: result output directory is /u/flobnow/workingLama/output_files
Info: model preset is multimer_np
Info: msa pairing is all
Info: recycling setting is 1
Info: using preset super2
Info: set num_ensemble = 2
Info: set max_recyles = 20
Info: set recycle_tol = 0.1
Info: mas_pairing mode is all
I0130 22:32:00.777600 23029110630208 tpu_client.py:54] Starting the local TPU driver.
I0130 22:32:00.784453 23029110630208 xla_bridge.py:212] Unable to initialize backend 'tpu_driver': Not found: Unable to find driver in registry given worker: local://
I0130 22:32:01.136498 23029110630208 xla_bridge.py:212] Unable to initialize backend 'tpu': Invalid argument: TpuPlatform is not available.
I0130 22:32:04.009324 23029110630208 run_af2c_mod.py:481] Have 1 models: ['model_3_multimer_v2_p1']
Info: working on target IL1RAP-TIR_x2_MYD88_BDLD_47_x2_BDLD_47_x4
I0130 22:32:14.019604 23029110630208 run_af2c_mod.py:512] Using random seed 3379228075514399544 for the data pipeline
Info: IL1RAP-TIR_x2_MYD88_BDLD_47_x2_BDLD_47_x4 found monomer IL1AP-TIR msa_depth = 9459, seq_len = 220, num_templ = 20
Info: IL1AP-TIR reducing the number of structural templates to 4
Info: IL1RAP-TIR_x2_MYD88_BDLD_47_x2_BDLD_47_x4 found monomer IL1R-TIR msa_depth = 5743, seq_len = 243, num_templ = 20
Info: IL1R-TIR reducing the number of structural templates to 4
Info: IL1RAP-TIR_x2_MYD88_BDLD_47_x2_BDLD_47_x4 found monomer MYD88_BDLD_47 msa_depth = 819, seq_len = 158, num_templ = 20
Info: MYD88_BDLD_47 reducing the number of structural templates to 4
Info: IL1RAP-TIR_x2_MYD88_BDLD_47_x2_BDLD_47_x4 found monomer BDLD_47 msa_depth = 462, seq_len = 73, num_templ = 20
Info: BDLD_47 reducing the number of structural templates to 4
Info: 8 chain(s) to model {'A': 'IL1AP-TIR_1', 'B': 'IL1R-TIR_1', 'C': 'MYD88_BDLD_47_1', 'D': 'MYD88_BDLD_47_1', 'E': 'BDLD_47_1', 'F': 'BDLD_47_1', 'G': 'BDLD_47_1', 'H': 'BDLD_47_1'}
Info: modeling IL1RAP-TIR_x2_MYD88_BDLD_47_x2_BDLD_47_x4 with msa_depth = 9384, seq_len = 1071, num_templ = 32
I0130 22:32:15.552983 23029110630208 run_af2c_mod.py:216] Running model model_3_multimer_v2_p1_230130_399544
I0130 22:32:15.553469 23029110630208 model.py:205] Running predict with shape(feat) = {'msa': (9384, 1071), 'bert_mask': (9384, 1071), 'num_alignments': (), 'aatype': (1071,), 'seq_length': (), 'template_aatype': (32, 1071), 'template_all_atom_mask': (32, 1071, 37), 'template_all_atom_positions': (32, 1071, 37, 3), 'all_atom_positions': (1071, 37, 3), 'template_domain_names': (32,), 'asym_id': (1071,), 'sym_id': (1071,), 'entity_id': (1071,), 'residue_index': (1071,), 'deletion_matrix': (9384, 1071), 'seq_mask': (1071,), 'msa_mask': (9384, 1071), 'cluster_bias_mask': (9384,), 'pdb_residue_index': (1071,)}
I0130 23:20:01.511360 23029110630208 run_af2c_mod.py:270] Total JAX model model_3_multimer_v2_p1_230130_399544 predict time (includes compilation time): 2866.0 seconds
Info: IL1RAP-TIR_x2_MYD88_BDLD_47_x2_BDLD_47_x4 model_3_multimer_v2_p1_230130_399544_recycled_00,  tol =   inf, pLDDT = 61.83, pTM-score = 0.3103, piTM-score = 0.0262, interface-score = 0.0021, iRes = 11   iCnt = 6   
Info: IL1RAP-TIR_x2_MYD88_BDLD_47_x2_BDLD_47_x4 model_3_multimer_v2_p1_230130_399544_recycled_01,  tol = 104.05, pLDDT = 64.20, pTM-score = 0.3611, piTM-score = 0.3304, interface-score = 0.2150, iRes = 34   iCnt = 27  
Info: IL1RAP-TIR_x2_MYD88_BDLD_47_x2_BDLD_47_x4 model_3_multimer_v2_p1_230130_399544_recycled_02,  tol = 36.31, pLDDT = 64.70, pTM-score = 0.3979, piTM-score = 0.4161, interface-score = 0.3190, iRes = 39   iCnt = 38  
Info: IL1RAP-TIR_x2_MYD88_BDLD_47_x2_BDLD_47_x4 model_3_multimer_v2_p1_230130_399544_recycled_03,  tol = 31.99, pLDDT = 65.16, pTM-score = 0.3994, piTM-score = 0.4046, interface-score = 0.3180, iRes = 35   iCnt = 34  
Info: IL1RAP-TIR_x2_MYD88_BDLD_47_x2_BDLD_47_x4 model_3_multimer_v2_p1_230130_399544_recycled_04,  tol = 29.27, pLDDT = 66.39, pTM-score = 0.4018, piTM-score = 0.3049, interface-score = 0.4321, iRes = 96   iCnt = 85  
Info: IL1RAP-TIR_x2_MYD88_BDLD_47_x2_BDLD_47_x4 model_3_multimer_v2_p1_230130_399544_recycled_05,  tol = 39.54, pLDDT = 66.39, pTM-score = 0.4070, piTM-score = 0.3555, interface-score = 0.4773, iRes = 113  iCnt = 105 
Info: IL1RAP-TIR_x2_MYD88_BDLD_47_x2_BDLD_47_x4 model_3_multimer_v2_p1_230130_399544_recycled_06,  tol =  2.20, pLDDT = 65.99, pTM-score = 0.4074, piTM-score = 0.3124, interface-score = 0.4357, iRes = 124  iCnt = 124 
Info: IL1RAP-TIR_x2_MYD88_BDLD_47_x2_BDLD_47_x4 model_3_multimer_v2_p1_230130_399544_recycled_07,  tol =  1.96, pLDDT = 65.93, pTM-score = 0.4096, piTM-score = 0.3079, interface-score = 0.4351, iRes = 115  iCnt = 108 
Info: IL1RAP-TIR_x2_MYD88_BDLD_47_x2_BDLD_47_x4 model_3_multimer_v2_p1_230130_399544_recycled_08,  tol =  1.33, pLDDT = 65.58, pTM-score = 0.4043, piTM-score = 0.3054, interface-score = 0.4241, iRes = 101  iCnt = 89  
Info: IL1RAP-TIR_x2_MYD88_BDLD_47_x2_BDLD_47_x4 model_3_multimer_v2_p1_230130_399544_recycled_09,  tol =  1.79, pLDDT = 65.59, pTM-score = 0.4014, piTM-score = 0.3412, interface-score = 0.4527, iRes = 109  iCnt = 98  
Info: IL1RAP-TIR_x2_MYD88_BDLD_47_x2_BDLD_47_x4 model_3_multimer_v2_p1_230130_399544_recycled_10,  tol =  1.58, pLDDT = 65.73, pTM-score = 0.4054, piTM-score = 0.2998, interface-score = 0.4330, iRes = 95   iCnt = 82  
Info: IL1RAP-TIR_x2_MYD88_BDLD_47_x2_BDLD_47_x4 model_3_multimer_v2_p1_230130_399544_recycled_11,  tol =  2.96, pLDDT = 65.53, pTM-score = 0.4100, piTM-score = 0.3241, interface-score = 0.4381, iRes = 101  iCnt = 90  
Info: IL1RAP-TIR_x2_MYD88_BDLD_47_x2_BDLD_47_x4 model_3_multimer_v2_p1_230130_399544_recycled_12,  tol =  1.69, pLDDT = 65.54, pTM-score = 0.4072, piTM-score = 0.3263, interface-score = 0.4362, iRes = 99   iCnt = 87  
Info: IL1RAP-TIR_x2_MYD88_BDLD_47_x2_BDLD_47_x4 model_3_multimer_v2_p1_230130_399544_recycled_13,  tol =  1.95, pLDDT = 65.69, pTM-score = 0.4099, piTM-score = 0.3058, interface-score = 0.4241, iRes = 100  iCnt = 88  
Info: IL1RAP-TIR_x2_MYD88_BDLD_47_x2_BDLD_47_x4 model_3_multimer_v2_p1_230130_399544_recycled_14,  tol =  1.49, pLDDT = 65.82, pTM-score = 0.4057, piTM-score = 0.2880, interface-score = 0.4194, iRes = 91   iCnt = 80  
Info: IL1RAP-TIR_x2_MYD88_BDLD_47_x2_BDLD_47_x4 model_3_multimer_v2_p1_230130_399544_recycled_15,  tol =  1.28, pLDDT = 64.82, pTM-score = 0.4043, piTM-score = 0.2762, interface-score = 0.3948, iRes = 85   iCnt = 73  
Info: IL1RAP-TIR_x2_MYD88_BDLD_47_x2_BDLD_47_x4 model_3_multimer_v2_p1_230130_399544_recycled_16,  tol =  1.26, pLDDT = 65.44, pTM-score = 0.4059, piTM-score = 0.2905, interface-score = 0.4114, iRes = 87   iCnt = 76  
Info: IL1RAP-TIR_x2_MYD88_BDLD_47_x2_BDLD_47_x4 model_3_multimer_v2_p1_230130_399544_recycled_17,  tol =  1.09, pLDDT = 64.91, pTM-score = 0.4019, piTM-score = 0.2861, interface-score = 0.3908, iRes = 87   iCnt = 74  
Info: IL1RAP-TIR_x2_MYD88_BDLD_47_x2_BDLD_47_x4 model_3_multimer_v2_p1_230130_399544_recycled_18,  tol =  1.03, pLDDT = 65.09, pTM-score = 0.4000, piTM-score = 0.3004, interface-score = 0.4102, iRes = 93   iCnt = 78  
Info: IL1RAP-TIR_x2_MYD88_BDLD_47_x2_BDLD_47_x4 model_3_multimer_v2_p1_230130_399544_recycled_19,  tol =  1.78, pLDDT = 65.40, pTM-score = 0.4075, piTM-score = 0.2891, interface-score = 0.4120, iRes = 87   iCnt = 76  
Info: IL1RAP-TIR_x2_MYD88_BDLD_47_x2_BDLD_47_x4 model_3_multimer_v2_p1_230130_399544 performed 20 recycles, final tol = 1.65, pLDDT = 64.77, pTM-score = 0.3992, piTM-score = 0.2751, interface-score = 0.3793, iRes = 73   iCnt = 63  
Info: num_clusters = 7, cluster_sizes = [2, 1, 1, 1, 1, 1, 1],  clusters = [['IL1AP-TIR_0', 'IL1R-TIR_0'], ['MYD88_BDLD_47_0'], ['MYD88_BDLD_47_1'], ['BDLD_47_0'], ['BDLD_47_1'], ['BDLD_47_2'], ['BDLD_47_3']]

I0130 23:20:05.900087 23029110630208 run_af2c_mod.py:404] Final timings for IL1RAP-TIR_x2_MYD88_BDLD_47_x2_BDLD_47_x4: {'features': 1.53, 'process_features_model_3_multimer_v2_p1_230130_399544': 0.0, 'predict_and_compile_model_3_multimer_v2_p1_230130_399544': 2866.0}
                                  
================================= 
Global information about the job: 
================================= 
  
Job owner: flobnow(42847)
Job name:  3_AF2C
Node list: ravg1039
Job start: Mon Jan 30 22:31:49 CET 2023
Job end:   Mon Jan 30 23:20:11 CET 2023
Work dir:  /raven/u/flobnow/workingLama/scripts/myRuns/BDLD_47
Command:   /raven/u/flobnow/workingLama/scripts/myRuns/BDLD_47/script2_comp_model_3.sh
  
  
  
==========================================================================================
Information on jobsteps (Note: MaxRSS/AveRSS is the maximum/average over all 
tasks of the per-task memory high-water marks; cf. "man sacct"): 
==========================================================================================
  
JobID            JobName NNodes NTasks  NCPUS        0.00M        0.00M    Elapsed ExitCode
------------- ---------- ------ ------ ------ ------------ ------------ ---------- --------
4070694           3_AF2C      1           108                             00:48:22      0:0
4070694.0        python3      1      1    108    43874.44M    43874.44M   00:48:19      0:0
  
Maximum memory per node: 46.005682 GB (defined as MaxRSS*Ntasks/NNodes)
CPU utilization: 1.9 %
  
Info: input file name is BDLD_47
Info: input target list is /u/flobnow/workingLama/scripts/myRuns/BDLD_47/target.lst
Info: input feature directory is /u/flobnow/workingLama/feature_files
Info: result output directory is /u/flobnow/workingLama/output_files
Info: model preset is multimer_np
Info: msa pairing is all
Info: recycling setting is 1
Info: using preset super2
Info: set num_ensemble = 2
Info: set max_recyles = 20
Info: set recycle_tol = 0.1
Info: mas_pairing mode is all
I0130 22:40:11.030765 23453875570496 tpu_client.py:54] Starting the local TPU driver.
I0130 22:40:11.031165 23453875570496 xla_bridge.py:212] Unable to initialize backend 'tpu_driver': Not found: Unable to find driver in registry given worker: local://
I0130 22:40:11.381265 23453875570496 xla_bridge.py:212] Unable to initialize backend 'tpu': Invalid argument: TpuPlatform is not available.
I0130 22:40:14.140337 23453875570496 run_af2c_mod.py:481] Have 1 models: ['model_4_multimer_v2_p1']
Info: working on target IL1RAP-TIR_x2_MYD88_BDLD_47_x2_BDLD_47_x4
I0130 22:40:17.143601 23453875570496 run_af2c_mod.py:512] Using random seed 3838608877765194782 for the data pipeline
Info: IL1RAP-TIR_x2_MYD88_BDLD_47_x2_BDLD_47_x4 found monomer IL1AP-TIR msa_depth = 9459, seq_len = 220, num_templ = 20
Info: IL1AP-TIR reducing the number of structural templates to 4
Info: IL1RAP-TIR_x2_MYD88_BDLD_47_x2_BDLD_47_x4 found monomer IL1R-TIR msa_depth = 5743, seq_len = 243, num_templ = 20
Info: IL1R-TIR reducing the number of structural templates to 4
Info: IL1RAP-TIR_x2_MYD88_BDLD_47_x2_BDLD_47_x4 found monomer MYD88_BDLD_47 msa_depth = 819, seq_len = 158, num_templ = 20
Info: MYD88_BDLD_47 reducing the number of structural templates to 4
Info: IL1RAP-TIR_x2_MYD88_BDLD_47_x2_BDLD_47_x4 found monomer BDLD_47 msa_depth = 462, seq_len = 73, num_templ = 20
Info: BDLD_47 reducing the number of structural templates to 4
Info: 8 chain(s) to model {'A': 'IL1AP-TIR_1', 'B': 'IL1R-TIR_1', 'C': 'MYD88_BDLD_47_1', 'D': 'MYD88_BDLD_47_1', 'E': 'BDLD_47_1', 'F': 'BDLD_47_1', 'G': 'BDLD_47_1', 'H': 'BDLD_47_1'}
Info: modeling IL1RAP-TIR_x2_MYD88_BDLD_47_x2_BDLD_47_x4 with msa_depth = 9384, seq_len = 1071, num_templ = 32
I0130 22:40:18.579930 23453875570496 run_af2c_mod.py:216] Running model model_4_multimer_v2_p1_230130_194782
I0130 22:40:18.580407 23453875570496 model.py:205] Running predict with shape(feat) = {'msa': (9384, 1071), 'bert_mask': (9384, 1071), 'num_alignments': (), 'aatype': (1071,), 'seq_length': (), 'template_aatype': (32, 1071), 'template_all_atom_mask': (32, 1071, 37), 'template_all_atom_positions': (32, 1071, 37, 3), 'all_atom_positions': (1071, 37, 3), 'template_domain_names': (32,), 'asym_id': (1071,), 'sym_id': (1071,), 'entity_id': (1071,), 'residue_index': (1071,), 'deletion_matrix': (9384, 1071), 'seq_mask': (1071,), 'msa_mask': (9384, 1071), 'cluster_bias_mask': (9384,), 'pdb_residue_index': (1071,)}
I0130 23:28:01.619053 23453875570496 run_af2c_mod.py:270] Total JAX model model_4_multimer_v2_p1_230130_194782 predict time (includes compilation time): 2863.0 seconds
Info: IL1RAP-TIR_x2_MYD88_BDLD_47_x2_BDLD_47_x4 model_4_multimer_v2_p1_230130_194782_recycled_00,  tol =   inf, pLDDT = 63.73, pTM-score = 0.3140, piTM-score = 0.0374, interface-score = 0.0010, iRes = 14   iCnt = 10  
Info: IL1RAP-TIR_x2_MYD88_BDLD_47_x2_BDLD_47_x4 model_4_multimer_v2_p1_230130_194782_recycled_01,  tol = 113.24, pLDDT = 63.67, pTM-score = 0.2965, piTM-score = 0.0074, interface-score = 0.0001, iRes = 6    iCnt = 3   
Info: IL1RAP-TIR_x2_MYD88_BDLD_47_x2_BDLD_47_x4 model_4_multimer_v2_p1_230130_194782_recycled_02,  tol = 39.80, pLDDT = 63.47, pTM-score = 0.2848, piTM-score = 0.0379, interface-score = 0.0057, iRes = 18   iCnt = 10  
Info: IL1RAP-TIR_x2_MYD88_BDLD_47_x2_BDLD_47_x4 model_4_multimer_v2_p1_230130_194782_recycled_03,  tol = 49.69, pLDDT = 63.60, pTM-score = 0.3074, piTM-score = 0.2647, interface-score = 0.1676, iRes = 69   iCnt = 59  
Info: IL1RAP-TIR_x2_MYD88_BDLD_47_x2_BDLD_47_x4 model_4_multimer_v2_p1_230130_194782_recycled_04,  tol = 10.04, pLDDT = 63.55, pTM-score = 0.3035, piTM-score = 0.2492, interface-score = 0.1413, iRes = 49   iCnt = 36  
Info: IL1RAP-TIR_x2_MYD88_BDLD_47_x2_BDLD_47_x4 model_4_multimer_v2_p1_230130_194782_recycled_05,  tol =  2.59, pLDDT = 63.43, pTM-score = 0.2976, piTM-score = 0.2550, interface-score = 0.1464, iRes = 47   iCnt = 36  
Info: IL1RAP-TIR_x2_MYD88_BDLD_47_x2_BDLD_47_x4 model_4_multimer_v2_p1_230130_194782_recycled_06,  tol =  2.22, pLDDT = 63.71, pTM-score = 0.3064, piTM-score = 0.2530, interface-score = 0.1466, iRes = 50   iCnt = 36  
Info: IL1RAP-TIR_x2_MYD88_BDLD_47_x2_BDLD_47_x4 model_4_multimer_v2_p1_230130_194782_recycled_07,  tol =  2.34, pLDDT = 63.41, pTM-score = 0.3001, piTM-score = 0.2234, interface-score = 0.1036, iRes = 40   iCnt = 28  
Info: IL1RAP-TIR_x2_MYD88_BDLD_47_x2_BDLD_47_x4 model_4_multimer_v2_p1_230130_194782_recycled_08,  tol =  1.66, pLDDT = 62.90, pTM-score = 0.3019, piTM-score = 0.1596, interface-score = 0.0399, iRes = 28   iCnt = 18  
Info: IL1RAP-TIR_x2_MYD88_BDLD_47_x2_BDLD_47_x4 model_4_multimer_v2_p1_230130_194782_recycled_09,  tol =  1.65, pLDDT = 63.59, pTM-score = 0.3033, piTM-score = 0.2068, interface-score = 0.0850, iRes = 34   iCnt = 24  
Info: IL1RAP-TIR_x2_MYD88_BDLD_47_x2_BDLD_47_x4 model_4_multimer_v2_p1_230130_194782_recycled_10,  tol =  1.21, pLDDT = 63.07, pTM-score = 0.3030, piTM-score = 0.2056, interface-score = 0.0781, iRes = 32   iCnt = 23  
Info: IL1RAP-TIR_x2_MYD88_BDLD_47_x2_BDLD_47_x4 model_4_multimer_v2_p1_230130_194782_recycled_11,  tol =  1.74, pLDDT = 63.10, pTM-score = 0.2957, piTM-score = 0.2062, interface-score = 0.0775, iRes = 34   iCnt = 22  
Info: IL1RAP-TIR_x2_MYD88_BDLD_47_x2_BDLD_47_x4 model_4_multimer_v2_p1_230130_194782_recycled_12,  tol =  1.85, pLDDT = 63.10, pTM-score = 0.3028, piTM-score = 0.2035, interface-score = 0.0519, iRes = 30   iCnt = 19  
Info: IL1RAP-TIR_x2_MYD88_BDLD_47_x2_BDLD_47_x4 model_4_multimer_v2_p1_230130_194782_recycled_13,  tol =  2.06, pLDDT = 63.53, pTM-score = 0.3063, piTM-score = 0.2361, interface-score = 0.1121, iRes = 42   iCnt = 31  
Info: IL1RAP-TIR_x2_MYD88_BDLD_47_x2_BDLD_47_x4 model_4_multimer_v2_p1_230130_194782_recycled_14,  tol =  1.56, pLDDT = 63.03, pTM-score = 0.2991, piTM-score = 0.2252, interface-score = 0.1062, iRes = 42   iCnt = 31  
Info: IL1RAP-TIR_x2_MYD88_BDLD_47_x2_BDLD_47_x4 model_4_multimer_v2_p1_230130_194782_recycled_15,  tol =  1.88, pLDDT = 63.61, pTM-score = 0.3132, piTM-score = 0.2309, interface-score = 0.1146, iRes = 43   iCnt = 33  
Info: IL1RAP-TIR_x2_MYD88_BDLD_47_x2_BDLD_47_x4 model_4_multimer_v2_p1_230130_194782_recycled_16,  tol =  2.71, pLDDT = 63.11, pTM-score = 0.2950, piTM-score = 0.1971, interface-score = 0.0863, iRes = 38   iCnt = 25  
Info: IL1RAP-TIR_x2_MYD88_BDLD_47_x2_BDLD_47_x4 model_4_multimer_v2_p1_230130_194782_recycled_17,  tol =  4.31, pLDDT = 62.98, pTM-score = 0.2935, piTM-score = 0.1635, interface-score = 0.0711, iRes = 36   iCnt = 22  
Info: IL1RAP-TIR_x2_MYD88_BDLD_47_x2_BDLD_47_x4 model_4_multimer_v2_p1_230130_194782_recycled_18,  tol =  2.03, pLDDT = 63.03, pTM-score = 0.2933, piTM-score = 0.1720, interface-score = 0.0516, iRes = 29   iCnt = 19  
Info: IL1RAP-TIR_x2_MYD88_BDLD_47_x2_BDLD_47_x4 model_4_multimer_v2_p1_230130_194782_recycled_19,  tol =  1.48, pLDDT = 63.43, pTM-score = 0.2920, piTM-score = 0.1874, interface-score = 0.0650, iRes = 31   iCnt = 21  
Info: IL1RAP-TIR_x2_MYD88_BDLD_47_x2_BDLD_47_x4 model_4_multimer_v2_p1_230130_194782 performed 20 recycles, final tol = 2.44, pLDDT = 63.23, pTM-score = 0.3022, piTM-score = 0.2087, interface-score = 0.0864, iRes = 38   iCnt = 26  
Info: num_clusters = 8, cluster_sizes = [1, 1, 1, 1, 1, 1, 1, 1],  clusters = [['IL1AP-TIR_0'], ['IL1R-TIR_0'], ['MYD88_BDLD_47_0'], ['MYD88_BDLD_47_1'], ['BDLD_47_0'], ['BDLD_47_1'], ['BDLD_47_2'], ['BDLD_47_3']]

I0130 23:28:05.958400 23453875570496 run_af2c_mod.py:404] Final timings for IL1RAP-TIR_x2_MYD88_BDLD_47_x2_BDLD_47_x4: {'features': 1.43, 'process_features_model_4_multimer_v2_p1_230130_194782': 0.0, 'predict_and_compile_model_4_multimer_v2_p1_230130_194782': 2863.0}
                                  
================================= 
Global information about the job: 
================================= 
  
Job owner: flobnow(42847)
Job name:  4_AF2C
Node list: ravg1083
Job start: Mon Jan 30 22:40:02 CET 2023
Job end:   Mon Jan 30 23:28:08 CET 2023
Work dir:  /raven/u/flobnow/workingLama/scripts/myRuns/BDLD_47
Command:   /raven/u/flobnow/workingLama/scripts/myRuns/BDLD_47/script2_comp_model_4.sh
  
  
  
==========================================================================================
Information on jobsteps (Note: MaxRSS/AveRSS is the maximum/average over all 
tasks of the per-task memory high-water marks; cf. "man sacct"): 
==========================================================================================
  
JobID            JobName NNodes NTasks  NCPUS        0.00M        0.00M    Elapsed ExitCode
------------- ---------- ------ ------ ------ ------------ ------------ ---------- --------
4070702           4_AF2C      1           108                             00:48:06      0:0
4070702.0        python3      1      1    108    43340.73M    43340.73M   00:48:03      0:0
  
Maximum memory per node: 45.446054 GB (defined as MaxRSS*Ntasks/NNodes)
CPU utilization: 1.9 %
  
Info: input file name is BDLD_47
Info: input target list is /u/flobnow/workingLama/scripts/myRuns/BDLD_47/target.lst
Info: input feature directory is /u/flobnow/workingLama/feature_files
Info: result output directory is /u/flobnow/workingLama/output_files
Info: model preset is multimer_np
Info: msa pairing is all
Info: recycling setting is 1
Info: using preset super2
Info: set num_ensemble = 2
Info: set max_recyles = 20
Info: set recycle_tol = 0.1
Info: mas_pairing mode is all
I0130 23:32:10.732532 23304690157376 tpu_client.py:54] Starting the local TPU driver.
I0130 23:32:10.732918 23304690157376 xla_bridge.py:212] Unable to initialize backend 'tpu_driver': Not found: Unable to find driver in registry given worker: local://
I0130 23:32:11.094228 23304690157376 xla_bridge.py:212] Unable to initialize backend 'tpu': Invalid argument: TpuPlatform is not available.
I0130 23:32:13.945511 23304690157376 run_af2c_mod.py:481] Have 1 models: ['model_5_multimer_v2_p1']
Info: working on target IL1RAP-TIR_x2_MYD88_BDLD_47_x2_BDLD_47_x4
I0130 23:32:22.954800 23304690157376 run_af2c_mod.py:512] Using random seed 87000182775950095 for the data pipeline
Info: IL1RAP-TIR_x2_MYD88_BDLD_47_x2_BDLD_47_x4 found monomer IL1AP-TIR msa_depth = 9459, seq_len = 220, num_templ = 20
Info: IL1AP-TIR reducing the number of structural templates to 4
Info: IL1RAP-TIR_x2_MYD88_BDLD_47_x2_BDLD_47_x4 found monomer IL1R-TIR msa_depth = 5743, seq_len = 243, num_templ = 20
Info: IL1R-TIR reducing the number of structural templates to 4
Info: IL1RAP-TIR_x2_MYD88_BDLD_47_x2_BDLD_47_x4 found monomer MYD88_BDLD_47 msa_depth = 819, seq_len = 158, num_templ = 20
Info: MYD88_BDLD_47 reducing the number of structural templates to 4
Info: IL1RAP-TIR_x2_MYD88_BDLD_47_x2_BDLD_47_x4 found monomer BDLD_47 msa_depth = 462, seq_len = 73, num_templ = 20
Info: BDLD_47 reducing the number of structural templates to 4
Info: 8 chain(s) to model {'A': 'IL1AP-TIR_1', 'B': 'IL1R-TIR_1', 'C': 'MYD88_BDLD_47_1', 'D': 'MYD88_BDLD_47_1', 'E': 'BDLD_47_1', 'F': 'BDLD_47_1', 'G': 'BDLD_47_1', 'H': 'BDLD_47_1'}
Info: modeling IL1RAP-TIR_x2_MYD88_BDLD_47_x2_BDLD_47_x4 with msa_depth = 9384, seq_len = 1071, num_templ = 32
I0130 23:32:24.503290 23304690157376 run_af2c_mod.py:216] Running model model_5_multimer_v2_p1_230130_950095
I0130 23:32:24.503772 23304690157376 model.py:205] Running predict with shape(feat) = {'msa': (9384, 1071), 'bert_mask': (9384, 1071), 'num_alignments': (), 'aatype': (1071,), 'seq_length': (), 'template_aatype': (32, 1071), 'template_all_atom_mask': (32, 1071, 37), 'template_all_atom_positions': (32, 1071, 37, 3), 'all_atom_positions': (1071, 37, 3), 'template_domain_names': (32,), 'asym_id': (1071,), 'sym_id': (1071,), 'entity_id': (1071,), 'residue_index': (1071,), 'deletion_matrix': (9384, 1071), 'seq_mask': (1071,), 'msa_mask': (9384, 1071), 'cluster_bias_mask': (9384,), 'pdb_residue_index': (1071,)}
I0131 00:20:25.218745 23304690157376 run_af2c_mod.py:270] Total JAX model model_5_multimer_v2_p1_230130_950095 predict time (includes compilation time): 2880.7 seconds
Info: IL1RAP-TIR_x2_MYD88_BDLD_47_x2_BDLD_47_x4 model_5_multimer_v2_p1_230130_950095_recycled_00,  tol =   inf, pLDDT = 61.34, pTM-score = 0.2762, piTM-score = 0.0118, interface-score = 0.0000, iRes = 7    iCnt = 5   
Info: IL1RAP-TIR_x2_MYD88_BDLD_47_x2_BDLD_47_x4 model_5_multimer_v2_p1_230130_950095_recycled_01,  tol = 140.86, pLDDT = 63.64, pTM-score = 0.2810, piTM-score = 0.2159, interface-score = 0.0031, iRes = 25   iCnt = 52  
Info: IL1RAP-TIR_x2_MYD88_BDLD_47_x2_BDLD_47_x4 model_5_multimer_v2_p1_230130_950095_recycled_02,  tol = 46.03, pLDDT = 65.02, pTM-score = 0.3334, piTM-score = 0.2065, interface-score = 0.0771, iRes = 28   iCnt = 25  
Info: IL1RAP-TIR_x2_MYD88_BDLD_47_x2_BDLD_47_x4 model_5_multimer_v2_p1_230130_950095_recycled_03,  tol = 51.66, pLDDT = 65.28, pTM-score = 0.3524, piTM-score = 0.1293, interface-score = 0.0500, iRes = 22   iCnt = 20  
Info: IL1RAP-TIR_x2_MYD88_BDLD_47_x2_BDLD_47_x4 model_5_multimer_v2_p1_230130_950095_recycled_04,  tol = 63.38, pLDDT = 65.63, pTM-score = 0.3595, piTM-score = 0.2324, interface-score = 0.1075, iRes = 27   iCnt = 22  
Info: IL1RAP-TIR_x2_MYD88_BDLD_47_x2_BDLD_47_x4 model_5_multimer_v2_p1_230130_950095_recycled_05,  tol = 18.24, pLDDT = 66.09, pTM-score = 0.3633, piTM-score = 0.2585, interface-score = 0.1718, iRes = 37   iCnt = 31  
Info: IL1RAP-TIR_x2_MYD88_BDLD_47_x2_BDLD_47_x4 model_5_multimer_v2_p1_230130_950095_recycled_06,  tol = 11.56, pLDDT = 66.57, pTM-score = 0.3729, piTM-score = 0.2882, interface-score = 0.2480, iRes = 50   iCnt = 42  
Info: IL1RAP-TIR_x2_MYD88_BDLD_47_x2_BDLD_47_x4 model_5_multimer_v2_p1_230130_950095_recycled_07,  tol =  9.85, pLDDT = 66.82, pTM-score = 0.3757, piTM-score = 0.2736, interface-score = 0.2954, iRes = 54   iCnt = 45  
Info: IL1RAP-TIR_x2_MYD88_BDLD_47_x2_BDLD_47_x4 model_5_multimer_v2_p1_230130_950095_recycled_08,  tol =  4.90, pLDDT = 67.30, pTM-score = 0.3729, piTM-score = 0.2591, interface-score = 0.3396, iRes = 73   iCnt = 65  
Info: IL1RAP-TIR_x2_MYD88_BDLD_47_x2_BDLD_47_x4 model_5_multimer_v2_p1_230130_950095_recycled_09,  tol =  5.01, pLDDT = 67.72, pTM-score = 0.3732, piTM-score = 0.2501, interface-score = 0.3524, iRes = 77   iCnt = 69  
Info: IL1RAP-TIR_x2_MYD88_BDLD_47_x2_BDLD_47_x4 model_5_multimer_v2_p1_230130_950095_recycled_10,  tol =  2.38, pLDDT = 67.30, pTM-score = 0.3753, piTM-score = 0.2440, interface-score = 0.3529, iRes = 78   iCnt = 67  
Info: IL1RAP-TIR_x2_MYD88_BDLD_47_x2_BDLD_47_x4 model_5_multimer_v2_p1_230130_950095_recycled_11,  tol =  3.44, pLDDT = 67.75, pTM-score = 0.3788, piTM-score = 0.2864, interface-score = 0.3321, iRes = 66   iCnt = 57  
Info: IL1RAP-TIR_x2_MYD88_BDLD_47_x2_BDLD_47_x4 model_5_multimer_v2_p1_230130_950095_recycled_12,  tol =  3.23, pLDDT = 66.80, pTM-score = 0.3702, piTM-score = 0.3152, interface-score = 0.3016, iRes = 56   iCnt = 47  
Info: IL1RAP-TIR_x2_MYD88_BDLD_47_x2_BDLD_47_x4 model_5_multimer_v2_p1_230130_950095_recycled_13,  tol =  3.14, pLDDT = 66.99, pTM-score = 0.3721, piTM-score = 0.3042, interface-score = 0.3012, iRes = 51   iCnt = 43  
Info: IL1RAP-TIR_x2_MYD88_BDLD_47_x2_BDLD_47_x4 model_5_multimer_v2_p1_230130_950095_recycled_14,  tol =  2.24, pLDDT = 67.22, pTM-score = 0.3693, piTM-score = 0.2761, interface-score = 0.3061, iRes = 63   iCnt = 54  
Info: IL1RAP-TIR_x2_MYD88_BDLD_47_x2_BDLD_47_x4 model_5_multimer_v2_p1_230130_950095_recycled_15,  tol =  3.40, pLDDT = 67.08, pTM-score = 0.3733, piTM-score = 0.2664, interface-score = 0.3477, iRes = 69   iCnt = 61  
Info: IL1RAP-TIR_x2_MYD88_BDLD_47_x2_BDLD_47_x4 model_5_multimer_v2_p1_230130_950095_recycled_16,  tol =  2.60, pLDDT = 66.66, pTM-score = 0.3709, piTM-score = 0.2791, interface-score = 0.3266, iRes = 64   iCnt = 54  
Info: IL1RAP-TIR_x2_MYD88_BDLD_47_x2_BDLD_47_x4 model_5_multimer_v2_p1_230130_950095_recycled_17,  tol =  3.70, pLDDT = 66.90, pTM-score = 0.3692, piTM-score = 0.2893, interface-score = 0.3185, iRes = 61   iCnt = 52  
Info: IL1RAP-TIR_x2_MYD88_BDLD_47_x2_BDLD_47_x4 model_5_multimer_v2_p1_230130_950095_recycled_18,  tol =  4.86, pLDDT = 66.37, pTM-score = 0.3692, piTM-score = 0.3042, interface-score = 0.3285, iRes = 61   iCnt = 51  
Info: IL1RAP-TIR_x2_MYD88_BDLD_47_x2_BDLD_47_x4 model_5_multimer_v2_p1_230130_950095_recycled_19,  tol =  1.91, pLDDT = 66.84, pTM-score = 0.3745, piTM-score = 0.2769, interface-score = 0.3406, iRes = 65   iCnt = 55  
Info: IL1RAP-TIR_x2_MYD88_BDLD_47_x2_BDLD_47_x4 model_5_multimer_v2_p1_230130_950095 performed 20 recycles, final tol = 6.18, pLDDT = 66.90, pTM-score = 0.3793, piTM-score = 0.2775, interface-score = 0.3557, iRes = 71   iCnt = 63  
Info: num_clusters = 6, cluster_sizes = [2, 2, 1, 1, 1, 1],  clusters = [['IL1AP-TIR_0', 'IL1R-TIR_0'], ['MYD88_BDLD_47_0', 'BDLD_47_1'], ['MYD88_BDLD_47_1'], ['BDLD_47_0'], ['BDLD_47_2'], ['BDLD_47_3']]

I0131 00:20:29.475523 23304690157376 run_af2c_mod.py:404] Final timings for IL1RAP-TIR_x2_MYD88_BDLD_47_x2_BDLD_47_x4: {'features': 1.55, 'process_features_model_5_multimer_v2_p1_230130_950095': 0.0, 'predict_and_compile_model_5_multimer_v2_p1_230130_950095': 2880.7}
                                  
================================= 
Global information about the job: 
================================= 
  
Job owner: flobnow(42847)
Job name:  5_AF2C
Node list: ravg1090
Job start: Mon Jan 30 23:32:03 CET 2023
Job end:   Tue Jan 31 00:20:32 CET 2023
Work dir:  /raven/u/flobnow/workingLama/scripts/myRuns/BDLD_47
Command:   /raven/u/flobnow/workingLama/scripts/myRuns/BDLD_47/script2_comp_model_5.sh
  
  
  
==========================================================================================
Information on jobsteps (Note: MaxRSS/AveRSS is the maximum/average over all 
tasks of the per-task memory high-water marks; cf. "man sacct"): 
==========================================================================================
  
JobID            JobName NNodes NTasks  NCPUS        0.00M        0.00M    Elapsed ExitCode
------------- ---------- ------ ------ ------ ------------ ------------ ---------- --------
4070750           5_AF2C      1           108                             00:48:29      0:0
4070750.0        python3      1      1    108    43512.84M    43512.84M   00:48:28      0:0
  
Maximum memory per node: 45.626520 GB (defined as MaxRSS*Ntasks/NNodes)
CPU utilization: 1.9 %
  
Info: target file is /u/flobnow/workingLama/scripts/myRuns/BDLD_47/target.lst
Info: input directory of unrelaxed models is /u/flobnow/workingLama/output_files
Info: output directory of relaxed models is /u/flobnow/workingLama/output_files
/bin/sh: /mpcdf/soft/SLE_15/packages/x86_64/alphafold/2.2.0/lib/libtinfo.so.6: no version information available (required by /lib64/libreadline.so.7)
I0131 00:53:58.768292 22380848097088 run_af2c_min.py:88] IL1RAP-TIR_x2_MYD88_BDLD_47_x2_BDLD_47_x4 processing model_1_multimer_v2_p1_230130_494910.pdb
sh: /mpcdf/soft/SLE_15/packages/x86_64/alphafold/2.2.0/lib/libtinfo.so.6: no version information available (required by /lib64/libreadline.so.7)
sh: /mpcdf/soft/SLE_15/packages/x86_64/alphafold/2.2.0/lib/libtinfo.so.6: no version information available (required by /lib64/libreadline.so.7)
I0131 00:54:15.323925 22380848097088 amber_minimize.py:177] alterations info: {'nonstandard_residues': [], 'removed_heterogens': set(), 'missing_residues': {}, 'missing_heavy_atoms': {}, 'missing_terminals': {<Residue 219 (VAL) of chain 0>: ['OXT'], <Residue 462 (GLY) of chain 1>: ['OXT'], <Residue 620 (GLY) of chain 2>: ['OXT'], <Residue 778 (GLY) of chain 3>: ['OXT'], <Residue 851 (LEU) of chain 4>: ['OXT'], <Residue 924 (LEU) of chain 5>: ['OXT'], <Residue 997 (LEU) of chain 6>: ['OXT'], <Residue 1070 (LEU) of chain 7>: ['OXT']}, 'Se_in_MET': [], 'removed_chains': {0: []}}
I0131 00:54:17.020651 22380848097088 amber_minimize.py:408] Minimizing protein, attempt 1 of 100.
I0131 00:54:18.804934 22380848097088 amber_minimize.py:69] Restraining 8600 / 17316 particles.
sh: /mpcdf/soft/SLE_15/packages/x86_64/alphafold/2.2.0/lib/libtinfo.so.6: no version information available (required by /lib64/libreadline.so.7)
I0131 00:56:48.098124 22380848097088 amber_minimize.py:177] alterations info: {'nonstandard_residues': [], 'removed_heterogens': set(), 'missing_residues': {}, 'missing_heavy_atoms': {}, 'missing_terminals': {}, 'Se_in_MET': [], 'removed_chains': {0: []}}
I0131 00:56:49.821133 22380848097088 tpu_client.py:54] Starting the local TPU driver.
I0131 00:56:49.822928 22380848097088 xla_bridge.py:212] Unable to initialize backend 'tpu_driver': Not found: Unable to find driver in registry given worker: local://
I0131 00:56:50.034040 22380848097088 xla_bridge.py:212] Unable to initialize backend 'tpu': Invalid argument: TpuPlatform is not available.
I0131 00:57:03.202525 22380848097088 amber_minimize.py:500] Iteration completed: Einit 114900765578.29 Efinal -24290.91 Time 138.87 s num residue violations 2 num residue exclusions 0 
I0131 00:57:03.245922 22380848097088 amber_minimize.py:408] Minimizing protein, attempt 1 of 100.
I0131 00:57:04.934653 22380848097088 amber_minimize.py:69] Restraining 8585 / 17316 particles.
sh: /mpcdf/soft/SLE_15/packages/x86_64/alphafold/2.2.0/lib/libtinfo.so.6: no version information available (required by /lib64/libreadline.so.7)
I0131 01:00:13.297194 22380848097088 amber_minimize.py:177] alterations info: {'nonstandard_residues': [], 'removed_heterogens': set(), 'missing_residues': {}, 'missing_heavy_atoms': {}, 'missing_terminals': {}, 'Se_in_MET': [], 'removed_chains': {0: []}}
I0131 01:00:18.854580 22380848097088 amber_minimize.py:500] Iteration completed: Einit 17704.79 Efinal -27666.61 Time 178.11 s num residue violations 0 num residue exclusions 2 
sh: /mpcdf/soft/SLE_15/packages/x86_64/alphafold/2.2.0/lib/libtinfo.so.6: no version information available (required by /lib64/libreadline.so.7)
sh: /mpcdf/soft/SLE_15/packages/x86_64/alphafold/2.2.0/lib/libtinfo.so.6: no version information available (required by /lib64/libreadline.so.7)
I0131 01:00:31.817300 22380848097088 amber_minimize.py:177] alterations info: {'nonstandard_residues': [], 'removed_heterogens': set(), 'missing_residues': {}, 'missing_heavy_atoms': {}, 'missing_terminals': {<Residue 219 (VAL) of chain 0>: ['OXT'], <Residue 462 (GLY) of chain 1>: ['OXT'], <Residue 620 (GLY) of chain 2>: ['OXT'], <Residue 778 (GLY) of chain 3>: ['OXT'], <Residue 851 (LEU) of chain 4>: ['OXT'], <Residue 924 (LEU) of chain 5>: ['OXT'], <Residue 997 (LEU) of chain 6>: ['OXT'], <Residue 1070 (LEU) of chain 7>: ['OXT']}, 'Se_in_MET': [], 'removed_chains': {0: []}}
I0131 01:00:35.242143 22380848097088 run_af2c_min.py:110] IL1RAP-TIR_x2_MYD88_BDLD_47_x2_BDLD_47_x4 relaxation done, time spent 395.9 seconds, Efinal -27666.61, rmsd 0.39
I0131 01:00:35.242266 22380848097088 run_af2c_min.py:88] IL1RAP-TIR_x2_MYD88_BDLD_47_x2_BDLD_47_x4 processing model_5_multimer_v2_p1_230130_950095.pdb
sh: /mpcdf/soft/SLE_15/packages/x86_64/alphafold/2.2.0/lib/libtinfo.so.6: no version information available (required by /lib64/libreadline.so.7)
sh: /mpcdf/soft/SLE_15/packages/x86_64/alphafold/2.2.0/lib/libtinfo.so.6: no version information available (required by /lib64/libreadline.so.7)
I0131 01:00:47.793889 22380848097088 amber_minimize.py:177] alterations info: {'nonstandard_residues': [], 'removed_heterogens': set(), 'missing_residues': {}, 'missing_heavy_atoms': {}, 'missing_terminals': {<Residue 219 (VAL) of chain 0>: ['OXT'], <Residue 462 (GLY) of chain 1>: ['OXT'], <Residue 620 (GLY) of chain 2>: ['OXT'], <Residue 778 (GLY) of chain 3>: ['OXT'], <Residue 851 (LEU) of chain 4>: ['OXT'], <Residue 924 (LEU) of chain 5>: ['OXT'], <Residue 997 (LEU) of chain 6>: ['OXT'], <Residue 1070 (LEU) of chain 7>: ['OXT']}, 'Se_in_MET': [], 'removed_chains': {0: []}}
I0131 01:00:49.497553 22380848097088 amber_minimize.py:408] Minimizing protein, attempt 1 of 100.
I0131 01:00:51.157908 22380848097088 amber_minimize.py:69] Restraining 8600 / 17316 particles.
sh: /mpcdf/soft/SLE_15/packages/x86_64/alphafold/2.2.0/lib/libtinfo.so.6: no version information available (required by /lib64/libreadline.so.7)
I0131 01:03:05.865913 22380848097088 amber_minimize.py:177] alterations info: {'nonstandard_residues': [], 'removed_heterogens': set(), 'missing_residues': {}, 'missing_heavy_atoms': {}, 'missing_terminals': {}, 'Se_in_MET': [], 'removed_chains': {0: []}}
I0131 01:03:11.324682 22380848097088 amber_minimize.py:500] Iteration completed: Einit 562458395.31 Efinal -24012.66 Time 124.37 s num residue violations 8 num residue exclusions 0 
I0131 01:03:11.325533 22380848097088 amber_minimize.py:408] Minimizing protein, attempt 1 of 100.
I0131 01:03:13.049272 22380848097088 amber_minimize.py:69] Restraining 8538 / 17316 particles.
sh: /mpcdf/soft/SLE_15/packages/x86_64/alphafold/2.2.0/lib/libtinfo.so.6: no version information available (required by /lib64/libreadline.so.7)
I0131 01:05:09.908516 22380848097088 amber_minimize.py:177] alterations info: {'nonstandard_residues': [], 'removed_heterogens': set(), 'missing_residues': {}, 'missing_heavy_atoms': {}, 'missing_terminals': {}, 'Se_in_MET': [], 'removed_chains': {0: []}}
I0131 01:05:15.399542 22380848097088 amber_minimize.py:500] Iteration completed: Einit 33501.60 Efinal -27064.31 Time 106.69 s num residue violations 0 num residue exclusions 8 
sh: /mpcdf/soft/SLE_15/packages/x86_64/alphafold/2.2.0/lib/libtinfo.so.6: no version information available (required by /lib64/libreadline.so.7)
sh: /mpcdf/soft/SLE_15/packages/x86_64/alphafold/2.2.0/lib/libtinfo.so.6: no version information available (required by /lib64/libreadline.so.7)
I0131 01:05:27.782231 22380848097088 amber_minimize.py:177] alterations info: {'nonstandard_residues': [], 'removed_heterogens': set(), 'missing_residues': {}, 'missing_heavy_atoms': {}, 'missing_terminals': {<Residue 219 (VAL) of chain 0>: ['OXT'], <Residue 462 (GLY) of chain 1>: ['OXT'], <Residue 620 (GLY) of chain 2>: ['OXT'], <Residue 778 (GLY) of chain 3>: ['OXT'], <Residue 851 (LEU) of chain 4>: ['OXT'], <Residue 924 (LEU) of chain 5>: ['OXT'], <Residue 997 (LEU) of chain 6>: ['OXT'], <Residue 1070 (LEU) of chain 7>: ['OXT']}, 'Se_in_MET': [], 'removed_chains': {0: []}}
I0131 01:05:31.191060 22380848097088 run_af2c_min.py:110] IL1RAP-TIR_x2_MYD88_BDLD_47_x2_BDLD_47_x4 relaxation done, time spent 295.4 seconds, Efinal -27064.31, rmsd 0.40
I0131 01:05:31.191183 22380848097088 run_af2c_min.py:88] IL1RAP-TIR_x2_MYD88_BDLD_47_x2_BDLD_47_x4 processing model_4_multimer_v2_p1_230130_194782.pdb
sh: /mpcdf/soft/SLE_15/packages/x86_64/alphafold/2.2.0/lib/libtinfo.so.6: no version information available (required by /lib64/libreadline.so.7)
sh: /mpcdf/soft/SLE_15/packages/x86_64/alphafold/2.2.0/lib/libtinfo.so.6: no version information available (required by /lib64/libreadline.so.7)
I0131 01:05:43.686204 22380848097088 amber_minimize.py:177] alterations info: {'nonstandard_residues': [], 'removed_heterogens': set(), 'missing_residues': {}, 'missing_heavy_atoms': {}, 'missing_terminals': {<Residue 219 (VAL) of chain 0>: ['OXT'], <Residue 462 (GLY) of chain 1>: ['OXT'], <Residue 620 (GLY) of chain 2>: ['OXT'], <Residue 778 (GLY) of chain 3>: ['OXT'], <Residue 851 (LEU) of chain 4>: ['OXT'], <Residue 924 (LEU) of chain 5>: ['OXT'], <Residue 997 (LEU) of chain 6>: ['OXT'], <Residue 1070 (LEU) of chain 7>: ['OXT']}, 'Se_in_MET': [], 'removed_chains': {0: []}}
I0131 01:05:45.294777 22380848097088 amber_minimize.py:408] Minimizing protein, attempt 1 of 100.
I0131 01:05:46.994062 22380848097088 amber_minimize.py:69] Restraining 8600 / 17316 particles.
sh: /mpcdf/soft/SLE_15/packages/x86_64/alphafold/2.2.0/lib/libtinfo.so.6: no version information available (required by /lib64/libreadline.so.7)
I0131 01:09:59.640976 22380848097088 amber_minimize.py:177] alterations info: {'nonstandard_residues': [], 'removed_heterogens': set(), 'missing_residues': {}, 'missing_heavy_atoms': {}, 'missing_terminals': {}, 'Se_in_MET': [], 'removed_chains': {0: []}}
I0131 01:10:05.150178 22380848097088 amber_minimize.py:500] Iteration completed: Einit 198044763.24 Efinal -23109.59 Time 242.42 s num residue violations 0 num residue exclusions 0 
sh: /mpcdf/soft/SLE_15/packages/x86_64/alphafold/2.2.0/lib/libtinfo.so.6: no version information available (required by /lib64/libreadline.so.7)
sh: /mpcdf/soft/SLE_15/packages/x86_64/alphafold/2.2.0/lib/libtinfo.so.6: no version information available (required by /lib64/libreadline.so.7)
I0131 01:10:17.633733 22380848097088 amber_minimize.py:177] alterations info: {'nonstandard_residues': [], 'removed_heterogens': set(), 'missing_residues': {}, 'missing_heavy_atoms': {}, 'missing_terminals': {<Residue 219 (VAL) of chain 0>: ['OXT'], <Residue 462 (GLY) of chain 1>: ['OXT'], <Residue 620 (GLY) of chain 2>: ['OXT'], <Residue 778 (GLY) of chain 3>: ['OXT'], <Residue 851 (LEU) of chain 4>: ['OXT'], <Residue 924 (LEU) of chain 5>: ['OXT'], <Residue 997 (LEU) of chain 6>: ['OXT'], <Residue 1070 (LEU) of chain 7>: ['OXT']}, 'Se_in_MET': [], 'removed_chains': {0: []}}
I0131 01:10:21.005810 22380848097088 run_af2c_min.py:110] IL1RAP-TIR_x2_MYD88_BDLD_47_x2_BDLD_47_x4 relaxation done, time spent 289.3 seconds, Efinal -23109.59, rmsd 0.47
I0131 01:10:21.005933 22380848097088 run_af2c_min.py:88] IL1RAP-TIR_x2_MYD88_BDLD_47_x2_BDLD_47_x4 processing model_3_multimer_v2_p1_230130_399544.pdb
sh: /mpcdf/soft/SLE_15/packages/x86_64/alphafold/2.2.0/lib/libtinfo.so.6: no version information available (required by /lib64/libreadline.so.7)
sh: /mpcdf/soft/SLE_15/packages/x86_64/alphafold/2.2.0/lib/libtinfo.so.6: no version information available (required by /lib64/libreadline.so.7)
I0131 01:10:33.648736 22380848097088 amber_minimize.py:177] alterations info: {'nonstandard_residues': [], 'removed_heterogens': set(), 'missing_residues': {}, 'missing_heavy_atoms': {}, 'missing_terminals': {<Residue 219 (VAL) of chain 0>: ['OXT'], <Residue 462 (GLY) of chain 1>: ['OXT'], <Residue 620 (GLY) of chain 2>: ['OXT'], <Residue 778 (GLY) of chain 3>: ['OXT'], <Residue 851 (LEU) of chain 4>: ['OXT'], <Residue 924 (LEU) of chain 5>: ['OXT'], <Residue 997 (LEU) of chain 6>: ['OXT'], <Residue 1070 (LEU) of chain 7>: ['OXT']}, 'Se_in_MET': [], 'removed_chains': {0: []}}
I0131 01:10:35.284901 22380848097088 amber_minimize.py:408] Minimizing protein, attempt 1 of 100.
I0131 01:10:36.981297 22380848097088 amber_minimize.py:69] Restraining 8600 / 17316 particles.
sh: /mpcdf/soft/SLE_15/packages/x86_64/alphafold/2.2.0/lib/libtinfo.so.6: no version information available (required by /lib64/libreadline.so.7)
I0131 01:12:42.981685 22380848097088 amber_minimize.py:177] alterations info: {'nonstandard_residues': [], 'removed_heterogens': set(), 'missing_residues': {}, 'missing_heavy_atoms': {}, 'missing_terminals': {}, 'Se_in_MET': [], 'removed_chains': {0: []}}
I0131 01:12:48.460916 22380848097088 amber_minimize.py:500] Iteration completed: Einit 2484425.38 Efinal -24098.24 Time 115.67 s num residue violations 2 num residue exclusions 0 
I0131 01:12:48.461671 22380848097088 amber_minimize.py:408] Minimizing protein, attempt 1 of 100.
I0131 01:12:50.166392 22380848097088 amber_minimize.py:69] Restraining 8587 / 17316 particles.
sh: /mpcdf/soft/SLE_15/packages/x86_64/alphafold/2.2.0/lib/libtinfo.so.6: no version information available (required by /lib64/libreadline.so.7)
I0131 01:14:55.792280 22380848097088 amber_minimize.py:177] alterations info: {'nonstandard_residues': [], 'removed_heterogens': set(), 'missing_residues': {}, 'missing_heavy_atoms': {}, 'missing_terminals': {}, 'Se_in_MET': [], 'removed_chains': {0: []}}
I0131 01:15:01.404011 22380848097088 amber_minimize.py:500] Iteration completed: Einit 33336.48 Efinal -27109.38 Time 115.23 s num residue violations 2 num residue exclusions 2 
I0131 01:15:01.404885 22380848097088 amber_minimize.py:408] Minimizing protein, attempt 1 of 100.
I0131 01:15:03.151956 22380848097088 amber_minimize.py:69] Restraining 8572 / 17316 particles.
sh: /mpcdf/soft/SLE_15/packages/x86_64/alphafold/2.2.0/lib/libtinfo.so.6: no version information available (required by /lib64/libreadline.so.7)
I0131 01:16:53.247736 22380848097088 amber_minimize.py:177] alterations info: {'nonstandard_residues': [], 'removed_heterogens': set(), 'missing_residues': {}, 'missing_heavy_atoms': {}, 'missing_terminals': {}, 'Se_in_MET': [], 'removed_chains': {0: []}}
I0131 01:16:58.771459 22380848097088 amber_minimize.py:500] Iteration completed: Einit 27596.78 Efinal -28145.02 Time 99.84 s num residue violations 0 num residue exclusions 4 
sh: /mpcdf/soft/SLE_15/packages/x86_64/alphafold/2.2.0/lib/libtinfo.so.6: no version information available (required by /lib64/libreadline.so.7)
sh: /mpcdf/soft/SLE_15/packages/x86_64/alphafold/2.2.0/lib/libtinfo.so.6: no version information available (required by /lib64/libreadline.so.7)
I0131 01:17:11.140574 22380848097088 amber_minimize.py:177] alterations info: {'nonstandard_residues': [], 'removed_heterogens': set(), 'missing_residues': {}, 'missing_heavy_atoms': {}, 'missing_terminals': {<Residue 219 (VAL) of chain 0>: ['OXT'], <Residue 462 (GLY) of chain 1>: ['OXT'], <Residue 620 (GLY) of chain 2>: ['OXT'], <Residue 778 (GLY) of chain 3>: ['OXT'], <Residue 851 (LEU) of chain 4>: ['OXT'], <Residue 924 (LEU) of chain 5>: ['OXT'], <Residue 997 (LEU) of chain 6>: ['OXT'], <Residue 1070 (LEU) of chain 7>: ['OXT']}, 'Se_in_MET': [], 'removed_chains': {0: []}}
I0131 01:17:14.538507 22380848097088 run_af2c_min.py:110] IL1RAP-TIR_x2_MYD88_BDLD_47_x2_BDLD_47_x4 relaxation done, time spent 413.0 seconds, Efinal -28145.02, rmsd 0.38
I0131 01:17:14.538634 22380848097088 run_af2c_min.py:88] IL1RAP-TIR_x2_MYD88_BDLD_47_x2_BDLD_47_x4 processing model_2_multimer_v2_p1_230130_132281.pdb
sh: /mpcdf/soft/SLE_15/packages/x86_64/alphafold/2.2.0/lib/libtinfo.so.6: no version information available (required by /lib64/libreadline.so.7)
sh: /mpcdf/soft/SLE_15/packages/x86_64/alphafold/2.2.0/lib/libtinfo.so.6: no version information available (required by /lib64/libreadline.so.7)
I0131 01:17:27.580408 22380848097088 amber_minimize.py:177] alterations info: {'nonstandard_residues': [], 'removed_heterogens': set(), 'missing_residues': {}, 'missing_heavy_atoms': {}, 'missing_terminals': {<Residue 219 (VAL) of chain 0>: ['OXT'], <Residue 462 (GLY) of chain 1>: ['OXT'], <Residue 620 (GLY) of chain 2>: ['OXT'], <Residue 778 (GLY) of chain 3>: ['OXT'], <Residue 851 (LEU) of chain 4>: ['OXT'], <Residue 924 (LEU) of chain 5>: ['OXT'], <Residue 997 (LEU) of chain 6>: ['OXT'], <Residue 1070 (LEU) of chain 7>: ['OXT']}, 'Se_in_MET': [], 'removed_chains': {0: []}}
I0131 01:17:29.242993 22380848097088 amber_minimize.py:408] Minimizing protein, attempt 1 of 100.
I0131 01:17:30.927222 22380848097088 amber_minimize.py:69] Restraining 8600 / 17316 particles.
sh: /mpcdf/soft/SLE_15/packages/x86_64/alphafold/2.2.0/lib/libtinfo.so.6: no version information available (required by /lib64/libreadline.so.7)
I0131 01:19:59.608789 22380848097088 amber_minimize.py:177] alterations info: {'nonstandard_residues': [], 'removed_heterogens': set(), 'missing_residues': {}, 'missing_heavy_atoms': {}, 'missing_terminals': {}, 'Se_in_MET': [], 'removed_chains': {0: []}}
I0131 01:20:05.087840 22380848097088 amber_minimize.py:500] Iteration completed: Einit 175856589164.58 Efinal -21922.29 Time 138.05 s num residue violations 12 num residue exclusions 0 
I0131 01:20:05.088551 22380848097088 amber_minimize.py:408] Minimizing protein, attempt 1 of 100.
I0131 01:20:06.779049 22380848097088 amber_minimize.py:69] Restraining 8519 / 17316 particles.
sh: /mpcdf/soft/SLE_15/packages/x86_64/alphafold/2.2.0/lib/libtinfo.so.6: no version information available (required by /lib64/libreadline.so.7)
I0131 01:22:14.286791 22380848097088 amber_minimize.py:177] alterations info: {'nonstandard_residues': [], 'removed_heterogens': set(), 'missing_residues': {}, 'missing_heavy_atoms': {}, 'missing_terminals': {}, 'Se_in_MET': [], 'removed_chains': {0: []}}
I0131 01:22:19.790930 22380848097088 amber_minimize.py:500] Iteration completed: Einit 15272.67 Efinal -25580.98 Time 117.28 s num residue violations 4 num residue exclusions 12 
I0131 01:22:19.791813 22380848097088 amber_minimize.py:408] Minimizing protein, attempt 1 of 100.
I0131 01:22:21.530303 22380848097088 amber_minimize.py:69] Restraining 8519 / 17316 particles.
sh: /mpcdf/soft/SLE_15/packages/x86_64/alphafold/2.2.0/lib/libtinfo.so.6: no version information available (required by /lib64/libreadline.so.7)
I0131 01:24:50.067882 22380848097088 amber_minimize.py:177] alterations info: {'nonstandard_residues': [], 'removed_heterogens': set(), 'missing_residues': {}, 'missing_heavy_atoms': {}, 'missing_terminals': {}, 'Se_in_MET': [], 'removed_chains': {0: []}}
I0131 01:24:55.565091 22380848097088 amber_minimize.py:500] Iteration completed: Einit 24906.17 Efinal -26837.01 Time 138.40 s num residue violations 0 num residue exclusions 12 
sh: /mpcdf/soft/SLE_15/packages/x86_64/alphafold/2.2.0/lib/libtinfo.so.6: no version information available (required by /lib64/libreadline.so.7)
sh: /mpcdf/soft/SLE_15/packages/x86_64/alphafold/2.2.0/lib/libtinfo.so.6: no version information available (required by /lib64/libreadline.so.7)
I0131 01:25:08.374205 22380848097088 amber_minimize.py:177] alterations info: {'nonstandard_residues': [], 'removed_heterogens': set(), 'missing_residues': {}, 'missing_heavy_atoms': {}, 'missing_terminals': {<Residue 219 (VAL) of chain 0>: ['OXT'], <Residue 462 (GLY) of chain 1>: ['OXT'], <Residue 620 (GLY) of chain 2>: ['OXT'], <Residue 778 (GLY) of chain 3>: ['OXT'], <Residue 851 (LEU) of chain 4>: ['OXT'], <Residue 924 (LEU) of chain 5>: ['OXT'], <Residue 997 (LEU) of chain 6>: ['OXT'], <Residue 1070 (LEU) of chain 7>: ['OXT']}, 'Se_in_MET': [], 'removed_chains': {0: []}}
I0131 01:25:11.734632 22380848097088 run_af2c_min.py:110] IL1RAP-TIR_x2_MYD88_BDLD_47_x2_BDLD_47_x4 relaxation done, time spent 476.7 seconds, Efinal -26837.01, rmsd 0.39
                                  
================================= 
Global information about the job: 
================================= 
  
Job owner: flobnow(42847)
Job name:  6_RLX
Node list: ravg1176
Job start: Tue Jan 31 00:53:52 CET 2023
Job end:   Tue Jan 31 01:25:12 CET 2023
Work dir:  /raven/u/flobnow/workingLama/scripts/myRuns/BDLD_47
Command:   /raven/u/flobnow/workingLama/scripts/myRuns/BDLD_47/script3_relaxation.sh
  
  
  
==========================================================================================
Information on jobsteps (Note: MaxRSS/AveRSS is the maximum/average over all 
tasks of the per-task memory high-water marks; cf. "man sacct"): 
==========================================================================================
  
JobID            JobName NNodes NTasks  NCPUS        0.00M        0.00M    Elapsed ExitCode
------------- ---------- ------ ------ ------ ------------ ------------ ---------- --------
4070754            6_RLX      1           108                             00:31:20      0:0
4070754.0        python3      1      1    108    18910.79M    18910.79M   00:31:18      0:0
  
Maximum memory per node: 19.829404 GB (defined as MaxRSS*Ntasks/NNodes)
CPU utilization: 78.4 %
  
