Info: input file name is Q99LI8
Info: input target list is /u/flobnow/workingLama/scripts/myRuns/Q99LI8/target.lst
Info: input feature directory is /u/flobnow/workingLama/feature_files
Info: result output directory is /u/flobnow/workingLama/output_files
Info: model preset is multimer_np
Info: msa pairing is all
Info: recycling setting is 1
Info: using preset super2
Info: set num_ensemble = 2
Info: set max_recyles = 20
Info: set recycle_tol = 0.1
Info: mas_pairing mode is all
I0309 06:44:10.750946 22993729308480 tpu_client.py:54] Starting the local TPU driver.
I0309 06:44:10.753056 22993729308480 xla_bridge.py:212] Unable to initialize backend 'tpu_driver': Not found: Unable to find driver in registry given worker: local://
I0309 06:44:11.108788 22993729308480 xla_bridge.py:212] Unable to initialize backend 'tpu': Invalid argument: TpuPlatform is not available.
I0309 06:44:13.881910 22993729308480 run_af2c_mod.py:481] Have 1 models: ['model_1_multimer_v2_p1']
Info: working on target MYD88_Q99LI8_x1
I0309 06:44:19.888145 22993729308480 run_af2c_mod.py:512] Using random seed 3529297513842702820 for the data pipeline
Info: MYD88_Q99LI8_x1 found monomer MYD88_MOUSE msa_depth = 3425, seq_len = 296, num_templ = 20
Info: MYD88_MOUSE reducing the number of structural templates to 4
Info: MYD88_Q99LI8_x1 found monomer Q99LI8 msa_depth = 28931, seq_len = 775, num_templ = 20
Info: Q99LI8 MSA size is too large, reducing to 10000
Info: Q99LI8 reducing the number of structural templates to 4
Info: 2 chain(s) to model {'A': 'MYD88_MOUSE_1', 'B': 'Q99LI8_1'}
Info: modeling MYD88_Q99LI8_x1 with msa_depth = 6914, seq_len = 1071, num_templ = 8
I0309 06:44:21.624812 22993729308480 run_af2c_mod.py:216] Running model model_1_multimer_v2_p1_230309_702820
I0309 06:44:21.625279 22993729308480 model.py:205] Running predict with shape(feat) = {'msa': (6914, 1071), 'bert_mask': (6914, 1071), 'num_alignments': (), 'aatype': (1071,), 'seq_length': (), 'template_aatype': (8, 1071), 'template_all_atom_mask': (8, 1071, 37), 'template_all_atom_positions': (8, 1071, 37, 3), 'all_atom_positions': (1071, 37, 3), 'template_domain_names': (8,), 'asym_id': (1071,), 'sym_id': (1071,), 'entity_id': (1071,), 'residue_index': (1071,), 'deletion_matrix': (6914, 1071), 'seq_mask': (1071,), 'msa_mask': (6914, 1071), 'cluster_bias_mask': (6914,), 'pdb_residue_index': (1071,)}
I0309 07:13:05.106742 22993729308480 run_af2c_mod.py:270] Total JAX model model_1_multimer_v2_p1_230309_702820 predict time (includes compilation time): 1723.5 seconds
Info: MYD88_Q99LI8_x1 model_1_multimer_v2_p1_230309_702820_recycled_00,  tol =   inf, pLDDT = 57.51, pTM-score = 0.2506, piTM-score = 0.0000, interface-score = 0.0000, iRes = 0    iCnt = 0   
Info: MYD88_Q99LI8_x1 model_1_multimer_v2_p1_230309_702820_recycled_01,  tol = 148.79, pLDDT = 59.17, pTM-score = 0.2541, piTM-score = 0.0000, interface-score = 0.0000, iRes = 0    iCnt = 0   
Info: MYD88_Q99LI8_x1 model_1_multimer_v2_p1_230309_702820_recycled_02,  tol = 32.97, pLDDT = 60.15, pTM-score = 0.2566, piTM-score = 0.0000, interface-score = 0.0000, iRes = 0    iCnt = 0   
Info: MYD88_Q99LI8_x1 model_1_multimer_v2_p1_230309_702820_recycled_03,  tol = 23.19, pLDDT = 60.53, pTM-score = 0.2589, piTM-score = 0.0000, interface-score = 0.0000, iRes = 0    iCnt = 0   
Info: MYD88_Q99LI8_x1 model_1_multimer_v2_p1_230309_702820_recycled_04,  tol = 17.16, pLDDT = 60.61, pTM-score = 0.2598, piTM-score = 0.0000, interface-score = 0.0000, iRes = 0    iCnt = 0   
Info: MYD88_Q99LI8_x1 model_1_multimer_v2_p1_230309_702820_recycled_05,  tol = 20.71, pLDDT = 60.79, pTM-score = 0.2619, piTM-score = 0.0000, interface-score = 0.0000, iRes = 0    iCnt = 0   
Info: MYD88_Q99LI8_x1 model_1_multimer_v2_p1_230309_702820_recycled_06,  tol = 10.03, pLDDT = 61.03, pTM-score = 0.2629, piTM-score = 0.0000, interface-score = 0.0000, iRes = 0    iCnt = 0   
Info: MYD88_Q99LI8_x1 model_1_multimer_v2_p1_230309_702820_recycled_07,  tol =  7.98, pLDDT = 61.22, pTM-score = 0.2640, piTM-score = 0.0000, interface-score = 0.0000, iRes = 0    iCnt = 0   
Info: MYD88_Q99LI8_x1 model_1_multimer_v2_p1_230309_702820_recycled_08,  tol =  7.55, pLDDT = 60.94, pTM-score = 0.2642, piTM-score = 0.0000, interface-score = 0.0000, iRes = 0    iCnt = 0   
Info: MYD88_Q99LI8_x1 model_1_multimer_v2_p1_230309_702820_recycled_09,  tol =  6.77, pLDDT = 61.05, pTM-score = 0.2650, piTM-score = 0.0000, interface-score = 0.0000, iRes = 0    iCnt = 0   
Info: MYD88_Q99LI8_x1 model_1_multimer_v2_p1_230309_702820_recycled_10,  tol =  6.71, pLDDT = 61.36, pTM-score = 0.2656, piTM-score = 0.0000, interface-score = 0.0000, iRes = 0    iCnt = 0   
Info: MYD88_Q99LI8_x1 model_1_multimer_v2_p1_230309_702820_recycled_11,  tol =  6.91, pLDDT = 61.05, pTM-score = 0.2647, piTM-score = 0.0000, interface-score = 0.0000, iRes = 0    iCnt = 0   
Info: MYD88_Q99LI8_x1 model_1_multimer_v2_p1_230309_702820_recycled_12,  tol = 10.85, pLDDT = 61.06, pTM-score = 0.2647, piTM-score = 0.0000, interface-score = 0.0000, iRes = 0    iCnt = 0   
Info: MYD88_Q99LI8_x1 model_1_multimer_v2_p1_230309_702820_recycled_13,  tol =  8.51, pLDDT = 61.30, pTM-score = 0.2645, piTM-score = 0.0000, interface-score = 0.0000, iRes = 0    iCnt = 0   
Info: MYD88_Q99LI8_x1 model_1_multimer_v2_p1_230309_702820_recycled_14,  tol = 20.22, pLDDT = 61.47, pTM-score = 0.2652, piTM-score = 0.0000, interface-score = 0.0000, iRes = 0    iCnt = 0   
Info: MYD88_Q99LI8_x1 model_1_multimer_v2_p1_230309_702820_recycled_15,  tol =  9.71, pLDDT = 61.27, pTM-score = 0.2667, piTM-score = 0.0000, interface-score = 0.0000, iRes = 0    iCnt = 0   
Info: MYD88_Q99LI8_x1 model_1_multimer_v2_p1_230309_702820_recycled_16,  tol = 22.62, pLDDT = 61.41, pTM-score = 0.2663, piTM-score = 0.0000, interface-score = 0.0000, iRes = 0    iCnt = 0   
Info: MYD88_Q99LI8_x1 model_1_multimer_v2_p1_230309_702820_recycled_17,  tol = 20.65, pLDDT = 60.99, pTM-score = 0.2667, piTM-score = 0.0000, interface-score = 0.0000, iRes = 0    iCnt = 0   
Info: MYD88_Q99LI8_x1 model_1_multimer_v2_p1_230309_702820_recycled_18,  tol =  5.75, pLDDT = 60.93, pTM-score = 0.2659, piTM-score = 0.0000, interface-score = 0.0000, iRes = 0    iCnt = 0   
Info: MYD88_Q99LI8_x1 model_1_multimer_v2_p1_230309_702820_recycled_19,  tol = 20.28, pLDDT = 61.09, pTM-score = 0.2670, piTM-score = 0.0000, interface-score = 0.0000, iRes = 0    iCnt = 0   
Info: MYD88_Q99LI8_x1 model_1_multimer_v2_p1_230309_702820 performed 20 recycles, final tol = 6.89, pLDDT = 61.02, pTM-score = 0.2662, piTM-score = 0.0000, interface-score = 0.0000, iRes = 0    iCnt = 0   
Info: num_clusters = 2, cluster_sizes = [1, 1],  clusters = [['MYD88_MOUSE_0'], ['Q99LI8_0']]

I0309 07:13:09.332985 22993729308480 run_af2c_mod.py:404] Final timings for MYD88_Q99LI8_x1: {'features': 1.73, 'process_features_model_1_multimer_v2_p1_230309_702820': 0.0, 'predict_and_compile_model_1_multimer_v2_p1_230309_702820': 1723.5}
                                  
================================= 
Global information about the job: 
================================= 
  
Job owner: flobnow(42847)
Job name:  1_AF2C
Node list: ravg1027
Job start: Thu Mar  9 06:44:00 CET 2023
Job end:   Thu Mar  9 07:13:11 CET 2023
Work dir:  /raven/u/flobnow/workingLama/scripts/myRuns/Q99LI8
Command:   /raven/u/flobnow/workingLama/scripts/myRuns/Q99LI8/script2_comp_model_1.sh
  
  
  
==========================================================================================
Information on jobsteps (Note: MaxRSS/AveRSS is the maximum/average over all 
tasks of the per-task memory high-water marks; cf. "man sacct"): 
==========================================================================================
  
JobID            JobName NNodes NTasks  NCPUS        0.00M        0.00M    Elapsed ExitCode
------------- ---------- ------ ------ ------ ------------ ------------ ---------- --------
4385304           1_AF2C      1           108                             00:29:11      0:0
4385304.0        python3      1      1    108    31630.10M    31630.10M   00:29:08      0:0
  
Maximum memory per node: 33.166565 GB (defined as MaxRSS*Ntasks/NNodes)
CPU utilization: 1.9 %
  
Info: input file name is Q99LI8
Info: input target list is /u/flobnow/workingLama/scripts/myRuns/Q99LI8/target.lst
Info: input feature directory is /u/flobnow/workingLama/feature_files
Info: result output directory is /u/flobnow/workingLama/output_files
Info: model preset is multimer_np
Info: msa pairing is all
Info: recycling setting is 1
Info: using preset super2
Info: set num_ensemble = 2
Info: set max_recyles = 20
Info: set recycle_tol = 0.1
Info: mas_pairing mode is all
I0309 09:38:32.883264 23158830237504 tpu_client.py:54] Starting the local TPU driver.
I0309 09:38:32.883604 23158830237504 xla_bridge.py:212] Unable to initialize backend 'tpu_driver': Not found: Unable to find driver in registry given worker: local://
I0309 09:38:33.262437 23158830237504 xla_bridge.py:212] Unable to initialize backend 'tpu': Invalid argument: TpuPlatform is not available.
I0309 09:38:36.014398 23158830237504 run_af2c_mod.py:481] Have 1 models: ['model_2_multimer_v2_p1']
Info: working on target MYD88_Q99LI8_x1
I0309 09:38:45.023628 23158830237504 run_af2c_mod.py:512] Using random seed 8225753326105373016 for the data pipeline
Info: MYD88_Q99LI8_x1 found monomer MYD88_MOUSE msa_depth = 3425, seq_len = 296, num_templ = 20
Info: MYD88_MOUSE reducing the number of structural templates to 4
Info: MYD88_Q99LI8_x1 found monomer Q99LI8 msa_depth = 28931, seq_len = 775, num_templ = 20
Info: Q99LI8 MSA size is too large, reducing to 10000
Info: Q99LI8 reducing the number of structural templates to 4
Info: 2 chain(s) to model {'A': 'MYD88_MOUSE_1', 'B': 'Q99LI8_1'}
Info: modeling MYD88_Q99LI8_x1 with msa_depth = 6914, seq_len = 1071, num_templ = 8
I0309 09:38:46.765587 23158830237504 run_af2c_mod.py:216] Running model model_2_multimer_v2_p1_230309_373016
I0309 09:38:46.766067 23158830237504 model.py:205] Running predict with shape(feat) = {'msa': (6914, 1071), 'bert_mask': (6914, 1071), 'num_alignments': (), 'aatype': (1071,), 'seq_length': (), 'template_aatype': (8, 1071), 'template_all_atom_mask': (8, 1071, 37), 'template_all_atom_positions': (8, 1071, 37, 3), 'all_atom_positions': (1071, 37, 3), 'template_domain_names': (8,), 'asym_id': (1071,), 'sym_id': (1071,), 'entity_id': (1071,), 'residue_index': (1071,), 'deletion_matrix': (6914, 1071), 'seq_mask': (1071,), 'msa_mask': (6914, 1071), 'cluster_bias_mask': (6914,), 'pdb_residue_index': (1071,)}
I0309 10:07:35.360137 23158830237504 run_af2c_mod.py:270] Total JAX model model_2_multimer_v2_p1_230309_373016 predict time (includes compilation time): 1728.6 seconds
Info: MYD88_Q99LI8_x1 model_2_multimer_v2_p1_230309_373016_recycled_00,  tol =   inf, pLDDT = 58.03, pTM-score = 0.2510, piTM-score = 0.0000, interface-score = 0.0000, iRes = 0    iCnt = 0   
Info: MYD88_Q99LI8_x1 model_2_multimer_v2_p1_230309_373016_recycled_01,  tol = 121.09, pLDDT = 58.84, pTM-score = 0.2561, piTM-score = 0.0000, interface-score = 0.0000, iRes = 0    iCnt = 0   
Info: MYD88_Q99LI8_x1 model_2_multimer_v2_p1_230309_373016_recycled_02,  tol = 25.76, pLDDT = 59.21, pTM-score = 0.2592, piTM-score = 0.0000, interface-score = 0.0000, iRes = 0    iCnt = 0   
Info: MYD88_Q99LI8_x1 model_2_multimer_v2_p1_230309_373016_recycled_03,  tol = 15.23, pLDDT = 59.08, pTM-score = 0.2607, piTM-score = 0.0000, interface-score = 0.0000, iRes = 0    iCnt = 0   
Info: MYD88_Q99LI8_x1 model_2_multimer_v2_p1_230309_373016_recycled_04,  tol = 15.56, pLDDT = 59.23, pTM-score = 0.2640, piTM-score = 0.0000, interface-score = 0.0000, iRes = 0    iCnt = 0   
Info: MYD88_Q99LI8_x1 model_2_multimer_v2_p1_230309_373016_recycled_05,  tol = 14.89, pLDDT = 59.18, pTM-score = 0.2637, piTM-score = 0.0000, interface-score = 0.0000, iRes = 0    iCnt = 0   
Info: MYD88_Q99LI8_x1 model_2_multimer_v2_p1_230309_373016_recycled_06,  tol = 12.73, pLDDT = 59.20, pTM-score = 0.2642, piTM-score = 0.0000, interface-score = 0.0000, iRes = 0    iCnt = 0   
Info: MYD88_Q99LI8_x1 model_2_multimer_v2_p1_230309_373016_recycled_07,  tol =  8.99, pLDDT = 59.21, pTM-score = 0.2627, piTM-score = 0.0000, interface-score = 0.0000, iRes = 0    iCnt = 0   
Info: MYD88_Q99LI8_x1 model_2_multimer_v2_p1_230309_373016_recycled_08,  tol = 14.33, pLDDT = 59.52, pTM-score = 0.2616, piTM-score = 0.0000, interface-score = 0.0000, iRes = 0    iCnt = 0   
Info: MYD88_Q99LI8_x1 model_2_multimer_v2_p1_230309_373016_recycled_09,  tol = 15.15, pLDDT = 59.37, pTM-score = 0.2626, piTM-score = 0.0000, interface-score = 0.0000, iRes = 0    iCnt = 0   
Info: MYD88_Q99LI8_x1 model_2_multimer_v2_p1_230309_373016_recycled_10,  tol =  8.12, pLDDT = 58.96, pTM-score = 0.2640, piTM-score = 0.0000, interface-score = 0.0000, iRes = 0    iCnt = 0   
Info: MYD88_Q99LI8_x1 model_2_multimer_v2_p1_230309_373016_recycled_11,  tol =  8.70, pLDDT = 59.27, pTM-score = 0.2641, piTM-score = 0.0000, interface-score = 0.0000, iRes = 0    iCnt = 0   
Info: MYD88_Q99LI8_x1 model_2_multimer_v2_p1_230309_373016_recycled_12,  tol = 34.27, pLDDT = 59.53, pTM-score = 0.2638, piTM-score = 0.0000, interface-score = 0.0000, iRes = 0    iCnt = 0   
Info: MYD88_Q99LI8_x1 model_2_multimer_v2_p1_230309_373016_recycled_13,  tol = 14.93, pLDDT = 59.43, pTM-score = 0.2638, piTM-score = 0.0000, interface-score = 0.0000, iRes = 0    iCnt = 0   
Info: MYD88_Q99LI8_x1 model_2_multimer_v2_p1_230309_373016_recycled_14,  tol = 16.63, pLDDT = 59.34, pTM-score = 0.2647, piTM-score = 0.0000, interface-score = 0.0000, iRes = 0    iCnt = 0   
Info: MYD88_Q99LI8_x1 model_2_multimer_v2_p1_230309_373016_recycled_15,  tol = 11.23, pLDDT = 59.63, pTM-score = 0.2654, piTM-score = 0.0000, interface-score = 0.0000, iRes = 0    iCnt = 0   
Info: MYD88_Q99LI8_x1 model_2_multimer_v2_p1_230309_373016_recycled_16,  tol = 15.25, pLDDT = 59.39, pTM-score = 0.2650, piTM-score = 0.0000, interface-score = 0.0000, iRes = 0    iCnt = 0   
Info: MYD88_Q99LI8_x1 model_2_multimer_v2_p1_230309_373016_recycled_17,  tol = 21.69, pLDDT = 59.87, pTM-score = 0.2661, piTM-score = 0.0000, interface-score = 0.0000, iRes = 0    iCnt = 0   
Info: MYD88_Q99LI8_x1 model_2_multimer_v2_p1_230309_373016_recycled_18,  tol = 16.86, pLDDT = 59.74, pTM-score = 0.2664, piTM-score = 0.0000, interface-score = 0.0000, iRes = 0    iCnt = 0   
Info: MYD88_Q99LI8_x1 model_2_multimer_v2_p1_230309_373016_recycled_19,  tol = 12.94, pLDDT = 59.85, pTM-score = 0.2670, piTM-score = 0.0000, interface-score = 0.0000, iRes = 0    iCnt = 0   
Info: MYD88_Q99LI8_x1 model_2_multimer_v2_p1_230309_373016 performed 20 recycles, final tol = 9.73, pLDDT = 59.86, pTM-score = 0.2669, piTM-score = 0.0000, interface-score = 0.0000, iRes = 0    iCnt = 0   
Info: num_clusters = 2, cluster_sizes = [1, 1],  clusters = [['MYD88_MOUSE_0'], ['Q99LI8_0']]

I0309 10:07:39.982832 23158830237504 run_af2c_mod.py:404] Final timings for MYD88_Q99LI8_x1: {'features': 1.74, 'process_features_model_2_multimer_v2_p1_230309_373016': 0.0, 'predict_and_compile_model_2_multimer_v2_p1_230309_373016': 1728.6}
                                  
================================= 
Global information about the job: 
================================= 
  
Job owner: flobnow(42847)
Job name:  2_AF2C
Node list: ravg1103
Job start: Thu Mar  9 09:38:18 CET 2023
Job end:   Thu Mar  9 10:07:42 CET 2023
Work dir:  /raven/u/flobnow/workingLama/scripts/myRuns/Q99LI8
Command:   /raven/u/flobnow/workingLama/scripts/myRuns/Q99LI8/script2_comp_model_2.sh
  
  
  
==========================================================================================
Information on jobsteps (Note: MaxRSS/AveRSS is the maximum/average over all 
tasks of the per-task memory high-water marks; cf. "man sacct"): 
==========================================================================================
  
JobID            JobName NNodes NTasks  NCPUS        0.00M        0.00M    Elapsed ExitCode
------------- ---------- ------ ------ ------ ------------ ------------ ---------- --------
4385405           2_AF2C      1           108                             00:29:24      0:0
4385405.0        python3      1      1    108    31244.96M    31244.96M   00:29:20      0:0
  
Maximum memory per node: 32.762712 GB (defined as MaxRSS*Ntasks/NNodes)
CPU utilization: 1.9 %
  
Info: input file name is Q99LI8
Info: input target list is /u/flobnow/workingLama/scripts/myRuns/Q99LI8/target.lst
Info: input feature directory is /u/flobnow/workingLama/feature_files
Info: result output directory is /u/flobnow/workingLama/output_files
Info: model preset is multimer_np
Info: msa pairing is all
Info: recycling setting is 1
Info: using preset super2
Info: set num_ensemble = 2
Info: set max_recyles = 20
Info: set recycle_tol = 0.1
Info: mas_pairing mode is all
I0309 10:01:59.308954 23093202528064 tpu_client.py:54] Starting the local TPU driver.
I0309 10:01:59.309334 23093202528064 xla_bridge.py:212] Unable to initialize backend 'tpu_driver': Not found: Unable to find driver in registry given worker: local://
I0309 10:01:59.667630 23093202528064 xla_bridge.py:212] Unable to initialize backend 'tpu': Invalid argument: TpuPlatform is not available.
I0309 10:02:02.470828 23093202528064 run_af2c_mod.py:481] Have 1 models: ['model_3_multimer_v2_p1']
Info: working on target MYD88_Q99LI8_x1
I0309 10:02:05.474151 23093202528064 run_af2c_mod.py:512] Using random seed 9212796032267639696 for the data pipeline
Info: MYD88_Q99LI8_x1 found monomer MYD88_MOUSE msa_depth = 3425, seq_len = 296, num_templ = 20
Info: MYD88_MOUSE reducing the number of structural templates to 4
Info: MYD88_Q99LI8_x1 found monomer Q99LI8 msa_depth = 28931, seq_len = 775, num_templ = 20
Info: Q99LI8 MSA size is too large, reducing to 10000
Info: Q99LI8 reducing the number of structural templates to 4
Info: 2 chain(s) to model {'A': 'MYD88_MOUSE_1', 'B': 'Q99LI8_1'}
Info: modeling MYD88_Q99LI8_x1 with msa_depth = 6914, seq_len = 1071, num_templ = 8
I0309 10:02:07.269556 23093202528064 run_af2c_mod.py:216] Running model model_3_multimer_v2_p1_230309_639696
I0309 10:02:07.270029 23093202528064 model.py:205] Running predict with shape(feat) = {'msa': (6914, 1071), 'bert_mask': (6914, 1071), 'num_alignments': (), 'aatype': (1071,), 'seq_length': (), 'template_aatype': (8, 1071), 'template_all_atom_mask': (8, 1071, 37), 'template_all_atom_positions': (8, 1071, 37, 3), 'all_atom_positions': (1071, 37, 3), 'template_domain_names': (8,), 'asym_id': (1071,), 'sym_id': (1071,), 'entity_id': (1071,), 'residue_index': (1071,), 'deletion_matrix': (6914, 1071), 'seq_mask': (1071,), 'msa_mask': (6914, 1071), 'cluster_bias_mask': (6914,), 'pdb_residue_index': (1071,)}
I0309 10:30:41.637675 23093202528064 run_af2c_mod.py:270] Total JAX model model_3_multimer_v2_p1_230309_639696 predict time (includes compilation time): 1714.4 seconds
Info: MYD88_Q99LI8_x1 model_3_multimer_v2_p1_230309_639696_recycled_00,  tol =   inf, pLDDT = 59.61, pTM-score = 0.2659, piTM-score = 0.0000, interface-score = 0.0000, iRes = 0    iCnt = 0   
Info: MYD88_Q99LI8_x1 model_3_multimer_v2_p1_230309_639696_recycled_01,  tol = 158.53, pLDDT = 58.75, pTM-score = 0.2548, piTM-score = 0.0000, interface-score = 0.0000, iRes = 0    iCnt = 0   
Info: MYD88_Q99LI8_x1 model_3_multimer_v2_p1_230309_639696_recycled_02,  tol = 26.75, pLDDT = 58.77, pTM-score = 0.2603, piTM-score = 0.0000, interface-score = 0.0000, iRes = 0    iCnt = 0   
Info: MYD88_Q99LI8_x1 model_3_multimer_v2_p1_230309_639696_recycled_03,  tol = 15.51, pLDDT = 59.19, pTM-score = 0.2636, piTM-score = 0.0000, interface-score = 0.0000, iRes = 0    iCnt = 0   
Info: MYD88_Q99LI8_x1 model_3_multimer_v2_p1_230309_639696_recycled_04,  tol = 31.25, pLDDT = 59.15, pTM-score = 0.2626, piTM-score = 0.0000, interface-score = 0.0000, iRes = 0    iCnt = 0   
Info: MYD88_Q99LI8_x1 model_3_multimer_v2_p1_230309_639696_recycled_05,  tol = 31.95, pLDDT = 59.29, pTM-score = 0.2621, piTM-score = 0.0000, interface-score = 0.0000, iRes = 0    iCnt = 0   
Info: MYD88_Q99LI8_x1 model_3_multimer_v2_p1_230309_639696_recycled_06,  tol = 14.27, pLDDT = 59.45, pTM-score = 0.2654, piTM-score = 0.0000, interface-score = 0.0000, iRes = 0    iCnt = 0   
Info: MYD88_Q99LI8_x1 model_3_multimer_v2_p1_230309_639696_recycled_07,  tol = 15.12, pLDDT = 59.02, pTM-score = 0.2611, piTM-score = 0.0000, interface-score = 0.0000, iRes = 0    iCnt = 0   
Info: MYD88_Q99LI8_x1 model_3_multimer_v2_p1_230309_639696_recycled_08,  tol =  7.05, pLDDT = 59.10, pTM-score = 0.2635, piTM-score = 0.0000, interface-score = 0.0000, iRes = 0    iCnt = 0   
Info: MYD88_Q99LI8_x1 model_3_multimer_v2_p1_230309_639696_recycled_09,  tol = 10.88, pLDDT = 59.32, pTM-score = 0.2605, piTM-score = 0.0000, interface-score = 0.0000, iRes = 0    iCnt = 0   
Info: MYD88_Q99LI8_x1 model_3_multimer_v2_p1_230309_639696_recycled_10,  tol = 13.44, pLDDT = 59.30, pTM-score = 0.2612, piTM-score = 0.0000, interface-score = 0.0000, iRes = 0    iCnt = 0   
Info: MYD88_Q99LI8_x1 model_3_multimer_v2_p1_230309_639696_recycled_11,  tol = 13.09, pLDDT = 59.38, pTM-score = 0.2607, piTM-score = 0.0000, interface-score = 0.0000, iRes = 0    iCnt = 0   
Info: MYD88_Q99LI8_x1 model_3_multimer_v2_p1_230309_639696_recycled_12,  tol = 10.43, pLDDT = 59.42, pTM-score = 0.2600, piTM-score = 0.0000, interface-score = 0.0000, iRes = 0    iCnt = 0   
Info: MYD88_Q99LI8_x1 model_3_multimer_v2_p1_230309_639696_recycled_13,  tol =  8.74, pLDDT = 59.01, pTM-score = 0.2613, piTM-score = 0.0000, interface-score = 0.0000, iRes = 0    iCnt = 0   
Info: MYD88_Q99LI8_x1 model_3_multimer_v2_p1_230309_639696_recycled_14,  tol =  6.13, pLDDT = 59.52, pTM-score = 0.2619, piTM-score = 0.0000, interface-score = 0.0000, iRes = 0    iCnt = 0   
Info: MYD88_Q99LI8_x1 model_3_multimer_v2_p1_230309_639696_recycled_15,  tol =  7.83, pLDDT = 59.03, pTM-score = 0.2607, piTM-score = 0.0000, interface-score = 0.0000, iRes = 0    iCnt = 0   
Info: MYD88_Q99LI8_x1 model_3_multimer_v2_p1_230309_639696_recycled_16,  tol =  9.12, pLDDT = 59.09, pTM-score = 0.2606, piTM-score = 0.0000, interface-score = 0.0000, iRes = 0    iCnt = 0   
Info: MYD88_Q99LI8_x1 model_3_multimer_v2_p1_230309_639696_recycled_17,  tol =  6.86, pLDDT = 59.26, pTM-score = 0.2611, piTM-score = 0.0000, interface-score = 0.0000, iRes = 0    iCnt = 0   
Info: MYD88_Q99LI8_x1 model_3_multimer_v2_p1_230309_639696_recycled_18,  tol =  6.98, pLDDT = 59.06, pTM-score = 0.2601, piTM-score = 0.0000, interface-score = 0.0000, iRes = 0    iCnt = 0   
Info: MYD88_Q99LI8_x1 model_3_multimer_v2_p1_230309_639696_recycled_19,  tol =  7.65, pLDDT = 59.14, pTM-score = 0.2606, piTM-score = 0.0000, interface-score = 0.0000, iRes = 0    iCnt = 0   
Info: MYD88_Q99LI8_x1 model_3_multimer_v2_p1_230309_639696 performed 20 recycles, final tol = 6.27, pLDDT = 59.02, pTM-score = 0.2595, piTM-score = 0.0000, interface-score = 0.0000, iRes = 0    iCnt = 0   
Info: num_clusters = 2, cluster_sizes = [1, 1],  clusters = [['MYD88_MOUSE_0'], ['Q99LI8_0']]

I0309 10:30:46.039931 23093202528064 run_af2c_mod.py:404] Final timings for MYD88_Q99LI8_x1: {'features': 1.79, 'process_features_model_3_multimer_v2_p1_230309_639696': 0.0, 'predict_and_compile_model_3_multimer_v2_p1_230309_639696': 1714.4}
                                  
================================= 
Global information about the job: 
================================= 
  
Job owner: flobnow(42847)
Job name:  3_AF2C
Node list: ravg1088
Job start: Thu Mar  9 10:01:52 CET 2023
Job end:   Thu Mar  9 10:30:48 CET 2023
Work dir:  /raven/u/flobnow/workingLama/scripts/myRuns/Q99LI8
Command:   /raven/u/flobnow/workingLama/scripts/myRuns/Q99LI8/script2_comp_model_3.sh
  
  
  
==========================================================================================
Information on jobsteps (Note: MaxRSS/AveRSS is the maximum/average over all 
tasks of the per-task memory high-water marks; cf. "man sacct"): 
==========================================================================================
  
JobID            JobName NNodes NTasks  NCPUS        0.00M        0.00M    Elapsed ExitCode
------------- ---------- ------ ------ ------ ------------ ------------ ---------- --------
4385426           3_AF2C      1           108                             00:28:56      0:0
4385426.0        python3      1      1    108    31087.47M    31087.47M   00:28:54      0:0
  
Maximum memory per node: 32.597574 GB (defined as MaxRSS*Ntasks/NNodes)
CPU utilization: 1.9 %
  
Info: input file name is Q99LI8
Info: input target list is /u/flobnow/workingLama/scripts/myRuns/Q99LI8/target.lst
Info: input feature directory is /u/flobnow/workingLama/feature_files
Info: result output directory is /u/flobnow/workingLama/output_files
Info: model preset is multimer_np
Info: msa pairing is all
Info: recycling setting is 1
Info: using preset super2
Info: set num_ensemble = 2
Info: set max_recyles = 20
Info: set recycle_tol = 0.1
Info: mas_pairing mode is all
I0309 10:10:14.734088 23396876740416 tpu_client.py:54] Starting the local TPU driver.
I0309 10:10:14.734499 23396876740416 xla_bridge.py:212] Unable to initialize backend 'tpu_driver': Not found: Unable to find driver in registry given worker: local://
I0309 10:10:15.103525 23396876740416 xla_bridge.py:212] Unable to initialize backend 'tpu': Invalid argument: TpuPlatform is not available.
Info: working on target MYD88_Q99LI8_x1
I0309 10:10:17.875078 23396876740416 run_af2c_mod.py:481] Have 1 models: ['model_4_multimer_v2_p1']
I0309 10:10:17.875236 23396876740416 run_af2c_mod.py:512] Using random seed 4121720118065656265 for the data pipeline
Info: MYD88_Q99LI8_x1 found monomer MYD88_MOUSE msa_depth = 3425, seq_len = 296, num_templ = 20
Info: MYD88_MOUSE reducing the number of structural templates to 4
Info: MYD88_Q99LI8_x1 found monomer Q99LI8 msa_depth = 28931, seq_len = 775, num_templ = 20
Info: Q99LI8 MSA size is too large, reducing to 10000
Info: Q99LI8 reducing the number of structural templates to 4
Info: 2 chain(s) to model {'A': 'MYD88_MOUSE_1', 'B': 'Q99LI8_1'}
Info: modeling MYD88_Q99LI8_x1 with msa_depth = 6914, seq_len = 1071, num_templ = 8
I0309 10:10:19.271121 23396876740416 run_af2c_mod.py:216] Running model model_4_multimer_v2_p1_230309_656265
I0309 10:10:19.271615 23396876740416 model.py:205] Running predict with shape(feat) = {'msa': (6914, 1071), 'bert_mask': (6914, 1071), 'num_alignments': (), 'aatype': (1071,), 'seq_length': (), 'template_aatype': (8, 1071), 'template_all_atom_mask': (8, 1071, 37), 'template_all_atom_positions': (8, 1071, 37, 3), 'all_atom_positions': (1071, 37, 3), 'template_domain_names': (8,), 'asym_id': (1071,), 'sym_id': (1071,), 'entity_id': (1071,), 'residue_index': (1071,), 'deletion_matrix': (6914, 1071), 'seq_mask': (1071,), 'msa_mask': (6914, 1071), 'cluster_bias_mask': (6914,), 'pdb_residue_index': (1071,)}
I0309 10:39:05.785472 23396876740416 run_af2c_mod.py:270] Total JAX model model_4_multimer_v2_p1_230309_656265 predict time (includes compilation time): 1726.5 seconds
Info: MYD88_Q99LI8_x1 model_4_multimer_v2_p1_230309_656265_recycled_00,  tol =   inf, pLDDT = 60.01, pTM-score = 0.2611, piTM-score = 0.0239, interface-score = 0.0001, iRes = 9    iCnt = 10  
Info: MYD88_Q99LI8_x1 model_4_multimer_v2_p1_230309_656265_recycled_01,  tol = 109.68, pLDDT = 58.60, pTM-score = 0.2846, piTM-score = 0.0283, interface-score = 0.0034, iRes = 14   iCnt = 10  
Info: MYD88_Q99LI8_x1 model_4_multimer_v2_p1_230309_656265_recycled_02,  tol = 25.75, pLDDT = 60.30, pTM-score = 0.2706, piTM-score = 0.0000, interface-score = 0.0000, iRes = 0    iCnt = 0   
Info: MYD88_Q99LI8_x1 model_4_multimer_v2_p1_230309_656265_recycled_03,  tol = 21.99, pLDDT = 60.69, pTM-score = 0.2734, piTM-score = 0.0000, interface-score = 0.0000, iRes = 0    iCnt = 0   
Info: MYD88_Q99LI8_x1 model_4_multimer_v2_p1_230309_656265_recycled_04,  tol = 16.11, pLDDT = 60.90, pTM-score = 0.2754, piTM-score = 0.0000, interface-score = 0.0000, iRes = 0    iCnt = 0   
Info: MYD88_Q99LI8_x1 model_4_multimer_v2_p1_230309_656265_recycled_05,  tol =  8.53, pLDDT = 60.86, pTM-score = 0.2745, piTM-score = 0.0000, interface-score = 0.0000, iRes = 0    iCnt = 0   
Info: MYD88_Q99LI8_x1 model_4_multimer_v2_p1_230309_656265_recycled_06,  tol =  5.93, pLDDT = 60.89, pTM-score = 0.2731, piTM-score = 0.0000, interface-score = 0.0000, iRes = 0    iCnt = 0   
Info: MYD88_Q99LI8_x1 model_4_multimer_v2_p1_230309_656265_recycled_07,  tol =  5.83, pLDDT = 60.91, pTM-score = 0.2736, piTM-score = 0.0000, interface-score = 0.0000, iRes = 0    iCnt = 0   
Info: MYD88_Q99LI8_x1 model_4_multimer_v2_p1_230309_656265_recycled_08,  tol = 11.22, pLDDT = 60.81, pTM-score = 0.2739, piTM-score = 0.0000, interface-score = 0.0000, iRes = 0    iCnt = 0   
Info: MYD88_Q99LI8_x1 model_4_multimer_v2_p1_230309_656265_recycled_09,  tol = 14.07, pLDDT = 61.05, pTM-score = 0.2721, piTM-score = 0.0000, interface-score = 0.0000, iRes = 0    iCnt = 0   
Info: MYD88_Q99LI8_x1 model_4_multimer_v2_p1_230309_656265_recycled_10,  tol = 13.97, pLDDT = 60.77, pTM-score = 0.2719, piTM-score = 0.0000, interface-score = 0.0000, iRes = 0    iCnt = 0   
Info: MYD88_Q99LI8_x1 model_4_multimer_v2_p1_230309_656265_recycled_11,  tol = 10.53, pLDDT = 60.77, pTM-score = 0.2728, piTM-score = 0.0000, interface-score = 0.0000, iRes = 0    iCnt = 0   
Info: MYD88_Q99LI8_x1 model_4_multimer_v2_p1_230309_656265_recycled_12,  tol =  7.32, pLDDT = 60.86, pTM-score = 0.2733, piTM-score = 0.0000, interface-score = 0.0000, iRes = 0    iCnt = 0   
Info: MYD88_Q99LI8_x1 model_4_multimer_v2_p1_230309_656265_recycled_13,  tol = 13.97, pLDDT = 61.08, pTM-score = 0.2708, piTM-score = 0.0000, interface-score = 0.0000, iRes = 0    iCnt = 0   
Info: MYD88_Q99LI8_x1 model_4_multimer_v2_p1_230309_656265_recycled_14,  tol = 17.71, pLDDT = 61.55, pTM-score = 0.2719, piTM-score = 0.0000, interface-score = 0.0000, iRes = 0    iCnt = 0   
Info: MYD88_Q99LI8_x1 model_4_multimer_v2_p1_230309_656265_recycled_15,  tol =  9.87, pLDDT = 61.07, pTM-score = 0.2694, piTM-score = 0.0000, interface-score = 0.0000, iRes = 0    iCnt = 0   
Info: MYD88_Q99LI8_x1 model_4_multimer_v2_p1_230309_656265_recycled_16,  tol = 17.34, pLDDT = 61.37, pTM-score = 0.2693, piTM-score = 0.0000, interface-score = 0.0000, iRes = 0    iCnt = 0   
Info: MYD88_Q99LI8_x1 model_4_multimer_v2_p1_230309_656265_recycled_17,  tol = 19.13, pLDDT = 61.19, pTM-score = 0.2694, piTM-score = 0.0000, interface-score = 0.0000, iRes = 0    iCnt = 0   
Info: MYD88_Q99LI8_x1 model_4_multimer_v2_p1_230309_656265_recycled_18,  tol = 18.87, pLDDT = 60.97, pTM-score = 0.2673, piTM-score = 0.0000, interface-score = 0.0000, iRes = 0    iCnt = 0   
Info: MYD88_Q99LI8_x1 model_4_multimer_v2_p1_230309_656265_recycled_19,  tol = 19.40, pLDDT = 61.17, pTM-score = 0.2664, piTM-score = 0.0000, interface-score = 0.0000, iRes = 0    iCnt = 0   
Info: MYD88_Q99LI8_x1 model_4_multimer_v2_p1_230309_656265 performed 20 recycles, final tol = 9.08, pLDDT = 61.59, pTM-score = 0.2683, piTM-score = 0.0000, interface-score = 0.0000, iRes = 0    iCnt = 0   
Info: num_clusters = 2, cluster_sizes = [1, 1],  clusters = [['MYD88_MOUSE_0'], ['Q99LI8_0']]

I0309 10:39:10.019218 23396876740416 run_af2c_mod.py:404] Final timings for MYD88_Q99LI8_x1: {'features': 1.39, 'process_features_model_4_multimer_v2_p1_230309_656265': 0.0, 'predict_and_compile_model_4_multimer_v2_p1_230309_656265': 1726.5}
                                  
================================= 
Global information about the job: 
================================= 
  
Job owner: flobnow(42847)
Job name:  4_AF2C
Node list: ravg1098
Job start: Thu Mar  9 10:10:07 CET 2023
Job end:   Thu Mar  9 10:39:12 CET 2023
Work dir:  /raven/u/flobnow/workingLama/scripts/myRuns/Q99LI8
Command:   /raven/u/flobnow/workingLama/scripts/myRuns/Q99LI8/script2_comp_model_4.sh
  
  
  
==========================================================================================
Information on jobsteps (Note: MaxRSS/AveRSS is the maximum/average over all 
tasks of the per-task memory high-water marks; cf. "man sacct"): 
==========================================================================================
  
JobID            JobName NNodes NTasks  NCPUS        0.00M        0.00M    Elapsed ExitCode
------------- ---------- ------ ------ ------ ------------ ------------ ---------- --------
4385437           4_AF2C      1           108                             00:29:05      0:0
4385437.0        python3      1      1    108    30800.15M    30800.15M   00:29:03      0:0
  
Maximum memory per node: 32.296296 GB (defined as MaxRSS*Ntasks/NNodes)
CPU utilization: 1.9 %
  
Info: input file name is Q99LI8
Info: input target list is /u/flobnow/workingLama/scripts/myRuns/Q99LI8/target.lst
Info: input feature directory is /u/flobnow/workingLama/feature_files
Info: result output directory is /u/flobnow/workingLama/output_files
Info: model preset is multimer_np
Info: msa pairing is all
Info: recycling setting is 1
Info: using preset super2
Info: set num_ensemble = 2
Info: set max_recyles = 20
Info: set recycle_tol = 0.1
Info: mas_pairing mode is all
I0309 10:41:40.594152 22591094609728 tpu_client.py:54] Starting the local TPU driver.
I0309 10:41:40.594551 22591094609728 xla_bridge.py:212] Unable to initialize backend 'tpu_driver': Not found: Unable to find driver in registry given worker: local://
I0309 10:41:40.964291 22591094609728 xla_bridge.py:212] Unable to initialize backend 'tpu': Invalid argument: TpuPlatform is not available.
I0309 10:41:43.733049 22591094609728 run_af2c_mod.py:481] Have 1 models: ['model_5_multimer_v2_p1']
Info: working on target MYD88_Q99LI8_x1
I0309 10:41:51.741687 22591094609728 run_af2c_mod.py:512] Using random seed 9208188168528867615 for the data pipeline
Info: MYD88_Q99LI8_x1 found monomer MYD88_MOUSE msa_depth = 3425, seq_len = 296, num_templ = 20
Info: MYD88_MOUSE reducing the number of structural templates to 4
Info: MYD88_Q99LI8_x1 found monomer Q99LI8 msa_depth = 28931, seq_len = 775, num_templ = 20
Info: Q99LI8 MSA size is too large, reducing to 10000
Info: Q99LI8 reducing the number of structural templates to 4
Info: 2 chain(s) to model {'A': 'MYD88_MOUSE_1', 'B': 'Q99LI8_1'}
Info: modeling MYD88_Q99LI8_x1 with msa_depth = 6914, seq_len = 1071, num_templ = 8
I0309 10:41:53.444730 22591094609728 run_af2c_mod.py:216] Running model model_5_multimer_v2_p1_230309_867615
I0309 10:41:53.445214 22591094609728 model.py:205] Running predict with shape(feat) = {'msa': (6914, 1071), 'bert_mask': (6914, 1071), 'num_alignments': (), 'aatype': (1071,), 'seq_length': (), 'template_aatype': (8, 1071), 'template_all_atom_mask': (8, 1071, 37), 'template_all_atom_positions': (8, 1071, 37, 3), 'all_atom_positions': (1071, 37, 3), 'template_domain_names': (8,), 'asym_id': (1071,), 'sym_id': (1071,), 'entity_id': (1071,), 'residue_index': (1071,), 'deletion_matrix': (6914, 1071), 'seq_mask': (1071,), 'msa_mask': (6914, 1071), 'cluster_bias_mask': (6914,), 'pdb_residue_index': (1071,)}
I0309 11:10:46.129879 22591094609728 run_af2c_mod.py:270] Total JAX model model_5_multimer_v2_p1_230309_867615 predict time (includes compilation time): 1732.7 seconds
Info: MYD88_Q99LI8_x1 model_5_multimer_v2_p1_230309_867615_recycled_00,  tol =   inf, pLDDT = 58.42, pTM-score = 0.2817, piTM-score = 0.0252, interface-score = 0.0016, iRes = 11   iCnt = 8   
Info: MYD88_Q99LI8_x1 model_5_multimer_v2_p1_230309_867615_recycled_01,  tol = 112.84, pLDDT = 57.78, pTM-score = 0.2562, piTM-score = 0.0000, interface-score = 0.0000, iRes = 0    iCnt = 0   
Info: MYD88_Q99LI8_x1 model_5_multimer_v2_p1_230309_867615_recycled_02,  tol = 24.91, pLDDT = 58.00, pTM-score = 0.2522, piTM-score = 0.0000, interface-score = 0.0000, iRes = 0    iCnt = 0   
Info: MYD88_Q99LI8_x1 model_5_multimer_v2_p1_230309_867615_recycled_03,  tol = 21.09, pLDDT = 58.27, pTM-score = 0.2547, piTM-score = 0.0000, interface-score = 0.0000, iRes = 0    iCnt = 0   
Info: MYD88_Q99LI8_x1 model_5_multimer_v2_p1_230309_867615_recycled_04,  tol = 10.81, pLDDT = 58.36, pTM-score = 0.2556, piTM-score = 0.0000, interface-score = 0.0000, iRes = 0    iCnt = 0   
Info: MYD88_Q99LI8_x1 model_5_multimer_v2_p1_230309_867615_recycled_05,  tol = 13.91, pLDDT = 58.07, pTM-score = 0.2570, piTM-score = 0.0000, interface-score = 0.0000, iRes = 0    iCnt = 0   
Info: MYD88_Q99LI8_x1 model_5_multimer_v2_p1_230309_867615_recycled_06,  tol = 12.34, pLDDT = 58.11, pTM-score = 0.2551, piTM-score = 0.0000, interface-score = 0.0000, iRes = 0    iCnt = 0   
Info: MYD88_Q99LI8_x1 model_5_multimer_v2_p1_230309_867615_recycled_07,  tol = 11.00, pLDDT = 58.19, pTM-score = 0.2570, piTM-score = 0.0000, interface-score = 0.0000, iRes = 0    iCnt = 0   
Info: MYD88_Q99LI8_x1 model_5_multimer_v2_p1_230309_867615_recycled_08,  tol =  8.93, pLDDT = 58.35, pTM-score = 0.2587, piTM-score = 0.0000, interface-score = 0.0000, iRes = 0    iCnt = 0   
Info: MYD88_Q99LI8_x1 model_5_multimer_v2_p1_230309_867615_recycled_09,  tol =  8.73, pLDDT = 57.96, pTM-score = 0.2577, piTM-score = 0.0000, interface-score = 0.0000, iRes = 0    iCnt = 0   
Info: MYD88_Q99LI8_x1 model_5_multimer_v2_p1_230309_867615_recycled_10,  tol =  9.76, pLDDT = 58.31, pTM-score = 0.2581, piTM-score = 0.0000, interface-score = 0.0000, iRes = 0    iCnt = 0   
Info: MYD88_Q99LI8_x1 model_5_multimer_v2_p1_230309_867615_recycled_11,  tol = 11.61, pLDDT = 58.52, pTM-score = 0.2578, piTM-score = 0.0000, interface-score = 0.0000, iRes = 0    iCnt = 0   
Info: MYD88_Q99LI8_x1 model_5_multimer_v2_p1_230309_867615_recycled_12,  tol = 12.29, pLDDT = 58.48, pTM-score = 0.2568, piTM-score = 0.0000, interface-score = 0.0000, iRes = 0    iCnt = 0   
Info: MYD88_Q99LI8_x1 model_5_multimer_v2_p1_230309_867615_recycled_13,  tol =  9.30, pLDDT = 58.39, pTM-score = 0.2591, piTM-score = 0.0000, interface-score = 0.0000, iRes = 0    iCnt = 0   
Info: MYD88_Q99LI8_x1 model_5_multimer_v2_p1_230309_867615_recycled_14,  tol = 14.51, pLDDT = 58.50, pTM-score = 0.2594, piTM-score = 0.0000, interface-score = 0.0000, iRes = 0    iCnt = 0   
Info: MYD88_Q99LI8_x1 model_5_multimer_v2_p1_230309_867615_recycled_15,  tol =  9.21, pLDDT = 58.15, pTM-score = 0.2578, piTM-score = 0.0000, interface-score = 0.0000, iRes = 0    iCnt = 0   
Info: MYD88_Q99LI8_x1 model_5_multimer_v2_p1_230309_867615_recycled_16,  tol =  6.35, pLDDT = 58.35, pTM-score = 0.2599, piTM-score = 0.0000, interface-score = 0.0000, iRes = 0    iCnt = 0   
Info: MYD88_Q99LI8_x1 model_5_multimer_v2_p1_230309_867615_recycled_17,  tol =  6.60, pLDDT = 58.18, pTM-score = 0.2582, piTM-score = 0.0000, interface-score = 0.0000, iRes = 0    iCnt = 0   
Info: MYD88_Q99LI8_x1 model_5_multimer_v2_p1_230309_867615_recycled_18,  tol =  9.45, pLDDT = 58.14, pTM-score = 0.2650, piTM-score = 0.0000, interface-score = 0.0000, iRes = 0    iCnt = 0   
Info: MYD88_Q99LI8_x1 model_5_multimer_v2_p1_230309_867615_recycled_19,  tol = 11.03, pLDDT = 58.61, pTM-score = 0.2617, piTM-score = 0.0000, interface-score = 0.0000, iRes = 0    iCnt = 0   
Info: MYD88_Q99LI8_x1 model_5_multimer_v2_p1_230309_867615 performed 20 recycles, final tol = 7.88, pLDDT = 59.22, pTM-score = 0.2575, piTM-score = 0.0000, interface-score = 0.0000, iRes = 0    iCnt = 0   
Info: num_clusters = 2, cluster_sizes = [1, 1],  clusters = [['MYD88_MOUSE_0'], ['Q99LI8_0']]

I0309 11:10:50.454118 22591094609728 run_af2c_mod.py:404] Final timings for MYD88_Q99LI8_x1: {'features': 1.7, 'process_features_model_5_multimer_v2_p1_230309_867615': 0.0, 'predict_and_compile_model_5_multimer_v2_p1_230309_867615': 1732.7}
                                  
================================= 
Global information about the job: 
================================= 
  
Job owner: flobnow(42847)
Job name:  5_AF2C
Node list: ravg1091
Job start: Thu Mar  9 10:41:34 CET 2023
Job end:   Thu Mar  9 11:10:52 CET 2023
Work dir:  /raven/u/flobnow/workingLama/scripts/myRuns/Q99LI8
Command:   /raven/u/flobnow/workingLama/scripts/myRuns/Q99LI8/script2_comp_model_5.sh
  
  
  
==========================================================================================
Information on jobsteps (Note: MaxRSS/AveRSS is the maximum/average over all 
tasks of the per-task memory high-water marks; cf. "man sacct"): 
==========================================================================================
  
JobID            JobName NNodes NTasks  NCPUS        0.00M        0.00M    Elapsed ExitCode
------------- ---------- ------ ------ ------ ------------ ------------ ---------- --------
4385459           5_AF2C      1           108                             00:29:18      0:0
4385459.0        python3      1      1    108    31325.68M    31325.68M   00:29:16      0:0
  
Maximum memory per node: 32.847353 GB (defined as MaxRSS*Ntasks/NNodes)
CPU utilization: 1.9 %
  
Info: target file is /u/flobnow/workingLama/scripts/myRuns/Q99LI8/target.lst
Info: input directory of unrelaxed models is /u/flobnow/workingLama/output_files
Info: output directory of relaxed models is /u/flobnow/workingLama/output_files
/bin/sh: /mpcdf/soft/SLE_15/packages/x86_64/alphafold/2.2.0/lib/libtinfo.so.6: no version information available (required by /lib64/libreadline.so.7)
I0309 13:27:13.603716 22451134543680 run_af2c_min.py:88] MYD88_Q99LI8_x1 processing model_3_multimer_v2_p1_230309_639696.pdb
sh: /mpcdf/soft/SLE_15/packages/x86_64/alphafold/2.2.0/lib/libtinfo.so.6: no version information available (required by /lib64/libreadline.so.7)
sh: /mpcdf/soft/SLE_15/packages/x86_64/alphafold/2.2.0/lib/libtinfo.so.6: no version information available (required by /lib64/libreadline.so.7)
I0309 13:27:28.504172 22451134543680 amber_minimize.py:177] alterations info: {'nonstandard_residues': [], 'removed_heterogens': set(), 'missing_residues': {}, 'missing_heavy_atoms': {}, 'missing_terminals': {<Residue 295 (PRO) of chain 0>: ['OXT'], <Residue 1070 (ASP) of chain 1>: ['OXT']}, 'Se_in_MET': [], 'removed_chains': {0: []}}
I0309 13:27:30.149885 22451134543680 amber_minimize.py:408] Minimizing protein, attempt 1 of 100.
I0309 13:27:31.875963 22451134543680 amber_minimize.py:69] Restraining 8402 / 16716 particles.
sh: /mpcdf/soft/SLE_15/packages/x86_64/alphafold/2.2.0/lib/libtinfo.so.6: no version information available (required by /lib64/libreadline.so.7)
I0309 13:30:00.503688 22451134543680 amber_minimize.py:177] alterations info: {'nonstandard_residues': [], 'removed_heterogens': set(), 'missing_residues': {}, 'missing_heavy_atoms': {}, 'missing_terminals': {}, 'Se_in_MET': [], 'removed_chains': {0: []}}
I0309 13:30:02.068259 22451134543680 tpu_client.py:54] Starting the local TPU driver.
I0309 13:30:02.068582 22451134543680 xla_bridge.py:212] Unable to initialize backend 'tpu_driver': Not found: Unable to find driver in registry given worker: local://
I0309 13:30:02.303565 22451134543680 xla_bridge.py:212] Unable to initialize backend 'tpu': Invalid argument: TpuPlatform is not available.
I0309 13:30:15.355042 22451134543680 amber_minimize.py:500] Iteration completed: Einit 6643842390.46 Efinal -8445.85 Time 139.09 s num residue violations 40 num residue exclusions 0 
I0309 13:30:15.399351 22451134543680 amber_minimize.py:408] Minimizing protein, attempt 1 of 100.
I0309 13:30:17.048571 22451134543680 amber_minimize.py:69] Restraining 8112 / 16716 particles.
sh: /mpcdf/soft/SLE_15/packages/x86_64/alphafold/2.2.0/lib/libtinfo.so.6: no version information available (required by /lib64/libreadline.so.7)
I0309 13:32:58.631074 22451134543680 amber_minimize.py:177] alterations info: {'nonstandard_residues': [], 'removed_heterogens': set(), 'missing_residues': {}, 'missing_heavy_atoms': {}, 'missing_terminals': {}, 'Se_in_MET': [], 'removed_chains': {0: []}}
I0309 13:33:04.061784 22451134543680 amber_minimize.py:500] Iteration completed: Einit 33735.97 Efinal -14967.37 Time 152.18 s num residue violations 21 num residue exclusions 40 
I0309 13:33:04.062632 22451134543680 amber_minimize.py:408] Minimizing protein, attempt 1 of 100.
I0309 13:33:05.771724 22451134543680 amber_minimize.py:69] Restraining 8058 / 16716 particles.
sh: /mpcdf/soft/SLE_15/packages/x86_64/alphafold/2.2.0/lib/libtinfo.so.6: no version information available (required by /lib64/libreadline.so.7)
I0309 13:35:14.800208 22451134543680 amber_minimize.py:177] alterations info: {'nonstandard_residues': [], 'removed_heterogens': set(), 'missing_residues': {}, 'missing_heavy_atoms': {}, 'missing_terminals': {}, 'Se_in_MET': [], 'removed_chains': {0: []}}
I0309 13:35:20.161940 22451134543680 amber_minimize.py:500] Iteration completed: Einit 25717.89 Efinal -16787.34 Time 119.56 s num residue violations 16 num residue exclusions 47 
sh: /mpcdf/soft/SLE_15/packages/x86_64/alphafold/2.2.0/lib/libtinfo.so.6: no version information available (required by /lib64/libreadline.so.7)
sh: /mpcdf/soft/SLE_15/packages/x86_64/alphafold/2.2.0/lib/libtinfo.so.6: no version information available (required by /lib64/libreadline.so.7)
I0309 13:35:31.867091 22451134543680 amber_minimize.py:177] alterations info: {'nonstandard_residues': [], 'removed_heterogens': set(), 'missing_residues': {}, 'missing_heavy_atoms': {}, 'missing_terminals': {<Residue 295 (PRO) of chain 0>: ['OXT'], <Residue 1070 (ASP) of chain 1>: ['OXT']}, 'Se_in_MET': [], 'removed_chains': {0: []}}
I0309 13:35:35.216382 22451134543680 run_af2c_min.py:110] MYD88_Q99LI8_x1 relaxation done, time spent 501.1 seconds, Efinal -16787.34, rmsd 0.40
I0309 13:35:35.216515 22451134543680 run_af2c_min.py:88] MYD88_Q99LI8_x1 processing model_1_multimer_v2_p1_230309_702820.pdb
sh: /mpcdf/soft/SLE_15/packages/x86_64/alphafold/2.2.0/lib/libtinfo.so.6: no version information available (required by /lib64/libreadline.so.7)
sh: /mpcdf/soft/SLE_15/packages/x86_64/alphafold/2.2.0/lib/libtinfo.so.6: no version information available (required by /lib64/libreadline.so.7)
I0309 13:35:47.421202 22451134543680 amber_minimize.py:177] alterations info: {'nonstandard_residues': [], 'removed_heterogens': set(), 'missing_residues': {}, 'missing_heavy_atoms': {}, 'missing_terminals': {<Residue 295 (PRO) of chain 0>: ['OXT'], <Residue 1070 (ASP) of chain 1>: ['OXT']}, 'Se_in_MET': [], 'removed_chains': {0: []}}
I0309 13:35:49.082147 22451134543680 amber_minimize.py:408] Minimizing protein, attempt 1 of 100.
I0309 13:35:50.756237 22451134543680 amber_minimize.py:69] Restraining 8402 / 16716 particles.
sh: /mpcdf/soft/SLE_15/packages/x86_64/alphafold/2.2.0/lib/libtinfo.so.6: no version information available (required by /lib64/libreadline.so.7)
I0309 13:38:38.849441 22451134543680 amber_minimize.py:177] alterations info: {'nonstandard_residues': [], 'removed_heterogens': set(), 'missing_residues': {}, 'missing_heavy_atoms': {}, 'missing_terminals': {}, 'Se_in_MET': [], 'removed_chains': {0: []}}
I0309 13:38:44.267294 22451134543680 amber_minimize.py:500] Iteration completed: Einit 9911296.08 Efinal -11712.93 Time 158.72 s num residue violations 25 num residue exclusions 0 
I0309 13:38:44.267916 22451134543680 amber_minimize.py:408] Minimizing protein, attempt 1 of 100.
I0309 13:38:45.881757 22451134543680 amber_minimize.py:69] Restraining 8210 / 16716 particles.
sh: /mpcdf/soft/SLE_15/packages/x86_64/alphafold/2.2.0/lib/libtinfo.so.6: no version information available (required by /lib64/libreadline.so.7)
I0309 13:41:05.157210 22451134543680 amber_minimize.py:177] alterations info: {'nonstandard_residues': [], 'removed_heterogens': set(), 'missing_residues': {}, 'missing_heavy_atoms': {}, 'missing_terminals': {}, 'Se_in_MET': [], 'removed_chains': {0: []}}
I0309 13:41:10.625475 22451134543680 amber_minimize.py:500] Iteration completed: Einit 30572.72 Efinal -16026.42 Time 129.77 s num residue violations 6 num residue exclusions 25 
I0309 13:41:10.626410 22451134543680 amber_minimize.py:408] Minimizing protein, attempt 1 of 100.
I0309 13:41:12.350897 22451134543680 amber_minimize.py:69] Restraining 8198 / 16716 particles.
sh: /mpcdf/soft/SLE_15/packages/x86_64/alphafold/2.2.0/lib/libtinfo.so.6: no version information available (required by /lib64/libreadline.so.7)
I0309 13:43:12.580127 22451134543680 amber_minimize.py:177] alterations info: {'nonstandard_residues': [], 'removed_heterogens': set(), 'missing_residues': {}, 'missing_heavy_atoms': {}, 'missing_terminals': {}, 'Se_in_MET': [], 'removed_chains': {0: []}}
I0309 13:43:18.033468 22451134543680 amber_minimize.py:500] Iteration completed: Einit 30831.37 Efinal -17552.55 Time 110.87 s num residue violations 4 num residue exclusions 27 
sh: /mpcdf/soft/SLE_15/packages/x86_64/alphafold/2.2.0/lib/libtinfo.so.6: no version information available (required by /lib64/libreadline.so.7)
sh: /mpcdf/soft/SLE_15/packages/x86_64/alphafold/2.2.0/lib/libtinfo.so.6: no version information available (required by /lib64/libreadline.so.7)
I0309 13:43:29.615747 22451134543680 amber_minimize.py:177] alterations info: {'nonstandard_residues': [], 'removed_heterogens': set(), 'missing_residues': {}, 'missing_heavy_atoms': {}, 'missing_terminals': {<Residue 295 (PRO) of chain 0>: ['OXT'], <Residue 1070 (ASP) of chain 1>: ['OXT']}, 'Se_in_MET': [], 'removed_chains': {0: []}}
I0309 13:43:33.045061 22451134543680 run_af2c_min.py:110] MYD88_Q99LI8_x1 relaxation done, time spent 477.2 seconds, Efinal -17552.55, rmsd 0.40
I0309 13:43:33.045196 22451134543680 run_af2c_min.py:88] MYD88_Q99LI8_x1 processing model_5_multimer_v2_p1_230309_867615.pdb
sh: /mpcdf/soft/SLE_15/packages/x86_64/alphafold/2.2.0/lib/libtinfo.so.6: no version information available (required by /lib64/libreadline.so.7)
sh: /mpcdf/soft/SLE_15/packages/x86_64/alphafold/2.2.0/lib/libtinfo.so.6: no version information available (required by /lib64/libreadline.so.7)
I0309 13:43:44.598737 22451134543680 amber_minimize.py:177] alterations info: {'nonstandard_residues': [], 'removed_heterogens': set(), 'missing_residues': {}, 'missing_heavy_atoms': {}, 'missing_terminals': {<Residue 295 (PRO) of chain 0>: ['OXT'], <Residue 1070 (ASP) of chain 1>: ['OXT']}, 'Se_in_MET': [], 'removed_chains': {0: []}}
I0309 13:43:46.213520 22451134543680 amber_minimize.py:408] Minimizing protein, attempt 1 of 100.
I0309 13:43:47.904868 22451134543680 amber_minimize.py:69] Restraining 8402 / 16716 particles.
sh: /mpcdf/soft/SLE_15/packages/x86_64/alphafold/2.2.0/lib/libtinfo.so.6: no version information available (required by /lib64/libreadline.so.7)
I0309 13:47:56.626627 22451134543680 amber_minimize.py:177] alterations info: {'nonstandard_residues': [], 'removed_heterogens': set(), 'missing_residues': {}, 'missing_heavy_atoms': {}, 'missing_terminals': {}, 'Se_in_MET': [], 'removed_chains': {0: []}}
I0309 13:48:02.072156 22451134543680 amber_minimize.py:500] Iteration completed: Einit 335122397840743.44 Efinal -1548.36 Time 239.33 s num residue violations 59 num residue exclusions 0 
I0309 13:48:02.073031 22451134543680 amber_minimize.py:408] Minimizing protein, attempt 1 of 100.
I0309 13:48:03.768562 22451134543680 amber_minimize.py:69] Restraining 7978 / 16716 particles.
sh: /mpcdf/soft/SLE_15/packages/x86_64/alphafold/2.2.0/lib/libtinfo.so.6: no version information available (required by /lib64/libreadline.so.7)
I0309 13:52:30.314644 22451134543680 amber_minimize.py:177] alterations info: {'nonstandard_residues': [], 'removed_heterogens': set(), 'missing_residues': {}, 'missing_heavy_atoms': {}, 'missing_terminals': {}, 'Se_in_MET': [], 'removed_chains': {0: []}}
I0309 13:52:35.780430 22451134543680 amber_minimize.py:500] Iteration completed: Einit 55611.88 Efinal -13552.75 Time 257.16 s num residue violations 33 num residue exclusions 59 
I0309 13:52:35.781268 22451134543680 amber_minimize.py:408] Minimizing protein, attempt 1 of 100.
I0309 13:52:37.461461 22451134543680 amber_minimize.py:69] Restraining 7952 / 16716 particles.
sh: /mpcdf/soft/SLE_15/packages/x86_64/alphafold/2.2.0/lib/libtinfo.so.6: no version information available (required by /lib64/libreadline.so.7)
I0309 13:54:52.832667 22451134543680 amber_minimize.py:177] alterations info: {'nonstandard_residues': [], 'removed_heterogens': set(), 'missing_residues': {}, 'missing_heavy_atoms': {}, 'missing_terminals': {}, 'Se_in_MET': [], 'removed_chains': {0: []}}
I0309 13:54:58.427171 22451134543680 amber_minimize.py:500] Iteration completed: Einit 33073.50 Efinal -15494.55 Time 125.82 s num residue violations 19 num residue exclusions 62 
sh: /mpcdf/soft/SLE_15/packages/x86_64/alphafold/2.2.0/lib/libtinfo.so.6: no version information available (required by /lib64/libreadline.so.7)
sh: /mpcdf/soft/SLE_15/packages/x86_64/alphafold/2.2.0/lib/libtinfo.so.6: no version information available (required by /lib64/libreadline.so.7)
I0309 13:55:09.923728 22451134543680 amber_minimize.py:177] alterations info: {'nonstandard_residues': [], 'removed_heterogens': set(), 'missing_residues': {}, 'missing_heavy_atoms': {}, 'missing_terminals': {<Residue 295 (PRO) of chain 0>: ['OXT'], <Residue 1070 (ASP) of chain 1>: ['OXT']}, 'Se_in_MET': [], 'removed_chains': {0: []}}
I0309 13:55:13.367196 22451134543680 run_af2c_min.py:110] MYD88_Q99LI8_x1 relaxation done, time spent 699.8 seconds, Efinal -15494.55, rmsd 0.41
I0309 13:55:13.367326 22451134543680 run_af2c_min.py:88] MYD88_Q99LI8_x1 processing model_4_multimer_v2_p1_230309_656265.pdb
sh: /mpcdf/soft/SLE_15/packages/x86_64/alphafold/2.2.0/lib/libtinfo.so.6: no version information available (required by /lib64/libreadline.so.7)
sh: /mpcdf/soft/SLE_15/packages/x86_64/alphafold/2.2.0/lib/libtinfo.so.6: no version information available (required by /lib64/libreadline.so.7)
I0309 13:55:25.012308 22451134543680 amber_minimize.py:177] alterations info: {'nonstandard_residues': [], 'removed_heterogens': set(), 'missing_residues': {}, 'missing_heavy_atoms': {}, 'missing_terminals': {<Residue 295 (PRO) of chain 0>: ['OXT'], <Residue 1070 (ASP) of chain 1>: ['OXT']}, 'Se_in_MET': [], 'removed_chains': {0: []}}
I0309 13:55:26.666273 22451134543680 amber_minimize.py:408] Minimizing protein, attempt 1 of 100.
I0309 13:55:28.347687 22451134543680 amber_minimize.py:69] Restraining 8402 / 16716 particles.
sh: /mpcdf/soft/SLE_15/packages/x86_64/alphafold/2.2.0/lib/libtinfo.so.6: no version information available (required by /lib64/libreadline.so.7)
I0309 13:57:54.492903 22451134543680 amber_minimize.py:177] alterations info: {'nonstandard_residues': [], 'removed_heterogens': set(), 'missing_residues': {}, 'missing_heavy_atoms': {}, 'missing_terminals': {}, 'Se_in_MET': [], 'removed_chains': {0: []}}
I0309 13:57:59.935847 22451134543680 amber_minimize.py:500] Iteration completed: Einit 720071491.98 Efinal -11609.33 Time 136.72 s num residue violations 23 num residue exclusions 0 
I0309 13:57:59.936702 22451134543680 amber_minimize.py:408] Minimizing protein, attempt 1 of 100.
I0309 13:58:01.633586 22451134543680 amber_minimize.py:69] Restraining 8226 / 16716 particles.
sh: /mpcdf/soft/SLE_15/packages/x86_64/alphafold/2.2.0/lib/libtinfo.so.6: no version information available (required by /lib64/libreadline.so.7)
I0309 14:00:47.307257 22451134543680 amber_minimize.py:177] alterations info: {'nonstandard_residues': [], 'removed_heterogens': set(), 'missing_residues': {}, 'missing_heavy_atoms': {}, 'missing_terminals': {}, 'Se_in_MET': [], 'removed_chains': {0: []}}
I0309 14:00:52.718645 22451134543680 amber_minimize.py:500] Iteration completed: Einit 38623.94 Efinal -16989.96 Time 156.21 s num residue violations 11 num residue exclusions 23 
I0309 14:00:52.719515 22451134543680 amber_minimize.py:408] Minimizing protein, attempt 1 of 100.
I0309 14:00:54.414555 22451134543680 amber_minimize.py:69] Restraining 8180 / 16716 particles.
sh: /mpcdf/soft/SLE_15/packages/x86_64/alphafold/2.2.0/lib/libtinfo.so.6: no version information available (required by /lib64/libreadline.so.7)
I0309 14:03:09.444844 22451134543680 amber_minimize.py:177] alterations info: {'nonstandard_residues': [], 'removed_heterogens': set(), 'missing_residues': {}, 'missing_heavy_atoms': {}, 'missing_terminals': {}, 'Se_in_MET': [], 'removed_chains': {0: []}}
I0309 14:03:14.964097 22451134543680 amber_minimize.py:500] Iteration completed: Einit 47721.43 Efinal -18522.14 Time 125.46 s num residue violations 5 num residue exclusions 29 
sh: /mpcdf/soft/SLE_15/packages/x86_64/alphafold/2.2.0/lib/libtinfo.so.6: no version information available (required by /lib64/libreadline.so.7)
sh: /mpcdf/soft/SLE_15/packages/x86_64/alphafold/2.2.0/lib/libtinfo.so.6: no version information available (required by /lib64/libreadline.so.7)
I0309 14:03:26.588080 22451134543680 amber_minimize.py:177] alterations info: {'nonstandard_residues': [], 'removed_heterogens': set(), 'missing_residues': {}, 'missing_heavy_atoms': {}, 'missing_terminals': {<Residue 295 (PRO) of chain 0>: ['OXT'], <Residue 1070 (ASP) of chain 1>: ['OXT']}, 'Se_in_MET': [], 'removed_chains': {0: []}}
I0309 14:03:29.982384 22451134543680 run_af2c_min.py:110] MYD88_Q99LI8_x1 relaxation done, time spent 496.1 seconds, Efinal -18522.14, rmsd 0.42
I0309 14:03:29.982516 22451134543680 run_af2c_min.py:88] MYD88_Q99LI8_x1 processing model_2_multimer_v2_p1_230309_373016.pdb
sh: /mpcdf/soft/SLE_15/packages/x86_64/alphafold/2.2.0/lib/libtinfo.so.6: no version information available (required by /lib64/libreadline.so.7)
sh: /mpcdf/soft/SLE_15/packages/x86_64/alphafold/2.2.0/lib/libtinfo.so.6: no version information available (required by /lib64/libreadline.so.7)
I0309 14:03:41.608107 22451134543680 amber_minimize.py:177] alterations info: {'nonstandard_residues': [], 'removed_heterogens': set(), 'missing_residues': {}, 'missing_heavy_atoms': {}, 'missing_terminals': {<Residue 295 (PRO) of chain 0>: ['OXT'], <Residue 1070 (ASP) of chain 1>: ['OXT']}, 'Se_in_MET': [], 'removed_chains': {0: []}}
I0309 14:03:43.278201 22451134543680 amber_minimize.py:408] Minimizing protein, attempt 1 of 100.
I0309 14:03:44.943017 22451134543680 amber_minimize.py:69] Restraining 8402 / 16716 particles.
sh: /mpcdf/soft/SLE_15/packages/x86_64/alphafold/2.2.0/lib/libtinfo.so.6: no version information available (required by /lib64/libreadline.so.7)
I0309 14:06:07.330973 22451134543680 amber_minimize.py:177] alterations info: {'nonstandard_residues': [], 'removed_heterogens': set(), 'missing_residues': {}, 'missing_heavy_atoms': {}, 'missing_terminals': {}, 'Se_in_MET': [], 'removed_chains': {0: []}}
I0309 14:06:12.808813 22451134543680 amber_minimize.py:500] Iteration completed: Einit 8272118858.94 Efinal -10210.42 Time 132.75 s num residue violations 26 num residue exclusions 0 
I0309 14:06:12.809671 22451134543680 amber_minimize.py:408] Minimizing protein, attempt 1 of 100.
I0309 14:06:14.509779 22451134543680 amber_minimize.py:69] Restraining 8194 / 16716 particles.
sh: /mpcdf/soft/SLE_15/packages/x86_64/alphafold/2.2.0/lib/libtinfo.so.6: no version information available (required by /lib64/libreadline.so.7)
I0309 14:08:35.915880 22451134543680 amber_minimize.py:177] alterations info: {'nonstandard_residues': [], 'removed_heterogens': set(), 'missing_residues': {}, 'missing_heavy_atoms': {}, 'missing_terminals': {}, 'Se_in_MET': [], 'removed_chains': {0: []}}
I0309 14:08:41.327702 22451134543680 amber_minimize.py:500] Iteration completed: Einit 58098.23 Efinal -15537.94 Time 132.18 s num residue violations 12 num residue exclusions 26 
I0309 14:08:41.328326 22451134543680 amber_minimize.py:408] Minimizing protein, attempt 1 of 100.
I0309 14:08:42.927037 22451134543680 amber_minimize.py:69] Restraining 8130 / 16716 particles.
sh: /mpcdf/soft/SLE_15/packages/x86_64/alphafold/2.2.0/lib/libtinfo.so.6: no version information available (required by /lib64/libreadline.so.7)
I0309 14:10:49.147608 22451134543680 amber_minimize.py:177] alterations info: {'nonstandard_residues': [], 'removed_heterogens': set(), 'missing_residues': {}, 'missing_heavy_atoms': {}, 'missing_terminals': {}, 'Se_in_MET': [], 'removed_chains': {0: []}}
I0309 14:10:54.570396 22451134543680 amber_minimize.py:500] Iteration completed: Einit 45743.83 Efinal -17256.24 Time 116.78 s num residue violations 14 num residue exclusions 33 
sh: /mpcdf/soft/SLE_15/packages/x86_64/alphafold/2.2.0/lib/libtinfo.so.6: no version information available (required by /lib64/libreadline.so.7)
sh: /mpcdf/soft/SLE_15/packages/x86_64/alphafold/2.2.0/lib/libtinfo.so.6: no version information available (required by /lib64/libreadline.so.7)
I0309 14:11:06.108561 22451134543680 amber_minimize.py:177] alterations info: {'nonstandard_residues': [], 'removed_heterogens': set(), 'missing_residues': {}, 'missing_heavy_atoms': {}, 'missing_terminals': {<Residue 295 (PRO) of chain 0>: ['OXT'], <Residue 1070 (ASP) of chain 1>: ['OXT']}, 'Se_in_MET': [], 'removed_chains': {0: []}}
I0309 14:11:09.479205 22451134543680 run_af2c_min.py:110] MYD88_Q99LI8_x1 relaxation done, time spent 458.9 seconds, Efinal -17256.24, rmsd 0.42
                                  
================================= 
Global information about the job: 
================================= 
  
Job owner: flobnow(42847)
Job name:  6_RLX
Node list: ravg1004
Job start: Thu Mar  9 13:27:07 CET 2023
Job end:   Thu Mar  9 14:11:12 CET 2023
Work dir:  /raven/u/flobnow/workingLama/scripts/myRuns/Q99LI8
Command:   /raven/u/flobnow/workingLama/scripts/myRuns/Q99LI8/script3_relaxation.sh
  
  
  
==========================================================================================
Information on jobsteps (Note: MaxRSS/AveRSS is the maximum/average over all 
tasks of the per-task memory high-water marks; cf. "man sacct"): 
==========================================================================================
  
JobID            JobName NNodes NTasks  NCPUS        0.00M        0.00M    Elapsed ExitCode
------------- ---------- ------ ------ ------ ------------ ------------ ---------- --------
4385534            6_RLX      1           108                             00:44:05      0:0
4385534.0        python3      1      1    108    19000.18M    19000.18M   00:44:03      0:0
  
Maximum memory per node: 19.923132 GB (defined as MaxRSS*Ntasks/NNodes)
CPU utilization: 82.3 %
  
