Info: input file name is Q66JS6
Info: input target list is /u/flobnow/workingLama/scripts/myRuns/Q66JS6/target.lst
Info: input feature directory is /u/flobnow/workingLama/feature_files
Info: result output directory is /u/flobnow/workingLama/output_files
Info: model preset is multimer_np
Info: msa pairing is all
Info: recycling setting is 1
Info: using preset super2
Info: set num_ensemble = 2
Info: set max_recyles = 20
Info: set recycle_tol = 0.1
Info: mas_pairing mode is all
I0306 19:00:49.283276 23121443092288 tpu_client.py:54] Starting the local TPU driver.
I0306 19:00:49.283627 23121443092288 xla_bridge.py:212] Unable to initialize backend 'tpu_driver': Not found: Unable to find driver in registry given worker: local://
I0306 19:00:49.642430 23121443092288 xla_bridge.py:212] Unable to initialize backend 'tpu': Invalid argument: TpuPlatform is not available.
I0306 19:00:52.433571 23121443092288 run_af2c_mod.py:481] Have 1 models: ['model_1_multimer_v2_p1']
Info: working on target MYD88_Q66JS6_x1
I0306 19:00:56.437774 23121443092288 run_af2c_mod.py:512] Using random seed 1432180982496667352 for the data pipeline
Info: MYD88_Q66JS6_x1 found monomer MYD88_MOUSE msa_depth = 3425, seq_len = 296, num_templ = 20
Info: MYD88_MOUSE reducing the number of structural templates to 4
Info: MYD88_Q66JS6_x1 found monomer Q66JS6 msa_depth = 3121, seq_len = 263, num_templ = 10
Info: Q66JS6 reducing the number of structural templates to 4
Info: 2 chain(s) to model {'A': 'MYD88_MOUSE_1', 'B': 'Q66JS6_1'}
Info: modeling MYD88_Q66JS6_x1 with msa_depth = 5556, seq_len = 559, num_templ = 8
I0306 19:00:57.218321 23121443092288 run_af2c_mod.py:216] Running model model_1_multimer_v2_p1_230306_667352
I0306 19:00:57.218801 23121443092288 model.py:205] Running predict with shape(feat) = {'msa': (5556, 559), 'bert_mask': (5556, 559), 'num_alignments': (), 'aatype': (559,), 'seq_length': (), 'template_aatype': (8, 559), 'template_all_atom_mask': (8, 559, 37), 'template_all_atom_positions': (8, 559, 37, 3), 'all_atom_positions': (559, 37, 3), 'template_domain_names': (8,), 'asym_id': (559,), 'sym_id': (559,), 'entity_id': (559,), 'residue_index': (559,), 'deletion_matrix': (5556, 559), 'seq_mask': (559,), 'msa_mask': (5556, 559), 'cluster_bias_mask': (5556,), 'pdb_residue_index': (559,)}
I0306 19:08:50.167833 23121443092288 run_af2c_mod.py:270] Total JAX model model_1_multimer_v2_p1_230306_667352 predict time (includes compilation time): 472.9 seconds
Info: MYD88_Q66JS6_x1 model_1_multimer_v2_p1_230306_667352_recycled_00,  tol =   inf, pLDDT = 62.02, pTM-score = 0.3070, piTM-score = 0.0000, interface-score = 0.0000, iRes = 0    iCnt = 0   
Info: MYD88_Q66JS6_x1 model_1_multimer_v2_p1_230306_667352_recycled_01,  tol = 101.83, pLDDT = 64.61, pTM-score = 0.3145, piTM-score = 0.0000, interface-score = 0.0000, iRes = 0    iCnt = 0   
Info: MYD88_Q66JS6_x1 model_1_multimer_v2_p1_230306_667352_recycled_02,  tol = 15.20, pLDDT = 65.51, pTM-score = 0.3147, piTM-score = 0.0000, interface-score = 0.0000, iRes = 0    iCnt = 0   
Info: MYD88_Q66JS6_x1 model_1_multimer_v2_p1_230306_667352_recycled_03,  tol =  9.06, pLDDT = 65.88, pTM-score = 0.3173, piTM-score = 0.0000, interface-score = 0.0000, iRes = 0    iCnt = 0   
Info: MYD88_Q66JS6_x1 model_1_multimer_v2_p1_230306_667352_recycled_04,  tol = 10.26, pLDDT = 65.88, pTM-score = 0.3169, piTM-score = 0.0000, interface-score = 0.0000, iRes = 0    iCnt = 0   
Info: MYD88_Q66JS6_x1 model_1_multimer_v2_p1_230306_667352_recycled_05,  tol =  3.76, pLDDT = 66.33, pTM-score = 0.3191, piTM-score = 0.0000, interface-score = 0.0000, iRes = 0    iCnt = 0   
Info: MYD88_Q66JS6_x1 model_1_multimer_v2_p1_230306_667352_recycled_06,  tol = 10.61, pLDDT = 66.44, pTM-score = 0.3210, piTM-score = 0.0000, interface-score = 0.0000, iRes = 0    iCnt = 0   
Info: MYD88_Q66JS6_x1 model_1_multimer_v2_p1_230306_667352_recycled_07,  tol = 11.83, pLDDT = 66.01, pTM-score = 0.3228, piTM-score = 0.0000, interface-score = 0.0000, iRes = 0    iCnt = 0   
Info: MYD88_Q66JS6_x1 model_1_multimer_v2_p1_230306_667352_recycled_08,  tol =  6.51, pLDDT = 66.43, pTM-score = 0.3207, piTM-score = 0.0000, interface-score = 0.0000, iRes = 0    iCnt = 0   
Info: MYD88_Q66JS6_x1 model_1_multimer_v2_p1_230306_667352_recycled_09,  tol =  3.81, pLDDT = 66.26, pTM-score = 0.3213, piTM-score = 0.0000, interface-score = 0.0000, iRes = 0    iCnt = 0   
Info: MYD88_Q66JS6_x1 model_1_multimer_v2_p1_230306_667352_recycled_10,  tol = 14.30, pLDDT = 66.26, pTM-score = 0.3198, piTM-score = 0.0000, interface-score = 0.0000, iRes = 0    iCnt = 0   
Info: MYD88_Q66JS6_x1 model_1_multimer_v2_p1_230306_667352_recycled_11,  tol =  9.78, pLDDT = 66.09, pTM-score = 0.3205, piTM-score = 0.0000, interface-score = 0.0000, iRes = 0    iCnt = 0   
Info: MYD88_Q66JS6_x1 model_1_multimer_v2_p1_230306_667352_recycled_12,  tol =  3.81, pLDDT = 66.01, pTM-score = 0.3187, piTM-score = 0.0000, interface-score = 0.0000, iRes = 0    iCnt = 0   
Info: MYD88_Q66JS6_x1 model_1_multimer_v2_p1_230306_667352_recycled_13,  tol =  8.04, pLDDT = 65.66, pTM-score = 0.3195, piTM-score = 0.0000, interface-score = 0.0000, iRes = 0    iCnt = 0   
Info: MYD88_Q66JS6_x1 model_1_multimer_v2_p1_230306_667352_recycled_14,  tol =  7.33, pLDDT = 65.78, pTM-score = 0.3204, piTM-score = 0.0000, interface-score = 0.0000, iRes = 0    iCnt = 0   
Info: MYD88_Q66JS6_x1 model_1_multimer_v2_p1_230306_667352_recycled_15,  tol =  7.71, pLDDT = 65.44, pTM-score = 0.3198, piTM-score = 0.0000, interface-score = 0.0000, iRes = 0    iCnt = 0   
Info: MYD88_Q66JS6_x1 model_1_multimer_v2_p1_230306_667352_recycled_16,  tol = 13.59, pLDDT = 66.09, pTM-score = 0.3201, piTM-score = 0.0000, interface-score = 0.0000, iRes = 0    iCnt = 0   
Info: MYD88_Q66JS6_x1 model_1_multimer_v2_p1_230306_667352_recycled_17,  tol =  3.15, pLDDT = 66.29, pTM-score = 0.3200, piTM-score = 0.0000, interface-score = 0.0000, iRes = 0    iCnt = 0   
Info: MYD88_Q66JS6_x1 model_1_multimer_v2_p1_230306_667352_recycled_18,  tol = 12.20, pLDDT = 66.31, pTM-score = 0.3202, piTM-score = 0.0000, interface-score = 0.0000, iRes = 0    iCnt = 0   
Info: MYD88_Q66JS6_x1 model_1_multimer_v2_p1_230306_667352_recycled_19,  tol =  7.29, pLDDT = 66.07, pTM-score = 0.3181, piTM-score = 0.0000, interface-score = 0.0000, iRes = 0    iCnt = 0   
Info: MYD88_Q66JS6_x1 model_1_multimer_v2_p1_230306_667352 performed 20 recycles, final tol = 10.92, pLDDT = 66.27, pTM-score = 0.3202, piTM-score = 0.0000, interface-score = 0.0000, iRes = 0    iCnt = 0   
Info: num_clusters = 2, cluster_sizes = [1, 1],  clusters = [['MYD88_MOUSE_0'], ['Q66JS6_0']]

I0306 19:08:52.471969 23121443092288 run_af2c_mod.py:404] Final timings for MYD88_Q66JS6_x1: {'features': 0.78, 'process_features_model_1_multimer_v2_p1_230306_667352': 0.0, 'predict_and_compile_model_1_multimer_v2_p1_230306_667352': 472.9}
                                  
================================= 
Global information about the job: 
================================= 
  
Job owner: flobnow(42847)
Job name:  1_AF2C
Node list: ravg1105
Job start: Mon Mar  6 19:00:39 CET 2023
Job end:   Mon Mar  6 19:08:54 CET 2023
Work dir:  /raven/u/flobnow/workingLama/scripts/myRuns/Q66JS6
Command:   /raven/u/flobnow/workingLama/scripts/myRuns/Q66JS6/script2_comp_model_1.sh
  
  
  
==========================================================================================
Information on jobsteps (Note: MaxRSS/AveRSS is the maximum/average over all 
tasks of the per-task memory high-water marks; cf. "man sacct"): 
==========================================================================================
  
JobID            JobName NNodes NTasks  NCPUS        0.00M        0.00M    Elapsed ExitCode
------------- ---------- ------ ------ ------ ------------ ------------ ---------- --------
4365613           1_AF2C      1           108                             00:08:15      0:0
4365613.0        python3      1      1    108    19706.45M    19706.45M   00:08:11      0:0
  
Maximum memory per node: 20.663711 GB (defined as MaxRSS*Ntasks/NNodes)
CPU utilization: 2.0 %
  
Info: input file name is Q66JS6
Info: input target list is /u/flobnow/workingLama/scripts/myRuns/Q66JS6/target.lst
Info: input feature directory is /u/flobnow/workingLama/feature_files
Info: result output directory is /u/flobnow/workingLama/output_files
Info: model preset is multimer_np
Info: msa pairing is all
Info: recycling setting is 1
Info: using preset super2
Info: set num_ensemble = 2
Info: set max_recyles = 20
Info: set recycle_tol = 0.1
Info: mas_pairing mode is all
I0307 00:04:32.013228 23395819611968 tpu_client.py:54] Starting the local TPU driver.
I0307 00:04:32.013631 23395819611968 xla_bridge.py:212] Unable to initialize backend 'tpu_driver': Not found: Unable to find driver in registry given worker: local://
I0307 00:04:32.380125 23395819611968 xla_bridge.py:212] Unable to initialize backend 'tpu': Invalid argument: TpuPlatform is not available.
I0307 00:04:35.135249 23395819611968 run_af2c_mod.py:481] Have 1 models: ['model_2_multimer_v2_p1']
Info: working on target MYD88_Q66JS6_x1
I0307 00:04:39.139609 23395819611968 run_af2c_mod.py:512] Using random seed 7988262804133374439 for the data pipeline
Info: MYD88_Q66JS6_x1 found monomer MYD88_MOUSE msa_depth = 3425, seq_len = 296, num_templ = 20
Info: MYD88_MOUSE reducing the number of structural templates to 4
Info: MYD88_Q66JS6_x1 found monomer Q66JS6 msa_depth = 3121, seq_len = 263, num_templ = 10
Info: Q66JS6 reducing the number of structural templates to 4
Info: 2 chain(s) to model {'A': 'MYD88_MOUSE_1', 'B': 'Q66JS6_1'}
Info: modeling MYD88_Q66JS6_x1 with msa_depth = 5556, seq_len = 559, num_templ = 8
I0307 00:04:40.100779 23395819611968 run_af2c_mod.py:216] Running model model_2_multimer_v2_p1_230307_374439
I0307 00:04:40.101278 23395819611968 model.py:205] Running predict with shape(feat) = {'msa': (5556, 559), 'bert_mask': (5556, 559), 'num_alignments': (), 'aatype': (559,), 'seq_length': (), 'template_aatype': (8, 559), 'template_all_atom_mask': (8, 559, 37), 'template_all_atom_positions': (8, 559, 37, 3), 'all_atom_positions': (559, 37, 3), 'template_domain_names': (8,), 'asym_id': (559,), 'sym_id': (559,), 'entity_id': (559,), 'residue_index': (559,), 'deletion_matrix': (5556, 559), 'seq_mask': (559,), 'msa_mask': (5556, 559), 'cluster_bias_mask': (5556,), 'pdb_residue_index': (559,)}
I0307 00:12:35.763130 23395819611968 run_af2c_mod.py:270] Total JAX model model_2_multimer_v2_p1_230307_374439 predict time (includes compilation time): 475.7 seconds
Info: MYD88_Q66JS6_x1 model_2_multimer_v2_p1_230307_374439_recycled_00,  tol =   inf, pLDDT = 64.01, pTM-score = 0.3085, piTM-score = 0.0000, interface-score = 0.0000, iRes = 0    iCnt = 0   
Info: MYD88_Q66JS6_x1 model_2_multimer_v2_p1_230307_374439_recycled_01,  tol = 104.29, pLDDT = 63.82, pTM-score = 0.3085, piTM-score = 0.0000, interface-score = 0.0000, iRes = 0    iCnt = 0   
Info: MYD88_Q66JS6_x1 model_2_multimer_v2_p1_230307_374439_recycled_02,  tol =  8.39, pLDDT = 65.64, pTM-score = 0.3119, piTM-score = 0.0000, interface-score = 0.0000, iRes = 0    iCnt = 0   
Info: MYD88_Q66JS6_x1 model_2_multimer_v2_p1_230307_374439_recycled_03,  tol = 12.89, pLDDT = 66.30, pTM-score = 0.3140, piTM-score = 0.0000, interface-score = 0.0000, iRes = 0    iCnt = 0   
Info: MYD88_Q66JS6_x1 model_2_multimer_v2_p1_230307_374439_recycled_04,  tol =  8.73, pLDDT = 65.90, pTM-score = 0.3137, piTM-score = 0.0000, interface-score = 0.0000, iRes = 0    iCnt = 0   
Info: MYD88_Q66JS6_x1 model_2_multimer_v2_p1_230307_374439_recycled_05,  tol =  7.95, pLDDT = 66.15, pTM-score = 0.3136, piTM-score = 0.0000, interface-score = 0.0000, iRes = 0    iCnt = 0   
Info: MYD88_Q66JS6_x1 model_2_multimer_v2_p1_230307_374439_recycled_06,  tol =  5.41, pLDDT = 65.96, pTM-score = 0.3142, piTM-score = 0.0000, interface-score = 0.0000, iRes = 0    iCnt = 0   
Info: MYD88_Q66JS6_x1 model_2_multimer_v2_p1_230307_374439_recycled_07,  tol =  5.73, pLDDT = 66.26, pTM-score = 0.3147, piTM-score = 0.0000, interface-score = 0.0000, iRes = 0    iCnt = 0   
Info: MYD88_Q66JS6_x1 model_2_multimer_v2_p1_230307_374439_recycled_08,  tol =  4.81, pLDDT = 66.43, pTM-score = 0.3161, piTM-score = 0.0000, interface-score = 0.0000, iRes = 0    iCnt = 0   
Info: MYD88_Q66JS6_x1 model_2_multimer_v2_p1_230307_374439_recycled_09,  tol =  4.76, pLDDT = 66.22, pTM-score = 0.3179, piTM-score = 0.0000, interface-score = 0.0000, iRes = 0    iCnt = 0   
Info: MYD88_Q66JS6_x1 model_2_multimer_v2_p1_230307_374439_recycled_10,  tol = 12.89, pLDDT = 66.04, pTM-score = 0.3154, piTM-score = 0.0000, interface-score = 0.0000, iRes = 0    iCnt = 0   
Info: MYD88_Q66JS6_x1 model_2_multimer_v2_p1_230307_374439_recycled_11,  tol =  7.81, pLDDT = 66.34, pTM-score = 0.3174, piTM-score = 0.0000, interface-score = 0.0000, iRes = 0    iCnt = 0   
Info: MYD88_Q66JS6_x1 model_2_multimer_v2_p1_230307_374439_recycled_12,  tol =  5.63, pLDDT = 65.89, pTM-score = 0.3165, piTM-score = 0.0000, interface-score = 0.0000, iRes = 0    iCnt = 0   
Info: MYD88_Q66JS6_x1 model_2_multimer_v2_p1_230307_374439_recycled_13,  tol =  6.83, pLDDT = 65.79, pTM-score = 0.3168, piTM-score = 0.0000, interface-score = 0.0000, iRes = 0    iCnt = 0   
Info: MYD88_Q66JS6_x1 model_2_multimer_v2_p1_230307_374439_recycled_14,  tol =  6.96, pLDDT = 65.80, pTM-score = 0.3172, piTM-score = 0.0000, interface-score = 0.0000, iRes = 0    iCnt = 0   
Info: MYD88_Q66JS6_x1 model_2_multimer_v2_p1_230307_374439_recycled_15,  tol =  5.15, pLDDT = 66.03, pTM-score = 0.3171, piTM-score = 0.0000, interface-score = 0.0000, iRes = 0    iCnt = 0   
Info: MYD88_Q66JS6_x1 model_2_multimer_v2_p1_230307_374439_recycled_16,  tol =  2.20, pLDDT = 66.09, pTM-score = 0.3201, piTM-score = 0.0000, interface-score = 0.0000, iRes = 0    iCnt = 0   
Info: MYD88_Q66JS6_x1 model_2_multimer_v2_p1_230307_374439_recycled_17,  tol =  7.38, pLDDT = 66.48, pTM-score = 0.3196, piTM-score = 0.0000, interface-score = 0.0000, iRes = 0    iCnt = 0   
Info: MYD88_Q66JS6_x1 model_2_multimer_v2_p1_230307_374439_recycled_18,  tol =  5.12, pLDDT = 66.16, pTM-score = 0.3185, piTM-score = 0.0000, interface-score = 0.0000, iRes = 0    iCnt = 0   
Info: MYD88_Q66JS6_x1 model_2_multimer_v2_p1_230307_374439_recycled_19,  tol =  4.68, pLDDT = 65.99, pTM-score = 0.3181, piTM-score = 0.0000, interface-score = 0.0000, iRes = 0    iCnt = 0   
Info: MYD88_Q66JS6_x1 model_2_multimer_v2_p1_230307_374439 performed 20 recycles, final tol = 4.04, pLDDT = 66.05, pTM-score = 0.3189, piTM-score = 0.0000, interface-score = 0.0000, iRes = 0    iCnt = 0   
Info: num_clusters = 2, cluster_sizes = [1, 1],  clusters = [['MYD88_MOUSE_0'], ['Q66JS6_0']]

I0307 00:12:38.123190 23395819611968 run_af2c_mod.py:404] Final timings for MYD88_Q66JS6_x1: {'features': 0.96, 'process_features_model_2_multimer_v2_p1_230307_374439': 0.0, 'predict_and_compile_model_2_multimer_v2_p1_230307_374439': 475.7}
                                  
================================= 
Global information about the job: 
================================= 
  
Job owner: flobnow(42847)
Job name:  2_AF2C
Node list: ravg1094
Job start: Tue Mar  7 00:04:25 CET 2023
Job end:   Tue Mar  7 00:12:39 CET 2023
Work dir:  /raven/u/flobnow/workingLama/scripts/myRuns/Q66JS6
Command:   /raven/u/flobnow/workingLama/scripts/myRuns/Q66JS6/script2_comp_model_2.sh
  
  
  
==========================================================================================
Information on jobsteps (Note: MaxRSS/AveRSS is the maximum/average over all 
tasks of the per-task memory high-water marks; cf. "man sacct"): 
==========================================================================================
  
JobID            JobName NNodes NTasks  NCPUS        0.00M        0.00M    Elapsed ExitCode
------------- ---------- ------ ------ ------ ------------ ------------ ---------- --------
4365773           2_AF2C      1           108                             00:08:14      0:0
4365773.0        python3      1      1    108    19648.43M    19648.43M   00:08:13      0:0
  
Maximum memory per node: 20.602876 GB (defined as MaxRSS*Ntasks/NNodes)
CPU utilization: 2.0 %
  
Info: input file name is Q66JS6
Info: input target list is /u/flobnow/workingLama/scripts/myRuns/Q66JS6/target.lst
Info: input feature directory is /u/flobnow/workingLama/feature_files
Info: result output directory is /u/flobnow/workingLama/output_files
Info: model preset is multimer_np
Info: msa pairing is all
Info: recycling setting is 1
Info: using preset super2
Info: set num_ensemble = 2
Info: set max_recyles = 20
Info: set recycle_tol = 0.1
Info: mas_pairing mode is all
I0307 00:21:46.645896 22845059315520 tpu_client.py:54] Starting the local TPU driver.
I0307 00:21:46.646298 22845059315520 xla_bridge.py:212] Unable to initialize backend 'tpu_driver': Not found: Unable to find driver in registry given worker: local://
I0307 00:21:47.007120 22845059315520 xla_bridge.py:212] Unable to initialize backend 'tpu': Invalid argument: TpuPlatform is not available.
I0307 00:21:49.731390 22845059315520 run_af2c_mod.py:481] Have 1 models: ['model_3_multimer_v2_p1']
Info: working on target MYD88_Q66JS6_x1
I0307 00:21:49.731925 22845059315520 run_af2c_mod.py:512] Using random seed 3729376779390968770 for the data pipeline
Info: MYD88_Q66JS6_x1 found monomer MYD88_MOUSE msa_depth = 3425, seq_len = 296, num_templ = 20
Info: MYD88_MOUSE reducing the number of structural templates to 4
Info: MYD88_Q66JS6_x1 found monomer Q66JS6 msa_depth = 3121, seq_len = 263, num_templ = 10
Info: Q66JS6 reducing the number of structural templates to 4
Info: 2 chain(s) to model {'A': 'MYD88_MOUSE_1', 'B': 'Q66JS6_1'}
Info: modeling MYD88_Q66JS6_x1 with msa_depth = 5556, seq_len = 559, num_templ = 8
I0307 00:21:50.493354 22845059315520 run_af2c_mod.py:216] Running model model_3_multimer_v2_p1_230307_968770
I0307 00:21:50.493842 22845059315520 model.py:205] Running predict with shape(feat) = {'msa': (5556, 559), 'bert_mask': (5556, 559), 'num_alignments': (), 'aatype': (559,), 'seq_length': (), 'template_aatype': (8, 559), 'template_all_atom_mask': (8, 559, 37), 'template_all_atom_positions': (8, 559, 37, 3), 'all_atom_positions': (559, 37, 3), 'template_domain_names': (8,), 'asym_id': (559,), 'sym_id': (559,), 'entity_id': (559,), 'residue_index': (559,), 'deletion_matrix': (5556, 559), 'seq_mask': (559,), 'msa_mask': (5556, 559), 'cluster_bias_mask': (5556,), 'pdb_residue_index': (559,)}
I0307 00:29:54.838796 22845059315520 run_af2c_mod.py:270] Total JAX model model_3_multimer_v2_p1_230307_968770 predict time (includes compilation time): 484.3 seconds
Info: MYD88_Q66JS6_x1 model_3_multimer_v2_p1_230307_968770_recycled_00,  tol =   inf, pLDDT = 61.44, pTM-score = 0.3017, piTM-score = 0.0000, interface-score = 0.0000, iRes = 0    iCnt = 0   
Info: MYD88_Q66JS6_x1 model_3_multimer_v2_p1_230307_968770_recycled_01,  tol = 129.21, pLDDT = 62.99, pTM-score = 0.3039, piTM-score = 0.0000, interface-score = 0.0000, iRes = 0    iCnt = 0   
Info: MYD88_Q66JS6_x1 model_3_multimer_v2_p1_230307_968770_recycled_02,  tol = 32.81, pLDDT = 63.37, pTM-score = 0.3061, piTM-score = 0.0000, interface-score = 0.0000, iRes = 0    iCnt = 0   
Info: MYD88_Q66JS6_x1 model_3_multimer_v2_p1_230307_968770_recycled_03,  tol = 34.56, pLDDT = 64.20, pTM-score = 0.3077, piTM-score = 0.0000, interface-score = 0.0000, iRes = 0    iCnt = 0   
Info: MYD88_Q66JS6_x1 model_3_multimer_v2_p1_230307_968770_recycled_04,  tol = 48.16, pLDDT = 64.42, pTM-score = 0.3121, piTM-score = 0.0000, interface-score = 0.0000, iRes = 0    iCnt = 0   
Info: MYD88_Q66JS6_x1 model_3_multimer_v2_p1_230307_968770_recycled_05,  tol = 27.96, pLDDT = 64.49, pTM-score = 0.3117, piTM-score = 0.0000, interface-score = 0.0000, iRes = 0    iCnt = 0   
Info: MYD88_Q66JS6_x1 model_3_multimer_v2_p1_230307_968770_recycled_06,  tol = 27.15, pLDDT = 64.99, pTM-score = 0.3126, piTM-score = 0.0000, interface-score = 0.0000, iRes = 0    iCnt = 0   
Info: MYD88_Q66JS6_x1 model_3_multimer_v2_p1_230307_968770_recycled_07,  tol =  9.18, pLDDT = 65.28, pTM-score = 0.3128, piTM-score = 0.0000, interface-score = 0.0000, iRes = 0    iCnt = 0   
Info: MYD88_Q66JS6_x1 model_3_multimer_v2_p1_230307_968770_recycled_08,  tol = 11.67, pLDDT = 65.03, pTM-score = 0.3147, piTM-score = 0.0000, interface-score = 0.0000, iRes = 0    iCnt = 0   
Info: MYD88_Q66JS6_x1 model_3_multimer_v2_p1_230307_968770_recycled_09,  tol = 20.91, pLDDT = 65.28, pTM-score = 0.3185, piTM-score = 0.0000, interface-score = 0.0000, iRes = 0    iCnt = 0   
Info: MYD88_Q66JS6_x1 model_3_multimer_v2_p1_230307_968770_recycled_10,  tol =  8.51, pLDDT = 65.50, pTM-score = 0.3168, piTM-score = 0.0000, interface-score = 0.0000, iRes = 0    iCnt = 0   
Info: MYD88_Q66JS6_x1 model_3_multimer_v2_p1_230307_968770_recycled_11,  tol =  9.79, pLDDT = 65.35, pTM-score = 0.3143, piTM-score = 0.0000, interface-score = 0.0000, iRes = 0    iCnt = 0   
Info: MYD88_Q66JS6_x1 model_3_multimer_v2_p1_230307_968770_recycled_12,  tol = 12.25, pLDDT = 65.03, pTM-score = 0.3129, piTM-score = 0.0000, interface-score = 0.0000, iRes = 0    iCnt = 0   
Info: MYD88_Q66JS6_x1 model_3_multimer_v2_p1_230307_968770_recycled_13,  tol =  7.42, pLDDT = 64.93, pTM-score = 0.3141, piTM-score = 0.0000, interface-score = 0.0000, iRes = 0    iCnt = 0   
Info: MYD88_Q66JS6_x1 model_3_multimer_v2_p1_230307_968770_recycled_14,  tol =  9.02, pLDDT = 65.03, pTM-score = 0.3142, piTM-score = 0.0000, interface-score = 0.0000, iRes = 0    iCnt = 0   
Info: MYD88_Q66JS6_x1 model_3_multimer_v2_p1_230307_968770_recycled_15,  tol =  4.09, pLDDT = 64.87, pTM-score = 0.3138, piTM-score = 0.0000, interface-score = 0.0000, iRes = 0    iCnt = 0   
Info: MYD88_Q66JS6_x1 model_3_multimer_v2_p1_230307_968770_recycled_16,  tol = 13.83, pLDDT = 65.51, pTM-score = 0.3193, piTM-score = 0.0000, interface-score = 0.0000, iRes = 0    iCnt = 0   
Info: MYD88_Q66JS6_x1 model_3_multimer_v2_p1_230307_968770_recycled_17,  tol = 15.53, pLDDT = 65.54, pTM-score = 0.3164, piTM-score = 0.0000, interface-score = 0.0000, iRes = 0    iCnt = 0   
Info: MYD88_Q66JS6_x1 model_3_multimer_v2_p1_230307_968770_recycled_18,  tol =  7.63, pLDDT = 65.10, pTM-score = 0.3150, piTM-score = 0.0000, interface-score = 0.0000, iRes = 0    iCnt = 0   
Info: MYD88_Q66JS6_x1 model_3_multimer_v2_p1_230307_968770_recycled_19,  tol =  3.15, pLDDT = 65.61, pTM-score = 0.3185, piTM-score = 0.0000, interface-score = 0.0000, iRes = 0    iCnt = 0   
Info: MYD88_Q66JS6_x1 model_3_multimer_v2_p1_230307_968770 performed 20 recycles, final tol = 3.60, pLDDT = 65.84, pTM-score = 0.3195, piTM-score = 0.0000, interface-score = 0.0000, iRes = 0    iCnt = 0   
Info: num_clusters = 2, cluster_sizes = [1, 1],  clusters = [['MYD88_MOUSE_0'], ['Q66JS6_0']]

I0307 00:29:57.196109 22845059315520 run_af2c_mod.py:404] Final timings for MYD88_Q66JS6_x1: {'features': 0.76, 'process_features_model_3_multimer_v2_p1_230307_968770': 0.0, 'predict_and_compile_model_3_multimer_v2_p1_230307_968770': 484.3}
                                  
================================= 
Global information about the job: 
================================= 
  
Job owner: flobnow(42847)
Job name:  3_AF2C
Node list: ravg1043
Job start: Tue Mar  7 00:21:37 CET 2023
Job end:   Tue Mar  7 00:29:59 CET 2023
Work dir:  /raven/u/flobnow/workingLama/scripts/myRuns/Q66JS6
Command:   /raven/u/flobnow/workingLama/scripts/myRuns/Q66JS6/script2_comp_model_3.sh
  
  
  
==========================================================================================
Information on jobsteps (Note: MaxRSS/AveRSS is the maximum/average over all 
tasks of the per-task memory high-water marks; cf. "man sacct"): 
==========================================================================================
  
JobID            JobName NNodes NTasks  NCPUS        0.00M        0.00M    Elapsed ExitCode
------------- ---------- ------ ------ ------ ------------ ------------ ---------- --------
4365784           3_AF2C      1           108                             00:08:22      0:0
4365784.0        python3      1      1    108    19508.90M    19508.90M   00:08:17      0:0
  
Maximum memory per node: 20.456566 GB (defined as MaxRSS*Ntasks/NNodes)
CPU utilization: 2.0 %
  
Info: input file name is Q66JS6
Info: input target list is /u/flobnow/workingLama/scripts/myRuns/Q66JS6/target.lst
Info: input feature directory is /u/flobnow/workingLama/feature_files
Info: result output directory is /u/flobnow/workingLama/output_files
Info: model preset is multimer_np
Info: msa pairing is all
Info: recycling setting is 1
Info: using preset super2
Info: set num_ensemble = 2
Info: set max_recyles = 20
Info: set recycle_tol = 0.1
Info: mas_pairing mode is all
I0307 00:25:59.558496 22803625273152 tpu_client.py:54] Starting the local TPU driver.
I0307 00:25:59.558868 22803625273152 xla_bridge.py:212] Unable to initialize backend 'tpu_driver': Not found: Unable to find driver in registry given worker: local://
I0307 00:25:59.918847 22803625273152 xla_bridge.py:212] Unable to initialize backend 'tpu': Invalid argument: TpuPlatform is not available.
I0307 00:26:02.673803 22803625273152 run_af2c_mod.py:481] Have 1 models: ['model_4_multimer_v2_p1']
Info: working on target MYD88_Q66JS6_x1
I0307 00:26:09.681141 22803625273152 run_af2c_mod.py:512] Using random seed 5889750775256036045 for the data pipeline
Info: MYD88_Q66JS6_x1 found monomer MYD88_MOUSE msa_depth = 3425, seq_len = 296, num_templ = 20
Info: MYD88_MOUSE reducing the number of structural templates to 4
Info: MYD88_Q66JS6_x1 found monomer Q66JS6 msa_depth = 3121, seq_len = 263, num_templ = 10
Info: Q66JS6 reducing the number of structural templates to 4
Info: 2 chain(s) to model {'A': 'MYD88_MOUSE_1', 'B': 'Q66JS6_1'}
Info: modeling MYD88_Q66JS6_x1 with msa_depth = 5556, seq_len = 559, num_templ = 8
I0307 00:26:10.445043 22803625273152 run_af2c_mod.py:216] Running model model_4_multimer_v2_p1_230307_036045
I0307 00:26:10.445524 22803625273152 model.py:205] Running predict with shape(feat) = {'msa': (5556, 559), 'bert_mask': (5556, 559), 'num_alignments': (), 'aatype': (559,), 'seq_length': (), 'template_aatype': (8, 559), 'template_all_atom_mask': (8, 559, 37), 'template_all_atom_positions': (8, 559, 37, 3), 'all_atom_positions': (559, 37, 3), 'template_domain_names': (8,), 'asym_id': (559,), 'sym_id': (559,), 'entity_id': (559,), 'residue_index': (559,), 'deletion_matrix': (5556, 559), 'seq_mask': (559,), 'msa_mask': (5556, 559), 'cluster_bias_mask': (5556,), 'pdb_residue_index': (559,)}
I0307 00:34:13.906657 22803625273152 run_af2c_mod.py:270] Total JAX model model_4_multimer_v2_p1_230307_036045 predict time (includes compilation time): 483.5 seconds
Info: MYD88_Q66JS6_x1 model_4_multimer_v2_p1_230307_036045_recycled_00,  tol =   inf, pLDDT = 60.86, pTM-score = 0.2879, piTM-score = 0.0000, interface-score = 0.0000, iRes = 0    iCnt = 0   
Info: MYD88_Q66JS6_x1 model_4_multimer_v2_p1_230307_036045_recycled_01,  tol = 101.40, pLDDT = 63.15, pTM-score = 0.3111, piTM-score = 0.0000, interface-score = 0.0000, iRes = 0    iCnt = 0   
Info: MYD88_Q66JS6_x1 model_4_multimer_v2_p1_230307_036045_recycled_02,  tol = 19.91, pLDDT = 65.10, pTM-score = 0.3130, piTM-score = 0.0000, interface-score = 0.0000, iRes = 0    iCnt = 0   
Info: MYD88_Q66JS6_x1 model_4_multimer_v2_p1_230307_036045_recycled_03,  tol = 19.53, pLDDT = 65.47, pTM-score = 0.3146, piTM-score = 0.0000, interface-score = 0.0000, iRes = 0    iCnt = 0   
Info: MYD88_Q66JS6_x1 model_4_multimer_v2_p1_230307_036045_recycled_04,  tol =  9.87, pLDDT = 65.68, pTM-score = 0.3166, piTM-score = 0.0000, interface-score = 0.0000, iRes = 0    iCnt = 0   
Info: MYD88_Q66JS6_x1 model_4_multimer_v2_p1_230307_036045_recycled_05,  tol =  8.02, pLDDT = 65.92, pTM-score = 0.3162, piTM-score = 0.0000, interface-score = 0.0000, iRes = 0    iCnt = 0   
Info: MYD88_Q66JS6_x1 model_4_multimer_v2_p1_230307_036045_recycled_06,  tol =  3.61, pLDDT = 65.87, pTM-score = 0.3151, piTM-score = 0.0000, interface-score = 0.0000, iRes = 0    iCnt = 0   
Info: MYD88_Q66JS6_x1 model_4_multimer_v2_p1_230307_036045_recycled_07,  tol =  8.31, pLDDT = 65.75, pTM-score = 0.3155, piTM-score = 0.0000, interface-score = 0.0000, iRes = 0    iCnt = 0   
Info: MYD88_Q66JS6_x1 model_4_multimer_v2_p1_230307_036045_recycled_08,  tol =  3.35, pLDDT = 65.69, pTM-score = 0.3155, piTM-score = 0.0000, interface-score = 0.0000, iRes = 0    iCnt = 0   
Info: MYD88_Q66JS6_x1 model_4_multimer_v2_p1_230307_036045_recycled_09,  tol =  8.15, pLDDT = 65.92, pTM-score = 0.3167, piTM-score = 0.0000, interface-score = 0.0000, iRes = 0    iCnt = 0   
Info: MYD88_Q66JS6_x1 model_4_multimer_v2_p1_230307_036045_recycled_10,  tol =  3.18, pLDDT = 65.85, pTM-score = 0.3159, piTM-score = 0.0000, interface-score = 0.0000, iRes = 0    iCnt = 0   
Info: MYD88_Q66JS6_x1 model_4_multimer_v2_p1_230307_036045_recycled_11,  tol =  7.45, pLDDT = 65.72, pTM-score = 0.3158, piTM-score = 0.0000, interface-score = 0.0000, iRes = 0    iCnt = 0   
Info: MYD88_Q66JS6_x1 model_4_multimer_v2_p1_230307_036045_recycled_12,  tol =  4.49, pLDDT = 65.85, pTM-score = 0.3159, piTM-score = 0.0000, interface-score = 0.0000, iRes = 0    iCnt = 0   
Info: MYD88_Q66JS6_x1 model_4_multimer_v2_p1_230307_036045_recycled_13,  tol =  4.24, pLDDT = 65.91, pTM-score = 0.3166, piTM-score = 0.0000, interface-score = 0.0000, iRes = 0    iCnt = 0   
Info: MYD88_Q66JS6_x1 model_4_multimer_v2_p1_230307_036045_recycled_14,  tol =  3.35, pLDDT = 65.91, pTM-score = 0.3177, piTM-score = 0.0000, interface-score = 0.0000, iRes = 0    iCnt = 0   
Info: MYD88_Q66JS6_x1 model_4_multimer_v2_p1_230307_036045_recycled_15,  tol =  7.51, pLDDT = 65.78, pTM-score = 0.3171, piTM-score = 0.0000, interface-score = 0.0000, iRes = 0    iCnt = 0   
Info: MYD88_Q66JS6_x1 model_4_multimer_v2_p1_230307_036045_recycled_16,  tol =  7.27, pLDDT = 65.95, pTM-score = 0.3166, piTM-score = 0.0000, interface-score = 0.0000, iRes = 0    iCnt = 0   
Info: MYD88_Q66JS6_x1 model_4_multimer_v2_p1_230307_036045_recycled_17,  tol =  4.50, pLDDT = 66.00, pTM-score = 0.3168, piTM-score = 0.0000, interface-score = 0.0000, iRes = 0    iCnt = 0   
Info: MYD88_Q66JS6_x1 model_4_multimer_v2_p1_230307_036045_recycled_18,  tol =  5.76, pLDDT = 66.08, pTM-score = 0.3171, piTM-score = 0.0000, interface-score = 0.0000, iRes = 0    iCnt = 0   
Info: MYD88_Q66JS6_x1 model_4_multimer_v2_p1_230307_036045_recycled_19,  tol =  4.62, pLDDT = 65.92, pTM-score = 0.3165, piTM-score = 0.0000, interface-score = 0.0000, iRes = 0    iCnt = 0   
Info: MYD88_Q66JS6_x1 model_4_multimer_v2_p1_230307_036045 performed 20 recycles, final tol = 5.22, pLDDT = 65.99, pTM-score = 0.3173, piTM-score = 0.0000, interface-score = 0.0000, iRes = 0    iCnt = 0   
Info: num_clusters = 2, cluster_sizes = [1, 1],  clusters = [['MYD88_MOUSE_0'], ['Q66JS6_0']]

I0307 00:34:16.166309 22803625273152 run_af2c_mod.py:404] Final timings for MYD88_Q66JS6_x1: {'features': 0.76, 'process_features_model_4_multimer_v2_p1_230307_036045': 0.0, 'predict_and_compile_model_4_multimer_v2_p1_230307_036045': 483.5}
                                  
================================= 
Global information about the job: 
================================= 
  
Job owner: flobnow(42847)
Job name:  4_AF2C
Node list: ravg1024
Job start: Tue Mar  7 00:25:51 CET 2023
Job end:   Tue Mar  7 00:34:17 CET 2023
Work dir:  /raven/u/flobnow/workingLama/scripts/myRuns/Q66JS6
Command:   /raven/u/flobnow/workingLama/scripts/myRuns/Q66JS6/script2_comp_model_4.sh
  
  
  
==========================================================================================
Information on jobsteps (Note: MaxRSS/AveRSS is the maximum/average over all 
tasks of the per-task memory high-water marks; cf. "man sacct"): 
==========================================================================================
  
JobID            JobName NNodes NTasks  NCPUS        0.00M        0.00M    Elapsed ExitCode
------------- ---------- ------ ------ ------ ------------ ------------ ---------- --------
4365786           4_AF2C      1           108                             00:08:26      0:0
4365786.0        python3      1      1    108    19243.39M    19243.39M   00:08:24      0:0
  
Maximum memory per node: 20.178156 GB (defined as MaxRSS*Ntasks/NNodes)
CPU utilization: 1.9 %
  
Info: input file name is Q66JS6
Info: input target list is /u/flobnow/workingLama/scripts/myRuns/Q66JS6/target.lst
Info: input feature directory is /u/flobnow/workingLama/feature_files
Info: result output directory is /u/flobnow/workingLama/output_files
Info: model preset is multimer_np
Info: msa pairing is all
Info: recycling setting is 1
Info: using preset super2
Info: set num_ensemble = 2
Info: set max_recyles = 20
Info: set recycle_tol = 0.1
Info: mas_pairing mode is all
I0307 00:45:00.716632 23032793356096 tpu_client.py:54] Starting the local TPU driver.
I0307 00:45:00.717042 23032793356096 xla_bridge.py:212] Unable to initialize backend 'tpu_driver': Not found: Unable to find driver in registry given worker: local://
I0307 00:45:01.061430 23032793356096 xla_bridge.py:212] Unable to initialize backend 'tpu': Invalid argument: TpuPlatform is not available.
I0307 00:45:03.874383 23032793356096 run_af2c_mod.py:481] Have 1 models: ['model_5_multimer_v2_p1']
Info: working on target MYD88_Q66JS6_x1
I0307 00:45:03.874645 23032793356096 run_af2c_mod.py:512] Using random seed 6317338421268617077 for the data pipeline
Info: MYD88_Q66JS6_x1 found monomer MYD88_MOUSE msa_depth = 3425, seq_len = 296, num_templ = 20
Info: MYD88_MOUSE reducing the number of structural templates to 4
Info: MYD88_Q66JS6_x1 found monomer Q66JS6 msa_depth = 3121, seq_len = 263, num_templ = 10
Info: Q66JS6 reducing the number of structural templates to 4
Info: 2 chain(s) to model {'A': 'MYD88_MOUSE_1', 'B': 'Q66JS6_1'}
Info: modeling MYD88_Q66JS6_x1 with msa_depth = 5556, seq_len = 559, num_templ = 8
I0307 00:45:04.651966 23032793356096 run_af2c_mod.py:216] Running model model_5_multimer_v2_p1_230307_617077
I0307 00:45:04.652460 23032793356096 model.py:205] Running predict with shape(feat) = {'msa': (5556, 559), 'bert_mask': (5556, 559), 'num_alignments': (), 'aatype': (559,), 'seq_length': (), 'template_aatype': (8, 559), 'template_all_atom_mask': (8, 559, 37), 'template_all_atom_positions': (8, 559, 37, 3), 'all_atom_positions': (559, 37, 3), 'template_domain_names': (8,), 'asym_id': (559,), 'sym_id': (559,), 'entity_id': (559,), 'residue_index': (559,), 'deletion_matrix': (5556, 559), 'seq_mask': (559,), 'msa_mask': (5556, 559), 'cluster_bias_mask': (5556,), 'pdb_residue_index': (559,)}
I0307 00:53:12.557789 23032793356096 run_af2c_mod.py:270] Total JAX model model_5_multimer_v2_p1_230307_617077 predict time (includes compilation time): 487.9 seconds
Info: MYD88_Q66JS6_x1 model_5_multimer_v2_p1_230307_617077_recycled_00,  tol =   inf, pLDDT = 61.45, pTM-score = 0.3057, piTM-score = 0.0000, interface-score = 0.0000, iRes = 0    iCnt = 0   
Info: MYD88_Q66JS6_x1 model_5_multimer_v2_p1_230307_617077_recycled_01,  tol = 87.00, pLDDT = 63.75, pTM-score = 0.3120, piTM-score = 0.0000, interface-score = 0.0000, iRes = 0    iCnt = 0   
Info: MYD88_Q66JS6_x1 model_5_multimer_v2_p1_230307_617077_recycled_02,  tol = 24.24, pLDDT = 63.88, pTM-score = 0.3144, piTM-score = 0.0000, interface-score = 0.0000, iRes = 0    iCnt = 0   
Info: MYD88_Q66JS6_x1 model_5_multimer_v2_p1_230307_617077_recycled_03,  tol =  9.12, pLDDT = 64.08, pTM-score = 0.3144, piTM-score = 0.0000, interface-score = 0.0000, iRes = 0    iCnt = 0   
Info: MYD88_Q66JS6_x1 model_5_multimer_v2_p1_230307_617077_recycled_04,  tol = 13.34, pLDDT = 63.96, pTM-score = 0.3176, piTM-score = 0.0000, interface-score = 0.0000, iRes = 0    iCnt = 0   
Info: MYD88_Q66JS6_x1 model_5_multimer_v2_p1_230307_617077_recycled_05,  tol = 17.31, pLDDT = 64.50, pTM-score = 0.3211, piTM-score = 0.0000, interface-score = 0.0000, iRes = 0    iCnt = 0   
Info: MYD88_Q66JS6_x1 model_5_multimer_v2_p1_230307_617077_recycled_06,  tol =  4.54, pLDDT = 64.58, pTM-score = 0.3214, piTM-score = 0.0014, interface-score = 0.0000, iRes = 2    iCnt = 1   
Info: MYD88_Q66JS6_x1 model_5_multimer_v2_p1_230307_617077_recycled_07,  tol =  2.95, pLDDT = 64.46, pTM-score = 0.3228, piTM-score = 0.0014, interface-score = 0.0000, iRes = 2    iCnt = 1   
Info: MYD88_Q66JS6_x1 model_5_multimer_v2_p1_230307_617077_recycled_08,  tol = 15.63, pLDDT = 64.28, pTM-score = 0.3220, piTM-score = 0.0014, interface-score = 0.0000, iRes = 2    iCnt = 1   
Info: MYD88_Q66JS6_x1 model_5_multimer_v2_p1_230307_617077_recycled_09,  tol = 16.40, pLDDT = 64.40, pTM-score = 0.3202, piTM-score = 0.0000, interface-score = 0.0000, iRes = 0    iCnt = 0   
Info: MYD88_Q66JS6_x1 model_5_multimer_v2_p1_230307_617077_recycled_10,  tol =  5.72, pLDDT = 64.94, pTM-score = 0.3193, piTM-score = 0.0000, interface-score = 0.0000, iRes = 0    iCnt = 0   
Info: MYD88_Q66JS6_x1 model_5_multimer_v2_p1_230307_617077_recycled_11,  tol =  5.04, pLDDT = 64.45, pTM-score = 0.3183, piTM-score = 0.0000, interface-score = 0.0000, iRes = 0    iCnt = 0   
Info: MYD88_Q66JS6_x1 model_5_multimer_v2_p1_230307_617077_recycled_12,  tol =  3.03, pLDDT = 65.01, pTM-score = 0.3182, piTM-score = 0.0000, interface-score = 0.0000, iRes = 0    iCnt = 0   
Info: MYD88_Q66JS6_x1 model_5_multimer_v2_p1_230307_617077_recycled_13,  tol = 12.42, pLDDT = 64.96, pTM-score = 0.3201, piTM-score = 0.0000, interface-score = 0.0000, iRes = 0    iCnt = 0   
Info: MYD88_Q66JS6_x1 model_5_multimer_v2_p1_230307_617077_recycled_14,  tol = 13.05, pLDDT = 64.73, pTM-score = 0.3188, piTM-score = 0.0000, interface-score = 0.0000, iRes = 0    iCnt = 0   
Info: MYD88_Q66JS6_x1 model_5_multimer_v2_p1_230307_617077_recycled_15,  tol =  2.66, pLDDT = 64.78, pTM-score = 0.3194, piTM-score = 0.0000, interface-score = 0.0000, iRes = 0    iCnt = 0   
Info: MYD88_Q66JS6_x1 model_5_multimer_v2_p1_230307_617077_recycled_16,  tol =  4.43, pLDDT = 64.69, pTM-score = 0.3200, piTM-score = 0.0000, interface-score = 0.0000, iRes = 0    iCnt = 0   
Info: MYD88_Q66JS6_x1 model_5_multimer_v2_p1_230307_617077_recycled_17,  tol = 13.36, pLDDT = 64.60, pTM-score = 0.3192, piTM-score = 0.0000, interface-score = 0.0000, iRes = 0    iCnt = 0   
Info: MYD88_Q66JS6_x1 model_5_multimer_v2_p1_230307_617077_recycled_18,  tol =  4.06, pLDDT = 64.92, pTM-score = 0.3198, piTM-score = 0.0000, interface-score = 0.0000, iRes = 0    iCnt = 0   
Info: MYD88_Q66JS6_x1 model_5_multimer_v2_p1_230307_617077_recycled_19,  tol = 11.73, pLDDT = 64.56, pTM-score = 0.3177, piTM-score = 0.0000, interface-score = 0.0000, iRes = 0    iCnt = 0   
Info: MYD88_Q66JS6_x1 model_5_multimer_v2_p1_230307_617077 performed 20 recycles, final tol = 4.85, pLDDT = 64.61, pTM-score = 0.3184, piTM-score = 0.0000, interface-score = 0.0000, iRes = 0    iCnt = 0   
Info: num_clusters = 2, cluster_sizes = [1, 1],  clusters = [['MYD88_MOUSE_0'], ['Q66JS6_0']]

I0307 00:53:14.824058 23032793356096 run_af2c_mod.py:404] Final timings for MYD88_Q66JS6_x1: {'features': 0.78, 'process_features_model_5_multimer_v2_p1_230307_617077': 0.0, 'predict_and_compile_model_5_multimer_v2_p1_230307_617077': 487.9}
                                  
================================= 
Global information about the job: 
================================= 
  
Job owner: flobnow(42847)
Job name:  5_AF2C
Node list: ravg1051
Job start: Tue Mar  7 00:44:53 CET 2023
Job end:   Tue Mar  7 00:53:16 CET 2023
Work dir:  /raven/u/flobnow/workingLama/scripts/myRuns/Q66JS6
Command:   /raven/u/flobnow/workingLama/scripts/myRuns/Q66JS6/script2_comp_model_5.sh
  
  
  
==========================================================================================
Information on jobsteps (Note: MaxRSS/AveRSS is the maximum/average over all 
tasks of the per-task memory high-water marks; cf. "man sacct"): 
==========================================================================================
  
JobID            JobName NNodes NTasks  NCPUS        0.00M        0.00M    Elapsed ExitCode
------------- ---------- ------ ------ ------ ------------ ------------ ---------- --------
4365803           5_AF2C      1           108                             00:08:23      0:0
4365803.0        python3      1      1    108    19371.02M    19371.02M   00:08:21      0:0
  
Maximum memory per node: 20.311990 GB (defined as MaxRSS*Ntasks/NNodes)
CPU utilization: 1.9 %
  
Info: target file is /u/flobnow/workingLama/scripts/myRuns/Q66JS6/target.lst
Info: input directory of unrelaxed models is /u/flobnow/workingLama/output_files
Info: output directory of relaxed models is /u/flobnow/workingLama/output_files
/bin/sh: /mpcdf/soft/SLE_15/packages/x86_64/alphafold/2.2.0/lib/libtinfo.so.6: no version information available (required by /lib64/libreadline.so.7)
I0307 21:06:16.386265 22832443242304 run_af2c_min.py:88] MYD88_Q66JS6_x1 processing model_4_multimer_v2_p1_230307_036045.pdb
sh: /mpcdf/soft/SLE_15/packages/x86_64/alphafold/2.2.0/lib/libtinfo.so.6: no version information available (required by /lib64/libreadline.so.7)
sh: /mpcdf/soft/SLE_15/packages/x86_64/alphafold/2.2.0/lib/libtinfo.so.6: no version information available (required by /lib64/libreadline.so.7)
I0307 21:06:22.500027 22832443242304 amber_minimize.py:177] alterations info: {'nonstandard_residues': [], 'removed_heterogens': set(), 'missing_residues': {}, 'missing_heavy_atoms': {}, 'missing_terminals': {<Residue 295 (PRO) of chain 0>: ['OXT'], <Residue 558 (MET) of chain 1>: ['OXT']}, 'Se_in_MET': [], 'removed_chains': {0: []}}
I0307 21:06:23.246525 22832443242304 amber_minimize.py:408] Minimizing protein, attempt 1 of 100.
I0307 21:06:24.133814 22832443242304 amber_minimize.py:69] Restraining 4437 / 8869 particles.
sh: /mpcdf/soft/SLE_15/packages/x86_64/alphafold/2.2.0/lib/libtinfo.so.6: no version information available (required by /lib64/libreadline.so.7)
I0307 21:07:04.804376 22832443242304 amber_minimize.py:177] alterations info: {'nonstandard_residues': [], 'removed_heterogens': set(), 'missing_residues': {}, 'missing_heavy_atoms': {}, 'missing_terminals': {}, 'Se_in_MET': [], 'removed_chains': {0: []}}
I0307 21:07:05.571532 22832443242304 tpu_client.py:54] Starting the local TPU driver.
I0307 21:07:05.571833 22832443242304 xla_bridge.py:212] Unable to initialize backend 'tpu_driver': Not found: Unable to find driver in registry given worker: local://
I0307 21:07:05.807835 22832443242304 xla_bridge.py:212] Unable to initialize backend 'tpu': Invalid argument: TpuPlatform is not available.
I0307 21:07:14.881625 22832443242304 amber_minimize.py:500] Iteration completed: Einit 312960037.07 Efinal -4244.44 Time 38.94 s num residue violations 4 num residue exclusions 0 
I0307 21:07:14.926290 22832443242304 amber_minimize.py:408] Minimizing protein, attempt 1 of 100.
I0307 21:07:15.842349 22832443242304 amber_minimize.py:69] Restraining 4402 / 8869 particles.
sh: /mpcdf/soft/SLE_15/packages/x86_64/alphafold/2.2.0/lib/libtinfo.so.6: no version information available (required by /lib64/libreadline.so.7)
I0307 21:07:55.460006 22832443242304 amber_minimize.py:177] alterations info: {'nonstandard_residues': [], 'removed_heterogens': set(), 'missing_residues': {}, 'missing_heavy_atoms': {}, 'missing_terminals': {}, 'Se_in_MET': [], 'removed_chains': {0: []}}
I0307 21:07:57.285829 22832443242304 amber_minimize.py:500] Iteration completed: Einit 15429.24 Efinal -6470.84 Time 38.10 s num residue violations 0 num residue exclusions 4 
sh: /mpcdf/soft/SLE_15/packages/x86_64/alphafold/2.2.0/lib/libtinfo.so.6: no version information available (required by /lib64/libreadline.so.7)
sh: /mpcdf/soft/SLE_15/packages/x86_64/alphafold/2.2.0/lib/libtinfo.so.6: no version information available (required by /lib64/libreadline.so.7)
I0307 21:08:00.037526 22832443242304 amber_minimize.py:177] alterations info: {'nonstandard_residues': [], 'removed_heterogens': set(), 'missing_residues': {}, 'missing_heavy_atoms': {}, 'missing_terminals': {<Residue 295 (PRO) of chain 0>: ['OXT'], <Residue 558 (MET) of chain 1>: ['OXT']}, 'Se_in_MET': [], 'removed_chains': {0: []}}
I0307 21:08:01.793780 22832443242304 run_af2c_min.py:110] MYD88_Q66JS6_x1 relaxation done, time spent 105.1 seconds, Efinal -6470.84, rmsd 0.41
I0307 21:08:01.793900 22832443242304 run_af2c_min.py:88] MYD88_Q66JS6_x1 processing model_5_multimer_v2_p1_230307_617077.pdb
sh: /mpcdf/soft/SLE_15/packages/x86_64/alphafold/2.2.0/lib/libtinfo.so.6: no version information available (required by /lib64/libreadline.so.7)
sh: /mpcdf/soft/SLE_15/packages/x86_64/alphafold/2.2.0/lib/libtinfo.so.6: no version information available (required by /lib64/libreadline.so.7)
I0307 21:08:04.580394 22832443242304 amber_minimize.py:177] alterations info: {'nonstandard_residues': [], 'removed_heterogens': set(), 'missing_residues': {}, 'missing_heavy_atoms': {}, 'missing_terminals': {<Residue 295 (PRO) of chain 0>: ['OXT'], <Residue 558 (MET) of chain 1>: ['OXT']}, 'Se_in_MET': [], 'removed_chains': {0: []}}
I0307 21:08:05.376182 22832443242304 amber_minimize.py:408] Minimizing protein, attempt 1 of 100.
I0307 21:08:06.306507 22832443242304 amber_minimize.py:69] Restraining 4437 / 8869 particles.
sh: /mpcdf/soft/SLE_15/packages/x86_64/alphafold/2.2.0/lib/libtinfo.so.6: no version information available (required by /lib64/libreadline.so.7)
I0307 21:08:44.118996 22832443242304 amber_minimize.py:177] alterations info: {'nonstandard_residues': [], 'removed_heterogens': set(), 'missing_residues': {}, 'missing_heavy_atoms': {}, 'missing_terminals': {}, 'Se_in_MET': [], 'removed_chains': {0: []}}
I0307 21:08:46.012788 22832443242304 amber_minimize.py:500] Iteration completed: Einit 63988689.97 Efinal -4312.02 Time 36.29 s num residue violations 10 num residue exclusions 0 
I0307 21:08:46.013349 22832443242304 amber_minimize.py:408] Minimizing protein, attempt 1 of 100.
I0307 21:08:46.876387 22832443242304 amber_minimize.py:69] Restraining 4358 / 8869 particles.
sh: /mpcdf/soft/SLE_15/packages/x86_64/alphafold/2.2.0/lib/libtinfo.so.6: no version information available (required by /lib64/libreadline.so.7)
I0307 21:09:25.265651 22832443242304 amber_minimize.py:177] alterations info: {'nonstandard_residues': [], 'removed_heterogens': set(), 'missing_residues': {}, 'missing_heavy_atoms': {}, 'missing_terminals': {}, 'Se_in_MET': [], 'removed_chains': {0: []}}
I0307 21:09:27.098230 22832443242304 amber_minimize.py:500] Iteration completed: Einit 16340.34 Efinal -6454.96 Time 36.86 s num residue violations 2 num residue exclusions 10 
I0307 21:09:27.098803 22832443242304 amber_minimize.py:408] Minimizing protein, attempt 1 of 100.
I0307 21:09:27.982518 22832443242304 amber_minimize.py:69] Restraining 4358 / 8869 particles.
sh: /mpcdf/soft/SLE_15/packages/x86_64/alphafold/2.2.0/lib/libtinfo.so.6: no version information available (required by /lib64/libreadline.so.7)
I0307 21:09:59.863833 22832443242304 amber_minimize.py:177] alterations info: {'nonstandard_residues': [], 'removed_heterogens': set(), 'missing_residues': {}, 'missing_heavy_atoms': {}, 'missing_terminals': {}, 'Se_in_MET': [], 'removed_chains': {0: []}}
I0307 21:10:01.746492 22832443242304 amber_minimize.py:500] Iteration completed: Einit 13518.85 Efinal -7246.99 Time 30.38 s num residue violations 2 num residue exclusions 10 
sh: /mpcdf/soft/SLE_15/packages/x86_64/alphafold/2.2.0/lib/libtinfo.so.6: no version information available (required by /lib64/libreadline.so.7)
sh: /mpcdf/soft/SLE_15/packages/x86_64/alphafold/2.2.0/lib/libtinfo.so.6: no version information available (required by /lib64/libreadline.so.7)
I0307 21:10:04.359973 22832443242304 amber_minimize.py:177] alterations info: {'nonstandard_residues': [], 'removed_heterogens': set(), 'missing_residues': {}, 'missing_heavy_atoms': {}, 'missing_terminals': {<Residue 295 (PRO) of chain 0>: ['OXT'], <Residue 558 (MET) of chain 1>: ['OXT']}, 'Se_in_MET': [], 'removed_chains': {0: []}}
I0307 21:10:06.032451 22832443242304 run_af2c_min.py:110] MYD88_Q66JS6_x1 relaxation done, time spent 123.9 seconds, Efinal -7246.99, rmsd 0.39
I0307 21:10:06.032566 22832443242304 run_af2c_min.py:88] MYD88_Q66JS6_x1 processing model_3_multimer_v2_p1_230307_968770.pdb
sh: /mpcdf/soft/SLE_15/packages/x86_64/alphafold/2.2.0/lib/libtinfo.so.6: no version information available (required by /lib64/libreadline.so.7)
sh: /mpcdf/soft/SLE_15/packages/x86_64/alphafold/2.2.0/lib/libtinfo.so.6: no version information available (required by /lib64/libreadline.so.7)
I0307 21:10:08.909168 22832443242304 amber_minimize.py:177] alterations info: {'nonstandard_residues': [], 'removed_heterogens': set(), 'missing_residues': {}, 'missing_heavy_atoms': {}, 'missing_terminals': {<Residue 295 (PRO) of chain 0>: ['OXT'], <Residue 558 (MET) of chain 1>: ['OXT']}, 'Se_in_MET': [], 'removed_chains': {0: []}}
I0307 21:10:09.658440 22832443242304 amber_minimize.py:408] Minimizing protein, attempt 1 of 100.
I0307 21:10:10.542310 22832443242304 amber_minimize.py:69] Restraining 4437 / 8869 particles.
sh: /mpcdf/soft/SLE_15/packages/x86_64/alphafold/2.2.0/lib/libtinfo.so.6: no version information available (required by /lib64/libreadline.so.7)
I0307 21:10:47.875188 22832443242304 amber_minimize.py:177] alterations info: {'nonstandard_residues': [], 'removed_heterogens': set(), 'missing_residues': {}, 'missing_heavy_atoms': {}, 'missing_terminals': {}, 'Se_in_MET': [], 'removed_chains': {0: []}}
I0307 21:10:49.761509 22832443242304 amber_minimize.py:500] Iteration completed: Einit 359193397.66 Efinal -3800.17 Time 35.86 s num residue violations 15 num residue exclusions 0 
I0307 21:10:49.762116 22832443242304 amber_minimize.py:408] Minimizing protein, attempt 1 of 100.
I0307 21:10:50.650199 22832443242304 amber_minimize.py:69] Restraining 4316 / 8869 particles.
sh: /mpcdf/soft/SLE_15/packages/x86_64/alphafold/2.2.0/lib/libtinfo.so.6: no version information available (required by /lib64/libreadline.so.7)
I0307 21:11:30.757791 22832443242304 amber_minimize.py:177] alterations info: {'nonstandard_residues': [], 'removed_heterogens': set(), 'missing_residues': {}, 'missing_heavy_atoms': {}, 'missing_terminals': {}, 'Se_in_MET': [], 'removed_chains': {0: []}}
I0307 21:11:32.624232 22832443242304 amber_minimize.py:500] Iteration completed: Einit 14844.71 Efinal -6028.71 Time 38.59 s num residue violations 11 num residue exclusions 15 
I0307 21:11:32.624805 22832443242304 amber_minimize.py:408] Minimizing protein, attempt 1 of 100.
I0307 21:11:33.507670 22832443242304 amber_minimize.py:69] Restraining 4301 / 8869 particles.
sh: /mpcdf/soft/SLE_15/packages/x86_64/alphafold/2.2.0/lib/libtinfo.so.6: no version information available (required by /lib64/libreadline.so.7)
I0307 21:12:11.305260 22832443242304 amber_minimize.py:177] alterations info: {'nonstandard_residues': [], 'removed_heterogens': set(), 'missing_residues': {}, 'missing_heavy_atoms': {}, 'missing_terminals': {}, 'Se_in_MET': [], 'removed_chains': {0: []}}
I0307 21:12:13.143042 22832443242304 amber_minimize.py:500] Iteration completed: Einit 14923.56 Efinal -6927.21 Time 36.27 s num residue violations 2 num residue exclusions 18 
sh: /mpcdf/soft/SLE_15/packages/x86_64/alphafold/2.2.0/lib/libtinfo.so.6: no version information available (required by /lib64/libreadline.so.7)
sh: /mpcdf/soft/SLE_15/packages/x86_64/alphafold/2.2.0/lib/libtinfo.so.6: no version information available (required by /lib64/libreadline.so.7)
I0307 21:12:15.796410 22832443242304 amber_minimize.py:177] alterations info: {'nonstandard_residues': [], 'removed_heterogens': set(), 'missing_residues': {}, 'missing_heavy_atoms': {}, 'missing_terminals': {<Residue 295 (PRO) of chain 0>: ['OXT'], <Residue 558 (MET) of chain 1>: ['OXT']}, 'Se_in_MET': [], 'removed_chains': {0: []}}
I0307 21:12:17.510222 22832443242304 run_af2c_min.py:110] MYD88_Q66JS6_x1 relaxation done, time spent 131.2 seconds, Efinal -6927.21, rmsd 0.40
I0307 21:12:17.510359 22832443242304 run_af2c_min.py:88] MYD88_Q66JS6_x1 processing model_1_multimer_v2_p1_230306_667352.pdb
sh: /mpcdf/soft/SLE_15/packages/x86_64/alphafold/2.2.0/lib/libtinfo.so.6: no version information available (required by /lib64/libreadline.so.7)
sh: /mpcdf/soft/SLE_15/packages/x86_64/alphafold/2.2.0/lib/libtinfo.so.6: no version information available (required by /lib64/libreadline.so.7)
I0307 21:12:20.399327 22832443242304 amber_minimize.py:177] alterations info: {'nonstandard_residues': [], 'removed_heterogens': set(), 'missing_residues': {}, 'missing_heavy_atoms': {}, 'missing_terminals': {<Residue 295 (PRO) of chain 0>: ['OXT'], <Residue 558 (MET) of chain 1>: ['OXT']}, 'Se_in_MET': [], 'removed_chains': {0: []}}
I0307 21:12:21.223191 22832443242304 amber_minimize.py:408] Minimizing protein, attempt 1 of 100.
I0307 21:12:22.139802 22832443242304 amber_minimize.py:69] Restraining 4437 / 8869 particles.
sh: /mpcdf/soft/SLE_15/packages/x86_64/alphafold/2.2.0/lib/libtinfo.so.6: no version information available (required by /lib64/libreadline.so.7)
I0307 21:13:01.496910 22832443242304 amber_minimize.py:177] alterations info: {'nonstandard_residues': [], 'removed_heterogens': set(), 'missing_residues': {}, 'missing_heavy_atoms': {}, 'missing_terminals': {}, 'Se_in_MET': [], 'removed_chains': {0: []}}
I0307 21:13:03.386245 22832443242304 amber_minimize.py:500] Iteration completed: Einit 87674.43 Efinal -4382.66 Time 37.72 s num residue violations 4 num residue exclusions 0 
I0307 21:13:03.386811 22832443242304 amber_minimize.py:408] Minimizing protein, attempt 1 of 100.
I0307 21:13:04.290375 22832443242304 amber_minimize.py:69] Restraining 4403 / 8869 particles.
sh: /mpcdf/soft/SLE_15/packages/x86_64/alphafold/2.2.0/lib/libtinfo.so.6: no version information available (required by /lib64/libreadline.so.7)
I0307 21:13:41.670704 22832443242304 amber_minimize.py:177] alterations info: {'nonstandard_residues': [], 'removed_heterogens': set(), 'missing_residues': {}, 'missing_heavy_atoms': {}, 'missing_terminals': {}, 'Se_in_MET': [], 'removed_chains': {0: []}}
I0307 21:13:43.503902 22832443242304 amber_minimize.py:500] Iteration completed: Einit 35305.10 Efinal -6497.28 Time 35.85 s num residue violations 2 num residue exclusions 4 
I0307 21:13:43.504491 22832443242304 amber_minimize.py:408] Minimizing protein, attempt 1 of 100.
I0307 21:13:44.387227 22832443242304 amber_minimize.py:69] Restraining 4403 / 8869 particles.
sh: /mpcdf/soft/SLE_15/packages/x86_64/alphafold/2.2.0/lib/libtinfo.so.6: no version information available (required by /lib64/libreadline.so.7)
I0307 21:14:16.949529 22832443242304 amber_minimize.py:177] alterations info: {'nonstandard_residues': [], 'removed_heterogens': set(), 'missing_residues': {}, 'missing_heavy_atoms': {}, 'missing_terminals': {}, 'Se_in_MET': [], 'removed_chains': {0: []}}
I0307 21:14:18.847459 22832443242304 amber_minimize.py:500] Iteration completed: Einit 13248.34 Efinal -7278.11 Time 31.06 s num residue violations 0 num residue exclusions 4 
sh: /mpcdf/soft/SLE_15/packages/x86_64/alphafold/2.2.0/lib/libtinfo.so.6: no version information available (required by /lib64/libreadline.so.7)
sh: /mpcdf/soft/SLE_15/packages/x86_64/alphafold/2.2.0/lib/libtinfo.so.6: no version information available (required by /lib64/libreadline.so.7)
I0307 21:14:21.603080 22832443242304 amber_minimize.py:177] alterations info: {'nonstandard_residues': [], 'removed_heterogens': set(), 'missing_residues': {}, 'missing_heavy_atoms': {}, 'missing_terminals': {<Residue 295 (PRO) of chain 0>: ['OXT'], <Residue 558 (MET) of chain 1>: ['OXT']}, 'Se_in_MET': [], 'removed_chains': {0: []}}
I0307 21:14:23.373687 22832443242304 run_af2c_min.py:110] MYD88_Q66JS6_x1 relaxation done, time spent 125.5 seconds, Efinal -7278.11, rmsd 0.38
I0307 21:14:23.373803 22832443242304 run_af2c_min.py:88] MYD88_Q66JS6_x1 processing model_2_multimer_v2_p1_230307_374439.pdb
sh: /mpcdf/soft/SLE_15/packages/x86_64/alphafold/2.2.0/lib/libtinfo.so.6: no version information available (required by /lib64/libreadline.so.7)
sh: /mpcdf/soft/SLE_15/packages/x86_64/alphafold/2.2.0/lib/libtinfo.so.6: no version information available (required by /lib64/libreadline.so.7)
I0307 21:14:26.185831 22832443242304 amber_minimize.py:177] alterations info: {'nonstandard_residues': [], 'removed_heterogens': set(), 'missing_residues': {}, 'missing_heavy_atoms': {}, 'missing_terminals': {<Residue 295 (PRO) of chain 0>: ['OXT'], <Residue 558 (MET) of chain 1>: ['OXT']}, 'Se_in_MET': [], 'removed_chains': {0: []}}
I0307 21:14:27.008569 22832443242304 amber_minimize.py:408] Minimizing protein, attempt 1 of 100.
I0307 21:14:27.920661 22832443242304 amber_minimize.py:69] Restraining 4437 / 8869 particles.
sh: /mpcdf/soft/SLE_15/packages/x86_64/alphafold/2.2.0/lib/libtinfo.so.6: no version information available (required by /lib64/libreadline.so.7)
I0307 21:15:25.705491 22832443242304 amber_minimize.py:177] alterations info: {'nonstandard_residues': [], 'removed_heterogens': set(), 'missing_residues': {}, 'missing_heavy_atoms': {}, 'missing_terminals': {}, 'Se_in_MET': [], 'removed_chains': {0: []}}
I0307 21:15:27.597746 22832443242304 amber_minimize.py:500] Iteration completed: Einit 406305025.56 Efinal -4087.56 Time 56.17 s num residue violations 0 num residue exclusions 0 
sh: /mpcdf/soft/SLE_15/packages/x86_64/alphafold/2.2.0/lib/libtinfo.so.6: no version information available (required by /lib64/libreadline.so.7)
sh: /mpcdf/soft/SLE_15/packages/x86_64/alphafold/2.2.0/lib/libtinfo.so.6: no version information available (required by /lib64/libreadline.so.7)
I0307 21:15:30.225060 22832443242304 amber_minimize.py:177] alterations info: {'nonstandard_residues': [], 'removed_heterogens': set(), 'missing_residues': {}, 'missing_heavy_atoms': {}, 'missing_terminals': {<Residue 295 (PRO) of chain 0>: ['OXT'], <Residue 558 (MET) of chain 1>: ['OXT']}, 'Se_in_MET': [], 'removed_chains': {0: []}}
I0307 21:15:31.910224 22832443242304 run_af2c_min.py:110] MYD88_Q66JS6_x1 relaxation done, time spent 68.2 seconds, Efinal -4087.56, rmsd 0.48
                                  
================================= 
Global information about the job: 
================================= 
  
Job owner: flobnow(42847)
Job name:  6_RLX
Node list: ravg1106
Job start: Tue Mar  7 21:06:08 CET 2023
Job end:   Tue Mar  7 21:15:32 CET 2023
Work dir:  /raven/u/flobnow/workingLama/scripts/myRuns/Q66JS6
Command:   /raven/u/flobnow/workingLama/scripts/myRuns/Q66JS6/script3_relaxation.sh
  
  
  
==========================================================================================
Information on jobsteps (Note: MaxRSS/AveRSS is the maximum/average over all 
tasks of the per-task memory high-water marks; cf. "man sacct"): 
==========================================================================================
  
JobID            JobName NNodes NTasks  NCPUS        0.00M        0.00M    Elapsed ExitCode
------------- ---------- ------ ------ ------ ------------ ------------ ---------- --------
4375153            6_RLX      1           108                             00:09:24      0:0
4375153.0        python3      1      1    108    13155.00M    13155.00M   00:09:22      0:0
  
Maximum memory per node: 13.794017 GB (defined as MaxRSS*Ntasks/NNodes)
CPU utilization: 73.5 %
  
