Info: input file name is Q9QXM1
Info: input target list is /u/flobnow/workingLama/scripts/myRuns/Q9QXM1/target.lst
Info: input feature directory is /u/flobnow/workingLama/feature_files
Info: result output directory is /u/flobnow/workingLama/output_files
Info: model preset is multimer_np
Info: msa pairing is all
Info: recycling setting is 1
Info: using preset super2
Info: set num_ensemble = 2
Info: set max_recyles = 20
Info: set recycle_tol = 0.1
Info: mas_pairing mode is all
I0306 13:36:50.862046 22406806071104 tpu_client.py:54] Starting the local TPU driver.
I0306 13:36:50.862428 22406806071104 xla_bridge.py:212] Unable to initialize backend 'tpu_driver': Not found: Unable to find driver in registry given worker: local://
I0306 13:36:51.225958 22406806071104 xla_bridge.py:212] Unable to initialize backend 'tpu': Invalid argument: TpuPlatform is not available.
I0306 13:36:53.965352 22406806071104 run_af2c_mod.py:481] Have 1 models: ['model_1_multimer_v2_p1']
Info: working on target MYD88_Q9QXM1_x1
I0306 13:36:54.966570 22406806071104 run_af2c_mod.py:512] Using random seed 1323813404300241654 for the data pipeline
Info: MYD88_Q9QXM1_x1 found monomer MYD88_MOUSE msa_depth = 3425, seq_len = 296, num_templ = 20
Info: MYD88_MOUSE reducing the number of structural templates to 4
Info: MYD88_Q9QXM1_x1 found monomer Q9QXM1 msa_depth = 3289, seq_len = 983, num_templ = 10
Info: Q9QXM1 reducing the number of structural templates to 4
Info: 2 chain(s) to model {'A': 'MYD88_MOUSE_1', 'B': 'Q9QXM1_1'}
Info: modeling MYD88_Q9QXM1_x1 with msa_depth = 5214, seq_len = 1279, num_templ = 8
I0306 13:36:56.409031 22406806071104 run_af2c_mod.py:216] Running model model_1_multimer_v2_p1_230306_241654
I0306 13:36:56.409496 22406806071104 model.py:205] Running predict with shape(feat) = {'msa': (5214, 1279), 'bert_mask': (5214, 1279), 'num_alignments': (), 'aatype': (1279,), 'seq_length': (), 'template_aatype': (8, 1279), 'template_all_atom_mask': (8, 1279, 37), 'template_all_atom_positions': (8, 1279, 37, 3), 'all_atom_positions': (1279, 37, 3), 'template_domain_names': (8,), 'asym_id': (1279,), 'sym_id': (1279,), 'entity_id': (1279,), 'residue_index': (1279,), 'deletion_matrix': (5214, 1279), 'seq_mask': (1279,), 'msa_mask': (5214, 1279), 'cluster_bias_mask': (5214,), 'pdb_residue_index': (1279,)}
I0306 14:17:44.251915 22406806071104 run_af2c_mod.py:270] Total JAX model model_1_multimer_v2_p1_230306_241654 predict time (includes compilation time): 2447.8 seconds
Info: MYD88_Q9QXM1_x1 model_1_multimer_v2_p1_230306_241654_recycled_00,  tol =   inf, pLDDT = 56.02, pTM-score = 0.3546, piTM-score = 0.0000, interface-score = 0.0000, iRes = 0    iCnt = 0   
Info: MYD88_Q9QXM1_x1 model_1_multimer_v2_p1_230306_241654_recycled_01,  tol = 116.34, pLDDT = 57.95, pTM-score = 0.3646, piTM-score = 0.0000, interface-score = 0.0000, iRes = 0    iCnt = 0   
Info: MYD88_Q9QXM1_x1 model_1_multimer_v2_p1_230306_241654_recycled_02,  tol = 30.28, pLDDT = 58.72, pTM-score = 0.3804, piTM-score = 0.0000, interface-score = 0.0000, iRes = 0    iCnt = 0   
Info: MYD88_Q9QXM1_x1 model_1_multimer_v2_p1_230306_241654_recycled_03,  tol = 13.14, pLDDT = 59.33, pTM-score = 0.3827, piTM-score = 0.0000, interface-score = 0.0000, iRes = 0    iCnt = 0   
Info: MYD88_Q9QXM1_x1 model_1_multimer_v2_p1_230306_241654_recycled_04,  tol = 19.44, pLDDT = 59.86, pTM-score = 0.3841, piTM-score = 0.0000, interface-score = 0.0000, iRes = 0    iCnt = 0   
Info: MYD88_Q9QXM1_x1 model_1_multimer_v2_p1_230306_241654_recycled_05,  tol = 24.85, pLDDT = 59.02, pTM-score = 0.3874, piTM-score = 0.0034, interface-score = 0.0000, iRes = 3    iCnt = 2   
Info: MYD88_Q9QXM1_x1 model_1_multimer_v2_p1_230306_241654_recycled_06,  tol = 23.41, pLDDT = 59.00, pTM-score = 0.3808, piTM-score = 0.0000, interface-score = 0.0000, iRes = 0    iCnt = 0   
Info: MYD88_Q9QXM1_x1 model_1_multimer_v2_p1_230306_241654_recycled_07,  tol = 20.52, pLDDT = 58.96, pTM-score = 0.3816, piTM-score = 0.0014, interface-score = 0.0000, iRes = 2    iCnt = 1   
Info: MYD88_Q9QXM1_x1 model_1_multimer_v2_p1_230306_241654_recycled_08,  tol = 20.58, pLDDT = 59.81, pTM-score = 0.3838, piTM-score = 0.0000, interface-score = 0.0000, iRes = 0    iCnt = 0   
Info: MYD88_Q9QXM1_x1 model_1_multimer_v2_p1_230306_241654_recycled_09,  tol = 21.04, pLDDT = 59.07, pTM-score = 0.3757, piTM-score = 0.0000, interface-score = 0.0000, iRes = 0    iCnt = 0   
Info: MYD88_Q9QXM1_x1 model_1_multimer_v2_p1_230306_241654_recycled_10,  tol =  9.34, pLDDT = 59.33, pTM-score = 0.3824, piTM-score = 0.0000, interface-score = 0.0000, iRes = 0    iCnt = 0   
Info: MYD88_Q9QXM1_x1 model_1_multimer_v2_p1_230306_241654_recycled_11,  tol = 14.71, pLDDT = 59.38, pTM-score = 0.3755, piTM-score = 0.0000, interface-score = 0.0000, iRes = 0    iCnt = 0   
Info: MYD88_Q9QXM1_x1 model_1_multimer_v2_p1_230306_241654_recycled_12,  tol = 18.51, pLDDT = 59.50, pTM-score = 0.3777, piTM-score = 0.0000, interface-score = 0.0000, iRes = 0    iCnt = 0   
Info: MYD88_Q9QXM1_x1 model_1_multimer_v2_p1_230306_241654_recycled_13,  tol = 13.68, pLDDT = 59.37, pTM-score = 0.3793, piTM-score = 0.0000, interface-score = 0.0000, iRes = 0    iCnt = 0   
Info: MYD88_Q9QXM1_x1 model_1_multimer_v2_p1_230306_241654_recycled_14,  tol = 20.18, pLDDT = 59.54, pTM-score = 0.3749, piTM-score = 0.0000, interface-score = 0.0000, iRes = 0    iCnt = 0   
Info: MYD88_Q9QXM1_x1 model_1_multimer_v2_p1_230306_241654_recycled_15,  tol = 16.88, pLDDT = 59.50, pTM-score = 0.3787, piTM-score = 0.0000, interface-score = 0.0000, iRes = 0    iCnt = 0   
Info: MYD88_Q9QXM1_x1 model_1_multimer_v2_p1_230306_241654_recycled_16,  tol = 10.10, pLDDT = 59.44, pTM-score = 0.3786, piTM-score = 0.0000, interface-score = 0.0000, iRes = 0    iCnt = 0   
Info: MYD88_Q9QXM1_x1 model_1_multimer_v2_p1_230306_241654_recycled_17,  tol =  6.29, pLDDT = 59.23, pTM-score = 0.3799, piTM-score = 0.0000, interface-score = 0.0000, iRes = 0    iCnt = 0   
Info: MYD88_Q9QXM1_x1 model_1_multimer_v2_p1_230306_241654_recycled_18,  tol =  8.32, pLDDT = 59.81, pTM-score = 0.3809, piTM-score = 0.0000, interface-score = 0.0000, iRes = 0    iCnt = 0   
Info: MYD88_Q9QXM1_x1 model_1_multimer_v2_p1_230306_241654_recycled_19,  tol =  6.59, pLDDT = 59.13, pTM-score = 0.3801, piTM-score = 0.0000, interface-score = 0.0000, iRes = 0    iCnt = 0   
Info: MYD88_Q9QXM1_x1 model_1_multimer_v2_p1_230306_241654 performed 20 recycles, final tol = 21.19, pLDDT = 59.10, pTM-score = 0.3893, piTM-score = 0.0000, interface-score = 0.0000, iRes = 0    iCnt = 0   
Info: num_clusters = 2, cluster_sizes = [1, 1],  clusters = [['MYD88_MOUSE_0'], ['Q9QXM1_0']]

I0306 14:17:49.232110 22406806071104 run_af2c_mod.py:404] Final timings for MYD88_Q9QXM1_x1: {'features': 1.44, 'process_features_model_1_multimer_v2_p1_230306_241654': 0.0, 'predict_and_compile_model_1_multimer_v2_p1_230306_241654': 2447.8}
                                  
================================= 
Global information about the job: 
================================= 
  
Job owner: flobnow(42847)
Job name:  1_AF2C
Node list: ravg1033
Job start: Mon Mar  6 13:36:33 CET 2023
Job end:   Mon Mar  6 14:17:51 CET 2023
Work dir:  /raven/u/flobnow/workingLama/scripts/myRuns/Q9QXM1
Command:   /raven/u/flobnow/workingLama/scripts/myRuns/Q9QXM1/script2_comp_model_1.sh
  
  
  
==========================================================================================
Information on jobsteps (Note: MaxRSS/AveRSS is the maximum/average over all 
tasks of the per-task memory high-water marks; cf. "man sacct"): 
==========================================================================================
  
JobID            JobName NNodes NTasks  NCPUS        0.00M        0.00M    Elapsed ExitCode
------------- ---------- ------ ------ ------ ------------ ------------ ---------- --------
4365508           1_AF2C      1           108                             00:41:18      0:0
4365508.0        python3      1      1    108    36756.70M    36756.70M   00:41:13      0:0
  
Maximum memory per node: 38.542189 GB (defined as MaxRSS*Ntasks/NNodes)
CPU utilization: 1.9 %
  
Info: input file name is Q9QXM1
Info: input target list is /u/flobnow/workingLama/scripts/myRuns/Q9QXM1/target.lst
Info: input feature directory is /u/flobnow/workingLama/feature_files
Info: result output directory is /u/flobnow/workingLama/output_files
Info: model preset is multimer_np
Info: msa pairing is all
Info: recycling setting is 1
Info: using preset super2
Info: set num_ensemble = 2
Info: set max_recyles = 20
Info: set recycle_tol = 0.1
Info: mas_pairing mode is all
I0306 15:43:53.222087 23081804080960 tpu_client.py:54] Starting the local TPU driver.
I0306 15:43:53.222463 23081804080960 xla_bridge.py:212] Unable to initialize backend 'tpu_driver': Not found: Unable to find driver in registry given worker: local://
I0306 15:43:53.580793 23081804080960 xla_bridge.py:212] Unable to initialize backend 'tpu': Invalid argument: TpuPlatform is not available.
I0306 15:43:56.411146 23081804080960 run_af2c_mod.py:481] Have 1 models: ['model_2_multimer_v2_p1']
Info: working on target MYD88_Q9QXM1_x1
I0306 15:43:56.411287 23081804080960 run_af2c_mod.py:512] Using random seed 5514521893019999898 for the data pipeline
Info: MYD88_Q9QXM1_x1 found monomer MYD88_MOUSE msa_depth = 3425, seq_len = 296, num_templ = 20
Info: MYD88_MOUSE reducing the number of structural templates to 4
Info: MYD88_Q9QXM1_x1 found monomer Q9QXM1 msa_depth = 3289, seq_len = 983, num_templ = 10
Info: Q9QXM1 reducing the number of structural templates to 4
Info: 2 chain(s) to model {'A': 'MYD88_MOUSE_1', 'B': 'Q9QXM1_1'}
Info: modeling MYD88_Q9QXM1_x1 with msa_depth = 5214, seq_len = 1279, num_templ = 8
I0306 15:43:58.030298 23081804080960 run_af2c_mod.py:216] Running model model_2_multimer_v2_p1_230306_999898
I0306 15:43:58.030767 23081804080960 model.py:205] Running predict with shape(feat) = {'msa': (5214, 1279), 'bert_mask': (5214, 1279), 'num_alignments': (), 'aatype': (1279,), 'seq_length': (), 'template_aatype': (8, 1279), 'template_all_atom_mask': (8, 1279, 37), 'template_all_atom_positions': (8, 1279, 37, 3), 'all_atom_positions': (1279, 37, 3), 'template_domain_names': (8,), 'asym_id': (1279,), 'sym_id': (1279,), 'entity_id': (1279,), 'residue_index': (1279,), 'deletion_matrix': (5214, 1279), 'seq_mask': (1279,), 'msa_mask': (5214, 1279), 'cluster_bias_mask': (5214,), 'pdb_residue_index': (1279,)}
I0306 16:24:38.739801 23081804080960 run_af2c_mod.py:270] Total JAX model model_2_multimer_v2_p1_230306_999898 predict time (includes compilation time): 2440.7 seconds
Info: MYD88_Q9QXM1_x1 model_2_multimer_v2_p1_230306_999898_recycled_00,  tol =   inf, pLDDT = 54.72, pTM-score = 0.3756, piTM-score = 0.0014, interface-score = 0.0000, iRes = 2    iCnt = 1   
Info: MYD88_Q9QXM1_x1 model_2_multimer_v2_p1_230306_999898_recycled_01,  tol = 103.39, pLDDT = 56.95, pTM-score = 0.3551, piTM-score = 0.0000, interface-score = 0.0000, iRes = 0    iCnt = 0   
Info: MYD88_Q9QXM1_x1 model_2_multimer_v2_p1_230306_999898_recycled_02,  tol = 32.41, pLDDT = 57.18, pTM-score = 0.3589, piTM-score = 0.0000, interface-score = 0.0000, iRes = 0    iCnt = 0   
Info: MYD88_Q9QXM1_x1 model_2_multimer_v2_p1_230306_999898_recycled_03,  tol = 18.39, pLDDT = 57.34, pTM-score = 0.3675, piTM-score = 0.0000, interface-score = 0.0000, iRes = 0    iCnt = 0   
Info: MYD88_Q9QXM1_x1 model_2_multimer_v2_p1_230306_999898_recycled_04,  tol =  9.36, pLDDT = 57.41, pTM-score = 0.3730, piTM-score = 0.0000, interface-score = 0.0000, iRes = 0    iCnt = 0   
Info: MYD88_Q9QXM1_x1 model_2_multimer_v2_p1_230306_999898_recycled_05,  tol = 11.33, pLDDT = 58.11, pTM-score = 0.3784, piTM-score = 0.0000, interface-score = 0.0000, iRes = 0    iCnt = 0   
Info: MYD88_Q9QXM1_x1 model_2_multimer_v2_p1_230306_999898_recycled_06,  tol = 11.65, pLDDT = 58.35, pTM-score = 0.3789, piTM-score = 0.0000, interface-score = 0.0000, iRes = 0    iCnt = 0   
Info: MYD88_Q9QXM1_x1 model_2_multimer_v2_p1_230306_999898_recycled_07,  tol = 10.99, pLDDT = 57.73, pTM-score = 0.3781, piTM-score = 0.0000, interface-score = 0.0000, iRes = 0    iCnt = 0   
Info: MYD88_Q9QXM1_x1 model_2_multimer_v2_p1_230306_999898_recycled_08,  tol = 11.24, pLDDT = 57.88, pTM-score = 0.3799, piTM-score = 0.0000, interface-score = 0.0000, iRes = 0    iCnt = 0   
Info: MYD88_Q9QXM1_x1 model_2_multimer_v2_p1_230306_999898_recycled_09,  tol =  8.00, pLDDT = 57.89, pTM-score = 0.3817, piTM-score = 0.0000, interface-score = 0.0000, iRes = 0    iCnt = 0   
Info: MYD88_Q9QXM1_x1 model_2_multimer_v2_p1_230306_999898_recycled_10,  tol = 11.23, pLDDT = 58.33, pTM-score = 0.3855, piTM-score = 0.0000, interface-score = 0.0000, iRes = 0    iCnt = 0   
Info: MYD88_Q9QXM1_x1 model_2_multimer_v2_p1_230306_999898_recycled_11,  tol = 10.06, pLDDT = 58.84, pTM-score = 0.3839, piTM-score = 0.0000, interface-score = 0.0000, iRes = 0    iCnt = 0   
Info: MYD88_Q9QXM1_x1 model_2_multimer_v2_p1_230306_999898_recycled_12,  tol = 16.83, pLDDT = 58.50, pTM-score = 0.3836, piTM-score = 0.0000, interface-score = 0.0000, iRes = 0    iCnt = 0   
Info: MYD88_Q9QXM1_x1 model_2_multimer_v2_p1_230306_999898_recycled_13,  tol =  7.99, pLDDT = 58.15, pTM-score = 0.3827, piTM-score = 0.0000, interface-score = 0.0000, iRes = 0    iCnt = 0   
Info: MYD88_Q9QXM1_x1 model_2_multimer_v2_p1_230306_999898_recycled_14,  tol = 13.68, pLDDT = 58.00, pTM-score = 0.3838, piTM-score = 0.0000, interface-score = 0.0000, iRes = 0    iCnt = 0   
Info: MYD88_Q9QXM1_x1 model_2_multimer_v2_p1_230306_999898_recycled_15,  tol = 13.28, pLDDT = 57.95, pTM-score = 0.3814, piTM-score = 0.0000, interface-score = 0.0000, iRes = 0    iCnt = 0   
Info: MYD88_Q9QXM1_x1 model_2_multimer_v2_p1_230306_999898_recycled_16,  tol = 10.84, pLDDT = 58.13, pTM-score = 0.3822, piTM-score = 0.0000, interface-score = 0.0000, iRes = 0    iCnt = 0   
Info: MYD88_Q9QXM1_x1 model_2_multimer_v2_p1_230306_999898_recycled_17,  tol =  7.81, pLDDT = 58.23, pTM-score = 0.3831, piTM-score = 0.0000, interface-score = 0.0000, iRes = 0    iCnt = 0   
Info: MYD88_Q9QXM1_x1 model_2_multimer_v2_p1_230306_999898_recycled_18,  tol = 14.72, pLDDT = 58.91, pTM-score = 0.3857, piTM-score = 0.0000, interface-score = 0.0000, iRes = 0    iCnt = 0   
Info: MYD88_Q9QXM1_x1 model_2_multimer_v2_p1_230306_999898_recycled_19,  tol = 11.39, pLDDT = 58.45, pTM-score = 0.3873, piTM-score = 0.0000, interface-score = 0.0000, iRes = 0    iCnt = 0   
Info: MYD88_Q9QXM1_x1 model_2_multimer_v2_p1_230306_999898 performed 20 recycles, final tol = 11.05, pLDDT = 58.27, pTM-score = 0.3864, piTM-score = 0.0000, interface-score = 0.0000, iRes = 0    iCnt = 0   
Info: num_clusters = 2, cluster_sizes = [1, 1],  clusters = [['MYD88_MOUSE_0'], ['Q9QXM1_0']]

I0306 16:24:43.781660 23081804080960 run_af2c_mod.py:404] Final timings for MYD88_Q9QXM1_x1: {'features': 1.62, 'process_features_model_2_multimer_v2_p1_230306_999898': 0.0, 'predict_and_compile_model_2_multimer_v2_p1_230306_999898': 2440.7}
                                  
================================= 
Global information about the job: 
================================= 
  
Job owner: flobnow(42847)
Job name:  2_AF2C
Node list: ravg1171
Job start: Mon Mar  6 15:43:45 CET 2023
Job end:   Mon Mar  6 16:24:46 CET 2023
Work dir:  /raven/u/flobnow/workingLama/scripts/myRuns/Q9QXM1
Command:   /raven/u/flobnow/workingLama/scripts/myRuns/Q9QXM1/script2_comp_model_2.sh
  
  
  
==========================================================================================
Information on jobsteps (Note: MaxRSS/AveRSS is the maximum/average over all 
tasks of the per-task memory high-water marks; cf. "man sacct"): 
==========================================================================================
  
JobID            JobName NNodes NTasks  NCPUS        0.00M        0.00M    Elapsed ExitCode
------------- ---------- ------ ------ ------ ------------ ------------ ---------- --------
4365534           2_AF2C      1           108                             00:41:01      0:0
4365534.0        python3      1      1    108    36269.37M    36269.37M   00:40:59      0:0
  
Maximum memory per node: 38.031192 GB (defined as MaxRSS*Ntasks/NNodes)
CPU utilization: 1.9 %
  
Info: input file name is Q9QXM1
Info: input target list is /u/flobnow/workingLama/scripts/myRuns/Q9QXM1/target.lst
Info: input feature directory is /u/flobnow/workingLama/feature_files
Info: result output directory is /u/flobnow/workingLama/output_files
Info: model preset is multimer_np
Info: msa pairing is all
Info: recycling setting is 1
Info: using preset super2
Info: set num_ensemble = 2
Info: set max_recyles = 20
Info: set recycle_tol = 0.1
Info: mas_pairing mode is all
I0306 16:57:22.863560 22705011095360 tpu_client.py:54] Starting the local TPU driver.
I0306 16:57:22.863932 22705011095360 xla_bridge.py:212] Unable to initialize backend 'tpu_driver': Not found: Unable to find driver in registry given worker: local://
I0306 16:57:23.230046 22705011095360 xla_bridge.py:212] Unable to initialize backend 'tpu': Invalid argument: TpuPlatform is not available.
I0306 16:57:26.045406 22705011095360 run_af2c_mod.py:481] Have 1 models: ['model_3_multimer_v2_p1']
Info: working on target MYD88_Q9QXM1_x1
I0306 16:57:27.046630 22705011095360 run_af2c_mod.py:512] Using random seed 2711901598071076296 for the data pipeline
Info: MYD88_Q9QXM1_x1 found monomer MYD88_MOUSE msa_depth = 3425, seq_len = 296, num_templ = 20
Info: MYD88_MOUSE reducing the number of structural templates to 4
Info: MYD88_Q9QXM1_x1 found monomer Q9QXM1 msa_depth = 3289, seq_len = 983, num_templ = 10
Info: Q9QXM1 reducing the number of structural templates to 4
Info: 2 chain(s) to model {'A': 'MYD88_MOUSE_1', 'B': 'Q9QXM1_1'}
Info: modeling MYD88_Q9QXM1_x1 with msa_depth = 5214, seq_len = 1279, num_templ = 8
I0306 16:57:28.421231 22705011095360 run_af2c_mod.py:216] Running model model_3_multimer_v2_p1_230306_076296
I0306 16:57:28.421711 22705011095360 model.py:205] Running predict with shape(feat) = {'msa': (5214, 1279), 'bert_mask': (5214, 1279), 'num_alignments': (), 'aatype': (1279,), 'seq_length': (), 'template_aatype': (8, 1279), 'template_all_atom_mask': (8, 1279, 37), 'template_all_atom_positions': (8, 1279, 37, 3), 'all_atom_positions': (1279, 37, 3), 'template_domain_names': (8,), 'asym_id': (1279,), 'sym_id': (1279,), 'entity_id': (1279,), 'residue_index': (1279,), 'deletion_matrix': (5214, 1279), 'seq_mask': (1279,), 'msa_mask': (5214, 1279), 'cluster_bias_mask': (5214,), 'pdb_residue_index': (1279,)}
I0306 17:38:07.594642 22705011095360 run_af2c_mod.py:270] Total JAX model model_3_multimer_v2_p1_230306_076296 predict time (includes compilation time): 2439.2 seconds
Info: MYD88_Q9QXM1_x1 model_3_multimer_v2_p1_230306_076296_recycled_00,  tol =   inf, pLDDT = 55.56, pTM-score = 0.4000, piTM-score = 0.0451, interface-score = 0.0042, iRes = 15   iCnt = 13  
Info: MYD88_Q9QXM1_x1 model_3_multimer_v2_p1_230306_076296_recycled_01,  tol = 122.27, pLDDT = 57.68, pTM-score = 0.3692, piTM-score = 0.0000, interface-score = 0.0000, iRes = 0    iCnt = 0   
Info: MYD88_Q9QXM1_x1 model_3_multimer_v2_p1_230306_076296_recycled_02,  tol = 41.43, pLDDT = 57.90, pTM-score = 0.3802, piTM-score = 0.0000, interface-score = 0.0000, iRes = 0    iCnt = 0   
Info: MYD88_Q9QXM1_x1 model_3_multimer_v2_p1_230306_076296_recycled_03,  tol = 34.25, pLDDT = 57.97, pTM-score = 0.3813, piTM-score = 0.0000, interface-score = 0.0000, iRes = 0    iCnt = 0   
Info: MYD88_Q9QXM1_x1 model_3_multimer_v2_p1_230306_076296_recycled_04,  tol = 18.44, pLDDT = 58.52, pTM-score = 0.3863, piTM-score = 0.0000, interface-score = 0.0000, iRes = 0    iCnt = 0   
Info: MYD88_Q9QXM1_x1 model_3_multimer_v2_p1_230306_076296_recycled_05,  tol =  8.47, pLDDT = 58.53, pTM-score = 0.3848, piTM-score = 0.0000, interface-score = 0.0000, iRes = 0    iCnt = 0   
Info: MYD88_Q9QXM1_x1 model_3_multimer_v2_p1_230306_076296_recycled_06,  tol =  8.99, pLDDT = 58.62, pTM-score = 0.3837, piTM-score = 0.0000, interface-score = 0.0000, iRes = 0    iCnt = 0   
Info: MYD88_Q9QXM1_x1 model_3_multimer_v2_p1_230306_076296_recycled_07,  tol =  9.51, pLDDT = 58.44, pTM-score = 0.3844, piTM-score = 0.0000, interface-score = 0.0000, iRes = 0    iCnt = 0   
Info: MYD88_Q9QXM1_x1 model_3_multimer_v2_p1_230306_076296_recycled_08,  tol = 15.92, pLDDT = 58.30, pTM-score = 0.3978, piTM-score = 0.0000, interface-score = 0.0000, iRes = 0    iCnt = 0   
Info: MYD88_Q9QXM1_x1 model_3_multimer_v2_p1_230306_076296_recycled_09,  tol = 37.78, pLDDT = 58.36, pTM-score = 0.3943, piTM-score = 0.0000, interface-score = 0.0000, iRes = 0    iCnt = 0   
Info: MYD88_Q9QXM1_x1 model_3_multimer_v2_p1_230306_076296_recycled_10,  tol = 12.63, pLDDT = 58.93, pTM-score = 0.3825, piTM-score = 0.0000, interface-score = 0.0000, iRes = 0    iCnt = 0   
Info: MYD88_Q9QXM1_x1 model_3_multimer_v2_p1_230306_076296_recycled_11,  tol = 30.57, pLDDT = 58.56, pTM-score = 0.3832, piTM-score = 0.0000, interface-score = 0.0000, iRes = 0    iCnt = 0   
Info: MYD88_Q9QXM1_x1 model_3_multimer_v2_p1_230306_076296_recycled_12,  tol = 13.74, pLDDT = 58.78, pTM-score = 0.3834, piTM-score = 0.0000, interface-score = 0.0000, iRes = 0    iCnt = 0   
Info: MYD88_Q9QXM1_x1 model_3_multimer_v2_p1_230306_076296_recycled_13,  tol =  9.94, pLDDT = 58.65, pTM-score = 0.3861, piTM-score = 0.0000, interface-score = 0.0000, iRes = 0    iCnt = 0   
Info: MYD88_Q9QXM1_x1 model_3_multimer_v2_p1_230306_076296_recycled_14,  tol = 16.89, pLDDT = 58.88, pTM-score = 0.3861, piTM-score = 0.0000, interface-score = 0.0000, iRes = 0    iCnt = 0   
Info: MYD88_Q9QXM1_x1 model_3_multimer_v2_p1_230306_076296_recycled_15,  tol = 14.53, pLDDT = 59.00, pTM-score = 0.3877, piTM-score = 0.0000, interface-score = 0.0000, iRes = 0    iCnt = 0   
Info: MYD88_Q9QXM1_x1 model_3_multimer_v2_p1_230306_076296_recycled_16,  tol = 12.73, pLDDT = 58.82, pTM-score = 0.3867, piTM-score = 0.0000, interface-score = 0.0000, iRes = 0    iCnt = 0   
Info: MYD88_Q9QXM1_x1 model_3_multimer_v2_p1_230306_076296_recycled_17,  tol =  8.17, pLDDT = 59.07, pTM-score = 0.3848, piTM-score = 0.0000, interface-score = 0.0000, iRes = 0    iCnt = 0   
Info: MYD88_Q9QXM1_x1 model_3_multimer_v2_p1_230306_076296_recycled_18,  tol = 10.04, pLDDT = 59.07, pTM-score = 0.3861, piTM-score = 0.0000, interface-score = 0.0000, iRes = 0    iCnt = 0   
Info: MYD88_Q9QXM1_x1 model_3_multimer_v2_p1_230306_076296_recycled_19,  tol =  7.07, pLDDT = 58.72, pTM-score = 0.3843, piTM-score = 0.0000, interface-score = 0.0000, iRes = 0    iCnt = 0   
Info: MYD88_Q9QXM1_x1 model_3_multimer_v2_p1_230306_076296 performed 20 recycles, final tol = 14.53, pLDDT = 59.19, pTM-score = 0.3847, piTM-score = 0.0000, interface-score = 0.0000, iRes = 0    iCnt = 0   
Info: num_clusters = 2, cluster_sizes = [1, 1],  clusters = [['MYD88_MOUSE_0'], ['Q9QXM1_0']]

I0306 17:38:12.650004 22705011095360 run_af2c_mod.py:404] Final timings for MYD88_Q9QXM1_x1: {'features': 1.37, 'process_features_model_3_multimer_v2_p1_230306_076296': 0.0, 'predict_and_compile_model_3_multimer_v2_p1_230306_076296': 2439.2}
                                  
================================= 
Global information about the job: 
================================= 
  
Job owner: flobnow(42847)
Job name:  3_AF2C
Node list: ravg1093
Job start: Mon Mar  6 16:57:15 CET 2023
Job end:   Mon Mar  6 17:38:15 CET 2023
Work dir:  /raven/u/flobnow/workingLama/scripts/myRuns/Q9QXM1
Command:   /raven/u/flobnow/workingLama/scripts/myRuns/Q9QXM1/script2_comp_model_3.sh
  
  
  
==========================================================================================
Information on jobsteps (Note: MaxRSS/AveRSS is the maximum/average over all 
tasks of the per-task memory high-water marks; cf. "man sacct"): 
==========================================================================================
  
JobID            JobName NNodes NTasks  NCPUS        0.00M        0.00M    Elapsed ExitCode
------------- ---------- ------ ------ ------ ------------ ------------ ---------- --------
4365563           3_AF2C      1           108                             00:41:00      0:0
4365563.0        python3      1      1    108    36306.95M    36306.95M   00:40:58      0:0
  
Maximum memory per node: 38.070591 GB (defined as MaxRSS*Ntasks/NNodes)
CPU utilization: 1.9 %
  
Info: input file name is Q9QXM1
Info: input target list is /u/flobnow/workingLama/scripts/myRuns/Q9QXM1/target.lst
Info: input feature directory is /u/flobnow/workingLama/feature_files
Info: result output directory is /u/flobnow/workingLama/output_files
Info: model preset is multimer_np
Info: msa pairing is all
Info: recycling setting is 1
Info: using preset super2
Info: set num_ensemble = 2
Info: set max_recyles = 20
Info: set recycle_tol = 0.1
Info: mas_pairing mode is all
I0306 17:36:48.436454 22852017198912 tpu_client.py:54] Starting the local TPU driver.
I0306 17:36:48.436823 22852017198912 xla_bridge.py:212] Unable to initialize backend 'tpu_driver': Not found: Unable to find driver in registry given worker: local://
I0306 17:36:48.821295 22852017198912 xla_bridge.py:212] Unable to initialize backend 'tpu': Invalid argument: TpuPlatform is not available.
I0306 17:36:51.588249 22852017198912 run_af2c_mod.py:481] Have 1 models: ['model_4_multimer_v2_p1']
Info: working on target MYD88_Q9QXM1_x1
I0306 17:36:56.591411 22852017198912 run_af2c_mod.py:512] Using random seed 1890599255430268014 for the data pipeline
Info: MYD88_Q9QXM1_x1 found monomer MYD88_MOUSE msa_depth = 3425, seq_len = 296, num_templ = 20
Info: MYD88_MOUSE reducing the number of structural templates to 4
Info: MYD88_Q9QXM1_x1 found monomer Q9QXM1 msa_depth = 3289, seq_len = 983, num_templ = 10
Info: Q9QXM1 reducing the number of structural templates to 4
Info: 2 chain(s) to model {'A': 'MYD88_MOUSE_1', 'B': 'Q9QXM1_1'}
Info: modeling MYD88_Q9QXM1_x1 with msa_depth = 5214, seq_len = 1279, num_templ = 8
I0306 17:36:58.036414 22852017198912 run_af2c_mod.py:216] Running model model_4_multimer_v2_p1_230306_268014
I0306 17:36:58.036886 22852017198912 model.py:205] Running predict with shape(feat) = {'msa': (5214, 1279), 'bert_mask': (5214, 1279), 'num_alignments': (), 'aatype': (1279,), 'seq_length': (), 'template_aatype': (8, 1279), 'template_all_atom_mask': (8, 1279, 37), 'template_all_atom_positions': (8, 1279, 37, 3), 'all_atom_positions': (1279, 37, 3), 'template_domain_names': (8,), 'asym_id': (1279,), 'sym_id': (1279,), 'entity_id': (1279,), 'residue_index': (1279,), 'deletion_matrix': (5214, 1279), 'seq_mask': (1279,), 'msa_mask': (5214, 1279), 'cluster_bias_mask': (5214,), 'pdb_residue_index': (1279,)}
I0306 18:18:05.055603 22852017198912 run_af2c_mod.py:270] Total JAX model model_4_multimer_v2_p1_230306_268014 predict time (includes compilation time): 2467.0 seconds
Info: MYD88_Q9QXM1_x1 model_4_multimer_v2_p1_230306_268014_recycled_00,  tol =   inf, pLDDT = 57.59, pTM-score = 0.3748, piTM-score = 0.2244, interface-score = 0.0030, iRes = 37   iCnt = 66  
Info: MYD88_Q9QXM1_x1 model_4_multimer_v2_p1_230306_268014_recycled_01,  tol = 85.36, pLDDT = 58.15, pTM-score = 0.3900, piTM-score = 0.2129, interface-score = 0.0499, iRes = 41   iCnt = 42  
Info: MYD88_Q9QXM1_x1 model_4_multimer_v2_p1_230306_268014_recycled_02,  tol = 21.36, pLDDT = 59.17, pTM-score = 0.4051, piTM-score = 0.1599, interface-score = 0.0150, iRes = 37   iCnt = 44  
Info: MYD88_Q9QXM1_x1 model_4_multimer_v2_p1_230306_268014_recycled_03,  tol = 12.99, pLDDT = 59.46, pTM-score = 0.3944, piTM-score = 0.0000, interface-score = 0.0000, iRes = 0    iCnt = 0   
Info: MYD88_Q9QXM1_x1 model_4_multimer_v2_p1_230306_268014_recycled_04,  tol = 11.43, pLDDT = 59.92, pTM-score = 0.3969, piTM-score = 0.0201, interface-score = 0.0001, iRes = 11   iCnt = 10  
Info: MYD88_Q9QXM1_x1 model_4_multimer_v2_p1_230306_268014_recycled_05,  tol =  9.23, pLDDT = 59.87, pTM-score = 0.3942, piTM-score = 0.0320, interface-score = 0.0002, iRes = 18   iCnt = 25  
Info: MYD88_Q9QXM1_x1 model_4_multimer_v2_p1_230306_268014_recycled_06,  tol = 11.18, pLDDT = 59.71, pTM-score = 0.3945, piTM-score = 0.0000, interface-score = 0.0000, iRes = 0    iCnt = 0   
Info: MYD88_Q9QXM1_x1 model_4_multimer_v2_p1_230306_268014_recycled_07,  tol =  6.51, pLDDT = 59.98, pTM-score = 0.3972, piTM-score = 0.0000, interface-score = 0.0000, iRes = 0    iCnt = 0   
Info: MYD88_Q9QXM1_x1 model_4_multimer_v2_p1_230306_268014_recycled_08,  tol =  8.90, pLDDT = 60.13, pTM-score = 0.3956, piTM-score = 0.0000, interface-score = 0.0000, iRes = 0    iCnt = 0   
Info: MYD88_Q9QXM1_x1 model_4_multimer_v2_p1_230306_268014_recycled_09,  tol =  7.74, pLDDT = 60.20, pTM-score = 0.3974, piTM-score = 0.0088, interface-score = 0.0000, iRes = 5    iCnt = 4   
Info: MYD88_Q9QXM1_x1 model_4_multimer_v2_p1_230306_268014_recycled_10,  tol =  7.19, pLDDT = 60.18, pTM-score = 0.3962, piTM-score = 0.0000, interface-score = 0.0000, iRes = 0    iCnt = 0   
Info: MYD88_Q9QXM1_x1 model_4_multimer_v2_p1_230306_268014_recycled_11,  tol =  9.08, pLDDT = 60.12, pTM-score = 0.3958, piTM-score = 0.0162, interface-score = 0.0000, iRes = 9    iCnt = 11  
Info: MYD88_Q9QXM1_x1 model_4_multimer_v2_p1_230306_268014_recycled_12,  tol =  6.41, pLDDT = 60.13, pTM-score = 0.3950, piTM-score = 0.0000, interface-score = 0.0000, iRes = 0    iCnt = 0   
Info: MYD88_Q9QXM1_x1 model_4_multimer_v2_p1_230306_268014_recycled_13,  tol =  6.11, pLDDT = 60.51, pTM-score = 0.3972, piTM-score = 0.0000, interface-score = 0.0000, iRes = 0    iCnt = 0   
Info: MYD88_Q9QXM1_x1 model_4_multimer_v2_p1_230306_268014_recycled_14,  tol =  6.73, pLDDT = 60.50, pTM-score = 0.3975, piTM-score = 0.0000, interface-score = 0.0000, iRes = 0    iCnt = 0   
Info: MYD88_Q9QXM1_x1 model_4_multimer_v2_p1_230306_268014_recycled_15,  tol =  6.79, pLDDT = 60.10, pTM-score = 0.3942, piTM-score = 0.0000, interface-score = 0.0000, iRes = 0    iCnt = 0   
Info: MYD88_Q9QXM1_x1 model_4_multimer_v2_p1_230306_268014_recycled_16,  tol =  5.81, pLDDT = 60.14, pTM-score = 0.3916, piTM-score = 0.0000, interface-score = 0.0000, iRes = 0    iCnt = 0   
Info: MYD88_Q9QXM1_x1 model_4_multimer_v2_p1_230306_268014_recycled_17,  tol =  9.98, pLDDT = 60.22, pTM-score = 0.3947, piTM-score = 0.0000, interface-score = 0.0000, iRes = 0    iCnt = 0   
Info: MYD88_Q9QXM1_x1 model_4_multimer_v2_p1_230306_268014_recycled_18,  tol = 10.88, pLDDT = 60.18, pTM-score = 0.3946, piTM-score = 0.0000, interface-score = 0.0000, iRes = 0    iCnt = 0   
Info: MYD88_Q9QXM1_x1 model_4_multimer_v2_p1_230306_268014_recycled_19,  tol =  9.16, pLDDT = 60.47, pTM-score = 0.3981, piTM-score = 0.0000, interface-score = 0.0000, iRes = 0    iCnt = 0   
Info: MYD88_Q9QXM1_x1 model_4_multimer_v2_p1_230306_268014 performed 20 recycles, final tol = 8.45, pLDDT = 60.52, pTM-score = 0.3969, piTM-score = 0.0000, interface-score = 0.0000, iRes = 0    iCnt = 0   
Info: num_clusters = 2, cluster_sizes = [1, 1],  clusters = [['MYD88_MOUSE_0'], ['Q9QXM1_0']]

I0306 18:18:10.102698 22852017198912 run_af2c_mod.py:404] Final timings for MYD88_Q9QXM1_x1: {'features': 1.44, 'process_features_model_4_multimer_v2_p1_230306_268014': 0.0, 'predict_and_compile_model_4_multimer_v2_p1_230306_268014': 2467.0}
                                  
================================= 
Global information about the job: 
================================= 
  
Job owner: flobnow(42847)
Job name:  4_AF2C
Node list: ravg1096
Job start: Mon Mar  6 17:36:37 CET 2023
Job end:   Mon Mar  6 18:18:12 CET 2023
Work dir:  /raven/u/flobnow/workingLama/scripts/myRuns/Q9QXM1
Command:   /raven/u/flobnow/workingLama/scripts/myRuns/Q9QXM1/script2_comp_model_4.sh
  
  
  
==========================================================================================
Information on jobsteps (Note: MaxRSS/AveRSS is the maximum/average over all 
tasks of the per-task memory high-water marks; cf. "man sacct"): 
==========================================================================================
  
JobID            JobName NNodes NTasks  NCPUS        0.00M        0.00M    Elapsed ExitCode
------------- ---------- ------ ------ ------ ------------ ------------ ---------- --------
4365581           4_AF2C      1           108                             00:41:35      0:0
4365581.0        python3      1      1    108    36220.75M    36220.75M   00:41:31      0:0
  
Maximum memory per node: 37.980213 GB (defined as MaxRSS*Ntasks/NNodes)
CPU utilization: 1.9 %
  
Info: input file name is Q9QXM1
Info: input target list is /u/flobnow/workingLama/scripts/myRuns/Q9QXM1/target.lst
Info: input feature directory is /u/flobnow/workingLama/feature_files
Info: result output directory is /u/flobnow/workingLama/output_files
Info: model preset is multimer_np
Info: msa pairing is all
Info: recycling setting is 1
Info: using preset super2
Info: set num_ensemble = 2
Info: set max_recyles = 20
Info: set recycle_tol = 0.1
Info: mas_pairing mode is all
I0306 23:18:24.763680 22514510595904 tpu_client.py:54] Starting the local TPU driver.
I0306 23:18:24.764047 22514510595904 xla_bridge.py:212] Unable to initialize backend 'tpu_driver': Not found: Unable to find driver in registry given worker: local://
I0306 23:18:25.136256 22514510595904 xla_bridge.py:212] Unable to initialize backend 'tpu': Invalid argument: TpuPlatform is not available.
I0306 23:18:28.000771 22514510595904 run_af2c_mod.py:481] Have 1 models: ['model_5_multimer_v2_p1']
Info: working on target MYD88_Q9QXM1_x1
I0306 23:18:33.006082 22514510595904 run_af2c_mod.py:512] Using random seed 3241533583257705915 for the data pipeline
Info: MYD88_Q9QXM1_x1 found monomer MYD88_MOUSE msa_depth = 3425, seq_len = 296, num_templ = 20
Info: MYD88_MOUSE reducing the number of structural templates to 4
Info: MYD88_Q9QXM1_x1 found monomer Q9QXM1 msa_depth = 3289, seq_len = 983, num_templ = 10
Info: Q9QXM1 reducing the number of structural templates to 4
Info: 2 chain(s) to model {'A': 'MYD88_MOUSE_1', 'B': 'Q9QXM1_1'}
Info: modeling MYD88_Q9QXM1_x1 with msa_depth = 5214, seq_len = 1279, num_templ = 8
I0306 23:18:34.361216 22514510595904 run_af2c_mod.py:216] Running model model_5_multimer_v2_p1_230306_705915
I0306 23:18:34.361697 22514510595904 model.py:205] Running predict with shape(feat) = {'msa': (5214, 1279), 'bert_mask': (5214, 1279), 'num_alignments': (), 'aatype': (1279,), 'seq_length': (), 'template_aatype': (8, 1279), 'template_all_atom_mask': (8, 1279, 37), 'template_all_atom_positions': (8, 1279, 37, 3), 'all_atom_positions': (1279, 37, 3), 'template_domain_names': (8,), 'asym_id': (1279,), 'sym_id': (1279,), 'entity_id': (1279,), 'residue_index': (1279,), 'deletion_matrix': (5214, 1279), 'seq_mask': (1279,), 'msa_mask': (5214, 1279), 'cluster_bias_mask': (5214,), 'pdb_residue_index': (1279,)}
I0306 23:59:22.797935 22514510595904 run_af2c_mod.py:270] Total JAX model model_5_multimer_v2_p1_230306_705915 predict time (includes compilation time): 2448.4 seconds
Info: MYD88_Q9QXM1_x1 model_5_multimer_v2_p1_230306_705915_recycled_00,  tol =   inf, pLDDT = 55.83, pTM-score = 0.3679, piTM-score = 0.0000, interface-score = 0.0000, iRes = 0    iCnt = 0   
Info: MYD88_Q9QXM1_x1 model_5_multimer_v2_p1_230306_705915_recycled_01,  tol = 93.98, pLDDT = 56.39, pTM-score = 0.3637, piTM-score = 0.0000, interface-score = 0.0000, iRes = 0    iCnt = 0   
Info: MYD88_Q9QXM1_x1 model_5_multimer_v2_p1_230306_705915_recycled_02,  tol = 23.79, pLDDT = 56.92, pTM-score = 0.3784, piTM-score = 0.0000, interface-score = 0.0000, iRes = 0    iCnt = 0   
Info: MYD88_Q9QXM1_x1 model_5_multimer_v2_p1_230306_705915_recycled_03,  tol = 17.29, pLDDT = 57.06, pTM-score = 0.3809, piTM-score = 0.0000, interface-score = 0.0000, iRes = 0    iCnt = 0   
Info: MYD88_Q9QXM1_x1 model_5_multimer_v2_p1_230306_705915_recycled_04,  tol = 17.23, pLDDT = 57.36, pTM-score = 0.3802, piTM-score = 0.0000, interface-score = 0.0000, iRes = 0    iCnt = 0   
Info: MYD88_Q9QXM1_x1 model_5_multimer_v2_p1_230306_705915_recycled_05,  tol = 14.34, pLDDT = 56.73, pTM-score = 0.3787, piTM-score = 0.0000, interface-score = 0.0000, iRes = 0    iCnt = 0   
Info: MYD88_Q9QXM1_x1 model_5_multimer_v2_p1_230306_705915_recycled_06,  tol = 12.99, pLDDT = 57.56, pTM-score = 0.3774, piTM-score = 0.0000, interface-score = 0.0000, iRes = 0    iCnt = 0   
Info: MYD88_Q9QXM1_x1 model_5_multimer_v2_p1_230306_705915_recycled_07,  tol = 11.72, pLDDT = 57.00, pTM-score = 0.3783, piTM-score = 0.0000, interface-score = 0.0000, iRes = 0    iCnt = 0   
Info: MYD88_Q9QXM1_x1 model_5_multimer_v2_p1_230306_705915_recycled_08,  tol = 13.26, pLDDT = 57.40, pTM-score = 0.3817, piTM-score = 0.0000, interface-score = 0.0000, iRes = 0    iCnt = 0   
Info: MYD88_Q9QXM1_x1 model_5_multimer_v2_p1_230306_705915_recycled_09,  tol =  8.86, pLDDT = 57.15, pTM-score = 0.3813, piTM-score = 0.0000, interface-score = 0.0000, iRes = 0    iCnt = 0   
Info: MYD88_Q9QXM1_x1 model_5_multimer_v2_p1_230306_705915_recycled_10,  tol =  8.29, pLDDT = 57.37, pTM-score = 0.3790, piTM-score = 0.0000, interface-score = 0.0000, iRes = 0    iCnt = 0   
Info: MYD88_Q9QXM1_x1 model_5_multimer_v2_p1_230306_705915_recycled_11,  tol =  9.03, pLDDT = 57.37, pTM-score = 0.3781, piTM-score = 0.0000, interface-score = 0.0000, iRes = 0    iCnt = 0   
Info: MYD88_Q9QXM1_x1 model_5_multimer_v2_p1_230306_705915_recycled_12,  tol =  8.47, pLDDT = 56.97, pTM-score = 0.3802, piTM-score = 0.0000, interface-score = 0.0000, iRes = 0    iCnt = 0   
Info: MYD88_Q9QXM1_x1 model_5_multimer_v2_p1_230306_705915_recycled_13,  tol = 15.42, pLDDT = 56.94, pTM-score = 0.3791, piTM-score = 0.0181, interface-score = 0.0001, iRes = 11   iCnt = 8   
Info: MYD88_Q9QXM1_x1 model_5_multimer_v2_p1_230306_705915_recycled_14,  tol = 18.71, pLDDT = 57.48, pTM-score = 0.3806, piTM-score = 0.0000, interface-score = 0.0000, iRes = 0    iCnt = 0   
Info: MYD88_Q9QXM1_x1 model_5_multimer_v2_p1_230306_705915_recycled_15,  tol = 11.95, pLDDT = 57.10, pTM-score = 0.3807, piTM-score = 0.0000, interface-score = 0.0000, iRes = 0    iCnt = 0   
Info: MYD88_Q9QXM1_x1 model_5_multimer_v2_p1_230306_705915_recycled_16,  tol =  9.96, pLDDT = 57.06, pTM-score = 0.3781, piTM-score = 0.0000, interface-score = 0.0000, iRes = 0    iCnt = 0   
Info: MYD88_Q9QXM1_x1 model_5_multimer_v2_p1_230306_705915_recycled_17,  tol = 12.42, pLDDT = 56.89, pTM-score = 0.3771, piTM-score = 0.0000, interface-score = 0.0000, iRes = 0    iCnt = 0   
Info: MYD88_Q9QXM1_x1 model_5_multimer_v2_p1_230306_705915_recycled_18,  tol = 18.11, pLDDT = 57.16, pTM-score = 0.3771, piTM-score = 0.0000, interface-score = 0.0000, iRes = 0    iCnt = 0   
Info: MYD88_Q9QXM1_x1 model_5_multimer_v2_p1_230306_705915_recycled_19,  tol = 16.44, pLDDT = 57.40, pTM-score = 0.3949, piTM-score = 0.2773, interface-score = 0.0896, iRes = 27   iCnt = 29  
Info: MYD88_Q9QXM1_x1 model_5_multimer_v2_p1_230306_705915 performed 20 recycles, final tol = 15.34, pLDDT = 57.45, pTM-score = 0.4009, piTM-score = 0.2613, interface-score = 0.1089, iRes = 52   iCnt = 66  
Info: num_clusters = 1, cluster_sizes = [2],  clusters = [['MYD88_MOUSE_0', 'Q9QXM1_0']]

I0306 23:59:28.041693 22514510595904 run_af2c_mod.py:404] Final timings for MYD88_Q9QXM1_x1: {'features': 1.35, 'process_features_model_5_multimer_v2_p1_230306_705915': 0.0, 'predict_and_compile_model_5_multimer_v2_p1_230306_705915': 2448.4}
                                  
================================= 
Global information about the job: 
================================= 
  
Job owner: flobnow(42847)
Job name:  5_AF2C
Node list: ravg1031
Job start: Mon Mar  6 23:18:14 CET 2023
Job end:   Mon Mar  6 23:59:30 CET 2023
Work dir:  /raven/u/flobnow/workingLama/scripts/myRuns/Q9QXM1
Command:   /raven/u/flobnow/workingLama/scripts/myRuns/Q9QXM1/script2_comp_model_5.sh
  
  
  
==========================================================================================
Information on jobsteps (Note: MaxRSS/AveRSS is the maximum/average over all 
tasks of the per-task memory high-water marks; cf. "man sacct"): 
==========================================================================================
  
JobID            JobName NNodes NTasks  NCPUS        0.00M        0.00M    Elapsed ExitCode
------------- ---------- ------ ------ ------ ------------ ------------ ---------- --------
4365731           5_AF2C      1           108                             00:41:16      0:0
4365731.0        python3      1      1    108    36922.71M    36922.71M   00:41:11      0:0
  
Maximum memory per node: 38.716273 GB (defined as MaxRSS*Ntasks/NNodes)
CPU utilization: 1.9 %
  
Info: target file is /u/flobnow/workingLama/scripts/myRuns/Q9QXM1/target.lst
Info: input directory of unrelaxed models is /u/flobnow/workingLama/output_files
Info: output directory of relaxed models is /u/flobnow/workingLama/output_files
/bin/sh: /mpcdf/soft/SLE_15/packages/x86_64/alphafold/2.2.0/lib/libtinfo.so.6: no version information available (required by /lib64/libreadline.so.7)
I0307 19:53:46.573827 23124790617920 run_af2c_min.py:88] MYD88_Q9QXM1_x1 processing model_3_multimer_v2_p1_230306_076296.pdb
sh: /mpcdf/soft/SLE_15/packages/x86_64/alphafold/2.2.0/lib/libtinfo.so.6: no version information available (required by /lib64/libreadline.so.7)
sh: /mpcdf/soft/SLE_15/packages/x86_64/alphafold/2.2.0/lib/libtinfo.so.6: no version information available (required by /lib64/libreadline.so.7)
I0307 19:54:06.282642 23124790617920 amber_minimize.py:177] alterations info: {'nonstandard_residues': [], 'removed_heterogens': set(), 'missing_residues': {}, 'missing_heavy_atoms': {}, 'missing_terminals': {<Residue 295 (PRO) of chain 0>: ['OXT'], <Residue 1278 (ASN) of chain 1>: ['OXT']}, 'Se_in_MET': [], 'removed_chains': {0: []}}
I0307 19:54:08.196741 23124790617920 amber_minimize.py:408] Minimizing protein, attempt 1 of 100.
I0307 19:54:10.280526 23124790617920 amber_minimize.py:69] Restraining 10137 / 20271 particles.
sh: /mpcdf/soft/SLE_15/packages/x86_64/alphafold/2.2.0/lib/libtinfo.so.6: no version information available (required by /lib64/libreadline.so.7)
I0307 19:58:48.007015 23124790617920 amber_minimize.py:177] alterations info: {'nonstandard_residues': [], 'removed_heterogens': set(), 'missing_residues': {}, 'missing_heavy_atoms': {}, 'missing_terminals': {}, 'Se_in_MET': [], 'removed_chains': {0: []}}
I0307 19:58:49.981992 23124790617920 tpu_client.py:54] Starting the local TPU driver.
I0307 19:58:49.983976 23124790617920 xla_bridge.py:212] Unable to initialize backend 'tpu_driver': Not found: Unable to find driver in registry given worker: local://
I0307 19:58:50.219681 23124790617920 xla_bridge.py:212] Unable to initialize backend 'tpu': Invalid argument: TpuPlatform is not available.
I0307 19:59:04.927062 23124790617920 amber_minimize.py:500] Iteration completed: Einit 52415537973.56 Efinal -8335.05 Time 263.98 s num residue violations 25 num residue exclusions 0 
I0307 19:59:04.971073 23124790617920 amber_minimize.py:408] Minimizing protein, attempt 1 of 100.
I0307 19:59:06.941132 23124790617920 amber_minimize.py:69] Restraining 9959 / 20271 particles.
sh: /mpcdf/soft/SLE_15/packages/x86_64/alphafold/2.2.0/lib/libtinfo.so.6: no version information available (required by /lib64/libreadline.so.7)
I0307 20:02:03.341868 23124790617920 amber_minimize.py:177] alterations info: {'nonstandard_residues': [], 'removed_heterogens': set(), 'missing_residues': {}, 'missing_heavy_atoms': {}, 'missing_terminals': {}, 'Se_in_MET': [], 'removed_chains': {0: []}}
I0307 20:02:10.910666 23124790617920 amber_minimize.py:500] Iteration completed: Einit 55287.93 Efinal -15932.64 Time 162.83 s num residue violations 15 num residue exclusions 25 
I0307 20:02:10.911592 23124790617920 amber_minimize.py:408] Minimizing protein, attempt 1 of 100.
I0307 20:02:12.918060 23124790617920 amber_minimize.py:69] Restraining 9926 / 20271 particles.
sh: /mpcdf/soft/SLE_15/packages/x86_64/alphafold/2.2.0/lib/libtinfo.so.6: no version information available (required by /lib64/libreadline.so.7)
I0307 20:05:21.502544 23124790617920 amber_minimize.py:177] alterations info: {'nonstandard_residues': [], 'removed_heterogens': set(), 'missing_residues': {}, 'missing_heavy_atoms': {}, 'missing_terminals': {}, 'Se_in_MET': [], 'removed_chains': {0: []}}
I0307 20:05:29.012080 23124790617920 amber_minimize.py:500] Iteration completed: Einit 63640.01 Efinal -18347.88 Time 175.84 s num residue violations 11 num residue exclusions 29 
sh: /mpcdf/soft/SLE_15/packages/x86_64/alphafold/2.2.0/lib/libtinfo.so.6: no version information available (required by /lib64/libreadline.so.7)
sh: /mpcdf/soft/SLE_15/packages/x86_64/alphafold/2.2.0/lib/libtinfo.so.6: no version information available (required by /lib64/libreadline.so.7)
I0307 20:05:44.841804 23124790617920 amber_minimize.py:177] alterations info: {'nonstandard_residues': [], 'removed_heterogens': set(), 'missing_residues': {}, 'missing_heavy_atoms': {}, 'missing_terminals': {<Residue 295 (PRO) of chain 0>: ['OXT'], <Residue 1278 (ASN) of chain 1>: ['OXT']}, 'Se_in_MET': [], 'removed_chains': {0: []}}
I0307 20:05:48.939931 23124790617920 run_af2c_min.py:110] MYD88_Q9QXM1_x1 relaxation done, time spent 721.6 seconds, Efinal -18347.88, rmsd 0.42
I0307 20:05:48.940054 23124790617920 run_af2c_min.py:88] MYD88_Q9QXM1_x1 processing model_2_multimer_v2_p1_230306_999898.pdb
sh: /mpcdf/soft/SLE_15/packages/x86_64/alphafold/2.2.0/lib/libtinfo.so.6: no version information available (required by /lib64/libreadline.so.7)
sh: /mpcdf/soft/SLE_15/packages/x86_64/alphafold/2.2.0/lib/libtinfo.so.6: no version information available (required by /lib64/libreadline.so.7)
I0307 20:06:04.994449 23124790617920 amber_minimize.py:177] alterations info: {'nonstandard_residues': [], 'removed_heterogens': set(), 'missing_residues': {}, 'missing_heavy_atoms': {}, 'missing_terminals': {<Residue 295 (PRO) of chain 0>: ['OXT'], <Residue 1278 (ASN) of chain 1>: ['OXT']}, 'Se_in_MET': [], 'removed_chains': {0: []}}
I0307 20:06:06.968237 23124790617920 amber_minimize.py:408] Minimizing protein, attempt 1 of 100.
I0307 20:06:08.985748 23124790617920 amber_minimize.py:69] Restraining 10137 / 20271 particles.
sh: /mpcdf/soft/SLE_15/packages/x86_64/alphafold/2.2.0/lib/libtinfo.so.6: no version information available (required by /lib64/libreadline.so.7)
I0307 20:10:06.246433 23124790617920 amber_minimize.py:177] alterations info: {'nonstandard_residues': [], 'removed_heterogens': set(), 'missing_residues': {}, 'missing_heavy_atoms': {}, 'missing_terminals': {}, 'Se_in_MET': [], 'removed_chains': {0: []}}
I0307 20:10:13.636332 23124790617920 amber_minimize.py:500] Iteration completed: Einit 19372406045534.96 Efinal -10446.45 Time 224.19 s num residue violations 37 num residue exclusions 0 
I0307 20:10:13.637207 23124790617920 amber_minimize.py:408] Minimizing protein, attempt 1 of 100.
I0307 20:10:15.643631 23124790617920 amber_minimize.py:69] Restraining 9869 / 20271 particles.
sh: /mpcdf/soft/SLE_15/packages/x86_64/alphafold/2.2.0/lib/libtinfo.so.6: no version information available (required by /lib64/libreadline.so.7)
I0307 20:13:33.335369 23124790617920 amber_minimize.py:177] alterations info: {'nonstandard_residues': [], 'removed_heterogens': set(), 'missing_residues': {}, 'missing_heavy_atoms': {}, 'missing_terminals': {}, 'Se_in_MET': [], 'removed_chains': {0: []}}
I0307 20:13:40.672611 23124790617920 amber_minimize.py:500] Iteration completed: Einit 38539.90 Efinal -16678.87 Time 184.76 s num residue violations 24 num residue exclusions 37 
I0307 20:13:40.673496 23124790617920 amber_minimize.py:408] Minimizing protein, attempt 1 of 100.
I0307 20:13:42.738673 23124790617920 amber_minimize.py:69] Restraining 9825 / 20271 particles.
sh: /mpcdf/soft/SLE_15/packages/x86_64/alphafold/2.2.0/lib/libtinfo.so.6: no version information available (required by /lib64/libreadline.so.7)
I0307 20:17:07.752392 23124790617920 amber_minimize.py:177] alterations info: {'nonstandard_residues': [], 'removed_heterogens': set(), 'missing_residues': {}, 'missing_heavy_atoms': {}, 'missing_terminals': {}, 'Se_in_MET': [], 'removed_chains': {0: []}}
I0307 20:17:15.137201 23124790617920 amber_minimize.py:500] Iteration completed: Einit 34980.14 Efinal -18903.71 Time 192.03 s num residue violations 16 num residue exclusions 43 
sh: /mpcdf/soft/SLE_15/packages/x86_64/alphafold/2.2.0/lib/libtinfo.so.6: no version information available (required by /lib64/libreadline.so.7)
sh: /mpcdf/soft/SLE_15/packages/x86_64/alphafold/2.2.0/lib/libtinfo.so.6: no version information available (required by /lib64/libreadline.so.7)
I0307 20:17:31.106231 23124790617920 amber_minimize.py:177] alterations info: {'nonstandard_residues': [], 'removed_heterogens': set(), 'missing_residues': {}, 'missing_heavy_atoms': {}, 'missing_terminals': {<Residue 295 (PRO) of chain 0>: ['OXT'], <Residue 1278 (ASN) of chain 1>: ['OXT']}, 'Se_in_MET': [], 'removed_chains': {0: []}}
I0307 20:17:35.110882 23124790617920 run_af2c_min.py:110] MYD88_Q9QXM1_x1 relaxation done, time spent 705.6 seconds, Efinal -18903.71, rmsd 0.41
I0307 20:17:35.111009 23124790617920 run_af2c_min.py:88] MYD88_Q9QXM1_x1 processing model_5_multimer_v2_p1_230306_705915.pdb
sh: /mpcdf/soft/SLE_15/packages/x86_64/alphafold/2.2.0/lib/libtinfo.so.6: no version information available (required by /lib64/libreadline.so.7)
sh: /mpcdf/soft/SLE_15/packages/x86_64/alphafold/2.2.0/lib/libtinfo.so.6: no version information available (required by /lib64/libreadline.so.7)
I0307 20:17:51.213075 23124790617920 amber_minimize.py:177] alterations info: {'nonstandard_residues': [], 'removed_heterogens': set(), 'missing_residues': {}, 'missing_heavy_atoms': {}, 'missing_terminals': {<Residue 295 (PRO) of chain 0>: ['OXT'], <Residue 1278 (ASN) of chain 1>: ['OXT']}, 'Se_in_MET': [], 'removed_chains': {0: []}}
I0307 20:17:53.207098 23124790617920 amber_minimize.py:408] Minimizing protein, attempt 1 of 100.
I0307 20:17:55.228227 23124790617920 amber_minimize.py:69] Restraining 10137 / 20271 particles.
sh: /mpcdf/soft/SLE_15/packages/x86_64/alphafold/2.2.0/lib/libtinfo.so.6: no version information available (required by /lib64/libreadline.so.7)
I0307 20:24:00.547914 23124790617920 amber_minimize.py:177] alterations info: {'nonstandard_residues': [], 'removed_heterogens': set(), 'missing_residues': {}, 'missing_heavy_atoms': {}, 'missing_terminals': {}, 'Se_in_MET': [], 'removed_chains': {0: []}}
I0307 20:24:08.008168 23124790617920 amber_minimize.py:500] Iteration completed: Einit 2100169621.83 Efinal -8882.95 Time 352.70 s num residue violations 72 num residue exclusions 0 
I0307 20:24:08.008980 23124790617920 amber_minimize.py:408] Minimizing protein, attempt 1 of 100.
I0307 20:24:10.000748 23124790617920 amber_minimize.py:69] Restraining 9623 / 20271 particles.
sh: /mpcdf/soft/SLE_15/packages/x86_64/alphafold/2.2.0/lib/libtinfo.so.6: no version information available (required by /lib64/libreadline.so.7)
I0307 20:29:09.350380 23124790617920 amber_minimize.py:177] alterations info: {'nonstandard_residues': [], 'removed_heterogens': set(), 'missing_residues': {}, 'missing_heavy_atoms': {}, 'missing_terminals': {}, 'Se_in_MET': [], 'removed_chains': {0: []}}
I0307 20:29:16.832181 23124790617920 amber_minimize.py:500] Iteration completed: Einit 41603.16 Efinal -17592.25 Time 286.54 s num residue violations 31 num residue exclusions 72 
I0307 20:29:16.832850 23124790617920 amber_minimize.py:408] Minimizing protein, attempt 1 of 100.
I0307 20:29:18.796164 23124790617920 amber_minimize.py:69] Restraining 9606 / 20271 particles.
sh: /mpcdf/soft/SLE_15/packages/x86_64/alphafold/2.2.0/lib/libtinfo.so.6: no version information available (required by /lib64/libreadline.so.7)
I0307 20:32:45.182868 23124790617920 amber_minimize.py:177] alterations info: {'nonstandard_residues': [], 'removed_heterogens': set(), 'missing_residues': {}, 'missing_heavy_atoms': {}, 'missing_terminals': {}, 'Se_in_MET': [], 'removed_chains': {0: []}}
I0307 20:32:52.601545 23124790617920 amber_minimize.py:500] Iteration completed: Einit 62737.81 Efinal -19708.14 Time 193.69 s num residue violations 22 num residue exclusions 74 
sh: /mpcdf/soft/SLE_15/packages/x86_64/alphafold/2.2.0/lib/libtinfo.so.6: no version information available (required by /lib64/libreadline.so.7)
sh: /mpcdf/soft/SLE_15/packages/x86_64/alphafold/2.2.0/lib/libtinfo.so.6: no version information available (required by /lib64/libreadline.so.7)
I0307 20:33:08.512956 23124790617920 amber_minimize.py:177] alterations info: {'nonstandard_residues': [], 'removed_heterogens': set(), 'missing_residues': {}, 'missing_heavy_atoms': {}, 'missing_terminals': {<Residue 295 (PRO) of chain 0>: ['OXT'], <Residue 1278 (ASN) of chain 1>: ['OXT']}, 'Se_in_MET': [], 'removed_chains': {0: []}}
I0307 20:33:12.600876 23124790617920 run_af2c_min.py:110] MYD88_Q9QXM1_x1 relaxation done, time spent 936.8 seconds, Efinal -19708.14, rmsd 0.43
I0307 20:33:12.601149 23124790617920 run_af2c_min.py:88] MYD88_Q9QXM1_x1 processing model_4_multimer_v2_p1_230306_268014.pdb
sh: /mpcdf/soft/SLE_15/packages/x86_64/alphafold/2.2.0/lib/libtinfo.so.6: no version information available (required by /lib64/libreadline.so.7)
sh: /mpcdf/soft/SLE_15/packages/x86_64/alphafold/2.2.0/lib/libtinfo.so.6: no version information available (required by /lib64/libreadline.so.7)
I0307 20:33:28.444593 23124790617920 amber_minimize.py:177] alterations info: {'nonstandard_residues': [], 'removed_heterogens': set(), 'missing_residues': {}, 'missing_heavy_atoms': {}, 'missing_terminals': {<Residue 295 (PRO) of chain 0>: ['OXT'], <Residue 1278 (ASN) of chain 1>: ['OXT']}, 'Se_in_MET': [], 'removed_chains': {0: []}}
I0307 20:33:30.403504 23124790617920 amber_minimize.py:408] Minimizing protein, attempt 1 of 100.
I0307 20:33:32.406461 23124790617920 amber_minimize.py:69] Restraining 10137 / 20271 particles.
sh: /mpcdf/soft/SLE_15/packages/x86_64/alphafold/2.2.0/lib/libtinfo.so.6: no version information available (required by /lib64/libreadline.so.7)
I0307 20:34:42.957025 23124790617920 amber_minimize.py:177] alterations info: {'nonstandard_residues': [], 'removed_heterogens': set(), 'missing_residues': {}, 'missing_heavy_atoms': {}, 'missing_terminals': {}, 'Se_in_MET': [], 'removed_chains': {0: []}}
I0307 20:34:50.311236 23124790617920 amber_minimize.py:500] Iteration completed: Einit 146144714322514771968.00 Efinal 283609484179805110272.00 Time 56.81 s num residue violations 231 num residue exclusions 0 
I0307 20:34:50.312099 23124790617920 amber_minimize.py:408] Minimizing protein, attempt 1 of 100.
I0307 20:34:52.307568 23124790617920 amber_minimize.py:69] Restraining 8403 / 20271 particles.
sh: /mpcdf/soft/SLE_15/packages/x86_64/alphafold/2.2.0/lib/libtinfo.so.6: no version information available (required by /lib64/libreadline.so.7)
I0307 20:36:01.694239 23124790617920 amber_minimize.py:177] alterations info: {'nonstandard_residues': [], 'removed_heterogens': set(), 'missing_residues': {}, 'missing_heavy_atoms': {}, 'missing_terminals': {}, 'Se_in_MET': [], 'removed_chains': {0: []}}
I0307 20:36:09.115985 23124790617920 amber_minimize.py:500] Iteration completed: Einit 268995709051531296768.00 Efinal 196601777917907664896.00 Time 55.52 s num residue violations 232 num residue exclusions 231 
I0307 20:36:09.116832 23124790617920 amber_minimize.py:408] Minimizing protein, attempt 1 of 100.
I0307 20:36:11.111415 23124790617920 amber_minimize.py:69] Restraining 8385 / 20271 particles.
sh: /mpcdf/soft/SLE_15/packages/x86_64/alphafold/2.2.0/lib/libtinfo.so.6: no version information available (required by /lib64/libreadline.so.7)
I0307 20:37:18.168136 23124790617920 amber_minimize.py:177] alterations info: {'nonstandard_residues': [], 'removed_heterogens': set(), 'missing_residues': {}, 'missing_heavy_atoms': {}, 'missing_terminals': {}, 'Se_in_MET': [], 'removed_chains': {0: []}}
I0307 20:37:25.549900 23124790617920 amber_minimize.py:500] Iteration completed: Einit 191405254710649651200.00 Efinal 76967529464390942720.00 Time 53.38 s num residue violations 234 num residue exclusions 234 
sh: /mpcdf/soft/SLE_15/packages/x86_64/alphafold/2.2.0/lib/libtinfo.so.6: no version information available (required by /lib64/libreadline.so.7)
sh: /mpcdf/soft/SLE_15/packages/x86_64/alphafold/2.2.0/lib/libtinfo.so.6: no version information available (required by /lib64/libreadline.so.7)
I0307 20:37:41.231643 23124790617920 amber_minimize.py:177] alterations info: {'nonstandard_residues': [], 'removed_heterogens': set(), 'missing_residues': {}, 'missing_heavy_atoms': {}, 'missing_terminals': {<Residue 295 (PRO) of chain 0>: ['OXT'], <Residue 1278 (ASN) of chain 1>: ['OXT']}, 'Se_in_MET': [], 'removed_chains': {0: []}}
I0307 20:37:45.256269 23124790617920 run_af2c_min.py:110] MYD88_Q9QXM1_x1 relaxation done, time spent 272.1 seconds, Efinal 76967529464390942720.00, rmsd 0.08
I0307 20:37:45.256400 23124790617920 run_af2c_min.py:88] MYD88_Q9QXM1_x1 processing model_1_multimer_v2_p1_230306_241654.pdb
sh: /mpcdf/soft/SLE_15/packages/x86_64/alphafold/2.2.0/lib/libtinfo.so.6: no version information available (required by /lib64/libreadline.so.7)
sh: /mpcdf/soft/SLE_15/packages/x86_64/alphafold/2.2.0/lib/libtinfo.so.6: no version information available (required by /lib64/libreadline.so.7)
I0307 20:38:01.470490 23124790617920 amber_minimize.py:177] alterations info: {'nonstandard_residues': [], 'removed_heterogens': set(), 'missing_residues': {}, 'missing_heavy_atoms': {}, 'missing_terminals': {<Residue 295 (PRO) of chain 0>: ['OXT'], <Residue 1278 (ASN) of chain 1>: ['OXT']}, 'Se_in_MET': [], 'removed_chains': {0: []}}
I0307 20:38:03.515709 23124790617920 amber_minimize.py:408] Minimizing protein, attempt 1 of 100.
I0307 20:38:05.528954 23124790617920 amber_minimize.py:69] Restraining 10137 / 20271 particles.
sh: /mpcdf/soft/SLE_15/packages/x86_64/alphafold/2.2.0/lib/libtinfo.so.6: no version information available (required by /lib64/libreadline.so.7)
I0307 20:45:51.544122 23124790617920 amber_minimize.py:177] alterations info: {'nonstandard_residues': [], 'removed_heterogens': set(), 'missing_residues': {}, 'missing_heavy_atoms': {}, 'missing_terminals': {}, 'Se_in_MET': [], 'removed_chains': {0: []}}
I0307 20:45:59.022755 23124790617920 amber_minimize.py:500] Iteration completed: Einit 507783953554.38 Efinal -8482.88 Time 452.26 s num residue violations 18 num residue exclusions 0 
I0307 20:45:59.023600 23124790617920 amber_minimize.py:408] Minimizing protein, attempt 1 of 100.
I0307 20:46:01.034282 23124790617920 amber_minimize.py:69] Restraining 10006 / 20271 particles.
sh: /mpcdf/soft/SLE_15/packages/x86_64/alphafold/2.2.0/lib/libtinfo.so.6: no version information available (required by /lib64/libreadline.so.7)
I0307 20:55:21.868780 23124790617920 amber_minimize.py:177] alterations info: {'nonstandard_residues': [], 'removed_heterogens': set(), 'missing_residues': {}, 'missing_heavy_atoms': {}, 'missing_terminals': {}, 'Se_in_MET': [], 'removed_chains': {0: []}}
I0307 20:55:29.373317 23124790617920 amber_minimize.py:500] Iteration completed: Einit 45327.91 Efinal -16045.27 Time 547.95 s num residue violations 11 num residue exclusions 18 
I0307 20:55:29.374181 23124790617920 amber_minimize.py:408] Minimizing protein, attempt 1 of 100.
I0307 20:55:31.384068 23124790617920 amber_minimize.py:69] Restraining 9993 / 20271 particles.
sh: /mpcdf/soft/SLE_15/packages/x86_64/alphafold/2.2.0/lib/libtinfo.so.6: no version information available (required by /lib64/libreadline.so.7)
I0307 20:59:01.123531 23124790617920 amber_minimize.py:177] alterations info: {'nonstandard_residues': [], 'removed_heterogens': set(), 'missing_residues': {}, 'missing_heavy_atoms': {}, 'missing_terminals': {}, 'Se_in_MET': [], 'removed_chains': {0: []}}
I0307 20:59:08.529619 23124790617920 amber_minimize.py:500] Iteration completed: Einit 44080.51 Efinal -18026.69 Time 197.05 s num residue violations 9 num residue exclusions 20 
sh: /mpcdf/soft/SLE_15/packages/x86_64/alphafold/2.2.0/lib/libtinfo.so.6: no version information available (required by /lib64/libreadline.so.7)
sh: /mpcdf/soft/SLE_15/packages/x86_64/alphafold/2.2.0/lib/libtinfo.so.6: no version information available (required by /lib64/libreadline.so.7)
I0307 20:59:24.684544 23124790617920 amber_minimize.py:177] alterations info: {'nonstandard_residues': [], 'removed_heterogens': set(), 'missing_residues': {}, 'missing_heavy_atoms': {}, 'missing_terminals': {<Residue 295 (PRO) of chain 0>: ['OXT'], <Residue 1278 (ASN) of chain 1>: ['OXT']}, 'Se_in_MET': [], 'removed_chains': {0: []}}
I0307 20:59:28.708115 23124790617920 run_af2c_min.py:110] MYD88_Q9QXM1_x1 relaxation done, time spent 1302.8 seconds, Efinal -18026.69, rmsd 0.40
                                  
================================= 
Global information about the job: 
================================= 
  
Job owner: flobnow(42847)
Job name:  6_RLX
Node list: ravg1093
Job start: Tue Mar  7 19:53:25 CET 2023
Job end:   Tue Mar  7 20:59:31 CET 2023
Work dir:  /raven/u/flobnow/workingLama/scripts/myRuns/Q9QXM1
Command:   /raven/u/flobnow/workingLama/scripts/myRuns/Q9QXM1/script3_relaxation.sh
  
  
  
==========================================================================================
Information on jobsteps (Note: MaxRSS/AveRSS is the maximum/average over all 
tasks of the per-task memory high-water marks; cf. "man sacct"): 
==========================================================================================
  
JobID            JobName NNodes NTasks  NCPUS        0.00M        0.00M    Elapsed ExitCode
------------- ---------- ------ ------ ------ ------------ ------------ ---------- --------
4375131            6_RLX      1           108                             01:06:06      0:0
4375131.0        python3      1      1    108    17651.63M    17651.63M   01:05:59      0:0
  
Maximum memory per node: 18.509078 GB (defined as MaxRSS*Ntasks/NNodes)
CPU utilization: 83.9 %
  
