Info: input file name is MYD88-DD_x1_IRAK4-DD_x1
Info: input target list is /u/flobnow/workingLama/scripts/myRuns/MYD88-DD_x1_IRAK4-DD_x1/target.lst
Info: input feature directory is /u/flobnow/workingLama/feature_files
Info: result output directory is /u/flobnow/workingLama/output_files
Info: model preset is multimer_np
Info: msa pairing is all
Info: recycling setting is 1
Info: using preset super2
Info: set num_ensemble = 2
Info: set max_recyles = 20
Info: set recycle_tol = 0.1
Info: mas_pairing mode is all
I0218 09:12:19.958782 22746126858048 tpu_client.py:54] Starting the local TPU driver.
I0218 09:12:19.959173 22746126858048 xla_bridge.py:212] Unable to initialize backend 'tpu_driver': Not found: Unable to find driver in registry given worker: local://
I0218 09:12:20.320144 22746126858048 xla_bridge.py:212] Unable to initialize backend 'tpu': Invalid argument: TpuPlatform is not available.
I0218 09:12:23.071958 22746126858048 run_af2c_mod.py:481] Have 1 models: ['model_1_multimer_v2_p1']
Info: working on target MYD88-DD_x1_IRAK4-DD_x1
I0218 09:12:28.077539 22746126858048 run_af2c_mod.py:512] Using random seed 8660697919922189948 for the data pipeline
Info: MYD88-DD_x1_IRAK4-DD_x1 found monomer MYD88_MOUSE-DD msa_depth = 803, seq_len = 120, num_templ = 20
Info: MYD88_MOUSE-DD reducing the number of structural templates to 4
Info: MYD88-DD_x1_IRAK4-DD_x1 found monomer IRAK4_MOUSE-DD msa_depth = 574, seq_len = 120, num_templ = 20
Info: IRAK4_MOUSE-DD reducing the number of structural templates to 4
Info: 2 chain(s) to model {'A': 'MYD88_MOUSE-DD_1', 'B': 'IRAK4_MOUSE-DD_1'}
Info: modeling MYD88-DD_x1_IRAK4-DD_x1 with msa_depth = 1038, seq_len = 240, num_templ = 8
I0218 09:12:28.379035 22746126858048 run_af2c_mod.py:216] Running model model_1_multimer_v2_p1_230218_189948
I0218 09:12:28.379421 22746126858048 model.py:205] Running predict with shape(feat) = {'msa': (1038, 240), 'bert_mask': (1038, 240), 'num_alignments': (), 'aatype': (240,), 'seq_length': (), 'template_aatype': (8, 240), 'template_all_atom_mask': (8, 240, 37), 'template_all_atom_positions': (8, 240, 37, 3), 'all_atom_positions': (240, 37, 3), 'template_domain_names': (8,), 'asym_id': (240,), 'sym_id': (240,), 'entity_id': (240,), 'residue_index': (240,), 'deletion_matrix': (1038, 240), 'seq_mask': (240,), 'msa_mask': (1038, 240), 'cluster_bias_mask': (1038,), 'pdb_residue_index': (240,)}
I0218 09:14:04.462508 22746126858048 run_af2c_mod.py:270] Total JAX model model_1_multimer_v2_p1_230218_189948 predict time (includes compilation time): 96.1 seconds
Info: MYD88-DD_x1_IRAK4-DD_x1 model_1_multimer_v2_p1_230218_189948_recycled_00,  tol =   inf, pLDDT = 88.83, pTM-score = 0.8111, piTM-score = 0.3050, interface-score = 0.2410, iRes = 23   iCnt = 26  
Info: MYD88-DD_x1_IRAK4-DD_x1 model_1_multimer_v2_p1_230218_189948_recycled_01,  tol = 32.31, pLDDT = 89.94, pTM-score = 0.8169, piTM-score = 0.4148, interface-score = 0.3567, iRes = 25   iCnt = 28  
Info: MYD88-DD_x1_IRAK4-DD_x1 model_1_multimer_v2_p1_230218_189948_recycled_02,  tol =  0.38, pLDDT = 89.89, pTM-score = 0.8100, piTM-score = 0.4157, interface-score = 0.3491, iRes = 25   iCnt = 27  
Info: MYD88-DD_x1_IRAK4-DD_x1 model_1_multimer_v2_p1_230218_189948_recycled_03,  tol =  0.36, pLDDT = 89.84, pTM-score = 0.8086, piTM-score = 0.4148, interface-score = 0.3432, iRes = 25   iCnt = 27  
Info: MYD88-DD_x1_IRAK4-DD_x1 model_1_multimer_v2_p1_230218_189948_recycled_04,  tol =  0.36, pLDDT = 89.87, pTM-score = 0.8052, piTM-score = 0.4125, interface-score = 0.3406, iRes = 25   iCnt = 26  
Info: MYD88-DD_x1_IRAK4-DD_x1 model_1_multimer_v2_p1_230218_189948_recycled_05,  tol =  0.22, pLDDT = 89.92, pTM-score = 0.8050, piTM-score = 0.4123, interface-score = 0.3382, iRes = 25   iCnt = 26  
Info: MYD88-DD_x1_IRAK4-DD_x1 model_1_multimer_v2_p1_230218_189948_recycled_06,  tol =  0.18, pLDDT = 89.98, pTM-score = 0.8064, piTM-score = 0.4143, interface-score = 0.3369, iRes = 25   iCnt = 26  
Info: MYD88-DD_x1_IRAK4-DD_x1 model_1_multimer_v2_p1_230218_189948_recycled_07,  tol =  0.16, pLDDT = 89.90, pTM-score = 0.8009, piTM-score = 0.4098, interface-score = 0.3318, iRes = 25   iCnt = 26  
Info: MYD88-DD_x1_IRAK4-DD_x1 model_1_multimer_v2_p1_230218_189948 performed 8 recycles, final tol = 0.07, pLDDT = 89.94, pTM-score = 0.8027, piTM-score = 0.4109, interface-score = 0.3318, iRes = 25   iCnt = 26  
Info: num_clusters = 1, cluster_sizes = [2],  clusters = [['MYD88_MOUSE-DD_0', 'IRAK4_MOUSE-DD_0']]

I0218 09:14:05.577743 22746126858048 run_af2c_mod.py:404] Final timings for MYD88-DD_x1_IRAK4-DD_x1: {'features': 0.3, 'process_features_model_1_multimer_v2_p1_230218_189948': 0.0, 'predict_and_compile_model_1_multimer_v2_p1_230218_189948': 96.1}
                                  
================================= 
Global information about the job: 
================================= 
  
Job owner: flobnow(42847)
Job name:  1_AF2C
Node list: ravg1026
Job start: Sat Feb 18 09:12:11 CET 2023
Job end:   Sat Feb 18 09:14:06 CET 2023
Work dir:  /raven/u/flobnow/workingLama/scripts/myRuns/MYD88-DD_x1_IRAK4-DD_x1
Command:   /raven/u/flobnow/workingLama/scripts/myRuns/MYD88-DD_x1_IRAK4-DD_x1/script2_comp_model_1.sh
  
  
  
==========================================================================================
Information on jobsteps (Note: MaxRSS/AveRSS is the maximum/average over all 
tasks of the per-task memory high-water marks; cf. "man sacct"): 
==========================================================================================
  
JobID            JobName NNodes NTasks  NCPUS        0.00M        0.00M    Elapsed ExitCode
------------- ---------- ------ ------ ------ ------------ ------------ ---------- --------
4233233           1_AF2C      1           108                             00:01:55      0:0
4233233.0        python3      1      1    108    14747.34M    14747.34M   00:01:53      0:0
  
Maximum memory per node: 15.463708 GB (defined as MaxRSS*Ntasks/NNodes)
CPU utilization: 2.1 %
  
Info: input file name is MYD88-DD_x1_IRAK4-DD_x1
Info: input target list is /u/flobnow/workingLama/scripts/myRuns/MYD88-DD_x1_IRAK4-DD_x1/target.lst
Info: input feature directory is /u/flobnow/workingLama/feature_files
Info: result output directory is /u/flobnow/workingLama/output_files
Info: model preset is multimer_np
Info: msa pairing is all
Info: recycling setting is 1
Info: using preset super2
Info: set num_ensemble = 2
Info: set max_recyles = 20
Info: set recycle_tol = 0.1
Info: mas_pairing mode is all
I0218 09:14:24.055057 23033599121216 tpu_client.py:54] Starting the local TPU driver.
I0218 09:14:24.055459 23033599121216 xla_bridge.py:212] Unable to initialize backend 'tpu_driver': Not found: Unable to find driver in registry given worker: local://
I0218 09:14:24.415323 23033599121216 xla_bridge.py:212] Unable to initialize backend 'tpu': Invalid argument: TpuPlatform is not available.
I0218 09:14:27.220007 23033599121216 run_af2c_mod.py:481] Have 1 models: ['model_2_multimer_v2_p1']
Info: working on target MYD88-DD_x1_IRAK4-DD_x1
I0218 09:14:33.226599 23033599121216 run_af2c_mod.py:512] Using random seed 7153221668984319581 for the data pipeline
Info: MYD88-DD_x1_IRAK4-DD_x1 found monomer MYD88_MOUSE-DD msa_depth = 803, seq_len = 120, num_templ = 20
Info: MYD88_MOUSE-DD reducing the number of structural templates to 4
Info: MYD88-DD_x1_IRAK4-DD_x1 found monomer IRAK4_MOUSE-DD msa_depth = 574, seq_len = 120, num_templ = 20
Info: IRAK4_MOUSE-DD reducing the number of structural templates to 4
Info: 2 chain(s) to model {'A': 'MYD88_MOUSE-DD_1', 'B': 'IRAK4_MOUSE-DD_1'}
Info: modeling MYD88-DD_x1_IRAK4-DD_x1 with msa_depth = 1038, seq_len = 240, num_templ = 8
I0218 09:14:33.504692 23033599121216 run_af2c_mod.py:216] Running model model_2_multimer_v2_p1_230218_319581
I0218 09:14:33.505087 23033599121216 model.py:205] Running predict with shape(feat) = {'msa': (1038, 240), 'bert_mask': (1038, 240), 'num_alignments': (), 'aatype': (240,), 'seq_length': (), 'template_aatype': (8, 240), 'template_all_atom_mask': (8, 240, 37), 'template_all_atom_positions': (8, 240, 37, 3), 'all_atom_positions': (240, 37, 3), 'template_domain_names': (8,), 'asym_id': (240,), 'sym_id': (240,), 'entity_id': (240,), 'residue_index': (240,), 'deletion_matrix': (1038, 240), 'seq_mask': (240,), 'msa_mask': (1038, 240), 'cluster_bias_mask': (1038,), 'pdb_residue_index': (240,)}
I0218 09:16:50.328509 23033599121216 run_af2c_mod.py:270] Total JAX model model_2_multimer_v2_p1_230218_319581 predict time (includes compilation time): 136.8 seconds
Info: MYD88-DD_x1_IRAK4-DD_x1 model_2_multimer_v2_p1_230218_319581_recycled_00,  tol =   inf, pLDDT = 89.08, pTM-score = 0.8097, piTM-score = 0.2996, interface-score = 0.2271, iRes = 23   iCnt = 24  
Info: MYD88-DD_x1_IRAK4-DD_x1 model_2_multimer_v2_p1_230218_319581_recycled_01,  tol = 32.08, pLDDT = 89.73, pTM-score = 0.8122, piTM-score = 0.3462, interface-score = 0.2846, iRes = 24   iCnt = 23  
Info: MYD88-DD_x1_IRAK4-DD_x1 model_2_multimer_v2_p1_230218_319581_recycled_02,  tol =  0.52, pLDDT = 89.83, pTM-score = 0.8083, piTM-score = 0.4210, interface-score = 0.3510, iRes = 26   iCnt = 25  
Info: MYD88-DD_x1_IRAK4-DD_x1 model_2_multimer_v2_p1_230218_319581_recycled_03,  tol =  0.11, pLDDT = 89.58, pTM-score = 0.8019, piTM-score = 0.4517, interface-score = 0.3750, iRes = 27   iCnt = 26  
Info: MYD88-DD_x1_IRAK4-DD_x1 model_2_multimer_v2_p1_230218_319581_recycled_04,  tol =  0.18, pLDDT = 89.38, pTM-score = 0.7936, piTM-score = 0.4448, interface-score = 0.3607, iRes = 27   iCnt = 26  
Info: MYD88-DD_x1_IRAK4-DD_x1 model_2_multimer_v2_p1_230218_319581_recycled_05,  tol =  0.10, pLDDT = 89.50, pTM-score = 0.7945, piTM-score = 0.4455, interface-score = 0.3622, iRes = 27   iCnt = 26  
Info: MYD88-DD_x1_IRAK4-DD_x1 model_2_multimer_v2_p1_230218_319581_recycled_06,  tol =  0.21, pLDDT = 89.40, pTM-score = 0.7898, piTM-score = 0.4701, interface-score = 0.3830, iRes = 28   iCnt = 29  
Info: MYD88-DD_x1_IRAK4-DD_x1 model_2_multimer_v2_p1_230218_319581_recycled_07,  tol =  0.21, pLDDT = 89.46, pTM-score = 0.7886, piTM-score = 0.4153, interface-score = 0.3183, iRes = 26   iCnt = 27  
Info: MYD88-DD_x1_IRAK4-DD_x1 model_2_multimer_v2_p1_230218_319581_recycled_08,  tol =  0.14, pLDDT = 89.34, pTM-score = 0.7892, piTM-score = 0.4521, interface-score = 0.3529, iRes = 27   iCnt = 27  
Info: MYD88-DD_x1_IRAK4-DD_x1 model_2_multimer_v2_p1_230218_319581_recycled_09,  tol =  0.21, pLDDT = 89.36, pTM-score = 0.7882, piTM-score = 0.4529, interface-score = 0.3548, iRes = 27   iCnt = 27  
Info: MYD88-DD_x1_IRAK4-DD_x1 model_2_multimer_v2_p1_230218_319581_recycled_10,  tol =  0.13, pLDDT = 89.49, pTM-score = 0.7919, piTM-score = 0.4257, interface-score = 0.3286, iRes = 26   iCnt = 28  
Info: MYD88-DD_x1_IRAK4-DD_x1 model_2_multimer_v2_p1_230218_319581_recycled_11,  tol =  0.24, pLDDT = 89.44, pTM-score = 0.7894, piTM-score = 0.3835, interface-score = 0.2936, iRes = 25   iCnt = 27  
Info: MYD88-DD_x1_IRAK4-DD_x1 model_2_multimer_v2_p1_230218_319581_recycled_12,  tol =  0.16, pLDDT = 89.57, pTM-score = 0.7933, piTM-score = 0.4298, interface-score = 0.3310, iRes = 26   iCnt = 28  
Info: MYD88-DD_x1_IRAK4-DD_x1 model_2_multimer_v2_p1_230218_319581_recycled_13,  tol =  0.32, pLDDT = 89.58, pTM-score = 0.7875, piTM-score = 0.4274, interface-score = 0.3259, iRes = 26   iCnt = 28  
Info: MYD88-DD_x1_IRAK4-DD_x1 model_2_multimer_v2_p1_230218_319581_recycled_14,  tol =  0.49, pLDDT = 89.55, pTM-score = 0.7838, piTM-score = 0.3398, interface-score = 0.2534, iRes = 24   iCnt = 26  
Info: MYD88-DD_x1_IRAK4-DD_x1 model_2_multimer_v2_p1_230218_319581_recycled_15,  tol =  0.40, pLDDT = 89.46, pTM-score = 0.7782, piTM-score = 0.3797, interface-score = 0.2864, iRes = 25   iCnt = 27  
Info: MYD88-DD_x1_IRAK4-DD_x1 model_2_multimer_v2_p1_230218_319581_recycled_16,  tol =  0.32, pLDDT = 89.32, pTM-score = 0.7789, piTM-score = 0.4138, interface-score = 0.3200, iRes = 26   iCnt = 27  
Info: MYD88-DD_x1_IRAK4-DD_x1 model_2_multimer_v2_p1_230218_319581_recycled_17,  tol =  0.12, pLDDT = 89.28, pTM-score = 0.7779, piTM-score = 0.3781, interface-score = 0.2838, iRes = 25   iCnt = 27  
Info: MYD88-DD_x1_IRAK4-DD_x1 model_2_multimer_v2_p1_230218_319581 performed 18 recycles, final tol = 0.10, pLDDT = 89.40, pTM-score = 0.7778, piTM-score = 0.3787, interface-score = 0.2851, iRes = 25   iCnt = 27  
Info: num_clusters = 1, cluster_sizes = [2],  clusters = [['MYD88_MOUSE-DD_0', 'IRAK4_MOUSE-DD_0']]

I0218 09:16:51.463591 23033599121216 run_af2c_mod.py:404] Final timings for MYD88-DD_x1_IRAK4-DD_x1: {'features': 0.28, 'process_features_model_2_multimer_v2_p1_230218_319581': 0.0, 'predict_and_compile_model_2_multimer_v2_p1_230218_319581': 136.8}
                                  
================================= 
Global information about the job: 
================================= 
  
Job owner: flobnow(42847)
Job name:  2_AF2C
Node list: ravg1026
Job start: Sat Feb 18 09:14:15 CET 2023
Job end:   Sat Feb 18 09:16:52 CET 2023
Work dir:  /raven/u/flobnow/workingLama/scripts/myRuns/MYD88-DD_x1_IRAK4-DD_x1
Command:   /raven/u/flobnow/workingLama/scripts/myRuns/MYD88-DD_x1_IRAK4-DD_x1/script2_comp_model_2.sh
  
  
  
==========================================================================================
Information on jobsteps (Note: MaxRSS/AveRSS is the maximum/average over all 
tasks of the per-task memory high-water marks; cf. "man sacct"): 
==========================================================================================
  
JobID            JobName NNodes NTasks  NCPUS        0.00M        0.00M    Elapsed ExitCode
------------- ---------- ------ ------ ------ ------------ ------------ ---------- --------
4233234           2_AF2C      1           108                             00:02:37      0:0
4233234.0        python3      1      1    108    15375.38M    15375.38M   00:02:35      0:0
  
Maximum memory per node: 16.122258 GB (defined as MaxRSS*Ntasks/NNodes)
CPU utilization: 2.3 %
  
Info: input file name is MYD88-DD_x1_IRAK4-DD_x1
Info: input target list is /u/flobnow/workingLama/scripts/myRuns/MYD88-DD_x1_IRAK4-DD_x1/target.lst
Info: input feature directory is /u/flobnow/workingLama/feature_files
Info: result output directory is /u/flobnow/workingLama/output_files
Info: model preset is multimer_np
Info: msa pairing is all
Info: recycling setting is 1
Info: using preset super2
Info: set num_ensemble = 2
Info: set max_recyles = 20
Info: set recycle_tol = 0.1
Info: mas_pairing mode is all
I0218 09:18:31.038491 23111563687744 tpu_client.py:54] Starting the local TPU driver.
I0218 09:18:31.038885 23111563687744 xla_bridge.py:212] Unable to initialize backend 'tpu_driver': Not found: Unable to find driver in registry given worker: local://
I0218 09:18:31.395832 23111563687744 xla_bridge.py:212] Unable to initialize backend 'tpu': Invalid argument: TpuPlatform is not available.
I0218 09:18:34.173394 23111563687744 run_af2c_mod.py:481] Have 1 models: ['model_3_multimer_v2_p1']
Info: working on target MYD88-DD_x1_IRAK4-DD_x1
I0218 09:18:38.177976 23111563687744 run_af2c_mod.py:512] Using random seed 8537539832543122268 for the data pipeline
Info: MYD88-DD_x1_IRAK4-DD_x1 found monomer MYD88_MOUSE-DD msa_depth = 803, seq_len = 120, num_templ = 20
Info: MYD88_MOUSE-DD reducing the number of structural templates to 4
Info: MYD88-DD_x1_IRAK4-DD_x1 found monomer IRAK4_MOUSE-DD msa_depth = 574, seq_len = 120, num_templ = 20
Info: IRAK4_MOUSE-DD reducing the number of structural templates to 4
Info: 2 chain(s) to model {'A': 'MYD88_MOUSE-DD_1', 'B': 'IRAK4_MOUSE-DD_1'}
Info: modeling MYD88-DD_x1_IRAK4-DD_x1 with msa_depth = 1038, seq_len = 240, num_templ = 8
I0218 09:18:38.456389 23111563687744 run_af2c_mod.py:216] Running model model_3_multimer_v2_p1_230218_122268
I0218 09:18:38.456779 23111563687744 model.py:205] Running predict with shape(feat) = {'msa': (1038, 240), 'bert_mask': (1038, 240), 'num_alignments': (), 'aatype': (240,), 'seq_length': (), 'template_aatype': (8, 240), 'template_all_atom_mask': (8, 240, 37), 'template_all_atom_positions': (8, 240, 37, 3), 'all_atom_positions': (240, 37, 3), 'template_domain_names': (8,), 'asym_id': (240,), 'sym_id': (240,), 'entity_id': (240,), 'residue_index': (240,), 'deletion_matrix': (1038, 240), 'seq_mask': (240,), 'msa_mask': (1038, 240), 'cluster_bias_mask': (1038,), 'pdb_residue_index': (240,)}
I0218 09:20:06.256957 23111563687744 run_af2c_mod.py:270] Total JAX model model_3_multimer_v2_p1_230218_122268 predict time (includes compilation time): 87.8 seconds
Info: MYD88-DD_x1_IRAK4-DD_x1 model_3_multimer_v2_p1_230218_122268_recycled_00,  tol =   inf, pLDDT = 89.24, pTM-score = 0.8136, piTM-score = 0.3521, interface-score = 0.2869, iRes = 24   iCnt = 27  
Info: MYD88-DD_x1_IRAK4-DD_x1 model_3_multimer_v2_p1_230218_122268_recycled_01,  tol = 32.18, pLDDT = 89.66, pTM-score = 0.8181, piTM-score = 0.4407, interface-score = 0.3748, iRes = 26   iCnt = 27  
Info: MYD88-DD_x1_IRAK4-DD_x1 model_3_multimer_v2_p1_230218_122268_recycled_02,  tol =  0.42, pLDDT = 89.81, pTM-score = 0.8147, piTM-score = 0.4422, interface-score = 0.3713, iRes = 26   iCnt = 28  
Info: MYD88-DD_x1_IRAK4-DD_x1 model_3_multimer_v2_p1_230218_122268_recycled_03,  tol =  0.69, pLDDT = 89.86, pTM-score = 0.8153, piTM-score = 0.4425, interface-score = 0.3716, iRes = 26   iCnt = 28  
Info: MYD88-DD_x1_IRAK4-DD_x1 model_3_multimer_v2_p1_230218_122268_recycled_04,  tol =  0.34, pLDDT = 89.86, pTM-score = 0.8127, piTM-score = 0.4407, interface-score = 0.3675, iRes = 26   iCnt = 28  
Info: MYD88-DD_x1_IRAK4-DD_x1 model_3_multimer_v2_p1_230218_122268_recycled_05,  tol =  0.21, pLDDT = 89.77, pTM-score = 0.8093, piTM-score = 0.4384, interface-score = 0.3636, iRes = 26   iCnt = 28  
Info: MYD88-DD_x1_IRAK4-DD_x1 model_3_multimer_v2_p1_230218_122268 performed 6 recycles, final tol = 0.09, pLDDT = 89.77, pTM-score = 0.8060, piTM-score = 0.4356, interface-score = 0.3601, iRes = 26   iCnt = 28  
Info: num_clusters = 1, cluster_sizes = [2],  clusters = [['MYD88_MOUSE-DD_0', 'IRAK4_MOUSE-DD_0']]

I0218 09:20:07.389164 23111563687744 run_af2c_mod.py:404] Final timings for MYD88-DD_x1_IRAK4-DD_x1: {'features': 0.28, 'process_features_model_3_multimer_v2_p1_230218_122268': 0.0, 'predict_and_compile_model_3_multimer_v2_p1_230218_122268': 87.8}
                                  
================================= 
Global information about the job: 
================================= 
  
Job owner: flobnow(42847)
Job name:  3_AF2C
Node list: ravg1026
Job start: Sat Feb 18 09:18:22 CET 2023
Job end:   Sat Feb 18 09:20:08 CET 2023
Work dir:  /raven/u/flobnow/workingLama/scripts/myRuns/MYD88-DD_x1_IRAK4-DD_x1
Command:   /raven/u/flobnow/workingLama/scripts/myRuns/MYD88-DD_x1_IRAK4-DD_x1/script2_comp_model_3.sh
  
  
  
==========================================================================================
Information on jobsteps (Note: MaxRSS/AveRSS is the maximum/average over all 
tasks of the per-task memory high-water marks; cf. "man sacct"): 
==========================================================================================
  
JobID            JobName NNodes NTasks  NCPUS        0.00M        0.00M    Elapsed ExitCode
------------- ---------- ------ ------ ------ ------------ ------------ ---------- --------
4233235           3_AF2C      1           108                             00:01:46      0:0
4233235.0        python3      1      1    108    14744.29M    14744.29M   00:01:44      0:0
  
Maximum memory per node: 15.460504 GB (defined as MaxRSS*Ntasks/NNodes)
CPU utilization: 2.3 %
  
Info: input file name is MYD88-DD_x1_IRAK4-DD_x1
Info: input target list is /u/flobnow/workingLama/scripts/myRuns/MYD88-DD_x1_IRAK4-DD_x1/target.lst
Info: input feature directory is /u/flobnow/workingLama/feature_files
Info: result output directory is /u/flobnow/workingLama/output_files
Info: model preset is multimer_np
Info: msa pairing is all
Info: recycling setting is 1
Info: using preset super2
Info: set num_ensemble = 2
Info: set max_recyles = 20
Info: set recycle_tol = 0.1
Info: mas_pairing mode is all
I0218 09:20:59.243054 23330439632704 tpu_client.py:54] Starting the local TPU driver.
I0218 09:20:59.243448 23330439632704 xla_bridge.py:212] Unable to initialize backend 'tpu_driver': Not found: Unable to find driver in registry given worker: local://
I0218 09:20:59.636804 23330439632704 xla_bridge.py:212] Unable to initialize backend 'tpu': Invalid argument: TpuPlatform is not available.
I0218 09:21:02.440336 23330439632704 run_af2c_mod.py:481] Have 1 models: ['model_4_multimer_v2_p1']
Info: working on target MYD88-DD_x1_IRAK4-DD_x1
I0218 09:21:05.443936 23330439632704 run_af2c_mod.py:512] Using random seed 9192426466785492725 for the data pipeline
Info: MYD88-DD_x1_IRAK4-DD_x1 found monomer MYD88_MOUSE-DD msa_depth = 803, seq_len = 120, num_templ = 20
Info: MYD88_MOUSE-DD reducing the number of structural templates to 4
Info: MYD88-DD_x1_IRAK4-DD_x1 found monomer IRAK4_MOUSE-DD msa_depth = 574, seq_len = 120, num_templ = 20
Info: IRAK4_MOUSE-DD reducing the number of structural templates to 4
Info: 2 chain(s) to model {'A': 'MYD88_MOUSE-DD_1', 'B': 'IRAK4_MOUSE-DD_1'}
Info: modeling MYD88-DD_x1_IRAK4-DD_x1 with msa_depth = 1038, seq_len = 240, num_templ = 8
I0218 09:21:05.721101 23330439632704 run_af2c_mod.py:216] Running model model_4_multimer_v2_p1_230218_492725
I0218 09:21:05.721493 23330439632704 model.py:205] Running predict with shape(feat) = {'msa': (1038, 240), 'bert_mask': (1038, 240), 'num_alignments': (), 'aatype': (240,), 'seq_length': (), 'template_aatype': (8, 240), 'template_all_atom_mask': (8, 240, 37), 'template_all_atom_positions': (8, 240, 37, 3), 'all_atom_positions': (240, 37, 3), 'template_domain_names': (8,), 'asym_id': (240,), 'sym_id': (240,), 'entity_id': (240,), 'residue_index': (240,), 'deletion_matrix': (1038, 240), 'seq_mask': (240,), 'msa_mask': (1038, 240), 'cluster_bias_mask': (1038,), 'pdb_residue_index': (240,)}
I0218 09:22:32.831918 23330439632704 run_af2c_mod.py:270] Total JAX model model_4_multimer_v2_p1_230218_492725 predict time (includes compilation time): 87.1 seconds
Info: MYD88-DD_x1_IRAK4-DD_x1 model_4_multimer_v2_p1_230218_492725_recycled_00,  tol =   inf, pLDDT = 89.38, pTM-score = 0.8148, piTM-score = 0.3864, interface-score = 0.3100, iRes = 25   iCnt = 27  
Info: MYD88-DD_x1_IRAK4-DD_x1 model_4_multimer_v2_p1_230218_492725_recycled_01,  tol = 31.60, pLDDT = 90.15, pTM-score = 0.8233, piTM-score = 0.4829, interface-score = 0.4149, iRes = 28   iCnt = 28  
Info: MYD88-DD_x1_IRAK4-DD_x1 model_4_multimer_v2_p1_230218_492725_recycled_02,  tol =  0.58, pLDDT = 90.34, pTM-score = 0.8259, piTM-score = 0.4069, interface-score = 0.3425, iRes = 25   iCnt = 26  
Info: MYD88-DD_x1_IRAK4-DD_x1 model_4_multimer_v2_p1_230218_492725_recycled_03,  tol =  0.25, pLDDT = 90.51, pTM-score = 0.8280, piTM-score = 0.4946, interface-score = 0.4225, iRes = 28   iCnt = 29  
Info: MYD88-DD_x1_IRAK4-DD_x1 model_4_multimer_v2_p1_230218_492725_recycled_04,  tol =  0.18, pLDDT = 90.55, pTM-score = 0.8289, piTM-score = 0.5190, interface-score = 0.4441, iRes = 29   iCnt = 30  
Info: MYD88-DD_x1_IRAK4-DD_x1 model_4_multimer_v2_p1_230218_492725_recycled_05,  tol =  0.16, pLDDT = 90.56, pTM-score = 0.8278, piTM-score = 0.5188, interface-score = 0.4426, iRes = 29   iCnt = 30  
Info: MYD88-DD_x1_IRAK4-DD_x1 model_4_multimer_v2_p1_230218_492725 performed 6 recycles, final tol = 0.09, pLDDT = 90.42, pTM-score = 0.8271, piTM-score = 0.4929, interface-score = 0.4200, iRes = 28   iCnt = 29  
Info: num_clusters = 1, cluster_sizes = [2],  clusters = [['MYD88_MOUSE-DD_0', 'IRAK4_MOUSE-DD_0']]

I0218 09:22:33.936371 23330439632704 run_af2c_mod.py:404] Final timings for MYD88-DD_x1_IRAK4-DD_x1: {'features': 0.28, 'process_features_model_4_multimer_v2_p1_230218_492725': 0.0, 'predict_and_compile_model_4_multimer_v2_p1_230218_492725': 87.1}
                                  
================================= 
Global information about the job: 
================================= 
  
Job owner: flobnow(42847)
Job name:  4_AF2C
Node list: ravg1026
Job start: Sat Feb 18 09:20:52 CET 2023
Job end:   Sat Feb 18 09:22:35 CET 2023
Work dir:  /raven/u/flobnow/workingLama/scripts/myRuns/MYD88-DD_x1_IRAK4-DD_x1
Command:   /raven/u/flobnow/workingLama/scripts/myRuns/MYD88-DD_x1_IRAK4-DD_x1/script2_comp_model_4.sh
  
  
  
==========================================================================================
Information on jobsteps (Note: MaxRSS/AveRSS is the maximum/average over all 
tasks of the per-task memory high-water marks; cf. "man sacct"): 
==========================================================================================
  
JobID            JobName NNodes NTasks  NCPUS        0.00M        0.00M    Elapsed ExitCode
------------- ---------- ------ ------ ------ ------------ ------------ ---------- --------
4233236           4_AF2C      1           108                             00:01:43      0:0
4233236.0        python3      1      1    108    14768.86M    14768.86M   00:01:42      0:0
  
Maximum memory per node: 15.486276 GB (defined as MaxRSS*Ntasks/NNodes)
CPU utilization: 2.4 %
  
Info: input file name is MYD88-DD_x1_IRAK4-DD_x1
Info: input target list is /u/flobnow/workingLama/scripts/myRuns/MYD88-DD_x1_IRAK4-DD_x1/target.lst
Info: input feature directory is /u/flobnow/workingLama/feature_files
Info: result output directory is /u/flobnow/workingLama/output_files
Info: model preset is multimer_np
Info: msa pairing is all
Info: recycling setting is 1
Info: using preset super2
Info: set num_ensemble = 2
Info: set max_recyles = 20
Info: set recycle_tol = 0.1
Info: mas_pairing mode is all
I0218 09:23:09.102543 23393727760192 tpu_client.py:54] Starting the local TPU driver.
I0218 09:23:09.102934 23393727760192 xla_bridge.py:212] Unable to initialize backend 'tpu_driver': Not found: Unable to find driver in registry given worker: local://
I0218 09:23:09.465070 23393727760192 xla_bridge.py:212] Unable to initialize backend 'tpu': Invalid argument: TpuPlatform is not available.
I0218 09:23:12.379874 23393727760192 run_af2c_mod.py:481] Have 1 models: ['model_5_multimer_v2_p1']
Info: working on target MYD88-DD_x1_IRAK4-DD_x1
I0218 09:23:19.387132 23393727760192 run_af2c_mod.py:512] Using random seed 4510885185892325722 for the data pipeline
Info: MYD88-DD_x1_IRAK4-DD_x1 found monomer MYD88_MOUSE-DD msa_depth = 803, seq_len = 120, num_templ = 20
Info: MYD88_MOUSE-DD reducing the number of structural templates to 4
Info: MYD88-DD_x1_IRAK4-DD_x1 found monomer IRAK4_MOUSE-DD msa_depth = 574, seq_len = 120, num_templ = 20
Info: IRAK4_MOUSE-DD reducing the number of structural templates to 4
Info: 2 chain(s) to model {'A': 'MYD88_MOUSE-DD_1', 'B': 'IRAK4_MOUSE-DD_1'}
Info: modeling MYD88-DD_x1_IRAK4-DD_x1 with msa_depth = 1038, seq_len = 240, num_templ = 8
I0218 09:23:19.659250 23393727760192 run_af2c_mod.py:216] Running model model_5_multimer_v2_p1_230218_325722
I0218 09:23:19.659669 23393727760192 model.py:205] Running predict with shape(feat) = {'msa': (1038, 240), 'bert_mask': (1038, 240), 'num_alignments': (), 'aatype': (240,), 'seq_length': (), 'template_aatype': (8, 240), 'template_all_atom_mask': (8, 240, 37), 'template_all_atom_positions': (8, 240, 37, 3), 'all_atom_positions': (240, 37, 3), 'template_domain_names': (8,), 'asym_id': (240,), 'sym_id': (240,), 'entity_id': (240,), 'residue_index': (240,), 'deletion_matrix': (1038, 240), 'seq_mask': (240,), 'msa_mask': (1038, 240), 'cluster_bias_mask': (1038,), 'pdb_residue_index': (240,)}
I0218 09:24:47.900899 23393727760192 run_af2c_mod.py:270] Total JAX model model_5_multimer_v2_p1_230218_325722 predict time (includes compilation time): 88.2 seconds
Info: MYD88-DD_x1_IRAK4-DD_x1 model_5_multimer_v2_p1_230218_325722_recycled_00,  tol =   inf, pLDDT = 89.55, pTM-score = 0.8279, piTM-score = 0.3985, interface-score = 0.3292, iRes = 25   iCnt = 26  
Info: MYD88-DD_x1_IRAK4-DD_x1 model_5_multimer_v2_p1_230218_325722_recycled_01,  tol = 31.26, pLDDT = 90.08, pTM-score = 0.8315, piTM-score = 0.3987, interface-score = 0.3396, iRes = 25   iCnt = 26  
Info: MYD88-DD_x1_IRAK4-DD_x1 model_5_multimer_v2_p1_230218_325722_recycled_02,  tol =  0.63, pLDDT = 90.08, pTM-score = 0.8298, piTM-score = 0.4325, interface-score = 0.3700, iRes = 26   iCnt = 28  
Info: MYD88-DD_x1_IRAK4-DD_x1 model_5_multimer_v2_p1_230218_325722_recycled_03,  tol =  0.32, pLDDT = 90.22, pTM-score = 0.8299, piTM-score = 0.4324, interface-score = 0.3623, iRes = 26   iCnt = 27  
Info: MYD88-DD_x1_IRAK4-DD_x1 model_5_multimer_v2_p1_230218_325722_recycled_04,  tol =  0.29, pLDDT = 90.23, pTM-score = 0.8290, piTM-score = 0.4312, interface-score = 0.3636, iRes = 26   iCnt = 27  
Info: MYD88-DD_x1_IRAK4-DD_x1 model_5_multimer_v2_p1_230218_325722_recycled_05,  tol =  0.22, pLDDT = 90.19, pTM-score = 0.8279, piTM-score = 0.3164, interface-score = 0.2542, iRes = 23   iCnt = 24  
Info: MYD88-DD_x1_IRAK4-DD_x1 model_5_multimer_v2_p1_230218_325722 performed 6 recycles, final tol = 0.09, pLDDT = 90.28, pTM-score = 0.8304, piTM-score = 0.3691, interface-score = 0.3043, iRes = 24   iCnt = 26  
Info: num_clusters = 1, cluster_sizes = [2],  clusters = [['MYD88_MOUSE-DD_0', 'IRAK4_MOUSE-DD_0']]

I0218 09:24:49.007924 23393727760192 run_af2c_mod.py:404] Final timings for MYD88-DD_x1_IRAK4-DD_x1: {'features': 0.27, 'process_features_model_5_multimer_v2_p1_230218_325722': 0.0, 'predict_and_compile_model_5_multimer_v2_p1_230218_325722': 88.2}
                                  
================================= 
Global information about the job: 
================================= 
  
Job owner: flobnow(42847)
Job name:  5_AF2C
Node list: ravg1026
Job start: Sat Feb 18 09:22:59 CET 2023
Job end:   Sat Feb 18 09:24:50 CET 2023
Work dir:  /raven/u/flobnow/workingLama/scripts/myRuns/MYD88-DD_x1_IRAK4-DD_x1
Command:   /raven/u/flobnow/workingLama/scripts/myRuns/MYD88-DD_x1_IRAK4-DD_x1/script2_comp_model_5.sh
  
  
  
==========================================================================================
Information on jobsteps (Note: MaxRSS/AveRSS is the maximum/average over all 
tasks of the per-task memory high-water marks; cf. "man sacct"): 
==========================================================================================
  
JobID            JobName NNodes NTasks  NCPUS        0.00M        0.00M    Elapsed ExitCode
------------- ---------- ------ ------ ------ ------------ ------------ ---------- --------
4233237           5_AF2C      1           108                             00:01:51      0:0
4233237.0        python3      1      1    108    14742.93M    14742.93M   00:01:47      0:0
  
Maximum memory per node: 15.459086 GB (defined as MaxRSS*Ntasks/NNodes)
CPU utilization: 2.2 %
  
Info: target file is /u/flobnow/workingLama/scripts/myRuns/MYD88-DD_x1_IRAK4-DD_x1/target.lst
Info: input directory of unrelaxed models is /u/flobnow/workingLama/output_files
Info: output directory of relaxed models is /u/flobnow/workingLama/output_files
/bin/sh: /mpcdf/soft/SLE_15/packages/x86_64/alphafold/2.2.0/lib/libtinfo.so.6: no version information available (required by /lib64/libreadline.so.7)
I0218 09:25:11.383457 22820748015424 run_af2c_min.py:88] MYD88-DD_x1_IRAK4-DD_x1 processing model_4_multimer_v2_p1_230218_492725.pdb
sh: /mpcdf/soft/SLE_15/packages/x86_64/alphafold/2.2.0/lib/libtinfo.so.6: no version information available (required by /lib64/libreadline.so.7)
sh: /mpcdf/soft/SLE_15/packages/x86_64/alphafold/2.2.0/lib/libtinfo.so.6: no version information available (required by /lib64/libreadline.so.7)
I0218 09:25:16.267039 22820748015424 amber_minimize.py:177] alterations info: {'nonstandard_residues': [], 'removed_heterogens': set(), 'missing_residues': {}, 'missing_heavy_atoms': {}, 'missing_terminals': {<Residue 119 (GLN) of chain 0>: ['OXT'], <Residue 239 (VAL) of chain 1>: ['OXT']}, 'Se_in_MET': [], 'removed_chains': {0: []}}
I0218 09:25:16.600551 22820748015424 amber_minimize.py:408] Minimizing protein, attempt 1 of 100.
I0218 09:25:17.063338 22820748015424 amber_minimize.py:69] Restraining 1893 / 3832 particles.
sh: /mpcdf/soft/SLE_15/packages/x86_64/alphafold/2.2.0/lib/libtinfo.so.6: no version information available (required by /lib64/libreadline.so.7)
I0218 09:25:25.761555 22820748015424 amber_minimize.py:177] alterations info: {'nonstandard_residues': [], 'removed_heterogens': set(), 'missing_residues': {}, 'missing_heavy_atoms': {}, 'missing_terminals': {}, 'Se_in_MET': [], 'removed_chains': {0: []}}
I0218 09:25:26.093016 22820748015424 tpu_client.py:54] Starting the local TPU driver.
I0218 09:25:26.093315 22820748015424 xla_bridge.py:212] Unable to initialize backend 'tpu_driver': Not found: Unable to find driver in registry given worker: local://
I0218 09:25:26.324337 22820748015424 xla_bridge.py:212] Unable to initialize backend 'tpu': Invalid argument: TpuPlatform is not available.
I0218 09:25:34.440480 22820748015424 amber_minimize.py:500] Iteration completed: Einit 4645.94 Efinal -5906.20 Time 7.74 s num residue violations 0 num residue exclusions 0 
sh: /mpcdf/soft/SLE_15/packages/x86_64/alphafold/2.2.0/lib/libtinfo.so.6: no version information available (required by /lib64/libreadline.so.7)
sh: /mpcdf/soft/SLE_15/packages/x86_64/alphafold/2.2.0/lib/libtinfo.so.6: no version information available (required by /lib64/libreadline.so.7)
I0218 09:25:35.942721 22820748015424 amber_minimize.py:177] alterations info: {'nonstandard_residues': [], 'removed_heterogens': set(), 'missing_residues': {}, 'missing_heavy_atoms': {}, 'missing_terminals': {<Residue 119 (GLN) of chain 0>: ['OXT'], <Residue 239 (VAL) of chain 1>: ['OXT']}, 'Se_in_MET': [], 'removed_chains': {0: []}}
I0218 09:25:36.656072 22820748015424 run_af2c_min.py:110] MYD88-DD_x1_IRAK4-DD_x1 relaxation done, time spent 25.2 seconds, Efinal -5906.20, rmsd 0.40
I0218 09:25:36.656181 22820748015424 run_af2c_min.py:88] MYD88-DD_x1_IRAK4-DD_x1 processing model_5_multimer_v2_p1_230218_325722.pdb
sh: /mpcdf/soft/SLE_15/packages/x86_64/alphafold/2.2.0/lib/libtinfo.so.6: no version information available (required by /lib64/libreadline.so.7)
sh: /mpcdf/soft/SLE_15/packages/x86_64/alphafold/2.2.0/lib/libtinfo.so.6: no version information available (required by /lib64/libreadline.so.7)
I0218 09:25:38.075008 22820748015424 amber_minimize.py:177] alterations info: {'nonstandard_residues': [], 'removed_heterogens': set(), 'missing_residues': {}, 'missing_heavy_atoms': {}, 'missing_terminals': {<Residue 119 (GLN) of chain 0>: ['OXT'], <Residue 239 (VAL) of chain 1>: ['OXT']}, 'Se_in_MET': [], 'removed_chains': {0: []}}
I0218 09:25:38.421863 22820748015424 amber_minimize.py:408] Minimizing protein, attempt 1 of 100.
I0218 09:25:38.823121 22820748015424 amber_minimize.py:69] Restraining 1893 / 3832 particles.
sh: /mpcdf/soft/SLE_15/packages/x86_64/alphafold/2.2.0/lib/libtinfo.so.6: no version information available (required by /lib64/libreadline.so.7)
I0218 09:25:46.626564 22820748015424 amber_minimize.py:177] alterations info: {'nonstandard_residues': [], 'removed_heterogens': set(), 'missing_residues': {}, 'missing_heavy_atoms': {}, 'missing_terminals': {}, 'Se_in_MET': [], 'removed_chains': {0: []}}
I0218 09:25:47.171845 22820748015424 amber_minimize.py:500] Iteration completed: Einit 238728.46 Efinal -5846.47 Time 7.00 s num residue violations 0 num residue exclusions 0 
sh: /mpcdf/soft/SLE_15/packages/x86_64/alphafold/2.2.0/lib/libtinfo.so.6: no version information available (required by /lib64/libreadline.so.7)
sh: /mpcdf/soft/SLE_15/packages/x86_64/alphafold/2.2.0/lib/libtinfo.so.6: no version information available (required by /lib64/libreadline.so.7)
I0218 09:25:48.579907 22820748015424 amber_minimize.py:177] alterations info: {'nonstandard_residues': [], 'removed_heterogens': set(), 'missing_residues': {}, 'missing_heavy_atoms': {}, 'missing_terminals': {<Residue 119 (GLN) of chain 0>: ['OXT'], <Residue 239 (VAL) of chain 1>: ['OXT']}, 'Se_in_MET': [], 'removed_chains': {0: []}}
I0218 09:25:49.316370 22820748015424 run_af2c_min.py:110] MYD88-DD_x1_IRAK4-DD_x1 relaxation done, time spent 12.6 seconds, Efinal -5846.47, rmsd 0.39
I0218 09:25:49.316499 22820748015424 run_af2c_min.py:88] MYD88-DD_x1_IRAK4-DD_x1 processing model_3_multimer_v2_p1_230218_122268.pdb
sh: /mpcdf/soft/SLE_15/packages/x86_64/alphafold/2.2.0/lib/libtinfo.so.6: no version information available (required by /lib64/libreadline.so.7)
sh: /mpcdf/soft/SLE_15/packages/x86_64/alphafold/2.2.0/lib/libtinfo.so.6: no version information available (required by /lib64/libreadline.so.7)
I0218 09:25:50.781766 22820748015424 amber_minimize.py:177] alterations info: {'nonstandard_residues': [], 'removed_heterogens': set(), 'missing_residues': {}, 'missing_heavy_atoms': {}, 'missing_terminals': {<Residue 119 (GLN) of chain 0>: ['OXT'], <Residue 239 (VAL) of chain 1>: ['OXT']}, 'Se_in_MET': [], 'removed_chains': {0: []}}
I0218 09:25:51.107516 22820748015424 amber_minimize.py:408] Minimizing protein, attempt 1 of 100.
I0218 09:25:51.558086 22820748015424 amber_minimize.py:69] Restraining 1893 / 3832 particles.
sh: /mpcdf/soft/SLE_15/packages/x86_64/alphafold/2.2.0/lib/libtinfo.so.6: no version information available (required by /lib64/libreadline.so.7)
I0218 09:25:59.938377 22820748015424 amber_minimize.py:177] alterations info: {'nonstandard_residues': [], 'removed_heterogens': set(), 'missing_residues': {}, 'missing_heavy_atoms': {}, 'missing_terminals': {}, 'Se_in_MET': [], 'removed_chains': {0: []}}
I0218 09:26:00.484591 22820748015424 amber_minimize.py:500] Iteration completed: Einit 4123.33 Efinal -5987.48 Time 7.60 s num residue violations 0 num residue exclusions 0 
sh: /mpcdf/soft/SLE_15/packages/x86_64/alphafold/2.2.0/lib/libtinfo.so.6: no version information available (required by /lib64/libreadline.so.7)
sh: /mpcdf/soft/SLE_15/packages/x86_64/alphafold/2.2.0/lib/libtinfo.so.6: no version information available (required by /lib64/libreadline.so.7)
I0218 09:26:01.907785 22820748015424 amber_minimize.py:177] alterations info: {'nonstandard_residues': [], 'removed_heterogens': set(), 'missing_residues': {}, 'missing_heavy_atoms': {}, 'missing_terminals': {<Residue 119 (GLN) of chain 0>: ['OXT'], <Residue 239 (VAL) of chain 1>: ['OXT']}, 'Se_in_MET': [], 'removed_chains': {0: []}}
I0218 09:26:02.633674 22820748015424 run_af2c_min.py:110] MYD88-DD_x1_IRAK4-DD_x1 relaxation done, time spent 13.2 seconds, Efinal -5987.48, rmsd 0.41
I0218 09:26:02.633780 22820748015424 run_af2c_min.py:88] MYD88-DD_x1_IRAK4-DD_x1 processing model_1_multimer_v2_p1_230218_189948.pdb
sh: /mpcdf/soft/SLE_15/packages/x86_64/alphafold/2.2.0/lib/libtinfo.so.6: no version information available (required by /lib64/libreadline.so.7)
sh: /mpcdf/soft/SLE_15/packages/x86_64/alphafold/2.2.0/lib/libtinfo.so.6: no version information available (required by /lib64/libreadline.so.7)
I0218 09:26:04.103997 22820748015424 amber_minimize.py:177] alterations info: {'nonstandard_residues': [], 'removed_heterogens': set(), 'missing_residues': {}, 'missing_heavy_atoms': {}, 'missing_terminals': {<Residue 119 (GLN) of chain 0>: ['OXT'], <Residue 239 (VAL) of chain 1>: ['OXT']}, 'Se_in_MET': [], 'removed_chains': {0: []}}
I0218 09:26:04.478968 22820748015424 amber_minimize.py:408] Minimizing protein, attempt 1 of 100.
I0218 09:26:04.884975 22820748015424 amber_minimize.py:69] Restraining 1893 / 3832 particles.
sh: /mpcdf/soft/SLE_15/packages/x86_64/alphafold/2.2.0/lib/libtinfo.so.6: no version information available (required by /lib64/libreadline.so.7)
I0218 09:26:12.012322 22820748015424 amber_minimize.py:177] alterations info: {'nonstandard_residues': [], 'removed_heterogens': set(), 'missing_residues': {}, 'missing_heavy_atoms': {}, 'missing_terminals': {}, 'Se_in_MET': [], 'removed_chains': {0: []}}
I0218 09:26:12.560031 22820748015424 amber_minimize.py:500] Iteration completed: Einit 4611.58 Efinal -5965.32 Time 6.25 s num residue violations 0 num residue exclusions 0 
sh: /mpcdf/soft/SLE_15/packages/x86_64/alphafold/2.2.0/lib/libtinfo.so.6: no version information available (required by /lib64/libreadline.so.7)
sh: /mpcdf/soft/SLE_15/packages/x86_64/alphafold/2.2.0/lib/libtinfo.so.6: no version information available (required by /lib64/libreadline.so.7)
I0218 09:26:14.014893 22820748015424 amber_minimize.py:177] alterations info: {'nonstandard_residues': [], 'removed_heterogens': set(), 'missing_residues': {}, 'missing_heavy_atoms': {}, 'missing_terminals': {<Residue 119 (GLN) of chain 0>: ['OXT'], <Residue 239 (VAL) of chain 1>: ['OXT']}, 'Se_in_MET': [], 'removed_chains': {0: []}}
I0218 09:26:14.746700 22820748015424 run_af2c_min.py:110] MYD88-DD_x1_IRAK4-DD_x1 relaxation done, time spent 12.0 seconds, Efinal -5965.32, rmsd 0.40
I0218 09:26:14.746809 22820748015424 run_af2c_min.py:88] MYD88-DD_x1_IRAK4-DD_x1 processing model_2_multimer_v2_p1_230218_319581.pdb
sh: /mpcdf/soft/SLE_15/packages/x86_64/alphafold/2.2.0/lib/libtinfo.so.6: no version information available (required by /lib64/libreadline.so.7)
sh: /mpcdf/soft/SLE_15/packages/x86_64/alphafold/2.2.0/lib/libtinfo.so.6: no version information available (required by /lib64/libreadline.so.7)
I0218 09:26:16.180657 22820748015424 amber_minimize.py:177] alterations info: {'nonstandard_residues': [], 'removed_heterogens': set(), 'missing_residues': {}, 'missing_heavy_atoms': {}, 'missing_terminals': {<Residue 119 (GLN) of chain 0>: ['OXT'], <Residue 239 (VAL) of chain 1>: ['OXT']}, 'Se_in_MET': [], 'removed_chains': {0: []}}
I0218 09:26:16.522521 22820748015424 amber_minimize.py:408] Minimizing protein, attempt 1 of 100.
I0218 09:26:16.949652 22820748015424 amber_minimize.py:69] Restraining 1893 / 3832 particles.
sh: /mpcdf/soft/SLE_15/packages/x86_64/alphafold/2.2.0/lib/libtinfo.so.6: no version information available (required by /lib64/libreadline.so.7)
I0218 09:26:24.015792 22820748015424 amber_minimize.py:177] alterations info: {'nonstandard_residues': [], 'removed_heterogens': set(), 'missing_residues': {}, 'missing_heavy_atoms': {}, 'missing_terminals': {}, 'Se_in_MET': [], 'removed_chains': {0: []}}
I0218 09:26:24.587765 22820748015424 amber_minimize.py:500] Iteration completed: Einit 4831.55 Efinal -5911.04 Time 6.27 s num residue violations 0 num residue exclusions 0 
sh: /mpcdf/soft/SLE_15/packages/x86_64/alphafold/2.2.0/lib/libtinfo.so.6: no version information available (required by /lib64/libreadline.so.7)
sh: /mpcdf/soft/SLE_15/packages/x86_64/alphafold/2.2.0/lib/libtinfo.so.6: no version information available (required by /lib64/libreadline.so.7)
I0218 09:26:26.003989 22820748015424 amber_minimize.py:177] alterations info: {'nonstandard_residues': [], 'removed_heterogens': set(), 'missing_residues': {}, 'missing_heavy_atoms': {}, 'missing_terminals': {<Residue 119 (GLN) of chain 0>: ['OXT'], <Residue 239 (VAL) of chain 1>: ['OXT']}, 'Se_in_MET': [], 'removed_chains': {0: []}}
I0218 09:26:26.709416 22820748015424 run_af2c_min.py:110] MYD88-DD_x1_IRAK4-DD_x1 relaxation done, time spent 11.9 seconds, Efinal -5911.04, rmsd 0.40
                                  
================================= 
Global information about the job: 
================================= 
  
Job owner: flobnow(42847)
Job name:  6_RLX
Node list: ravg1026
Job start: Sat Feb 18 09:25:03 CET 2023
Job end:   Sat Feb 18 09:26:27 CET 2023
Work dir:  /raven/u/flobnow/workingLama/scripts/myRuns/MYD88-DD_x1_IRAK4-DD_x1
Command:   /raven/u/flobnow/workingLama/scripts/myRuns/MYD88-DD_x1_IRAK4-DD_x1/script3_relaxation.sh
  
  
  
==========================================================================================
Information on jobsteps (Note: MaxRSS/AveRSS is the maximum/average over all 
tasks of the per-task memory high-water marks; cf. "man sacct"): 
==========================================================================================
  
JobID            JobName NNodes NTasks  NCPUS        0.00M        0.00M    Elapsed ExitCode
------------- ---------- ------ ------ ------ ------------ ------------ ---------- --------
4233238            6_RLX      1           108                             00:01:24      0:0
4233238.0        python3      1      1    108    12313.26M    12313.26M   00:01:21      0:0
  
Maximum memory per node: 12.911393 GB (defined as MaxRSS*Ntasks/NNodes)
CPU utilization: 24.5 %
  
