Info: input file name is fused_DVL1_DIX-TIR_x6
Info: input target list is /u/flobnow/workingLama/scripts/myRuns/fused_DVL1_DIX-TIR_x6/target.lst
Info: input feature directory is /u/flobnow/workingLama/feature_files
Info: result output directory is /u/flobnow/workingLama/output_files
Info: model preset is multimer_np
Info: msa pairing is all
Info: recycling setting is 1
Info: using preset super2
Info: set num_ensemble = 2
Info: set max_recyles = 20
Info: set recycle_tol = 0.1
Info: mas_pairing mode is all
I0216 01:40:20.672596 23301591816000 tpu_client.py:54] Starting the local TPU driver.
I0216 01:40:20.672957 23301591816000 xla_bridge.py:212] Unable to initialize backend 'tpu_driver': Not found: Unable to find driver in registry given worker: local://
I0216 01:40:21.076442 23301591816000 xla_bridge.py:212] Unable to initialize backend 'tpu': Invalid argument: TpuPlatform is not available.
I0216 01:40:23.792139 23301591816000 run_af2c_mod.py:481] Have 1 models: ['model_3_multimer_v2_p1']
Info: working on target fused_DVL1_DIX-TIR_x6
I0216 01:40:28.797380 23301591816000 run_af2c_mod.py:512] Using random seed 2853935971922202790 for the data pipeline
Info: fused_DVL1_DIX-TIR_x6 found monomer fused_DVL1_DIX-TIR msa_depth = 4831, seq_len = 250, num_templ = 20
Info: fused_DVL1_DIX-TIR reducing the number of structural templates to 4
Info: 6 chain(s) to model {'A': 'fused_DVL1_DIX-TIR_1', 'B': 'fused_DVL1_DIX-TIR_1', 'C': 'fused_DVL1_DIX-TIR_1', 'D': 'fused_DVL1_DIX-TIR_1', 'E': 'fused_DVL1_DIX-TIR_1', 'F': 'fused_DVL1_DIX-TIR_1'}
Info: modeling fused_DVL1_DIX-TIR_x6 with msa_depth = 4831, seq_len = 1500, num_templ = 24
I0216 01:40:31.985422 23301591816000 run_af2c_mod.py:216] Running model model_3_multimer_v2_p1_230216_202790
I0216 01:40:31.985884 23301591816000 model.py:205] Running predict with shape(feat) = {'msa': (4831, 1500), 'bert_mask': (4831, 1500), 'num_alignments': (), 'aatype': (1500,), 'seq_length': (), 'template_aatype': (24, 1500), 'template_all_atom_mask': (24, 1500, 37), 'template_all_atom_positions': (24, 1500, 37, 3), 'all_atom_positions': (1500, 37, 3), 'template_domain_names': (24,), 'asym_id': (1500,), 'sym_id': (1500,), 'entity_id': (1500,), 'residue_index': (1500,), 'deletion_matrix': (4831, 1500), 'seq_mask': (1500,), 'msa_mask': (4831, 1500), 'cluster_bias_mask': (4831,), 'pdb_residue_index': (1500,)}
I0216 03:11:04.319316 23301591816000 run_af2c_mod.py:270] Total JAX model model_3_multimer_v2_p1_230216_202790 predict time (includes compilation time): 5432.3 seconds
Info: fused_DVL1_DIX-TIR_x6 model_3_multimer_v2_p1_230216_202790_recycled_00,  tol =   inf, pLDDT = 59.54, pTM-score = 0.2354, piTM-score = 0.0827, interface-score = 0.0007, iRes = 23   iCnt = 24  
Info: fused_DVL1_DIX-TIR_x6 model_3_multimer_v2_p1_230216_202790_recycled_01,  tol = 80.70, pLDDT = 62.20, pTM-score = 0.3049, piTM-score = 0.2393, interface-score = 0.1611, iRes = 134  iCnt = 156 
Info: fused_DVL1_DIX-TIR_x6 model_3_multimer_v2_p1_230216_202790_recycled_02,  tol = 16.80, pLDDT = 62.04, pTM-score = 0.3234, piTM-score = 0.2099, interface-score = 0.1676, iRes = 109  iCnt = 106 
Info: fused_DVL1_DIX-TIR_x6 model_3_multimer_v2_p1_230216_202790_recycled_03,  tol = 30.54, pLDDT = 63.69, pTM-score = 0.3192, piTM-score = 0.2396, interface-score = 0.1917, iRes = 120  iCnt = 115 
Info: fused_DVL1_DIX-TIR_x6 model_3_multimer_v2_p1_230216_202790_recycled_04,  tol =  6.99, pLDDT = 64.06, pTM-score = 0.3340, piTM-score = 0.2763, interface-score = 0.2423, iRes = 147  iCnt = 142 
Info: fused_DVL1_DIX-TIR_x6 model_3_multimer_v2_p1_230216_202790_recycled_05,  tol =  3.20, pLDDT = 60.64, pTM-score = 0.3332, piTM-score = 0.3502, interface-score = 0.3241, iRes = 645  iCnt = 1459
Info: fused_DVL1_DIX-TIR_x6 model_3_multimer_v2_p1_230216_202790_recycled_06,  tol = 31.49, pLDDT = 64.52, pTM-score = 0.2972, piTM-score = 0.1517, interface-score = 0.1151, iRes = 99   iCnt = 86  
Info: fused_DVL1_DIX-TIR_x6 model_3_multimer_v2_p1_230216_202790_recycled_07,  tol = 47.92, pLDDT = 65.18, pTM-score = 0.3236, piTM-score = 0.2416, interface-score = 0.2045, iRes = 160  iCnt = 153 
Info: fused_DVL1_DIX-TIR_x6 model_3_multimer_v2_p1_230216_202790_recycled_08,  tol = 17.85, pLDDT = 66.11, pTM-score = 0.3358, piTM-score = 0.2601, interface-score = 0.2307, iRes = 157  iCnt = 160 
Info: fused_DVL1_DIX-TIR_x6 model_3_multimer_v2_p1_230216_202790_recycled_09,  tol =  5.63, pLDDT = 65.06, pTM-score = 0.3418, piTM-score = 0.2626, interface-score = 0.2674, iRes = 410  iCnt = 596 
Info: fused_DVL1_DIX-TIR_x6 model_3_multimer_v2_p1_230216_202790_recycled_10,  tol = 44.60, pLDDT = 66.48, pTM-score = 0.3315, piTM-score = 0.2315, interface-score = 0.2003, iRes = 142  iCnt = 132 
Info: fused_DVL1_DIX-TIR_x6 model_3_multimer_v2_p1_230216_202790_recycled_11,  tol = 41.66, pLDDT = 66.98, pTM-score = 0.3410, piTM-score = 0.2566, interface-score = 0.2502, iRes = 167  iCnt = 166 
Info: fused_DVL1_DIX-TIR_x6 model_3_multimer_v2_p1_230216_202790_recycled_12,  tol =  6.80, pLDDT = 67.74, pTM-score = 0.3508, piTM-score = 0.2711, interface-score = 0.2847, iRes = 172  iCnt = 178 
Info: fused_DVL1_DIX-TIR_x6 model_3_multimer_v2_p1_230216_202790_recycled_13,  tol =  1.36, pLDDT = 67.56, pTM-score = 0.3482, piTM-score = 0.2516, interface-score = 0.2823, iRes = 179  iCnt = 184 
Info: fused_DVL1_DIX-TIR_x6 model_3_multimer_v2_p1_230216_202790_recycled_14,  tol =  0.55, pLDDT = 67.52, pTM-score = 0.3458, piTM-score = 0.2564, interface-score = 0.2780, iRes = 184  iCnt = 190 
Info: fused_DVL1_DIX-TIR_x6 model_3_multimer_v2_p1_230216_202790_recycled_15,  tol =  1.02, pLDDT = 67.77, pTM-score = 0.3579, piTM-score = 0.2653, interface-score = 0.3070, iRes = 190  iCnt = 196 
Info: fused_DVL1_DIX-TIR_x6 model_3_multimer_v2_p1_230216_202790_recycled_16,  tol =  0.77, pLDDT = 67.72, pTM-score = 0.3536, piTM-score = 0.2596, interface-score = 0.2906, iRes = 184  iCnt = 189 
Info: fused_DVL1_DIX-TIR_x6 model_3_multimer_v2_p1_230216_202790_recycled_17,  tol =  0.50, pLDDT = 67.36, pTM-score = 0.3525, piTM-score = 0.2575, interface-score = 0.2784, iRes = 181  iCnt = 179 
Info: fused_DVL1_DIX-TIR_x6 model_3_multimer_v2_p1_230216_202790_recycled_18,  tol =  0.42, pLDDT = 67.42, pTM-score = 0.3560, piTM-score = 0.2566, interface-score = 0.2854, iRes = 200  iCnt = 213 
Info: fused_DVL1_DIX-TIR_x6 model_3_multimer_v2_p1_230216_202790_recycled_19,  tol =  1.05, pLDDT = 67.56, pTM-score = 0.3551, piTM-score = 0.2527, interface-score = 0.2834, iRes = 185  iCnt = 186 
Info: fused_DVL1_DIX-TIR_x6 model_3_multimer_v2_p1_230216_202790 performed 20 recycles, final tol = 0.82, pLDDT = 67.61, pTM-score = 0.3499, piTM-score = 0.2461, interface-score = 0.2754, iRes = 187  iCnt = 187 
Info: num_clusters = 1, cluster_sizes = [6],  clusters = [['fused_DVL1_DIX-TIR_0', 'fused_DVL1_DIX-TIR_1', 'fused_DVL1_DIX-TIR_2', 'fused_DVL1_DIX-TIR_3', 'fused_DVL1_DIX-TIR_4', 'fused_DVL1_DIX-TIR_5']]

I0216 03:11:10.370094 23301591816000 run_af2c_mod.py:404] Final timings for fused_DVL1_DIX-TIR_x6: {'features': 3.19, 'process_features_model_3_multimer_v2_p1_230216_202790': 0.0, 'predict_and_compile_model_3_multimer_v2_p1_230216_202790': 5432.3}
                                  
================================= 
Global information about the job: 
================================= 
  
Job owner: flobnow(42847)
Job name:  3_AF2C
Node list: ravg1062
Job start: Thu Feb 16 01:40:13 CET 2023
Job end:   Thu Feb 16 03:11:13 CET 2023
Work dir:  /raven/u/flobnow/workingLama/scripts/myRuns/fused_DVL1_DIX-TIR_x6
Command:   /raven/u/flobnow/workingLama/scripts/myRuns/fused_DVL1_DIX-TIR_x6/script2_comp_model_3.sh
  
  
  
==========================================================================================
Information on jobsteps (Note: MaxRSS/AveRSS is the maximum/average over all 
tasks of the per-task memory high-water marks; cf. "man sacct"): 
==========================================================================================
  
JobID            JobName NNodes NTasks  NCPUS        0.00M        0.00M    Elapsed ExitCode
------------- ---------- ------ ------ ------ ------------ ------------ ---------- --------
4217740           3_AF2C      1           108                             01:31:00      0:0
4217740.0        python3      1      1    108    70532.92M    70532.92M   01:30:59      0:0
  
Maximum memory per node: 73.959125 GB (defined as MaxRSS*Ntasks/NNodes)
CPU utilization: 1.9 %
  
