Info: input file name is fused_DVL1_DIX-TIR_x6
Info: input target list is /u/flobnow/workingLama/scripts/myRuns/fused_DVL1_DIX-TIR_x6/target.lst
Info: input feature directory is /u/flobnow/workingLama/feature_files
Info: result output directory is /u/flobnow/workingLama/output_files
Info: model preset is multimer_np
Info: msa pairing is all
Info: recycling setting is 1
Info: using preset super2
Info: set num_ensemble = 2
Info: set max_recyles = 20
Info: set recycle_tol = 0.1
Info: mas_pairing mode is all
I0216 02:27:21.669729 23446160803648 tpu_client.py:54] Starting the local TPU driver.
I0216 02:27:21.670123 23446160803648 xla_bridge.py:212] Unable to initialize backend 'tpu_driver': Not found: Unable to find driver in registry given worker: local://
I0216 02:27:22.030087 23446160803648 xla_bridge.py:212] Unable to initialize backend 'tpu': Invalid argument: TpuPlatform is not available.
I0216 02:27:24.803709 23446160803648 run_af2c_mod.py:481] Have 1 models: ['model_5_multimer_v2_p1']
Info: working on target fused_DVL1_DIX-TIR_x6
I0216 02:27:31.811340 23446160803648 run_af2c_mod.py:512] Using random seed 6147107010968835992 for the data pipeline
Info: fused_DVL1_DIX-TIR_x6 found monomer fused_DVL1_DIX-TIR msa_depth = 4831, seq_len = 250, num_templ = 20
Info: fused_DVL1_DIX-TIR reducing the number of structural templates to 4
Info: 6 chain(s) to model {'A': 'fused_DVL1_DIX-TIR_1', 'B': 'fused_DVL1_DIX-TIR_1', 'C': 'fused_DVL1_DIX-TIR_1', 'D': 'fused_DVL1_DIX-TIR_1', 'E': 'fused_DVL1_DIX-TIR_1', 'F': 'fused_DVL1_DIX-TIR_1'}
Info: modeling fused_DVL1_DIX-TIR_x6 with msa_depth = 4831, seq_len = 1500, num_templ = 24
I0216 02:27:35.070612 23446160803648 run_af2c_mod.py:216] Running model model_5_multimer_v2_p1_230216_835992
I0216 02:27:35.071094 23446160803648 model.py:205] Running predict with shape(feat) = {'msa': (4831, 1500), 'bert_mask': (4831, 1500), 'num_alignments': (), 'aatype': (1500,), 'seq_length': (), 'template_aatype': (24, 1500), 'template_all_atom_mask': (24, 1500, 37), 'template_all_atom_positions': (24, 1500, 37, 3), 'all_atom_positions': (1500, 37, 3), 'template_domain_names': (24,), 'asym_id': (1500,), 'sym_id': (1500,), 'entity_id': (1500,), 'residue_index': (1500,), 'deletion_matrix': (4831, 1500), 'seq_mask': (1500,), 'msa_mask': (4831, 1500), 'cluster_bias_mask': (4831,), 'pdb_residue_index': (1500,)}
I0216 03:58:37.352111 23446160803648 run_af2c_mod.py:270] Total JAX model model_5_multimer_v2_p1_230216_835992 predict time (includes compilation time): 5462.3 seconds
Info: fused_DVL1_DIX-TIR_x6 model_5_multimer_v2_p1_230216_835992_recycled_00,  tol =   inf, pLDDT = 55.93, pTM-score = 0.2660, piTM-score = 0.2610, interface-score = 0.2493, iRes = 167  iCnt = 209 
Info: fused_DVL1_DIX-TIR_x6 model_5_multimer_v2_p1_230216_835992_recycled_01,  tol = 73.44, pLDDT = 60.73, pTM-score = 0.3039, piTM-score = 0.2314, interface-score = 0.1983, iRes = 133  iCnt = 114 
Info: fused_DVL1_DIX-TIR_x6 model_5_multimer_v2_p1_230216_835992_recycled_02,  tol = 14.09, pLDDT = 62.43, pTM-score = 0.3387, piTM-score = 0.2213, interface-score = 0.2031, iRes = 118  iCnt = 102 
Info: fused_DVL1_DIX-TIR_x6 model_5_multimer_v2_p1_230216_835992_recycled_03,  tol = 10.13, pLDDT = 63.75, pTM-score = 0.3533, piTM-score = 0.2529, interface-score = 0.2744, iRes = 147  iCnt = 134 
Info: fused_DVL1_DIX-TIR_x6 model_5_multimer_v2_p1_230216_835992_recycled_04,  tol = 12.12, pLDDT = 65.06, pTM-score = 0.3709, piTM-score = 0.2799, interface-score = 0.3142, iRes = 167  iCnt = 156 
Info: fused_DVL1_DIX-TIR_x6 model_5_multimer_v2_p1_230216_835992_recycled_05,  tol =  2.87, pLDDT = 65.87, pTM-score = 0.3750, piTM-score = 0.2842, interface-score = 0.3256, iRes = 180  iCnt = 167 
Info: fused_DVL1_DIX-TIR_x6 model_5_multimer_v2_p1_230216_835992_recycled_06,  tol =  1.13, pLDDT = 65.16, pTM-score = 0.4107, piTM-score = 0.3308, interface-score = 0.3891, iRes = 191  iCnt = 221 
Info: fused_DVL1_DIX-TIR_x6 model_5_multimer_v2_p1_230216_835992_recycled_07,  tol =  4.45, pLDDT = 67.51, pTM-score = 0.3962, piTM-score = 0.3158, interface-score = 0.3838, iRes = 186  iCnt = 196 
Info: fused_DVL1_DIX-TIR_x6 model_5_multimer_v2_p1_230216_835992_recycled_08,  tol =  6.82, pLDDT = 67.88, pTM-score = 0.3928, piTM-score = 0.3029, interface-score = 0.3681, iRes = 192  iCnt = 195 
Info: fused_DVL1_DIX-TIR_x6 model_5_multimer_v2_p1_230216_835992_recycled_09,  tol =  2.54, pLDDT = 68.59, pTM-score = 0.4104, piTM-score = 0.3113, interface-score = 0.3858, iRes = 200  iCnt = 206 
Info: fused_DVL1_DIX-TIR_x6 model_5_multimer_v2_p1_230216_835992_recycled_10,  tol =  1.52, pLDDT = 68.61, pTM-score = 0.4148, piTM-score = 0.3111, interface-score = 0.3812, iRes = 207  iCnt = 210 
Info: fused_DVL1_DIX-TIR_x6 model_5_multimer_v2_p1_230216_835992_recycled_11,  tol =  0.80, pLDDT = 69.77, pTM-score = 0.4485, piTM-score = 0.3301, interface-score = 0.4042, iRes = 220  iCnt = 230 
Info: fused_DVL1_DIX-TIR_x6 model_5_multimer_v2_p1_230216_835992_recycled_12,  tol =  1.38, pLDDT = 70.06, pTM-score = 0.4526, piTM-score = 0.3251, interface-score = 0.4071, iRes = 215  iCnt = 224 
Info: fused_DVL1_DIX-TIR_x6 model_5_multimer_v2_p1_230216_835992_recycled_13,  tol =  1.04, pLDDT = 70.71, pTM-score = 0.4712, piTM-score = 0.3396, interface-score = 0.4295, iRes = 219  iCnt = 227 
Info: fused_DVL1_DIX-TIR_x6 model_5_multimer_v2_p1_230216_835992_recycled_14,  tol =  0.35, pLDDT = 71.73, pTM-score = 0.4875, piTM-score = 0.3609, interface-score = 0.4548, iRes = 207  iCnt = 219 
Info: fused_DVL1_DIX-TIR_x6 model_5_multimer_v2_p1_230216_835992_recycled_15,  tol =  0.35, pLDDT = 71.86, pTM-score = 0.4959, piTM-score = 0.3651, interface-score = 0.4636, iRes = 203  iCnt = 217 
Info: fused_DVL1_DIX-TIR_x6 model_5_multimer_v2_p1_230216_835992_recycled_16,  tol =  0.32, pLDDT = 71.50, pTM-score = 0.4866, piTM-score = 0.3557, interface-score = 0.4551, iRes = 203  iCnt = 216 
Info: fused_DVL1_DIX-TIR_x6 model_5_multimer_v2_p1_230216_835992_recycled_17,  tol =  0.47, pLDDT = 71.56, pTM-score = 0.4811, piTM-score = 0.3512, interface-score = 0.4497, iRes = 203  iCnt = 218 
Info: fused_DVL1_DIX-TIR_x6 model_5_multimer_v2_p1_230216_835992_recycled_18,  tol =  0.24, pLDDT = 71.56, pTM-score = 0.4840, piTM-score = 0.3524, interface-score = 0.4514, iRes = 204  iCnt = 217 
Info: fused_DVL1_DIX-TIR_x6 model_5_multimer_v2_p1_230216_835992_recycled_19,  tol =  0.20, pLDDT = 71.54, pTM-score = 0.4885, piTM-score = 0.3511, interface-score = 0.4507, iRes = 202  iCnt = 214 
Info: fused_DVL1_DIX-TIR_x6 model_5_multimer_v2_p1_230216_835992 performed 20 recycles, final tol = 0.28, pLDDT = 71.48, pTM-score = 0.4879, piTM-score = 0.3582, interface-score = 0.4504, iRes = 208  iCnt = 218 
Info: num_clusters = 1, cluster_sizes = [6],  clusters = [['fused_DVL1_DIX-TIR_0', 'fused_DVL1_DIX-TIR_1', 'fused_DVL1_DIX-TIR_2', 'fused_DVL1_DIX-TIR_3', 'fused_DVL1_DIX-TIR_4', 'fused_DVL1_DIX-TIR_5']]

I0216 03:58:43.320946 23446160803648 run_af2c_mod.py:404] Final timings for fused_DVL1_DIX-TIR_x6: {'features': 3.26, 'process_features_model_5_multimer_v2_p1_230216_835992': 0.0, 'predict_and_compile_model_5_multimer_v2_p1_230216_835992': 5462.3}
                                  
================================= 
Global information about the job: 
================================= 
  
Job owner: flobnow(42847)
Job name:  5_AF2C
Node list: ravg1094
Job start: Thu Feb 16 02:27:15 CET 2023
Job end:   Thu Feb 16 03:58:46 CET 2023
Work dir:  /raven/u/flobnow/workingLama/scripts/myRuns/fused_DVL1_DIX-TIR_x6
Command:   /raven/u/flobnow/workingLama/scripts/myRuns/fused_DVL1_DIX-TIR_x6/script2_comp_model_5.sh
  
  
  
==========================================================================================
Information on jobsteps (Note: MaxRSS/AveRSS is the maximum/average over all 
tasks of the per-task memory high-water marks; cf. "man sacct"): 
==========================================================================================
  
JobID            JobName NNodes NTasks  NCPUS        0.00M        0.00M    Elapsed ExitCode
------------- ---------- ------ ------ ------ ------------ ------------ ---------- --------
4217742           5_AF2C      1           108                             01:31:31      0:0
4217742.0        python3      1      1    108    70508.36M    70508.36M   01:31:30      0:0
  
Maximum memory per node: 73.933378 GB (defined as MaxRSS*Ntasks/NNodes)
CPU utilization: 1.9 %
  
