Info: target file is /u/flobnow/workingLama/scripts/myRuns/fused_DVL1_DIX-TIR_x6/target.lst
Info: input directory of unrelaxed models is /u/flobnow/workingLama/output_files
Info: output directory of relaxed models is /u/flobnow/workingLama/output_files
/bin/sh: /mpcdf/soft/SLE_15/packages/x86_64/alphafold/2.2.0/lib/libtinfo.so.6: no version information available (required by /lib64/libreadline.so.7)
I0216 04:00:52.564758 22874337105728 run_af2c_min.py:88] fused_DVL1_DIX-TIR_x6 processing model_2_multimer_v2_p1_230216_811562.pdb
sh: /mpcdf/soft/SLE_15/packages/x86_64/alphafold/2.2.0/lib/libtinfo.so.6: no version information available (required by /lib64/libreadline.so.7)
sh: /mpcdf/soft/SLE_15/packages/x86_64/alphafold/2.2.0/lib/libtinfo.so.6: no version information available (required by /lib64/libreadline.so.7)
I0216 04:01:11.407255 22874337105728 amber_minimize.py:177] alterations info: {'nonstandard_residues': [], 'removed_heterogens': set(), 'missing_residues': {}, 'missing_heavy_atoms': {}, 'missing_terminals': {<Residue 249 (PRO) of chain 0>: ['OXT'], <Residue 499 (PRO) of chain 1>: ['OXT'], <Residue 749 (PRO) of chain 2>: ['OXT'], <Residue 999 (PRO) of chain 3>: ['OXT'], <Residue 1249 (PRO) of chain 4>: ['OXT'], <Residue 1499 (PRO) of chain 5>: ['OXT']}, 'Se_in_MET': [], 'removed_chains': {0: []}}
I0216 04:01:13.886619 22874337105728 amber_minimize.py:408] Minimizing protein, attempt 1 of 100.
I0216 04:01:16.315151 22874337105728 amber_minimize.py:69] Restraining 12066 / 24174 particles.
sh: /mpcdf/soft/SLE_15/packages/x86_64/alphafold/2.2.0/lib/libtinfo.so.6: no version information available (required by /lib64/libreadline.so.7)
I0216 04:07:39.710253 22874337105728 amber_minimize.py:177] alterations info: {'nonstandard_residues': [], 'removed_heterogens': set(), 'missing_residues': {}, 'missing_heavy_atoms': {}, 'missing_terminals': {}, 'Se_in_MET': [], 'removed_chains': {0: []}}
I0216 04:07:42.196554 22874337105728 tpu_client.py:54] Starting the local TPU driver.
I0216 04:07:42.269505 22874337105728 xla_bridge.py:212] Unable to initialize backend 'tpu_driver': Not found: Unable to find driver in registry given worker: local://
I0216 04:07:42.552588 22874337105728 xla_bridge.py:212] Unable to initialize backend 'tpu': Invalid argument: TpuPlatform is not available.
I0216 04:08:01.573172 22874337105728 amber_minimize.py:500] Iteration completed: Einit 93153162810.80 Efinal -23948.09 Time 372.84 s num residue violations 2 num residue exclusions 0 
I0216 04:08:01.617000 22874337105728 amber_minimize.py:408] Minimizing protein, attempt 1 of 100.
I0216 04:08:03.893862 22874337105728 amber_minimize.py:69] Restraining 12044 / 24174 particles.
sh: /mpcdf/soft/SLE_15/packages/x86_64/alphafold/2.2.0/lib/libtinfo.so.6: no version information available (required by /lib64/libreadline.so.7)
I0216 04:12:41.403579 22874337105728 amber_minimize.py:177] alterations info: {'nonstandard_residues': [], 'removed_heterogens': set(), 'missing_residues': {}, 'missing_heavy_atoms': {}, 'missing_terminals': {}, 'Se_in_MET': [], 'removed_chains': {0: []}}
I0216 04:12:51.223381 22874337105728 amber_minimize.py:500] Iteration completed: Einit 53049.72 Efinal -29763.90 Time 267.72 s num residue violations 2 num residue exclusions 2 
I0216 04:12:51.224176 22874337105728 amber_minimize.py:408] Minimizing protein, attempt 1 of 100.
I0216 04:12:53.595231 22874337105728 amber_minimize.py:69] Restraining 12044 / 24174 particles.
sh: /mpcdf/soft/SLE_15/packages/x86_64/alphafold/2.2.0/lib/libtinfo.so.6: no version information available (required by /lib64/libreadline.so.7)
I0216 04:17:52.768878 22874337105728 amber_minimize.py:177] alterations info: {'nonstandard_residues': [], 'removed_heterogens': set(), 'missing_residues': {}, 'missing_heavy_atoms': {}, 'missing_terminals': {}, 'Se_in_MET': [], 'removed_chains': {0: []}}
I0216 04:18:02.613643 22874337105728 amber_minimize.py:500] Iteration completed: Einit 44750.75 Efinal -32268.22 Time 289.61 s num residue violations 2 num residue exclusions 2 
sh: /mpcdf/soft/SLE_15/packages/x86_64/alphafold/2.2.0/lib/libtinfo.so.6: no version information available (required by /lib64/libreadline.so.7)
sh: /mpcdf/soft/SLE_15/packages/x86_64/alphafold/2.2.0/lib/libtinfo.so.6: no version information available (required by /lib64/libreadline.so.7)
I0216 04:18:17.344429 22874337105728 amber_minimize.py:177] alterations info: {'nonstandard_residues': [], 'removed_heterogens': set(), 'missing_residues': {}, 'missing_heavy_atoms': {}, 'missing_terminals': {<Residue 249 (PRO) of chain 0>: ['OXT'], <Residue 499 (PRO) of chain 1>: ['OXT'], <Residue 749 (PRO) of chain 2>: ['OXT'], <Residue 999 (PRO) of chain 3>: ['OXT'], <Residue 1249 (PRO) of chain 4>: ['OXT'], <Residue 1499 (PRO) of chain 5>: ['OXT']}, 'Se_in_MET': [], 'removed_chains': {0: []}}
I0216 04:18:22.386847 22874337105728 run_af2c_min.py:110] fused_DVL1_DIX-TIR_x6 relaxation done, time spent 1049.0 seconds, Efinal -32268.22, rmsd 0.38
I0216 04:18:22.386970 22874337105728 run_af2c_min.py:88] fused_DVL1_DIX-TIR_x6 processing model_5_multimer_v2_p1_230216_835992.pdb
sh: /mpcdf/soft/SLE_15/packages/x86_64/alphafold/2.2.0/lib/libtinfo.so.6: no version information available (required by /lib64/libreadline.so.7)
sh: /mpcdf/soft/SLE_15/packages/x86_64/alphafold/2.2.0/lib/libtinfo.so.6: no version information available (required by /lib64/libreadline.so.7)
I0216 04:18:37.364820 22874337105728 amber_minimize.py:177] alterations info: {'nonstandard_residues': [], 'removed_heterogens': set(), 'missing_residues': {}, 'missing_heavy_atoms': {}, 'missing_terminals': {<Residue 249 (PRO) of chain 0>: ['OXT'], <Residue 499 (PRO) of chain 1>: ['OXT'], <Residue 749 (PRO) of chain 2>: ['OXT'], <Residue 999 (PRO) of chain 3>: ['OXT'], <Residue 1249 (PRO) of chain 4>: ['OXT'], <Residue 1499 (PRO) of chain 5>: ['OXT']}, 'Se_in_MET': [], 'removed_chains': {0: []}}
I0216 04:18:39.846829 22874337105728 amber_minimize.py:408] Minimizing protein, attempt 1 of 100.
I0216 04:18:42.129907 22874337105728 amber_minimize.py:69] Restraining 12066 / 24174 particles.
sh: /mpcdf/soft/SLE_15/packages/x86_64/alphafold/2.2.0/lib/libtinfo.so.6: no version information available (required by /lib64/libreadline.so.7)
I0216 04:24:58.439030 22874337105728 amber_minimize.py:177] alterations info: {'nonstandard_residues': [], 'removed_heterogens': set(), 'missing_residues': {}, 'missing_heavy_atoms': {}, 'missing_terminals': {}, 'Se_in_MET': [], 'removed_chains': {0: []}}
I0216 04:25:08.291508 22874337105728 amber_minimize.py:500] Iteration completed: Einit 825229.02 Efinal -30558.79 Time 366.51 s num residue violations 0 num residue exclusions 0 
sh: /mpcdf/soft/SLE_15/packages/x86_64/alphafold/2.2.0/lib/libtinfo.so.6: no version information available (required by /lib64/libreadline.so.7)
sh: /mpcdf/soft/SLE_15/packages/x86_64/alphafold/2.2.0/lib/libtinfo.so.6: no version information available (required by /lib64/libreadline.so.7)
I0216 04:25:23.271040 22874337105728 amber_minimize.py:177] alterations info: {'nonstandard_residues': [], 'removed_heterogens': set(), 'missing_residues': {}, 'missing_heavy_atoms': {}, 'missing_terminals': {<Residue 249 (PRO) of chain 0>: ['OXT'], <Residue 499 (PRO) of chain 1>: ['OXT'], <Residue 749 (PRO) of chain 2>: ['OXT'], <Residue 999 (PRO) of chain 3>: ['OXT'], <Residue 1249 (PRO) of chain 4>: ['OXT'], <Residue 1499 (PRO) of chain 5>: ['OXT']}, 'Se_in_MET': [], 'removed_chains': {0: []}}
I0216 04:25:28.296879 22874337105728 run_af2c_min.py:110] fused_DVL1_DIX-TIR_x6 relaxation done, time spent 425.2 seconds, Efinal -30558.79, rmsd 0.44
I0216 04:25:28.297003 22874337105728 run_af2c_min.py:88] fused_DVL1_DIX-TIR_x6 processing model_4_multimer_v2_p1_230216_096016.pdb
sh: /mpcdf/soft/SLE_15/packages/x86_64/alphafold/2.2.0/lib/libtinfo.so.6: no version information available (required by /lib64/libreadline.so.7)
sh: /mpcdf/soft/SLE_15/packages/x86_64/alphafold/2.2.0/lib/libtinfo.so.6: no version information available (required by /lib64/libreadline.so.7)
I0216 04:25:43.167676 22874337105728 amber_minimize.py:177] alterations info: {'nonstandard_residues': [], 'removed_heterogens': set(), 'missing_residues': {}, 'missing_heavy_atoms': {}, 'missing_terminals': {<Residue 249 (PRO) of chain 0>: ['OXT'], <Residue 499 (PRO) of chain 1>: ['OXT'], <Residue 749 (PRO) of chain 2>: ['OXT'], <Residue 999 (PRO) of chain 3>: ['OXT'], <Residue 1249 (PRO) of chain 4>: ['OXT'], <Residue 1499 (PRO) of chain 5>: ['OXT']}, 'Se_in_MET': [], 'removed_chains': {0: []}}
I0216 04:25:45.675504 22874337105728 amber_minimize.py:408] Minimizing protein, attempt 1 of 100.
I0216 04:25:47.963258 22874337105728 amber_minimize.py:69] Restraining 12066 / 24174 particles.
sh: /mpcdf/soft/SLE_15/packages/x86_64/alphafold/2.2.0/lib/libtinfo.so.6: no version information available (required by /lib64/libreadline.so.7)
I0216 04:30:43.526992 22874337105728 amber_minimize.py:177] alterations info: {'nonstandard_residues': [], 'removed_heterogens': set(), 'missing_residues': {}, 'missing_heavy_atoms': {}, 'missing_terminals': {}, 'Se_in_MET': [], 'removed_chains': {0: []}}
I0216 04:30:53.235986 22874337105728 amber_minimize.py:500] Iteration completed: Einit 333120239.58 Efinal -28610.64 Time 285.93 s num residue violations 8 num residue exclusions 0 
I0216 04:30:53.236577 22874337105728 amber_minimize.py:408] Minimizing protein, attempt 1 of 100.
I0216 04:30:55.551288 22874337105728 amber_minimize.py:69] Restraining 12009 / 24174 particles.
sh: /mpcdf/soft/SLE_15/packages/x86_64/alphafold/2.2.0/lib/libtinfo.so.6: no version information available (required by /lib64/libreadline.so.7)
I0216 04:34:59.282715 22874337105728 amber_minimize.py:177] alterations info: {'nonstandard_residues': [], 'removed_heterogens': set(), 'missing_residues': {}, 'missing_heavy_atoms': {}, 'missing_terminals': {}, 'Se_in_MET': [], 'removed_chains': {0: []}}
I0216 04:35:09.137648 22874337105728 amber_minimize.py:500] Iteration completed: Einit 46914.48 Efinal -32990.79 Time 233.92 s num residue violations 0 num residue exclusions 8 
sh: /mpcdf/soft/SLE_15/packages/x86_64/alphafold/2.2.0/lib/libtinfo.so.6: no version information available (required by /lib64/libreadline.so.7)
sh: /mpcdf/soft/SLE_15/packages/x86_64/alphafold/2.2.0/lib/libtinfo.so.6: no version information available (required by /lib64/libreadline.so.7)
I0216 04:35:23.938202 22874337105728 amber_minimize.py:177] alterations info: {'nonstandard_residues': [], 'removed_heterogens': set(), 'missing_residues': {}, 'missing_heavy_atoms': {}, 'missing_terminals': {<Residue 249 (PRO) of chain 0>: ['OXT'], <Residue 499 (PRO) of chain 1>: ['OXT'], <Residue 749 (PRO) of chain 2>: ['OXT'], <Residue 999 (PRO) of chain 3>: ['OXT'], <Residue 1249 (PRO) of chain 4>: ['OXT'], <Residue 1499 (PRO) of chain 5>: ['OXT']}, 'Se_in_MET': [], 'removed_chains': {0: []}}
I0216 04:35:28.944311 22874337105728 run_af2c_min.py:110] fused_DVL1_DIX-TIR_x6 relaxation done, time spent 599.9 seconds, Efinal -32990.79, rmsd 0.40
I0216 04:35:28.944431 22874337105728 run_af2c_min.py:88] fused_DVL1_DIX-TIR_x6 processing model_3_multimer_v2_p1_230216_202790.pdb
sh: /mpcdf/soft/SLE_15/packages/x86_64/alphafold/2.2.0/lib/libtinfo.so.6: no version information available (required by /lib64/libreadline.so.7)
sh: /mpcdf/soft/SLE_15/packages/x86_64/alphafold/2.2.0/lib/libtinfo.so.6: no version information available (required by /lib64/libreadline.so.7)
I0216 04:35:43.848230 22874337105728 amber_minimize.py:177] alterations info: {'nonstandard_residues': [], 'removed_heterogens': set(), 'missing_residues': {}, 'missing_heavy_atoms': {}, 'missing_terminals': {<Residue 249 (PRO) of chain 0>: ['OXT'], <Residue 499 (PRO) of chain 1>: ['OXT'], <Residue 749 (PRO) of chain 2>: ['OXT'], <Residue 999 (PRO) of chain 3>: ['OXT'], <Residue 1249 (PRO) of chain 4>: ['OXT'], <Residue 1499 (PRO) of chain 5>: ['OXT']}, 'Se_in_MET': [], 'removed_chains': {0: []}}
I0216 04:35:46.337026 22874337105728 amber_minimize.py:408] Minimizing protein, attempt 1 of 100.
I0216 04:35:48.669302 22874337105728 amber_minimize.py:69] Restraining 12066 / 24174 particles.
sh: /mpcdf/soft/SLE_15/packages/x86_64/alphafold/2.2.0/lib/libtinfo.so.6: no version information available (required by /lib64/libreadline.so.7)
I0216 04:40:13.513803 22874337105728 amber_minimize.py:177] alterations info: {'nonstandard_residues': [], 'removed_heterogens': set(), 'missing_residues': {}, 'missing_heavy_atoms': {}, 'missing_terminals': {}, 'Se_in_MET': [], 'removed_chains': {0: []}}
I0216 04:40:23.349117 22874337105728 amber_minimize.py:500] Iteration completed: Einit 47583819.35 Efinal -29093.77 Time 254.97 s num residue violations 0 num residue exclusions 0 
sh: /mpcdf/soft/SLE_15/packages/x86_64/alphafold/2.2.0/lib/libtinfo.so.6: no version information available (required by /lib64/libreadline.so.7)
sh: /mpcdf/soft/SLE_15/packages/x86_64/alphafold/2.2.0/lib/libtinfo.so.6: no version information available (required by /lib64/libreadline.so.7)
I0216 04:40:37.907470 22874337105728 amber_minimize.py:177] alterations info: {'nonstandard_residues': [], 'removed_heterogens': set(), 'missing_residues': {}, 'missing_heavy_atoms': {}, 'missing_terminals': {<Residue 249 (PRO) of chain 0>: ['OXT'], <Residue 499 (PRO) of chain 1>: ['OXT'], <Residue 749 (PRO) of chain 2>: ['OXT'], <Residue 999 (PRO) of chain 3>: ['OXT'], <Residue 1249 (PRO) of chain 4>: ['OXT'], <Residue 1499 (PRO) of chain 5>: ['OXT']}, 'Se_in_MET': [], 'removed_chains': {0: []}}
I0216 04:40:42.888323 22874337105728 run_af2c_min.py:110] fused_DVL1_DIX-TIR_x6 relaxation done, time spent 313.2 seconds, Efinal -29093.77, rmsd 0.48
I0216 04:40:42.888554 22874337105728 run_af2c_min.py:88] fused_DVL1_DIX-TIR_x6 processing model_1_multimer_v2_p1_230216_466039.pdb
sh: /mpcdf/soft/SLE_15/packages/x86_64/alphafold/2.2.0/lib/libtinfo.so.6: no version information available (required by /lib64/libreadline.so.7)
sh: /mpcdf/soft/SLE_15/packages/x86_64/alphafold/2.2.0/lib/libtinfo.so.6: no version information available (required by /lib64/libreadline.so.7)
I0216 04:40:55.553922 22874337105728 amber_minimize.py:177] alterations info: {'nonstandard_residues': [], 'removed_heterogens': set(), 'missing_residues': {}, 'missing_heavy_atoms': {}, 'missing_terminals': {<Residue 249 (PRO) of chain 0>: ['OXT'], <Residue 499 (PRO) of chain 1>: ['OXT'], <Residue 749 (PRO) of chain 2>: ['OXT'], <Residue 999 (PRO) of chain 3>: ['OXT'], <Residue 1249 (PRO) of chain 4>: ['OXT'], <Residue 1499 (PRO) of chain 5>: ['OXT']}, 'Se_in_MET': [], 'removed_chains': {0: []}}
I0216 04:40:58.045431 22874337105728 amber_minimize.py:408] Minimizing protein, attempt 1 of 100.
I0216 04:41:00.379658 22874337105728 amber_minimize.py:69] Restraining 12066 / 24174 particles.
sh: /mpcdf/soft/SLE_15/packages/x86_64/alphafold/2.2.0/lib/libtinfo.so.6: no version information available (required by /lib64/libreadline.so.7)
I0216 04:45:37.273487 22874337105728 amber_minimize.py:177] alterations info: {'nonstandard_residues': [], 'removed_heterogens': set(), 'missing_residues': {}, 'missing_heavy_atoms': {}, 'missing_terminals': {}, 'Se_in_MET': [], 'removed_chains': {0: []}}
I0216 04:45:47.105488 22874337105728 amber_minimize.py:500] Iteration completed: Einit 7961388.52 Efinal -29154.60 Time 267.26 s num residue violations 0 num residue exclusions 0 
sh: /mpcdf/soft/SLE_15/packages/x86_64/alphafold/2.2.0/lib/libtinfo.so.6: no version information available (required by /lib64/libreadline.so.7)
sh: /mpcdf/soft/SLE_15/packages/x86_64/alphafold/2.2.0/lib/libtinfo.so.6: no version information available (required by /lib64/libreadline.so.7)
I0216 04:45:59.756549 22874337105728 amber_minimize.py:177] alterations info: {'nonstandard_residues': [], 'removed_heterogens': set(), 'missing_residues': {}, 'missing_heavy_atoms': {}, 'missing_terminals': {<Residue 249 (PRO) of chain 0>: ['OXT'], <Residue 499 (PRO) of chain 1>: ['OXT'], <Residue 749 (PRO) of chain 2>: ['OXT'], <Residue 999 (PRO) of chain 3>: ['OXT'], <Residue 1249 (PRO) of chain 4>: ['OXT'], <Residue 1499 (PRO) of chain 5>: ['OXT']}, 'Se_in_MET': [], 'removed_chains': {0: []}}
I0216 04:46:04.740521 22874337105728 run_af2c_min.py:110] fused_DVL1_DIX-TIR_x6 relaxation done, time spent 321.1 seconds, Efinal -29154.60, rmsd 0.45
                                  
================================= 
Global information about the job: 
================================= 
  
Job owner: flobnow(42847)
Job name:  6_RLX
Node list: ravg1094
Job start: Thu Feb 16 04:00:26 CET 2023
Job end:   Thu Feb 16 04:46:06 CET 2023
Work dir:  /raven/u/flobnow/workingLama/scripts/myRuns/fused_DVL1_DIX-TIR_x6
Command:   /raven/u/flobnow/workingLama/scripts/myRuns/fused_DVL1_DIX-TIR_x6/script3_relaxation.sh
  
  
  
==========================================================================================
Information on jobsteps (Note: MaxRSS/AveRSS is the maximum/average over all 
tasks of the per-task memory high-water marks; cf. "man sacct"): 
==========================================================================================
  
JobID            JobName NNodes NTasks  NCPUS        0.00M        0.00M    Elapsed ExitCode
------------- ---------- ------ ------ ------ ------------ ------------ ---------- --------
4217743            6_RLX      1           108                             00:45:40      0:0
4217743.0        python3      1      1    108    23920.45M    23920.45M   00:45:38      0:0
  
Maximum memory per node: 25.082413 GB (defined as MaxRSS*Ntasks/NNodes)
CPU utilization: 84.1 %
  
