Info: input file name is A2A791
Info: input target list is /u/flobnow/workingLama/scripts/myRuns/A2A791/target.lst
Info: input feature directory is /u/flobnow/workingLama/feature_files
Info: result output directory is /u/flobnow/workingLama/output_files
Info: model preset is multimer_np
Info: msa pairing is all
Info: recycling setting is 1
Info: using preset super2
Info: set num_ensemble = 2
Info: set max_recyles = 20
Info: set recycle_tol = 0.1
Info: mas_pairing mode is all
I0309 08:15:19.042686 22746549045056 tpu_client.py:54] Starting the local TPU driver.
I0309 08:15:19.043052 22746549045056 xla_bridge.py:212] Unable to initialize backend 'tpu_driver': Not found: Unable to find driver in registry given worker: local://
I0309 08:15:19.416296 22746549045056 xla_bridge.py:212] Unable to initialize backend 'tpu': Invalid argument: TpuPlatform is not available.
I0309 08:15:22.150296 22746549045056 run_af2c_mod.py:481] Have 1 models: ['model_1_multimer_v2_p1']
Info: working on target MYD88_A2A791_x1
I0309 08:15:24.152548 22746549045056 run_af2c_mod.py:512] Using random seed 1335971059764509679 for the data pipeline
Info: MYD88_A2A791_x1 found monomer MYD88_MOUSE msa_depth = 3425, seq_len = 296, num_templ = 20
Info: MYD88_MOUSE reducing the number of structural templates to 4
Info: MYD88_A2A791_x1 found monomer A2A791 msa_depth = 11429, seq_len = 1549, num_templ = 3
Info: A2A791 MSA size is too large, reducing to 10000
Info: 2 chain(s) to model {'A': 'MYD88_MOUSE_1', 'B': 'A2A791_1'}
Info: modeling MYD88_A2A791_x1 with msa_depth = 6794, seq_len = 1845, num_templ = 7
I0309 08:15:26.216506 22746549045056 run_af2c_mod.py:216] Running model model_1_multimer_v2_p1_230309_509679
I0309 08:15:26.216982 22746549045056 model.py:205] Running predict with shape(feat) = {'msa': (6794, 1845), 'bert_mask': (6794, 1845), 'num_alignments': (), 'aatype': (1845,), 'seq_length': (), 'template_aatype': (7, 1845), 'template_all_atom_mask': (7, 1845, 37), 'template_all_atom_positions': (7, 1845, 37, 3), 'all_atom_positions': (1845, 37, 3), 'template_domain_names': (7,), 'asym_id': (1845,), 'sym_id': (1845,), 'entity_id': (1845,), 'residue_index': (1845,), 'deletion_matrix': (6794, 1845), 'seq_mask': (1845,), 'msa_mask': (6794, 1845), 'cluster_bias_mask': (6794,), 'pdb_residue_index': (1845,)}
I0309 09:47:07.072588 22746549045056 run_af2c_mod.py:270] Total JAX model model_1_multimer_v2_p1_230309_509679 predict time (includes compilation time): 5500.9 seconds
Info: MYD88_A2A791_x1 model_1_multimer_v2_p1_230309_509679_recycled_00,  tol =   inf, pLDDT = 49.09, pTM-score = 0.2854, piTM-score = 0.0000, interface-score = 0.0000, iRes = 0    iCnt = 0   
Info: MYD88_A2A791_x1 model_1_multimer_v2_p1_230309_509679_recycled_01,  tol = 111.77, pLDDT = 49.27, pTM-score = 0.2853, piTM-score = 0.0291, interface-score = 0.0001, iRes = 17   iCnt = 14  
Info: MYD88_A2A791_x1 model_1_multimer_v2_p1_230309_509679_recycled_02,  tol = 29.38, pLDDT = 50.48, pTM-score = 0.2935, piTM-score = 0.5872, interface-score = 0.0192, iRes = 114  iCnt = 267 
Info: MYD88_A2A791_x1 model_1_multimer_v2_p1_230309_509679_recycled_03,  tol = 27.33, pLDDT = 52.56, pTM-score = 0.2973, piTM-score = 0.0000, interface-score = 0.0000, iRes = 0    iCnt = 0   
Info: MYD88_A2A791_x1 model_1_multimer_v2_p1_230309_509679_recycled_04,  tol = 23.54, pLDDT = 50.77, pTM-score = 0.2976, piTM-score = 0.1981, interface-score = 0.0095, iRes = 34   iCnt = 38  
Info: MYD88_A2A791_x1 model_1_multimer_v2_p1_230309_509679_recycled_05,  tol = 23.08, pLDDT = 51.63, pTM-score = 0.2974, piTM-score = 0.0327, interface-score = 0.0001, iRes = 15   iCnt = 11  
Info: MYD88_A2A791_x1 model_1_multimer_v2_p1_230309_509679_recycled_06,  tol = 17.64, pLDDT = 52.14, pTM-score = 0.2975, piTM-score = 0.0000, interface-score = 0.0000, iRes = 0    iCnt = 0   
Info: MYD88_A2A791_x1 model_1_multimer_v2_p1_230309_509679_recycled_07,  tol = 13.35, pLDDT = 52.22, pTM-score = 0.2977, piTM-score = 0.0000, interface-score = 0.0000, iRes = 0    iCnt = 0   
Info: MYD88_A2A791_x1 model_1_multimer_v2_p1_230309_509679_recycled_08,  tol = 12.78, pLDDT = 52.39, pTM-score = 0.2974, piTM-score = 0.0000, interface-score = 0.0000, iRes = 0    iCnt = 0   
Info: MYD88_A2A791_x1 model_1_multimer_v2_p1_230309_509679_recycled_09,  tol = 14.82, pLDDT = 52.33, pTM-score = 0.2976, piTM-score = 0.0000, interface-score = 0.0000, iRes = 0    iCnt = 0   
Info: MYD88_A2A791_x1 model_1_multimer_v2_p1_230309_509679_recycled_10,  tol = 13.92, pLDDT = 52.28, pTM-score = 0.2976, piTM-score = 0.0000, interface-score = 0.0000, iRes = 0    iCnt = 0   
Info: MYD88_A2A791_x1 model_1_multimer_v2_p1_230309_509679_recycled_11,  tol = 10.48, pLDDT = 52.17, pTM-score = 0.2979, piTM-score = 0.0000, interface-score = 0.0000, iRes = 0    iCnt = 0   
Info: MYD88_A2A791_x1 model_1_multimer_v2_p1_230309_509679_recycled_12,  tol = 12.54, pLDDT = 52.06, pTM-score = 0.2982, piTM-score = 0.0000, interface-score = 0.0000, iRes = 0    iCnt = 0   
Info: MYD88_A2A791_x1 model_1_multimer_v2_p1_230309_509679_recycled_13,  tol = 11.91, pLDDT = 52.04, pTM-score = 0.2977, piTM-score = 0.0000, interface-score = 0.0000, iRes = 0    iCnt = 0   
Info: MYD88_A2A791_x1 model_1_multimer_v2_p1_230309_509679_recycled_14,  tol = 11.28, pLDDT = 52.16, pTM-score = 0.2980, piTM-score = 0.0000, interface-score = 0.0000, iRes = 0    iCnt = 0   
Info: MYD88_A2A791_x1 model_1_multimer_v2_p1_230309_509679_recycled_15,  tol = 10.61, pLDDT = 51.97, pTM-score = 0.2980, piTM-score = 0.0000, interface-score = 0.0000, iRes = 0    iCnt = 0   
Info: MYD88_A2A791_x1 model_1_multimer_v2_p1_230309_509679_recycled_16,  tol = 10.25, pLDDT = 51.92, pTM-score = 0.2988, piTM-score = 0.0000, interface-score = 0.0000, iRes = 0    iCnt = 0   
Info: MYD88_A2A791_x1 model_1_multimer_v2_p1_230309_509679_recycled_17,  tol = 10.98, pLDDT = 51.82, pTM-score = 0.2993, piTM-score = 0.0267, interface-score = 0.0001, iRes = 11   iCnt = 9   
Info: MYD88_A2A791_x1 model_1_multimer_v2_p1_230309_509679_recycled_18,  tol = 13.36, pLDDT = 51.88, pTM-score = 0.2985, piTM-score = 0.0113, interface-score = 0.0000, iRes = 8    iCnt = 5   
Info: MYD88_A2A791_x1 model_1_multimer_v2_p1_230309_509679_recycled_19,  tol = 10.94, pLDDT = 51.87, pTM-score = 0.2988, piTM-score = 0.0165, interface-score = 0.0000, iRes = 7    iCnt = 6   
Info: MYD88_A2A791_x1 model_1_multimer_v2_p1_230309_509679 performed 20 recycles, final tol = 9.83, pLDDT = 52.08, pTM-score = 0.2989, piTM-score = 0.0110, interface-score = 0.0000, iRes = 7    iCnt = 5   
Info: num_clusters = 2, cluster_sizes = [1, 1],  clusters = [['MYD88_MOUSE_0'], ['A2A791_0']]

I0309 09:47:14.657187 22746549045056 run_af2c_mod.py:404] Final timings for MYD88_A2A791_x1: {'features': 2.06, 'process_features_model_1_multimer_v2_p1_230309_509679': 0.0, 'predict_and_compile_model_1_multimer_v2_p1_230309_509679': 5500.9}
                                  
================================= 
Global information about the job: 
================================= 
  
Job owner: flobnow(42847)
Job name:  1_AF2C
Node list: ravg1034
Job start: Thu Mar  9 08:15:12 CET 2023
Job end:   Thu Mar  9 09:47:17 CET 2023
Work dir:  /raven/u/flobnow/workingLama/scripts/myRuns/A2A791
Command:   /raven/u/flobnow/workingLama/scripts/myRuns/A2A791/script2_comp_model_1.sh
  
  
  
==========================================================================================
Information on jobsteps (Note: MaxRSS/AveRSS is the maximum/average over all 
tasks of the per-task memory high-water marks; cf. "man sacct"): 
==========================================================================================
  
JobID            JobName NNodes NTasks  NCPUS        0.00M        0.00M    Elapsed ExitCode
------------- ---------- ------ ------ ------ ------------ ------------ ---------- --------
4385356           1_AF2C      1           108                             01:32:05      0:0
4385356.0        python3      1      1    108    53710.79M    53710.79M   01:32:04      0:0
  
Maximum memory per node: 56.319844 GB (defined as MaxRSS*Ntasks/NNodes)
CPU utilization: 1.9 %
  
Info: input file name is A2A791
Info: input target list is /u/flobnow/workingLama/scripts/myRuns/A2A791/target.lst
Info: input feature directory is /u/flobnow/workingLama/feature_files
Info: result output directory is /u/flobnow/workingLama/output_files
Info: model preset is multimer_np
Info: msa pairing is all
Info: recycling setting is 1
Info: using preset super2
Info: set num_ensemble = 2
Info: set max_recyles = 20
Info: set recycle_tol = 0.1
Info: mas_pairing mode is all
I0309 08:22:14.242434 22688563222336 tpu_client.py:54] Starting the local TPU driver.
I0309 08:22:14.242826 22688563222336 xla_bridge.py:212] Unable to initialize backend 'tpu_driver': Not found: Unable to find driver in registry given worker: local://
I0309 08:22:14.612506 22688563222336 xla_bridge.py:212] Unable to initialize backend 'tpu': Invalid argument: TpuPlatform is not available.
I0309 08:22:17.348706 22688563222336 run_af2c_mod.py:481] Have 1 models: ['model_2_multimer_v2_p1']
Info: working on target MYD88_A2A791_x1
I0309 08:22:17.349236 22688563222336 run_af2c_mod.py:512] Using random seed 5755220184517132094 for the data pipeline
Info: MYD88_A2A791_x1 found monomer MYD88_MOUSE msa_depth = 3425, seq_len = 296, num_templ = 20
Info: MYD88_MOUSE reducing the number of structural templates to 4
Info: MYD88_A2A791_x1 found monomer A2A791 msa_depth = 11429, seq_len = 1549, num_templ = 3
Info: A2A791 MSA size is too large, reducing to 10000
Info: 2 chain(s) to model {'A': 'MYD88_MOUSE_1', 'B': 'A2A791_1'}
Info: modeling MYD88_A2A791_x1 with msa_depth = 6794, seq_len = 1845, num_templ = 7
I0309 08:22:19.278645 22688563222336 run_af2c_mod.py:216] Running model model_2_multimer_v2_p1_230309_132094
I0309 08:22:19.279119 22688563222336 model.py:205] Running predict with shape(feat) = {'msa': (6794, 1845), 'bert_mask': (6794, 1845), 'num_alignments': (), 'aatype': (1845,), 'seq_length': (), 'template_aatype': (7, 1845), 'template_all_atom_mask': (7, 1845, 37), 'template_all_atom_positions': (7, 1845, 37, 3), 'all_atom_positions': (1845, 37, 3), 'template_domain_names': (7,), 'asym_id': (1845,), 'sym_id': (1845,), 'entity_id': (1845,), 'residue_index': (1845,), 'deletion_matrix': (6794, 1845), 'seq_mask': (1845,), 'msa_mask': (6794, 1845), 'cluster_bias_mask': (6794,), 'pdb_residue_index': (1845,)}
I0309 09:53:56.308483 22688563222336 run_af2c_mod.py:270] Total JAX model model_2_multimer_v2_p1_230309_132094 predict time (includes compilation time): 5497.0 seconds
Info: MYD88_A2A791_x1 model_2_multimer_v2_p1_230309_132094_recycled_00,  tol =   inf, pLDDT = 45.37, pTM-score = 0.2810, piTM-score = 0.3933, interface-score = 0.0081, iRes = 67   iCnt = 101 
Info: MYD88_A2A791_x1 model_2_multimer_v2_p1_230309_132094_recycled_01,  tol = 113.57, pLDDT = 48.49, pTM-score = 0.2964, piTM-score = 0.4036, interface-score = 0.0082, iRes = 66   iCnt = 98  
Info: MYD88_A2A791_x1 model_2_multimer_v2_p1_230309_132094_recycled_02,  tol = 30.51, pLDDT = 48.67, pTM-score = 0.3010, piTM-score = 0.2905, interface-score = 0.0094, iRes = 75   iCnt = 111 
Info: MYD88_A2A791_x1 model_2_multimer_v2_p1_230309_132094_recycled_03,  tol = 32.26, pLDDT = 48.96, pTM-score = 0.3017, piTM-score = 0.0098, interface-score = 0.0000, iRes = 7    iCnt = 6   
Info: MYD88_A2A791_x1 model_2_multimer_v2_p1_230309_132094_recycled_04,  tol = 33.74, pLDDT = 48.85, pTM-score = 0.3010, piTM-score = 0.0088, interface-score = 0.0000, iRes = 5    iCnt = 4   
Info: MYD88_A2A791_x1 model_2_multimer_v2_p1_230309_132094_recycled_05,  tol = 34.47, pLDDT = 49.09, pTM-score = 0.2987, piTM-score = 0.0000, interface-score = 0.0000, iRes = 0    iCnt = 0   
Info: MYD88_A2A791_x1 model_2_multimer_v2_p1_230309_132094_recycled_06,  tol = 27.81, pLDDT = 48.52, pTM-score = 0.3006, piTM-score = 0.0261, interface-score = 0.0001, iRes = 12   iCnt = 9   
Info: MYD88_A2A791_x1 model_2_multimer_v2_p1_230309_132094_recycled_07,  tol = 26.33, pLDDT = 50.47, pTM-score = 0.3019, piTM-score = 0.0000, interface-score = 0.0000, iRes = 0    iCnt = 0   
Info: MYD88_A2A791_x1 model_2_multimer_v2_p1_230309_132094_recycled_08,  tol = 24.30, pLDDT = 49.55, pTM-score = 0.3019, piTM-score = 0.0000, interface-score = 0.0000, iRes = 0    iCnt = 0   
Info: MYD88_A2A791_x1 model_2_multimer_v2_p1_230309_132094_recycled_09,  tol = 18.88, pLDDT = 49.63, pTM-score = 0.3034, piTM-score = 0.0000, interface-score = 0.0000, iRes = 0    iCnt = 0   
Info: MYD88_A2A791_x1 model_2_multimer_v2_p1_230309_132094_recycled_10,  tol = 22.08, pLDDT = 49.55, pTM-score = 0.3044, piTM-score = 0.0000, interface-score = 0.0000, iRes = 0    iCnt = 0   
Info: MYD88_A2A791_x1 model_2_multimer_v2_p1_230309_132094_recycled_11,  tol = 21.61, pLDDT = 49.90, pTM-score = 0.3038, piTM-score = 0.0000, interface-score = 0.0000, iRes = 0    iCnt = 0   
Info: MYD88_A2A791_x1 model_2_multimer_v2_p1_230309_132094_recycled_12,  tol = 13.79, pLDDT = 49.88, pTM-score = 0.3048, piTM-score = 0.0000, interface-score = 0.0000, iRes = 0    iCnt = 0   
Info: MYD88_A2A791_x1 model_2_multimer_v2_p1_230309_132094_recycled_13,  tol = 26.97, pLDDT = 49.15, pTM-score = 0.3042, piTM-score = 0.0000, interface-score = 0.0000, iRes = 0    iCnt = 0   
Info: MYD88_A2A791_x1 model_2_multimer_v2_p1_230309_132094_recycled_14,  tol = 21.93, pLDDT = 50.17, pTM-score = 0.3025, piTM-score = 0.0000, interface-score = 0.0000, iRes = 0    iCnt = 0   
Info: MYD88_A2A791_x1 model_2_multimer_v2_p1_230309_132094_recycled_15,  tol = 23.39, pLDDT = 49.52, pTM-score = 0.3031, piTM-score = 0.0088, interface-score = 0.0000, iRes = 6    iCnt = 5   
Info: MYD88_A2A791_x1 model_2_multimer_v2_p1_230309_132094_recycled_16,  tol = 20.37, pLDDT = 49.26, pTM-score = 0.3041, piTM-score = 0.0000, interface-score = 0.0000, iRes = 0    iCnt = 0   
Info: MYD88_A2A791_x1 model_2_multimer_v2_p1_230309_132094_recycled_17,  tol = 25.74, pLDDT = 49.17, pTM-score = 0.3044, piTM-score = 0.0946, interface-score = 0.0002, iRes = 19   iCnt = 25  
Info: MYD88_A2A791_x1 model_2_multimer_v2_p1_230309_132094_recycled_18,  tol = 26.17, pLDDT = 49.24, pTM-score = 0.3044, piTM-score = 0.0000, interface-score = 0.0000, iRes = 0    iCnt = 0   
Info: MYD88_A2A791_x1 model_2_multimer_v2_p1_230309_132094_recycled_19,  tol = 27.25, pLDDT = 49.52, pTM-score = 0.3052, piTM-score = 0.0000, interface-score = 0.0000, iRes = 0    iCnt = 0   
Info: MYD88_A2A791_x1 model_2_multimer_v2_p1_230309_132094 performed 20 recycles, final tol = 13.83, pLDDT = 49.81, pTM-score = 0.3055, piTM-score = 0.0000, interface-score = 0.0000, iRes = 0    iCnt = 0   
Info: num_clusters = 2, cluster_sizes = [1, 1],  clusters = [['MYD88_MOUSE_0'], ['A2A791_0']]

I0309 09:54:04.343226 22688563222336 run_af2c_mod.py:404] Final timings for MYD88_A2A791_x1: {'features': 1.93, 'process_features_model_2_multimer_v2_p1_230309_132094': 0.0, 'predict_and_compile_model_2_multimer_v2_p1_230309_132094': 5497.0}
                                  
================================= 
Global information about the job: 
================================= 
  
Job owner: flobnow(42847)
Job name:  2_AF2C
Node list: ravg1061
Job start: Thu Mar  9 08:22:07 CET 2023
Job end:   Thu Mar  9 09:54:08 CET 2023
Work dir:  /raven/u/flobnow/workingLama/scripts/myRuns/A2A791
Command:   /raven/u/flobnow/workingLama/scripts/myRuns/A2A791/script2_comp_model_2.sh
  
  
  
==========================================================================================
Information on jobsteps (Note: MaxRSS/AveRSS is the maximum/average over all 
tasks of the per-task memory high-water marks; cf. "man sacct"): 
==========================================================================================
  
JobID            JobName NNodes NTasks  NCPUS        0.00M        0.00M    Elapsed ExitCode
------------- ---------- ------ ------ ------ ------------ ------------ ---------- --------
4385361           2_AF2C      1           108                             01:32:01      0:0
4385361.0        python3      1      1    108    53675.29M    53675.29M   01:31:59      0:0
  
Maximum memory per node: 56.282616 GB (defined as MaxRSS*Ntasks/NNodes)
CPU utilization: 1.9 %
  
Info: input file name is A2A791
Info: input target list is /u/flobnow/workingLama/scripts/myRuns/A2A791/target.lst
Info: input feature directory is /u/flobnow/workingLama/feature_files
Info: result output directory is /u/flobnow/workingLama/output_files
Info: model preset is multimer_np
Info: msa pairing is all
Info: recycling setting is 1
Info: using preset super2
Info: set num_ensemble = 2
Info: set max_recyles = 20
Info: set recycle_tol = 0.1
Info: mas_pairing mode is all
I0309 08:29:31.946995 22981207320384 tpu_client.py:54] Starting the local TPU driver.
I0309 08:29:31.947362 22981207320384 xla_bridge.py:212] Unable to initialize backend 'tpu_driver': Not found: Unable to find driver in registry given worker: local://
I0309 08:29:32.406632 22981207320384 xla_bridge.py:212] Unable to initialize backend 'tpu': Invalid argument: TpuPlatform is not available.
I0309 08:29:35.221089 22981207320384 run_af2c_mod.py:481] Have 1 models: ['model_3_multimer_v2_p1']
Info: working on target MYD88_A2A791_x1
I0309 08:29:44.230305 22981207320384 run_af2c_mod.py:512] Using random seed 5341844583381998364 for the data pipeline
Info: MYD88_A2A791_x1 found monomer MYD88_MOUSE msa_depth = 3425, seq_len = 296, num_templ = 20
Info: MYD88_MOUSE reducing the number of structural templates to 4
Info: MYD88_A2A791_x1 found monomer A2A791 msa_depth = 11429, seq_len = 1549, num_templ = 3
Info: A2A791 MSA size is too large, reducing to 10000
Info: 2 chain(s) to model {'A': 'MYD88_MOUSE_1', 'B': 'A2A791_1'}
Info: modeling MYD88_A2A791_x1 with msa_depth = 6794, seq_len = 1845, num_templ = 7
I0309 08:29:46.156313 22981207320384 run_af2c_mod.py:216] Running model model_3_multimer_v2_p1_230309_998364
I0309 08:29:46.156800 22981207320384 model.py:205] Running predict with shape(feat) = {'msa': (6794, 1845), 'bert_mask': (6794, 1845), 'num_alignments': (), 'aatype': (1845,), 'seq_length': (), 'template_aatype': (7, 1845), 'template_all_atom_mask': (7, 1845, 37), 'template_all_atom_positions': (7, 1845, 37, 3), 'all_atom_positions': (1845, 37, 3), 'template_domain_names': (7,), 'asym_id': (1845,), 'sym_id': (1845,), 'entity_id': (1845,), 'residue_index': (1845,), 'deletion_matrix': (6794, 1845), 'seq_mask': (1845,), 'msa_mask': (6794, 1845), 'cluster_bias_mask': (6794,), 'pdb_residue_index': (1845,)}
I0309 10:01:08.930248 22981207320384 run_af2c_mod.py:270] Total JAX model model_3_multimer_v2_p1_230309_998364 predict time (includes compilation time): 5482.8 seconds
Info: MYD88_A2A791_x1 model_3_multimer_v2_p1_230309_998364_recycled_00,  tol =   inf, pLDDT = 45.43, pTM-score = 0.2767, piTM-score = 0.0000, interface-score = 0.0000, iRes = 0    iCnt = 0   
Info: MYD88_A2A791_x1 model_3_multimer_v2_p1_230309_998364_recycled_01,  tol = 115.05, pLDDT = 48.97, pTM-score = 0.2892, piTM-score = 0.0000, interface-score = 0.0000, iRes = 0    iCnt = 0   
Info: MYD88_A2A791_x1 model_3_multimer_v2_p1_230309_998364_recycled_02,  tol = 41.34, pLDDT = 50.23, pTM-score = 0.2989, piTM-score = 0.0000, interface-score = 0.0000, iRes = 0    iCnt = 0   
Info: MYD88_A2A791_x1 model_3_multimer_v2_p1_230309_998364_recycled_03,  tol = 31.38, pLDDT = 50.13, pTM-score = 0.3002, piTM-score = 0.0000, interface-score = 0.0000, iRes = 0    iCnt = 0   
Info: MYD88_A2A791_x1 model_3_multimer_v2_p1_230309_998364_recycled_04,  tol = 27.56, pLDDT = 50.39, pTM-score = 0.2979, piTM-score = 0.0089, interface-score = 0.0014, iRes = 5    iCnt = 3   
Info: MYD88_A2A791_x1 model_3_multimer_v2_p1_230309_998364_recycled_05,  tol = 19.98, pLDDT = 51.22, pTM-score = 0.2974, piTM-score = 0.3314, interface-score = 0.0019, iRes = 32   iCnt = 45  
Info: MYD88_A2A791_x1 model_3_multimer_v2_p1_230309_998364_recycled_06,  tol = 26.98, pLDDT = 51.30, pTM-score = 0.2987, piTM-score = 0.5227, interface-score = 0.0052, iRes = 48   iCnt = 103 
Info: MYD88_A2A791_x1 model_3_multimer_v2_p1_230309_998364_recycled_07,  tol = 18.22, pLDDT = 50.82, pTM-score = 0.2998, piTM-score = 0.0052, interface-score = 0.0007, iRes = 4    iCnt = 3   
Info: MYD88_A2A791_x1 model_3_multimer_v2_p1_230309_998364_recycled_08,  tol = 20.86, pLDDT = 51.30, pTM-score = 0.3001, piTM-score = 0.0000, interface-score = 0.0000, iRes = 0    iCnt = 0   
Info: MYD88_A2A791_x1 model_3_multimer_v2_p1_230309_998364_recycled_09,  tol = 20.42, pLDDT = 51.05, pTM-score = 0.3010, piTM-score = 0.0000, interface-score = 0.0000, iRes = 0    iCnt = 0   
Info: MYD88_A2A791_x1 model_3_multimer_v2_p1_230309_998364_recycled_10,  tol = 33.20, pLDDT = 51.16, pTM-score = 0.3006, piTM-score = 0.0000, interface-score = 0.0000, iRes = 0    iCnt = 0   
Info: MYD88_A2A791_x1 model_3_multimer_v2_p1_230309_998364_recycled_11,  tol = 22.98, pLDDT = 51.56, pTM-score = 0.3001, piTM-score = 0.0000, interface-score = 0.0000, iRes = 0    iCnt = 0   
Info: MYD88_A2A791_x1 model_3_multimer_v2_p1_230309_998364_recycled_12,  tol = 29.18, pLDDT = 51.85, pTM-score = 0.3005, piTM-score = 0.0000, interface-score = 0.0000, iRes = 0    iCnt = 0   
Info: MYD88_A2A791_x1 model_3_multimer_v2_p1_230309_998364_recycled_13,  tol = 23.51, pLDDT = 51.48, pTM-score = 0.3007, piTM-score = 0.0000, interface-score = 0.0000, iRes = 0    iCnt = 0   
Info: MYD88_A2A791_x1 model_3_multimer_v2_p1_230309_998364_recycled_14,  tol = 21.85, pLDDT = 51.97, pTM-score = 0.3003, piTM-score = 0.0000, interface-score = 0.0000, iRes = 0    iCnt = 0   
Info: MYD88_A2A791_x1 model_3_multimer_v2_p1_230309_998364_recycled_15,  tol = 25.49, pLDDT = 51.61, pTM-score = 0.3001, piTM-score = 0.0000, interface-score = 0.0000, iRes = 0    iCnt = 0   
Info: MYD88_A2A791_x1 model_3_multimer_v2_p1_230309_998364_recycled_16,  tol = 26.43, pLDDT = 51.60, pTM-score = 0.3000, piTM-score = 0.0000, interface-score = 0.0000, iRes = 0    iCnt = 0   
Info: MYD88_A2A791_x1 model_3_multimer_v2_p1_230309_998364_recycled_17,  tol = 27.21, pLDDT = 51.19, pTM-score = 0.3005, piTM-score = 0.0015, interface-score = 0.0001, iRes = 2    iCnt = 1   
Info: MYD88_A2A791_x1 model_3_multimer_v2_p1_230309_998364_recycled_18,  tol = 35.05, pLDDT = 51.45, pTM-score = 0.3004, piTM-score = 0.0000, interface-score = 0.0000, iRes = 0    iCnt = 0   
Info: MYD88_A2A791_x1 model_3_multimer_v2_p1_230309_998364_recycled_19,  tol = 16.95, pLDDT = 51.59, pTM-score = 0.3003, piTM-score = 0.0000, interface-score = 0.0000, iRes = 0    iCnt = 0   
Info: MYD88_A2A791_x1 model_3_multimer_v2_p1_230309_998364 performed 20 recycles, final tol = 28.98, pLDDT = 51.09, pTM-score = 0.3004, piTM-score = 0.0015, interface-score = 0.0001, iRes = 2    iCnt = 1   
Info: num_clusters = 2, cluster_sizes = [1, 1],  clusters = [['MYD88_MOUSE_0'], ['A2A791_0']]

I0309 10:01:16.242293 22981207320384 run_af2c_mod.py:404] Final timings for MYD88_A2A791_x1: {'features': 1.92, 'process_features_model_3_multimer_v2_p1_230309_998364': 0.0, 'predict_and_compile_model_3_multimer_v2_p1_230309_998364': 5482.8}
                                  
================================= 
Global information about the job: 
================================= 
  
Job owner: flobnow(42847)
Job name:  3_AF2C
Node list: ravg1088
Job start: Thu Mar  9 08:29:24 CET 2023
Job end:   Thu Mar  9 10:01:21 CET 2023
Work dir:  /raven/u/flobnow/workingLama/scripts/myRuns/A2A791
Command:   /raven/u/flobnow/workingLama/scripts/myRuns/A2A791/script2_comp_model_3.sh
  
  
  
==========================================================================================
Information on jobsteps (Note: MaxRSS/AveRSS is the maximum/average over all 
tasks of the per-task memory high-water marks; cf. "man sacct"): 
==========================================================================================
  
JobID            JobName NNodes NTasks  NCPUS        0.00M        0.00M    Elapsed ExitCode
------------- ---------- ------ ------ ------ ------------ ------------ ---------- --------
4385366           3_AF2C      1           108                             01:31:57      0:0
4385366.0        python3      1      1    108    53862.00M    53862.00M   01:31:55      0:0
  
Maximum memory per node: 56.478405 GB (defined as MaxRSS*Ntasks/NNodes)
CPU utilization: 1.9 %
  
Info: input file name is A2A791
Info: input target list is /u/flobnow/workingLama/scripts/myRuns/A2A791/target.lst
Info: input feature directory is /u/flobnow/workingLama/feature_files
Info: result output directory is /u/flobnow/workingLama/output_files
Info: model preset is multimer_np
Info: msa pairing is all
Info: recycling setting is 1
Info: using preset super2
Info: set num_ensemble = 2
Info: set max_recyles = 20
Info: set recycle_tol = 0.1
Info: mas_pairing mode is all
I0309 08:50:06.070192 23388979099456 tpu_client.py:54] Starting the local TPU driver.
I0309 08:50:06.070551 23388979099456 xla_bridge.py:212] Unable to initialize backend 'tpu_driver': Not found: Unable to find driver in registry given worker: local://
I0309 08:50:06.428552 23388979099456 xla_bridge.py:212] Unable to initialize backend 'tpu': Invalid argument: TpuPlatform is not available.
I0309 08:50:09.143373 23388979099456 run_af2c_mod.py:481] Have 1 models: ['model_4_multimer_v2_p1']
Info: working on target MYD88_A2A791_x1
I0309 08:50:12.146703 23388979099456 run_af2c_mod.py:512] Using random seed 9138400509985515819 for the data pipeline
Info: MYD88_A2A791_x1 found monomer MYD88_MOUSE msa_depth = 3425, seq_len = 296, num_templ = 20
Info: MYD88_MOUSE reducing the number of structural templates to 4
Info: MYD88_A2A791_x1 found monomer A2A791 msa_depth = 11429, seq_len = 1549, num_templ = 3
Info: A2A791 MSA size is too large, reducing to 10000
Info: 2 chain(s) to model {'A': 'MYD88_MOUSE_1', 'B': 'A2A791_1'}
Info: modeling MYD88_A2A791_x1 with msa_depth = 6794, seq_len = 1845, num_templ = 7
I0309 08:50:14.094880 23388979099456 run_af2c_mod.py:216] Running model model_4_multimer_v2_p1_230309_515819
I0309 08:50:14.095357 23388979099456 model.py:205] Running predict with shape(feat) = {'msa': (6794, 1845), 'bert_mask': (6794, 1845), 'num_alignments': (), 'aatype': (1845,), 'seq_length': (), 'template_aatype': (7, 1845), 'template_all_atom_mask': (7, 1845, 37), 'template_all_atom_positions': (7, 1845, 37, 3), 'all_atom_positions': (1845, 37, 3), 'template_domain_names': (7,), 'asym_id': (1845,), 'sym_id': (1845,), 'entity_id': (1845,), 'residue_index': (1845,), 'deletion_matrix': (6794, 1845), 'seq_mask': (1845,), 'msa_mask': (6794, 1845), 'cluster_bias_mask': (6794,), 'pdb_residue_index': (1845,)}
I0309 10:20:51.187076 23388979099456 run_af2c_mod.py:270] Total JAX model model_4_multimer_v2_p1_230309_515819 predict time (includes compilation time): 5437.1 seconds
Info: MYD88_A2A791_x1 model_4_multimer_v2_p1_230309_515819_recycled_00,  tol =   inf, pLDDT = 47.68, pTM-score = 0.2787, piTM-score = 0.0036, interface-score = 0.0000, iRes = 3    iCnt = 2   
Info: MYD88_A2A791_x1 model_4_multimer_v2_p1_230309_515819_recycled_01,  tol = 100.28, pLDDT = 51.27, pTM-score = 0.3003, piTM-score = 0.0000, interface-score = 0.0000, iRes = 0    iCnt = 0   
Info: MYD88_A2A791_x1 model_4_multimer_v2_p1_230309_515819_recycled_02,  tol = 26.74, pLDDT = 51.99, pTM-score = 0.3097, piTM-score = 0.0000, interface-score = 0.0000, iRes = 0    iCnt = 0   
Info: MYD88_A2A791_x1 model_4_multimer_v2_p1_230309_515819_recycled_03,  tol = 19.10, pLDDT = 52.65, pTM-score = 0.3164, piTM-score = 0.0000, interface-score = 0.0000, iRes = 0    iCnt = 0   
Info: MYD88_A2A791_x1 model_4_multimer_v2_p1_230309_515819_recycled_04,  tol = 16.66, pLDDT = 52.56, pTM-score = 0.3178, piTM-score = 0.0000, interface-score = 0.0000, iRes = 0    iCnt = 0   
Info: MYD88_A2A791_x1 model_4_multimer_v2_p1_230309_515819_recycled_05,  tol = 18.99, pLDDT = 52.66, pTM-score = 0.3169, piTM-score = 0.0000, interface-score = 0.0000, iRes = 0    iCnt = 0   
Info: MYD88_A2A791_x1 model_4_multimer_v2_p1_230309_515819_recycled_06,  tol = 15.62, pLDDT = 53.35, pTM-score = 0.3168, piTM-score = 0.0000, interface-score = 0.0000, iRes = 0    iCnt = 0   
Info: MYD88_A2A791_x1 model_4_multimer_v2_p1_230309_515819_recycled_07,  tol = 16.76, pLDDT = 52.72, pTM-score = 0.3167, piTM-score = 0.0000, interface-score = 0.0000, iRes = 0    iCnt = 0   
Info: MYD88_A2A791_x1 model_4_multimer_v2_p1_230309_515819_recycled_08,  tol = 18.32, pLDDT = 53.57, pTM-score = 0.3169, piTM-score = 0.0000, interface-score = 0.0000, iRes = 0    iCnt = 0   
Info: MYD88_A2A791_x1 model_4_multimer_v2_p1_230309_515819_recycled_09,  tol = 19.00, pLDDT = 53.74, pTM-score = 0.3165, piTM-score = 0.0000, interface-score = 0.0000, iRes = 0    iCnt = 0   
Info: MYD88_A2A791_x1 model_4_multimer_v2_p1_230309_515819_recycled_10,  tol = 11.26, pLDDT = 53.13, pTM-score = 0.3176, piTM-score = 0.0000, interface-score = 0.0000, iRes = 0    iCnt = 0   
Info: MYD88_A2A791_x1 model_4_multimer_v2_p1_230309_515819_recycled_11,  tol = 13.54, pLDDT = 53.17, pTM-score = 0.3178, piTM-score = 0.0000, interface-score = 0.0000, iRes = 0    iCnt = 0   
Info: MYD88_A2A791_x1 model_4_multimer_v2_p1_230309_515819_recycled_12,  tol = 15.36, pLDDT = 53.19, pTM-score = 0.3204, piTM-score = 0.0000, interface-score = 0.0000, iRes = 0    iCnt = 0   
Info: MYD88_A2A791_x1 model_4_multimer_v2_p1_230309_515819_recycled_13,  tol = 19.67, pLDDT = 53.88, pTM-score = 0.3252, piTM-score = 0.0000, interface-score = 0.0000, iRes = 0    iCnt = 0   
Info: MYD88_A2A791_x1 model_4_multimer_v2_p1_230309_515819_recycled_14,  tol = 14.47, pLDDT = 53.70, pTM-score = 0.3305, piTM-score = 0.0000, interface-score = 0.0000, iRes = 0    iCnt = 0   
Info: MYD88_A2A791_x1 model_4_multimer_v2_p1_230309_515819_recycled_15,  tol = 15.73, pLDDT = 54.55, pTM-score = 0.3334, piTM-score = 0.0000, interface-score = 0.0000, iRes = 0    iCnt = 0   
Info: MYD88_A2A791_x1 model_4_multimer_v2_p1_230309_515819_recycled_16,  tol = 13.47, pLDDT = 53.88, pTM-score = 0.3326, piTM-score = 0.0000, interface-score = 0.0000, iRes = 0    iCnt = 0   
Info: MYD88_A2A791_x1 model_4_multimer_v2_p1_230309_515819_recycled_17,  tol = 13.40, pLDDT = 54.90, pTM-score = 0.3325, piTM-score = 0.0000, interface-score = 0.0000, iRes = 0    iCnt = 0   
Info: MYD88_A2A791_x1 model_4_multimer_v2_p1_230309_515819_recycled_18,  tol = 17.05, pLDDT = 54.35, pTM-score = 0.3334, piTM-score = 0.0000, interface-score = 0.0000, iRes = 0    iCnt = 0   
Info: MYD88_A2A791_x1 model_4_multimer_v2_p1_230309_515819_recycled_19,  tol = 14.01, pLDDT = 53.89, pTM-score = 0.3330, piTM-score = 0.0000, interface-score = 0.0000, iRes = 0    iCnt = 0   
Info: MYD88_A2A791_x1 model_4_multimer_v2_p1_230309_515819 performed 20 recycles, final tol = 13.29, pLDDT = 54.20, pTM-score = 0.3339, piTM-score = 0.0000, interface-score = 0.0000, iRes = 0    iCnt = 0   
Info: num_clusters = 2, cluster_sizes = [1, 1],  clusters = [['MYD88_MOUSE_0'], ['A2A791_0']]

I0309 10:20:58.569397 23388979099456 run_af2c_mod.py:404] Final timings for MYD88_A2A791_x1: {'features': 1.95, 'process_features_model_4_multimer_v2_p1_230309_515819': 0.0, 'predict_and_compile_model_4_multimer_v2_p1_230309_515819': 5437.1}
                                  
================================= 
Global information about the job: 
================================= 
  
Job owner: flobnow(42847)
Job name:  4_AF2C
Node list: ravg1049
Job start: Thu Mar  9 08:49:59 CET 2023
Job end:   Thu Mar  9 10:21:01 CET 2023
Work dir:  /raven/u/flobnow/workingLama/scripts/myRuns/A2A791
Command:   /raven/u/flobnow/workingLama/scripts/myRuns/A2A791/script2_comp_model_4.sh
  
  
  
==========================================================================================
Information on jobsteps (Note: MaxRSS/AveRSS is the maximum/average over all 
tasks of the per-task memory high-water marks; cf. "man sacct"): 
==========================================================================================
  
JobID            JobName NNodes NTasks  NCPUS        0.00M        0.00M    Elapsed ExitCode
------------- ---------- ------ ------ ------ ------------ ------------ ---------- --------
4385379           4_AF2C      1           108                             01:31:02      0:0
4385379.0        python3      1      1    108    53588.17M    53588.17M   01:31:01      0:0
  
Maximum memory per node: 56.191271 GB (defined as MaxRSS*Ntasks/NNodes)
CPU utilization: 1.9 %
  
Info: input file name is A2A791
Info: input target list is /u/flobnow/workingLama/scripts/myRuns/A2A791/target.lst
Info: input feature directory is /u/flobnow/workingLama/feature_files
Info: result output directory is /u/flobnow/workingLama/output_files
Info: model preset is multimer_np
Info: msa pairing is all
Info: recycling setting is 1
Info: using preset super2
Info: set num_ensemble = 2
Info: set max_recyles = 20
Info: set recycle_tol = 0.1
Info: mas_pairing mode is all
I0309 09:54:24.010302 22535628330816 tpu_client.py:54] Starting the local TPU driver.
I0309 09:54:24.010711 22535628330816 xla_bridge.py:212] Unable to initialize backend 'tpu_driver': Not found: Unable to find driver in registry given worker: local://
I0309 09:54:24.386273 22535628330816 xla_bridge.py:212] Unable to initialize backend 'tpu': Invalid argument: TpuPlatform is not available.
I0309 09:54:27.168739 22535628330816 run_af2c_mod.py:481] Have 1 models: ['model_5_multimer_v2_p1']
Info: working on target MYD88_A2A791_x1
I0309 09:54:34.176407 22535628330816 run_af2c_mod.py:512] Using random seed 3704574356595491816 for the data pipeline
Info: MYD88_A2A791_x1 found monomer MYD88_MOUSE msa_depth = 3425, seq_len = 296, num_templ = 20
Info: MYD88_MOUSE reducing the number of structural templates to 4
Info: MYD88_A2A791_x1 found monomer A2A791 msa_depth = 11429, seq_len = 1549, num_templ = 3
Info: A2A791 MSA size is too large, reducing to 10000
Info: 2 chain(s) to model {'A': 'MYD88_MOUSE_1', 'B': 'A2A791_1'}
Info: modeling MYD88_A2A791_x1 with msa_depth = 6794, seq_len = 1845, num_templ = 7
I0309 09:54:36.474826 22535628330816 run_af2c_mod.py:216] Running model model_5_multimer_v2_p1_230309_491816
I0309 09:54:36.475305 22535628330816 model.py:205] Running predict with shape(feat) = {'msa': (6794, 1845), 'bert_mask': (6794, 1845), 'num_alignments': (), 'aatype': (1845,), 'seq_length': (), 'template_aatype': (7, 1845), 'template_all_atom_mask': (7, 1845, 37), 'template_all_atom_positions': (7, 1845, 37, 3), 'all_atom_positions': (1845, 37, 3), 'template_domain_names': (7,), 'asym_id': (1845,), 'sym_id': (1845,), 'entity_id': (1845,), 'residue_index': (1845,), 'deletion_matrix': (6794, 1845), 'seq_mask': (1845,), 'msa_mask': (6794, 1845), 'cluster_bias_mask': (6794,), 'pdb_residue_index': (1845,)}
I0309 11:27:03.504536 22535628330816 run_af2c_mod.py:270] Total JAX model model_5_multimer_v2_p1_230309_491816 predict time (includes compilation time): 5547.0 seconds
Info: MYD88_A2A791_x1 model_5_multimer_v2_p1_230309_491816_recycled_00,  tol =   inf, pLDDT = 46.05, pTM-score = 0.2724, piTM-score = 0.0000, interface-score = 0.0000, iRes = 0    iCnt = 0   
Info: MYD88_A2A791_x1 model_5_multimer_v2_p1_230309_491816_recycled_01,  tol = 95.03, pLDDT = 48.78, pTM-score = 0.2980, piTM-score = 0.0000, interface-score = 0.0000, iRes = 0    iCnt = 0   
Info: MYD88_A2A791_x1 model_5_multimer_v2_p1_230309_491816_recycled_02,  tol = 34.07, pLDDT = 50.78, pTM-score = 0.3035, piTM-score = 0.0014, interface-score = 0.0000, iRes = 2    iCnt = 1   
Info: MYD88_A2A791_x1 model_5_multimer_v2_p1_230309_491816_recycled_03,  tol = 23.36, pLDDT = 50.16, pTM-score = 0.3050, piTM-score = 0.0053, interface-score = 0.0000, iRes = 4    iCnt = 3   
Info: MYD88_A2A791_x1 model_5_multimer_v2_p1_230309_491816_recycled_04,  tol = 20.19, pLDDT = 49.61, pTM-score = 0.3047, piTM-score = 0.0432, interface-score = 0.0002, iRes = 16   iCnt = 19  
Info: MYD88_A2A791_x1 model_5_multimer_v2_p1_230309_491816_recycled_05,  tol = 18.97, pLDDT = 49.51, pTM-score = 0.3040, piTM-score = 0.0137, interface-score = 0.0001, iRes = 9    iCnt = 8   
Info: MYD88_A2A791_x1 model_5_multimer_v2_p1_230309_491816_recycled_06,  tol = 21.22, pLDDT = 50.24, pTM-score = 0.3020, piTM-score = 0.1776, interface-score = 0.0271, iRes = 39   iCnt = 39  
Info: MYD88_A2A791_x1 model_5_multimer_v2_p1_230309_491816_recycled_07,  tol = 22.48, pLDDT = 50.23, pTM-score = 0.3027, piTM-score = 0.0014, interface-score = 0.0000, iRes = 2    iCnt = 1   
Info: MYD88_A2A791_x1 model_5_multimer_v2_p1_230309_491816_recycled_08,  tol = 22.93, pLDDT = 50.23, pTM-score = 0.3027, piTM-score = 0.0014, interface-score = 0.0000, iRes = 2    iCnt = 1   
Info: MYD88_A2A791_x1 model_5_multimer_v2_p1_230309_491816_recycled_09,  tol = 17.27, pLDDT = 50.08, pTM-score = 0.3031, piTM-score = 0.0234, interface-score = 0.0001, iRes = 16   iCnt = 19  
Info: MYD88_A2A791_x1 model_5_multimer_v2_p1_230309_491816_recycled_10,  tol = 22.75, pLDDT = 50.99, pTM-score = 0.3020, piTM-score = 0.0033, interface-score = 0.0000, iRes = 4    iCnt = 3   
Info: MYD88_A2A791_x1 model_5_multimer_v2_p1_230309_491816_recycled_11,  tol = 17.77, pLDDT = 50.63, pTM-score = 0.3025, piTM-score = 0.0014, interface-score = 0.0000, iRes = 2    iCnt = 1   
Info: MYD88_A2A791_x1 model_5_multimer_v2_p1_230309_491816_recycled_12,  tol = 19.17, pLDDT = 50.98, pTM-score = 0.3037, piTM-score = 0.0014, interface-score = 0.0000, iRes = 2    iCnt = 1   
Info: MYD88_A2A791_x1 model_5_multimer_v2_p1_230309_491816_recycled_13,  tol = 22.86, pLDDT = 50.14, pTM-score = 0.3034, piTM-score = 0.0033, interface-score = 0.0000, iRes = 3    iCnt = 2   
Info: MYD88_A2A791_x1 model_5_multimer_v2_p1_230309_491816_recycled_14,  tol = 21.44, pLDDT = 50.13, pTM-score = 0.3026, piTM-score = 0.0032, interface-score = 0.0000, iRes = 3    iCnt = 2   
Info: MYD88_A2A791_x1 model_5_multimer_v2_p1_230309_491816_recycled_15,  tol = 18.46, pLDDT = 50.60, pTM-score = 0.3042, piTM-score = 0.0032, interface-score = 0.0000, iRes = 3    iCnt = 2   
Info: MYD88_A2A791_x1 model_5_multimer_v2_p1_230309_491816_recycled_16,  tol = 14.41, pLDDT = 50.22, pTM-score = 0.3024, piTM-score = 0.0000, interface-score = 0.0000, iRes = 0    iCnt = 0   
Info: MYD88_A2A791_x1 model_5_multimer_v2_p1_230309_491816_recycled_17,  tol = 17.10, pLDDT = 49.96, pTM-score = 0.3031, piTM-score = 0.0436, interface-score = 0.0002, iRes = 20   iCnt = 20  
Info: MYD88_A2A791_x1 model_5_multimer_v2_p1_230309_491816_recycled_18,  tol = 17.50, pLDDT = 50.46, pTM-score = 0.3028, piTM-score = 0.0000, interface-score = 0.0000, iRes = 0    iCnt = 0   
Info: MYD88_A2A791_x1 model_5_multimer_v2_p1_230309_491816_recycled_19,  tol = 20.39, pLDDT = 50.49, pTM-score = 0.3028, piTM-score = 0.0000, interface-score = 0.0000, iRes = 0    iCnt = 0   
Info: MYD88_A2A791_x1 model_5_multimer_v2_p1_230309_491816 performed 20 recycles, final tol = 18.96, pLDDT = 50.32, pTM-score = 0.3027, piTM-score = 0.0792, interface-score = 0.0002, iRes = 21   iCnt = 33  
Info: num_clusters = 1, cluster_sizes = [2],  clusters = [['MYD88_MOUSE_0', 'A2A791_0']]

I0309 11:27:10.990826 22535628330816 run_af2c_mod.py:404] Final timings for MYD88_A2A791_x1: {'features': 2.3, 'process_features_model_5_multimer_v2_p1_230309_491816': 0.0, 'predict_and_compile_model_5_multimer_v2_p1_230309_491816': 5547.0}
                                  
================================= 
Global information about the job: 
================================= 
  
Job owner: flobnow(42847)
Job name:  5_AF2C
Node list: ravg1061
Job start: Thu Mar  9 09:54:17 CET 2023
Job end:   Thu Mar  9 11:27:14 CET 2023
Work dir:  /raven/u/flobnow/workingLama/scripts/myRuns/A2A791
Command:   /raven/u/flobnow/workingLama/scripts/myRuns/A2A791/script2_comp_model_5.sh
  
  
  
==========================================================================================
Information on jobsteps (Note: MaxRSS/AveRSS is the maximum/average over all 
tasks of the per-task memory high-water marks; cf. "man sacct"): 
==========================================================================================
  
JobID            JobName NNodes NTasks  NCPUS        0.00M        0.00M    Elapsed ExitCode
------------- ---------- ------ ------ ------ ------------ ------------ ---------- --------
4385421           5_AF2C      1           108                             01:32:57      0:0
4385421.0        python3      1      1    108    53778.96M    53778.96M   01:32:55      0:0
  
Maximum memory per node: 56.391328 GB (defined as MaxRSS*Ntasks/NNodes)
CPU utilization: 1.9 %
  
Info: target file is /u/flobnow/workingLama/scripts/myRuns/A2A791/target.lst
Info: input directory of unrelaxed models is /u/flobnow/workingLama/output_files
Info: output directory of relaxed models is /u/flobnow/workingLama/output_files
/bin/sh: /mpcdf/soft/SLE_15/packages/x86_64/alphafold/2.2.0/lib/libtinfo.so.6: no version information available (required by /lib64/libreadline.so.7)
I0309 13:29:26.524761 23438762809152 run_af2c_min.py:88] MYD88_A2A791_x1 processing model_4_multimer_v2_p1_230309_515819.pdb
sh: /mpcdf/soft/SLE_15/packages/x86_64/alphafold/2.2.0/lib/libtinfo.so.6: no version information available (required by /lib64/libreadline.so.7)
sh: /mpcdf/soft/SLE_15/packages/x86_64/alphafold/2.2.0/lib/libtinfo.so.6: no version information available (required by /lib64/libreadline.so.7)
I0309 13:30:01.449366 23438762809152 amber_minimize.py:177] alterations info: {'nonstandard_residues': [], 'removed_heterogens': set(), 'missing_residues': {}, 'missing_heavy_atoms': {}, 'missing_terminals': {<Residue 295 (PRO) of chain 0>: ['OXT'], <Residue 1844 (ASP) of chain 1>: ['OXT']}, 'Se_in_MET': [], 'removed_chains': {0: []}}
I0309 13:30:04.533140 23438762809152 amber_minimize.py:408] Minimizing protein, attempt 1 of 100.
I0309 13:30:07.354559 23438762809152 amber_minimize.py:69] Restraining 14422 / 28696 particles.
sh: /mpcdf/soft/SLE_15/packages/x86_64/alphafold/2.2.0/lib/libtinfo.so.6: no version information available (required by /lib64/libreadline.so.7)
I0309 13:48:52.118002 23438762809152 amber_minimize.py:177] alterations info: {'nonstandard_residues': [], 'removed_heterogens': set(), 'missing_residues': {}, 'missing_heavy_atoms': {}, 'missing_terminals': {}, 'Se_in_MET': [], 'removed_chains': {0: []}}
I0309 13:48:55.183326 23438762809152 tpu_client.py:54] Starting the local TPU driver.
I0309 13:48:55.185582 23438762809152 xla_bridge.py:212] Unable to initialize backend 'tpu_driver': Not found: Unable to find driver in registry given worker: local://
I0309 13:48:55.425190 23438762809152 xla_bridge.py:212] Unable to initialize backend 'tpu': Invalid argument: TpuPlatform is not available.
I0309 13:49:17.909992 23438762809152 amber_minimize.py:500] Iteration completed: Einit 194257764474.99 Efinal 32917.06 Time 1096.98 s num residue violations 184 num residue exclusions 0 
I0309 13:49:17.953993 23438762809152 amber_minimize.py:408] Minimizing protein, attempt 1 of 100.
I0309 13:49:20.744447 23438762809152 amber_minimize.py:69] Restraining 12970 / 28696 particles.
sh: /mpcdf/soft/SLE_15/packages/x86_64/alphafold/2.2.0/lib/libtinfo.so.6: no version information available (required by /lib64/libreadline.so.7)
I0309 14:06:54.087597 23438762809152 amber_minimize.py:177] alterations info: {'nonstandard_residues': [], 'removed_heterogens': set(), 'missing_residues': {}, 'missing_heavy_atoms': {}, 'missing_terminals': {}, 'Se_in_MET': [], 'removed_chains': {0: []}}
I0309 14:07:08.530786 23438762809152 amber_minimize.py:500] Iteration completed: Einit 219441.35 Efinal -16112.92 Time 1026.37 s num residue violations 62 num residue exclusions 184 
I0309 14:07:08.531769 23438762809152 amber_minimize.py:408] Minimizing protein, attempt 1 of 100.
I0309 14:07:11.376976 23438762809152 amber_minimize.py:69] Restraining 12941 / 28696 particles.
sh: /mpcdf/soft/SLE_15/packages/x86_64/alphafold/2.2.0/lib/libtinfo.so.6: no version information available (required by /lib64/libreadline.so.7)
I0309 14:14:03.322414 23438762809152 amber_minimize.py:177] alterations info: {'nonstandard_residues': [], 'removed_heterogens': set(), 'missing_residues': {}, 'missing_heavy_atoms': {}, 'missing_terminals': {}, 'Se_in_MET': [], 'removed_chains': {0: []}}
I0309 14:14:17.678740 23438762809152 amber_minimize.py:500] Iteration completed: Einit 98373.04 Efinal -19516.84 Time 385.29 s num residue violations 47 num residue exclusions 188 
sh: /mpcdf/soft/SLE_15/packages/x86_64/alphafold/2.2.0/lib/libtinfo.so.6: no version information available (required by /lib64/libreadline.so.7)
sh: /mpcdf/soft/SLE_15/packages/x86_64/alphafold/2.2.0/lib/libtinfo.so.6: no version information available (required by /lib64/libreadline.so.7)
I0309 14:14:49.171099 23438762809152 amber_minimize.py:177] alterations info: {'nonstandard_residues': [], 'removed_heterogens': set(), 'missing_residues': {}, 'missing_heavy_atoms': {}, 'missing_terminals': {<Residue 295 (PRO) of chain 0>: ['OXT'], <Residue 1844 (ASP) of chain 1>: ['OXT']}, 'Se_in_MET': [], 'removed_chains': {0: []}}
I0309 14:14:55.279710 23438762809152 run_af2c_min.py:110] MYD88_A2A791_x1 relaxation done, time spent 2727.9 seconds, Efinal -19516.84, rmsd 0.43
I0309 14:14:55.279843 23438762809152 run_af2c_min.py:88] MYD88_A2A791_x1 processing model_2_multimer_v2_p1_230309_132094.pdb
sh: /mpcdf/soft/SLE_15/packages/x86_64/alphafold/2.2.0/lib/libtinfo.so.6: no version information available (required by /lib64/libreadline.so.7)
sh: /mpcdf/soft/SLE_15/packages/x86_64/alphafold/2.2.0/lib/libtinfo.so.6: no version information available (required by /lib64/libreadline.so.7)
I0309 14:15:27.122907 23438762809152 amber_minimize.py:177] alterations info: {'nonstandard_residues': [], 'removed_heterogens': set(), 'missing_residues': {}, 'missing_heavy_atoms': {}, 'missing_terminals': {<Residue 295 (PRO) of chain 0>: ['OXT'], <Residue 1844 (ASP) of chain 1>: ['OXT']}, 'Se_in_MET': [], 'removed_chains': {0: []}}
I0309 14:15:30.262243 23438762809152 amber_minimize.py:408] Minimizing protein, attempt 1 of 100.
I0309 14:15:33.068992 23438762809152 amber_minimize.py:69] Restraining 14422 / 28696 particles.
sh: /mpcdf/soft/SLE_15/packages/x86_64/alphafold/2.2.0/lib/libtinfo.so.6: no version information available (required by /lib64/libreadline.so.7)
I0309 14:23:41.074131 23438762809152 amber_minimize.py:177] alterations info: {'nonstandard_residues': [], 'removed_heterogens': set(), 'missing_residues': {}, 'missing_heavy_atoms': {}, 'missing_terminals': {}, 'Se_in_MET': [], 'removed_chains': {0: []}}
I0309 14:23:55.243698 23438762809152 amber_minimize.py:500] Iteration completed: Einit 900943922887.47 Efinal 4761.95 Time 459.75 s num residue violations 95 num residue exclusions 0 
I0309 14:23:55.244595 23438762809152 amber_minimize.py:408] Minimizing protein, attempt 1 of 100.
I0309 14:23:58.078502 23438762809152 amber_minimize.py:69] Restraining 13715 / 28696 particles.
sh: /mpcdf/soft/SLE_15/packages/x86_64/alphafold/2.2.0/lib/libtinfo.so.6: no version information available (required by /lib64/libreadline.so.7)
I0309 14:36:34.036672 23438762809152 amber_minimize.py:177] alterations info: {'nonstandard_residues': [], 'removed_heterogens': set(), 'missing_residues': {}, 'missing_heavy_atoms': {}, 'missing_terminals': {}, 'Se_in_MET': [], 'removed_chains': {0: []}}
I0309 14:36:48.306821 23438762809152 amber_minimize.py:500] Iteration completed: Einit 133683.15 Efinal -16185.68 Time 729.36 s num residue violations 34 num residue exclusions 95 
I0309 14:36:48.307729 23438762809152 amber_minimize.py:408] Minimizing protein, attempt 1 of 100.
I0309 14:36:51.087714 23438762809152 amber_minimize.py:69] Restraining 13698 / 28696 particles.
sh: /mpcdf/soft/SLE_15/packages/x86_64/alphafold/2.2.0/lib/libtinfo.so.6: no version information available (required by /lib64/libreadline.so.7)
I0309 14:50:13.151240 23438762809152 amber_minimize.py:177] alterations info: {'nonstandard_residues': [], 'removed_heterogens': set(), 'missing_residues': {}, 'missing_heavy_atoms': {}, 'missing_terminals': {}, 'Se_in_MET': [], 'removed_chains': {0: []}}
I0309 14:50:27.336542 23438762809152 amber_minimize.py:500] Iteration completed: Einit 94652.78 Efinal -19902.99 Time 776.04 s num residue violations 26 num residue exclusions 97 
sh: /mpcdf/soft/SLE_15/packages/x86_64/alphafold/2.2.0/lib/libtinfo.so.6: no version information available (required by /lib64/libreadline.so.7)
sh: /mpcdf/soft/SLE_15/packages/x86_64/alphafold/2.2.0/lib/libtinfo.so.6: no version information available (required by /lib64/libreadline.so.7)
I0309 14:50:57.952579 23438762809152 amber_minimize.py:177] alterations info: {'nonstandard_residues': [], 'removed_heterogens': set(), 'missing_residues': {}, 'missing_heavy_atoms': {}, 'missing_terminals': {<Residue 295 (PRO) of chain 0>: ['OXT'], <Residue 1844 (ASP) of chain 1>: ['OXT']}, 'Se_in_MET': [], 'removed_chains': {0: []}}
I0309 14:51:03.951912 23438762809152 run_af2c_min.py:110] MYD88_A2A791_x1 relaxation done, time spent 2167.8 seconds, Efinal -19902.99, rmsd 0.45
I0309 14:51:03.952038 23438762809152 run_af2c_min.py:88] MYD88_A2A791_x1 processing model_1_multimer_v2_p1_230309_509679.pdb
sh: /mpcdf/soft/SLE_15/packages/x86_64/alphafold/2.2.0/lib/libtinfo.so.6: no version information available (required by /lib64/libreadline.so.7)
sh: /mpcdf/soft/SLE_15/packages/x86_64/alphafold/2.2.0/lib/libtinfo.so.6: no version information available (required by /lib64/libreadline.so.7)
I0309 14:51:35.438112 23438762809152 amber_minimize.py:177] alterations info: {'nonstandard_residues': [], 'removed_heterogens': set(), 'missing_residues': {}, 'missing_heavy_atoms': {}, 'missing_terminals': {<Residue 295 (PRO) of chain 0>: ['OXT'], <Residue 1844 (ASP) of chain 1>: ['OXT']}, 'Se_in_MET': [], 'removed_chains': {0: []}}
I0309 14:51:38.586233 23438762809152 amber_minimize.py:408] Minimizing protein, attempt 1 of 100.
I0309 14:51:41.405781 23438762809152 amber_minimize.py:69] Restraining 14422 / 28696 particles.
sh: /mpcdf/soft/SLE_15/packages/x86_64/alphafold/2.2.0/lib/libtinfo.so.6: no version information available (required by /lib64/libreadline.so.7)
I0309 14:59:56.976817 23438762809152 amber_minimize.py:177] alterations info: {'nonstandard_residues': [], 'removed_heterogens': set(), 'missing_residues': {}, 'missing_heavy_atoms': {}, 'missing_terminals': {}, 'Se_in_MET': [], 'removed_chains': {0: []}}
I0309 15:00:11.310851 23438762809152 amber_minimize.py:500] Iteration completed: Einit 205604886662223.97 Efinal -4089.39 Time 467.62 s num residue violations 104 num residue exclusions 0 
I0309 15:00:11.311730 23438762809152 amber_minimize.py:408] Minimizing protein, attempt 1 of 100.
I0309 15:00:14.080479 23438762809152 amber_minimize.py:69] Restraining 13590 / 28696 particles.
sh: /mpcdf/soft/SLE_15/packages/x86_64/alphafold/2.2.0/lib/libtinfo.so.6: no version information available (required by /lib64/libreadline.so.7)
I0309 15:10:32.076525 23438762809152 amber_minimize.py:177] alterations info: {'nonstandard_residues': [], 'removed_heterogens': set(), 'missing_residues': {}, 'missing_heavy_atoms': {}, 'missing_terminals': {}, 'Se_in_MET': [], 'removed_chains': {0: []}}
I0309 15:10:46.340282 23438762809152 amber_minimize.py:500] Iteration completed: Einit 96460.13 Efinal -17508.20 Time 590.52 s num residue violations 50 num residue exclusions 104 
I0309 15:10:46.341155 23438762809152 amber_minimize.py:408] Minimizing protein, attempt 1 of 100.
I0309 15:10:49.141274 23438762809152 amber_minimize.py:69] Restraining 13545 / 28696 particles.
sh: /mpcdf/soft/SLE_15/packages/x86_64/alphafold/2.2.0/lib/libtinfo.so.6: no version information available (required by /lib64/libreadline.so.7)
I0309 15:21:13.682945 23438762809152 amber_minimize.py:177] alterations info: {'nonstandard_residues': [], 'removed_heterogens': set(), 'missing_residues': {}, 'missing_heavy_atoms': {}, 'missing_terminals': {}, 'Se_in_MET': [], 'removed_chains': {0: []}}
I0309 15:21:27.762625 23438762809152 amber_minimize.py:500] Iteration completed: Einit 82158.43 Efinal -20397.47 Time 598.18 s num residue violations 39 num residue exclusions 110 
sh: /mpcdf/soft/SLE_15/packages/x86_64/alphafold/2.2.0/lib/libtinfo.so.6: no version information available (required by /lib64/libreadline.so.7)
sh: /mpcdf/soft/SLE_15/packages/x86_64/alphafold/2.2.0/lib/libtinfo.so.6: no version information available (required by /lib64/libreadline.so.7)
I0309 15:21:58.964948 23438762809152 amber_minimize.py:177] alterations info: {'nonstandard_residues': [], 'removed_heterogens': set(), 'missing_residues': {}, 'missing_heavy_atoms': {}, 'missing_terminals': {<Residue 295 (PRO) of chain 0>: ['OXT'], <Residue 1844 (ASP) of chain 1>: ['OXT']}, 'Se_in_MET': [], 'removed_chains': {0: []}}
I0309 15:22:05.153766 23438762809152 run_af2c_min.py:110] MYD88_A2A791_x1 relaxation done, time spent 1860.2 seconds, Efinal -20397.47, rmsd 0.41
I0309 15:22:05.153901 23438762809152 run_af2c_min.py:88] MYD88_A2A791_x1 processing model_5_multimer_v2_p1_230309_491816.pdb
sh: /mpcdf/soft/SLE_15/packages/x86_64/alphafold/2.2.0/lib/libtinfo.so.6: no version information available (required by /lib64/libreadline.so.7)
sh: /mpcdf/soft/SLE_15/packages/x86_64/alphafold/2.2.0/lib/libtinfo.so.6: no version information available (required by /lib64/libreadline.so.7)
I0309 15:22:38.200476 23438762809152 amber_minimize.py:177] alterations info: {'nonstandard_residues': [], 'removed_heterogens': set(), 'missing_residues': {}, 'missing_heavy_atoms': {}, 'missing_terminals': {<Residue 295 (PRO) of chain 0>: ['OXT'], <Residue 1844 (ASP) of chain 1>: ['OXT']}, 'Se_in_MET': [], 'removed_chains': {0: []}}
I0309 15:22:41.242808 23438762809152 amber_minimize.py:408] Minimizing protein, attempt 1 of 100.
I0309 15:22:44.028567 23438762809152 amber_minimize.py:69] Restraining 14422 / 28700 particles.
sh: /mpcdf/soft/SLE_15/packages/x86_64/alphafold/2.2.0/lib/libtinfo.so.6: no version information available (required by /lib64/libreadline.so.7)
I0309 15:32:47.605846 23438762809152 amber_minimize.py:177] alterations info: {'nonstandard_residues': [], 'removed_heterogens': set(), 'missing_residues': {}, 'missing_heavy_atoms': {}, 'missing_terminals': {}, 'Se_in_MET': [], 'removed_chains': {0: []}}
I0309 15:33:01.786945 23438762809152 amber_minimize.py:500] Iteration completed: Einit 83855627469.64 Efinal 19353.06 Time 576.38 s num residue violations 246 num residue exclusions 0 
I0309 15:33:01.787615 23438762809152 amber_minimize.py:408] Minimizing protein, attempt 1 of 100.
I0309 15:33:04.490923 23438762809152 amber_minimize.py:69] Restraining 12491 / 28700 particles.
sh: /mpcdf/soft/SLE_15/packages/x86_64/alphafold/2.2.0/lib/libtinfo.so.6: no version information available (required by /lib64/libreadline.so.7)
I0309 15:53:08.183983 23438762809152 amber_minimize.py:177] alterations info: {'nonstandard_residues': [], 'removed_heterogens': set(), 'missing_residues': {}, 'missing_heavy_atoms': {}, 'missing_terminals': {}, 'Se_in_MET': [], 'removed_chains': {0: []}}
I0309 15:53:22.428251 23438762809152 amber_minimize.py:500] Iteration completed: Einit 111632.25 Efinal -17198.66 Time 1178.92 s num residue violations 100 num residue exclusions 246 
I0309 15:53:22.429141 23438762809152 amber_minimize.py:408] Minimizing protein, attempt 1 of 100.
I0309 15:53:25.281331 23438762809152 amber_minimize.py:69] Restraining 12414 / 28700 particles.
sh: /mpcdf/soft/SLE_15/packages/x86_64/alphafold/2.2.0/lib/libtinfo.so.6: no version information available (required by /lib64/libreadline.so.7)
I0309 16:02:54.293597 23438762809152 amber_minimize.py:177] alterations info: {'nonstandard_residues': [], 'removed_heterogens': set(), 'missing_residues': {}, 'missing_heavy_atoms': {}, 'missing_terminals': {}, 'Se_in_MET': [], 'removed_chains': {0: []}}
I0309 16:03:08.437170 23438762809152 amber_minimize.py:500] Iteration completed: Einit 214683.32 Efinal -21666.18 Time 545.30 s num residue violations 93 num residue exclusions 256 
sh: /mpcdf/soft/SLE_15/packages/x86_64/alphafold/2.2.0/lib/libtinfo.so.6: no version information available (required by /lib64/libreadline.so.7)
sh: /mpcdf/soft/SLE_15/packages/x86_64/alphafold/2.2.0/lib/libtinfo.so.6: no version information available (required by /lib64/libreadline.so.7)
I0309 16:03:39.433747 23438762809152 amber_minimize.py:177] alterations info: {'nonstandard_residues': [], 'removed_heterogens': set(), 'missing_residues': {}, 'missing_heavy_atoms': {}, 'missing_terminals': {<Residue 295 (PRO) of chain 0>: ['OXT'], <Residue 1844 (ASP) of chain 1>: ['OXT']}, 'Se_in_MET': [], 'removed_chains': {0: []}}
I0309 16:03:45.466176 23438762809152 run_af2c_min.py:110] MYD88_A2A791_x1 relaxation done, time spent 2499.4 seconds, Efinal -21666.18, rmsd 0.63
I0309 16:03:45.466318 23438762809152 run_af2c_min.py:88] MYD88_A2A791_x1 processing model_3_multimer_v2_p1_230309_998364.pdb
sh: /mpcdf/soft/SLE_15/packages/x86_64/alphafold/2.2.0/lib/libtinfo.so.6: no version information available (required by /lib64/libreadline.so.7)
sh: /mpcdf/soft/SLE_15/packages/x86_64/alphafold/2.2.0/lib/libtinfo.so.6: no version information available (required by /lib64/libreadline.so.7)
I0309 16:04:16.316408 23438762809152 amber_minimize.py:177] alterations info: {'nonstandard_residues': [], 'removed_heterogens': set(), 'missing_residues': {}, 'missing_heavy_atoms': {}, 'missing_terminals': {<Residue 295 (PRO) of chain 0>: ['OXT'], <Residue 1844 (ASP) of chain 1>: ['OXT']}, 'Se_in_MET': [], 'removed_chains': {0: []}}
I0309 16:04:19.313487 23438762809152 amber_minimize.py:408] Minimizing protein, attempt 1 of 100.
I0309 16:04:22.163661 23438762809152 amber_minimize.py:69] Restraining 14422 / 28696 particles.
sh: /mpcdf/soft/SLE_15/packages/x86_64/alphafold/2.2.0/lib/libtinfo.so.6: no version information available (required by /lib64/libreadline.so.7)
I0309 16:14:15.169576 23438762809152 amber_minimize.py:177] alterations info: {'nonstandard_residues': [], 'removed_heterogens': set(), 'missing_residues': {}, 'missing_heavy_atoms': {}, 'missing_terminals': {}, 'Se_in_MET': [], 'removed_chains': {0: []}}
I0309 16:14:29.500863 23438762809152 amber_minimize.py:500] Iteration completed: Einit 348680339604.77 Efinal 5294.20 Time 565.59 s num residue violations 133 num residue exclusions 0 
I0309 16:14:29.501754 23438762809152 amber_minimize.py:408] Minimizing protein, attempt 1 of 100.
I0309 16:14:32.375508 23438762809152 amber_minimize.py:69] Restraining 13386 / 28696 particles.
sh: /mpcdf/soft/SLE_15/packages/x86_64/alphafold/2.2.0/lib/libtinfo.so.6: no version information available (required by /lib64/libreadline.so.7)
I0309 16:29:48.279945 23438762809152 amber_minimize.py:177] alterations info: {'nonstandard_residues': [], 'removed_heterogens': set(), 'missing_residues': {}, 'missing_heavy_atoms': {}, 'missing_terminals': {}, 'Se_in_MET': [], 'removed_chains': {0: []}}
I0309 16:30:02.435005 23438762809152 amber_minimize.py:500] Iteration completed: Einit 234612.35 Efinal -11133.40 Time 889.97 s num residue violations 96 num residue exclusions 133 
I0309 16:30:02.435881 23438762809152 amber_minimize.py:408] Minimizing protein, attempt 1 of 100.
I0309 16:30:05.234249 23438762809152 amber_minimize.py:69] Restraining 13284 / 28696 particles.
sh: /mpcdf/soft/SLE_15/packages/x86_64/alphafold/2.2.0/lib/libtinfo.so.6: no version information available (required by /lib64/libreadline.so.7)
I0309 16:44:15.493345 23438762809152 amber_minimize.py:177] alterations info: {'nonstandard_residues': [], 'removed_heterogens': set(), 'missing_residues': {}, 'missing_heavy_atoms': {}, 'missing_terminals': {}, 'Se_in_MET': [], 'removed_chains': {0: []}}
I0309 16:44:29.853124 23438762809152 amber_minimize.py:500] Iteration completed: Einit 204190.16 Efinal -14815.99 Time 824.51 s num residue violations 87 num residue exclusions 146 
sh: /mpcdf/soft/SLE_15/packages/x86_64/alphafold/2.2.0/lib/libtinfo.so.6: no version information available (required by /lib64/libreadline.so.7)
sh: /mpcdf/soft/SLE_15/packages/x86_64/alphafold/2.2.0/lib/libtinfo.so.6: no version information available (required by /lib64/libreadline.so.7)
I0309 16:45:00.490500 23438762809152 amber_minimize.py:177] alterations info: {'nonstandard_residues': [], 'removed_heterogens': set(), 'missing_residues': {}, 'missing_heavy_atoms': {}, 'missing_terminals': {<Residue 295 (PRO) of chain 0>: ['OXT'], <Residue 1844 (ASP) of chain 1>: ['OXT']}, 'Se_in_MET': [], 'removed_chains': {0: []}}
I0309 16:45:06.674815 23438762809152 run_af2c_min.py:110] MYD88_A2A791_x1 relaxation done, time spent 2480.3 seconds, Efinal -14815.99, rmsd 0.55
                                  
================================= 
Global information about the job: 
================================= 
  
Job owner: flobnow(42847)
Job name:  6_RLX
Node list: ravg1067
Job start: Thu Mar  9 13:29:17 CET 2023
Job end:   Thu Mar  9 16:45:10 CET 2023
Work dir:  /raven/u/flobnow/workingLama/scripts/myRuns/A2A791
Command:   /raven/u/flobnow/workingLama/scripts/myRuns/A2A791/script3_relaxation.sh
  
  
  
==========================================================================================
Information on jobsteps (Note: MaxRSS/AveRSS is the maximum/average over all 
tasks of the per-task memory high-water marks; cf. "man sacct"): 
==========================================================================================
  
JobID            JobName NNodes NTasks  NCPUS        0.00M        0.00M    Elapsed ExitCode
------------- ---------- ------ ------ ------ ------------ ------------ ---------- --------
4385485            6_RLX      1           108                             03:15:53      0:0
4385485.0        python3      1      1    108    30996.35M    30996.35M   03:15:49      0:0
  
Maximum memory per node: 32.502031 GB (defined as MaxRSS*Ntasks/NNodes)
CPU utilization: 90.0 %
  
