Info: input file name is O70585
Info: input target list is /u/flobnow/workingLama/scripts/myRuns/O70585/target.lst
Info: input feature directory is /u/flobnow/workingLama/feature_files
Info: result output directory is /u/flobnow/workingLama/output_files
Info: model preset is multimer_np
Info: msa pairing is all
Info: recycling setting is 1
Info: using preset super2
Info: set num_ensemble = 2
Info: set max_recyles = 20
Info: set recycle_tol = 0.1
Info: mas_pairing mode is all
I0309 06:14:22.398530 23445638907712 tpu_client.py:54] Starting the local TPU driver.
I0309 06:14:22.398908 23445638907712 xla_bridge.py:212] Unable to initialize backend 'tpu_driver': Not found: Unable to find driver in registry given worker: local://
I0309 06:14:22.776045 23445638907712 xla_bridge.py:212] Unable to initialize backend 'tpu': Invalid argument: TpuPlatform is not available.
I0309 06:14:25.552638 23445638907712 run_af2c_mod.py:481] Have 1 models: ['model_1_multimer_v2_p1']
Info: working on target MYD88_O70585_x1
I0309 06:14:29.556868 23445638907712 run_af2c_mod.py:512] Using random seed 945474143783090728 for the data pipeline
Info: MYD88_O70585_x1 found monomer MYD88_MOUSE msa_depth = 3425, seq_len = 296, num_templ = 20
Info: MYD88_MOUSE reducing the number of structural templates to 4
Info: MYD88_O70585_x1 found monomer O70585 msa_depth = 12730, seq_len = 659, num_templ = 20
Info: O70585 MSA size is too large, reducing to 10000
Info: O70585 reducing the number of structural templates to 4
Info: 2 chain(s) to model {'A': 'MYD88_MOUSE_1', 'B': 'O70585_1'}
Info: modeling MYD88_O70585_x1 with msa_depth = 6819, seq_len = 955, num_templ = 8
I0309 06:14:30.926470 23445638907712 run_af2c_mod.py:216] Running model model_1_multimer_v2_p1_230309_090728
I0309 06:14:30.926953 23445638907712 model.py:205] Running predict with shape(feat) = {'msa': (6819, 955), 'bert_mask': (6819, 955), 'num_alignments': (), 'aatype': (955,), 'seq_length': (), 'template_aatype': (8, 955), 'template_all_atom_mask': (8, 955, 37), 'template_all_atom_positions': (8, 955, 37, 3), 'all_atom_positions': (955, 37, 3), 'template_domain_names': (8,), 'asym_id': (955,), 'sym_id': (955,), 'entity_id': (955,), 'residue_index': (955,), 'deletion_matrix': (6819, 955), 'seq_mask': (955,), 'msa_mask': (6819, 955), 'cluster_bias_mask': (6819,), 'pdb_residue_index': (955,)}
I0309 06:37:46.258103 23445638907712 run_af2c_mod.py:270] Total JAX model model_1_multimer_v2_p1_230309_090728 predict time (includes compilation time): 1395.3 seconds
Info: MYD88_O70585_x1 model_1_multimer_v2_p1_230309_090728_recycled_00,  tol =   inf, pLDDT = 60.54, pTM-score = 0.3607, piTM-score = 0.0079, interface-score = 0.0000, iRes = 7    iCnt = 6   
Info: MYD88_O70585_x1 model_1_multimer_v2_p1_230309_090728_recycled_01,  tol = 83.58, pLDDT = 61.74, pTM-score = 0.3831, piTM-score = 0.0654, interface-score = 0.0007, iRes = 18   iCnt = 28  
Info: MYD88_O70585_x1 model_1_multimer_v2_p1_230309_090728_recycled_02,  tol = 25.31, pLDDT = 62.21, pTM-score = 0.3861, piTM-score = 0.0281, interface-score = 0.0004, iRes = 10   iCnt = 8   
Info: MYD88_O70585_x1 model_1_multimer_v2_p1_230309_090728_recycled_03,  tol = 10.76, pLDDT = 63.05, pTM-score = 0.3921, piTM-score = 0.0283, interface-score = 0.0007, iRes = 10   iCnt = 10  
Info: MYD88_O70585_x1 model_1_multimer_v2_p1_230309_090728_recycled_04,  tol = 15.42, pLDDT = 61.98, pTM-score = 0.3882, piTM-score = 0.0344, interface-score = 0.0005, iRes = 10   iCnt = 9   
Info: MYD88_O70585_x1 model_1_multimer_v2_p1_230309_090728_recycled_05,  tol =  7.94, pLDDT = 62.78, pTM-score = 0.3856, piTM-score = 0.0179, interface-score = 0.0002, iRes = 7    iCnt = 5   
Info: MYD88_O70585_x1 model_1_multimer_v2_p1_230309_090728_recycled_06,  tol = 10.77, pLDDT = 62.81, pTM-score = 0.3856, piTM-score = 0.0288, interface-score = 0.0005, iRes = 11   iCnt = 8   
Info: MYD88_O70585_x1 model_1_multimer_v2_p1_230309_090728_recycled_07,  tol =  7.37, pLDDT = 62.89, pTM-score = 0.3845, piTM-score = 0.0125, interface-score = 0.0003, iRes = 8    iCnt = 7   
Info: MYD88_O70585_x1 model_1_multimer_v2_p1_230309_090728_recycled_08,  tol =  6.57, pLDDT = 62.35, pTM-score = 0.3840, piTM-score = 0.0278, interface-score = 0.0005, iRes = 13   iCnt = 11  
Info: MYD88_O70585_x1 model_1_multimer_v2_p1_230309_090728_recycled_09,  tol =  8.23, pLDDT = 62.58, pTM-score = 0.3835, piTM-score = 0.0189, interface-score = 0.0003, iRes = 10   iCnt = 14  
Info: MYD88_O70585_x1 model_1_multimer_v2_p1_230309_090728_recycled_10,  tol =  9.20, pLDDT = 62.67, pTM-score = 0.3849, piTM-score = 0.0347, interface-score = 0.0004, iRes = 13   iCnt = 20  
Info: MYD88_O70585_x1 model_1_multimer_v2_p1_230309_090728_recycled_11,  tol = 12.17, pLDDT = 63.51, pTM-score = 0.3841, piTM-score = 0.0472, interface-score = 0.0006, iRes = 15   iCnt = 23  
Info: MYD88_O70585_x1 model_1_multimer_v2_p1_230309_090728_recycled_12,  tol =  7.80, pLDDT = 63.24, pTM-score = 0.3826, piTM-score = 0.0408, interface-score = 0.0004, iRes = 14   iCnt = 24  
Info: MYD88_O70585_x1 model_1_multimer_v2_p1_230309_090728_recycled_13,  tol = 10.67, pLDDT = 63.09, pTM-score = 0.3825, piTM-score = 0.0876, interface-score = 0.0008, iRes = 21   iCnt = 44  
Info: MYD88_O70585_x1 model_1_multimer_v2_p1_230309_090728_recycled_14,  tol =  7.61, pLDDT = 63.17, pTM-score = 0.3829, piTM-score = 0.1506, interface-score = 0.0016, iRes = 22   iCnt = 43  
Info: MYD88_O70585_x1 model_1_multimer_v2_p1_230309_090728_recycled_15,  tol =  9.55, pLDDT = 63.20, pTM-score = 0.3834, piTM-score = 0.0837, interface-score = 0.0008, iRes = 20   iCnt = 33  
Info: MYD88_O70585_x1 model_1_multimer_v2_p1_230309_090728_recycled_16,  tol =  3.17, pLDDT = 63.56, pTM-score = 0.3811, piTM-score = 0.0483, interface-score = 0.0004, iRes = 17   iCnt = 17  
Info: MYD88_O70585_x1 model_1_multimer_v2_p1_230309_090728_recycled_17,  tol =  6.87, pLDDT = 63.27, pTM-score = 0.3824, piTM-score = 0.0291, interface-score = 0.0003, iRes = 14   iCnt = 13  
Info: MYD88_O70585_x1 model_1_multimer_v2_p1_230309_090728_recycled_18,  tol =  6.41, pLDDT = 63.28, pTM-score = 0.3832, piTM-score = 0.0381, interface-score = 0.0004, iRes = 15   iCnt = 13  
Info: MYD88_O70585_x1 model_1_multimer_v2_p1_230309_090728_recycled_19,  tol =  4.23, pLDDT = 63.27, pTM-score = 0.3842, piTM-score = 0.0728, interface-score = 0.0007, iRes = 20   iCnt = 19  
Info: MYD88_O70585_x1 model_1_multimer_v2_p1_230309_090728 performed 20 recycles, final tol = 6.31, pLDDT = 63.04, pTM-score = 0.3871, piTM-score = 0.0386, interface-score = 0.0009, iRes = 19   iCnt = 19  
Info: num_clusters = 1, cluster_sizes = [2],  clusters = [['MYD88_MOUSE_0', 'O70585_0']]

I0309 06:37:50.107728 23445638907712 run_af2c_mod.py:404] Final timings for MYD88_O70585_x1: {'features': 1.36, 'process_features_model_1_multimer_v2_p1_230309_090728': 0.0, 'predict_and_compile_model_1_multimer_v2_p1_230309_090728': 1395.3}
                                  
================================= 
Global information about the job: 
================================= 
  
Job owner: flobnow(42847)
Job name:  1_AF2C
Node list: ravg1003
Job start: Thu Mar  9 06:14:14 CET 2023
Job end:   Thu Mar  9 06:37:52 CET 2023
Work dir:  /raven/u/flobnow/workingLama/scripts/myRuns/O70585
Command:   /raven/u/flobnow/workingLama/scripts/myRuns/O70585/script2_comp_model_1.sh
  
  
  
==========================================================================================
Information on jobsteps (Note: MaxRSS/AveRSS is the maximum/average over all 
tasks of the per-task memory high-water marks; cf. "man sacct"): 
==========================================================================================
  
JobID            JobName NNodes NTasks  NCPUS        0.00M        0.00M    Elapsed ExitCode
------------- ---------- ------ ------ ------ ------------ ------------ ---------- --------
4385283           1_AF2C      1           108                             00:23:38      0:0
4385283.0        python3      1      1    108    28135.47M    28135.47M   00:23:36      0:0
  
Maximum memory per node: 29.502181 GB (defined as MaxRSS*Ntasks/NNodes)
CPU utilization: 1.9 %
  
Info: input file name is O70585
Info: input target list is /u/flobnow/workingLama/scripts/myRuns/O70585/target.lst
Info: input feature directory is /u/flobnow/workingLama/feature_files
Info: result output directory is /u/flobnow/workingLama/output_files
Info: model preset is multimer_np
Info: msa pairing is all
Info: recycling setting is 1
Info: using preset super2
Info: set num_ensemble = 2
Info: set max_recyles = 20
Info: set recycle_tol = 0.1
Info: mas_pairing mode is all
I0309 07:51:30.390503 23058675873600 tpu_client.py:54] Starting the local TPU driver.
I0309 07:51:30.390884 23058675873600 xla_bridge.py:212] Unable to initialize backend 'tpu_driver': Not found: Unable to find driver in registry given worker: local://
I0309 07:51:30.764014 23058675873600 xla_bridge.py:212] Unable to initialize backend 'tpu': Invalid argument: TpuPlatform is not available.
I0309 07:51:33.501487 23058675873600 run_af2c_mod.py:481] Have 1 models: ['model_2_multimer_v2_p1']
Info: working on target MYD88_O70585_x1
I0309 07:51:41.509733 23058675873600 run_af2c_mod.py:512] Using random seed 2096862369350524256 for the data pipeline
Info: MYD88_O70585_x1 found monomer MYD88_MOUSE msa_depth = 3425, seq_len = 296, num_templ = 20
Info: MYD88_MOUSE reducing the number of structural templates to 4
Info: MYD88_O70585_x1 found monomer O70585 msa_depth = 12730, seq_len = 659, num_templ = 20
Info: O70585 MSA size is too large, reducing to 10000
Info: O70585 reducing the number of structural templates to 4
Info: 2 chain(s) to model {'A': 'MYD88_MOUSE_1', 'B': 'O70585_1'}
Info: modeling MYD88_O70585_x1 with msa_depth = 6819, seq_len = 955, num_templ = 8
I0309 07:51:42.996604 23058675873600 run_af2c_mod.py:216] Running model model_2_multimer_v2_p1_230309_524256
I0309 07:51:42.997084 23058675873600 model.py:205] Running predict with shape(feat) = {'msa': (6819, 955), 'bert_mask': (6819, 955), 'num_alignments': (), 'aatype': (955,), 'seq_length': (), 'template_aatype': (8, 955), 'template_all_atom_mask': (8, 955, 37), 'template_all_atom_positions': (8, 955, 37, 3), 'all_atom_positions': (955, 37, 3), 'template_domain_names': (8,), 'asym_id': (955,), 'sym_id': (955,), 'entity_id': (955,), 'residue_index': (955,), 'deletion_matrix': (6819, 955), 'seq_mask': (955,), 'msa_mask': (6819, 955), 'cluster_bias_mask': (6819,), 'pdb_residue_index': (955,)}
I0309 08:14:57.938185 23058675873600 run_af2c_mod.py:270] Total JAX model model_2_multimer_v2_p1_230309_524256 predict time (includes compilation time): 1394.9 seconds
Info: MYD88_O70585_x1 model_2_multimer_v2_p1_230309_524256_recycled_00,  tol =   inf, pLDDT = 59.86, pTM-score = 0.3670, piTM-score = 0.0171, interface-score = 0.0001, iRes = 11   iCnt = 12  
Info: MYD88_O70585_x1 model_2_multimer_v2_p1_230309_524256_recycled_01,  tol = 95.15, pLDDT = 61.93, pTM-score = 0.3676, piTM-score = 0.0000, interface-score = 0.0000, iRes = 0    iCnt = 0   
Info: MYD88_O70585_x1 model_2_multimer_v2_p1_230309_524256_recycled_02,  tol = 29.85, pLDDT = 61.63, pTM-score = 0.3695, piTM-score = 0.0000, interface-score = 0.0000, iRes = 0    iCnt = 0   
Info: MYD88_O70585_x1 model_2_multimer_v2_p1_230309_524256_recycled_03,  tol = 25.42, pLDDT = 61.24, pTM-score = 0.3708, piTM-score = 0.0071, interface-score = 0.0000, iRes = 5    iCnt = 3   
Info: MYD88_O70585_x1 model_2_multimer_v2_p1_230309_524256_recycled_04,  tol = 27.52, pLDDT = 61.77, pTM-score = 0.3794, piTM-score = 0.0175, interface-score = 0.0004, iRes = 9    iCnt = 8   
Info: MYD88_O70585_x1 model_2_multimer_v2_p1_230309_524256_recycled_05,  tol = 17.47, pLDDT = 62.02, pTM-score = 0.3769, piTM-score = 0.0022, interface-score = 0.0000, iRes = 3    iCnt = 2   
Info: MYD88_O70585_x1 model_2_multimer_v2_p1_230309_524256_recycled_06,  tol = 13.70, pLDDT = 61.83, pTM-score = 0.3747, piTM-score = 0.0144, interface-score = 0.0002, iRes = 8    iCnt = 8   
Info: MYD88_O70585_x1 model_2_multimer_v2_p1_230309_524256_recycled_07,  tol = 19.49, pLDDT = 62.14, pTM-score = 0.3716, piTM-score = 0.3896, interface-score = 0.0055, iRes = 41   iCnt = 68  
Info: MYD88_O70585_x1 model_2_multimer_v2_p1_230309_524256_recycled_08,  tol = 11.29, pLDDT = 62.24, pTM-score = 0.3773, piTM-score = 0.0032, interface-score = 0.0001, iRes = 4    iCnt = 3   
Info: MYD88_O70585_x1 model_2_multimer_v2_p1_230309_524256_recycled_09,  tol = 18.03, pLDDT = 62.22, pTM-score = 0.3829, piTM-score = 0.0055, interface-score = 0.0001, iRes = 4    iCnt = 3   
Info: MYD88_O70585_x1 model_2_multimer_v2_p1_230309_524256_recycled_10,  tol = 11.59, pLDDT = 62.13, pTM-score = 0.3858, piTM-score = 0.0126, interface-score = 0.0003, iRes = 7    iCnt = 6   
Info: MYD88_O70585_x1 model_2_multimer_v2_p1_230309_524256_recycled_11,  tol =  8.91, pLDDT = 62.32, pTM-score = 0.3886, piTM-score = 0.0180, interface-score = 0.0008, iRes = 9    iCnt = 8   
Info: MYD88_O70585_x1 model_2_multimer_v2_p1_230309_524256_recycled_12,  tol = 14.33, pLDDT = 62.22, pTM-score = 0.3805, piTM-score = 0.0032, interface-score = 0.0001, iRes = 4    iCnt = 3   
Info: MYD88_O70585_x1 model_2_multimer_v2_p1_230309_524256_recycled_13,  tol = 13.26, pLDDT = 62.40, pTM-score = 0.3811, piTM-score = 0.0055, interface-score = 0.0001, iRes = 4    iCnt = 3   
Info: MYD88_O70585_x1 model_2_multimer_v2_p1_230309_524256_recycled_14,  tol = 15.20, pLDDT = 62.02, pTM-score = 0.3793, piTM-score = 0.0022, interface-score = 0.0000, iRes = 3    iCnt = 2   
Info: MYD88_O70585_x1 model_2_multimer_v2_p1_230309_524256_recycled_15,  tol = 15.35, pLDDT = 62.42, pTM-score = 0.3828, piTM-score = 0.0178, interface-score = 0.0005, iRes = 9    iCnt = 9   
Info: MYD88_O70585_x1 model_2_multimer_v2_p1_230309_524256_recycled_16,  tol = 13.59, pLDDT = 62.27, pTM-score = 0.3795, piTM-score = 0.0143, interface-score = 0.0003, iRes = 8    iCnt = 8   
Info: MYD88_O70585_x1 model_2_multimer_v2_p1_230309_524256_recycled_17,  tol = 13.45, pLDDT = 62.91, pTM-score = 0.3756, piTM-score = 0.0195, interface-score = 0.0004, iRes = 12   iCnt = 12  
Info: MYD88_O70585_x1 model_2_multimer_v2_p1_230309_524256_recycled_18,  tol = 13.55, pLDDT = 62.88, pTM-score = 0.3799, piTM-score = 0.0160, interface-score = 0.0003, iRes = 8    iCnt = 7   
Info: MYD88_O70585_x1 model_2_multimer_v2_p1_230309_524256_recycled_19,  tol = 19.18, pLDDT = 62.99, pTM-score = 0.3798, piTM-score = 0.4134, interface-score = 0.0123, iRes = 50   iCnt = 76  
Info: MYD88_O70585_x1 model_2_multimer_v2_p1_230309_524256 performed 20 recycles, final tol = 13.75, pLDDT = 62.49, pTM-score = 0.3795, piTM-score = 0.0158, interface-score = 0.0002, iRes = 8    iCnt = 7   
Info: num_clusters = 2, cluster_sizes = [1, 1],  clusters = [['MYD88_MOUSE_0'], ['O70585_0']]

I0309 08:15:01.617413 23058675873600 run_af2c_mod.py:404] Final timings for MYD88_O70585_x1: {'features': 1.48, 'process_features_model_2_multimer_v2_p1_230309_524256': 0.0, 'predict_and_compile_model_2_multimer_v2_p1_230309_524256': 1394.9}
                                  
================================= 
Global information about the job: 
================================= 
  
Job owner: flobnow(42847)
Job name:  2_AF2C
Node list: ravg1034
Job start: Thu Mar  9 07:51:20 CET 2023
Job end:   Thu Mar  9 08:15:03 CET 2023
Work dir:  /raven/u/flobnow/workingLama/scripts/myRuns/O70585
Command:   /raven/u/flobnow/workingLama/scripts/myRuns/O70585/script2_comp_model_2.sh
  
  
  
==========================================================================================
Information on jobsteps (Note: MaxRSS/AveRSS is the maximum/average over all 
tasks of the per-task memory high-water marks; cf. "man sacct"): 
==========================================================================================
  
JobID            JobName NNodes NTasks  NCPUS        0.00M        0.00M    Elapsed ExitCode
------------- ---------- ------ ------ ------ ------------ ------------ ---------- --------
4385344           2_AF2C      1           108                             00:23:43      0:0
4385344.0        python3      1      1    108    28676.24M    28676.24M   00:23:39      0:0
  
Maximum memory per node: 30.069215 GB (defined as MaxRSS*Ntasks/NNodes)
CPU utilization: 1.9 %
  
Info: input file name is O70585
Info: input target list is /u/flobnow/workingLama/scripts/myRuns/O70585/target.lst
Info: input feature directory is /u/flobnow/workingLama/feature_files
Info: result output directory is /u/flobnow/workingLama/output_files
Info: model preset is multimer_np
Info: msa pairing is all
Info: recycling setting is 1
Info: using preset super2
Info: set num_ensemble = 2
Info: set max_recyles = 20
Info: set recycle_tol = 0.1
Info: mas_pairing mode is all
I0309 10:52:42.672890 23194771982144 tpu_client.py:54] Starting the local TPU driver.
I0309 10:52:42.673307 23194771982144 xla_bridge.py:212] Unable to initialize backend 'tpu_driver': Not found: Unable to find driver in registry given worker: local://
I0309 10:52:43.055615 23194771982144 xla_bridge.py:212] Unable to initialize backend 'tpu': Invalid argument: TpuPlatform is not available.
I0309 10:52:45.796972 23194771982144 run_af2c_mod.py:481] Have 1 models: ['model_3_multimer_v2_p1']
Info: working on target MYD88_O70585_x1
I0309 10:52:46.798586 23194771982144 run_af2c_mod.py:512] Using random seed 2830001055483049281 for the data pipeline
Info: MYD88_O70585_x1 found monomer MYD88_MOUSE msa_depth = 3425, seq_len = 296, num_templ = 20
Info: MYD88_MOUSE reducing the number of structural templates to 4
Info: MYD88_O70585_x1 found monomer O70585 msa_depth = 12730, seq_len = 659, num_templ = 20
Info: O70585 MSA size is too large, reducing to 10000
Info: O70585 reducing the number of structural templates to 4
Info: 2 chain(s) to model {'A': 'MYD88_MOUSE_1', 'B': 'O70585_1'}
Info: modeling MYD88_O70585_x1 with msa_depth = 6819, seq_len = 955, num_templ = 8
I0309 10:52:48.406246 23194771982144 run_af2c_mod.py:216] Running model model_3_multimer_v2_p1_230309_049281
I0309 10:52:48.406738 23194771982144 model.py:205] Running predict with shape(feat) = {'msa': (6819, 955), 'bert_mask': (6819, 955), 'num_alignments': (), 'aatype': (955,), 'seq_length': (), 'template_aatype': (8, 955), 'template_all_atom_mask': (8, 955, 37), 'template_all_atom_positions': (8, 955, 37, 3), 'all_atom_positions': (955, 37, 3), 'template_domain_names': (8,), 'asym_id': (955,), 'sym_id': (955,), 'entity_id': (955,), 'residue_index': (955,), 'deletion_matrix': (6819, 955), 'seq_mask': (955,), 'msa_mask': (6819, 955), 'cluster_bias_mask': (6819,), 'pdb_residue_index': (955,)}
I0309 11:16:02.301905 23194771982144 run_af2c_mod.py:270] Total JAX model model_3_multimer_v2_p1_230309_049281 predict time (includes compilation time): 1393.9 seconds
Info: MYD88_O70585_x1 model_3_multimer_v2_p1_230309_049281_recycled_00,  tol =   inf, pLDDT = 60.72, pTM-score = 0.3711, piTM-score = 0.2004, interface-score = 0.0029, iRes = 26   iCnt = 44  
Info: MYD88_O70585_x1 model_3_multimer_v2_p1_230309_049281_recycled_01,  tol = 98.09, pLDDT = 61.17, pTM-score = 0.3734, piTM-score = 0.0298, interface-score = 0.0001, iRes = 12   iCnt = 8   
Info: MYD88_O70585_x1 model_3_multimer_v2_p1_230309_049281_recycled_02,  tol = 22.47, pLDDT = 62.25, pTM-score = 0.3731, piTM-score = 0.0148, interface-score = 0.0001, iRes = 8    iCnt = 5   
Info: MYD88_O70585_x1 model_3_multimer_v2_p1_230309_049281_recycled_03,  tol = 22.60, pLDDT = 61.32, pTM-score = 0.3737, piTM-score = 0.0458, interface-score = 0.0004, iRes = 17   iCnt = 14  
Info: MYD88_O70585_x1 model_3_multimer_v2_p1_230309_049281_recycled_04,  tol = 19.78, pLDDT = 62.97, pTM-score = 0.3766, piTM-score = 0.0195, interface-score = 0.0002, iRes = 10   iCnt = 7   
Info: MYD88_O70585_x1 model_3_multimer_v2_p1_230309_049281_recycled_05,  tol = 14.31, pLDDT = 62.10, pTM-score = 0.3777, piTM-score = 0.0265, interface-score = 0.0004, iRes = 12   iCnt = 12  
Info: MYD88_O70585_x1 model_3_multimer_v2_p1_230309_049281_recycled_06,  tol =  6.58, pLDDT = 62.93, pTM-score = 0.3773, piTM-score = 0.0261, interface-score = 0.0004, iRes = 14   iCnt = 13  
Info: MYD88_O70585_x1 model_3_multimer_v2_p1_230309_049281_recycled_07,  tol = 10.59, pLDDT = 62.15, pTM-score = 0.3767, piTM-score = 0.0296, interface-score = 0.0001, iRes = 11   iCnt = 12  
Info: MYD88_O70585_x1 model_3_multimer_v2_p1_230309_049281_recycled_08,  tol = 16.93, pLDDT = 61.45, pTM-score = 0.3843, piTM-score = 0.0014, interface-score = 0.0000, iRes = 2    iCnt = 1   
Info: MYD88_O70585_x1 model_3_multimer_v2_p1_230309_049281_recycled_09,  tol = 18.89, pLDDT = 62.11, pTM-score = 0.3809, piTM-score = 0.0243, interface-score = 0.0002, iRes = 10   iCnt = 10  
Info: MYD88_O70585_x1 model_3_multimer_v2_p1_230309_049281_recycled_10,  tol = 16.96, pLDDT = 62.02, pTM-score = 0.3831, piTM-score = 0.0144, interface-score = 0.0001, iRes = 7    iCnt = 5   
Info: MYD88_O70585_x1 model_3_multimer_v2_p1_230309_049281_recycled_11,  tol = 23.24, pLDDT = 61.99, pTM-score = 0.3872, piTM-score = 0.0266, interface-score = 0.0013, iRes = 12   iCnt = 10  
Info: MYD88_O70585_x1 model_3_multimer_v2_p1_230309_049281_recycled_12,  tol = 12.87, pLDDT = 62.32, pTM-score = 0.3803, piTM-score = 0.0262, interface-score = 0.0003, iRes = 11   iCnt = 11  
Info: MYD88_O70585_x1 model_3_multimer_v2_p1_230309_049281_recycled_13,  tol = 26.04, pLDDT = 62.32, pTM-score = 0.3818, piTM-score = 0.0198, interface-score = 0.0002, iRes = 8    iCnt = 5   
Info: MYD88_O70585_x1 model_3_multimer_v2_p1_230309_049281_recycled_14,  tol = 18.84, pLDDT = 61.90, pTM-score = 0.3816, piTM-score = 0.0087, interface-score = 0.0001, iRes = 6    iCnt = 5   
Info: MYD88_O70585_x1 model_3_multimer_v2_p1_230309_049281_recycled_15,  tol = 19.14, pLDDT = 61.93, pTM-score = 0.3838, piTM-score = 0.0033, interface-score = 0.0001, iRes = 4    iCnt = 2   
Info: MYD88_O70585_x1 model_3_multimer_v2_p1_230309_049281_recycled_16,  tol = 14.99, pLDDT = 61.93, pTM-score = 0.3811, piTM-score = 0.0087, interface-score = 0.0001, iRes = 6    iCnt = 6   
Info: MYD88_O70585_x1 model_3_multimer_v2_p1_230309_049281_recycled_17,  tol = 12.93, pLDDT = 62.67, pTM-score = 0.3884, piTM-score = 0.0185, interface-score = 0.0010, iRes = 10   iCnt = 9   
Info: MYD88_O70585_x1 model_3_multimer_v2_p1_230309_049281_recycled_18,  tol = 10.98, pLDDT = 62.49, pTM-score = 0.3829, piTM-score = 0.0183, interface-score = 0.0004, iRes = 11   iCnt = 10  
Info: MYD88_O70585_x1 model_3_multimer_v2_p1_230309_049281_recycled_19,  tol =  8.59, pLDDT = 62.15, pTM-score = 0.3846, piTM-score = 0.0068, interface-score = 0.0001, iRes = 6    iCnt = 3   
Info: MYD88_O70585_x1 model_3_multimer_v2_p1_230309_049281 performed 20 recycles, final tol = 7.11, pLDDT = 62.24, pTM-score = 0.3894, piTM-score = 0.0272, interface-score = 0.0012, iRes = 12   iCnt = 10  
Info: num_clusters = 2, cluster_sizes = [1, 1],  clusters = [['MYD88_MOUSE_0'], ['O70585_0']]

I0309 11:16:06.118822 23194771982144 run_af2c_mod.py:404] Final timings for MYD88_O70585_x1: {'features': 1.61, 'process_features_model_3_multimer_v2_p1_230309_049281': 0.0, 'predict_and_compile_model_3_multimer_v2_p1_230309_049281': 1393.9}
                                  
================================= 
Global information about the job: 
================================= 
  
Job owner: flobnow(42847)
Job name:  3_AF2C
Node list: ravg1085
Job start: Thu Mar  9 10:52:36 CET 2023
Job end:   Thu Mar  9 11:16:08 CET 2023
Work dir:  /raven/u/flobnow/workingLama/scripts/myRuns/O70585
Command:   /raven/u/flobnow/workingLama/scripts/myRuns/O70585/script2_comp_model_3.sh
  
  
  
==========================================================================================
Information on jobsteps (Note: MaxRSS/AveRSS is the maximum/average over all 
tasks of the per-task memory high-water marks; cf. "man sacct"): 
==========================================================================================
  
JobID            JobName NNodes NTasks  NCPUS        0.00M        0.00M    Elapsed ExitCode
------------- ---------- ------ ------ ------ ------------ ------------ ---------- --------
4385468           3_AF2C      1           108                             00:23:32      0:0
4385468.0        python3      1      1    108    28038.77M    28038.77M   00:23:30      0:0
  
Maximum memory per node: 29.400785 GB (defined as MaxRSS*Ntasks/NNodes)
CPU utilization: 1.9 %
  
Info: input file name is O70585
Info: input target list is /u/flobnow/workingLama/scripts/myRuns/O70585/target.lst
Info: input feature directory is /u/flobnow/workingLama/feature_files
Info: result output directory is /u/flobnow/workingLama/output_files
Info: model preset is multimer_np
Info: msa pairing is all
Info: recycling setting is 1
Info: using preset super2
Info: set num_ensemble = 2
Info: set max_recyles = 20
Info: set recycle_tol = 0.1
Info: mas_pairing mode is all
I0309 10:57:22.339022 22798508230464 tpu_client.py:54] Starting the local TPU driver.
I0309 10:57:22.339410 22798508230464 xla_bridge.py:212] Unable to initialize backend 'tpu_driver': Not found: Unable to find driver in registry given worker: local://
I0309 10:57:22.705946 22798508230464 xla_bridge.py:212] Unable to initialize backend 'tpu': Invalid argument: TpuPlatform is not available.
I0309 10:57:25.492840 22798508230464 run_af2c_mod.py:481] Have 1 models: ['model_4_multimer_v2_p1']
Info: working on target MYD88_O70585_x1
I0309 10:57:31.499066 22798508230464 run_af2c_mod.py:512] Using random seed 121289747897987870 for the data pipeline
Info: MYD88_O70585_x1 found monomer MYD88_MOUSE msa_depth = 3425, seq_len = 296, num_templ = 20
Info: MYD88_MOUSE reducing the number of structural templates to 4
Info: MYD88_O70585_x1 found monomer O70585 msa_depth = 12730, seq_len = 659, num_templ = 20
Info: O70585 MSA size is too large, reducing to 10000
Info: O70585 reducing the number of structural templates to 4
Info: 2 chain(s) to model {'A': 'MYD88_MOUSE_1', 'B': 'O70585_1'}
Info: modeling MYD88_O70585_x1 with msa_depth = 6819, seq_len = 955, num_templ = 8
I0309 10:57:32.898969 22798508230464 run_af2c_mod.py:216] Running model model_4_multimer_v2_p1_230309_987870
I0309 10:57:32.899443 22798508230464 model.py:205] Running predict with shape(feat) = {'msa': (6819, 955), 'bert_mask': (6819, 955), 'num_alignments': (), 'aatype': (955,), 'seq_length': (), 'template_aatype': (8, 955), 'template_all_atom_mask': (8, 955, 37), 'template_all_atom_positions': (8, 955, 37, 3), 'all_atom_positions': (955, 37, 3), 'template_domain_names': (8,), 'asym_id': (955,), 'sym_id': (955,), 'entity_id': (955,), 'residue_index': (955,), 'deletion_matrix': (6819, 955), 'seq_mask': (955,), 'msa_mask': (6819, 955), 'cluster_bias_mask': (6819,), 'pdb_residue_index': (955,)}
I0309 11:20:39.117945 22798508230464 run_af2c_mod.py:270] Total JAX model model_4_multimer_v2_p1_230309_987870 predict time (includes compilation time): 1386.2 seconds
Info: MYD88_O70585_x1 model_4_multimer_v2_p1_230309_987870_recycled_00,  tol =   inf, pLDDT = 62.54, pTM-score = 0.3628, piTM-score = 0.0000, interface-score = 0.0000, iRes = 0    iCnt = 0   
Info: MYD88_O70585_x1 model_4_multimer_v2_p1_230309_987870_recycled_01,  tol = 80.62, pLDDT = 63.70, pTM-score = 0.3867, piTM-score = 0.0186, interface-score = 0.0001, iRes = 10   iCnt = 7   
Info: MYD88_O70585_x1 model_4_multimer_v2_p1_230309_987870_recycled_02,  tol = 20.70, pLDDT = 63.72, pTM-score = 0.3852, piTM-score = 0.0014, interface-score = 0.0000, iRes = 2    iCnt = 1   
Info: MYD88_O70585_x1 model_4_multimer_v2_p1_230309_987870_recycled_03,  tol = 11.05, pLDDT = 63.13, pTM-score = 0.3791, piTM-score = 0.0095, interface-score = 0.0000, iRes = 8    iCnt = 5   
Info: MYD88_O70585_x1 model_4_multimer_v2_p1_230309_987870_recycled_04,  tol =  7.62, pLDDT = 63.86, pTM-score = 0.3797, piTM-score = 0.0094, interface-score = 0.0000, iRes = 7    iCnt = 5   
Info: MYD88_O70585_x1 model_4_multimer_v2_p1_230309_987870_recycled_05,  tol =  6.38, pLDDT = 63.75, pTM-score = 0.3782, piTM-score = 0.0050, interface-score = 0.0000, iRes = 4    iCnt = 3   
Info: MYD88_O70585_x1 model_4_multimer_v2_p1_230309_987870_recycled_06,  tol =  8.20, pLDDT = 63.95, pTM-score = 0.3789, piTM-score = 0.0038, interface-score = 0.0000, iRes = 3    iCnt = 2   
Info: MYD88_O70585_x1 model_4_multimer_v2_p1_230309_987870_recycled_07,  tol =  6.42, pLDDT = 64.20, pTM-score = 0.3800, piTM-score = 0.0095, interface-score = 0.0000, iRes = 7    iCnt = 4   
Info: MYD88_O70585_x1 model_4_multimer_v2_p1_230309_987870_recycled_08,  tol =  6.65, pLDDT = 64.41, pTM-score = 0.3804, piTM-score = 0.0077, interface-score = 0.0000, iRes = 6    iCnt = 4   
Info: MYD88_O70585_x1 model_4_multimer_v2_p1_230309_987870_recycled_09,  tol =  6.28, pLDDT = 64.50, pTM-score = 0.3811, piTM-score = 0.0231, interface-score = 0.0001, iRes = 9    iCnt = 7   
Info: MYD88_O70585_x1 model_4_multimer_v2_p1_230309_987870_recycled_10,  tol =  9.15, pLDDT = 64.31, pTM-score = 0.3833, piTM-score = 0.0056, interface-score = 0.0000, iRes = 4    iCnt = 2   
Info: MYD88_O70585_x1 model_4_multimer_v2_p1_230309_987870_recycled_11,  tol =  7.78, pLDDT = 63.84, pTM-score = 0.3832, piTM-score = 0.0232, interface-score = 0.0001, iRes = 9    iCnt = 7   
Info: MYD88_O70585_x1 model_4_multimer_v2_p1_230309_987870_recycled_12,  tol = 18.93, pLDDT = 64.35, pTM-score = 0.3849, piTM-score = 0.0241, interface-score = 0.0001, iRes = 13   iCnt = 11  
Info: MYD88_O70585_x1 model_4_multimer_v2_p1_230309_987870_recycled_13,  tol = 10.08, pLDDT = 64.58, pTM-score = 0.3838, piTM-score = 0.0014, interface-score = 0.0000, iRes = 2    iCnt = 1   
Info: MYD88_O70585_x1 model_4_multimer_v2_p1_230309_987870_recycled_14,  tol =  3.97, pLDDT = 64.44, pTM-score = 0.3837, piTM-score = 0.0014, interface-score = 0.0000, iRes = 2    iCnt = 1   
Info: MYD88_O70585_x1 model_4_multimer_v2_p1_230309_987870_recycled_15,  tol =  3.50, pLDDT = 64.90, pTM-score = 0.3829, piTM-score = 0.0000, interface-score = 0.0000, iRes = 0    iCnt = 0   
Info: MYD88_O70585_x1 model_4_multimer_v2_p1_230309_987870_recycled_16,  tol =  3.42, pLDDT = 64.70, pTM-score = 0.3829, piTM-score = 0.0000, interface-score = 0.0000, iRes = 0    iCnt = 0   
Info: MYD88_O70585_x1 model_4_multimer_v2_p1_230309_987870_recycled_17,  tol =  3.63, pLDDT = 64.58, pTM-score = 0.3855, piTM-score = 0.0101, interface-score = 0.0000, iRes = 5    iCnt = 4   
Info: MYD88_O70585_x1 model_4_multimer_v2_p1_230309_987870_recycled_18,  tol =  2.88, pLDDT = 64.36, pTM-score = 0.3829, piTM-score = 0.0049, interface-score = 0.0000, iRes = 4    iCnt = 3   
Info: MYD88_O70585_x1 model_4_multimer_v2_p1_230309_987870_recycled_19,  tol =  2.75, pLDDT = 64.52, pTM-score = 0.3825, piTM-score = 0.0041, interface-score = 0.0000, iRes = 3    iCnt = 2   
Info: MYD88_O70585_x1 model_4_multimer_v2_p1_230309_987870 performed 20 recycles, final tol = 4.71, pLDDT = 64.89, pTM-score = 0.3823, piTM-score = 0.0014, interface-score = 0.0000, iRes = 2    iCnt = 1   
Info: num_clusters = 2, cluster_sizes = [1, 1],  clusters = [['MYD88_MOUSE_0'], ['O70585_0']]

I0309 11:20:43.226171 22798508230464 run_af2c_mod.py:404] Final timings for MYD88_O70585_x1: {'features': 1.4, 'process_features_model_4_multimer_v2_p1_230309_987870': 0.0, 'predict_and_compile_model_4_multimer_v2_p1_230309_987870': 1386.2}
                                  
================================= 
Global information about the job: 
================================= 
  
Job owner: flobnow(42847)
Job name:  4_AF2C
Node list: ravg1103
Job start: Thu Mar  9 10:57:10 CET 2023
Job end:   Thu Mar  9 11:20:45 CET 2023
Work dir:  /raven/u/flobnow/workingLama/scripts/myRuns/O70585
Command:   /raven/u/flobnow/workingLama/scripts/myRuns/O70585/script2_comp_model_4.sh
  
  
  
==========================================================================================
Information on jobsteps (Note: MaxRSS/AveRSS is the maximum/average over all 
tasks of the per-task memory high-water marks; cf. "man sacct"): 
==========================================================================================
  
JobID            JobName NNodes NTasks  NCPUS        0.00M        0.00M    Elapsed ExitCode
------------- ---------- ------ ------ ------ ------------ ------------ ---------- --------
4385472           4_AF2C      1           108                             00:23:35      0:0
4385472.0        python3      1      1    108    27976.18M    27976.18M   00:23:33      0:0
  
Maximum memory per node: 29.335155 GB (defined as MaxRSS*Ntasks/NNodes)
CPU utilization: 1.9 %
  
Info: input file name is O70585
Info: input target list is /u/flobnow/workingLama/scripts/myRuns/O70585/target.lst
Info: input feature directory is /u/flobnow/workingLama/feature_files
Info: result output directory is /u/flobnow/workingLama/output_files
Info: model preset is multimer_np
Info: msa pairing is all
Info: recycling setting is 1
Info: using preset super2
Info: set num_ensemble = 2
Info: set max_recyles = 20
Info: set recycle_tol = 0.1
Info: mas_pairing mode is all
I0309 11:12:54.741154 23146547316544 tpu_client.py:54] Starting the local TPU driver.
I0309 11:12:54.741563 23146547316544 xla_bridge.py:212] Unable to initialize backend 'tpu_driver': Not found: Unable to find driver in registry given worker: local://
I0309 11:12:55.118517 23146547316544 xla_bridge.py:212] Unable to initialize backend 'tpu': Invalid argument: TpuPlatform is not available.
I0309 11:12:57.892143 23146547316544 run_af2c_mod.py:481] Have 1 models: ['model_5_multimer_v2_p1']
Info: working on target MYD88_O70585_x1
I0309 11:13:04.899390 23146547316544 run_af2c_mod.py:512] Using random seed 5170166528395297910 for the data pipeline
Info: MYD88_O70585_x1 found monomer MYD88_MOUSE msa_depth = 3425, seq_len = 296, num_templ = 20
Info: MYD88_MOUSE reducing the number of structural templates to 4
Info: MYD88_O70585_x1 found monomer O70585 msa_depth = 12730, seq_len = 659, num_templ = 20
Info: O70585 MSA size is too large, reducing to 10000
Info: O70585 reducing the number of structural templates to 4
Info: 2 chain(s) to model {'A': 'MYD88_MOUSE_1', 'B': 'O70585_1'}
Info: modeling MYD88_O70585_x1 with msa_depth = 6819, seq_len = 955, num_templ = 8
I0309 11:13:06.447833 23146547316544 run_af2c_mod.py:216] Running model model_5_multimer_v2_p1_230309_297910
I0309 11:13:06.448346 23146547316544 model.py:205] Running predict with shape(feat) = {'msa': (6819, 955), 'bert_mask': (6819, 955), 'num_alignments': (), 'aatype': (955,), 'seq_length': (), 'template_aatype': (8, 955), 'template_all_atom_mask': (8, 955, 37), 'template_all_atom_positions': (8, 955, 37, 3), 'all_atom_positions': (955, 37, 3), 'template_domain_names': (8,), 'asym_id': (955,), 'sym_id': (955,), 'entity_id': (955,), 'residue_index': (955,), 'deletion_matrix': (6819, 955), 'seq_mask': (955,), 'msa_mask': (6819, 955), 'cluster_bias_mask': (6819,), 'pdb_residue_index': (955,)}
I0309 11:36:19.717502 23146547316544 run_af2c_mod.py:270] Total JAX model model_5_multimer_v2_p1_230309_297910 predict time (includes compilation time): 1393.3 seconds
Info: MYD88_O70585_x1 model_5_multimer_v2_p1_230309_297910_recycled_00,  tol =   inf, pLDDT = 60.69, pTM-score = 0.3699, piTM-score = 0.3214, interface-score = 0.0113, iRes = 60   iCnt = 89  
Info: MYD88_O70585_x1 model_5_multimer_v2_p1_230309_297910_recycled_01,  tol = 86.84, pLDDT = 61.71, pTM-score = 0.3753, piTM-score = 0.0824, interface-score = 0.0006, iRes = 20   iCnt = 23  
Info: MYD88_O70585_x1 model_5_multimer_v2_p1_230309_297910_recycled_02,  tol = 25.30, pLDDT = 62.08, pTM-score = 0.3866, piTM-score = 0.0272, interface-score = 0.0006, iRes = 11   iCnt = 7   
Info: MYD88_O70585_x1 model_5_multimer_v2_p1_230309_297910_recycled_03,  tol = 14.92, pLDDT = 61.94, pTM-score = 0.3843, piTM-score = 0.0527, interface-score = 0.0016, iRes = 15   iCnt = 12  
Info: MYD88_O70585_x1 model_5_multimer_v2_p1_230309_297910_recycled_04,  tol =  9.18, pLDDT = 61.96, pTM-score = 0.3814, piTM-score = 0.0293, interface-score = 0.0006, iRes = 10   iCnt = 8   
Info: MYD88_O70585_x1 model_5_multimer_v2_p1_230309_297910_recycled_05,  tol = 10.25, pLDDT = 61.89, pTM-score = 0.3795, piTM-score = 0.4165, interface-score = 0.0176, iRes = 57   iCnt = 92  
Info: MYD88_O70585_x1 model_5_multimer_v2_p1_230309_297910_recycled_06,  tol = 16.71, pLDDT = 61.50, pTM-score = 0.3782, piTM-score = 0.0292, interface-score = 0.0005, iRes = 10   iCnt = 8   
Info: MYD88_O70585_x1 model_5_multimer_v2_p1_230309_297910_recycled_07,  tol = 18.21, pLDDT = 61.29, pTM-score = 0.3795, piTM-score = 0.0527, interface-score = 0.0012, iRes = 15   iCnt = 11  
Info: MYD88_O70585_x1 model_5_multimer_v2_p1_230309_297910_recycled_08,  tol =  8.82, pLDDT = 61.74, pTM-score = 0.3790, piTM-score = 0.0400, interface-score = 0.0009, iRes = 12   iCnt = 9   
Info: MYD88_O70585_x1 model_5_multimer_v2_p1_230309_297910_recycled_09,  tol = 11.99, pLDDT = 61.78, pTM-score = 0.3785, piTM-score = 0.0294, interface-score = 0.0005, iRes = 10   iCnt = 8   
Info: MYD88_O70585_x1 model_5_multimer_v2_p1_230309_297910_recycled_10,  tol = 10.04, pLDDT = 61.71, pTM-score = 0.3805, piTM-score = 0.0443, interface-score = 0.0009, iRes = 13   iCnt = 10  
Info: MYD88_O70585_x1 model_5_multimer_v2_p1_230309_297910_recycled_11,  tol = 14.69, pLDDT = 61.63, pTM-score = 0.3789, piTM-score = 0.0372, interface-score = 0.0006, iRes = 11   iCnt = 9   
Info: MYD88_O70585_x1 model_5_multimer_v2_p1_230309_297910_recycled_12,  tol = 19.07, pLDDT = 61.51, pTM-score = 0.3775, piTM-score = 0.0290, interface-score = 0.0004, iRes = 9    iCnt = 8   
Info: MYD88_O70585_x1 model_5_multimer_v2_p1_230309_297910_recycled_13,  tol =  7.66, pLDDT = 61.75, pTM-score = 0.3786, piTM-score = 0.0295, interface-score = 0.0005, iRes = 10   iCnt = 8   
Info: MYD88_O70585_x1 model_5_multimer_v2_p1_230309_297910_recycled_14,  tol =  6.80, pLDDT = 61.44, pTM-score = 0.3801, piTM-score = 0.0368, interface-score = 0.0008, iRes = 12   iCnt = 9   
Info: MYD88_O70585_x1 model_5_multimer_v2_p1_230309_297910_recycled_15,  tol =  5.21, pLDDT = 61.62, pTM-score = 0.3821, piTM-score = 0.0524, interface-score = 0.0015, iRes = 15   iCnt = 13  
Info: MYD88_O70585_x1 model_5_multimer_v2_p1_230309_297910_recycled_16,  tol =  5.47, pLDDT = 61.25, pTM-score = 0.3807, piTM-score = 0.0300, interface-score = 0.0007, iRes = 10   iCnt = 7   
Info: MYD88_O70585_x1 model_5_multimer_v2_p1_230309_297910_recycled_17,  tol =  5.36, pLDDT = 61.32, pTM-score = 0.3765, piTM-score = 0.0082, interface-score = 0.0002, iRes = 6    iCnt = 4   
Info: MYD88_O70585_x1 model_5_multimer_v2_p1_230309_297910_recycled_18,  tol =  6.30, pLDDT = 61.43, pTM-score = 0.3826, piTM-score = 0.0614, interface-score = 0.0018, iRes = 17   iCnt = 13  
Info: MYD88_O70585_x1 model_5_multimer_v2_p1_230309_297910_recycled_19,  tol =  6.91, pLDDT = 61.42, pTM-score = 0.3835, piTM-score = 0.0639, interface-score = 0.0027, iRes = 18   iCnt = 15  
Info: MYD88_O70585_x1 model_5_multimer_v2_p1_230309_297910 performed 20 recycles, final tol = 5.93, pLDDT = 61.47, pTM-score = 0.3846, piTM-score = 0.0854, interface-score = 0.0031, iRes = 21   iCnt = 15  
Info: num_clusters = 1, cluster_sizes = [2],  clusters = [['MYD88_MOUSE_0', 'O70585_0']]

I0309 11:36:23.751242 23146547316544 run_af2c_mod.py:404] Final timings for MYD88_O70585_x1: {'features': 1.55, 'process_features_model_5_multimer_v2_p1_230309_297910': 0.0, 'predict_and_compile_model_5_multimer_v2_p1_230309_297910': 1393.3}
                                  
================================= 
Global information about the job: 
================================= 
  
Job owner: flobnow(42847)
Job name:  5_AF2C
Node list: ravg1092
Job start: Thu Mar  9 11:12:46 CET 2023
Job end:   Thu Mar  9 11:36:26 CET 2023
Work dir:  /raven/u/flobnow/workingLama/scripts/myRuns/O70585
Command:   /raven/u/flobnow/workingLama/scripts/myRuns/O70585/script2_comp_model_5.sh
  
  
  
==========================================================================================
Information on jobsteps (Note: MaxRSS/AveRSS is the maximum/average over all 
tasks of the per-task memory high-water marks; cf. "man sacct"): 
==========================================================================================
  
JobID            JobName NNodes NTasks  NCPUS        0.00M        0.00M    Elapsed ExitCode
------------- ---------- ------ ------ ------ ------------ ------------ ---------- --------
4385482           5_AF2C      1           108                             00:23:40      0:0
4385482.0        python3      1      1    108    27968.37M    27968.37M   00:23:36      0:0
  
Maximum memory per node: 29.326959 GB (defined as MaxRSS*Ntasks/NNodes)
CPU utilization: 1.9 %
  
Info: target file is /u/flobnow/workingLama/scripts/myRuns/O70585/target.lst
Info: input directory of unrelaxed models is /u/flobnow/workingLama/output_files
Info: output directory of relaxed models is /u/flobnow/workingLama/output_files
/bin/sh: /mpcdf/soft/SLE_15/packages/x86_64/alphafold/2.2.0/lib/libtinfo.so.6: no version information available (required by /lib64/libreadline.so.7)
I0309 13:29:25.385520 23104255002432 run_af2c_min.py:88] MYD88_O70585_x1 processing model_2_multimer_v2_p1_230309_524256.pdb
sh: /mpcdf/soft/SLE_15/packages/x86_64/alphafold/2.2.0/lib/libtinfo.so.6: no version information available (required by /lib64/libreadline.so.7)
sh: /mpcdf/soft/SLE_15/packages/x86_64/alphafold/2.2.0/lib/libtinfo.so.6: no version information available (required by /lib64/libreadline.so.7)
I0309 13:29:44.049375 23104255002432 amber_minimize.py:177] alterations info: {'nonstandard_residues': [], 'removed_heterogens': set(), 'missing_residues': {}, 'missing_heavy_atoms': {}, 'missing_terminals': {<Residue 295 (PRO) of chain 0>: ['OXT'], <Residue 954 (ALA) of chain 1>: ['OXT']}, 'Se_in_MET': [], 'removed_chains': {0: []}}
I0309 13:29:45.505965 23104255002432 amber_minimize.py:408] Minimizing protein, attempt 1 of 100.
I0309 13:29:47.004137 23104255002432 amber_minimize.py:69] Restraining 7574 / 15158 particles.
sh: /mpcdf/soft/SLE_15/packages/x86_64/alphafold/2.2.0/lib/libtinfo.so.6: no version information available (required by /lib64/libreadline.so.7)
I0309 13:32:19.214249 23104255002432 amber_minimize.py:177] alterations info: {'nonstandard_residues': [], 'removed_heterogens': set(), 'missing_residues': {}, 'missing_heavy_atoms': {}, 'missing_terminals': {}, 'Se_in_MET': [], 'removed_chains': {0: []}}
I0309 13:32:20.859884 23104255002432 tpu_client.py:54] Starting the local TPU driver.
I0309 13:32:20.860234 23104255002432 xla_bridge.py:212] Unable to initialize backend 'tpu_driver': Not found: Unable to find driver in registry given worker: local://
I0309 13:32:21.096736 23104255002432 xla_bridge.py:212] Unable to initialize backend 'tpu': Invalid argument: TpuPlatform is not available.
I0309 13:32:32.786127 23104255002432 amber_minimize.py:500] Iteration completed: Einit 2070897977.19 Efinal -14881.25 Time 139.02 s num residue violations 16 num residue exclusions 0 
I0309 13:32:32.831917 23104255002432 amber_minimize.py:408] Minimizing protein, attempt 1 of 100.
I0309 13:32:34.467887 23104255002432 amber_minimize.py:69] Restraining 7438 / 15158 particles.
sh: /mpcdf/soft/SLE_15/packages/x86_64/alphafold/2.2.0/lib/libtinfo.so.6: no version information available (required by /lib64/libreadline.so.7)
I0309 13:34:31.155360 23104255002432 amber_minimize.py:177] alterations info: {'nonstandard_residues': [], 'removed_heterogens': set(), 'missing_residues': {}, 'missing_heavy_atoms': {}, 'missing_terminals': {}, 'Se_in_MET': [], 'removed_chains': {0: []}}
I0309 13:34:35.698755 23104255002432 amber_minimize.py:500] Iteration completed: Einit 25600.19 Efinal -18700.18 Time 103.81 s num residue violations 7 num residue exclusions 16 
I0309 13:34:35.699670 23104255002432 amber_minimize.py:408] Minimizing protein, attempt 1 of 100.
I0309 13:34:37.238231 23104255002432 amber_minimize.py:69] Restraining 7392 / 15158 particles.
sh: /mpcdf/soft/SLE_15/packages/x86_64/alphafold/2.2.0/lib/libtinfo.so.6: no version information available (required by /lib64/libreadline.so.7)
I0309 13:36:17.719362 23104255002432 amber_minimize.py:177] alterations info: {'nonstandard_residues': [], 'removed_heterogens': set(), 'missing_residues': {}, 'missing_heavy_atoms': {}, 'missing_terminals': {}, 'Se_in_MET': [], 'removed_chains': {0: []}}
I0309 13:36:22.318964 23104255002432 amber_minimize.py:500] Iteration completed: Einit 34097.36 Efinal -19864.91 Time 87.75 s num residue violations 5 num residue exclusions 21 
sh: /mpcdf/soft/SLE_15/packages/x86_64/alphafold/2.2.0/lib/libtinfo.so.6: no version information available (required by /lib64/libreadline.so.7)
sh: /mpcdf/soft/SLE_15/packages/x86_64/alphafold/2.2.0/lib/libtinfo.so.6: no version information available (required by /lib64/libreadline.so.7)
I0309 13:36:37.500305 23104255002432 amber_minimize.py:177] alterations info: {'nonstandard_residues': [], 'removed_heterogens': set(), 'missing_residues': {}, 'missing_heavy_atoms': {}, 'missing_terminals': {<Residue 295 (PRO) of chain 0>: ['OXT'], <Residue 954 (ALA) of chain 1>: ['OXT']}, 'Se_in_MET': [], 'removed_chains': {0: []}}
I0309 13:36:40.553331 23104255002432 run_af2c_min.py:110] MYD88_O70585_x1 relaxation done, time spent 434.7 seconds, Efinal -19864.91, rmsd 0.41
I0309 13:36:40.553464 23104255002432 run_af2c_min.py:88] MYD88_O70585_x1 processing model_5_multimer_v2_p1_230309_297910.pdb
sh: /mpcdf/soft/SLE_15/packages/x86_64/alphafold/2.2.0/lib/libtinfo.so.6: no version information available (required by /lib64/libreadline.so.7)
sh: /mpcdf/soft/SLE_15/packages/x86_64/alphafold/2.2.0/lib/libtinfo.so.6: no version information available (required by /lib64/libreadline.so.7)
I0309 13:36:56.194060 23104255002432 amber_minimize.py:177] alterations info: {'nonstandard_residues': [], 'removed_heterogens': set(), 'missing_residues': {}, 'missing_heavy_atoms': {}, 'missing_terminals': {<Residue 295 (PRO) of chain 0>: ['OXT'], <Residue 954 (ALA) of chain 1>: ['OXT']}, 'Se_in_MET': [], 'removed_chains': {0: []}}
I0309 13:36:57.712897 23104255002432 amber_minimize.py:408] Minimizing protein, attempt 1 of 100.
I0309 13:36:59.306541 23104255002432 amber_minimize.py:69] Restraining 7574 / 15158 particles.
sh: /mpcdf/soft/SLE_15/packages/x86_64/alphafold/2.2.0/lib/libtinfo.so.6: no version information available (required by /lib64/libreadline.so.7)
I0309 13:39:20.822674 23104255002432 amber_minimize.py:177] alterations info: {'nonstandard_residues': [], 'removed_heterogens': set(), 'missing_residues': {}, 'missing_heavy_atoms': {}, 'missing_terminals': {}, 'Se_in_MET': [], 'removed_chains': {0: []}}
I0309 13:39:25.370443 23104255002432 amber_minimize.py:500] Iteration completed: Einit 2396117160.60 Efinal -13085.08 Time 128.56 s num residue violations 60 num residue exclusions 0 
I0309 13:39:25.371356 23104255002432 amber_minimize.py:408] Minimizing protein, attempt 1 of 100.
I0309 13:39:26.983243 23104255002432 amber_minimize.py:69] Restraining 7115 / 15158 particles.
sh: /mpcdf/soft/SLE_15/packages/x86_64/alphafold/2.2.0/lib/libtinfo.so.6: no version information available (required by /lib64/libreadline.so.7)
I0309 13:43:29.313504 23104255002432 amber_minimize.py:177] alterations info: {'nonstandard_residues': [], 'removed_heterogens': set(), 'missing_residues': {}, 'missing_heavy_atoms': {}, 'missing_terminals': {}, 'Se_in_MET': [], 'removed_chains': {0: []}}
I0309 13:43:33.844979 23104255002432 amber_minimize.py:500] Iteration completed: Einit 29979.97 Efinal -18487.46 Time 229.39 s num residue violations 41 num residue exclusions 60 
I0309 13:43:33.845928 23104255002432 amber_minimize.py:408] Minimizing protein, attempt 1 of 100.
I0309 13:43:35.404269 23104255002432 amber_minimize.py:69] Restraining 7082 / 15158 particles.
sh: /mpcdf/soft/SLE_15/packages/x86_64/alphafold/2.2.0/lib/libtinfo.so.6: no version information available (required by /lib64/libreadline.so.7)
I0309 13:45:23.839569 23104255002432 amber_minimize.py:177] alterations info: {'nonstandard_residues': [], 'removed_heterogens': set(), 'missing_residues': {}, 'missing_heavy_atoms': {}, 'missing_terminals': {}, 'Se_in_MET': [], 'removed_chains': {0: []}}
I0309 13:45:28.402261 23104255002432 amber_minimize.py:500] Iteration completed: Einit 31868.76 Efinal -19699.75 Time 96.01 s num residue violations 34 num residue exclusions 64 
sh: /mpcdf/soft/SLE_15/packages/x86_64/alphafold/2.2.0/lib/libtinfo.so.6: no version information available (required by /lib64/libreadline.so.7)
sh: /mpcdf/soft/SLE_15/packages/x86_64/alphafold/2.2.0/lib/libtinfo.so.6: no version information available (required by /lib64/libreadline.so.7)
I0309 13:45:43.741643 23104255002432 amber_minimize.py:177] alterations info: {'nonstandard_residues': [], 'removed_heterogens': set(), 'missing_residues': {}, 'missing_heavy_atoms': {}, 'missing_terminals': {<Residue 295 (PRO) of chain 0>: ['OXT'], <Residue 954 (ALA) of chain 1>: ['OXT']}, 'Se_in_MET': [], 'removed_chains': {0: []}}
I0309 13:45:46.780079 23104255002432 run_af2c_min.py:110] MYD88_O70585_x1 relaxation done, time spent 545.7 seconds, Efinal -19699.75, rmsd 0.40
I0309 13:45:46.780364 23104255002432 run_af2c_min.py:88] MYD88_O70585_x1 processing model_4_multimer_v2_p1_230309_987870.pdb
sh: /mpcdf/soft/SLE_15/packages/x86_64/alphafold/2.2.0/lib/libtinfo.so.6: no version information available (required by /lib64/libreadline.so.7)
sh: /mpcdf/soft/SLE_15/packages/x86_64/alphafold/2.2.0/lib/libtinfo.so.6: no version information available (required by /lib64/libreadline.so.7)
I0309 13:46:02.310226 23104255002432 amber_minimize.py:177] alterations info: {'nonstandard_residues': [], 'removed_heterogens': set(), 'missing_residues': {}, 'missing_heavy_atoms': {}, 'missing_terminals': {<Residue 295 (PRO) of chain 0>: ['OXT'], <Residue 954 (ALA) of chain 1>: ['OXT']}, 'Se_in_MET': [], 'removed_chains': {0: []}}
I0309 13:46:03.787664 23104255002432 amber_minimize.py:408] Minimizing protein, attempt 1 of 100.
I0309 13:46:05.472840 23104255002432 amber_minimize.py:69] Restraining 7574 / 15158 particles.
sh: /mpcdf/soft/SLE_15/packages/x86_64/alphafold/2.2.0/lib/libtinfo.so.6: no version information available (required by /lib64/libreadline.so.7)
I0309 13:48:10.481570 23104255002432 amber_minimize.py:177] alterations info: {'nonstandard_residues': [], 'removed_heterogens': set(), 'missing_residues': {}, 'missing_heavy_atoms': {}, 'missing_terminals': {}, 'Se_in_MET': [], 'removed_chains': {0: []}}
I0309 13:48:15.007171 23104255002432 amber_minimize.py:500] Iteration completed: Einit 64218.03 Efinal -15922.77 Time 112.14 s num residue violations 24 num residue exclusions 0 
I0309 13:48:15.008075 23104255002432 amber_minimize.py:408] Minimizing protein, attempt 1 of 100.
I0309 13:48:16.550180 23104255002432 amber_minimize.py:69] Restraining 7390 / 15158 particles.
sh: /mpcdf/soft/SLE_15/packages/x86_64/alphafold/2.2.0/lib/libtinfo.so.6: no version information available (required by /lib64/libreadline.so.7)
I0309 13:50:18.591620 23104255002432 amber_minimize.py:177] alterations info: {'nonstandard_residues': [], 'removed_heterogens': set(), 'missing_residues': {}, 'missing_heavy_atoms': {}, 'missing_terminals': {}, 'Se_in_MET': [], 'removed_chains': {0: []}}
I0309 13:50:23.150576 23104255002432 amber_minimize.py:500] Iteration completed: Einit 23540.48 Efinal -19039.63 Time 109.26 s num residue violations 13 num residue exclusions 24 
I0309 13:50:23.151193 23104255002432 amber_minimize.py:408] Minimizing protein, attempt 1 of 100.
I0309 13:50:24.637837 23104255002432 amber_minimize.py:69] Restraining 7390 / 15158 particles.
sh: /mpcdf/soft/SLE_15/packages/x86_64/alphafold/2.2.0/lib/libtinfo.so.6: no version information available (required by /lib64/libreadline.so.7)
I0309 13:53:57.324124 23104255002432 amber_minimize.py:177] alterations info: {'nonstandard_residues': [], 'removed_heterogens': set(), 'missing_residues': {}, 'missing_heavy_atoms': {}, 'missing_terminals': {}, 'Se_in_MET': [], 'removed_chains': {0: []}}
I0309 13:54:01.878483 23104255002432 amber_minimize.py:500] Iteration completed: Einit 19107.57 Efinal -20120.80 Time 200.00 s num residue violations 16 num residue exclusions 24 
sh: /mpcdf/soft/SLE_15/packages/x86_64/alphafold/2.2.0/lib/libtinfo.so.6: no version information available (required by /lib64/libreadline.so.7)
sh: /mpcdf/soft/SLE_15/packages/x86_64/alphafold/2.2.0/lib/libtinfo.so.6: no version information available (required by /lib64/libreadline.so.7)
I0309 13:54:17.509707 23104255002432 amber_minimize.py:177] alterations info: {'nonstandard_residues': [], 'removed_heterogens': set(), 'missing_residues': {}, 'missing_heavy_atoms': {}, 'missing_terminals': {<Residue 295 (PRO) of chain 0>: ['OXT'], <Residue 954 (ALA) of chain 1>: ['OXT']}, 'Se_in_MET': [], 'removed_chains': {0: []}}
I0309 13:54:20.563477 23104255002432 run_af2c_min.py:110] MYD88_O70585_x1 relaxation done, time spent 513.2 seconds, Efinal -20120.80, rmsd 0.39
I0309 13:54:20.563741 23104255002432 run_af2c_min.py:88] MYD88_O70585_x1 processing model_1_multimer_v2_p1_230309_090728.pdb
sh: /mpcdf/soft/SLE_15/packages/x86_64/alphafold/2.2.0/lib/libtinfo.so.6: no version information available (required by /lib64/libreadline.so.7)
sh: /mpcdf/soft/SLE_15/packages/x86_64/alphafold/2.2.0/lib/libtinfo.so.6: no version information available (required by /lib64/libreadline.so.7)
I0309 13:54:35.887954 23104255002432 amber_minimize.py:177] alterations info: {'nonstandard_residues': [], 'removed_heterogens': set(), 'missing_residues': {}, 'missing_heavy_atoms': {}, 'missing_terminals': {<Residue 295 (PRO) of chain 0>: ['OXT'], <Residue 954 (ALA) of chain 1>: ['OXT']}, 'Se_in_MET': [], 'removed_chains': {0: []}}
I0309 13:54:37.304059 23104255002432 amber_minimize.py:408] Minimizing protein, attempt 1 of 100.
I0309 13:54:38.857459 23104255002432 amber_minimize.py:69] Restraining 7574 / 15158 particles.
sh: /mpcdf/soft/SLE_15/packages/x86_64/alphafold/2.2.0/lib/libtinfo.so.6: no version information available (required by /lib64/libreadline.so.7)
I0309 13:56:48.522934 23104255002432 amber_minimize.py:177] alterations info: {'nonstandard_residues': [], 'removed_heterogens': set(), 'missing_residues': {}, 'missing_heavy_atoms': {}, 'missing_terminals': {}, 'Se_in_MET': [], 'removed_chains': {0: []}}
I0309 13:56:53.135453 23104255002432 amber_minimize.py:500] Iteration completed: Einit 2869158075.30 Efinal -16806.35 Time 117.27 s num residue violations 14 num residue exclusions 0 
I0309 13:56:53.136328 23104255002432 amber_minimize.py:408] Minimizing protein, attempt 1 of 100.
I0309 13:56:54.748453 23104255002432 amber_minimize.py:69] Restraining 7458 / 15158 particles.
sh: /mpcdf/soft/SLE_15/packages/x86_64/alphafold/2.2.0/lib/libtinfo.so.6: no version information available (required by /lib64/libreadline.so.7)
I0309 13:58:41.023815 23104255002432 amber_minimize.py:177] alterations info: {'nonstandard_residues': [], 'removed_heterogens': set(), 'missing_residues': {}, 'missing_heavy_atoms': {}, 'missing_terminals': {}, 'Se_in_MET': [], 'removed_chains': {0: []}}
I0309 13:58:45.603897 23104255002432 amber_minimize.py:500] Iteration completed: Einit 20244.31 Efinal -19988.53 Time 94.01 s num residue violations 4 num residue exclusions 14 
I0309 13:58:45.604758 23104255002432 amber_minimize.py:408] Minimizing protein, attempt 1 of 100.
I0309 13:58:47.206506 23104255002432 amber_minimize.py:69] Restraining 7432 / 15158 particles.
sh: /mpcdf/soft/SLE_15/packages/x86_64/alphafold/2.2.0/lib/libtinfo.so.6: no version information available (required by /lib64/libreadline.so.7)
I0309 14:00:34.415574 23104255002432 amber_minimize.py:177] alterations info: {'nonstandard_residues': [], 'removed_heterogens': set(), 'missing_residues': {}, 'missing_heavy_atoms': {}, 'missing_terminals': {}, 'Se_in_MET': [], 'removed_chains': {0: []}}
I0309 14:00:39.010292 23104255002432 amber_minimize.py:500] Iteration completed: Einit 35687.54 Efinal -21066.38 Time 95.22 s num residue violations 3 num residue exclusions 17 
sh: /mpcdf/soft/SLE_15/packages/x86_64/alphafold/2.2.0/lib/libtinfo.so.6: no version information available (required by /lib64/libreadline.so.7)
sh: /mpcdf/soft/SLE_15/packages/x86_64/alphafold/2.2.0/lib/libtinfo.so.6: no version information available (required by /lib64/libreadline.so.7)
I0309 14:00:54.158343 23104255002432 amber_minimize.py:177] alterations info: {'nonstandard_residues': [], 'removed_heterogens': set(), 'missing_residues': {}, 'missing_heavy_atoms': {}, 'missing_terminals': {<Residue 295 (PRO) of chain 0>: ['OXT'], <Residue 954 (ALA) of chain 1>: ['OXT']}, 'Se_in_MET': [], 'removed_chains': {0: []}}
I0309 14:00:57.364182 23104255002432 run_af2c_min.py:110] MYD88_O70585_x1 relaxation done, time spent 396.2 seconds, Efinal -21066.38, rmsd 0.40
I0309 14:00:57.364329 23104255002432 run_af2c_min.py:88] MYD88_O70585_x1 processing model_3_multimer_v2_p1_230309_049281.pdb
sh: /mpcdf/soft/SLE_15/packages/x86_64/alphafold/2.2.0/lib/libtinfo.so.6: no version information available (required by /lib64/libreadline.so.7)
sh: /mpcdf/soft/SLE_15/packages/x86_64/alphafold/2.2.0/lib/libtinfo.so.6: no version information available (required by /lib64/libreadline.so.7)
I0309 14:01:13.041633 23104255002432 amber_minimize.py:177] alterations info: {'nonstandard_residues': [], 'removed_heterogens': set(), 'missing_residues': {}, 'missing_heavy_atoms': {}, 'missing_terminals': {<Residue 295 (PRO) of chain 0>: ['OXT'], <Residue 954 (ALA) of chain 1>: ['OXT']}, 'Se_in_MET': [], 'removed_chains': {0: []}}
I0309 14:01:14.589031 23104255002432 amber_minimize.py:408] Minimizing protein, attempt 1 of 100.
I0309 14:01:16.175212 23104255002432 amber_minimize.py:69] Restraining 7574 / 15158 particles.
sh: /mpcdf/soft/SLE_15/packages/x86_64/alphafold/2.2.0/lib/libtinfo.so.6: no version information available (required by /lib64/libreadline.so.7)
I0309 14:04:02.300623 23104255002432 amber_minimize.py:177] alterations info: {'nonstandard_residues': [], 'removed_heterogens': set(), 'missing_residues': {}, 'missing_heavy_atoms': {}, 'missing_terminals': {}, 'Se_in_MET': [], 'removed_chains': {0: []}}
I0309 14:04:06.963158 23104255002432 amber_minimize.py:500] Iteration completed: Einit 47179519.94 Efinal -14081.88 Time 153.22 s num residue violations 40 num residue exclusions 0 
I0309 14:04:06.964052 23104255002432 amber_minimize.py:408] Minimizing protein, attempt 1 of 100.
I0309 14:04:08.546019 23104255002432 amber_minimize.py:69] Restraining 7266 / 15158 particles.
sh: /mpcdf/soft/SLE_15/packages/x86_64/alphafold/2.2.0/lib/libtinfo.so.6: no version information available (required by /lib64/libreadline.so.7)
I0309 14:06:22.819413 23104255002432 amber_minimize.py:177] alterations info: {'nonstandard_residues': [], 'removed_heterogens': set(), 'missing_residues': {}, 'missing_heavy_atoms': {}, 'missing_terminals': {}, 'Se_in_MET': [], 'removed_chains': {0: []}}
I0309 14:06:27.458010 23104255002432 amber_minimize.py:500] Iteration completed: Einit 30816.54 Efinal -17878.92 Time 121.16 s num residue violations 13 num residue exclusions 40 
I0309 14:06:27.458881 23104255002432 amber_minimize.py:408] Minimizing protein, attempt 1 of 100.
I0309 14:06:29.071250 23104255002432 amber_minimize.py:69] Restraining 7244 / 15158 particles.
sh: /mpcdf/soft/SLE_15/packages/x86_64/alphafold/2.2.0/lib/libtinfo.so.6: no version information available (required by /lib64/libreadline.so.7)
I0309 14:09:14.134156 23104255002432 amber_minimize.py:177] alterations info: {'nonstandard_residues': [], 'removed_heterogens': set(), 'missing_residues': {}, 'missing_heavy_atoms': {}, 'missing_terminals': {}, 'Se_in_MET': [], 'removed_chains': {0: []}}
I0309 14:09:18.719692 23104255002432 amber_minimize.py:500] Iteration completed: Einit 22156.91 Efinal -19093.91 Time 152.15 s num residue violations 13 num residue exclusions 43 
sh: /mpcdf/soft/SLE_15/packages/x86_64/alphafold/2.2.0/lib/libtinfo.so.6: no version information available (required by /lib64/libreadline.so.7)
sh: /mpcdf/soft/SLE_15/packages/x86_64/alphafold/2.2.0/lib/libtinfo.so.6: no version information available (required by /lib64/libreadline.so.7)
I0309 14:09:34.278139 23104255002432 amber_minimize.py:177] alterations info: {'nonstandard_residues': [], 'removed_heterogens': set(), 'missing_residues': {}, 'missing_heavy_atoms': {}, 'missing_terminals': {<Residue 295 (PRO) of chain 0>: ['OXT'], <Residue 954 (ALA) of chain 1>: ['OXT']}, 'Se_in_MET': [], 'removed_chains': {0: []}}
I0309 14:09:37.505226 23104255002432 run_af2c_min.py:110] MYD88_O70585_x1 relaxation done, time spent 519.6 seconds, Efinal -19093.91, rmsd 0.39
                                  
================================= 
Global information about the job: 
================================= 
  
Job owner: flobnow(42847)
Job name:  6_RLX
Node list: ravg1010
Job start: Thu Mar  9 13:29:17 CET 2023
Job end:   Thu Mar  9 14:09:38 CET 2023
Work dir:  /raven/u/flobnow/workingLama/scripts/myRuns/O70585
Command:   /raven/u/flobnow/workingLama/scripts/myRuns/O70585/script3_relaxation.sh
  
  
  
==========================================================================================
Information on jobsteps (Note: MaxRSS/AveRSS is the maximum/average over all 
tasks of the per-task memory high-water marks; cf. "man sacct"): 
==========================================================================================
  
JobID            JobName NNodes NTasks  NCPUS        0.00M        0.00M    Elapsed ExitCode
------------- ---------- ------ ------ ------ ------------ ------------ ---------- --------
4385539            6_RLX      1           108                             00:40:21      0:0
4385539.0        python3      1      1    108    16335.25M    16335.25M   00:40:17      0:0
  
Maximum memory per node: 17.128751 GB (defined as MaxRSS*Ntasks/NNodes)
CPU utilization: 77.9 %
  
