Info: input file name is P40201
Info: input target list is /u/flobnow/workingLama/scripts/myRuns/P40201/target.lst
Info: input feature directory is /u/flobnow/workingLama/feature_files
Info: result output directory is /u/flobnow/workingLama/output_files
Info: model preset is multimer_np
Info: msa pairing is all
Info: recycling setting is 1
Info: using preset super2
Info: set num_ensemble = 2
Info: set max_recyles = 20
Info: set recycle_tol = 0.1
Info: mas_pairing mode is all
I0309 06:30:13.176965 22576829200192 tpu_client.py:54] Starting the local TPU driver.
I0309 06:30:13.177342 22576829200192 xla_bridge.py:212] Unable to initialize backend 'tpu_driver': Not found: Unable to find driver in registry given worker: local://
I0309 06:30:13.552956 22576829200192 xla_bridge.py:212] Unable to initialize backend 'tpu': Invalid argument: TpuPlatform is not available.
I0309 06:30:16.306375 22576829200192 run_af2c_mod.py:481] Have 1 models: ['model_1_multimer_v2_p1']
Info: working on target MYD88_P40201_x1
I0309 06:30:17.307684 22576829200192 run_af2c_mod.py:512] Using random seed 6280295604093292571 for the data pipeline
Info: MYD88_P40201_x1 found monomer MYD88_MOUSE msa_depth = 3425, seq_len = 296, num_templ = 20
Info: MYD88_MOUSE reducing the number of structural templates to 4
Info: MYD88_P40201_x1 found monomer P40201 msa_depth = 43559, seq_len = 1711, num_templ = 20
Info: P40201 MSA size is too large, reducing to 10000
Info: P40201 reducing the number of structural templates to 4
Info: 2 chain(s) to model {'A': 'MYD88_MOUSE_1', 'B': 'P40201_1'}
Info: modeling MYD88_P40201_x1 with msa_depth = 6706, seq_len = 2007, num_templ = 8
I0309 06:30:19.868640 22576829200192 run_af2c_mod.py:216] Running model model_1_multimer_v2_p1_230309_292571
I0309 06:30:19.869104 22576829200192 model.py:205] Running predict with shape(feat) = {'msa': (6706, 2007), 'bert_mask': (6706, 2007), 'num_alignments': (), 'aatype': (2007,), 'seq_length': (), 'template_aatype': (8, 2007), 'template_all_atom_mask': (8, 2007, 37), 'template_all_atom_positions': (8, 2007, 37, 3), 'all_atom_positions': (2007, 37, 3), 'template_domain_names': (8,), 'asym_id': (2007,), 'sym_id': (2007,), 'entity_id': (2007,), 'residue_index': (2007,), 'deletion_matrix': (6706, 2007), 'seq_mask': (2007,), 'msa_mask': (6706, 2007), 'cluster_bias_mask': (6706,), 'pdb_residue_index': (2007,)}
I0309 08:22:27.039847 22576829200192 run_af2c_mod.py:270] Total JAX model model_1_multimer_v2_p1_230309_292571 predict time (includes compilation time): 6727.2 seconds
Info: MYD88_P40201_x1 model_1_multimer_v2_p1_230309_292571_recycled_00,  tol =   inf, pLDDT = 59.94, pTM-score = 0.4295, piTM-score = 0.0000, interface-score = 0.0000, iRes = 0    iCnt = 0   
Info: MYD88_P40201_x1 model_1_multimer_v2_p1_230309_292571_recycled_01,  tol = 121.99, pLDDT = 61.14, pTM-score = 0.4366, piTM-score = 0.0000, interface-score = 0.0000, iRes = 0    iCnt = 0   
Info: MYD88_P40201_x1 model_1_multimer_v2_p1_230309_292571_recycled_02,  tol = 32.00, pLDDT = 60.96, pTM-score = 0.4411, piTM-score = 0.0000, interface-score = 0.0000, iRes = 0    iCnt = 0   
Info: MYD88_P40201_x1 model_1_multimer_v2_p1_230309_292571_recycled_03,  tol = 21.84, pLDDT = 61.34, pTM-score = 0.4404, piTM-score = 0.0000, interface-score = 0.0000, iRes = 0    iCnt = 0   
Info: MYD88_P40201_x1 model_1_multimer_v2_p1_230309_292571_recycled_04,  tol = 13.72, pLDDT = 61.24, pTM-score = 0.4406, piTM-score = 0.0000, interface-score = 0.0000, iRes = 0    iCnt = 0   
Info: MYD88_P40201_x1 model_1_multimer_v2_p1_230309_292571_recycled_05,  tol = 10.62, pLDDT = 61.21, pTM-score = 0.4398, piTM-score = 0.0000, interface-score = 0.0000, iRes = 0    iCnt = 0   
Info: MYD88_P40201_x1 model_1_multimer_v2_p1_230309_292571_recycled_06,  tol = 14.91, pLDDT = 61.38, pTM-score = 0.4410, piTM-score = 0.0000, interface-score = 0.0000, iRes = 0    iCnt = 0   
Info: MYD88_P40201_x1 model_1_multimer_v2_p1_230309_292571_recycled_07,  tol = 30.34, pLDDT = 61.85, pTM-score = 0.4439, piTM-score = 0.0000, interface-score = 0.0000, iRes = 0    iCnt = 0   
Info: MYD88_P40201_x1 model_1_multimer_v2_p1_230309_292571_recycled_08,  tol = 36.08, pLDDT = 61.79, pTM-score = 0.4447, piTM-score = 0.0000, interface-score = 0.0000, iRes = 0    iCnt = 0   
Info: MYD88_P40201_x1 model_1_multimer_v2_p1_230309_292571_recycled_09,  tol = 12.14, pLDDT = 61.37, pTM-score = 0.4451, piTM-score = 0.0000, interface-score = 0.0000, iRes = 0    iCnt = 0   
Info: MYD88_P40201_x1 model_1_multimer_v2_p1_230309_292571_recycled_10,  tol = 25.73, pLDDT = 61.13, pTM-score = 0.4469, piTM-score = 0.0000, interface-score = 0.0000, iRes = 0    iCnt = 0   
Info: MYD88_P40201_x1 model_1_multimer_v2_p1_230309_292571_recycled_11,  tol = 19.82, pLDDT = 61.12, pTM-score = 0.4492, piTM-score = 0.0000, interface-score = 0.0000, iRes = 0    iCnt = 0   
Info: MYD88_P40201_x1 model_1_multimer_v2_p1_230309_292571_recycled_12,  tol = 19.87, pLDDT = 61.22, pTM-score = 0.4516, piTM-score = 0.0000, interface-score = 0.0000, iRes = 0    iCnt = 0   
Info: MYD88_P40201_x1 model_1_multimer_v2_p1_230309_292571_recycled_13,  tol =  8.42, pLDDT = 61.52, pTM-score = 0.4440, piTM-score = 0.0000, interface-score = 0.0000, iRes = 0    iCnt = 0   
Info: MYD88_P40201_x1 model_1_multimer_v2_p1_230309_292571_recycled_14,  tol = 15.04, pLDDT = 61.42, pTM-score = 0.4443, piTM-score = 0.0000, interface-score = 0.0000, iRes = 0    iCnt = 0   
Info: MYD88_P40201_x1 model_1_multimer_v2_p1_230309_292571_recycled_15,  tol = 13.39, pLDDT = 61.39, pTM-score = 0.4430, piTM-score = 0.0000, interface-score = 0.0000, iRes = 0    iCnt = 0   
Info: MYD88_P40201_x1 model_1_multimer_v2_p1_230309_292571_recycled_16,  tol =  9.81, pLDDT = 61.87, pTM-score = 0.4446, piTM-score = 0.0000, interface-score = 0.0000, iRes = 0    iCnt = 0   
Info: MYD88_P40201_x1 model_1_multimer_v2_p1_230309_292571_recycled_17,  tol = 13.36, pLDDT = 61.79, pTM-score = 0.4428, piTM-score = 0.0000, interface-score = 0.0000, iRes = 0    iCnt = 0   
Info: MYD88_P40201_x1 model_1_multimer_v2_p1_230309_292571_recycled_18,  tol = 13.04, pLDDT = 61.74, pTM-score = 0.4436, piTM-score = 0.0000, interface-score = 0.0000, iRes = 0    iCnt = 0   
Info: MYD88_P40201_x1 model_1_multimer_v2_p1_230309_292571_recycled_19,  tol = 10.16, pLDDT = 61.67, pTM-score = 0.4419, piTM-score = 0.0000, interface-score = 0.0000, iRes = 0    iCnt = 0   
Info: MYD88_P40201_x1 model_1_multimer_v2_p1_230309_292571 performed 20 recycles, final tol = 13.44, pLDDT = 61.16, pTM-score = 0.4426, piTM-score = 0.0000, interface-score = 0.0000, iRes = 0    iCnt = 0   
Info: num_clusters = 2, cluster_sizes = [1, 1],  clusters = [['MYD88_MOUSE_0'], ['P40201_0']]

I0309 08:22:35.595933 22576829200192 run_af2c_mod.py:404] Final timings for MYD88_P40201_x1: {'features': 2.56, 'process_features_model_1_multimer_v2_p1_230309_292571': 0.0, 'predict_and_compile_model_1_multimer_v2_p1_230309_292571': 6727.2}
                                  
================================= 
Global information about the job: 
================================= 
  
Job owner: flobnow(42847)
Job name:  1_AF2C
Node list: ravg1088
Job start: Thu Mar  9 06:30:04 CET 2023
Job end:   Thu Mar  9 08:22:40 CET 2023
Work dir:  /raven/u/flobnow/workingLama/scripts/myRuns/P40201
Command:   /raven/u/flobnow/workingLama/scripts/myRuns/P40201/script2_comp_model_1.sh
  
  
  
==========================================================================================
Information on jobsteps (Note: MaxRSS/AveRSS is the maximum/average over all 
tasks of the per-task memory high-water marks; cf. "man sacct"): 
==========================================================================================
  
JobID            JobName NNodes NTasks  NCPUS        0.00M        0.00M    Elapsed ExitCode
------------- ---------- ------ ------ ------ ------------ ------------ ---------- --------
4385298           1_AF2C      1           108                             01:52:36      0:0
4385298.0        python3      1      1    108    59811.54M    59811.54M   01:52:32      0:0
  
Maximum memory per node: 62.716940 GB (defined as MaxRSS*Ntasks/NNodes)
CPU utilization: 1.9 %
  
Info: input file name is P40201
Info: input target list is /u/flobnow/workingLama/scripts/myRuns/P40201/target.lst
Info: input feature directory is /u/flobnow/workingLama/feature_files
Info: result output directory is /u/flobnow/workingLama/output_files
Info: model preset is multimer_np
Info: msa pairing is all
Info: recycling setting is 1
Info: using preset super2
Info: set num_ensemble = 2
Info: set max_recyles = 20
Info: set recycle_tol = 0.1
Info: mas_pairing mode is all
I0309 06:34:37.194628 22727124301632 tpu_client.py:54] Starting the local TPU driver.
I0309 06:34:37.195019 22727124301632 xla_bridge.py:212] Unable to initialize backend 'tpu_driver': Not found: Unable to find driver in registry given worker: local://
I0309 06:34:37.564217 22727124301632 xla_bridge.py:212] Unable to initialize backend 'tpu': Invalid argument: TpuPlatform is not available.
I0309 06:34:40.310247 22727124301632 run_af2c_mod.py:481] Have 1 models: ['model_2_multimer_v2_p1']
Info: working on target MYD88_P40201_x1
I0309 06:34:50.320848 22727124301632 run_af2c_mod.py:512] Using random seed 5982598056083094714 for the data pipeline
Info: MYD88_P40201_x1 found monomer MYD88_MOUSE msa_depth = 3425, seq_len = 296, num_templ = 20
Info: MYD88_MOUSE reducing the number of structural templates to 4
Info: MYD88_P40201_x1 found monomer P40201 msa_depth = 43559, seq_len = 1711, num_templ = 20
Info: P40201 MSA size is too large, reducing to 10000
Info: P40201 reducing the number of structural templates to 4
Info: 2 chain(s) to model {'A': 'MYD88_MOUSE_1', 'B': 'P40201_1'}
Info: modeling MYD88_P40201_x1 with msa_depth = 6706, seq_len = 2007, num_templ = 8
I0309 06:34:52.709023 22727124301632 run_af2c_mod.py:216] Running model model_2_multimer_v2_p1_230309_094714
I0309 06:34:52.709504 22727124301632 model.py:205] Running predict with shape(feat) = {'msa': (6706, 2007), 'bert_mask': (6706, 2007), 'num_alignments': (), 'aatype': (2007,), 'seq_length': (), 'template_aatype': (8, 2007), 'template_all_atom_mask': (8, 2007, 37), 'template_all_atom_positions': (8, 2007, 37, 3), 'all_atom_positions': (2007, 37, 3), 'template_domain_names': (8,), 'asym_id': (2007,), 'sym_id': (2007,), 'entity_id': (2007,), 'residue_index': (2007,), 'deletion_matrix': (6706, 2007), 'seq_mask': (2007,), 'msa_mask': (6706, 2007), 'cluster_bias_mask': (6706,), 'pdb_residue_index': (2007,)}
I0309 08:27:16.532219 22727124301632 run_af2c_mod.py:270] Total JAX model model_2_multimer_v2_p1_230309_094714 predict time (includes compilation time): 6743.8 seconds
Info: MYD88_P40201_x1 model_2_multimer_v2_p1_230309_094714_recycled_00,  tol =   inf, pLDDT = 58.97, pTM-score = 0.4473, piTM-score = 0.0000, interface-score = 0.0000, iRes = 0    iCnt = 0   
Info: MYD88_P40201_x1 model_2_multimer_v2_p1_230309_094714_recycled_01,  tol = 120.10, pLDDT = 59.66, pTM-score = 0.4491, piTM-score = 0.0000, interface-score = 0.0000, iRes = 0    iCnt = 0   
Info: MYD88_P40201_x1 model_2_multimer_v2_p1_230309_094714_recycled_02,  tol = 26.97, pLDDT = 59.71, pTM-score = 0.4484, piTM-score = 0.0000, interface-score = 0.0000, iRes = 0    iCnt = 0   
Info: MYD88_P40201_x1 model_2_multimer_v2_p1_230309_094714_recycled_03,  tol = 29.37, pLDDT = 59.44, pTM-score = 0.4486, piTM-score = 0.0000, interface-score = 0.0000, iRes = 0    iCnt = 0   
Info: MYD88_P40201_x1 model_2_multimer_v2_p1_230309_094714_recycled_04,  tol = 27.98, pLDDT = 60.75, pTM-score = 0.4504, piTM-score = 0.3274, interface-score = 0.0016, iRes = 30   iCnt = 55  
Info: MYD88_P40201_x1 model_2_multimer_v2_p1_230309_094714_recycled_05,  tol = 22.92, pLDDT = 60.38, pTM-score = 0.4505, piTM-score = 0.0000, interface-score = 0.0000, iRes = 0    iCnt = 0   
Info: MYD88_P40201_x1 model_2_multimer_v2_p1_230309_094714_recycled_06,  tol = 17.54, pLDDT = 60.02, pTM-score = 0.4532, piTM-score = 0.0000, interface-score = 0.0000, iRes = 0    iCnt = 0   
Info: MYD88_P40201_x1 model_2_multimer_v2_p1_230309_094714_recycled_07,  tol = 11.34, pLDDT = 59.45, pTM-score = 0.4527, piTM-score = 0.0075, interface-score = 0.0000, iRes = 6    iCnt = 6   
Info: MYD88_P40201_x1 model_2_multimer_v2_p1_230309_094714_recycled_08,  tol = 13.03, pLDDT = 59.84, pTM-score = 0.4530, piTM-score = 0.0000, interface-score = 0.0000, iRes = 0    iCnt = 0   
Info: MYD88_P40201_x1 model_2_multimer_v2_p1_230309_094714_recycled_09,  tol = 13.70, pLDDT = 59.96, pTM-score = 0.4569, piTM-score = 0.0672, interface-score = 0.0008, iRes = 25   iCnt = 35  
Info: MYD88_P40201_x1 model_2_multimer_v2_p1_230309_094714_recycled_10,  tol = 15.18, pLDDT = 59.82, pTM-score = 0.4557, piTM-score = 0.0000, interface-score = 0.0000, iRes = 0    iCnt = 0   
Info: MYD88_P40201_x1 model_2_multimer_v2_p1_230309_094714_recycled_11,  tol = 25.12, pLDDT = 60.03, pTM-score = 0.4543, piTM-score = 0.0000, interface-score = 0.0000, iRes = 0    iCnt = 0   
Info: MYD88_P40201_x1 model_2_multimer_v2_p1_230309_094714_recycled_12,  tol = 16.44, pLDDT = 59.99, pTM-score = 0.4512, piTM-score = 0.0000, interface-score = 0.0000, iRes = 0    iCnt = 0   
Info: MYD88_P40201_x1 model_2_multimer_v2_p1_230309_094714_recycled_13,  tol = 20.55, pLDDT = 60.00, pTM-score = 0.4530, piTM-score = 0.0245, interface-score = 0.0001, iRes = 16   iCnt = 22  
Info: MYD88_P40201_x1 model_2_multimer_v2_p1_230309_094714_recycled_14,  tol = 15.14, pLDDT = 60.43, pTM-score = 0.4561, piTM-score = 0.0000, interface-score = 0.0000, iRes = 0    iCnt = 0   
Info: MYD88_P40201_x1 model_2_multimer_v2_p1_230309_094714_recycled_15,  tol = 19.47, pLDDT = 60.36, pTM-score = 0.4550, piTM-score = 0.0000, interface-score = 0.0000, iRes = 0    iCnt = 0   
Info: MYD88_P40201_x1 model_2_multimer_v2_p1_230309_094714_recycled_16,  tol = 17.39, pLDDT = 60.01, pTM-score = 0.4549, piTM-score = 0.0000, interface-score = 0.0000, iRes = 0    iCnt = 0   
Info: MYD88_P40201_x1 model_2_multimer_v2_p1_230309_094714_recycled_17,  tol = 22.60, pLDDT = 59.97, pTM-score = 0.4575, piTM-score = 0.0000, interface-score = 0.0000, iRes = 0    iCnt = 0   
Info: MYD88_P40201_x1 model_2_multimer_v2_p1_230309_094714_recycled_18,  tol = 10.04, pLDDT = 59.72, pTM-score = 0.4561, piTM-score = 0.0000, interface-score = 0.0000, iRes = 0    iCnt = 0   
Info: MYD88_P40201_x1 model_2_multimer_v2_p1_230309_094714_recycled_19,  tol = 19.90, pLDDT = 59.90, pTM-score = 0.4577, piTM-score = 0.0000, interface-score = 0.0000, iRes = 0    iCnt = 0   
Info: MYD88_P40201_x1 model_2_multimer_v2_p1_230309_094714 performed 20 recycles, final tol = 20.81, pLDDT = 59.71, pTM-score = 0.4564, piTM-score = 0.0000, interface-score = 0.0000, iRes = 0    iCnt = 0   
Info: num_clusters = 2, cluster_sizes = [1, 1],  clusters = [['MYD88_MOUSE_0'], ['P40201_0']]

I0309 08:27:25.005248 22727124301632 run_af2c_mod.py:404] Final timings for MYD88_P40201_x1: {'features': 2.39, 'process_features_model_2_multimer_v2_p1_230309_094714': 0.0, 'predict_and_compile_model_2_multimer_v2_p1_230309_094714': 6743.8}
                                  
================================= 
Global information about the job: 
================================= 
  
Job owner: flobnow(42847)
Job name:  2_AF2C
Node list: ravg1091
Job start: Thu Mar  9 06:34:30 CET 2023
Job end:   Thu Mar  9 08:27:29 CET 2023
Work dir:  /raven/u/flobnow/workingLama/scripts/myRuns/P40201
Command:   /raven/u/flobnow/workingLama/scripts/myRuns/P40201/script2_comp_model_2.sh
  
  
  
==========================================================================================
Information on jobsteps (Note: MaxRSS/AveRSS is the maximum/average over all 
tasks of the per-task memory high-water marks; cf. "man sacct"): 
==========================================================================================
  
JobID            JobName NNodes NTasks  NCPUS        0.00M        0.00M    Elapsed ExitCode
------------- ---------- ------ ------ ------ ------------ ------------ ---------- --------
4385302           2_AF2C      1           108                             01:52:59      0:0
4385302.0        python3      1      1    108    59925.77M    59925.77M   01:52:57      0:0
  
Maximum memory per node: 62.836720 GB (defined as MaxRSS*Ntasks/NNodes)
CPU utilization: 1.9 %
  
Info: input file name is P40201
Info: input target list is /u/flobnow/workingLama/scripts/myRuns/P40201/target.lst
Info: input feature directory is /u/flobnow/workingLama/feature_files
Info: result output directory is /u/flobnow/workingLama/output_files
Info: model preset is multimer_np
Info: msa pairing is all
Info: recycling setting is 1
Info: using preset super2
Info: set num_ensemble = 2
Info: set max_recyles = 20
Info: set recycle_tol = 0.1
Info: mas_pairing mode is all
I0309 06:56:58.217974 23274644019008 tpu_client.py:54] Starting the local TPU driver.
I0309 06:56:58.220690 23274644019008 xla_bridge.py:212] Unable to initialize backend 'tpu_driver': Not found: Unable to find driver in registry given worker: local://
I0309 06:56:58.596582 23274644019008 xla_bridge.py:212] Unable to initialize backend 'tpu': Invalid argument: TpuPlatform is not available.
I0309 06:57:01.330630 23274644019008 run_af2c_mod.py:481] Have 1 models: ['model_3_multimer_v2_p1']
Info: working on target MYD88_P40201_x1
I0309 06:57:10.339849 23274644019008 run_af2c_mod.py:512] Using random seed 673715449908917536 for the data pipeline
Info: MYD88_P40201_x1 found monomer MYD88_MOUSE msa_depth = 3425, seq_len = 296, num_templ = 20
Info: MYD88_MOUSE reducing the number of structural templates to 4
Info: MYD88_P40201_x1 found monomer P40201 msa_depth = 43559, seq_len = 1711, num_templ = 20
Info: P40201 MSA size is too large, reducing to 10000
Info: P40201 reducing the number of structural templates to 4
Info: 2 chain(s) to model {'A': 'MYD88_MOUSE_1', 'B': 'P40201_1'}
Info: modeling MYD88_P40201_x1 with msa_depth = 6706, seq_len = 2007, num_templ = 8
I0309 06:57:12.712603 23274644019008 run_af2c_mod.py:216] Running model model_3_multimer_v2_p1_230309_917536
I0309 06:57:12.713071 23274644019008 model.py:205] Running predict with shape(feat) = {'msa': (6706, 2007), 'bert_mask': (6706, 2007), 'num_alignments': (), 'aatype': (2007,), 'seq_length': (), 'template_aatype': (8, 2007), 'template_all_atom_mask': (8, 2007, 37), 'template_all_atom_positions': (8, 2007, 37, 3), 'all_atom_positions': (2007, 37, 3), 'template_domain_names': (8,), 'asym_id': (2007,), 'sym_id': (2007,), 'entity_id': (2007,), 'residue_index': (2007,), 'deletion_matrix': (6706, 2007), 'seq_mask': (2007,), 'msa_mask': (6706, 2007), 'cluster_bias_mask': (6706,), 'pdb_residue_index': (2007,)}
I0309 08:49:37.301186 23274644019008 run_af2c_mod.py:270] Total JAX model model_3_multimer_v2_p1_230309_917536 predict time (includes compilation time): 6744.6 seconds
Info: MYD88_P40201_x1 model_3_multimer_v2_p1_230309_917536_recycled_00,  tol =   inf, pLDDT = 57.73, pTM-score = 0.4526, piTM-score = 0.0000, interface-score = 0.0000, iRes = 0    iCnt = 0   
Info: MYD88_P40201_x1 model_3_multimer_v2_p1_230309_917536_recycled_01,  tol = 130.50, pLDDT = 59.95, pTM-score = 0.4555, piTM-score = 0.0000, interface-score = 0.0000, iRes = 0    iCnt = 0   
Info: MYD88_P40201_x1 model_3_multimer_v2_p1_230309_917536_recycled_02,  tol = 20.98, pLDDT = 60.28, pTM-score = 0.4573, piTM-score = 0.1508, interface-score = 0.0021, iRes = 32   iCnt = 31  
Info: MYD88_P40201_x1 model_3_multimer_v2_p1_230309_917536_recycled_03,  tol = 37.29, pLDDT = 60.56, pTM-score = 0.4561, piTM-score = 0.4240, interface-score = 0.0043, iRes = 42   iCnt = 75  
Info: MYD88_P40201_x1 model_3_multimer_v2_p1_230309_917536_recycled_04,  tol = 22.81, pLDDT = 61.21, pTM-score = 0.4593, piTM-score = 0.0000, interface-score = 0.0000, iRes = 0    iCnt = 0   
Info: MYD88_P40201_x1 model_3_multimer_v2_p1_230309_917536_recycled_05,  tol = 15.96, pLDDT = 61.16, pTM-score = 0.4596, piTM-score = 0.0056, interface-score = 0.0000, iRes = 4    iCnt = 3   
Info: MYD88_P40201_x1 model_3_multimer_v2_p1_230309_917536_recycled_06,  tol = 14.30, pLDDT = 60.77, pTM-score = 0.4589, piTM-score = 0.2602, interface-score = 0.0018, iRes = 31   iCnt = 32  
Info: MYD88_P40201_x1 model_3_multimer_v2_p1_230309_917536_recycled_07,  tol = 27.68, pLDDT = 60.64, pTM-score = 0.4586, piTM-score = 0.0000, interface-score = 0.0000, iRes = 0    iCnt = 0   
Info: MYD88_P40201_x1 model_3_multimer_v2_p1_230309_917536_recycled_08,  tol = 34.62, pLDDT = 61.52, pTM-score = 0.4602, piTM-score = 0.0000, interface-score = 0.0000, iRes = 0    iCnt = 0   
Info: MYD88_P40201_x1 model_3_multimer_v2_p1_230309_917536_recycled_09,  tol = 26.20, pLDDT = 60.98, pTM-score = 0.4770, piTM-score = 0.0000, interface-score = 0.0000, iRes = 0    iCnt = 0   
Info: MYD88_P40201_x1 model_3_multimer_v2_p1_230309_917536_recycled_10,  tol = 29.27, pLDDT = 61.36, pTM-score = 0.4617, piTM-score = 0.0000, interface-score = 0.0000, iRes = 0    iCnt = 0   
Info: MYD88_P40201_x1 model_3_multimer_v2_p1_230309_917536_recycled_11,  tol = 28.73, pLDDT = 61.51, pTM-score = 0.4592, piTM-score = 0.0000, interface-score = 0.0000, iRes = 0    iCnt = 0   
Info: MYD88_P40201_x1 model_3_multimer_v2_p1_230309_917536_recycled_12,  tol = 21.96, pLDDT = 61.29, pTM-score = 0.4619, piTM-score = 0.0000, interface-score = 0.0000, iRes = 0    iCnt = 0   
Info: MYD88_P40201_x1 model_3_multimer_v2_p1_230309_917536_recycled_13,  tol = 19.52, pLDDT = 61.25, pTM-score = 0.4672, piTM-score = 0.0000, interface-score = 0.0000, iRes = 0    iCnt = 0   
Info: MYD88_P40201_x1 model_3_multimer_v2_p1_230309_917536_recycled_14,  tol = 13.33, pLDDT = 61.50, pTM-score = 0.4600, piTM-score = 0.0000, interface-score = 0.0000, iRes = 0    iCnt = 0   
Info: MYD88_P40201_x1 model_3_multimer_v2_p1_230309_917536_recycled_15,  tol = 23.32, pLDDT = 61.72, pTM-score = 0.4601, piTM-score = 0.0000, interface-score = 0.0000, iRes = 0    iCnt = 0   
Info: MYD88_P40201_x1 model_3_multimer_v2_p1_230309_917536_recycled_16,  tol = 18.67, pLDDT = 61.72, pTM-score = 0.4595, piTM-score = 0.0000, interface-score = 0.0000, iRes = 0    iCnt = 0   
Info: MYD88_P40201_x1 model_3_multimer_v2_p1_230309_917536_recycled_17,  tol = 12.97, pLDDT = 61.46, pTM-score = 0.4591, piTM-score = 0.0000, interface-score = 0.0000, iRes = 0    iCnt = 0   
Info: MYD88_P40201_x1 model_3_multimer_v2_p1_230309_917536_recycled_18,  tol = 19.57, pLDDT = 61.14, pTM-score = 0.4643, piTM-score = 0.0000, interface-score = 0.0000, iRes = 0    iCnt = 0   
Info: MYD88_P40201_x1 model_3_multimer_v2_p1_230309_917536_recycled_19,  tol = 31.31, pLDDT = 61.38, pTM-score = 0.4639, piTM-score = 0.0000, interface-score = 0.0000, iRes = 0    iCnt = 0   
Info: MYD88_P40201_x1 model_3_multimer_v2_p1_230309_917536 performed 20 recycles, final tol = 19.52, pLDDT = 61.70, pTM-score = 0.4596, piTM-score = 0.0000, interface-score = 0.0000, iRes = 0    iCnt = 0   
Info: num_clusters = 2, cluster_sizes = [1, 1],  clusters = [['MYD88_MOUSE_0'], ['P40201_0']]

I0309 08:49:45.759859 23274644019008 run_af2c_mod.py:404] Final timings for MYD88_P40201_x1: {'features': 2.37, 'process_features_model_3_multimer_v2_p1_230309_917536': 0.0, 'predict_and_compile_model_3_multimer_v2_p1_230309_917536': 6744.6}
                                  
================================= 
Global information about the job: 
================================= 
  
Job owner: flobnow(42847)
Job name:  3_AF2C
Node list: ravg1049
Job start: Thu Mar  9 06:56:47 CET 2023
Job end:   Thu Mar  9 08:49:50 CET 2023
Work dir:  /raven/u/flobnow/workingLama/scripts/myRuns/P40201
Command:   /raven/u/flobnow/workingLama/scripts/myRuns/P40201/script2_comp_model_3.sh
  
  
  
==========================================================================================
Information on jobsteps (Note: MaxRSS/AveRSS is the maximum/average over all 
tasks of the per-task memory high-water marks; cf. "man sacct"): 
==========================================================================================
  
JobID            JobName NNodes NTasks  NCPUS        0.00M        0.00M    Elapsed ExitCode
------------- ---------- ------ ------ ------ ------------ ------------ ---------- --------
4385311           3_AF2C      1           108                             01:53:03      0:0
4385311.0        python3      1      1    108    59839.12M    59839.12M   01:53:00      0:0
  
Maximum memory per node: 62.745870 GB (defined as MaxRSS*Ntasks/NNodes)
CPU utilization: 1.9 %
  
Info: input file name is P40201
Info: input target list is /u/flobnow/workingLama/scripts/myRuns/P40201/target.lst
Info: input feature directory is /u/flobnow/workingLama/feature_files
Info: result output directory is /u/flobnow/workingLama/output_files
Info: model preset is multimer_np
Info: msa pairing is all
Info: recycling setting is 1
Info: using preset super2
Info: set num_ensemble = 2
Info: set max_recyles = 20
Info: set recycle_tol = 0.1
Info: mas_pairing mode is all
I0309 08:39:51.214029 22598230943552 tpu_client.py:54] Starting the local TPU driver.
I0309 08:39:51.214436 22598230943552 xla_bridge.py:212] Unable to initialize backend 'tpu_driver': Not found: Unable to find driver in registry given worker: local://
I0309 08:39:51.583712 22598230943552 xla_bridge.py:212] Unable to initialize backend 'tpu': Invalid argument: TpuPlatform is not available.
I0309 08:39:54.306308 22598230943552 run_af2c_mod.py:481] Have 1 models: ['model_4_multimer_v2_p1']
Info: working on target MYD88_P40201_x1
I0309 08:39:54.306832 22598230943552 run_af2c_mod.py:512] Using random seed 6023223023509263478 for the data pipeline
Info: MYD88_P40201_x1 found monomer MYD88_MOUSE msa_depth = 3425, seq_len = 296, num_templ = 20
Info: MYD88_MOUSE reducing the number of structural templates to 4
Info: MYD88_P40201_x1 found monomer P40201 msa_depth = 43559, seq_len = 1711, num_templ = 20
Info: P40201 MSA size is too large, reducing to 10000
Info: P40201 reducing the number of structural templates to 4
Info: 2 chain(s) to model {'A': 'MYD88_MOUSE_1', 'B': 'P40201_1'}
Info: modeling MYD88_P40201_x1 with msa_depth = 6706, seq_len = 2007, num_templ = 8
I0309 08:39:57.904739 22598230943552 run_af2c_mod.py:216] Running model model_4_multimer_v2_p1_230309_263478
I0309 08:39:57.905231 22598230943552 model.py:205] Running predict with shape(feat) = {'msa': (6706, 2007), 'bert_mask': (6706, 2007), 'num_alignments': (), 'aatype': (2007,), 'seq_length': (), 'template_aatype': (8, 2007), 'template_all_atom_mask': (8, 2007, 37), 'template_all_atom_positions': (8, 2007, 37, 3), 'all_atom_positions': (2007, 37, 3), 'template_domain_names': (8,), 'asym_id': (2007,), 'sym_id': (2007,), 'entity_id': (2007,), 'residue_index': (2007,), 'deletion_matrix': (6706, 2007), 'seq_mask': (2007,), 'msa_mask': (6706, 2007), 'cluster_bias_mask': (6706,), 'pdb_residue_index': (2007,)}
I0309 10:32:00.301218 22598230943552 run_af2c_mod.py:270] Total JAX model model_4_multimer_v2_p1_230309_263478 predict time (includes compilation time): 6722.4 seconds
Info: MYD88_P40201_x1 model_4_multimer_v2_p1_230309_263478_recycled_00,  tol =   inf, pLDDT = 59.57, pTM-score = 0.4523, piTM-score = 0.0000, interface-score = 0.0000, iRes = 0    iCnt = 0   
Info: MYD88_P40201_x1 model_4_multimer_v2_p1_230309_263478_recycled_01,  tol = 97.52, pLDDT = 60.31, pTM-score = 0.4466, piTM-score = 0.0000, interface-score = 0.0000, iRes = 0    iCnt = 0   
Info: MYD88_P40201_x1 model_4_multimer_v2_p1_230309_263478_recycled_02,  tol = 20.74, pLDDT = 61.20, pTM-score = 0.4490, piTM-score = 0.0000, interface-score = 0.0000, iRes = 0    iCnt = 0   
Info: MYD88_P40201_x1 model_4_multimer_v2_p1_230309_263478_recycled_03,  tol = 16.52, pLDDT = 61.27, pTM-score = 0.4483, piTM-score = 0.0000, interface-score = 0.0000, iRes = 0    iCnt = 0   
Info: MYD88_P40201_x1 model_4_multimer_v2_p1_230309_263478_recycled_04,  tol = 16.73, pLDDT = 61.83, pTM-score = 0.4500, piTM-score = 0.0000, interface-score = 0.0000, iRes = 0    iCnt = 0   
Info: MYD88_P40201_x1 model_4_multimer_v2_p1_230309_263478_recycled_05,  tol = 13.19, pLDDT = 62.03, pTM-score = 0.4504, piTM-score = 0.0000, interface-score = 0.0000, iRes = 0    iCnt = 0   
Info: MYD88_P40201_x1 model_4_multimer_v2_p1_230309_263478_recycled_06,  tol = 14.42, pLDDT = 61.62, pTM-score = 0.4512, piTM-score = 0.0000, interface-score = 0.0000, iRes = 0    iCnt = 0   
Info: MYD88_P40201_x1 model_4_multimer_v2_p1_230309_263478_recycled_07,  tol =  9.44, pLDDT = 61.83, pTM-score = 0.4514, piTM-score = 0.0000, interface-score = 0.0000, iRes = 0    iCnt = 0   
Info: MYD88_P40201_x1 model_4_multimer_v2_p1_230309_263478_recycled_08,  tol = 10.56, pLDDT = 61.87, pTM-score = 0.4530, piTM-score = 0.0000, interface-score = 0.0000, iRes = 0    iCnt = 0   
Info: MYD88_P40201_x1 model_4_multimer_v2_p1_230309_263478_recycled_09,  tol =  9.60, pLDDT = 62.26, pTM-score = 0.4529, piTM-score = 0.0000, interface-score = 0.0000, iRes = 0    iCnt = 0   
Info: MYD88_P40201_x1 model_4_multimer_v2_p1_230309_263478_recycled_10,  tol = 10.32, pLDDT = 62.10, pTM-score = 0.4533, piTM-score = 0.0000, interface-score = 0.0000, iRes = 0    iCnt = 0   
Info: MYD88_P40201_x1 model_4_multimer_v2_p1_230309_263478_recycled_11,  tol =  9.72, pLDDT = 62.14, pTM-score = 0.4542, piTM-score = 0.0000, interface-score = 0.0000, iRes = 0    iCnt = 0   
Info: MYD88_P40201_x1 model_4_multimer_v2_p1_230309_263478_recycled_12,  tol = 10.89, pLDDT = 62.01, pTM-score = 0.4536, piTM-score = 0.0000, interface-score = 0.0000, iRes = 0    iCnt = 0   
Info: MYD88_P40201_x1 model_4_multimer_v2_p1_230309_263478_recycled_13,  tol = 10.88, pLDDT = 61.57, pTM-score = 0.4547, piTM-score = 0.0000, interface-score = 0.0000, iRes = 0    iCnt = 0   
Info: MYD88_P40201_x1 model_4_multimer_v2_p1_230309_263478_recycled_14,  tol = 23.37, pLDDT = 61.85, pTM-score = 0.4564, piTM-score = 0.0000, interface-score = 0.0000, iRes = 0    iCnt = 0   
Info: MYD88_P40201_x1 model_4_multimer_v2_p1_230309_263478_recycled_15,  tol = 24.18, pLDDT = 61.71, pTM-score = 0.4555, piTM-score = 0.0000, interface-score = 0.0000, iRes = 0    iCnt = 0   
Info: MYD88_P40201_x1 model_4_multimer_v2_p1_230309_263478_recycled_16,  tol = 21.94, pLDDT = 61.85, pTM-score = 0.4575, piTM-score = 0.0000, interface-score = 0.0000, iRes = 0    iCnt = 0   
Info: MYD88_P40201_x1 model_4_multimer_v2_p1_230309_263478_recycled_17,  tol = 22.15, pLDDT = 62.03, pTM-score = 0.4607, piTM-score = 0.0000, interface-score = 0.0000, iRes = 0    iCnt = 0   
Info: MYD88_P40201_x1 model_4_multimer_v2_p1_230309_263478_recycled_18,  tol = 12.55, pLDDT = 62.09, pTM-score = 0.4643, piTM-score = 0.0000, interface-score = 0.0000, iRes = 0    iCnt = 0   
Info: MYD88_P40201_x1 model_4_multimer_v2_p1_230309_263478_recycled_19,  tol = 16.72, pLDDT = 62.64, pTM-score = 0.4643, piTM-score = 0.0000, interface-score = 0.0000, iRes = 0    iCnt = 0   
Info: MYD88_P40201_x1 model_4_multimer_v2_p1_230309_263478 performed 20 recycles, final tol = 18.96, pLDDT = 61.99, pTM-score = 0.4669, piTM-score = 0.0000, interface-score = 0.0000, iRes = 0    iCnt = 0   
Info: num_clusters = 2, cluster_sizes = [1, 1],  clusters = [['MYD88_MOUSE_0'], ['P40201_0']]

I0309 10:32:08.398109 22598230943552 run_af2c_mod.py:404] Final timings for MYD88_P40201_x1: {'features': 3.6, 'process_features_model_4_multimer_v2_p1_230309_263478': 0.0, 'predict_and_compile_model_4_multimer_v2_p1_230309_263478': 6722.4}
                                  
================================= 
Global information about the job: 
================================= 
  
Job owner: flobnow(42847)
Job name:  4_AF2C
Node list: ravg1079
Job start: Thu Mar  9 08:39:44 CET 2023
Job end:   Thu Mar  9 10:32:13 CET 2023
Work dir:  /raven/u/flobnow/workingLama/scripts/myRuns/P40201
Command:   /raven/u/flobnow/workingLama/scripts/myRuns/P40201/script2_comp_model_4.sh
  
  
  
==========================================================================================
Information on jobsteps (Note: MaxRSS/AveRSS is the maximum/average over all 
tasks of the per-task memory high-water marks; cf. "man sacct"): 
==========================================================================================
  
JobID            JobName NNodes NTasks  NCPUS        0.00M        0.00M    Elapsed ExitCode
------------- ---------- ------ ------ ------ ------------ ------------ ---------- --------
4385371           4_AF2C      1           108                             01:52:29      0:0
4385371.0        python3      1      1    108    59964.89M    59964.89M   01:52:27      0:0
  
Maximum memory per node: 62.877741 GB (defined as MaxRSS*Ntasks/NNodes)
CPU utilization: 1.9 %
  
Info: input file name is P40201
Info: input target list is /u/flobnow/workingLama/scripts/myRuns/P40201/target.lst
Info: input feature directory is /u/flobnow/workingLama/feature_files
Info: result output directory is /u/flobnow/workingLama/output_files
Info: model preset is multimer_np
Info: msa pairing is all
Info: recycling setting is 1
Info: using preset super2
Info: set num_ensemble = 2
Info: set max_recyles = 20
Info: set recycle_tol = 0.1
Info: mas_pairing mode is all
I0309 10:11:50.606025 22361982125888 tpu_client.py:54] Starting the local TPU driver.
I0309 10:11:50.606399 22361982125888 xla_bridge.py:212] Unable to initialize backend 'tpu_driver': Not found: Unable to find driver in registry given worker: local://
I0309 10:11:50.972356 22361982125888 xla_bridge.py:212] Unable to initialize backend 'tpu': Invalid argument: TpuPlatform is not available.
I0309 10:11:53.884694 22361982125888 run_af2c_mod.py:481] Have 1 models: ['model_5_multimer_v2_p1']
Info: working on target MYD88_P40201_x1
I0309 10:11:53.884943 22361982125888 run_af2c_mod.py:512] Using random seed 4356581684068144704 for the data pipeline
Info: MYD88_P40201_x1 found monomer MYD88_MOUSE msa_depth = 3425, seq_len = 296, num_templ = 20
Info: MYD88_MOUSE reducing the number of structural templates to 4
Info: MYD88_P40201_x1 found monomer P40201 msa_depth = 43559, seq_len = 1711, num_templ = 20
Info: P40201 MSA size is too large, reducing to 10000
Info: P40201 reducing the number of structural templates to 4
Info: 2 chain(s) to model {'A': 'MYD88_MOUSE_1', 'B': 'P40201_1'}
Info: modeling MYD88_P40201_x1 with msa_depth = 6706, seq_len = 2007, num_templ = 8
I0309 10:11:56.622325 22361982125888 run_af2c_mod.py:216] Running model model_5_multimer_v2_p1_230309_144704
I0309 10:11:56.622819 22361982125888 model.py:205] Running predict with shape(feat) = {'msa': (6706, 2007), 'bert_mask': (6706, 2007), 'num_alignments': (), 'aatype': (2007,), 'seq_length': (), 'template_aatype': (8, 2007), 'template_all_atom_mask': (8, 2007, 37), 'template_all_atom_positions': (8, 2007, 37, 3), 'all_atom_positions': (2007, 37, 3), 'template_domain_names': (8,), 'asym_id': (2007,), 'sym_id': (2007,), 'entity_id': (2007,), 'residue_index': (2007,), 'deletion_matrix': (6706, 2007), 'seq_mask': (2007,), 'msa_mask': (6706, 2007), 'cluster_bias_mask': (6706,), 'pdb_residue_index': (2007,)}
I0309 12:04:16.326925 22361982125888 run_af2c_mod.py:270] Total JAX model model_5_multimer_v2_p1_230309_144704 predict time (includes compilation time): 6739.7 seconds
Info: MYD88_P40201_x1 model_5_multimer_v2_p1_230309_144704_recycled_00,  tol =   inf, pLDDT = 59.48, pTM-score = 0.4476, piTM-score = 0.0000, interface-score = 0.0000, iRes = 0    iCnt = 0   
Info: MYD88_P40201_x1 model_5_multimer_v2_p1_230309_144704_recycled_01,  tol = 93.55, pLDDT = 59.32, pTM-score = 0.4523, piTM-score = 0.0210, interface-score = 0.0000, iRes = 9    iCnt = 8   
Info: MYD88_P40201_x1 model_5_multimer_v2_p1_230309_144704_recycled_02,  tol = 22.93, pLDDT = 59.55, pTM-score = 0.4597, piTM-score = 0.0000, interface-score = 0.0000, iRes = 0    iCnt = 0   
Info: MYD88_P40201_x1 model_5_multimer_v2_p1_230309_144704_recycled_03,  tol = 21.76, pLDDT = 60.00, pTM-score = 0.4616, piTM-score = 0.0000, interface-score = 0.0000, iRes = 0    iCnt = 0   
Info: MYD88_P40201_x1 model_5_multimer_v2_p1_230309_144704_recycled_04,  tol = 19.79, pLDDT = 60.45, pTM-score = 0.4614, piTM-score = 0.0000, interface-score = 0.0000, iRes = 0    iCnt = 0   
Info: MYD88_P40201_x1 model_5_multimer_v2_p1_230309_144704_recycled_05,  tol = 18.17, pLDDT = 59.65, pTM-score = 0.4634, piTM-score = 0.0000, interface-score = 0.0000, iRes = 0    iCnt = 0   
Info: MYD88_P40201_x1 model_5_multimer_v2_p1_230309_144704_recycled_06,  tol = 16.09, pLDDT = 59.31, pTM-score = 0.4652, piTM-score = 0.0000, interface-score = 0.0000, iRes = 0    iCnt = 0   
Info: MYD88_P40201_x1 model_5_multimer_v2_p1_230309_144704_recycled_07,  tol = 19.55, pLDDT = 59.81, pTM-score = 0.4683, piTM-score = 0.0000, interface-score = 0.0000, iRes = 0    iCnt = 0   
Info: MYD88_P40201_x1 model_5_multimer_v2_p1_230309_144704_recycled_08,  tol = 15.37, pLDDT = 59.96, pTM-score = 0.4680, piTM-score = 0.0000, interface-score = 0.0000, iRes = 0    iCnt = 0   
Info: MYD88_P40201_x1 model_5_multimer_v2_p1_230309_144704_recycled_09,  tol = 14.34, pLDDT = 59.75, pTM-score = 0.4687, piTM-score = 0.0000, interface-score = 0.0000, iRes = 0    iCnt = 0   
Info: MYD88_P40201_x1 model_5_multimer_v2_p1_230309_144704_recycled_10,  tol = 13.70, pLDDT = 60.10, pTM-score = 0.4703, piTM-score = 0.0000, interface-score = 0.0000, iRes = 0    iCnt = 0   
Info: MYD88_P40201_x1 model_5_multimer_v2_p1_230309_144704_recycled_11,  tol = 15.22, pLDDT = 60.35, pTM-score = 0.4665, piTM-score = 0.0000, interface-score = 0.0000, iRes = 0    iCnt = 0   
Info: MYD88_P40201_x1 model_5_multimer_v2_p1_230309_144704_recycled_12,  tol = 14.26, pLDDT = 60.46, pTM-score = 0.4640, piTM-score = 0.0000, interface-score = 0.0000, iRes = 0    iCnt = 0   
Info: MYD88_P40201_x1 model_5_multimer_v2_p1_230309_144704_recycled_13,  tol = 25.17, pLDDT = 59.94, pTM-score = 0.4617, piTM-score = 0.0000, interface-score = 0.0000, iRes = 0    iCnt = 0   
Info: MYD88_P40201_x1 model_5_multimer_v2_p1_230309_144704_recycled_14,  tol = 21.89, pLDDT = 59.66, pTM-score = 0.4627, piTM-score = 0.0000, interface-score = 0.0000, iRes = 0    iCnt = 0   
Info: MYD88_P40201_x1 model_5_multimer_v2_p1_230309_144704_recycled_15,  tol = 16.11, pLDDT = 59.85, pTM-score = 0.4635, piTM-score = 0.0000, interface-score = 0.0000, iRes = 0    iCnt = 0   
Info: MYD88_P40201_x1 model_5_multimer_v2_p1_230309_144704_recycled_16,  tol = 18.24, pLDDT = 59.80, pTM-score = 0.4623, piTM-score = 0.0014, interface-score = 0.0000, iRes = 2    iCnt = 1   
Info: MYD88_P40201_x1 model_5_multimer_v2_p1_230309_144704_recycled_17,  tol = 16.35, pLDDT = 60.00, pTM-score = 0.4672, piTM-score = 0.0000, interface-score = 0.0000, iRes = 0    iCnt = 0   
Info: MYD88_P40201_x1 model_5_multimer_v2_p1_230309_144704_recycled_18,  tol = 17.35, pLDDT = 59.87, pTM-score = 0.4628, piTM-score = 0.0000, interface-score = 0.0000, iRes = 0    iCnt = 0   
Info: MYD88_P40201_x1 model_5_multimer_v2_p1_230309_144704_recycled_19,  tol = 14.72, pLDDT = 60.29, pTM-score = 0.4657, piTM-score = 0.0054, interface-score = 0.0000, iRes = 4    iCnt = 3   
Info: MYD88_P40201_x1 model_5_multimer_v2_p1_230309_144704 performed 20 recycles, final tol = 14.79, pLDDT = 60.34, pTM-score = 0.4640, piTM-score = 0.0014, interface-score = 0.0000, iRes = 2    iCnt = 1   
Info: num_clusters = 2, cluster_sizes = [1, 1],  clusters = [['MYD88_MOUSE_0'], ['P40201_0']]

I0309 12:04:24.701062 22361982125888 run_af2c_mod.py:404] Final timings for MYD88_P40201_x1: {'features': 2.74, 'process_features_model_5_multimer_v2_p1_230309_144704': 0.0, 'predict_and_compile_model_5_multimer_v2_p1_230309_144704': 6739.7}
                                  
================================= 
Global information about the job: 
================================= 
  
Job owner: flobnow(42847)
Job name:  5_AF2C
Node list: ravg1021
Job start: Thu Mar  9 10:11:43 CET 2023
Job end:   Thu Mar  9 12:04:29 CET 2023
Work dir:  /raven/u/flobnow/workingLama/scripts/myRuns/P40201
Command:   /raven/u/flobnow/workingLama/scripts/myRuns/P40201/script2_comp_model_5.sh
  
  
  
==========================================================================================
Information on jobsteps (Note: MaxRSS/AveRSS is the maximum/average over all 
tasks of the per-task memory high-water marks; cf. "man sacct"): 
==========================================================================================
  
JobID            JobName NNodes NTasks  NCPUS        0.00M        0.00M    Elapsed ExitCode
------------- ---------- ------ ------ ------ ------------ ------------ ---------- --------
4385439           5_AF2C      1           108                             01:52:46      0:0
4385439.0        python3      1      1    108    61567.77M    61567.77M   01:52:44      0:0
  
Maximum memory per node: 64.558486 GB (defined as MaxRSS*Ntasks/NNodes)
CPU utilization: 1.9 %
  
Info: target file is /u/flobnow/workingLama/scripts/myRuns/P40201/target.lst
Info: input directory of unrelaxed models is /u/flobnow/workingLama/output_files
Info: output directory of relaxed models is /u/flobnow/workingLama/output_files
/bin/sh: /mpcdf/soft/SLE_15/packages/x86_64/alphafold/2.2.0/lib/libtinfo.so.6: no version information available (required by /lib64/libreadline.so.7)
I0309 13:29:27.677284 22660150130496 run_af2c_min.py:88] MYD88_P40201_x1 processing model_3_multimer_v2_p1_230309_917536.pdb
sh: /mpcdf/soft/SLE_15/packages/x86_64/alphafold/2.2.0/lib/libtinfo.so.6: no version information available (required by /lib64/libreadline.so.7)
sh: /mpcdf/soft/SLE_15/packages/x86_64/alphafold/2.2.0/lib/libtinfo.so.6: no version information available (required by /lib64/libreadline.so.7)
I0309 13:30:32.335777 22660150130496 amber_minimize.py:177] alterations info: {'nonstandard_residues': [], 'removed_heterogens': set(), 'missing_residues': {}, 'missing_heavy_atoms': {}, 'missing_terminals': {<Residue 295 (PRO) of chain 0>: ['OXT'], <Residue 2006 (THR) of chain 1>: ['OXT']}, 'Se_in_MET': [], 'removed_chains': {0: []}}
I0309 13:30:35.484555 22660150130496 amber_minimize.py:408] Minimizing protein, attempt 1 of 100.
I0309 13:30:38.682441 22660150130496 amber_minimize.py:69] Restraining 16177 / 32013 particles.
sh: /mpcdf/soft/SLE_15/packages/x86_64/alphafold/2.2.0/lib/libtinfo.so.6: no version information available (required by /lib64/libreadline.so.7)
I0309 13:46:28.815113 22660150130496 amber_minimize.py:177] alterations info: {'nonstandard_residues': [], 'removed_heterogens': set(), 'missing_residues': {}, 'missing_heavy_atoms': {}, 'missing_terminals': {}, 'Se_in_MET': [], 'removed_chains': {0: []}}
I0309 13:46:32.007160 22660150130496 tpu_client.py:54] Starting the local TPU driver.
I0309 13:46:32.009660 22660150130496 xla_bridge.py:212] Unable to initialize backend 'tpu_driver': Not found: Unable to find driver in registry given worker: local://
I0309 13:46:32.246983 22660150130496 xla_bridge.py:212] Unable to initialize backend 'tpu': Invalid argument: TpuPlatform is not available.
I0309 13:47:00.354245 22660150130496 amber_minimize.py:500] Iteration completed: Einit 331922360639885.12 Efinal -15944.94 Time 893.55 s num residue violations 49 num residue exclusions 0 
I0309 13:47:00.398380 22660150130496 amber_minimize.py:408] Minimizing protein, attempt 1 of 100.
I0309 13:47:03.501626 22660150130496 amber_minimize.py:69] Restraining 15795 / 32013 particles.
sh: /mpcdf/soft/SLE_15/packages/x86_64/alphafold/2.2.0/lib/libtinfo.so.6: no version information available (required by /lib64/libreadline.so.7)
I0309 13:57:48.504167 22660150130496 amber_minimize.py:177] alterations info: {'nonstandard_residues': [], 'removed_heterogens': set(), 'missing_residues': {}, 'missing_heavy_atoms': {}, 'missing_terminals': {}, 'Se_in_MET': [], 'removed_chains': {0: []}}
I0309 13:58:04.954648 22660150130496 amber_minimize.py:500] Iteration completed: Einit 198663.18 Efinal -27423.57 Time 588.07 s num residue violations 34 num residue exclusions 49 
I0309 13:58:04.955557 22660150130496 amber_minimize.py:408] Minimizing protein, attempt 1 of 100.
I0309 13:58:08.058083 22660150130496 amber_minimize.py:69] Restraining 15736 / 32013 particles.
sh: /mpcdf/soft/SLE_15/packages/x86_64/alphafold/2.2.0/lib/libtinfo.so.6: no version information available (required by /lib64/libreadline.so.7)
I0309 14:15:55.230518 22660150130496 amber_minimize.py:177] alterations info: {'nonstandard_residues': [], 'removed_heterogens': set(), 'missing_residues': {}, 'missing_heavy_atoms': {}, 'missing_terminals': {}, 'Se_in_MET': [], 'removed_chains': {0: []}}
I0309 14:16:11.677398 22660150130496 amber_minimize.py:500] Iteration completed: Einit 94606.91 Efinal -31042.15 Time 1012.43 s num residue violations 27 num residue exclusions 56 
sh: /mpcdf/soft/SLE_15/packages/x86_64/alphafold/2.2.0/lib/libtinfo.so.6: no version information available (required by /lib64/libreadline.so.7)
sh: /mpcdf/soft/SLE_15/packages/x86_64/alphafold/2.2.0/lib/libtinfo.so.6: no version information available (required by /lib64/libreadline.so.7)
I0309 14:17:12.687962 22660150130496 amber_minimize.py:177] alterations info: {'nonstandard_residues': [], 'removed_heterogens': set(), 'missing_residues': {}, 'missing_heavy_atoms': {}, 'missing_terminals': {<Residue 295 (PRO) of chain 0>: ['OXT'], <Residue 2006 (THR) of chain 1>: ['OXT']}, 'Se_in_MET': [], 'removed_chains': {0: []}}
I0309 14:17:19.388885 22660150130496 run_af2c_min.py:110] MYD88_P40201_x1 relaxation done, time spent 2870.7 seconds, Efinal -31042.15, rmsd 0.44
I0309 14:17:19.389010 22660150130496 run_af2c_min.py:88] MYD88_P40201_x1 processing model_5_multimer_v2_p1_230309_144704.pdb
sh: /mpcdf/soft/SLE_15/packages/x86_64/alphafold/2.2.0/lib/libtinfo.so.6: no version information available (required by /lib64/libreadline.so.7)
sh: /mpcdf/soft/SLE_15/packages/x86_64/alphafold/2.2.0/lib/libtinfo.so.6: no version information available (required by /lib64/libreadline.so.7)
I0309 14:18:18.556960 22660150130496 amber_minimize.py:177] alterations info: {'nonstandard_residues': [], 'removed_heterogens': set(), 'missing_residues': {}, 'missing_heavy_atoms': {}, 'missing_terminals': {<Residue 295 (PRO) of chain 0>: ['OXT'], <Residue 2006 (THR) of chain 1>: ['OXT']}, 'Se_in_MET': [], 'removed_chains': {0: []}}
I0309 14:18:21.798592 22660150130496 amber_minimize.py:408] Minimizing protein, attempt 1 of 100.
I0309 14:18:24.965641 22660150130496 amber_minimize.py:69] Restraining 16177 / 32013 particles.
sh: /mpcdf/soft/SLE_15/packages/x86_64/alphafold/2.2.0/lib/libtinfo.so.6: no version information available (required by /lib64/libreadline.so.7)
I0309 14:31:16.902615 22660150130496 amber_minimize.py:177] alterations info: {'nonstandard_residues': [], 'removed_heterogens': set(), 'missing_residues': {}, 'missing_heavy_atoms': {}, 'missing_terminals': {}, 'Se_in_MET': [], 'removed_chains': {0: []}}
I0309 14:31:33.606204 22660150130496 amber_minimize.py:500] Iteration completed: Einit 41073478928237.59 Efinal -7969.78 Time 716.47 s num residue violations 171 num residue exclusions 0 
I0309 14:31:33.607184 22660150130496 amber_minimize.py:408] Minimizing protein, attempt 1 of 100.
I0309 14:31:36.936958 22660150130496 amber_minimize.py:69] Restraining 14770 / 32013 particles.
sh: /mpcdf/soft/SLE_15/packages/x86_64/alphafold/2.2.0/lib/libtinfo.so.6: no version information available (required by /lib64/libreadline.so.7)
I0309 14:56:36.395401 22660150130496 amber_minimize.py:177] alterations info: {'nonstandard_residues': [], 'removed_heterogens': set(), 'missing_residues': {}, 'missing_heavy_atoms': {}, 'missing_terminals': {}, 'Se_in_MET': [], 'removed_chains': {0: []}}
I0309 14:56:52.897504 22660150130496 amber_minimize.py:500] Iteration completed: Einit 248327.05 Efinal -29502.12 Time 1444.48 s num residue violations 83 num residue exclusions 171 
I0309 14:56:52.898369 22660150130496 amber_minimize.py:408] Minimizing protein, attempt 1 of 100.
I0309 14:56:56.046621 22660150130496 amber_minimize.py:69] Restraining 14704 / 32013 particles.
sh: /mpcdf/soft/SLE_15/packages/x86_64/alphafold/2.2.0/lib/libtinfo.so.6: no version information available (required by /lib64/libreadline.so.7)
I0309 15:13:03.186213 22660150130496 amber_minimize.py:177] alterations info: {'nonstandard_residues': [], 'removed_heterogens': set(), 'missing_residues': {}, 'missing_heavy_atoms': {}, 'missing_terminals': {}, 'Se_in_MET': [], 'removed_chains': {0: []}}
I0309 15:13:19.640001 22660150130496 amber_minimize.py:500] Iteration completed: Einit 73464.06 Efinal -33426.74 Time 914.24 s num residue violations 56 num residue exclusions 180 
sh: /mpcdf/soft/SLE_15/packages/x86_64/alphafold/2.2.0/lib/libtinfo.so.6: no version information available (required by /lib64/libreadline.so.7)
sh: /mpcdf/soft/SLE_15/packages/x86_64/alphafold/2.2.0/lib/libtinfo.so.6: no version information available (required by /lib64/libreadline.so.7)
I0309 15:14:18.617329 22660150130496 amber_minimize.py:177] alterations info: {'nonstandard_residues': [], 'removed_heterogens': set(), 'missing_residues': {}, 'missing_heavy_atoms': {}, 'missing_terminals': {<Residue 295 (PRO) of chain 0>: ['OXT'], <Residue 2006 (THR) of chain 1>: ['OXT']}, 'Se_in_MET': [], 'removed_chains': {0: []}}
I0309 15:14:25.261907 22660150130496 run_af2c_min.py:110] MYD88_P40201_x1 relaxation done, time spent 3424.9 seconds, Efinal -33426.74, rmsd 0.43
I0309 15:14:25.262028 22660150130496 run_af2c_min.py:88] MYD88_P40201_x1 processing model_1_multimer_v2_p1_230309_292571.pdb
sh: /mpcdf/soft/SLE_15/packages/x86_64/alphafold/2.2.0/lib/libtinfo.so.6: no version information available (required by /lib64/libreadline.so.7)
sh: /mpcdf/soft/SLE_15/packages/x86_64/alphafold/2.2.0/lib/libtinfo.so.6: no version information available (required by /lib64/libreadline.so.7)
I0309 15:15:25.149365 22660150130496 amber_minimize.py:177] alterations info: {'nonstandard_residues': [], 'removed_heterogens': set(), 'missing_residues': {}, 'missing_heavy_atoms': {}, 'missing_terminals': {<Residue 295 (PRO) of chain 0>: ['OXT'], <Residue 2006 (THR) of chain 1>: ['OXT']}, 'Se_in_MET': [], 'removed_chains': {0: []}}
I0309 15:15:28.394295 22660150130496 amber_minimize.py:408] Minimizing protein, attempt 1 of 100.
I0309 15:15:31.557695 22660150130496 amber_minimize.py:69] Restraining 16177 / 32013 particles.
sh: /mpcdf/soft/SLE_15/packages/x86_64/alphafold/2.2.0/lib/libtinfo.so.6: no version information available (required by /lib64/libreadline.so.7)
I0309 15:25:45.531454 22660150130496 amber_minimize.py:177] alterations info: {'nonstandard_residues': [], 'removed_heterogens': set(), 'missing_residues': {}, 'missing_heavy_atoms': {}, 'missing_terminals': {}, 'Se_in_MET': [], 'removed_chains': {0: []}}
I0309 15:26:02.050209 22660150130496 amber_minimize.py:500] Iteration completed: Einit 271202923096.33 Efinal -15175.62 Time 558.79 s num residue violations 78 num residue exclusions 0 
I0309 15:26:02.051097 22660150130496 amber_minimize.py:408] Minimizing protein, attempt 1 of 100.
I0309 15:26:05.242137 22660150130496 amber_minimize.py:69] Restraining 15544 / 32013 particles.
sh: /mpcdf/soft/SLE_15/packages/x86_64/alphafold/2.2.0/lib/libtinfo.so.6: no version information available (required by /lib64/libreadline.so.7)
I0309 15:49:42.524684 22660150130496 amber_minimize.py:177] alterations info: {'nonstandard_residues': [], 'removed_heterogens': set(), 'missing_residues': {}, 'missing_heavy_atoms': {}, 'missing_terminals': {}, 'Se_in_MET': [], 'removed_chains': {0: []}}
I0309 15:49:58.925096 22660150130496 amber_minimize.py:500] Iteration completed: Einit 53880.63 Efinal -29963.59 Time 1362.78 s num residue violations 34 num residue exclusions 78 
I0309 15:49:58.925974 22660150130496 amber_minimize.py:408] Minimizing protein, attempt 1 of 100.
I0309 15:50:02.100481 22660150130496 amber_minimize.py:69] Restraining 15443 / 32013 particles.
sh: /mpcdf/soft/SLE_15/packages/x86_64/alphafold/2.2.0/lib/libtinfo.so.6: no version information available (required by /lib64/libreadline.so.7)
I0309 15:58:31.604841 22660150130496 amber_minimize.py:177] alterations info: {'nonstandard_residues': [], 'removed_heterogens': set(), 'missing_residues': {}, 'missing_heavy_atoms': {}, 'missing_terminals': {}, 'Se_in_MET': [], 'removed_chains': {0: []}}
I0309 15:58:47.991893 22660150130496 amber_minimize.py:500] Iteration completed: Einit 119107.59 Efinal -33620.70 Time 454.56 s num residue violations 22 num residue exclusions 91 
sh: /mpcdf/soft/SLE_15/packages/x86_64/alphafold/2.2.0/lib/libtinfo.so.6: no version information available (required by /lib64/libreadline.so.7)
sh: /mpcdf/soft/SLE_15/packages/x86_64/alphafold/2.2.0/lib/libtinfo.so.6: no version information available (required by /lib64/libreadline.so.7)
I0309 15:59:47.563105 22660150130496 amber_minimize.py:177] alterations info: {'nonstandard_residues': [], 'removed_heterogens': set(), 'missing_residues': {}, 'missing_heavy_atoms': {}, 'missing_terminals': {<Residue 295 (PRO) of chain 0>: ['OXT'], <Residue 2006 (THR) of chain 1>: ['OXT']}, 'Se_in_MET': [], 'removed_chains': {0: []}}
I0309 15:59:54.353040 22660150130496 run_af2c_min.py:110] MYD88_P40201_x1 relaxation done, time spent 2728.1 seconds, Efinal -33620.70, rmsd 0.44
I0309 15:59:54.353165 22660150130496 run_af2c_min.py:88] MYD88_P40201_x1 processing model_2_multimer_v2_p1_230309_094714.pdb
sh: /mpcdf/soft/SLE_15/packages/x86_64/alphafold/2.2.0/lib/libtinfo.so.6: no version information available (required by /lib64/libreadline.so.7)
sh: /mpcdf/soft/SLE_15/packages/x86_64/alphafold/2.2.0/lib/libtinfo.so.6: no version information available (required by /lib64/libreadline.so.7)
I0309 16:00:53.722190 22660150130496 amber_minimize.py:177] alterations info: {'nonstandard_residues': [], 'removed_heterogens': set(), 'missing_residues': {}, 'missing_heavy_atoms': {}, 'missing_terminals': {<Residue 295 (PRO) of chain 0>: ['OXT'], <Residue 2006 (THR) of chain 1>: ['OXT']}, 'Se_in_MET': [], 'removed_chains': {0: []}}
I0309 16:00:57.005722 22660150130496 amber_minimize.py:408] Minimizing protein, attempt 1 of 100.
I0309 16:01:00.094062 22660150130496 amber_minimize.py:69] Restraining 16177 / 32013 particles.
sh: /mpcdf/soft/SLE_15/packages/x86_64/alphafold/2.2.0/lib/libtinfo.so.6: no version information available (required by /lib64/libreadline.so.7)
I0309 16:17:35.978710 22660150130496 amber_minimize.py:177] alterations info: {'nonstandard_residues': [], 'removed_heterogens': set(), 'missing_residues': {}, 'missing_heavy_atoms': {}, 'missing_terminals': {}, 'Se_in_MET': [], 'removed_chains': {0: []}}
I0309 16:17:52.786000 22660150130496 amber_minimize.py:500] Iteration completed: Einit 1294000366448.93 Efinal -14694.13 Time 939.58 s num residue violations 103 num residue exclusions 0 
I0309 16:17:52.786873 22660150130496 amber_minimize.py:408] Minimizing protein, attempt 1 of 100.
I0309 16:17:55.874661 22660150130496 amber_minimize.py:69] Restraining 15362 / 32013 particles.
sh: /mpcdf/soft/SLE_15/packages/x86_64/alphafold/2.2.0/lib/libtinfo.so.6: no version information available (required by /lib64/libreadline.so.7)
I0309 16:44:14.672420 22660150130496 amber_minimize.py:177] alterations info: {'nonstandard_residues': [], 'removed_heterogens': set(), 'missing_residues': {}, 'missing_heavy_atoms': {}, 'missing_terminals': {}, 'Se_in_MET': [], 'removed_chains': {0: []}}
I0309 16:44:31.160079 22660150130496 amber_minimize.py:500] Iteration completed: Einit 92458.78 Efinal -30150.28 Time 1523.86 s num residue violations 54 num residue exclusions 103 
I0309 16:44:31.160945 22660150130496 amber_minimize.py:408] Minimizing protein, attempt 1 of 100.
I0309 16:44:34.312572 22660150130496 amber_minimize.py:69] Restraining 15300 / 32013 particles.
sh: /mpcdf/soft/SLE_15/packages/x86_64/alphafold/2.2.0/lib/libtinfo.so.6: no version information available (required by /lib64/libreadline.so.7)
I0309 16:52:28.930952 22660150130496 amber_minimize.py:177] alterations info: {'nonstandard_residues': [], 'removed_heterogens': set(), 'missing_residues': {}, 'missing_heavy_atoms': {}, 'missing_terminals': {}, 'Se_in_MET': [], 'removed_chains': {0: []}}
I0309 16:52:45.450924 22660150130496 amber_minimize.py:500] Iteration completed: Einit 75312.21 Efinal -34008.29 Time 421.45 s num residue violations 43 num residue exclusions 111 
sh: /mpcdf/soft/SLE_15/packages/x86_64/alphafold/2.2.0/lib/libtinfo.so.6: no version information available (required by /lib64/libreadline.so.7)
sh: /mpcdf/soft/SLE_15/packages/x86_64/alphafold/2.2.0/lib/libtinfo.so.6: no version information available (required by /lib64/libreadline.so.7)
I0309 16:53:44.792503 22660150130496 amber_minimize.py:177] alterations info: {'nonstandard_residues': [], 'removed_heterogens': set(), 'missing_residues': {}, 'missing_heavy_atoms': {}, 'missing_terminals': {<Residue 295 (PRO) of chain 0>: ['OXT'], <Residue 2006 (THR) of chain 1>: ['OXT']}, 'Se_in_MET': [], 'removed_chains': {0: []}}
I0309 16:53:51.470124 22660150130496 run_af2c_min.py:110] MYD88_P40201_x1 relaxation done, time spent 3236.1 seconds, Efinal -34008.29, rmsd 0.41
I0309 16:53:51.470254 22660150130496 run_af2c_min.py:88] MYD88_P40201_x1 processing model_4_multimer_v2_p1_230309_263478.pdb
sh: /mpcdf/soft/SLE_15/packages/x86_64/alphafold/2.2.0/lib/libtinfo.so.6: no version information available (required by /lib64/libreadline.so.7)
sh: /mpcdf/soft/SLE_15/packages/x86_64/alphafold/2.2.0/lib/libtinfo.so.6: no version information available (required by /lib64/libreadline.so.7)
I0309 16:54:51.405888 22660150130496 amber_minimize.py:177] alterations info: {'nonstandard_residues': [], 'removed_heterogens': set(), 'missing_residues': {}, 'missing_heavy_atoms': {}, 'missing_terminals': {<Residue 295 (PRO) of chain 0>: ['OXT'], <Residue 2006 (THR) of chain 1>: ['OXT']}, 'Se_in_MET': [], 'removed_chains': {0: []}}
I0309 16:54:54.821434 22660150130496 amber_minimize.py:408] Minimizing protein, attempt 1 of 100.
I0309 16:54:57.948285 22660150130496 amber_minimize.py:69] Restraining 16177 / 32013 particles.
sh: /mpcdf/soft/SLE_15/packages/x86_64/alphafold/2.2.0/lib/libtinfo.so.6: no version information available (required by /lib64/libreadline.so.7)
I0309 17:07:52.160753 22660150130496 amber_minimize.py:177] alterations info: {'nonstandard_residues': [], 'removed_heterogens': set(), 'missing_residues': {}, 'missing_heavy_atoms': {}, 'missing_terminals': {}, 'Se_in_MET': [], 'removed_chains': {0: []}}
I0309 17:08:08.833186 22660150130496 amber_minimize.py:500] Iteration completed: Einit 68614526880.75 Efinal -7115.01 Time 718.09 s num residue violations 168 num residue exclusions 0 
I0309 17:08:08.834047 22660150130496 amber_minimize.py:408] Minimizing protein, attempt 1 of 100.
I0309 17:08:11.919365 22660150130496 amber_minimize.py:69] Restraining 14869 / 32013 particles.
sh: /mpcdf/soft/SLE_15/packages/x86_64/alphafold/2.2.0/lib/libtinfo.so.6: no version information available (required by /lib64/libreadline.so.7)
I0309 17:26:28.154244 22660150130496 amber_minimize.py:177] alterations info: {'nonstandard_residues': [], 'removed_heterogens': set(), 'missing_residues': {}, 'missing_heavy_atoms': {}, 'missing_terminals': {}, 'Se_in_MET': [], 'removed_chains': {0: []}}
I0309 17:26:44.713400 22660150130496 amber_minimize.py:500] Iteration completed: Einit 90952.07 Efinal -29095.83 Time 1041.51 s num residue violations 84 num residue exclusions 168 
I0309 17:26:44.714307 22660150130496 amber_minimize.py:408] Minimizing protein, attempt 1 of 100.
I0309 17:26:47.854997 22660150130496 amber_minimize.py:69] Restraining 14725 / 32013 particles.
sh: /mpcdf/soft/SLE_15/packages/x86_64/alphafold/2.2.0/lib/libtinfo.so.6: no version information available (required by /lib64/libreadline.so.7)
I0309 17:37:29.340655 22660150130496 amber_minimize.py:177] alterations info: {'nonstandard_residues': [], 'removed_heterogens': set(), 'missing_residues': {}, 'missing_heavy_atoms': {}, 'missing_terminals': {}, 'Se_in_MET': [], 'removed_chains': {0: []}}
I0309 17:37:45.644796 22660150130496 amber_minimize.py:500] Iteration completed: Einit 99167.98 Efinal -33404.69 Time 589.19 s num residue violations 64 num residue exclusions 185 
sh: /mpcdf/soft/SLE_15/packages/x86_64/alphafold/2.2.0/lib/libtinfo.so.6: no version information available (required by /lib64/libreadline.so.7)
sh: /mpcdf/soft/SLE_15/packages/x86_64/alphafold/2.2.0/lib/libtinfo.so.6: no version information available (required by /lib64/libreadline.so.7)
I0309 17:38:45.411738 22660150130496 amber_minimize.py:177] alterations info: {'nonstandard_residues': [], 'removed_heterogens': set(), 'missing_residues': {}, 'missing_heavy_atoms': {}, 'missing_terminals': {<Residue 295 (PRO) of chain 0>: ['OXT'], <Residue 2006 (THR) of chain 1>: ['OXT']}, 'Se_in_MET': [], 'removed_chains': {0: []}}
I0309 17:38:52.041420 22660150130496 run_af2c_min.py:110] MYD88_P40201_x1 relaxation done, time spent 2699.6 seconds, Efinal -33404.69, rmsd 0.45
                                  
================================= 
Global information about the job: 
================================= 
  
Job owner: flobnow(42847)
Job name:  6_RLX
Node list: ravg1016
Job start: Thu Mar  9 13:29:17 CET 2023
Job end:   Thu Mar  9 17:38:55 CET 2023
Work dir:  /raven/u/flobnow/workingLama/scripts/myRuns/P40201
Command:   /raven/u/flobnow/workingLama/scripts/myRuns/P40201/script3_relaxation.sh
  
  
  
==========================================================================================
Information on jobsteps (Note: MaxRSS/AveRSS is the maximum/average over all 
tasks of the per-task memory high-water marks; cf. "man sacct"): 
==========================================================================================
  
JobID            JobName NNodes NTasks  NCPUS        0.00M        0.00M    Elapsed ExitCode
------------- ---------- ------ ------ ------ ------------ ------------ ---------- --------
4385533            6_RLX      1           108                             04:09:38      0:0
4385533.0        python3      1      1    108    41349.04M    41349.04M   04:09:34      0:0
  
Maximum memory per node: 43.357607 GB (defined as MaxRSS*Ntasks/NNodes)
CPU utilization: 87.2 %
  
