Info: input file name is P63005
Info: input target list is /u/flobnow/workingLama/scripts/myRuns/P63005/target.lst
Info: input feature directory is /u/flobnow/workingLama/feature_files
Info: result output directory is /u/flobnow/workingLama/output_files
Info: model preset is multimer_np
Info: msa pairing is all
Info: recycling setting is 1
Info: using preset super2
Info: set num_ensemble = 2
Info: set max_recyles = 20
Info: set recycle_tol = 0.1
Info: mas_pairing mode is all
I0306 15:50:12.185082 22763791980352 tpu_client.py:54] Starting the local TPU driver.
I0306 15:50:12.185455 22763791980352 xla_bridge.py:212] Unable to initialize backend 'tpu_driver': Not found: Unable to find driver in registry given worker: local://
I0306 15:50:12.544835 22763791980352 xla_bridge.py:212] Unable to initialize backend 'tpu': Invalid argument: TpuPlatform is not available.
I0306 15:50:15.319591 22763791980352 run_af2c_mod.py:481] Have 1 models: ['model_1_multimer_v2_p1']
Info: working on target MYD88_P63005_x1
I0306 15:50:16.320908 22763791980352 run_af2c_mod.py:512] Using random seed 1415305920068112827 for the data pipeline
Info: MYD88_P63005_x1 found monomer MYD88_MOUSE msa_depth = 3425, seq_len = 296, num_templ = 20
Info: MYD88_MOUSE reducing the number of structural templates to 4
Info: MYD88_P63005_x1 found monomer P63005 msa_depth = 151592, seq_len = 410, num_templ = 20
Info: P63005 MSA size is too large, reducing to 10000
Info: P63005 reducing the number of structural templates to 4
Info: 2 chain(s) to model {'A': 'MYD88_MOUSE_1', 'B': 'P63005_1'}
Info: modeling MYD88_P63005_x1 with msa_depth = 7773, seq_len = 706, num_templ = 8
I0306 15:50:18.076836 22763791980352 run_af2c_mod.py:216] Running model model_1_multimer_v2_p1_230306_112827
I0306 15:50:18.077307 22763791980352 model.py:205] Running predict with shape(feat) = {'msa': (7773, 706), 'bert_mask': (7773, 706), 'num_alignments': (), 'aatype': (706,), 'seq_length': (), 'template_aatype': (8, 706), 'template_all_atom_mask': (8, 706, 37), 'template_all_atom_positions': (8, 706, 37, 3), 'all_atom_positions': (706, 37, 3), 'template_domain_names': (8,), 'asym_id': (706,), 'sym_id': (706,), 'entity_id': (706,), 'residue_index': (706,), 'deletion_matrix': (7773, 706), 'seq_mask': (706,), 'msa_mask': (7773, 706), 'cluster_bias_mask': (7773,), 'pdb_residue_index': (706,)}
I0306 16:03:04.204079 22763791980352 run_af2c_mod.py:270] Total JAX model model_1_multimer_v2_p1_230306_112827 predict time (includes compilation time): 766.1 seconds
Info: MYD88_P63005_x1 model_1_multimer_v2_p1_230306_112827_recycled_00,  tol =   inf, pLDDT = 77.55, pTM-score = 0.5028, piTM-score = 0.0248, interface-score = 0.0005, iRes = 10   iCnt = 7   
Info: MYD88_P63005_x1 model_1_multimer_v2_p1_230306_112827_recycled_01,  tol = 54.06, pLDDT = 81.42, pTM-score = 0.5192, piTM-score = 0.3498, interface-score = 0.1009, iRes = 34   iCnt = 37  
Info: MYD88_P63005_x1 model_1_multimer_v2_p1_230306_112827_recycled_02,  tol =  6.42, pLDDT = 81.71, pTM-score = 0.4954, piTM-score = 0.0514, interface-score = 0.0015, iRes = 14   iCnt = 12  
Info: MYD88_P63005_x1 model_1_multimer_v2_p1_230306_112827_recycled_03,  tol =  9.89, pLDDT = 81.34, pTM-score = 0.4966, piTM-score = 0.0623, interface-score = 0.0020, iRes = 17   iCnt = 14  
Info: MYD88_P63005_x1 model_1_multimer_v2_p1_230306_112827_recycled_04,  tol =  5.82, pLDDT = 81.43, pTM-score = 0.5021, piTM-score = 0.2460, interface-score = 0.0312, iRes = 26   iCnt = 27  
Info: MYD88_P63005_x1 model_1_multimer_v2_p1_230306_112827_recycled_05,  tol =  4.95, pLDDT = 81.72, pTM-score = 0.4983, piTM-score = 0.0613, interface-score = 0.0019, iRes = 16   iCnt = 14  
Info: MYD88_P63005_x1 model_1_multimer_v2_p1_230306_112827_recycled_06,  tol =  2.89, pLDDT = 81.16, pTM-score = 0.4992, piTM-score = 0.0684, interface-score = 0.0021, iRes = 17   iCnt = 16  
Info: MYD88_P63005_x1 model_1_multimer_v2_p1_230306_112827_recycled_07,  tol =  2.20, pLDDT = 81.65, pTM-score = 0.5056, piTM-score = 0.1733, interface-score = 0.0151, iRes = 23   iCnt = 23  
Info: MYD88_P63005_x1 model_1_multimer_v2_p1_230306_112827_recycled_08,  tol =  1.78, pLDDT = 81.62, pTM-score = 0.5002, piTM-score = 0.0587, interface-score = 0.0018, iRes = 15   iCnt = 12  
Info: MYD88_P63005_x1 model_1_multimer_v2_p1_230306_112827_recycled_09,  tol =  1.89, pLDDT = 81.11, pTM-score = 0.5001, piTM-score = 0.0572, interface-score = 0.0014, iRes = 15   iCnt = 12  
Info: MYD88_P63005_x1 model_1_multimer_v2_p1_230306_112827_recycled_10,  tol =  0.90, pLDDT = 81.34, pTM-score = 0.5010, piTM-score = 0.0555, interface-score = 0.0023, iRes = 16   iCnt = 14  
Info: MYD88_P63005_x1 model_1_multimer_v2_p1_230306_112827_recycled_11,  tol =  1.25, pLDDT = 81.18, pTM-score = 0.5015, piTM-score = 0.0737, interface-score = 0.0039, iRes = 19   iCnt = 17  
Info: MYD88_P63005_x1 model_1_multimer_v2_p1_230306_112827_recycled_12,  tol =  1.07, pLDDT = 81.22, pTM-score = 0.4998, piTM-score = 0.0572, interface-score = 0.0018, iRes = 15   iCnt = 12  
Info: MYD88_P63005_x1 model_1_multimer_v2_p1_230306_112827_recycled_13,  tol =  1.17, pLDDT = 81.39, pTM-score = 0.4992, piTM-score = 0.0590, interface-score = 0.0014, iRes = 15   iCnt = 13  
Info: MYD88_P63005_x1 model_1_multimer_v2_p1_230306_112827_recycled_14,  tol =  0.92, pLDDT = 81.68, pTM-score = 0.5031, piTM-score = 0.0578, interface-score = 0.0014, iRes = 15   iCnt = 13  
Info: MYD88_P63005_x1 model_1_multimer_v2_p1_230306_112827_recycled_15,  tol =  1.19, pLDDT = 81.46, pTM-score = 0.5016, piTM-score = 0.0655, interface-score = 0.0020, iRes = 17   iCnt = 15  
Info: MYD88_P63005_x1 model_1_multimer_v2_p1_230306_112827_recycled_16,  tol =  1.06, pLDDT = 81.32, pTM-score = 0.4991, piTM-score = 0.0512, interface-score = 0.0010, iRes = 14   iCnt = 11  
Info: MYD88_P63005_x1 model_1_multimer_v2_p1_230306_112827_recycled_17,  tol =  0.95, pLDDT = 81.51, pTM-score = 0.5013, piTM-score = 0.0540, interface-score = 0.0019, iRes = 16   iCnt = 12  
Info: MYD88_P63005_x1 model_1_multimer_v2_p1_230306_112827_recycled_18,  tol =  0.70, pLDDT = 81.39, pTM-score = 0.4986, piTM-score = 0.0373, interface-score = 0.0008, iRes = 12   iCnt = 9   
Info: MYD88_P63005_x1 model_1_multimer_v2_p1_230306_112827_recycled_19,  tol =  1.35, pLDDT = 80.96, pTM-score = 0.5006, piTM-score = 0.0460, interface-score = 0.0013, iRes = 14   iCnt = 11  
Info: MYD88_P63005_x1 model_1_multimer_v2_p1_230306_112827 performed 20 recycles, final tol = 2.44, pLDDT = 81.56, pTM-score = 0.5001, piTM-score = 0.0472, interface-score = 0.0011, iRes = 14   iCnt = 10  
Info: num_clusters = 2, cluster_sizes = [1, 1],  clusters = [['MYD88_MOUSE_0'], ['P63005_0']]

I0306 16:03:07.028255 22763791980352 run_af2c_mod.py:404] Final timings for MYD88_P63005_x1: {'features': 1.75, 'process_features_model_1_multimer_v2_p1_230306_112827': 0.0, 'predict_and_compile_model_1_multimer_v2_p1_230306_112827': 766.1}
                                  
================================= 
Global information about the job: 
================================= 
  
Job owner: flobnow(42847)
Job name:  1_AF2C
Node list: ravg1106
Job start: Mon Mar  6 15:50:03 CET 2023
Job end:   Mon Mar  6 16:03:09 CET 2023
Work dir:  /raven/u/flobnow/workingLama/scripts/myRuns/P63005
Command:   /raven/u/flobnow/workingLama/scripts/myRuns/P63005/script2_comp_model_1.sh
  
  
  
==========================================================================================
Information on jobsteps (Note: MaxRSS/AveRSS is the maximum/average over all 
tasks of the per-task memory high-water marks; cf. "man sacct"): 
==========================================================================================
  
JobID            JobName NNodes NTasks  NCPUS        0.00M        0.00M    Elapsed ExitCode
------------- ---------- ------ ------ ------ ------------ ------------ ---------- --------
4365536           1_AF2C      1           108                             00:13:06      0:0
4365536.0        python3      1      1    108    22753.48M    22753.48M   00:13:02      0:0
  
Maximum memory per node: 23.858749 GB (defined as MaxRSS*Ntasks/NNodes)
CPU utilization: 2.0 %
  
Info: input file name is P63005
Info: input target list is /u/flobnow/workingLama/scripts/myRuns/P63005/target.lst
Info: input feature directory is /u/flobnow/workingLama/feature_files
Info: result output directory is /u/flobnow/workingLama/output_files
Info: model preset is multimer_np
Info: msa pairing is all
Info: recycling setting is 1
Info: using preset super2
Info: set num_ensemble = 2
Info: set max_recyles = 20
Info: set recycle_tol = 0.1
Info: mas_pairing mode is all
I0306 16:19:56.915442 22627373852480 tpu_client.py:54] Starting the local TPU driver.
I0306 16:19:56.915836 22627373852480 xla_bridge.py:212] Unable to initialize backend 'tpu_driver': Not found: Unable to find driver in registry given worker: local://
I0306 16:19:57.287446 22627373852480 xla_bridge.py:212] Unable to initialize backend 'tpu': Invalid argument: TpuPlatform is not available.
I0306 16:20:00.048916 22627373852480 run_af2c_mod.py:481] Have 1 models: ['model_2_multimer_v2_p1']
Info: working on target MYD88_P63005_x1
I0306 16:20:06.055531 22627373852480 run_af2c_mod.py:512] Using random seed 4142448275258103190 for the data pipeline
Info: MYD88_P63005_x1 found monomer MYD88_MOUSE msa_depth = 3425, seq_len = 296, num_templ = 20
Info: MYD88_MOUSE reducing the number of structural templates to 4
Info: MYD88_P63005_x1 found monomer P63005 msa_depth = 151592, seq_len = 410, num_templ = 20
Info: P63005 MSA size is too large, reducing to 10000
Info: P63005 reducing the number of structural templates to 4
Info: 2 chain(s) to model {'A': 'MYD88_MOUSE_1', 'B': 'P63005_1'}
Info: modeling MYD88_P63005_x1 with msa_depth = 7773, seq_len = 706, num_templ = 8
I0306 16:20:07.240941 22627373852480 run_af2c_mod.py:216] Running model model_2_multimer_v2_p1_230306_103190
I0306 16:20:07.241422 22627373852480 model.py:205] Running predict with shape(feat) = {'msa': (7773, 706), 'bert_mask': (7773, 706), 'num_alignments': (), 'aatype': (706,), 'seq_length': (), 'template_aatype': (8, 706), 'template_all_atom_mask': (8, 706, 37), 'template_all_atom_positions': (8, 706, 37, 3), 'all_atom_positions': (706, 37, 3), 'template_domain_names': (8,), 'asym_id': (706,), 'sym_id': (706,), 'entity_id': (706,), 'residue_index': (706,), 'deletion_matrix': (7773, 706), 'seq_mask': (706,), 'msa_mask': (7773, 706), 'cluster_bias_mask': (7773,), 'pdb_residue_index': (706,)}
I0306 16:32:49.097299 22627373852480 run_af2c_mod.py:270] Total JAX model model_2_multimer_v2_p1_230306_103190 predict time (includes compilation time): 761.9 seconds
Info: MYD88_P63005_x1 model_2_multimer_v2_p1_230306_103190_recycled_00,  tol =   inf, pLDDT = 77.43, pTM-score = 0.4930, piTM-score = 0.0132, interface-score = 0.0002, iRes = 7    iCnt = 4   
Info: MYD88_P63005_x1 model_2_multimer_v2_p1_230306_103190_recycled_01,  tol = 62.89, pLDDT = 80.98, pTM-score = 0.4962, piTM-score = 0.0030, interface-score = 0.0000, iRes = 3    iCnt = 2   
Info: MYD88_P63005_x1 model_2_multimer_v2_p1_230306_103190_recycled_02,  tol = 14.22, pLDDT = 82.10, pTM-score = 0.5014, piTM-score = 0.0069, interface-score = 0.0001, iRes = 6    iCnt = 3   
Info: MYD88_P63005_x1 model_2_multimer_v2_p1_230306_103190_recycled_03,  tol =  7.58, pLDDT = 81.53, pTM-score = 0.5002, piTM-score = 0.0000, interface-score = 0.0000, iRes = 0    iCnt = 0   
Info: MYD88_P63005_x1 model_2_multimer_v2_p1_230306_103190_recycled_04,  tol =  1.85, pLDDT = 81.46, pTM-score = 0.5009, piTM-score = 0.0255, interface-score = 0.0005, iRes = 11   iCnt = 7   
Info: MYD88_P63005_x1 model_2_multimer_v2_p1_230306_103190_recycled_05,  tol =  1.33, pLDDT = 81.19, pTM-score = 0.4989, piTM-score = 0.0035, interface-score = 0.0000, iRes = 4    iCnt = 2   
Info: MYD88_P63005_x1 model_2_multimer_v2_p1_230306_103190_recycled_06,  tol =  1.86, pLDDT = 81.71, pTM-score = 0.5013, piTM-score = 0.0102, interface-score = 0.0001, iRes = 6    iCnt = 4   
Info: MYD88_P63005_x1 model_2_multimer_v2_p1_230306_103190_recycled_07,  tol =  1.05, pLDDT = 81.73, pTM-score = 0.4989, piTM-score = 0.0000, interface-score = 0.0000, iRes = 0    iCnt = 0   
Info: MYD88_P63005_x1 model_2_multimer_v2_p1_230306_103190_recycled_08,  tol =  2.02, pLDDT = 81.72, pTM-score = 0.4988, piTM-score = 0.0014, interface-score = 0.0000, iRes = 2    iCnt = 1   
Info: MYD88_P63005_x1 model_2_multimer_v2_p1_230306_103190_recycled_09,  tol =  3.62, pLDDT = 81.19, pTM-score = 0.5010, piTM-score = 0.0279, interface-score = 0.0004, iRes = 11   iCnt = 6   
Info: MYD88_P63005_x1 model_2_multimer_v2_p1_230306_103190_recycled_10,  tol =  2.60, pLDDT = 81.10, pTM-score = 0.4985, piTM-score = 0.0014, interface-score = 0.0000, iRes = 2    iCnt = 1   
Info: MYD88_P63005_x1 model_2_multimer_v2_p1_230306_103190_recycled_11,  tol =  2.15, pLDDT = 81.47, pTM-score = 0.4984, piTM-score = 0.0032, interface-score = 0.0000, iRes = 3    iCnt = 2   
Info: MYD88_P63005_x1 model_2_multimer_v2_p1_230306_103190_recycled_12,  tol =  1.67, pLDDT = 81.05, pTM-score = 0.4989, piTM-score = 0.0093, interface-score = 0.0001, iRes = 5    iCnt = 3   
Info: MYD88_P63005_x1 model_2_multimer_v2_p1_230306_103190_recycled_13,  tol =  2.06, pLDDT = 81.62, pTM-score = 0.5025, piTM-score = 0.0130, interface-score = 0.0001, iRes = 7    iCnt = 4   
Info: MYD88_P63005_x1 model_2_multimer_v2_p1_230306_103190_recycled_14,  tol =  2.37, pLDDT = 81.39, pTM-score = 0.4990, piTM-score = 0.0078, interface-score = 0.0001, iRes = 5    iCnt = 3   
Info: MYD88_P63005_x1 model_2_multimer_v2_p1_230306_103190_recycled_15,  tol =  1.51, pLDDT = 80.91, pTM-score = 0.4969, piTM-score = 0.0014, interface-score = 0.0000, iRes = 2    iCnt = 1   
Info: MYD88_P63005_x1 model_2_multimer_v2_p1_230306_103190_recycled_16,  tol =  1.59, pLDDT = 81.34, pTM-score = 0.5010, piTM-score = 0.0094, interface-score = 0.0001, iRes = 5    iCnt = 3   
Info: MYD88_P63005_x1 model_2_multimer_v2_p1_230306_103190_recycled_17,  tol =  1.60, pLDDT = 80.98, pTM-score = 0.4977, piTM-score = 0.0048, interface-score = 0.0000, iRes = 4    iCnt = 2   
Info: MYD88_P63005_x1 model_2_multimer_v2_p1_230306_103190_recycled_18,  tol =  1.67, pLDDT = 81.20, pTM-score = 0.5013, piTM-score = 0.0162, interface-score = 0.0001, iRes = 7    iCnt = 4   
Info: MYD88_P63005_x1 model_2_multimer_v2_p1_230306_103190_recycled_19,  tol =  1.90, pLDDT = 81.08, pTM-score = 0.4996, piTM-score = 0.0048, interface-score = 0.0000, iRes = 4    iCnt = 2   
Info: MYD88_P63005_x1 model_2_multimer_v2_p1_230306_103190 performed 20 recycles, final tol = 1.39, pLDDT = 81.42, pTM-score = 0.5012, piTM-score = 0.0111, interface-score = 0.0001, iRes = 6    iCnt = 3   
Info: num_clusters = 2, cluster_sizes = [1, 1],  clusters = [['MYD88_MOUSE_0'], ['P63005_0']]

I0306 16:32:52.022732 22627373852480 run_af2c_mod.py:404] Final timings for MYD88_P63005_x1: {'features': 1.18, 'process_features_model_2_multimer_v2_p1_230306_103190': 0.0, 'predict_and_compile_model_2_multimer_v2_p1_230306_103190': 761.9}
                                  
================================= 
Global information about the job: 
================================= 
  
Job owner: flobnow(42847)
Job name:  2_AF2C
Node list: ravg1122
Job start: Mon Mar  6 16:19:48 CET 2023
Job end:   Mon Mar  6 16:32:53 CET 2023
Work dir:  /raven/u/flobnow/workingLama/scripts/myRuns/P63005
Command:   /raven/u/flobnow/workingLama/scripts/myRuns/P63005/script2_comp_model_2.sh
  
  
  
==========================================================================================
Information on jobsteps (Note: MaxRSS/AveRSS is the maximum/average over all 
tasks of the per-task memory high-water marks; cf. "man sacct"): 
==========================================================================================
  
JobID            JobName NNodes NTasks  NCPUS        0.00M        0.00M    Elapsed ExitCode
------------- ---------- ------ ------ ------ ------------ ------------ ---------- --------
4365549           2_AF2C      1           108                             00:13:05      0:0
4365549.0        python3      1      1    108    22718.92M    22718.92M   00:13:03      0:0
  
Maximum memory per node: 23.822517 GB (defined as MaxRSS*Ntasks/NNodes)
CPU utilization: 1.9 %
  
Info: input file name is P63005
Info: input target list is /u/flobnow/workingLama/scripts/myRuns/P63005/target.lst
Info: input feature directory is /u/flobnow/workingLama/feature_files
Info: result output directory is /u/flobnow/workingLama/output_files
Info: model preset is multimer_np
Info: msa pairing is all
Info: recycling setting is 1
Info: using preset super2
Info: set num_ensemble = 2
Info: set max_recyles = 20
Info: set recycle_tol = 0.1
Info: mas_pairing mode is all
I0306 16:50:56.377903 23158436861760 tpu_client.py:54] Starting the local TPU driver.
I0306 16:50:56.378316 23158436861760 xla_bridge.py:212] Unable to initialize backend 'tpu_driver': Not found: Unable to find driver in registry given worker: local://
I0306 16:50:56.761747 23158436861760 xla_bridge.py:212] Unable to initialize backend 'tpu': Invalid argument: TpuPlatform is not available.
I0306 16:50:59.489496 23158436861760 run_af2c_mod.py:481] Have 1 models: ['model_3_multimer_v2_p1']
Info: working on target MYD88_P63005_x1
I0306 16:51:00.491116 23158436861760 run_af2c_mod.py:512] Using random seed 4387455318641416256 for the data pipeline
Info: MYD88_P63005_x1 found monomer MYD88_MOUSE msa_depth = 3425, seq_len = 296, num_templ = 20
Info: MYD88_MOUSE reducing the number of structural templates to 4
Info: MYD88_P63005_x1 found monomer P63005 msa_depth = 151592, seq_len = 410, num_templ = 20
Info: P63005 MSA size is too large, reducing to 10000
Info: P63005 reducing the number of structural templates to 4
Info: 2 chain(s) to model {'A': 'MYD88_MOUSE_1', 'B': 'P63005_1'}
Info: modeling MYD88_P63005_x1 with msa_depth = 7773, seq_len = 706, num_templ = 8
I0306 16:51:01.691223 23158436861760 run_af2c_mod.py:216] Running model model_3_multimer_v2_p1_230306_416256
I0306 16:51:01.691709 23158436861760 model.py:205] Running predict with shape(feat) = {'msa': (7773, 706), 'bert_mask': (7773, 706), 'num_alignments': (), 'aatype': (706,), 'seq_length': (), 'template_aatype': (8, 706), 'template_all_atom_mask': (8, 706, 37), 'template_all_atom_positions': (8, 706, 37, 3), 'all_atom_positions': (706, 37, 3), 'template_domain_names': (8,), 'asym_id': (706,), 'sym_id': (706,), 'entity_id': (706,), 'residue_index': (706,), 'deletion_matrix': (7773, 706), 'seq_mask': (706,), 'msa_mask': (7773, 706), 'cluster_bias_mask': (7773,), 'pdb_residue_index': (706,)}
I0306 17:03:29.971315 23158436861760 run_af2c_mod.py:270] Total JAX model model_3_multimer_v2_p1_230306_416256 predict time (includes compilation time): 748.3 seconds
Info: MYD88_P63005_x1 model_3_multimer_v2_p1_230306_416256_recycled_00,  tol =   inf, pLDDT = 79.00, pTM-score = 0.4901, piTM-score = 0.0000, interface-score = 0.0000, iRes = 0    iCnt = 0   
Info: MYD88_P63005_x1 model_3_multimer_v2_p1_230306_416256_recycled_01,  tol = 61.52, pLDDT = 79.96, pTM-score = 0.4871, piTM-score = 0.0000, interface-score = 0.0000, iRes = 0    iCnt = 0   
Info: MYD88_P63005_x1 model_3_multimer_v2_p1_230306_416256_recycled_02,  tol = 14.67, pLDDT = 81.37, pTM-score = 0.4896, piTM-score = 0.0000, interface-score = 0.0000, iRes = 0    iCnt = 0   
Info: MYD88_P63005_x1 model_3_multimer_v2_p1_230306_416256_recycled_03,  tol = 15.32, pLDDT = 80.49, pTM-score = 0.4875, piTM-score = 0.0000, interface-score = 0.0000, iRes = 0    iCnt = 0   
Info: MYD88_P63005_x1 model_3_multimer_v2_p1_230306_416256_recycled_04,  tol =  9.04, pLDDT = 80.81, pTM-score = 0.4913, piTM-score = 0.0014, interface-score = 0.0000, iRes = 2    iCnt = 1   
Info: MYD88_P63005_x1 model_3_multimer_v2_p1_230306_416256_recycled_05,  tol =  9.86, pLDDT = 80.36, pTM-score = 0.4882, piTM-score = 0.0000, interface-score = 0.0000, iRes = 0    iCnt = 0   
Info: MYD88_P63005_x1 model_3_multimer_v2_p1_230306_416256_recycled_06,  tol =  6.00, pLDDT = 81.40, pTM-score = 0.4914, piTM-score = 0.0000, interface-score = 0.0000, iRes = 0    iCnt = 0   
Info: MYD88_P63005_x1 model_3_multimer_v2_p1_230306_416256_recycled_07,  tol =  2.89, pLDDT = 80.88, pTM-score = 0.4913, piTM-score = 0.0000, interface-score = 0.0000, iRes = 0    iCnt = 0   
Info: MYD88_P63005_x1 model_3_multimer_v2_p1_230306_416256_recycled_08,  tol =  6.04, pLDDT = 80.84, pTM-score = 0.4993, piTM-score = 0.0090, interface-score = 0.0001, iRes = 6    iCnt = 3   
Info: MYD88_P63005_x1 model_3_multimer_v2_p1_230306_416256_recycled_09,  tol =  4.24, pLDDT = 81.53, pTM-score = 0.4938, piTM-score = 0.0121, interface-score = 0.0002, iRes = 7    iCnt = 5   
Info: MYD88_P63005_x1 model_3_multimer_v2_p1_230306_416256_recycled_10,  tol =  4.35, pLDDT = 80.78, pTM-score = 0.4918, piTM-score = 0.0034, interface-score = 0.0000, iRes = 4    iCnt = 2   
Info: MYD88_P63005_x1 model_3_multimer_v2_p1_230306_416256_recycled_11,  tol =  6.97, pLDDT = 80.95, pTM-score = 0.4941, piTM-score = 0.0034, interface-score = 0.0000, iRes = 4    iCnt = 2   
Info: MYD88_P63005_x1 model_3_multimer_v2_p1_230306_416256_recycled_12,  tol =  2.70, pLDDT = 81.37, pTM-score = 0.4957, piTM-score = 0.0084, interface-score = 0.0001, iRes = 6    iCnt = 3   
Info: MYD88_P63005_x1 model_3_multimer_v2_p1_230306_416256_recycled_13,  tol =  2.18, pLDDT = 81.28, pTM-score = 0.4963, piTM-score = 0.0014, interface-score = 0.0000, iRes = 2    iCnt = 1   
Info: MYD88_P63005_x1 model_3_multimer_v2_p1_230306_416256_recycled_14,  tol =  1.33, pLDDT = 81.17, pTM-score = 0.4975, piTM-score = 0.0119, interface-score = 0.0002, iRes = 8    iCnt = 4   
Info: MYD88_P63005_x1 model_3_multimer_v2_p1_230306_416256_recycled_15,  tol =  3.39, pLDDT = 81.68, pTM-score = 0.5008, piTM-score = 0.0290, interface-score = 0.0006, iRes = 13   iCnt = 8   
Info: MYD88_P63005_x1 model_3_multimer_v2_p1_230306_416256_recycled_16,  tol =  2.47, pLDDT = 81.38, pTM-score = 0.4962, piTM-score = 0.0089, interface-score = 0.0001, iRes = 6    iCnt = 3   
Info: MYD88_P63005_x1 model_3_multimer_v2_p1_230306_416256_recycled_17,  tol =  2.12, pLDDT = 82.17, pTM-score = 0.4944, piTM-score = 0.0133, interface-score = 0.0002, iRes = 7    iCnt = 5   
Info: MYD88_P63005_x1 model_3_multimer_v2_p1_230306_416256_recycled_18,  tol =  4.14, pLDDT = 81.40, pTM-score = 0.4872, piTM-score = 0.0014, interface-score = 0.0000, iRes = 2    iCnt = 1   
Info: MYD88_P63005_x1 model_3_multimer_v2_p1_230306_416256_recycled_19,  tol =  8.39, pLDDT = 82.02, pTM-score = 0.4888, piTM-score = 0.0000, interface-score = 0.0000, iRes = 0    iCnt = 0   
Info: MYD88_P63005_x1 model_3_multimer_v2_p1_230306_416256 performed 20 recycles, final tol = 4.39, pLDDT = 82.23, pTM-score = 0.4928, piTM-score = 0.0034, interface-score = 0.0000, iRes = 4    iCnt = 2   
Info: num_clusters = 2, cluster_sizes = [1, 1],  clusters = [['MYD88_MOUSE_0'], ['P63005_0']]

I0306 17:03:32.816410 23158436861760 run_af2c_mod.py:404] Final timings for MYD88_P63005_x1: {'features': 1.2, 'process_features_model_3_multimer_v2_p1_230306_416256': 0.0, 'predict_and_compile_model_3_multimer_v2_p1_230306_416256': 748.3}
                                  
================================= 
Global information about the job: 
================================= 
  
Job owner: flobnow(42847)
Job name:  3_AF2C
Node list: ravg1033
Job start: Mon Mar  6 16:50:47 CET 2023
Job end:   Mon Mar  6 17:03:34 CET 2023
Work dir:  /raven/u/flobnow/workingLama/scripts/myRuns/P63005
Command:   /raven/u/flobnow/workingLama/scripts/myRuns/P63005/script2_comp_model_3.sh
  
  
  
==========================================================================================
Information on jobsteps (Note: MaxRSS/AveRSS is the maximum/average over all 
tasks of the per-task memory high-water marks; cf. "man sacct"): 
==========================================================================================
  
JobID            JobName NNodes NTasks  NCPUS        0.00M        0.00M    Elapsed ExitCode
------------- ---------- ------ ------ ------ ------------ ------------ ---------- --------
4365562           3_AF2C      1           108                             00:12:47      0:0
4365562.0        python3      1      1    108    23356.11M    23356.11M   00:12:43      0:0
  
Maximum memory per node: 24.490652 GB (defined as MaxRSS*Ntasks/NNodes)
CPU utilization: 1.9 %
  
Info: input file name is P63005
Info: input target list is /u/flobnow/workingLama/scripts/myRuns/P63005/target.lst
Info: input feature directory is /u/flobnow/workingLama/feature_files
Info: result output directory is /u/flobnow/workingLama/output_files
Info: model preset is multimer_np
Info: msa pairing is all
Info: recycling setting is 1
Info: using preset super2
Info: set num_ensemble = 2
Info: set max_recyles = 20
Info: set recycle_tol = 0.1
Info: mas_pairing mode is all
I0306 20:41:34.005765 23091965486912 tpu_client.py:54] Starting the local TPU driver.
I0306 20:41:34.006260 23091965486912 xla_bridge.py:212] Unable to initialize backend 'tpu_driver': Not found: Unable to find driver in registry given worker: local://
I0306 20:41:34.373640 23091965486912 xla_bridge.py:212] Unable to initialize backend 'tpu': Invalid argument: TpuPlatform is not available.
I0306 20:41:37.104174 23091965486912 run_af2c_mod.py:481] Have 1 models: ['model_4_multimer_v2_p1']
Info: working on target MYD88_P63005_x1
I0306 20:41:43.111384 23091965486912 run_af2c_mod.py:512] Using random seed 1358958168070800024 for the data pipeline
Info: MYD88_P63005_x1 found monomer MYD88_MOUSE msa_depth = 3425, seq_len = 296, num_templ = 20
Info: MYD88_MOUSE reducing the number of structural templates to 4
Info: MYD88_P63005_x1 found monomer P63005 msa_depth = 151592, seq_len = 410, num_templ = 20
Info: P63005 MSA size is too large, reducing to 10000
Info: P63005 reducing the number of structural templates to 4
Info: 2 chain(s) to model {'A': 'MYD88_MOUSE_1', 'B': 'P63005_1'}
Info: modeling MYD88_P63005_x1 with msa_depth = 7773, seq_len = 706, num_templ = 8
I0306 20:41:44.403878 23091965486912 run_af2c_mod.py:216] Running model model_4_multimer_v2_p1_230306_800024
I0306 20:41:44.404404 23091965486912 model.py:205] Running predict with shape(feat) = {'msa': (7773, 706), 'bert_mask': (7773, 706), 'num_alignments': (), 'aatype': (706,), 'seq_length': (), 'template_aatype': (8, 706), 'template_all_atom_mask': (8, 706, 37), 'template_all_atom_positions': (8, 706, 37, 3), 'all_atom_positions': (706, 37, 3), 'template_domain_names': (8,), 'asym_id': (706,), 'sym_id': (706,), 'entity_id': (706,), 'residue_index': (706,), 'deletion_matrix': (7773, 706), 'seq_mask': (706,), 'msa_mask': (7773, 706), 'cluster_bias_mask': (7773,), 'pdb_residue_index': (706,)}
I0306 20:54:27.284328 23091965486912 run_af2c_mod.py:270] Total JAX model model_4_multimer_v2_p1_230306_800024 predict time (includes compilation time): 762.9 seconds
Info: MYD88_P63005_x1 model_4_multimer_v2_p1_230306_800024_recycled_00,  tol =   inf, pLDDT = 79.50, pTM-score = 0.4926, piTM-score = 0.0014, interface-score = 0.0000, iRes = 2    iCnt = 1   
Info: MYD88_P63005_x1 model_4_multimer_v2_p1_230306_800024_recycled_01,  tol = 56.77, pLDDT = 81.05, pTM-score = 0.4960, piTM-score = 0.0031, interface-score = 0.0000, iRes = 3    iCnt = 2   
Info: MYD88_P63005_x1 model_4_multimer_v2_p1_230306_800024_recycled_02,  tol =  9.44, pLDDT = 81.44, pTM-score = 0.4927, piTM-score = 0.0000, interface-score = 0.0000, iRes = 0    iCnt = 0   
Info: MYD88_P63005_x1 model_4_multimer_v2_p1_230306_800024_recycled_03,  tol =  5.72, pLDDT = 81.08, pTM-score = 0.4883, piTM-score = 0.0000, interface-score = 0.0000, iRes = 0    iCnt = 0   
Info: MYD88_P63005_x1 model_4_multimer_v2_p1_230306_800024_recycled_04,  tol = 13.15, pLDDT = 81.53, pTM-score = 0.4870, piTM-score = 0.0000, interface-score = 0.0000, iRes = 0    iCnt = 0   
Info: MYD88_P63005_x1 model_4_multimer_v2_p1_230306_800024_recycled_05,  tol =  6.04, pLDDT = 81.31, pTM-score = 0.4892, piTM-score = 0.0014, interface-score = 0.0000, iRes = 2    iCnt = 1   
Info: MYD88_P63005_x1 model_4_multimer_v2_p1_230306_800024_recycled_06,  tol =  4.20, pLDDT = 80.93, pTM-score = 0.4879, piTM-score = 0.0045, interface-score = 0.0000, iRes = 4    iCnt = 2   
Info: MYD88_P63005_x1 model_4_multimer_v2_p1_230306_800024_recycled_07,  tol =  1.32, pLDDT = 81.41, pTM-score = 0.4891, piTM-score = 0.0072, interface-score = 0.0000, iRes = 5    iCnt = 4   
Info: MYD88_P63005_x1 model_4_multimer_v2_p1_230306_800024_recycled_08,  tol =  2.15, pLDDT = 81.53, pTM-score = 0.4887, piTM-score = 0.0014, interface-score = 0.0000, iRes = 2    iCnt = 1   
Info: MYD88_P63005_x1 model_4_multimer_v2_p1_230306_800024_recycled_09,  tol =  2.27, pLDDT = 81.36, pTM-score = 0.4888, piTM-score = 0.0014, interface-score = 0.0000, iRes = 2    iCnt = 1   
Info: MYD88_P63005_x1 model_4_multimer_v2_p1_230306_800024_recycled_10,  tol =  3.18, pLDDT = 81.21, pTM-score = 0.4891, piTM-score = 0.0014, interface-score = 0.0000, iRes = 2    iCnt = 1   
Info: MYD88_P63005_x1 model_4_multimer_v2_p1_230306_800024_recycled_11,  tol =  1.94, pLDDT = 81.26, pTM-score = 0.4896, piTM-score = 0.0000, interface-score = 0.0000, iRes = 0    iCnt = 0   
Info: MYD88_P63005_x1 model_4_multimer_v2_p1_230306_800024_recycled_12,  tol =  2.32, pLDDT = 81.26, pTM-score = 0.4901, piTM-score = 0.0000, interface-score = 0.0000, iRes = 0    iCnt = 0   
Info: MYD88_P63005_x1 model_4_multimer_v2_p1_230306_800024_recycled_13,  tol =  2.99, pLDDT = 81.06, pTM-score = 0.4886, piTM-score = 0.0014, interface-score = 0.0000, iRes = 2    iCnt = 1   
Info: MYD88_P63005_x1 model_4_multimer_v2_p1_230306_800024_recycled_14,  tol =  2.67, pLDDT = 81.28, pTM-score = 0.4915, piTM-score = 0.0014, interface-score = 0.0000, iRes = 2    iCnt = 1   
Info: MYD88_P63005_x1 model_4_multimer_v2_p1_230306_800024_recycled_15,  tol =  2.82, pLDDT = 81.69, pTM-score = 0.4913, piTM-score = 0.0000, interface-score = 0.0000, iRes = 0    iCnt = 0   
Info: MYD88_P63005_x1 model_4_multimer_v2_p1_230306_800024_recycled_16,  tol =  1.60, pLDDT = 81.52, pTM-score = 0.4903, piTM-score = 0.0000, interface-score = 0.0000, iRes = 0    iCnt = 0   
Info: MYD88_P63005_x1 model_4_multimer_v2_p1_230306_800024_recycled_17,  tol =  1.36, pLDDT = 81.40, pTM-score = 0.4919, piTM-score = 0.0000, interface-score = 0.0000, iRes = 0    iCnt = 0   
Info: MYD88_P63005_x1 model_4_multimer_v2_p1_230306_800024_recycled_18,  tol =  2.07, pLDDT = 81.12, pTM-score = 0.4920, piTM-score = 0.0000, interface-score = 0.0000, iRes = 0    iCnt = 0   
Info: MYD88_P63005_x1 model_4_multimer_v2_p1_230306_800024_recycled_19,  tol =  1.61, pLDDT = 80.91, pTM-score = 0.4905, piTM-score = 0.0036, interface-score = 0.0000, iRes = 4    iCnt = 2   
Info: MYD88_P63005_x1 model_4_multimer_v2_p1_230306_800024 performed 20 recycles, final tol = 1.79, pLDDT = 81.37, pTM-score = 0.4917, piTM-score = 0.0000, interface-score = 0.0000, iRes = 0    iCnt = 0   
Info: num_clusters = 2, cluster_sizes = [1, 1],  clusters = [['MYD88_MOUSE_0'], ['P63005_0']]

I0306 20:54:30.267725 23091965486912 run_af2c_mod.py:404] Final timings for MYD88_P63005_x1: {'features': 1.29, 'process_features_model_4_multimer_v2_p1_230306_800024': 0.0, 'predict_and_compile_model_4_multimer_v2_p1_230306_800024': 762.9}
                                  
================================= 
Global information about the job: 
================================= 
  
Job owner: flobnow(42847)
Job name:  4_AF2C
Node list: ravg1171
Job start: Mon Mar  6 20:41:27 CET 2023
Job end:   Mon Mar  6 20:54:32 CET 2023
Work dir:  /raven/u/flobnow/workingLama/scripts/myRuns/P63005
Command:   /raven/u/flobnow/workingLama/scripts/myRuns/P63005/script2_comp_model_4.sh
  
  
  
==========================================================================================
Information on jobsteps (Note: MaxRSS/AveRSS is the maximum/average over all 
tasks of the per-task memory high-water marks; cf. "man sacct"): 
==========================================================================================
  
JobID            JobName NNodes NTasks  NCPUS        0.00M        0.00M    Elapsed ExitCode
------------- ---------- ------ ------ ------ ------------ ------------ ---------- --------
4365644           4_AF2C      1           108                             00:13:05      0:0
4365644.0        python3      1      1    108    22675.74M    22675.74M   00:13:03      0:0
  
Maximum memory per node: 23.777238 GB (defined as MaxRSS*Ntasks/NNodes)
CPU utilization: 2.0 %
  
Info: input file name is P63005
Info: input target list is /u/flobnow/workingLama/scripts/myRuns/P63005/target.lst
Info: input feature directory is /u/flobnow/workingLama/feature_files
Info: result output directory is /u/flobnow/workingLama/output_files
Info: model preset is multimer_np
Info: msa pairing is all
Info: recycling setting is 1
Info: using preset super2
Info: set num_ensemble = 2
Info: set max_recyles = 20
Info: set recycle_tol = 0.1
Info: mas_pairing mode is all
I0306 22:20:18.121510 22855118018368 tpu_client.py:54] Starting the local TPU driver.
I0306 22:20:18.121936 22855118018368 xla_bridge.py:212] Unable to initialize backend 'tpu_driver': Not found: Unable to find driver in registry given worker: local://
I0306 22:20:18.457483 22855118018368 xla_bridge.py:212] Unable to initialize backend 'tpu': Invalid argument: TpuPlatform is not available.
I0306 22:20:21.219349 22855118018368 run_af2c_mod.py:481] Have 1 models: ['model_5_multimer_v2_p1']
Info: working on target MYD88_P63005_x1
I0306 22:20:25.223602 22855118018368 run_af2c_mod.py:512] Using random seed 4843707212961670049 for the data pipeline
Info: MYD88_P63005_x1 found monomer MYD88_MOUSE msa_depth = 3425, seq_len = 296, num_templ = 20
Info: MYD88_MOUSE reducing the number of structural templates to 4
Info: MYD88_P63005_x1 found monomer P63005 msa_depth = 151592, seq_len = 410, num_templ = 20
Info: P63005 MSA size is too large, reducing to 10000
Info: P63005 reducing the number of structural templates to 4
Info: 2 chain(s) to model {'A': 'MYD88_MOUSE_1', 'B': 'P63005_1'}
Info: modeling MYD88_P63005_x1 with msa_depth = 7773, seq_len = 706, num_templ = 8
I0306 22:20:28.164655 22855118018368 run_af2c_mod.py:216] Running model model_5_multimer_v2_p1_230306_670049
I0306 22:20:28.165141 22855118018368 model.py:205] Running predict with shape(feat) = {'msa': (7773, 706), 'bert_mask': (7773, 706), 'num_alignments': (), 'aatype': (706,), 'seq_length': (), 'template_aatype': (8, 706), 'template_all_atom_mask': (8, 706, 37), 'template_all_atom_positions': (8, 706, 37, 3), 'all_atom_positions': (706, 37, 3), 'template_domain_names': (8,), 'asym_id': (706,), 'sym_id': (706,), 'entity_id': (706,), 'residue_index': (706,), 'deletion_matrix': (7773, 706), 'seq_mask': (706,), 'msa_mask': (7773, 706), 'cluster_bias_mask': (7773,), 'pdb_residue_index': (706,)}
I0306 22:33:04.815864 22855118018368 run_af2c_mod.py:270] Total JAX model model_5_multimer_v2_p1_230306_670049 predict time (includes compilation time): 756.7 seconds
Info: MYD88_P63005_x1 model_5_multimer_v2_p1_230306_670049_recycled_00,  tol =   inf, pLDDT = 77.88, pTM-score = 0.4933, piTM-score = 0.0014, interface-score = 0.0000, iRes = 2    iCnt = 1   
Info: MYD88_P63005_x1 model_5_multimer_v2_p1_230306_670049_recycled_01,  tol = 52.26, pLDDT = 80.85, pTM-score = 0.5020, piTM-score = 0.0273, interface-score = 0.0008, iRes = 14   iCnt = 9   
Info: MYD88_P63005_x1 model_5_multimer_v2_p1_230306_670049_recycled_02,  tol = 12.97, pLDDT = 81.67, pTM-score = 0.5050, piTM-score = 0.0731, interface-score = 0.0026, iRes = 21   iCnt = 16  
Info: MYD88_P63005_x1 model_5_multimer_v2_p1_230306_670049_recycled_03,  tol =  3.37, pLDDT = 81.36, pTM-score = 0.5042, piTM-score = 0.1635, interface-score = 0.0081, iRes = 24   iCnt = 20  
Info: MYD88_P63005_x1 model_5_multimer_v2_p1_230306_670049_recycled_04,  tol =  0.80, pLDDT = 81.76, pTM-score = 0.4985, piTM-score = 0.1481, interface-score = 0.0097, iRes = 23   iCnt = 21  
Info: MYD88_P63005_x1 model_5_multimer_v2_p1_230306_670049_recycled_05,  tol =  5.52, pLDDT = 81.98, pTM-score = 0.5007, piTM-score = 0.2829, interface-score = 0.0210, iRes = 28   iCnt = 30  
Info: MYD88_P63005_x1 model_5_multimer_v2_p1_230306_670049_recycled_06,  tol =  4.21, pLDDT = 80.90, pTM-score = 0.5003, piTM-score = 0.2113, interface-score = 0.0137, iRes = 25   iCnt = 27  
Info: MYD88_P63005_x1 model_5_multimer_v2_p1_230306_670049_recycled_07,  tol =  2.86, pLDDT = 80.63, pTM-score = 0.5023, piTM-score = 0.2116, interface-score = 0.0174, iRes = 25   iCnt = 23  
Info: MYD88_P63005_x1 model_5_multimer_v2_p1_230306_670049_recycled_08,  tol =  5.34, pLDDT = 80.49, pTM-score = 0.4999, piTM-score = 0.0597, interface-score = 0.0026, iRes = 18   iCnt = 15  
Info: MYD88_P63005_x1 model_5_multimer_v2_p1_230306_670049_recycled_09,  tol =  1.00, pLDDT = 80.17, pTM-score = 0.5017, piTM-score = 0.1202, interface-score = 0.0059, iRes = 22   iCnt = 18  
Info: MYD88_P63005_x1 model_5_multimer_v2_p1_230306_670049_recycled_10,  tol =  1.68, pLDDT = 80.47, pTM-score = 0.4993, piTM-score = 0.0483, interface-score = 0.0017, iRes = 17   iCnt = 14  
Info: MYD88_P63005_x1 model_5_multimer_v2_p1_230306_670049_recycled_11,  tol =  1.30, pLDDT = 80.24, pTM-score = 0.5012, piTM-score = 0.0748, interface-score = 0.0024, iRes = 21   iCnt = 17  
Info: MYD88_P63005_x1 model_5_multimer_v2_p1_230306_670049_recycled_12,  tol =  0.87, pLDDT = 80.70, pTM-score = 0.5035, piTM-score = 0.1826, interface-score = 0.0118, iRes = 24   iCnt = 21  
Info: MYD88_P63005_x1 model_5_multimer_v2_p1_230306_670049_recycled_13,  tol =  0.73, pLDDT = 80.29, pTM-score = 0.5004, piTM-score = 0.1236, interface-score = 0.0058, iRes = 22   iCnt = 18  
Info: MYD88_P63005_x1 model_5_multimer_v2_p1_230306_670049_recycled_14,  tol =  0.98, pLDDT = 80.52, pTM-score = 0.5028, piTM-score = 0.0652, interface-score = 0.0033, iRes = 20   iCnt = 17  
Info: MYD88_P63005_x1 model_5_multimer_v2_p1_230306_670049_recycled_15,  tol =  0.96, pLDDT = 81.22, pTM-score = 0.5040, piTM-score = 0.2076, interface-score = 0.0171, iRes = 26   iCnt = 22  
Info: MYD88_P63005_x1 model_5_multimer_v2_p1_230306_670049_recycled_16,  tol =  1.01, pLDDT = 80.26, pTM-score = 0.5003, piTM-score = 0.0377, interface-score = 0.0012, iRes = 14   iCnt = 10  
Info: MYD88_P63005_x1 model_5_multimer_v2_p1_230306_670049_recycled_17,  tol =  0.83, pLDDT = 80.30, pTM-score = 0.5037, piTM-score = 0.1669, interface-score = 0.0081, iRes = 24   iCnt = 18  
Info: MYD88_P63005_x1 model_5_multimer_v2_p1_230306_670049_recycled_18,  tol =  1.02, pLDDT = 80.56, pTM-score = 0.5015, piTM-score = 0.0627, interface-score = 0.0018, iRes = 17   iCnt = 14  
Info: MYD88_P63005_x1 model_5_multimer_v2_p1_230306_670049_recycled_19,  tol =  1.71, pLDDT = 80.47, pTM-score = 0.5025, piTM-score = 0.0725, interface-score = 0.0023, iRes = 20   iCnt = 16  
Info: MYD88_P63005_x1 model_5_multimer_v2_p1_230306_670049 performed 20 recycles, final tol = 0.95, pLDDT = 80.80, pTM-score = 0.5022, piTM-score = 0.0512, interface-score = 0.0011, iRes = 15   iCnt = 10  
Info: num_clusters = 2, cluster_sizes = [1, 1],  clusters = [['MYD88_MOUSE_0'], ['P63005_0']]

I0306 22:33:07.654118 22855118018368 run_af2c_mod.py:404] Final timings for MYD88_P63005_x1: {'features': 2.94, 'process_features_model_5_multimer_v2_p1_230306_670049': 0.0, 'predict_and_compile_model_5_multimer_v2_p1_230306_670049': 756.7}
                                  
================================= 
Global information about the job: 
================================= 
  
Job owner: flobnow(42847)
Job name:  5_AF2C
Node list: ravg1094
Job start: Mon Mar  6 22:20:07 CET 2023
Job end:   Mon Mar  6 22:33:09 CET 2023
Work dir:  /raven/u/flobnow/workingLama/scripts/myRuns/P63005
Command:   /raven/u/flobnow/workingLama/scripts/myRuns/P63005/script2_comp_model_5.sh
  
  
  
==========================================================================================
Information on jobsteps (Note: MaxRSS/AveRSS is the maximum/average over all 
tasks of the per-task memory high-water marks; cf. "man sacct"): 
==========================================================================================
  
JobID            JobName NNodes NTasks  NCPUS        0.00M        0.00M    Elapsed ExitCode
------------- ---------- ------ ------ ------ ------------ ------------ ---------- --------
4365672           5_AF2C      1           108                             00:13:02      0:0
4365672.0        python3      1      1    108    22859.60M    22859.60M   00:12:58      0:0
  
Maximum memory per node: 23.970025 GB (defined as MaxRSS*Ntasks/NNodes)
CPU utilization: 1.9 %
  
Info: target file is /u/flobnow/workingLama/scripts/myRuns/P63005/target.lst
Info: input directory of unrelaxed models is /u/flobnow/workingLama/output_files
Info: output directory of relaxed models is /u/flobnow/workingLama/output_files
/bin/sh: /mpcdf/soft/SLE_15/packages/x86_64/alphafold/2.2.0/lib/libtinfo.so.6: no version information available (required by /lib64/libreadline.so.7)
I0307 21:57:38.673445 22882893211456 run_af2c_min.py:88] MYD88_P63005_x1 processing model_5_multimer_v2_p1_230306_670049.pdb
sh: /mpcdf/soft/SLE_15/packages/x86_64/alphafold/2.2.0/lib/libtinfo.so.6: no version information available (required by /lib64/libreadline.so.7)
sh: /mpcdf/soft/SLE_15/packages/x86_64/alphafold/2.2.0/lib/libtinfo.so.6: no version information available (required by /lib64/libreadline.so.7)
I0307 21:57:50.025014 22882893211456 amber_minimize.py:177] alterations info: {'nonstandard_residues': [], 'removed_heterogens': set(), 'missing_residues': {}, 'missing_heavy_atoms': {}, 'missing_terminals': {<Residue 295 (PRO) of chain 0>: ['OXT'], <Residue 705 (ARG) of chain 1>: ['OXT']}, 'Se_in_MET': [], 'removed_chains': {0: []}}
I0307 21:57:51.177127 22882893211456 amber_minimize.py:408] Minimizing protein, attempt 1 of 100.
I0307 21:57:52.393843 22882893211456 amber_minimize.py:69] Restraining 5644 / 11261 particles.
sh: /mpcdf/soft/SLE_15/packages/x86_64/alphafold/2.2.0/lib/libtinfo.so.6: no version information available (required by /lib64/libreadline.so.7)
I0307 21:58:58.148639 22882893211456 amber_minimize.py:177] alterations info: {'nonstandard_residues': [], 'removed_heterogens': set(), 'missing_residues': {}, 'missing_heavy_atoms': {}, 'missing_terminals': {}, 'Se_in_MET': [], 'removed_chains': {0: []}}
I0307 21:58:59.189913 22882893211456 tpu_client.py:54] Starting the local TPU driver.
I0307 21:58:59.190227 22882893211456 xla_bridge.py:212] Unable to initialize backend 'tpu_driver': Not found: Unable to find driver in registry given worker: local://
I0307 21:58:59.421298 22882893211456 xla_bridge.py:212] Unable to initialize backend 'tpu': Invalid argument: TpuPlatform is not available.
I0307 21:59:09.695039 22882893211456 amber_minimize.py:500] Iteration completed: Einit 427907.35 Efinal -16165.46 Time 59.50 s num residue violations 0 num residue exclusions 0 
sh: /mpcdf/soft/SLE_15/packages/x86_64/alphafold/2.2.0/lib/libtinfo.so.6: no version information available (required by /lib64/libreadline.so.7)
sh: /mpcdf/soft/SLE_15/packages/x86_64/alphafold/2.2.0/lib/libtinfo.so.6: no version information available (required by /lib64/libreadline.so.7)
I0307 21:59:17.330384 22882893211456 amber_minimize.py:177] alterations info: {'nonstandard_residues': [], 'removed_heterogens': set(), 'missing_residues': {}, 'missing_heavy_atoms': {}, 'missing_terminals': {<Residue 295 (PRO) of chain 0>: ['OXT'], <Residue 705 (ARG) of chain 1>: ['OXT']}, 'Se_in_MET': [], 'removed_chains': {0: []}}
I0307 21:59:19.517332 22882893211456 run_af2c_min.py:110] MYD88_P63005_x1 relaxation done, time spent 100.5 seconds, Efinal -16165.46, rmsd 0.44
I0307 21:59:19.517458 22882893211456 run_af2c_min.py:88] MYD88_P63005_x1 processing model_2_multimer_v2_p1_230306_103190.pdb
sh: /mpcdf/soft/SLE_15/packages/x86_64/alphafold/2.2.0/lib/libtinfo.so.6: no version information available (required by /lib64/libreadline.so.7)
sh: /mpcdf/soft/SLE_15/packages/x86_64/alphafold/2.2.0/lib/libtinfo.so.6: no version information available (required by /lib64/libreadline.so.7)
I0307 21:59:27.188219 22882893211456 amber_minimize.py:177] alterations info: {'nonstandard_residues': [], 'removed_heterogens': set(), 'missing_residues': {}, 'missing_heavy_atoms': {}, 'missing_terminals': {<Residue 295 (PRO) of chain 0>: ['OXT'], <Residue 705 (ARG) of chain 1>: ['OXT']}, 'Se_in_MET': [], 'removed_chains': {0: []}}
I0307 21:59:28.330929 22882893211456 amber_minimize.py:408] Minimizing protein, attempt 1 of 100.
I0307 21:59:29.525569 22882893211456 amber_minimize.py:69] Restraining 5644 / 11261 particles.
sh: /mpcdf/soft/SLE_15/packages/x86_64/alphafold/2.2.0/lib/libtinfo.so.6: no version information available (required by /lib64/libreadline.so.7)
I0307 22:00:29.678376 22882893211456 amber_minimize.py:177] alterations info: {'nonstandard_residues': [], 'removed_heterogens': set(), 'missing_residues': {}, 'missing_heavy_atoms': {}, 'missing_terminals': {}, 'Se_in_MET': [], 'removed_chains': {0: []}}
I0307 22:00:32.486163 22882893211456 amber_minimize.py:500] Iteration completed: Einit 698375760.57 Efinal -16019.43 Time 53.93 s num residue violations 0 num residue exclusions 0 
sh: /mpcdf/soft/SLE_15/packages/x86_64/alphafold/2.2.0/lib/libtinfo.so.6: no version information available (required by /lib64/libreadline.so.7)
sh: /mpcdf/soft/SLE_15/packages/x86_64/alphafold/2.2.0/lib/libtinfo.so.6: no version information available (required by /lib64/libreadline.so.7)
I0307 22:00:40.172537 22882893211456 amber_minimize.py:177] alterations info: {'nonstandard_residues': [], 'removed_heterogens': set(), 'missing_residues': {}, 'missing_heavy_atoms': {}, 'missing_terminals': {<Residue 295 (PRO) of chain 0>: ['OXT'], <Residue 705 (ARG) of chain 1>: ['OXT']}, 'Se_in_MET': [], 'removed_chains': {0: []}}
I0307 22:00:42.388221 22882893211456 run_af2c_min.py:110] MYD88_P63005_x1 relaxation done, time spent 82.5 seconds, Efinal -16019.43, rmsd 0.44
I0307 22:00:42.388351 22882893211456 run_af2c_min.py:88] MYD88_P63005_x1 processing model_4_multimer_v2_p1_230306_800024.pdb
sh: /mpcdf/soft/SLE_15/packages/x86_64/alphafold/2.2.0/lib/libtinfo.so.6: no version information available (required by /lib64/libreadline.so.7)
sh: /mpcdf/soft/SLE_15/packages/x86_64/alphafold/2.2.0/lib/libtinfo.so.6: no version information available (required by /lib64/libreadline.so.7)
I0307 22:00:50.154537 22882893211456 amber_minimize.py:177] alterations info: {'nonstandard_residues': [], 'removed_heterogens': set(), 'missing_residues': {}, 'missing_heavy_atoms': {}, 'missing_terminals': {<Residue 295 (PRO) of chain 0>: ['OXT'], <Residue 705 (ARG) of chain 1>: ['OXT']}, 'Se_in_MET': [], 'removed_chains': {0: []}}
I0307 22:00:51.217958 22882893211456 amber_minimize.py:408] Minimizing protein, attempt 1 of 100.
I0307 22:00:52.387424 22882893211456 amber_minimize.py:69] Restraining 5644 / 11261 particles.
sh: /mpcdf/soft/SLE_15/packages/x86_64/alphafold/2.2.0/lib/libtinfo.so.6: no version information available (required by /lib64/libreadline.so.7)
I0307 22:01:47.046195 22882893211456 amber_minimize.py:177] alterations info: {'nonstandard_residues': [], 'removed_heterogens': set(), 'missing_residues': {}, 'missing_heavy_atoms': {}, 'missing_terminals': {}, 'Se_in_MET': [], 'removed_chains': {0: []}}
I0307 22:01:49.741677 22882893211456 amber_minimize.py:500] Iteration completed: Einit 23786.63 Efinal -15864.96 Time 48.44 s num residue violations 0 num residue exclusions 0 
sh: /mpcdf/soft/SLE_15/packages/x86_64/alphafold/2.2.0/lib/libtinfo.so.6: no version information available (required by /lib64/libreadline.so.7)
sh: /mpcdf/soft/SLE_15/packages/x86_64/alphafold/2.2.0/lib/libtinfo.so.6: no version information available (required by /lib64/libreadline.so.7)
I0307 22:01:57.411808 22882893211456 amber_minimize.py:177] alterations info: {'nonstandard_residues': [], 'removed_heterogens': set(), 'missing_residues': {}, 'missing_heavy_atoms': {}, 'missing_terminals': {<Residue 295 (PRO) of chain 0>: ['OXT'], <Residue 705 (ARG) of chain 1>: ['OXT']}, 'Se_in_MET': [], 'removed_chains': {0: []}}
I0307 22:01:59.651424 22882893211456 run_af2c_min.py:110] MYD88_P63005_x1 relaxation done, time spent 76.9 seconds, Efinal -15864.96, rmsd 0.43
I0307 22:01:59.651559 22882893211456 run_af2c_min.py:88] MYD88_P63005_x1 processing model_3_multimer_v2_p1_230306_416256.pdb
sh: /mpcdf/soft/SLE_15/packages/x86_64/alphafold/2.2.0/lib/libtinfo.so.6: no version information available (required by /lib64/libreadline.so.7)
sh: /mpcdf/soft/SLE_15/packages/x86_64/alphafold/2.2.0/lib/libtinfo.so.6: no version information available (required by /lib64/libreadline.so.7)
I0307 22:02:07.398072 22882893211456 amber_minimize.py:177] alterations info: {'nonstandard_residues': [], 'removed_heterogens': set(), 'missing_residues': {}, 'missing_heavy_atoms': {}, 'missing_terminals': {<Residue 295 (PRO) of chain 0>: ['OXT'], <Residue 705 (ARG) of chain 1>: ['OXT']}, 'Se_in_MET': [], 'removed_chains': {0: []}}
I0307 22:02:08.466814 22882893211456 amber_minimize.py:408] Minimizing protein, attempt 1 of 100.
I0307 22:02:09.625514 22882893211456 amber_minimize.py:69] Restraining 5644 / 11261 particles.
sh: /mpcdf/soft/SLE_15/packages/x86_64/alphafold/2.2.0/lib/libtinfo.so.6: no version information available (required by /lib64/libreadline.so.7)
I0307 22:03:05.959849 22882893211456 amber_minimize.py:177] alterations info: {'nonstandard_residues': [], 'removed_heterogens': set(), 'missing_residues': {}, 'missing_heavy_atoms': {}, 'missing_terminals': {}, 'Se_in_MET': [], 'removed_chains': {0: []}}
I0307 22:03:08.644424 22882893211456 amber_minimize.py:500] Iteration completed: Einit 72770.66 Efinal -15896.04 Time 50.19 s num residue violations 0 num residue exclusions 0 
sh: /mpcdf/soft/SLE_15/packages/x86_64/alphafold/2.2.0/lib/libtinfo.so.6: no version information available (required by /lib64/libreadline.so.7)
sh: /mpcdf/soft/SLE_15/packages/x86_64/alphafold/2.2.0/lib/libtinfo.so.6: no version information available (required by /lib64/libreadline.so.7)
I0307 22:03:16.296388 22882893211456 amber_minimize.py:177] alterations info: {'nonstandard_residues': [], 'removed_heterogens': set(), 'missing_residues': {}, 'missing_heavy_atoms': {}, 'missing_terminals': {<Residue 295 (PRO) of chain 0>: ['OXT'], <Residue 705 (ARG) of chain 1>: ['OXT']}, 'Se_in_MET': [], 'removed_chains': {0: []}}
I0307 22:03:18.490036 22882893211456 run_af2c_min.py:110] MYD88_P63005_x1 relaxation done, time spent 78.5 seconds, Efinal -15896.04, rmsd 0.43
I0307 22:03:18.490158 22882893211456 run_af2c_min.py:88] MYD88_P63005_x1 processing model_1_multimer_v2_p1_230306_112827.pdb
sh: /mpcdf/soft/SLE_15/packages/x86_64/alphafold/2.2.0/lib/libtinfo.so.6: no version information available (required by /lib64/libreadline.so.7)
sh: /mpcdf/soft/SLE_15/packages/x86_64/alphafold/2.2.0/lib/libtinfo.so.6: no version information available (required by /lib64/libreadline.so.7)
I0307 22:03:26.102889 22882893211456 amber_minimize.py:177] alterations info: {'nonstandard_residues': [], 'removed_heterogens': set(), 'missing_residues': {}, 'missing_heavy_atoms': {}, 'missing_terminals': {<Residue 295 (PRO) of chain 0>: ['OXT'], <Residue 705 (ARG) of chain 1>: ['OXT']}, 'Se_in_MET': [], 'removed_chains': {0: []}}
I0307 22:03:27.156157 22882893211456 amber_minimize.py:408] Minimizing protein, attempt 1 of 100.
I0307 22:03:28.286408 22882893211456 amber_minimize.py:69] Restraining 5644 / 11261 particles.
sh: /mpcdf/soft/SLE_15/packages/x86_64/alphafold/2.2.0/lib/libtinfo.so.6: no version information available (required by /lib64/libreadline.so.7)
I0307 22:05:03.708571 22882893211456 amber_minimize.py:177] alterations info: {'nonstandard_residues': [], 'removed_heterogens': set(), 'missing_residues': {}, 'missing_heavy_atoms': {}, 'missing_terminals': {}, 'Se_in_MET': [], 'removed_chains': {0: []}}
I0307 22:05:06.396012 22882893211456 amber_minimize.py:500] Iteration completed: Einit 6831021.00 Efinal -16357.73 Time 89.07 s num residue violations 0 num residue exclusions 0 
sh: /mpcdf/soft/SLE_15/packages/x86_64/alphafold/2.2.0/lib/libtinfo.so.6: no version information available (required by /lib64/libreadline.so.7)
sh: /mpcdf/soft/SLE_15/packages/x86_64/alphafold/2.2.0/lib/libtinfo.so.6: no version information available (required by /lib64/libreadline.so.7)
I0307 22:05:13.960328 22882893211456 amber_minimize.py:177] alterations info: {'nonstandard_residues': [], 'removed_heterogens': set(), 'missing_residues': {}, 'missing_heavy_atoms': {}, 'missing_terminals': {<Residue 295 (PRO) of chain 0>: ['OXT'], <Residue 705 (ARG) of chain 1>: ['OXT']}, 'Se_in_MET': [], 'removed_chains': {0: []}}
I0307 22:05:16.143374 22882893211456 run_af2c_min.py:110] MYD88_P63005_x1 relaxation done, time spent 117.3 seconds, Efinal -16357.73, rmsd 0.43
                                  
================================= 
Global information about the job: 
================================= 
  
Job owner: flobnow(42847)
Job name:  6_RLX
Node list: ravg1103
Job start: Tue Mar  7 21:57:31 CET 2023
Job end:   Tue Mar  7 22:05:16 CET 2023
Work dir:  /raven/u/flobnow/workingLama/scripts/myRuns/P63005
Command:   /raven/u/flobnow/workingLama/scripts/myRuns/P63005/script3_relaxation.sh
  
  
  
==========================================================================================
Information on jobsteps (Note: MaxRSS/AveRSS is the maximum/average over all 
tasks of the per-task memory high-water marks; cf. "man sacct"): 
==========================================================================================
  
JobID            JobName NNodes NTasks  NCPUS        0.00M        0.00M    Elapsed ExitCode
------------- ---------- ------ ------ ------ ------------ ------------ ---------- --------
4375165            6_RLX      1           108                             00:07:45      0:0
4375165.0        python3      1      1    108    14249.54M    14249.54M   00:07:43      0:0
  
Maximum memory per node: 14.941729 GB (defined as MaxRSS*Ntasks/NNodes)
CPU utilization: 62.5 %
  
