Info: input file name is Q8VCE2
Info: input target list is /u/flobnow/workingLama/scripts/myRuns/Q8VCE2/target.lst
Info: input feature directory is /u/flobnow/workingLama/feature_files
Info: result output directory is /u/flobnow/workingLama/output_files
Info: model preset is multimer_np
Info: msa pairing is all
Info: recycling setting is 1
Info: using preset super2
Info: set num_ensemble = 2
Info: set max_recyles = 20
Info: set recycle_tol = 0.1
Info: mas_pairing mode is all
I0306 15:03:18.445453 23436442093376 tpu_client.py:54] Starting the local TPU driver.
I0306 15:03:18.445841 23436442093376 xla_bridge.py:212] Unable to initialize backend 'tpu_driver': Not found: Unable to find driver in registry given worker: local://
I0306 15:03:18.827034 23436442093376 xla_bridge.py:212] Unable to initialize backend 'tpu': Invalid argument: TpuPlatform is not available.
I0306 15:03:21.617208 23436442093376 run_af2c_mod.py:481] Have 1 models: ['model_1_multimer_v2_p1']
Info: working on target MYD88_Q8VCE2_x1
I0306 15:03:26.622423 23436442093376 run_af2c_mod.py:512] Using random seed 6988045752098991753 for the data pipeline
Info: MYD88_Q8VCE2_x1 found monomer MYD88_MOUSE msa_depth = 3425, seq_len = 296, num_templ = 20
Info: MYD88_MOUSE reducing the number of structural templates to 4
Info: MYD88_Q8VCE2_x1 found monomer Q8VCE2 msa_depth = 11413, seq_len = 372, num_templ = 20
Info: Q8VCE2 MSA size is too large, reducing to 10000
Info: Q8VCE2 reducing the number of structural templates to 4
Info: 2 chain(s) to model {'A': 'MYD88_MOUSE_1', 'B': 'Q8VCE2_1'}
Info: modeling MYD88_Q8VCE2_x1 with msa_depth = 7290, seq_len = 668, num_templ = 8
I0306 15:03:27.792005 23436442093376 run_af2c_mod.py:216] Running model model_1_multimer_v2_p1_230306_991753
I0306 15:03:27.792482 23436442093376 model.py:205] Running predict with shape(feat) = {'msa': (7290, 668), 'bert_mask': (7290, 668), 'num_alignments': (), 'aatype': (668,), 'seq_length': (), 'template_aatype': (8, 668), 'template_all_atom_mask': (8, 668, 37), 'template_all_atom_positions': (8, 668, 37, 3), 'all_atom_positions': (668, 37, 3), 'template_domain_names': (8,), 'asym_id': (668,), 'sym_id': (668,), 'entity_id': (668,), 'residue_index': (668,), 'deletion_matrix': (7290, 668), 'seq_mask': (668,), 'msa_mask': (7290, 668), 'cluster_bias_mask': (7290,), 'pdb_residue_index': (668,)}
I0306 15:14:31.805814 23436442093376 run_af2c_mod.py:270] Total JAX model model_1_multimer_v2_p1_230306_991753 predict time (includes compilation time): 664.0 seconds
Info: MYD88_Q8VCE2_x1 model_1_multimer_v2_p1_230306_991753_recycled_00,  tol =   inf, pLDDT = 68.45, pTM-score = 0.4787, piTM-score = 0.0347, interface-score = 0.0025, iRes = 16   iCnt = 15  
Info: MYD88_Q8VCE2_x1 model_1_multimer_v2_p1_230306_991753_recycled_01,  tol = 57.84, pLDDT = 71.41, pTM-score = 0.4536, piTM-score = 0.0557, interface-score = 0.0021, iRes = 20   iCnt = 18  
Info: MYD88_Q8VCE2_x1 model_1_multimer_v2_p1_230306_991753_recycled_02,  tol =  8.61, pLDDT = 72.30, pTM-score = 0.4589, piTM-score = 0.1638, interface-score = 0.0167, iRes = 23   iCnt = 26  
Info: MYD88_Q8VCE2_x1 model_1_multimer_v2_p1_230306_991753_recycled_03,  tol = 16.65, pLDDT = 71.52, pTM-score = 0.4569, piTM-score = 0.3309, interface-score = 0.0382, iRes = 39   iCnt = 46  
Info: MYD88_Q8VCE2_x1 model_1_multimer_v2_p1_230306_991753_recycled_04,  tol =  3.96, pLDDT = 71.74, pTM-score = 0.4602, piTM-score = 0.3346, interface-score = 0.0374, iRes = 47   iCnt = 54  
Info: MYD88_Q8VCE2_x1 model_1_multimer_v2_p1_230306_991753_recycled_05,  tol =  2.01, pLDDT = 72.66, pTM-score = 0.4662, piTM-score = 0.3407, interface-score = 0.0648, iRes = 44   iCnt = 51  
Info: MYD88_Q8VCE2_x1 model_1_multimer_v2_p1_230306_991753_recycled_06,  tol =  2.52, pLDDT = 72.58, pTM-score = 0.4579, piTM-score = 0.3126, interface-score = 0.0428, iRes = 37   iCnt = 40  
Info: MYD88_Q8VCE2_x1 model_1_multimer_v2_p1_230306_991753_recycled_07,  tol =  2.41, pLDDT = 72.55, pTM-score = 0.4568, piTM-score = 0.3157, interface-score = 0.0313, iRes = 30   iCnt = 30  
Info: MYD88_Q8VCE2_x1 model_1_multimer_v2_p1_230306_991753_recycled_08,  tol =  1.70, pLDDT = 73.74, pTM-score = 0.4556, piTM-score = 0.0674, interface-score = 0.0035, iRes = 19   iCnt = 17  
Info: MYD88_Q8VCE2_x1 model_1_multimer_v2_p1_230306_991753_recycled_09,  tol =  5.00, pLDDT = 73.11, pTM-score = 0.4519, piTM-score = 0.0527, interface-score = 0.0013, iRes = 18   iCnt = 15  
Info: MYD88_Q8VCE2_x1 model_1_multimer_v2_p1_230306_991753_recycled_10,  tol =  3.36, pLDDT = 73.54, pTM-score = 0.4483, piTM-score = 0.0374, interface-score = 0.0006, iRes = 14   iCnt = 9   
Info: MYD88_Q8VCE2_x1 model_1_multimer_v2_p1_230306_991753_recycled_11,  tol = 11.91, pLDDT = 72.95, pTM-score = 0.4529, piTM-score = 0.0360, interface-score = 0.0009, iRes = 15   iCnt = 9   
Info: MYD88_Q8VCE2_x1 model_1_multimer_v2_p1_230306_991753_recycled_12,  tol =  3.26, pLDDT = 72.99, pTM-score = 0.4379, piTM-score = 0.0160, interface-score = 0.0001, iRes = 9    iCnt = 5   
Info: MYD88_Q8VCE2_x1 model_1_multimer_v2_p1_230306_991753_recycled_13,  tol =  2.21, pLDDT = 71.61, pTM-score = 0.4359, piTM-score = 0.1620, interface-score = 0.0069, iRes = 30   iCnt = 25  
Info: MYD88_Q8VCE2_x1 model_1_multimer_v2_p1_230306_991753_recycled_14,  tol =  5.90, pLDDT = 72.15, pTM-score = 0.4371, piTM-score = 0.3064, interface-score = 0.0017, iRes = 29   iCnt = 46  
Info: MYD88_Q8VCE2_x1 model_1_multimer_v2_p1_230306_991753_recycled_15,  tol =  8.57, pLDDT = 71.96, pTM-score = 0.4386, piTM-score = 0.0014, interface-score = 0.0000, iRes = 2    iCnt = 1   
Info: MYD88_Q8VCE2_x1 model_1_multimer_v2_p1_230306_991753_recycled_16,  tol = 18.14, pLDDT = 70.77, pTM-score = 0.4765, piTM-score = 0.0186, interface-score = 0.0002, iRes = 11   iCnt = 7   
Info: MYD88_Q8VCE2_x1 model_1_multimer_v2_p1_230306_991753_recycled_17,  tol = 14.30, pLDDT = 71.58, pTM-score = 0.4368, piTM-score = 0.0031, interface-score = 0.0000, iRes = 4    iCnt = 2   
Info: MYD88_Q8VCE2_x1 model_1_multimer_v2_p1_230306_991753_recycled_18,  tol =  8.34, pLDDT = 72.19, pTM-score = 0.4408, piTM-score = 0.0177, interface-score = 0.0001, iRes = 9    iCnt = 7   
Info: MYD88_Q8VCE2_x1 model_1_multimer_v2_p1_230306_991753_recycled_19,  tol =  3.93, pLDDT = 71.55, pTM-score = 0.4468, piTM-score = 0.0319, interface-score = 0.0005, iRes = 17   iCnt = 12  
Info: MYD88_Q8VCE2_x1 model_1_multimer_v2_p1_230306_991753 performed 20 recycles, final tol = 6.85, pLDDT = 71.49, pTM-score = 0.4412, piTM-score = 0.0069, interface-score = 0.0001, iRes = 7    iCnt = 4   
Info: num_clusters = 2, cluster_sizes = [1, 1],  clusters = [['MYD88_MOUSE_0'], ['Q8VCE2_0']]

I0306 15:14:34.522490 23436442093376 run_af2c_mod.py:404] Final timings for MYD88_Q8VCE2_x1: {'features': 1.17, 'process_features_model_1_multimer_v2_p1_230306_991753': 0.0, 'predict_and_compile_model_1_multimer_v2_p1_230306_991753': 664.0}
                                  
================================= 
Global information about the job: 
================================= 
  
Job owner: flobnow(42847)
Job name:  1_AF2C
Node list: ravg1028
Job start: Mon Mar  6 15:03:10 CET 2023
Job end:   Mon Mar  6 15:14:37 CET 2023
Work dir:  /raven/u/flobnow/workingLama/scripts/myRuns/Q8VCE2
Command:   /raven/u/flobnow/workingLama/scripts/myRuns/Q8VCE2/script2_comp_model_1.sh
  
  
  
==========================================================================================
Information on jobsteps (Note: MaxRSS/AveRSS is the maximum/average over all 
tasks of the per-task memory high-water marks; cf. "man sacct"): 
==========================================================================================
  
JobID            JobName NNodes NTasks  NCPUS        0.00M        0.00M    Elapsed ExitCode
------------- ---------- ------ ------ ------ ------------ ------------ ---------- --------
4365521           1_AF2C      1           108                             00:11:27      0:0
4365521.0        python3      1      1    108    21589.52M    21589.52M   00:11:25      0:0
  
Maximum memory per node: 22.638254 GB (defined as MaxRSS*Ntasks/NNodes)
CPU utilization: 1.9 %
  
Info: input file name is Q8VCE2
Info: input target list is /u/flobnow/workingLama/scripts/myRuns/Q8VCE2/target.lst
Info: input feature directory is /u/flobnow/workingLama/feature_files
Info: result output directory is /u/flobnow/workingLama/output_files
Info: model preset is multimer_np
Info: msa pairing is all
Info: recycling setting is 1
Info: using preset super2
Info: set num_ensemble = 2
Info: set max_recyles = 20
Info: set recycle_tol = 0.1
Info: mas_pairing mode is all
I0306 15:37:25.524821 22633798137664 tpu_client.py:54] Starting the local TPU driver.
I0306 15:37:25.525195 22633798137664 xla_bridge.py:212] Unable to initialize backend 'tpu_driver': Not found: Unable to find driver in registry given worker: local://
I0306 15:37:25.896948 22633798137664 xla_bridge.py:212] Unable to initialize backend 'tpu': Invalid argument: TpuPlatform is not available.
I0306 15:37:28.696988 22633798137664 run_af2c_mod.py:481] Have 1 models: ['model_2_multimer_v2_p1']
Info: working on target MYD88_Q8VCE2_x1
I0306 15:37:31.700325 22633798137664 run_af2c_mod.py:512] Using random seed 5366845991034126597 for the data pipeline
Info: MYD88_Q8VCE2_x1 found monomer MYD88_MOUSE msa_depth = 3425, seq_len = 296, num_templ = 20
Info: MYD88_MOUSE reducing the number of structural templates to 4
Info: MYD88_Q8VCE2_x1 found monomer Q8VCE2 msa_depth = 11413, seq_len = 372, num_templ = 20
Info: Q8VCE2 MSA size is too large, reducing to 10000
Info: Q8VCE2 reducing the number of structural templates to 4
Info: 2 chain(s) to model {'A': 'MYD88_MOUSE_1', 'B': 'Q8VCE2_1'}
Info: modeling MYD88_Q8VCE2_x1 with msa_depth = 7290, seq_len = 668, num_templ = 8
I0306 15:37:32.860890 22633798137664 run_af2c_mod.py:216] Running model model_2_multimer_v2_p1_230306_126597
I0306 15:37:32.861380 22633798137664 model.py:205] Running predict with shape(feat) = {'msa': (7290, 668), 'bert_mask': (7290, 668), 'num_alignments': (), 'aatype': (668,), 'seq_length': (), 'template_aatype': (8, 668), 'template_all_atom_mask': (8, 668, 37), 'template_all_atom_positions': (8, 668, 37, 3), 'all_atom_positions': (668, 37, 3), 'template_domain_names': (8,), 'asym_id': (668,), 'sym_id': (668,), 'entity_id': (668,), 'residue_index': (668,), 'deletion_matrix': (7290, 668), 'seq_mask': (668,), 'msa_mask': (7290, 668), 'cluster_bias_mask': (7290,), 'pdb_residue_index': (668,)}
I0306 15:48:37.868113 22633798137664 run_af2c_mod.py:270] Total JAX model model_2_multimer_v2_p1_230306_126597 predict time (includes compilation time): 665.0 seconds
Info: MYD88_Q8VCE2_x1 model_2_multimer_v2_p1_230306_126597_recycled_00,  tol =   inf, pLDDT = 64.39, pTM-score = 0.4762, piTM-score = 0.2099, interface-score = 0.0939, iRes = 24   iCnt = 24  
Info: MYD88_Q8VCE2_x1 model_2_multimer_v2_p1_230306_126597_recycled_01,  tol = 62.59, pLDDT = 71.69, pTM-score = 0.4768, piTM-score = 0.3995, interface-score = 0.2355, iRes = 29   iCnt = 39  
Info: MYD88_Q8VCE2_x1 model_2_multimer_v2_p1_230306_126597_recycled_02,  tol =  8.92, pLDDT = 70.75, pTM-score = 0.4822, piTM-score = 0.4748, interface-score = 0.3614, iRes = 39   iCnt = 42  
Info: MYD88_Q8VCE2_x1 model_2_multimer_v2_p1_230306_126597_recycled_03,  tol =  9.72, pLDDT = 71.96, pTM-score = 0.4745, piTM-score = 0.4594, interface-score = 0.3289, iRes = 37   iCnt = 45  
Info: MYD88_Q8VCE2_x1 model_2_multimer_v2_p1_230306_126597_recycled_04,  tol =  9.22, pLDDT = 71.93, pTM-score = 0.4736, piTM-score = 0.4570, interface-score = 0.3301, iRes = 35   iCnt = 42  
Info: MYD88_Q8VCE2_x1 model_2_multimer_v2_p1_230306_126597_recycled_05,  tol =  5.46, pLDDT = 72.57, pTM-score = 0.4811, piTM-score = 0.4486, interface-score = 0.3250, iRes = 33   iCnt = 39  
Info: MYD88_Q8VCE2_x1 model_2_multimer_v2_p1_230306_126597_recycled_06,  tol =  6.02, pLDDT = 72.57, pTM-score = 0.4814, piTM-score = 0.4433, interface-score = 0.3201, iRes = 33   iCnt = 40  
Info: MYD88_Q8VCE2_x1 model_2_multimer_v2_p1_230306_126597_recycled_07,  tol =  3.15, pLDDT = 72.41, pTM-score = 0.4799, piTM-score = 0.4337, interface-score = 0.3067, iRes = 33   iCnt = 40  
Info: MYD88_Q8VCE2_x1 model_2_multimer_v2_p1_230306_126597_recycled_08,  tol =  5.01, pLDDT = 73.38, pTM-score = 0.4935, piTM-score = 0.4624, interface-score = 0.3460, iRes = 35   iCnt = 40  
Info: MYD88_Q8VCE2_x1 model_2_multimer_v2_p1_230306_126597_recycled_09,  tol =  1.93, pLDDT = 72.56, pTM-score = 0.4916, piTM-score = 0.4555, interface-score = 0.3469, iRes = 39   iCnt = 43  
Info: MYD88_Q8VCE2_x1 model_2_multimer_v2_p1_230306_126597_recycled_10,  tol =  2.40, pLDDT = 72.76, pTM-score = 0.4936, piTM-score = 0.4766, interface-score = 0.3561, iRes = 41   iCnt = 45  
Info: MYD88_Q8VCE2_x1 model_2_multimer_v2_p1_230306_126597_recycled_11,  tol =  1.56, pLDDT = 72.55, pTM-score = 0.5025, piTM-score = 0.5110, interface-score = 0.3749, iRes = 53   iCnt = 54  
Info: MYD88_Q8VCE2_x1 model_2_multimer_v2_p1_230306_126597_recycled_12,  tol =  1.08, pLDDT = 73.32, pTM-score = 0.5082, piTM-score = 0.4800, interface-score = 0.3705, iRes = 41   iCnt = 46  
Info: MYD88_Q8VCE2_x1 model_2_multimer_v2_p1_230306_126597_recycled_13,  tol =  2.23, pLDDT = 72.85, pTM-score = 0.4798, piTM-score = 0.4361, interface-score = 0.3327, iRes = 52   iCnt = 57  
Info: MYD88_Q8VCE2_x1 model_2_multimer_v2_p1_230306_126597_recycled_14,  tol = 11.87, pLDDT = 73.41, pTM-score = 0.5014, piTM-score = 0.4575, interface-score = 0.3553, iRes = 52   iCnt = 60  
Info: MYD88_Q8VCE2_x1 model_2_multimer_v2_p1_230306_126597_recycled_15,  tol =  4.91, pLDDT = 72.35, pTM-score = 0.4760, piTM-score = 0.4235, interface-score = 0.3034, iRes = 45   iCnt = 47  
Info: MYD88_Q8VCE2_x1 model_2_multimer_v2_p1_230306_126597_recycled_16,  tol =  5.23, pLDDT = 72.67, pTM-score = 0.4890, piTM-score = 0.4353, interface-score = 0.3436, iRes = 51   iCnt = 58  
Info: MYD88_Q8VCE2_x1 model_2_multimer_v2_p1_230306_126597_recycled_17,  tol =  3.28, pLDDT = 72.64, pTM-score = 0.4811, piTM-score = 0.4180, interface-score = 0.3062, iRes = 52   iCnt = 55  
Info: MYD88_Q8VCE2_x1 model_2_multimer_v2_p1_230306_126597_recycled_18,  tol =  3.04, pLDDT = 72.92, pTM-score = 0.4927, piTM-score = 0.4361, interface-score = 0.3481, iRes = 56   iCnt = 62  
Info: MYD88_Q8VCE2_x1 model_2_multimer_v2_p1_230306_126597_recycled_19,  tol =  3.60, pLDDT = 72.52, pTM-score = 0.4756, piTM-score = 0.4338, interface-score = 0.3162, iRes = 51   iCnt = 52  
Info: MYD88_Q8VCE2_x1 model_2_multimer_v2_p1_230306_126597 performed 20 recycles, final tol = 3.84, pLDDT = 72.43, pTM-score = 0.4884, piTM-score = 0.4271, interface-score = 0.3336, iRes = 56   iCnt = 61  
Info: num_clusters = 1, cluster_sizes = [2],  clusters = [['MYD88_MOUSE_0', 'Q8VCE2_0']]

I0306 15:48:40.727960 22633798137664 run_af2c_mod.py:404] Final timings for MYD88_Q8VCE2_x1: {'features': 1.16, 'process_features_model_2_multimer_v2_p1_230306_126597': 0.0, 'predict_and_compile_model_2_multimer_v2_p1_230306_126597': 665.0}
                                  
================================= 
Global information about the job: 
================================= 
  
Job owner: flobnow(42847)
Job name:  2_AF2C
Node list: ravg1106
Job start: Mon Mar  6 15:37:17 CET 2023
Job end:   Mon Mar  6 15:48:42 CET 2023
Work dir:  /raven/u/flobnow/workingLama/scripts/myRuns/Q8VCE2
Command:   /raven/u/flobnow/workingLama/scripts/myRuns/Q8VCE2/script2_comp_model_2.sh
  
  
  
==========================================================================================
Information on jobsteps (Note: MaxRSS/AveRSS is the maximum/average over all 
tasks of the per-task memory high-water marks; cf. "man sacct"): 
==========================================================================================
  
JobID            JobName NNodes NTasks  NCPUS        0.00M        0.00M    Elapsed ExitCode
------------- ---------- ------ ------ ------ ------------ ------------ ---------- --------
4365532           2_AF2C      1           108                             00:11:25      0:0
4365532.0        python3      1      1    108    21677.26M    21677.26M   00:11:22      0:0
  
Maximum memory per node: 22.730252 GB (defined as MaxRSS*Ntasks/NNodes)
CPU utilization: 1.9 %
  
Info: input file name is Q8VCE2
Info: input target list is /u/flobnow/workingLama/scripts/myRuns/Q8VCE2/target.lst
Info: input feature directory is /u/flobnow/workingLama/feature_files
Info: result output directory is /u/flobnow/workingLama/output_files
Info: model preset is multimer_np
Info: msa pairing is all
Info: recycling setting is 1
Info: using preset super2
Info: set num_ensemble = 2
Info: set max_recyles = 20
Info: set recycle_tol = 0.1
Info: mas_pairing mode is all
I0306 23:29:17.518597 22953996228416 tpu_client.py:54] Starting the local TPU driver.
I0306 23:29:17.519016 22953996228416 xla_bridge.py:212] Unable to initialize backend 'tpu_driver': Not found: Unable to find driver in registry given worker: local://
I0306 23:29:17.916615 22953996228416 xla_bridge.py:212] Unable to initialize backend 'tpu': Invalid argument: TpuPlatform is not available.
I0306 23:29:20.741333 22953996228416 run_af2c_mod.py:481] Have 1 models: ['model_3_multimer_v2_p1']
Info: working on target MYD88_Q8VCE2_x1
I0306 23:29:21.742892 22953996228416 run_af2c_mod.py:512] Using random seed 4014313446942294706 for the data pipeline
Info: MYD88_Q8VCE2_x1 found monomer MYD88_MOUSE msa_depth = 3425, seq_len = 296, num_templ = 20
Info: MYD88_MOUSE reducing the number of structural templates to 4
Info: MYD88_Q8VCE2_x1 found monomer Q8VCE2 msa_depth = 11413, seq_len = 372, num_templ = 20
Info: Q8VCE2 MSA size is too large, reducing to 10000
Info: Q8VCE2 reducing the number of structural templates to 4
Info: 2 chain(s) to model {'A': 'MYD88_MOUSE_1', 'B': 'Q8VCE2_1'}
Info: modeling MYD88_Q8VCE2_x1 with msa_depth = 7290, seq_len = 668, num_templ = 8
I0306 23:29:22.886074 22953996228416 run_af2c_mod.py:216] Running model model_3_multimer_v2_p1_230306_294706
I0306 23:29:22.886558 22953996228416 model.py:205] Running predict with shape(feat) = {'msa': (7290, 668), 'bert_mask': (7290, 668), 'num_alignments': (), 'aatype': (668,), 'seq_length': (), 'template_aatype': (8, 668), 'template_all_atom_mask': (8, 668, 37), 'template_all_atom_positions': (8, 668, 37, 3), 'all_atom_positions': (668, 37, 3), 'template_domain_names': (8,), 'asym_id': (668,), 'sym_id': (668,), 'entity_id': (668,), 'residue_index': (668,), 'deletion_matrix': (7290, 668), 'seq_mask': (668,), 'msa_mask': (7290, 668), 'cluster_bias_mask': (7290,), 'pdb_residue_index': (668,)}
I0306 23:40:28.900882 22953996228416 run_af2c_mod.py:270] Total JAX model model_3_multimer_v2_p1_230306_294706 predict time (includes compilation time): 666.0 seconds
Info: MYD88_Q8VCE2_x1 model_3_multimer_v2_p1_230306_294706_recycled_00,  tol =   inf, pLDDT = 69.00, pTM-score = 0.5436, piTM-score = 0.2826, interface-score = 0.0909, iRes = 46   iCnt = 43  
Info: MYD88_Q8VCE2_x1 model_3_multimer_v2_p1_230306_294706_recycled_01,  tol = 50.96, pLDDT = 71.21, pTM-score = 0.4757, piTM-score = 0.1068, interface-score = 0.0056, iRes = 22   iCnt = 18  
Info: MYD88_Q8VCE2_x1 model_3_multimer_v2_p1_230306_294706_recycled_02,  tol = 12.87, pLDDT = 71.90, pTM-score = 0.4453, piTM-score = 0.0109, interface-score = 0.0002, iRes = 8    iCnt = 6   
Info: MYD88_Q8VCE2_x1 model_3_multimer_v2_p1_230306_294706_recycled_03,  tol = 15.45, pLDDT = 71.91, pTM-score = 0.4437, piTM-score = 0.0099, interface-score = 0.0002, iRes = 7    iCnt = 5   
Info: MYD88_Q8VCE2_x1 model_3_multimer_v2_p1_230306_294706_recycled_04,  tol =  5.25, pLDDT = 72.17, pTM-score = 0.4418, piTM-score = 0.0025, interface-score = 0.0000, iRes = 3    iCnt = 2   
Info: MYD88_Q8VCE2_x1 model_3_multimer_v2_p1_230306_294706_recycled_05,  tol =  2.84, pLDDT = 72.36, pTM-score = 0.4447, piTM-score = 0.0014, interface-score = 0.0000, iRes = 2    iCnt = 1   
Info: MYD88_Q8VCE2_x1 model_3_multimer_v2_p1_230306_294706_recycled_06,  tol =  6.95, pLDDT = 72.76, pTM-score = 0.4479, piTM-score = 0.0034, interface-score = 0.0001, iRes = 4    iCnt = 3   
Info: MYD88_Q8VCE2_x1 model_3_multimer_v2_p1_230306_294706_recycled_07,  tol =  4.15, pLDDT = 72.91, pTM-score = 0.4473, piTM-score = 0.0034, interface-score = 0.0001, iRes = 4    iCnt = 3   
Info: MYD88_Q8VCE2_x1 model_3_multimer_v2_p1_230306_294706_recycled_08,  tol =  2.93, pLDDT = 72.95, pTM-score = 0.4454, piTM-score = 0.0014, interface-score = 0.0000, iRes = 2    iCnt = 1   
Info: MYD88_Q8VCE2_x1 model_3_multimer_v2_p1_230306_294706_recycled_09,  tol =  2.28, pLDDT = 72.39, pTM-score = 0.4427, piTM-score = 0.0114, interface-score = 0.0002, iRes = 7    iCnt = 9   
Info: MYD88_Q8VCE2_x1 model_3_multimer_v2_p1_230306_294706_recycled_10,  tol = 11.27, pLDDT = 72.64, pTM-score = 0.4580, piTM-score = 0.0602, interface-score = 0.0115, iRes = 15   iCnt = 15  
Info: MYD88_Q8VCE2_x1 model_3_multimer_v2_p1_230306_294706_recycled_11,  tol = 10.41, pLDDT = 73.27, pTM-score = 0.4425, piTM-score = 0.0082, interface-score = 0.0001, iRes = 6    iCnt = 5   
Info: MYD88_Q8VCE2_x1 model_3_multimer_v2_p1_230306_294706_recycled_12,  tol = 11.67, pLDDT = 72.20, pTM-score = 0.4580, piTM-score = 0.0316, interface-score = 0.0010, iRes = 16   iCnt = 11  
Info: MYD88_Q8VCE2_x1 model_3_multimer_v2_p1_230306_294706_recycled_13,  tol = 11.05, pLDDT = 72.37, pTM-score = 0.4563, piTM-score = 0.0274, interface-score = 0.0006, iRes = 13   iCnt = 9   
Info: MYD88_Q8VCE2_x1 model_3_multimer_v2_p1_230306_294706_recycled_14,  tol =  3.41, pLDDT = 71.88, pTM-score = 0.4458, piTM-score = 0.0134, interface-score = 0.0001, iRes = 9    iCnt = 5   
Info: MYD88_Q8VCE2_x1 model_3_multimer_v2_p1_230306_294706_recycled_15,  tol =  3.25, pLDDT = 72.00, pTM-score = 0.4646, piTM-score = 0.0699, interface-score = 0.0119, iRes = 21   iCnt = 17  
Info: MYD88_Q8VCE2_x1 model_3_multimer_v2_p1_230306_294706_recycled_16,  tol =  8.32, pLDDT = 72.53, pTM-score = 0.4467, piTM-score = 0.0111, interface-score = 0.0001, iRes = 7    iCnt = 5   
Info: MYD88_Q8VCE2_x1 model_3_multimer_v2_p1_230306_294706_recycled_17,  tol =  4.24, pLDDT = 72.90, pTM-score = 0.4502, piTM-score = 0.0629, interface-score = 0.0016, iRes = 22   iCnt = 14  
Info: MYD88_Q8VCE2_x1 model_3_multimer_v2_p1_230306_294706_recycled_18,  tol = 18.45, pLDDT = 72.80, pTM-score = 0.4610, piTM-score = 0.2683, interface-score = 0.0176, iRes = 57   iCnt = 71  
Info: MYD88_Q8VCE2_x1 model_3_multimer_v2_p1_230306_294706_recycled_19,  tol =  7.20, pLDDT = 73.79, pTM-score = 0.4639, piTM-score = 0.0229, interface-score = 0.0008, iRes = 12   iCnt = 8   
Info: MYD88_Q8VCE2_x1 model_3_multimer_v2_p1_230306_294706 performed 20 recycles, final tol = 5.21, pLDDT = 73.26, pTM-score = 0.4617, piTM-score = 0.0298, interface-score = 0.0009, iRes = 13   iCnt = 11  
Info: num_clusters = 1, cluster_sizes = [2],  clusters = [['MYD88_MOUSE_0', 'Q8VCE2_0']]

I0306 23:40:31.718469 22953996228416 run_af2c_mod.py:404] Final timings for MYD88_Q8VCE2_x1: {'features': 1.14, 'process_features_model_3_multimer_v2_p1_230306_294706': 0.0, 'predict_and_compile_model_3_multimer_v2_p1_230306_294706': 666.0}
                                  
================================= 
Global information about the job: 
================================= 
  
Job owner: flobnow(42847)
Job name:  3_AF2C
Node list: ravg1049
Job start: Mon Mar  6 23:29:10 CET 2023
Job end:   Mon Mar  6 23:40:33 CET 2023
Work dir:  /raven/u/flobnow/workingLama/scripts/myRuns/Q8VCE2
Command:   /raven/u/flobnow/workingLama/scripts/myRuns/Q8VCE2/script2_comp_model_3.sh
  
  
  
==========================================================================================
Information on jobsteps (Note: MaxRSS/AveRSS is the maximum/average over all 
tasks of the per-task memory high-water marks; cf. "man sacct"): 
==========================================================================================
  
JobID            JobName NNodes NTasks  NCPUS        0.00M        0.00M    Elapsed ExitCode
------------- ---------- ------ ------ ------ ------------ ------------ ---------- --------
4365742           3_AF2C      1           108                             00:11:23      0:0
4365742.0        python3      1      1    108    21685.31M    21685.31M   00:11:21      0:0
  
Maximum memory per node: 22.738693 GB (defined as MaxRSS*Ntasks/NNodes)
CPU utilization: 1.9 %
  
Info: input file name is Q8VCE2
Info: input target list is /u/flobnow/workingLama/scripts/myRuns/Q8VCE2/target.lst
Info: input feature directory is /u/flobnow/workingLama/feature_files
Info: result output directory is /u/flobnow/workingLama/output_files
Info: model preset is multimer_np
Info: msa pairing is all
Info: recycling setting is 1
Info: using preset super2
Info: set num_ensemble = 2
Info: set max_recyles = 20
Info: set recycle_tol = 0.1
Info: mas_pairing mode is all
I0306 23:35:52.555731 22814371755840 tpu_client.py:54] Starting the local TPU driver.
I0306 23:35:52.630887 22814371755840 xla_bridge.py:212] Unable to initialize backend 'tpu_driver': Not found: Unable to find driver in registry given worker: local://
I0306 23:35:53.027549 22814371755840 xla_bridge.py:212] Unable to initialize backend 'tpu': Invalid argument: TpuPlatform is not available.
I0306 23:35:55.833956 22814371755840 run_af2c_mod.py:481] Have 1 models: ['model_4_multimer_v2_p1']
Info: working on target MYD88_Q8VCE2_x1
I0306 23:36:04.843238 22814371755840 run_af2c_mod.py:512] Using random seed 4676541095643138584 for the data pipeline
Info: MYD88_Q8VCE2_x1 found monomer MYD88_MOUSE msa_depth = 3425, seq_len = 296, num_templ = 20
Info: MYD88_MOUSE reducing the number of structural templates to 4
Info: MYD88_Q8VCE2_x1 found monomer Q8VCE2 msa_depth = 11413, seq_len = 372, num_templ = 20
Info: Q8VCE2 MSA size is too large, reducing to 10000
Info: Q8VCE2 reducing the number of structural templates to 4
Info: 2 chain(s) to model {'A': 'MYD88_MOUSE_1', 'B': 'Q8VCE2_1'}
Info: modeling MYD88_Q8VCE2_x1 with msa_depth = 7290, seq_len = 668, num_templ = 8
I0306 23:36:05.814971 22814371755840 run_af2c_mod.py:216] Running model model_4_multimer_v2_p1_230306_138584
I0306 23:36:05.815438 22814371755840 model.py:205] Running predict with shape(feat) = {'msa': (7290, 668), 'bert_mask': (7290, 668), 'num_alignments': (), 'aatype': (668,), 'seq_length': (), 'template_aatype': (8, 668), 'template_all_atom_mask': (8, 668, 37), 'template_all_atom_positions': (8, 668, 37, 3), 'all_atom_positions': (668, 37, 3), 'template_domain_names': (8,), 'asym_id': (668,), 'sym_id': (668,), 'entity_id': (668,), 'residue_index': (668,), 'deletion_matrix': (7290, 668), 'seq_mask': (668,), 'msa_mask': (7290, 668), 'cluster_bias_mask': (7290,), 'pdb_residue_index': (668,)}
I0306 23:47:19.538639 22814371755840 run_af2c_mod.py:270] Total JAX model model_4_multimer_v2_p1_230306_138584 predict time (includes compilation time): 673.7 seconds
Info: MYD88_Q8VCE2_x1 model_4_multimer_v2_p1_230306_138584_recycled_00,  tol =   inf, pLDDT = 68.17, pTM-score = 0.4374, piTM-score = 0.0254, interface-score = 0.0003, iRes = 12   iCnt = 12  
Info: MYD88_Q8VCE2_x1 model_4_multimer_v2_p1_230306_138584_recycled_01,  tol = 63.07, pLDDT = 70.10, pTM-score = 0.4399, piTM-score = 0.0000, interface-score = 0.0000, iRes = 0    iCnt = 0   
Info: MYD88_Q8VCE2_x1 model_4_multimer_v2_p1_230306_138584_recycled_02,  tol =  8.79, pLDDT = 70.41, pTM-score = 0.4385, piTM-score = 0.0000, interface-score = 0.0000, iRes = 0    iCnt = 0   
Info: MYD88_Q8VCE2_x1 model_4_multimer_v2_p1_230306_138584_recycled_03,  tol = 10.81, pLDDT = 70.99, pTM-score = 0.4488, piTM-score = 0.0030, interface-score = 0.0000, iRes = 4    iCnt = 3   
Info: MYD88_Q8VCE2_x1 model_4_multimer_v2_p1_230306_138584_recycled_04,  tol =  5.24, pLDDT = 71.69, pTM-score = 0.4436, piTM-score = 0.0040, interface-score = 0.0000, iRes = 5    iCnt = 3   
Info: MYD88_Q8VCE2_x1 model_4_multimer_v2_p1_230306_138584_recycled_05,  tol =  3.01, pLDDT = 71.92, pTM-score = 0.4446, piTM-score = 0.0043, interface-score = 0.0000, iRes = 4    iCnt = 3   
Info: MYD88_Q8VCE2_x1 model_4_multimer_v2_p1_230306_138584_recycled_06,  tol = 13.58, pLDDT = 69.01, pTM-score = 0.5305, piTM-score = 0.0232, interface-score = 0.0009, iRes = 10   iCnt = 7   
Info: MYD88_Q8VCE2_x1 model_4_multimer_v2_p1_230306_138584_recycled_07,  tol = 11.66, pLDDT = 71.66, pTM-score = 0.4427, piTM-score = 0.0117, interface-score = 0.0000, iRes = 7    iCnt = 4   
Info: MYD88_Q8VCE2_x1 model_4_multimer_v2_p1_230306_138584_recycled_08,  tol =  8.12, pLDDT = 72.12, pTM-score = 0.4414, piTM-score = 0.0014, interface-score = 0.0000, iRes = 2    iCnt = 1   
Info: MYD88_Q8VCE2_x1 model_4_multimer_v2_p1_230306_138584_recycled_09,  tol = 11.74, pLDDT = 70.22, pTM-score = 0.4728, piTM-score = 0.0014, interface-score = 0.0000, iRes = 2    iCnt = 1   
Info: MYD88_Q8VCE2_x1 model_4_multimer_v2_p1_230306_138584_recycled_10,  tol = 11.38, pLDDT = 71.61, pTM-score = 0.4429, piTM-score = 0.0043, interface-score = 0.0000, iRes = 4    iCnt = 2   
Info: MYD88_Q8VCE2_x1 model_4_multimer_v2_p1_230306_138584_recycled_11,  tol =  6.78, pLDDT = 72.41, pTM-score = 0.4471, piTM-score = 0.0113, interface-score = 0.0001, iRes = 6    iCnt = 6   
Info: MYD88_Q8VCE2_x1 model_4_multimer_v2_p1_230306_138584_recycled_12,  tol = 14.89, pLDDT = 72.43, pTM-score = 0.4449, piTM-score = 0.0148, interface-score = 0.0002, iRes = 9    iCnt = 7   
Info: MYD88_Q8VCE2_x1 model_4_multimer_v2_p1_230306_138584_recycled_13,  tol = 10.21, pLDDT = 72.22, pTM-score = 0.4413, piTM-score = 0.0147, interface-score = 0.0001, iRes = 8    iCnt = 7   
Info: MYD88_Q8VCE2_x1 model_4_multimer_v2_p1_230306_138584_recycled_14,  tol = 10.14, pLDDT = 72.86, pTM-score = 0.4469, piTM-score = 0.0067, interface-score = 0.0001, iRes = 6    iCnt = 4   
Info: MYD88_Q8VCE2_x1 model_4_multimer_v2_p1_230306_138584_recycled_15,  tol = 11.19, pLDDT = 72.41, pTM-score = 0.4415, piTM-score = 0.0077, interface-score = 0.0001, iRes = 5    iCnt = 4   
Info: MYD88_Q8VCE2_x1 model_4_multimer_v2_p1_230306_138584_recycled_16,  tol =  7.72, pLDDT = 72.33, pTM-score = 0.4434, piTM-score = 0.0116, interface-score = 0.0001, iRes = 7    iCnt = 5   
Info: MYD88_Q8VCE2_x1 model_4_multimer_v2_p1_230306_138584_recycled_17,  tol =  2.44, pLDDT = 71.15, pTM-score = 0.4458, piTM-score = 0.3164, interface-score = 0.0019, iRes = 31   iCnt = 52  
Info: MYD88_Q8VCE2_x1 model_4_multimer_v2_p1_230306_138584_recycled_18,  tol = 14.03, pLDDT = 71.51, pTM-score = 0.4379, piTM-score = 0.0014, interface-score = 0.0000, iRes = 2    iCnt = 1   
Info: MYD88_Q8VCE2_x1 model_4_multimer_v2_p1_230306_138584_recycled_19,  tol = 15.23, pLDDT = 71.99, pTM-score = 0.4429, piTM-score = 0.5212, interface-score = 0.0113, iRes = 52   iCnt = 86  
Info: MYD88_Q8VCE2_x1 model_4_multimer_v2_p1_230306_138584 performed 20 recycles, final tol = 17.08, pLDDT = 72.92, pTM-score = 0.4559, piTM-score = 0.4116, interface-score = 0.0104, iRes = 44   iCnt = 67  
Info: num_clusters = 1, cluster_sizes = [2],  clusters = [['MYD88_MOUSE_0', 'Q8VCE2_0']]

I0306 23:47:22.184084 22814371755840 run_af2c_mod.py:404] Final timings for MYD88_Q8VCE2_x1: {'features': 0.97, 'process_features_model_4_multimer_v2_p1_230306_138584': 0.0, 'predict_and_compile_model_4_multimer_v2_p1_230306_138584': 673.7}
                                  
================================= 
Global information about the job: 
================================= 
  
Job owner: flobnow(42847)
Job name:  4_AF2C
Node list: ravg1082
Job start: Mon Mar  6 23:35:28 CET 2023
Job end:   Mon Mar  6 23:47:24 CET 2023
Work dir:  /raven/u/flobnow/workingLama/scripts/myRuns/Q8VCE2
Command:   /raven/u/flobnow/workingLama/scripts/myRuns/Q8VCE2/script2_comp_model_4.sh
  
  
  
==========================================================================================
Information on jobsteps (Note: MaxRSS/AveRSS is the maximum/average over all 
tasks of the per-task memory high-water marks; cf. "man sacct"): 
==========================================================================================
  
JobID            JobName NNodes NTasks  NCPUS        0.00M        0.00M    Elapsed ExitCode
------------- ---------- ------ ------ ------ ------------ ------------ ---------- --------
4365746           4_AF2C      1           108                             00:11:56      0:0
4365746.0        python3      1      1    108    21754.28M    21754.28M   00:11:49      0:0
  
Maximum memory per node: 22.811020 GB (defined as MaxRSS*Ntasks/NNodes)
CPU utilization: 1.8 %
  
Info: input file name is Q8VCE2
Info: input target list is /u/flobnow/workingLama/scripts/myRuns/Q8VCE2/target.lst
Info: input feature directory is /u/flobnow/workingLama/feature_files
Info: result output directory is /u/flobnow/workingLama/output_files
Info: model preset is multimer_np
Info: msa pairing is all
Info: recycling setting is 1
Info: using preset super2
Info: set num_ensemble = 2
Info: set max_recyles = 20
Info: set recycle_tol = 0.1
Info: mas_pairing mode is all
I0307 00:36:45.801503 22876696401728 tpu_client.py:54] Starting the local TPU driver.
I0307 00:36:45.801894 22876696401728 xla_bridge.py:212] Unable to initialize backend 'tpu_driver': Not found: Unable to find driver in registry given worker: local://
I0307 00:36:46.167785 22876696401728 xla_bridge.py:212] Unable to initialize backend 'tpu': Invalid argument: TpuPlatform is not available.
I0307 00:36:48.978447 22876696401728 run_af2c_mod.py:481] Have 1 models: ['model_5_multimer_v2_p1']
Info: working on target MYD88_Q8VCE2_x1
I0307 00:36:48.978593 22876696401728 run_af2c_mod.py:512] Using random seed 6313869109842729581 for the data pipeline
Info: MYD88_Q8VCE2_x1 found monomer MYD88_MOUSE msa_depth = 3425, seq_len = 296, num_templ = 20
Info: MYD88_MOUSE reducing the number of structural templates to 4
Info: MYD88_Q8VCE2_x1 found monomer Q8VCE2 msa_depth = 11413, seq_len = 372, num_templ = 20
Info: Q8VCE2 MSA size is too large, reducing to 10000
Info: Q8VCE2 reducing the number of structural templates to 4
Info: 2 chain(s) to model {'A': 'MYD88_MOUSE_1', 'B': 'Q8VCE2_1'}
Info: modeling MYD88_Q8VCE2_x1 with msa_depth = 7290, seq_len = 668, num_templ = 8
I0307 00:36:50.094661 22876696401728 run_af2c_mod.py:216] Running model model_5_multimer_v2_p1_230307_729581
I0307 00:36:50.095139 22876696401728 model.py:205] Running predict with shape(feat) = {'msa': (7290, 668), 'bert_mask': (7290, 668), 'num_alignments': (), 'aatype': (668,), 'seq_length': (), 'template_aatype': (8, 668), 'template_all_atom_mask': (8, 668, 37), 'template_all_atom_positions': (8, 668, 37, 3), 'all_atom_positions': (668, 37, 3), 'template_domain_names': (8,), 'asym_id': (668,), 'sym_id': (668,), 'entity_id': (668,), 'residue_index': (668,), 'deletion_matrix': (7290, 668), 'seq_mask': (668,), 'msa_mask': (7290, 668), 'cluster_bias_mask': (7290,), 'pdb_residue_index': (668,)}
I0307 00:48:02.502081 22876696401728 run_af2c_mod.py:270] Total JAX model model_5_multimer_v2_p1_230307_729581 predict time (includes compilation time): 672.4 seconds
Info: MYD88_Q8VCE2_x1 model_5_multimer_v2_p1_230307_729581_recycled_00,  tol =   inf, pLDDT = 69.24, pTM-score = 0.4647, piTM-score = 0.2990, interface-score = 0.1566, iRes = 46   iCnt = 54  
Info: MYD88_Q8VCE2_x1 model_5_multimer_v2_p1_230307_729581_recycled_01,  tol = 54.38, pLDDT = 74.11, pTM-score = 0.5986, piTM-score = 0.5956, interface-score = 0.4919, iRes = 66   iCnt = 77  
Info: MYD88_Q8VCE2_x1 model_5_multimer_v2_p1_230307_729581_recycled_02,  tol = 17.32, pLDDT = 71.70, pTM-score = 0.4859, piTM-score = 0.4334, interface-score = 0.3110, iRes = 46   iCnt = 47  
Info: MYD88_Q8VCE2_x1 model_5_multimer_v2_p1_230307_729581_recycled_03,  tol =  9.88, pLDDT = 71.83, pTM-score = 0.4919, piTM-score = 0.4315, interface-score = 0.3035, iRes = 48   iCnt = 50  
Info: MYD88_Q8VCE2_x1 model_5_multimer_v2_p1_230307_729581_recycled_04,  tol =  5.28, pLDDT = 71.93, pTM-score = 0.4845, piTM-score = 0.4328, interface-score = 0.3091, iRes = 44   iCnt = 47  
Info: MYD88_Q8VCE2_x1 model_5_multimer_v2_p1_230307_729581_recycled_05,  tol =  1.45, pLDDT = 73.02, pTM-score = 0.4896, piTM-score = 0.4207, interface-score = 0.3004, iRes = 47   iCnt = 51  
Info: MYD88_Q8VCE2_x1 model_5_multimer_v2_p1_230307_729581_recycled_06,  tol =  1.28, pLDDT = 73.14, pTM-score = 0.4873, piTM-score = 0.4322, interface-score = 0.3150, iRes = 47   iCnt = 50  
Info: MYD88_Q8VCE2_x1 model_5_multimer_v2_p1_230307_729581_recycled_07,  tol =  1.58, pLDDT = 73.70, pTM-score = 0.5128, piTM-score = 0.4609, interface-score = 0.3471, iRes = 57   iCnt = 62  
Info: MYD88_Q8VCE2_x1 model_5_multimer_v2_p1_230307_729581_recycled_08,  tol =  1.48, pLDDT = 73.64, pTM-score = 0.4899, piTM-score = 0.4404, interface-score = 0.3228, iRes = 47   iCnt = 50  
Info: MYD88_Q8VCE2_x1 model_5_multimer_v2_p1_230307_729581_recycled_09,  tol =  1.42, pLDDT = 73.49, pTM-score = 0.5060, piTM-score = 0.4461, interface-score = 0.3279, iRes = 60   iCnt = 65  
Info: MYD88_Q8VCE2_x1 model_5_multimer_v2_p1_230307_729581_recycled_10,  tol =  1.92, pLDDT = 73.21, pTM-score = 0.4781, piTM-score = 0.4104, interface-score = 0.2732, iRes = 47   iCnt = 49  
Info: MYD88_Q8VCE2_x1 model_5_multimer_v2_p1_230307_729581_recycled_11,  tol =  2.25, pLDDT = 73.26, pTM-score = 0.5035, piTM-score = 0.4448, interface-score = 0.3270, iRes = 59   iCnt = 66  
Info: MYD88_Q8VCE2_x1 model_5_multimer_v2_p1_230307_729581_recycled_12,  tol =  3.27, pLDDT = 73.51, pTM-score = 0.5048, piTM-score = 0.4490, interface-score = 0.3225, iRes = 57   iCnt = 59  
Info: MYD88_Q8VCE2_x1 model_5_multimer_v2_p1_230307_729581_recycled_13,  tol =  1.63, pLDDT = 73.08, pTM-score = 0.4943, piTM-score = 0.4362, interface-score = 0.3106, iRes = 55   iCnt = 59  
Info: MYD88_Q8VCE2_x1 model_5_multimer_v2_p1_230307_729581_recycled_14,  tol =  0.81, pLDDT = 72.99, pTM-score = 0.4921, piTM-score = 0.4358, interface-score = 0.3197, iRes = 51   iCnt = 58  
Info: MYD88_Q8VCE2_x1 model_5_multimer_v2_p1_230307_729581_recycled_15,  tol =  2.45, pLDDT = 72.68, pTM-score = 0.4837, piTM-score = 0.4147, interface-score = 0.2938, iRes = 53   iCnt = 60  
Info: MYD88_Q8VCE2_x1 model_5_multimer_v2_p1_230307_729581_recycled_16,  tol =  1.17, pLDDT = 72.94, pTM-score = 0.4956, piTM-score = 0.4352, interface-score = 0.3147, iRes = 56   iCnt = 65  
Info: MYD88_Q8VCE2_x1 model_5_multimer_v2_p1_230307_729581_recycled_17,  tol =  2.09, pLDDT = 72.73, pTM-score = 0.4792, piTM-score = 0.4168, interface-score = 0.2775, iRes = 47   iCnt = 53  
Info: MYD88_Q8VCE2_x1 model_5_multimer_v2_p1_230307_729581_recycled_18,  tol =  2.80, pLDDT = 73.55, pTM-score = 0.5121, piTM-score = 0.4484, interface-score = 0.3271, iRes = 60   iCnt = 69  
Info: MYD88_Q8VCE2_x1 model_5_multimer_v2_p1_230307_729581_recycled_19,  tol =  2.48, pLDDT = 73.14, pTM-score = 0.4925, piTM-score = 0.4224, interface-score = 0.2900, iRes = 47   iCnt = 54  
Info: MYD88_Q8VCE2_x1 model_5_multimer_v2_p1_230307_729581 performed 20 recycles, final tol = 2.82, pLDDT = 73.14, pTM-score = 0.5005, piTM-score = 0.4347, interface-score = 0.3119, iRes = 56   iCnt = 63  
Info: num_clusters = 1, cluster_sizes = [2],  clusters = [['MYD88_MOUSE_0', 'Q8VCE2_0']]

I0307 00:48:05.180815 22876696401728 run_af2c_mod.py:404] Final timings for MYD88_Q8VCE2_x1: {'features': 1.11, 'process_features_model_5_multimer_v2_p1_230307_729581': 0.0, 'predict_and_compile_model_5_multimer_v2_p1_230307_729581': 672.4}
                                  
================================= 
Global information about the job: 
================================= 
  
Job owner: flobnow(42847)
Job name:  5_AF2C
Node list: ravg1028
Job start: Tue Mar  7 00:36:32 CET 2023
Job end:   Tue Mar  7 00:48:06 CET 2023
Work dir:  /raven/u/flobnow/workingLama/scripts/myRuns/Q8VCE2
Command:   /raven/u/flobnow/workingLama/scripts/myRuns/Q8VCE2/script2_comp_model_5.sh
  
  
  
==========================================================================================
Information on jobsteps (Note: MaxRSS/AveRSS is the maximum/average over all 
tasks of the per-task memory high-water marks; cf. "man sacct"): 
==========================================================================================
  
JobID            JobName NNodes NTasks  NCPUS        0.00M        0.00M    Elapsed ExitCode
------------- ---------- ------ ------ ------ ------------ ------------ ---------- --------
4365796           5_AF2C      1           108                             00:11:34      0:0
4365796.0        python3      1      1    108    21421.60M    21421.60M   00:11:29      0:0
  
Maximum memory per node: 22.462179 GB (defined as MaxRSS*Ntasks/NNodes)
CPU utilization: 1.9 %
  
Info: target file is /u/flobnow/workingLama/scripts/myRuns/Q8VCE2/target.lst
Info: input directory of unrelaxed models is /u/flobnow/workingLama/output_files
Info: output directory of relaxed models is /u/flobnow/workingLama/output_files
/bin/sh: /mpcdf/soft/SLE_15/packages/x86_64/alphafold/2.2.0/lib/libtinfo.so.6: no version information available (required by /lib64/libreadline.so.7)
I0307 19:55:46.357831 23417564383040 run_af2c_min.py:88] MYD88_Q8VCE2_x1 processing model_4_multimer_v2_p1_230306_138584.pdb
sh: /mpcdf/soft/SLE_15/packages/x86_64/alphafold/2.2.0/lib/libtinfo.so.6: no version information available (required by /lib64/libreadline.so.7)
sh: /mpcdf/soft/SLE_15/packages/x86_64/alphafold/2.2.0/lib/libtinfo.so.6: no version information available (required by /lib64/libreadline.so.7)
I0307 19:55:54.673089 23417564383040 amber_minimize.py:177] alterations info: {'nonstandard_residues': [], 'removed_heterogens': set(), 'missing_residues': {}, 'missing_heavy_atoms': {}, 'missing_terminals': {<Residue 295 (PRO) of chain 0>: ['OXT'], <Residue 667 (LYS) of chain 1>: ['OXT']}, 'Se_in_MET': [], 'removed_chains': {0: []}}
I0307 19:55:55.755350 23417564383040 amber_minimize.py:408] Minimizing protein, attempt 1 of 100.
I0307 19:55:56.869943 23417564383040 amber_minimize.py:69] Restraining 5289 / 10546 particles.
sh: /mpcdf/soft/SLE_15/packages/x86_64/alphafold/2.2.0/lib/libtinfo.so.6: no version information available (required by /lib64/libreadline.so.7)
I0307 19:56:53.661844 23417564383040 amber_minimize.py:177] alterations info: {'nonstandard_residues': [], 'removed_heterogens': set(), 'missing_residues': {}, 'missing_heavy_atoms': {}, 'missing_terminals': {}, 'Se_in_MET': [], 'removed_chains': {0: []}}
I0307 19:56:54.771522 23417564383040 tpu_client.py:54] Starting the local TPU driver.
I0307 19:56:54.859734 23417564383040 xla_bridge.py:212] Unable to initialize backend 'tpu_driver': Not found: Unable to find driver in registry given worker: local://
I0307 19:56:55.087615 23417564383040 xla_bridge.py:212] Unable to initialize backend 'tpu': Invalid argument: TpuPlatform is not available.
I0307 19:57:05.323823 23417564383040 amber_minimize.py:500] Iteration completed: Einit 14546703168849.43 Efinal -9280.91 Time 53.48 s num residue violations 8 num residue exclusions 0 
I0307 19:57:05.368252 23417564383040 amber_minimize.py:408] Minimizing protein, attempt 1 of 100.
I0307 19:57:06.424169 23417564383040 amber_minimize.py:69] Restraining 5212 / 10546 particles.
sh: /mpcdf/soft/SLE_15/packages/x86_64/alphafold/2.2.0/lib/libtinfo.so.6: no version information available (required by /lib64/libreadline.so.7)
I0307 19:58:30.509122 23417564383040 amber_minimize.py:177] alterations info: {'nonstandard_residues': [], 'removed_heterogens': set(), 'missing_residues': {}, 'missing_heavy_atoms': {}, 'missing_terminals': {}, 'Se_in_MET': [], 'removed_chains': {0: []}}
I0307 19:58:32.987857 23417564383040 amber_minimize.py:500] Iteration completed: Einit 19712.73 Efinal -12536.58 Time 80.84 s num residue violations 3 num residue exclusions 8 
I0307 19:58:32.988472 23417564383040 amber_minimize.py:408] Minimizing protein, attempt 1 of 100.
I0307 19:58:34.066174 23417564383040 amber_minimize.py:69] Restraining 5212 / 10546 particles.
sh: /mpcdf/soft/SLE_15/packages/x86_64/alphafold/2.2.0/lib/libtinfo.so.6: no version information available (required by /lib64/libreadline.so.7)
I0307 19:59:20.131326 23417564383040 amber_minimize.py:177] alterations info: {'nonstandard_residues': [], 'removed_heterogens': set(), 'missing_residues': {}, 'missing_heavy_atoms': {}, 'missing_terminals': {}, 'Se_in_MET': [], 'removed_chains': {0: []}}
I0307 19:59:22.640030 23417564383040 amber_minimize.py:500] Iteration completed: Einit 11967.01 Efinal -13262.74 Time 42.87 s num residue violations 3 num residue exclusions 8 
sh: /mpcdf/soft/SLE_15/packages/x86_64/alphafold/2.2.0/lib/libtinfo.so.6: no version information available (required by /lib64/libreadline.so.7)
sh: /mpcdf/soft/SLE_15/packages/x86_64/alphafold/2.2.0/lib/libtinfo.so.6: no version information available (required by /lib64/libreadline.so.7)
I0307 19:59:27.399612 23417564383040 amber_minimize.py:177] alterations info: {'nonstandard_residues': [], 'removed_heterogens': set(), 'missing_residues': {}, 'missing_heavy_atoms': {}, 'missing_terminals': {<Residue 295 (PRO) of chain 0>: ['OXT'], <Residue 667 (LYS) of chain 1>: ['OXT']}, 'Se_in_MET': [], 'removed_chains': {0: []}}
I0307 19:59:29.410821 23417564383040 run_af2c_min.py:110] MYD88_Q8VCE2_x1 relaxation done, time spent 222.8 seconds, Efinal -13262.74, rmsd 0.38
I0307 19:59:29.410938 23417564383040 run_af2c_min.py:88] MYD88_Q8VCE2_x1 processing model_3_multimer_v2_p1_230306_294706.pdb
sh: /mpcdf/soft/SLE_15/packages/x86_64/alphafold/2.2.0/lib/libtinfo.so.6: no version information available (required by /lib64/libreadline.so.7)
sh: /mpcdf/soft/SLE_15/packages/x86_64/alphafold/2.2.0/lib/libtinfo.so.6: no version information available (required by /lib64/libreadline.so.7)
I0307 19:59:34.437027 23417564383040 amber_minimize.py:177] alterations info: {'nonstandard_residues': [], 'removed_heterogens': set(), 'missing_residues': {}, 'missing_heavy_atoms': {}, 'missing_terminals': {<Residue 295 (PRO) of chain 0>: ['OXT'], <Residue 667 (LYS) of chain 1>: ['OXT']}, 'Se_in_MET': [], 'removed_chains': {0: []}}
I0307 19:59:35.441648 23417564383040 amber_minimize.py:408] Minimizing protein, attempt 1 of 100.
I0307 19:59:36.534048 23417564383040 amber_minimize.py:69] Restraining 5289 / 10546 particles.
sh: /mpcdf/soft/SLE_15/packages/x86_64/alphafold/2.2.0/lib/libtinfo.so.6: no version information available (required by /lib64/libreadline.so.7)
I0307 20:00:30.512043 23417564383040 amber_minimize.py:177] alterations info: {'nonstandard_residues': [], 'removed_heterogens': set(), 'missing_residues': {}, 'missing_heavy_atoms': {}, 'missing_terminals': {}, 'Se_in_MET': [], 'removed_chains': {0: []}}
I0307 20:00:33.082642 23417564383040 amber_minimize.py:500] Iteration completed: Einit 303190.96 Efinal -11182.82 Time 50.42 s num residue violations 0 num residue exclusions 0 
sh: /mpcdf/soft/SLE_15/packages/x86_64/alphafold/2.2.0/lib/libtinfo.so.6: no version information available (required by /lib64/libreadline.so.7)
sh: /mpcdf/soft/SLE_15/packages/x86_64/alphafold/2.2.0/lib/libtinfo.so.6: no version information available (required by /lib64/libreadline.so.7)
I0307 20:00:38.175808 23417564383040 amber_minimize.py:177] alterations info: {'nonstandard_residues': [], 'removed_heterogens': set(), 'missing_residues': {}, 'missing_heavy_atoms': {}, 'missing_terminals': {<Residue 295 (PRO) of chain 0>: ['OXT'], <Residue 667 (LYS) of chain 1>: ['OXT']}, 'Se_in_MET': [], 'removed_chains': {0: []}}
I0307 20:00:40.262800 23417564383040 run_af2c_min.py:110] MYD88_Q8VCE2_x1 relaxation done, time spent 70.6 seconds, Efinal -11182.82, rmsd 0.44
I0307 20:00:40.263046 23417564383040 run_af2c_min.py:88] MYD88_Q8VCE2_x1 processing model_2_multimer_v2_p1_230306_126597.pdb
sh: /mpcdf/soft/SLE_15/packages/x86_64/alphafold/2.2.0/lib/libtinfo.so.6: no version information available (required by /lib64/libreadline.so.7)
sh: /mpcdf/soft/SLE_15/packages/x86_64/alphafold/2.2.0/lib/libtinfo.so.6: no version information available (required by /lib64/libreadline.so.7)
I0307 20:00:45.383216 23417564383040 amber_minimize.py:177] alterations info: {'nonstandard_residues': [], 'removed_heterogens': set(), 'missing_residues': {}, 'missing_heavy_atoms': {}, 'missing_terminals': {<Residue 295 (PRO) of chain 0>: ['OXT'], <Residue 667 (LYS) of chain 1>: ['OXT']}, 'Se_in_MET': [], 'removed_chains': {0: []}}
I0307 20:00:46.392821 23417564383040 amber_minimize.py:408] Minimizing protein, attempt 1 of 100.
I0307 20:00:47.482663 23417564383040 amber_minimize.py:69] Restraining 5289 / 10546 particles.
sh: /mpcdf/soft/SLE_15/packages/x86_64/alphafold/2.2.0/lib/libtinfo.so.6: no version information available (required by /lib64/libreadline.so.7)
I0307 20:01:47.911902 23417564383040 amber_minimize.py:177] alterations info: {'nonstandard_residues': [], 'removed_heterogens': set(), 'missing_residues': {}, 'missing_heavy_atoms': {}, 'missing_terminals': {}, 'Se_in_MET': [], 'removed_chains': {0: []}}
I0307 20:01:50.442851 23417564383040 amber_minimize.py:500] Iteration completed: Einit 139392732407.79 Efinal -11089.07 Time 56.91 s num residue violations 2 num residue exclusions 0 
I0307 20:01:50.443699 23417564383040 amber_minimize.py:408] Minimizing protein, attempt 1 of 100.
I0307 20:01:51.536206 23417564383040 amber_minimize.py:69] Restraining 5275 / 10546 particles.
sh: /mpcdf/soft/SLE_15/packages/x86_64/alphafold/2.2.0/lib/libtinfo.so.6: no version information available (required by /lib64/libreadline.so.7)
I0307 20:02:45.486224 23417564383040 amber_minimize.py:177] alterations info: {'nonstandard_residues': [], 'removed_heterogens': set(), 'missing_residues': {}, 'missing_heavy_atoms': {}, 'missing_terminals': {}, 'Se_in_MET': [], 'removed_chains': {0: []}}
I0307 20:02:47.970827 23417564383040 amber_minimize.py:500] Iteration completed: Einit 12230.63 Efinal -12789.43 Time 50.42 s num residue violations 0 num residue exclusions 2 
sh: /mpcdf/soft/SLE_15/packages/x86_64/alphafold/2.2.0/lib/libtinfo.so.6: no version information available (required by /lib64/libreadline.so.7)
sh: /mpcdf/soft/SLE_15/packages/x86_64/alphafold/2.2.0/lib/libtinfo.so.6: no version information available (required by /lib64/libreadline.so.7)
I0307 20:02:52.900197 23417564383040 amber_minimize.py:177] alterations info: {'nonstandard_residues': [], 'removed_heterogens': set(), 'missing_residues': {}, 'missing_heavy_atoms': {}, 'missing_terminals': {<Residue 295 (PRO) of chain 0>: ['OXT'], <Residue 667 (LYS) of chain 1>: ['OXT']}, 'Se_in_MET': [], 'removed_chains': {0: []}}
I0307 20:02:54.974390 23417564383040 run_af2c_min.py:110] MYD88_Q8VCE2_x1 relaxation done, time spent 134.3 seconds, Efinal -12789.43, rmsd 0.39
I0307 20:02:54.974507 23417564383040 run_af2c_min.py:88] MYD88_Q8VCE2_x1 processing model_5_multimer_v2_p1_230307_729581.pdb
sh: /mpcdf/soft/SLE_15/packages/x86_64/alphafold/2.2.0/lib/libtinfo.so.6: no version information available (required by /lib64/libreadline.so.7)
sh: /mpcdf/soft/SLE_15/packages/x86_64/alphafold/2.2.0/lib/libtinfo.so.6: no version information available (required by /lib64/libreadline.so.7)
I0307 20:03:00.055081 23417564383040 amber_minimize.py:177] alterations info: {'nonstandard_residues': [], 'removed_heterogens': set(), 'missing_residues': {}, 'missing_heavy_atoms': {}, 'missing_terminals': {<Residue 295 (PRO) of chain 0>: ['OXT'], <Residue 667 (LYS) of chain 1>: ['OXT']}, 'Se_in_MET': [], 'removed_chains': {0: []}}
I0307 20:03:01.004887 23417564383040 amber_minimize.py:408] Minimizing protein, attempt 1 of 100.
I0307 20:03:02.113523 23417564383040 amber_minimize.py:69] Restraining 5289 / 10546 particles.
sh: /mpcdf/soft/SLE_15/packages/x86_64/alphafold/2.2.0/lib/libtinfo.so.6: no version information available (required by /lib64/libreadline.so.7)
I0307 20:04:01.498087 23417564383040 amber_minimize.py:177] alterations info: {'nonstandard_residues': [], 'removed_heterogens': set(), 'missing_residues': {}, 'missing_heavy_atoms': {}, 'missing_terminals': {}, 'Se_in_MET': [], 'removed_chains': {0: []}}
I0307 20:04:04.063275 23417564383040 amber_minimize.py:500] Iteration completed: Einit 123814605540.06 Efinal -11531.97 Time 55.93 s num residue violations 0 num residue exclusions 0 
sh: /mpcdf/soft/SLE_15/packages/x86_64/alphafold/2.2.0/lib/libtinfo.so.6: no version information available (required by /lib64/libreadline.so.7)
sh: /mpcdf/soft/SLE_15/packages/x86_64/alphafold/2.2.0/lib/libtinfo.so.6: no version information available (required by /lib64/libreadline.so.7)
I0307 20:04:09.110431 23417564383040 amber_minimize.py:177] alterations info: {'nonstandard_residues': [], 'removed_heterogens': set(), 'missing_residues': {}, 'missing_heavy_atoms': {}, 'missing_terminals': {<Residue 295 (PRO) of chain 0>: ['OXT'], <Residue 667 (LYS) of chain 1>: ['OXT']}, 'Se_in_MET': [], 'removed_chains': {0: []}}
I0307 20:04:11.197491 23417564383040 run_af2c_min.py:110] MYD88_Q8VCE2_x1 relaxation done, time spent 75.9 seconds, Efinal -11531.97, rmsd 0.43
I0307 20:04:11.197613 23417564383040 run_af2c_min.py:88] MYD88_Q8VCE2_x1 processing model_1_multimer_v2_p1_230306_991753.pdb
sh: /mpcdf/soft/SLE_15/packages/x86_64/alphafold/2.2.0/lib/libtinfo.so.6: no version information available (required by /lib64/libreadline.so.7)
sh: /mpcdf/soft/SLE_15/packages/x86_64/alphafold/2.2.0/lib/libtinfo.so.6: no version information available (required by /lib64/libreadline.so.7)
I0307 20:04:16.289729 23417564383040 amber_minimize.py:177] alterations info: {'nonstandard_residues': [], 'removed_heterogens': set(), 'missing_residues': {}, 'missing_heavy_atoms': {}, 'missing_terminals': {<Residue 295 (PRO) of chain 0>: ['OXT'], <Residue 667 (LYS) of chain 1>: ['OXT']}, 'Se_in_MET': [], 'removed_chains': {0: []}}
I0307 20:04:17.297398 23417564383040 amber_minimize.py:408] Minimizing protein, attempt 1 of 100.
I0307 20:04:18.402653 23417564383040 amber_minimize.py:69] Restraining 5289 / 10546 particles.
sh: /mpcdf/soft/SLE_15/packages/x86_64/alphafold/2.2.0/lib/libtinfo.so.6: no version information available (required by /lib64/libreadline.so.7)
I0307 20:05:08.396216 23417564383040 amber_minimize.py:177] alterations info: {'nonstandard_residues': [], 'removed_heterogens': set(), 'missing_residues': {}, 'missing_heavy_atoms': {}, 'missing_terminals': {}, 'Se_in_MET': [], 'removed_chains': {0: []}}
I0307 20:05:10.913916 23417564383040 amber_minimize.py:500] Iteration completed: Einit 42133.60 Efinal -11506.38 Time 46.60 s num residue violations 0 num residue exclusions 0 
sh: /mpcdf/soft/SLE_15/packages/x86_64/alphafold/2.2.0/lib/libtinfo.so.6: no version information available (required by /lib64/libreadline.so.7)
sh: /mpcdf/soft/SLE_15/packages/x86_64/alphafold/2.2.0/lib/libtinfo.so.6: no version information available (required by /lib64/libreadline.so.7)
I0307 20:05:15.861563 23417564383040 amber_minimize.py:177] alterations info: {'nonstandard_residues': [], 'removed_heterogens': set(), 'missing_residues': {}, 'missing_heavy_atoms': {}, 'missing_terminals': {<Residue 295 (PRO) of chain 0>: ['OXT'], <Residue 667 (LYS) of chain 1>: ['OXT']}, 'Se_in_MET': [], 'removed_chains': {0: []}}
I0307 20:05:18.007323 23417564383040 run_af2c_min.py:110] MYD88_Q8VCE2_x1 relaxation done, time spent 66.5 seconds, Efinal -11506.38, rmsd 0.45
                                  
================================= 
Global information about the job: 
================================= 
  
Job owner: flobnow(42847)
Job name:  6_RLX
Node list: ravg1069
Job start: Tue Mar  7 19:55:36 CET 2023
Job end:   Tue Mar  7 20:05:18 CET 2023
Work dir:  /raven/u/flobnow/workingLama/scripts/myRuns/Q8VCE2
Command:   /raven/u/flobnow/workingLama/scripts/myRuns/Q8VCE2/script3_relaxation.sh
  
  
  
==========================================================================================
Information on jobsteps (Note: MaxRSS/AveRSS is the maximum/average over all 
tasks of the per-task memory high-water marks; cf. "man sacct"): 
==========================================================================================
  
JobID            JobName NNodes NTasks  NCPUS        0.00M        0.00M    Elapsed ExitCode
------------- ---------- ------ ------ ------ ------------ ------------ ---------- --------
4375132            6_RLX      1           108                             00:09:42      0:0
4375132.0        python3      1      1    108    14486.98M    14486.98M   00:09:38      0:0
  
Maximum memory per node: 15.190696 GB (defined as MaxRSS*Ntasks/NNodes)
CPU utilization: 71.9 %
  
