Info: input file name is Q69ZC8
Info: input target list is /u/flobnow/workingLama/scripts/myRuns/Q69ZC8/target.lst
Info: input feature directory is /u/flobnow/workingLama/feature_files
Info: result output directory is /u/flobnow/workingLama/output_files
Info: model preset is multimer_np
Info: msa pairing is all
Info: recycling setting is 1
Info: using preset super2
Info: set num_ensemble = 2
Info: set max_recyles = 20
Info: set recycle_tol = 0.1
Info: mas_pairing mode is all
I0309 06:14:25.058033 22689995056960 tpu_client.py:54] Starting the local TPU driver.
I0309 06:14:25.059994 22689995056960 xla_bridge.py:212] Unable to initialize backend 'tpu_driver': Not found: Unable to find driver in registry given worker: local://
I0309 06:14:25.439455 22689995056960 xla_bridge.py:212] Unable to initialize backend 'tpu': Invalid argument: TpuPlatform is not available.
Info: working on target MYD88_Q69ZC8_x1
I0309 06:14:28.204615 22689995056960 run_af2c_mod.py:481] Have 1 models: ['model_1_multimer_v2_p1']
I0309 06:14:28.204759 22689995056960 run_af2c_mod.py:512] Using random seed 5012767496327506385 for the data pipeline
Info: MYD88_Q69ZC8_x1 found monomer MYD88_MOUSE msa_depth = 3425, seq_len = 296, num_templ = 20
Info: MYD88_MOUSE reducing the number of structural templates to 4
Info: MYD88_Q69ZC8_x1 found monomer Q69ZC8 msa_depth = 1960, seq_len = 346, num_templ = 0
Info: 2 chain(s) to model {'A': 'MYD88_MOUSE_1', 'B': 'Q69ZC8_1'}
Info: modeling MYD88_Q69ZC8_x1 with msa_depth = 4300, seq_len = 642, num_templ = 5
I0309 06:14:29.021182 22689995056960 run_af2c_mod.py:216] Running model model_1_multimer_v2_p1_230309_506385
I0309 06:14:29.021663 22689995056960 model.py:205] Running predict with shape(feat) = {'msa': (4300, 642), 'bert_mask': (4300, 642), 'num_alignments': (), 'aatype': (642,), 'seq_length': (), 'template_aatype': (5, 642), 'template_all_atom_mask': (5, 642, 37), 'template_all_atom_positions': (5, 642, 37, 3), 'all_atom_positions': (642, 37, 3), 'template_domain_names': (5,), 'asym_id': (642,), 'sym_id': (642,), 'entity_id': (642,), 'residue_index': (642,), 'deletion_matrix': (4300, 642), 'seq_mask': (642,), 'msa_mask': (4300, 642), 'cluster_bias_mask': (4300,), 'pdb_residue_index': (642,)}
I0309 06:24:31.689599 22689995056960 run_af2c_mod.py:270] Total JAX model model_1_multimer_v2_p1_230309_506385 predict time (includes compilation time): 602.7 seconds
Info: MYD88_Q69ZC8_x1 model_1_multimer_v2_p1_230309_506385_recycled_00,  tol =   inf, pLDDT = 55.07, pTM-score = 0.2845, piTM-score = 0.0000, interface-score = 0.0000, iRes = 0    iCnt = 0   
Info: MYD88_Q69ZC8_x1 model_1_multimer_v2_p1_230309_506385_recycled_01,  tol = 129.51, pLDDT = 56.62, pTM-score = 0.2896, piTM-score = 0.0000, interface-score = 0.0000, iRes = 0    iCnt = 0   
Info: MYD88_Q69ZC8_x1 model_1_multimer_v2_p1_230309_506385_recycled_02,  tol = 43.17, pLDDT = 57.69, pTM-score = 0.2918, piTM-score = 0.0000, interface-score = 0.0000, iRes = 0    iCnt = 0   
Info: MYD88_Q69ZC8_x1 model_1_multimer_v2_p1_230309_506385_recycled_03,  tol = 11.05, pLDDT = 58.16, pTM-score = 0.2995, piTM-score = 0.0000, interface-score = 0.0000, iRes = 0    iCnt = 0   
Info: MYD88_Q69ZC8_x1 model_1_multimer_v2_p1_230309_506385_recycled_04,  tol = 29.44, pLDDT = 58.00, pTM-score = 0.3047, piTM-score = 0.0014, interface-score = 0.0000, iRes = 2    iCnt = 1   
Info: MYD88_Q69ZC8_x1 model_1_multimer_v2_p1_230309_506385_recycled_05,  tol = 29.80, pLDDT = 58.66, pTM-score = 0.3091, piTM-score = 0.0038, interface-score = 0.0002, iRes = 4    iCnt = 2   
Info: MYD88_Q69ZC8_x1 model_1_multimer_v2_p1_230309_506385_recycled_06,  tol = 16.28, pLDDT = 58.43, pTM-score = 0.3064, piTM-score = 0.0014, interface-score = 0.0000, iRes = 2    iCnt = 1   
Info: MYD88_Q69ZC8_x1 model_1_multimer_v2_p1_230309_506385_recycled_07,  tol =  9.21, pLDDT = 58.65, pTM-score = 0.3057, piTM-score = 0.0014, interface-score = 0.0000, iRes = 2    iCnt = 1   
Info: MYD88_Q69ZC8_x1 model_1_multimer_v2_p1_230309_506385_recycled_08,  tol = 14.80, pLDDT = 58.64, pTM-score = 0.3041, piTM-score = 0.0000, interface-score = 0.0000, iRes = 0    iCnt = 0   
Info: MYD88_Q69ZC8_x1 model_1_multimer_v2_p1_230309_506385_recycled_09,  tol =  8.91, pLDDT = 58.99, pTM-score = 0.2943, piTM-score = 0.0000, interface-score = 0.0000, iRes = 0    iCnt = 0   
Info: MYD88_Q69ZC8_x1 model_1_multimer_v2_p1_230309_506385_recycled_10,  tol = 13.80, pLDDT = 59.32, pTM-score = 0.2934, piTM-score = 0.0000, interface-score = 0.0000, iRes = 0    iCnt = 0   
Info: MYD88_Q69ZC8_x1 model_1_multimer_v2_p1_230309_506385_recycled_11,  tol = 14.76, pLDDT = 59.02, pTM-score = 0.3006, piTM-score = 0.0000, interface-score = 0.0000, iRes = 0    iCnt = 0   
Info: MYD88_Q69ZC8_x1 model_1_multimer_v2_p1_230309_506385_recycled_12,  tol = 18.06, pLDDT = 59.32, pTM-score = 0.2953, piTM-score = 0.0000, interface-score = 0.0000, iRes = 0    iCnt = 0   
Info: MYD88_Q69ZC8_x1 model_1_multimer_v2_p1_230309_506385_recycled_13,  tol = 18.09, pLDDT = 59.39, pTM-score = 0.2936, piTM-score = 0.0000, interface-score = 0.0000, iRes = 0    iCnt = 0   
Info: MYD88_Q69ZC8_x1 model_1_multimer_v2_p1_230309_506385_recycled_14,  tol = 14.33, pLDDT = 59.10, pTM-score = 0.2971, piTM-score = 0.0000, interface-score = 0.0000, iRes = 0    iCnt = 0   
Info: MYD88_Q69ZC8_x1 model_1_multimer_v2_p1_230309_506385_recycled_15,  tol = 24.60, pLDDT = 59.36, pTM-score = 0.2962, piTM-score = 0.0000, interface-score = 0.0000, iRes = 0    iCnt = 0   
Info: MYD88_Q69ZC8_x1 model_1_multimer_v2_p1_230309_506385_recycled_16,  tol = 10.79, pLDDT = 59.71, pTM-score = 0.3025, piTM-score = 0.0000, interface-score = 0.0000, iRes = 0    iCnt = 0   
Info: MYD88_Q69ZC8_x1 model_1_multimer_v2_p1_230309_506385_recycled_17,  tol = 12.28, pLDDT = 59.01, pTM-score = 0.2937, piTM-score = 0.0000, interface-score = 0.0000, iRes = 0    iCnt = 0   
Info: MYD88_Q69ZC8_x1 model_1_multimer_v2_p1_230309_506385_recycled_18,  tol = 19.96, pLDDT = 59.62, pTM-score = 0.2948, piTM-score = 0.0000, interface-score = 0.0000, iRes = 0    iCnt = 0   
Info: MYD88_Q69ZC8_x1 model_1_multimer_v2_p1_230309_506385_recycled_19,  tol =  9.29, pLDDT = 58.84, pTM-score = 0.3102, piTM-score = 0.0014, interface-score = 0.0000, iRes = 2    iCnt = 1   
Info: MYD88_Q69ZC8_x1 model_1_multimer_v2_p1_230309_506385 performed 20 recycles, final tol = 24.56, pLDDT = 58.06, pTM-score = 0.3066, piTM-score = 0.0038, interface-score = 0.0002, iRes = 4    iCnt = 2   
Info: num_clusters = 2, cluster_sizes = [1, 1],  clusters = [['MYD88_MOUSE_0'], ['Q69ZC8_0']]

I0309 06:24:34.221249 22689995056960 run_af2c_mod.py:404] Final timings for MYD88_Q69ZC8_x1: {'features': 0.81, 'process_features_model_1_multimer_v2_p1_230309_506385': 0.0, 'predict_and_compile_model_1_multimer_v2_p1_230309_506385': 602.7}
                                  
================================= 
Global information about the job: 
================================= 
  
Job owner: flobnow(42847)
Job name:  1_AF2C
Node list: ravg1079
Job start: Thu Mar  9 06:14:14 CET 2023
Job end:   Thu Mar  9 06:24:36 CET 2023
Work dir:  /raven/u/flobnow/workingLama/scripts/myRuns/Q69ZC8
Command:   /raven/u/flobnow/workingLama/scripts/myRuns/Q69ZC8/script2_comp_model_1.sh
  
  
  
==========================================================================================
Information on jobsteps (Note: MaxRSS/AveRSS is the maximum/average over all 
tasks of the per-task memory high-water marks; cf. "man sacct"): 
==========================================================================================
  
JobID            JobName NNodes NTasks  NCPUS        0.00M        0.00M    Elapsed ExitCode
------------- ---------- ------ ------ ------ ------------ ------------ ---------- --------
4385284           1_AF2C      1           108                             00:10:22      0:0
4385284.0        python3      1      1    108    21162.80M    21162.80M   00:10:19      0:0
  
Maximum memory per node: 22.190806 GB (defined as MaxRSS*Ntasks/NNodes)
CPU utilization: 1.9 %
  
Info: input file name is Q69ZC8
Info: input target list is /u/flobnow/workingLama/scripts/myRuns/Q69ZC8/target.lst
Info: input feature directory is /u/flobnow/workingLama/feature_files
Info: result output directory is /u/flobnow/workingLama/output_files
Info: model preset is multimer_np
Info: msa pairing is all
Info: recycling setting is 1
Info: using preset super2
Info: set num_ensemble = 2
Info: set max_recyles = 20
Info: set recycle_tol = 0.1
Info: mas_pairing mode is all
I0309 07:01:48.117105 22965985118016 tpu_client.py:54] Starting the local TPU driver.
I0309 07:01:48.117471 22965985118016 xla_bridge.py:212] Unable to initialize backend 'tpu_driver': Not found: Unable to find driver in registry given worker: local://
I0309 07:01:48.483950 22965985118016 xla_bridge.py:212] Unable to initialize backend 'tpu': Invalid argument: TpuPlatform is not available.
I0309 07:01:51.289942 22965985118016 run_af2c_mod.py:481] Have 1 models: ['model_2_multimer_v2_p1']
Info: working on target MYD88_Q69ZC8_x1
I0309 07:01:58.297279 22965985118016 run_af2c_mod.py:512] Using random seed 9127750018021042696 for the data pipeline
Info: MYD88_Q69ZC8_x1 found monomer MYD88_MOUSE msa_depth = 3425, seq_len = 296, num_templ = 20
Info: MYD88_MOUSE reducing the number of structural templates to 4
Info: MYD88_Q69ZC8_x1 found monomer Q69ZC8 msa_depth = 1960, seq_len = 346, num_templ = 0
Info: 2 chain(s) to model {'A': 'MYD88_MOUSE_1', 'B': 'Q69ZC8_1'}
Info: modeling MYD88_Q69ZC8_x1 with msa_depth = 4300, seq_len = 642, num_templ = 5
I0309 07:01:59.125181 22965985118016 run_af2c_mod.py:216] Running model model_2_multimer_v2_p1_230309_042696
I0309 07:01:59.125655 22965985118016 model.py:205] Running predict with shape(feat) = {'msa': (4300, 642), 'bert_mask': (4300, 642), 'num_alignments': (), 'aatype': (642,), 'seq_length': (), 'template_aatype': (5, 642), 'template_all_atom_mask': (5, 642, 37), 'template_all_atom_positions': (5, 642, 37, 3), 'all_atom_positions': (642, 37, 3), 'template_domain_names': (5,), 'asym_id': (642,), 'sym_id': (642,), 'entity_id': (642,), 'residue_index': (642,), 'deletion_matrix': (4300, 642), 'seq_mask': (642,), 'msa_mask': (4300, 642), 'cluster_bias_mask': (4300,), 'pdb_residue_index': (642,)}
I0309 07:12:05.046396 22965985118016 run_af2c_mod.py:270] Total JAX model model_2_multimer_v2_p1_230309_042696 predict time (includes compilation time): 605.9 seconds
Info: MYD88_Q69ZC8_x1 model_2_multimer_v2_p1_230309_042696_recycled_00,  tol =   inf, pLDDT = 57.08, pTM-score = 0.2894, piTM-score = 0.0000, interface-score = 0.0000, iRes = 0    iCnt = 0   
Info: MYD88_Q69ZC8_x1 model_2_multimer_v2_p1_230309_042696_recycled_01,  tol = 110.50, pLDDT = 55.91, pTM-score = 0.2915, piTM-score = 0.6283, interface-score = 0.0107, iRes = 84   iCnt = 169 
Info: MYD88_Q69ZC8_x1 model_2_multimer_v2_p1_230309_042696_recycled_02,  tol = 34.88, pLDDT = 57.17, pTM-score = 0.2934, piTM-score = 0.0000, interface-score = 0.0000, iRes = 0    iCnt = 0   
Info: MYD88_Q69ZC8_x1 model_2_multimer_v2_p1_230309_042696_recycled_03,  tol = 40.55, pLDDT = 56.93, pTM-score = 0.2943, piTM-score = 0.0000, interface-score = 0.0000, iRes = 0    iCnt = 0   
Info: MYD88_Q69ZC8_x1 model_2_multimer_v2_p1_230309_042696_recycled_04,  tol = 22.44, pLDDT = 56.95, pTM-score = 0.3120, piTM-score = 0.0116, interface-score = 0.0017, iRes = 6    iCnt = 4   
Info: MYD88_Q69ZC8_x1 model_2_multimer_v2_p1_230309_042696_recycled_05,  tol = 41.47, pLDDT = 57.43, pTM-score = 0.3063, piTM-score = 0.0140, interface-score = 0.0012, iRes = 7    iCnt = 4   
Info: MYD88_Q69ZC8_x1 model_2_multimer_v2_p1_230309_042696_recycled_06,  tol = 34.46, pLDDT = 57.25, pTM-score = 0.2944, piTM-score = 0.0000, interface-score = 0.0000, iRes = 0    iCnt = 0   
Info: MYD88_Q69ZC8_x1 model_2_multimer_v2_p1_230309_042696_recycled_07,  tol = 21.58, pLDDT = 57.70, pTM-score = 0.2945, piTM-score = 0.0000, interface-score = 0.0000, iRes = 0    iCnt = 0   
Info: MYD88_Q69ZC8_x1 model_2_multimer_v2_p1_230309_042696_recycled_08,  tol = 14.64, pLDDT = 57.95, pTM-score = 0.3145, piTM-score = 0.0030, interface-score = 0.0003, iRes = 3    iCnt = 2   
Info: MYD88_Q69ZC8_x1 model_2_multimer_v2_p1_230309_042696_recycled_09,  tol = 23.51, pLDDT = 57.61, pTM-score = 0.2954, piTM-score = 0.0000, interface-score = 0.0000, iRes = 0    iCnt = 0   
Info: MYD88_Q69ZC8_x1 model_2_multimer_v2_p1_230309_042696_recycled_10,  tol = 16.45, pLDDT = 57.66, pTM-score = 0.2951, piTM-score = 0.0000, interface-score = 0.0000, iRes = 0    iCnt = 0   
Info: MYD88_Q69ZC8_x1 model_2_multimer_v2_p1_230309_042696_recycled_11,  tol = 12.74, pLDDT = 57.87, pTM-score = 0.2960, piTM-score = 0.0000, interface-score = 0.0000, iRes = 0    iCnt = 0   
Info: MYD88_Q69ZC8_x1 model_2_multimer_v2_p1_230309_042696_recycled_12,  tol =  7.29, pLDDT = 57.81, pTM-score = 0.3145, piTM-score = 0.0000, interface-score = 0.0000, iRes = 0    iCnt = 0   
Info: MYD88_Q69ZC8_x1 model_2_multimer_v2_p1_230309_042696_recycled_13,  tol = 21.02, pLDDT = 57.44, pTM-score = 0.2939, piTM-score = 0.0000, interface-score = 0.0000, iRes = 0    iCnt = 0   
Info: MYD88_Q69ZC8_x1 model_2_multimer_v2_p1_230309_042696_recycled_14,  tol = 26.75, pLDDT = 57.74, pTM-score = 0.2956, piTM-score = 0.0000, interface-score = 0.0000, iRes = 0    iCnt = 0   
Info: MYD88_Q69ZC8_x1 model_2_multimer_v2_p1_230309_042696_recycled_15,  tol = 13.22, pLDDT = 57.62, pTM-score = 0.2952, piTM-score = 0.0000, interface-score = 0.0000, iRes = 0    iCnt = 0   
Info: MYD88_Q69ZC8_x1 model_2_multimer_v2_p1_230309_042696_recycled_16,  tol = 20.89, pLDDT = 57.58, pTM-score = 0.2952, piTM-score = 0.0000, interface-score = 0.0000, iRes = 0    iCnt = 0   
Info: MYD88_Q69ZC8_x1 model_2_multimer_v2_p1_230309_042696_recycled_17,  tol = 16.89, pLDDT = 57.93, pTM-score = 0.2959, piTM-score = 0.0000, interface-score = 0.0000, iRes = 0    iCnt = 0   
Info: MYD88_Q69ZC8_x1 model_2_multimer_v2_p1_230309_042696_recycled_18,  tol = 11.92, pLDDT = 58.05, pTM-score = 0.2953, piTM-score = 0.0000, interface-score = 0.0000, iRes = 0    iCnt = 0   
Info: MYD88_Q69ZC8_x1 model_2_multimer_v2_p1_230309_042696_recycled_19,  tol =  9.97, pLDDT = 57.15, pTM-score = 0.2950, piTM-score = 0.0000, interface-score = 0.0000, iRes = 0    iCnt = 0   
Info: MYD88_Q69ZC8_x1 model_2_multimer_v2_p1_230309_042696 performed 20 recycles, final tol = 18.34, pLDDT = 56.65, pTM-score = 0.2951, piTM-score = 0.0000, interface-score = 0.0000, iRes = 0    iCnt = 0   
Info: num_clusters = 2, cluster_sizes = [1, 1],  clusters = [['MYD88_MOUSE_0'], ['Q69ZC8_0']]

I0309 07:12:07.663634 22965985118016 run_af2c_mod.py:404] Final timings for MYD88_Q69ZC8_x1: {'features': 0.83, 'process_features_model_2_multimer_v2_p1_230309_042696': 0.0, 'predict_and_compile_model_2_multimer_v2_p1_230309_042696': 605.9}
                                  
================================= 
Global information about the job: 
================================= 
  
Job owner: flobnow(42847)
Job name:  2_AF2C
Node list: ravg1003
Job start: Thu Mar  9 07:01:40 CET 2023
Job end:   Thu Mar  9 07:12:09 CET 2023
Work dir:  /raven/u/flobnow/workingLama/scripts/myRuns/Q69ZC8
Command:   /raven/u/flobnow/workingLama/scripts/myRuns/Q69ZC8/script2_comp_model_2.sh
  
  
  
==========================================================================================
Information on jobsteps (Note: MaxRSS/AveRSS is the maximum/average over all 
tasks of the per-task memory high-water marks; cf. "man sacct"): 
==========================================================================================
  
JobID            JobName NNodes NTasks  NCPUS        0.00M        0.00M    Elapsed ExitCode
------------- ---------- ------ ------ ------ ------------ ------------ ---------- --------
4385313           2_AF2C      1           108                             00:10:29      0:0
4385313.0        python3      1      1    108    20899.42M    20899.42M   00:10:27      0:0
  
Maximum memory per node: 21.914625 GB (defined as MaxRSS*Ntasks/NNodes)
CPU utilization: 1.9 %
  
Info: input file name is Q69ZC8
Info: input target list is /u/flobnow/workingLama/scripts/myRuns/Q69ZC8/target.lst
Info: input feature directory is /u/flobnow/workingLama/feature_files
Info: result output directory is /u/flobnow/workingLama/output_files
Info: model preset is multimer_np
Info: msa pairing is all
Info: recycling setting is 1
Info: using preset super2
Info: set num_ensemble = 2
Info: set max_recyles = 20
Info: set recycle_tol = 0.1
Info: mas_pairing mode is all
I0309 07:38:32.550170 23416568489792 tpu_client.py:54] Starting the local TPU driver.
I0309 07:38:32.550547 23416568489792 xla_bridge.py:212] Unable to initialize backend 'tpu_driver': Not found: Unable to find driver in registry given worker: local://
I0309 07:38:32.963798 23416568489792 xla_bridge.py:212] Unable to initialize backend 'tpu': Invalid argument: TpuPlatform is not available.
Info: working on target MYD88_Q69ZC8_x1
I0309 07:38:35.786118 23416568489792 run_af2c_mod.py:481] Have 1 models: ['model_3_multimer_v2_p1']
I0309 07:38:35.786367 23416568489792 run_af2c_mod.py:512] Using random seed 2127321854624983185 for the data pipeline
Info: MYD88_Q69ZC8_x1 found monomer MYD88_MOUSE msa_depth = 3425, seq_len = 296, num_templ = 20
Info: MYD88_MOUSE reducing the number of structural templates to 4
Info: MYD88_Q69ZC8_x1 found monomer Q69ZC8 msa_depth = 1960, seq_len = 346, num_templ = 0
Info: 2 chain(s) to model {'A': 'MYD88_MOUSE_1', 'B': 'Q69ZC8_1'}
Info: modeling MYD88_Q69ZC8_x1 with msa_depth = 4300, seq_len = 642, num_templ = 5
I0309 07:38:36.580748 23416568489792 run_af2c_mod.py:216] Running model model_3_multimer_v2_p1_230309_983185
I0309 07:38:36.581233 23416568489792 model.py:205] Running predict with shape(feat) = {'msa': (4300, 642), 'bert_mask': (4300, 642), 'num_alignments': (), 'aatype': (642,), 'seq_length': (), 'template_aatype': (5, 642), 'template_all_atom_mask': (5, 642, 37), 'template_all_atom_positions': (5, 642, 37, 3), 'all_atom_positions': (642, 37, 3), 'template_domain_names': (5,), 'asym_id': (642,), 'sym_id': (642,), 'entity_id': (642,), 'residue_index': (642,), 'deletion_matrix': (4300, 642), 'seq_mask': (642,), 'msa_mask': (4300, 642), 'cluster_bias_mask': (4300,), 'pdb_residue_index': (642,)}
I0309 07:48:38.783251 23416568489792 run_af2c_mod.py:270] Total JAX model model_3_multimer_v2_p1_230309_983185 predict time (includes compilation time): 602.2 seconds
Info: MYD88_Q69ZC8_x1 model_3_multimer_v2_p1_230309_983185_recycled_00,  tol =   inf, pLDDT = 56.97, pTM-score = 0.3025, piTM-score = 0.0258, interface-score = 0.0040, iRes = 11   iCnt = 7   
Info: MYD88_Q69ZC8_x1 model_3_multimer_v2_p1_230309_983185_recycled_01,  tol = 134.29, pLDDT = 55.97, pTM-score = 0.2869, piTM-score = 0.0000, interface-score = 0.0000, iRes = 0    iCnt = 0   
Info: MYD88_Q69ZC8_x1 model_3_multimer_v2_p1_230309_983185_recycled_02,  tol = 36.95, pLDDT = 56.79, pTM-score = 0.2898, piTM-score = 0.0000, interface-score = 0.0000, iRes = 0    iCnt = 0   
Info: MYD88_Q69ZC8_x1 model_3_multimer_v2_p1_230309_983185_recycled_03,  tol = 25.99, pLDDT = 56.67, pTM-score = 0.2899, piTM-score = 0.0000, interface-score = 0.0000, iRes = 0    iCnt = 0   
Info: MYD88_Q69ZC8_x1 model_3_multimer_v2_p1_230309_983185_recycled_04,  tol = 27.67, pLDDT = 57.68, pTM-score = 0.2915, piTM-score = 0.0668, interface-score = 0.0001, iRes = 16   iCnt = 25  
Info: MYD88_Q69ZC8_x1 model_3_multimer_v2_p1_230309_983185_recycled_05,  tol = 25.66, pLDDT = 56.66, pTM-score = 0.2893, piTM-score = 0.0000, interface-score = 0.0000, iRes = 0    iCnt = 0   
Info: MYD88_Q69ZC8_x1 model_3_multimer_v2_p1_230309_983185_recycled_06,  tol = 29.18, pLDDT = 57.12, pTM-score = 0.2901, piTM-score = 0.0000, interface-score = 0.0000, iRes = 0    iCnt = 0   
Info: MYD88_Q69ZC8_x1 model_3_multimer_v2_p1_230309_983185_recycled_07,  tol = 17.56, pLDDT = 57.14, pTM-score = 0.2900, piTM-score = 0.0000, interface-score = 0.0000, iRes = 0    iCnt = 0   
Info: MYD88_Q69ZC8_x1 model_3_multimer_v2_p1_230309_983185_recycled_08,  tol =  9.71, pLDDT = 57.05, pTM-score = 0.2900, piTM-score = 0.0000, interface-score = 0.0000, iRes = 0    iCnt = 0   
Info: MYD88_Q69ZC8_x1 model_3_multimer_v2_p1_230309_983185_recycled_09,  tol =  9.71, pLDDT = 57.02, pTM-score = 0.2898, piTM-score = 0.0000, interface-score = 0.0000, iRes = 0    iCnt = 0   
Info: MYD88_Q69ZC8_x1 model_3_multimer_v2_p1_230309_983185_recycled_10,  tol =  7.78, pLDDT = 56.64, pTM-score = 0.2906, piTM-score = 0.0000, interface-score = 0.0000, iRes = 0    iCnt = 0   
Info: MYD88_Q69ZC8_x1 model_3_multimer_v2_p1_230309_983185_recycled_11,  tol = 11.68, pLDDT = 56.90, pTM-score = 0.2906, piTM-score = 0.0000, interface-score = 0.0000, iRes = 0    iCnt = 0   
Info: MYD88_Q69ZC8_x1 model_3_multimer_v2_p1_230309_983185_recycled_12,  tol = 11.78, pLDDT = 57.10, pTM-score = 0.2905, piTM-score = 0.0000, interface-score = 0.0000, iRes = 0    iCnt = 0   
Info: MYD88_Q69ZC8_x1 model_3_multimer_v2_p1_230309_983185_recycled_13,  tol =  8.91, pLDDT = 57.24, pTM-score = 0.2909, piTM-score = 0.0000, interface-score = 0.0000, iRes = 0    iCnt = 0   
Info: MYD88_Q69ZC8_x1 model_3_multimer_v2_p1_230309_983185_recycled_14,  tol = 13.45, pLDDT = 56.51, pTM-score = 0.2913, piTM-score = 0.0000, interface-score = 0.0000, iRes = 0    iCnt = 0   
Info: MYD88_Q69ZC8_x1 model_3_multimer_v2_p1_230309_983185_recycled_15,  tol = 18.50, pLDDT = 56.31, pTM-score = 0.2919, piTM-score = 0.0000, interface-score = 0.0000, iRes = 0    iCnt = 0   
Info: MYD88_Q69ZC8_x1 model_3_multimer_v2_p1_230309_983185_recycled_16,  tol = 11.62, pLDDT = 56.60, pTM-score = 0.2907, piTM-score = 0.0000, interface-score = 0.0000, iRes = 0    iCnt = 0   
Info: MYD88_Q69ZC8_x1 model_3_multimer_v2_p1_230309_983185_recycled_17,  tol = 16.67, pLDDT = 56.97, pTM-score = 0.2975, piTM-score = 0.0047, interface-score = 0.0000, iRes = 4    iCnt = 2   
Info: MYD88_Q69ZC8_x1 model_3_multimer_v2_p1_230309_983185_recycled_18,  tol = 25.21, pLDDT = 56.51, pTM-score = 0.2891, piTM-score = 0.0000, interface-score = 0.0000, iRes = 0    iCnt = 0   
Info: MYD88_Q69ZC8_x1 model_3_multimer_v2_p1_230309_983185_recycled_19,  tol = 34.18, pLDDT = 56.46, pTM-score = 0.2897, piTM-score = 0.0000, interface-score = 0.0000, iRes = 0    iCnt = 0   
Info: MYD88_Q69ZC8_x1 model_3_multimer_v2_p1_230309_983185 performed 20 recycles, final tol = 19.74, pLDDT = 57.27, pTM-score = 0.2986, piTM-score = 0.0000, interface-score = 0.0000, iRes = 0    iCnt = 0   
Info: num_clusters = 2, cluster_sizes = [1, 1],  clusters = [['MYD88_MOUSE_0'], ['Q69ZC8_0']]

I0309 07:48:41.534142 23416568489792 run_af2c_mod.py:404] Final timings for MYD88_Q69ZC8_x1: {'features': 0.79, 'process_features_model_3_multimer_v2_p1_230309_983185': 0.0, 'predict_and_compile_model_3_multimer_v2_p1_230309_983185': 602.2}
                                  
================================= 
Global information about the job: 
================================= 
  
Job owner: flobnow(42847)
Job name:  3_AF2C
Node list: ravg1097
Job start: Thu Mar  9 07:38:25 CET 2023
Job end:   Thu Mar  9 07:48:43 CET 2023
Work dir:  /raven/u/flobnow/workingLama/scripts/myRuns/Q69ZC8
Command:   /raven/u/flobnow/workingLama/scripts/myRuns/Q69ZC8/script2_comp_model_3.sh
  
  
  
==========================================================================================
Information on jobsteps (Note: MaxRSS/AveRSS is the maximum/average over all 
tasks of the per-task memory high-water marks; cf. "man sacct"): 
==========================================================================================
  
JobID            JobName NNodes NTasks  NCPUS        0.00M        0.00M    Elapsed ExitCode
------------- ---------- ------ ------ ------ ------------ ------------ ---------- --------
4385336           3_AF2C      1           108                             00:10:18      0:0
4385336.0        python3      1      1    108    21249.76M    21249.76M   00:10:16      0:0
  
Maximum memory per node: 22.281984 GB (defined as MaxRSS*Ntasks/NNodes)
CPU utilization: 2.0 %
  
Info: input file name is Q69ZC8
Info: input target list is /u/flobnow/workingLama/scripts/myRuns/Q69ZC8/target.lst
Info: input feature directory is /u/flobnow/workingLama/feature_files
Info: result output directory is /u/flobnow/workingLama/output_files
Info: model preset is multimer_np
Info: msa pairing is all
Info: recycling setting is 1
Info: using preset super2
Info: set num_ensemble = 2
Info: set max_recyles = 20
Info: set recycle_tol = 0.1
Info: mas_pairing mode is all
I0309 08:27:45.962593 23336839886656 tpu_client.py:54] Starting the local TPU driver.
I0309 08:27:45.962997 23336839886656 xla_bridge.py:212] Unable to initialize backend 'tpu_driver': Not found: Unable to find driver in registry given worker: local://
I0309 08:27:46.331356 23336839886656 xla_bridge.py:212] Unable to initialize backend 'tpu': Invalid argument: TpuPlatform is not available.
I0309 08:27:49.067057 23336839886656 run_af2c_mod.py:481] Have 1 models: ['model_4_multimer_v2_p1']
Info: working on target MYD88_Q69ZC8_x1
I0309 08:27:56.074634 23336839886656 run_af2c_mod.py:512] Using random seed 1728320285544189451 for the data pipeline
Info: MYD88_Q69ZC8_x1 found monomer MYD88_MOUSE msa_depth = 3425, seq_len = 296, num_templ = 20
Info: MYD88_MOUSE reducing the number of structural templates to 4
Info: MYD88_Q69ZC8_x1 found monomer Q69ZC8 msa_depth = 1960, seq_len = 346, num_templ = 0
Info: 2 chain(s) to model {'A': 'MYD88_MOUSE_1', 'B': 'Q69ZC8_1'}
Info: modeling MYD88_Q69ZC8_x1 with msa_depth = 4300, seq_len = 642, num_templ = 5
I0309 08:27:56.869376 23336839886656 run_af2c_mod.py:216] Running model model_4_multimer_v2_p1_230309_189451
I0309 08:27:56.869862 23336839886656 model.py:205] Running predict with shape(feat) = {'msa': (4300, 642), 'bert_mask': (4300, 642), 'num_alignments': (), 'aatype': (642,), 'seq_length': (), 'template_aatype': (5, 642), 'template_all_atom_mask': (5, 642, 37), 'template_all_atom_positions': (5, 642, 37, 3), 'all_atom_positions': (642, 37, 3), 'template_domain_names': (5,), 'asym_id': (642,), 'sym_id': (642,), 'entity_id': (642,), 'residue_index': (642,), 'deletion_matrix': (4300, 642), 'seq_mask': (642,), 'msa_mask': (4300, 642), 'cluster_bias_mask': (4300,), 'pdb_residue_index': (642,)}
I0309 08:37:51.865893 23336839886656 run_af2c_mod.py:270] Total JAX model model_4_multimer_v2_p1_230309_189451 predict time (includes compilation time): 595.0 seconds
Info: MYD88_Q69ZC8_x1 model_4_multimer_v2_p1_230309_189451_recycled_00,  tol =   inf, pLDDT = 58.87, pTM-score = 0.2868, piTM-score = 0.0000, interface-score = 0.0000, iRes = 0    iCnt = 0   
Info: MYD88_Q69ZC8_x1 model_4_multimer_v2_p1_230309_189451_recycled_01,  tol = 108.71, pLDDT = 57.01, pTM-score = 0.2911, piTM-score = 0.0000, interface-score = 0.0000, iRes = 0    iCnt = 0   
Info: MYD88_Q69ZC8_x1 model_4_multimer_v2_p1_230309_189451_recycled_02,  tol = 16.28, pLDDT = 57.71, pTM-score = 0.2923, piTM-score = 0.0000, interface-score = 0.0000, iRes = 0    iCnt = 0   
Info: MYD88_Q69ZC8_x1 model_4_multimer_v2_p1_230309_189451_recycled_03,  tol = 14.30, pLDDT = 58.82, pTM-score = 0.2916, piTM-score = 0.0000, interface-score = 0.0000, iRes = 0    iCnt = 0   
Info: MYD88_Q69ZC8_x1 model_4_multimer_v2_p1_230309_189451_recycled_04,  tol = 13.40, pLDDT = 58.78, pTM-score = 0.2917, piTM-score = 0.0000, interface-score = 0.0000, iRes = 0    iCnt = 0   
Info: MYD88_Q69ZC8_x1 model_4_multimer_v2_p1_230309_189451_recycled_05,  tol = 11.31, pLDDT = 58.46, pTM-score = 0.2914, piTM-score = 0.0000, interface-score = 0.0000, iRes = 0    iCnt = 0   
Info: MYD88_Q69ZC8_x1 model_4_multimer_v2_p1_230309_189451_recycled_06,  tol = 12.30, pLDDT = 59.00, pTM-score = 0.2913, piTM-score = 0.0000, interface-score = 0.0000, iRes = 0    iCnt = 0   
Info: MYD88_Q69ZC8_x1 model_4_multimer_v2_p1_230309_189451_recycled_07,  tol = 11.23, pLDDT = 58.83, pTM-score = 0.2909, piTM-score = 0.0000, interface-score = 0.0000, iRes = 0    iCnt = 0   
Info: MYD88_Q69ZC8_x1 model_4_multimer_v2_p1_230309_189451_recycled_08,  tol =  4.41, pLDDT = 58.58, pTM-score = 0.2912, piTM-score = 0.0000, interface-score = 0.0000, iRes = 0    iCnt = 0   
Info: MYD88_Q69ZC8_x1 model_4_multimer_v2_p1_230309_189451_recycled_09,  tol = 12.98, pLDDT = 58.51, pTM-score = 0.2905, piTM-score = 0.0000, interface-score = 0.0000, iRes = 0    iCnt = 0   
Info: MYD88_Q69ZC8_x1 model_4_multimer_v2_p1_230309_189451_recycled_10,  tol = 11.96, pLDDT = 58.62, pTM-score = 0.2913, piTM-score = 0.0000, interface-score = 0.0000, iRes = 0    iCnt = 0   
Info: MYD88_Q69ZC8_x1 model_4_multimer_v2_p1_230309_189451_recycled_11,  tol =  8.12, pLDDT = 58.70, pTM-score = 0.2916, piTM-score = 0.0000, interface-score = 0.0000, iRes = 0    iCnt = 0   
Info: MYD88_Q69ZC8_x1 model_4_multimer_v2_p1_230309_189451_recycled_12,  tol = 14.81, pLDDT = 58.78, pTM-score = 0.2915, piTM-score = 0.0000, interface-score = 0.0000, iRes = 0    iCnt = 0   
Info: MYD88_Q69ZC8_x1 model_4_multimer_v2_p1_230309_189451_recycled_13,  tol =  4.73, pLDDT = 58.55, pTM-score = 0.2916, piTM-score = 0.0000, interface-score = 0.0000, iRes = 0    iCnt = 0   
Info: MYD88_Q69ZC8_x1 model_4_multimer_v2_p1_230309_189451_recycled_14,  tol = 14.80, pLDDT = 58.80, pTM-score = 0.2911, piTM-score = 0.0000, interface-score = 0.0000, iRes = 0    iCnt = 0   
Info: MYD88_Q69ZC8_x1 model_4_multimer_v2_p1_230309_189451_recycled_15,  tol = 11.45, pLDDT = 58.56, pTM-score = 0.2914, piTM-score = 0.0000, interface-score = 0.0000, iRes = 0    iCnt = 0   
Info: MYD88_Q69ZC8_x1 model_4_multimer_v2_p1_230309_189451_recycled_16,  tol =  5.53, pLDDT = 58.76, pTM-score = 0.2910, piTM-score = 0.0000, interface-score = 0.0000, iRes = 0    iCnt = 0   
Info: MYD88_Q69ZC8_x1 model_4_multimer_v2_p1_230309_189451_recycled_17,  tol =  3.49, pLDDT = 59.32, pTM-score = 0.2915, piTM-score = 0.0000, interface-score = 0.0000, iRes = 0    iCnt = 0   
Info: MYD88_Q69ZC8_x1 model_4_multimer_v2_p1_230309_189451_recycled_18,  tol = 10.86, pLDDT = 59.16, pTM-score = 0.2908, piTM-score = 0.0000, interface-score = 0.0000, iRes = 0    iCnt = 0   
Info: MYD88_Q69ZC8_x1 model_4_multimer_v2_p1_230309_189451_recycled_19,  tol =  6.69, pLDDT = 59.14, pTM-score = 0.2913, piTM-score = 0.0000, interface-score = 0.0000, iRes = 0    iCnt = 0   
Info: MYD88_Q69ZC8_x1 model_4_multimer_v2_p1_230309_189451 performed 20 recycles, final tol = 11.84, pLDDT = 59.22, pTM-score = 0.2912, piTM-score = 0.0000, interface-score = 0.0000, iRes = 0    iCnt = 0   
Info: num_clusters = 2, cluster_sizes = [1, 1],  clusters = [['MYD88_MOUSE_0'], ['Q69ZC8_0']]

I0309 08:37:54.529788 23336839886656 run_af2c_mod.py:404] Final timings for MYD88_Q69ZC8_x1: {'features': 0.79, 'process_features_model_4_multimer_v2_p1_230309_189451': 0.0, 'predict_and_compile_model_4_multimer_v2_p1_230309_189451': 595.0}
                                  
================================= 
Global information about the job: 
================================= 
  
Job owner: flobnow(42847)
Job name:  4_AF2C
Node list: ravg1091
Job start: Thu Mar  9 08:27:39 CET 2023
Job end:   Thu Mar  9 08:37:56 CET 2023
Work dir:  /raven/u/flobnow/workingLama/scripts/myRuns/Q69ZC8
Command:   /raven/u/flobnow/workingLama/scripts/myRuns/Q69ZC8/script2_comp_model_4.sh
  
  
  
==========================================================================================
Information on jobsteps (Note: MaxRSS/AveRSS is the maximum/average over all 
tasks of the per-task memory high-water marks; cf. "man sacct"): 
==========================================================================================
  
JobID            JobName NNodes NTasks  NCPUS        0.00M        0.00M    Elapsed ExitCode
------------- ---------- ------ ------ ------ ------------ ------------ ---------- --------
4385365           4_AF2C      1           108                             00:10:17      0:0
4385365.0        python3      1      1    108    21245.29M    21245.29M   00:10:16      0:0
  
Maximum memory per node: 22.277301 GB (defined as MaxRSS*Ntasks/NNodes)
CPU utilization: 1.9 %
  
Info: input file name is Q69ZC8
Info: input target list is /u/flobnow/workingLama/scripts/myRuns/Q69ZC8/target.lst
Info: input feature directory is /u/flobnow/workingLama/feature_files
Info: result output directory is /u/flobnow/workingLama/output_files
Info: model preset is multimer_np
Info: msa pairing is all
Info: recycling setting is 1
Info: using preset super2
Info: set num_ensemble = 2
Info: set max_recyles = 20
Info: set recycle_tol = 0.1
Info: mas_pairing mode is all
I0309 09:32:23.636517 22975789578048 tpu_client.py:54] Starting the local TPU driver.
I0309 09:32:23.636903 22975789578048 xla_bridge.py:212] Unable to initialize backend 'tpu_driver': Not found: Unable to find driver in registry given worker: local://
I0309 09:32:24.010781 22975789578048 xla_bridge.py:212] Unable to initialize backend 'tpu': Invalid argument: TpuPlatform is not available.
I0309 09:32:26.819179 22975789578048 run_af2c_mod.py:481] Have 1 models: ['model_5_multimer_v2_p1']
Info: working on target MYD88_Q69ZC8_x1
I0309 09:32:36.829404 22975789578048 run_af2c_mod.py:512] Using random seed 5623881777111956117 for the data pipeline
Info: MYD88_Q69ZC8_x1 found monomer MYD88_MOUSE msa_depth = 3425, seq_len = 296, num_templ = 20
Info: MYD88_MOUSE reducing the number of structural templates to 4
Info: MYD88_Q69ZC8_x1 found monomer Q69ZC8 msa_depth = 1960, seq_len = 346, num_templ = 0
Info: 2 chain(s) to model {'A': 'MYD88_MOUSE_1', 'B': 'Q69ZC8_1'}
Info: modeling MYD88_Q69ZC8_x1 with msa_depth = 4300, seq_len = 642, num_templ = 5
I0309 09:32:37.807833 22975789578048 run_af2c_mod.py:216] Running model model_5_multimer_v2_p1_230309_956117
I0309 09:32:37.808304 22975789578048 model.py:205] Running predict with shape(feat) = {'msa': (4300, 642), 'bert_mask': (4300, 642), 'num_alignments': (), 'aatype': (642,), 'seq_length': (), 'template_aatype': (5, 642), 'template_all_atom_mask': (5, 642, 37), 'template_all_atom_positions': (5, 642, 37, 3), 'all_atom_positions': (642, 37, 3), 'template_domain_names': (5,), 'asym_id': (642,), 'sym_id': (642,), 'entity_id': (642,), 'residue_index': (642,), 'deletion_matrix': (4300, 642), 'seq_mask': (642,), 'msa_mask': (4300, 642), 'cluster_bias_mask': (4300,), 'pdb_residue_index': (642,)}
I0309 09:42:40.739298 22975789578048 run_af2c_mod.py:270] Total JAX model model_5_multimer_v2_p1_230309_956117 predict time (includes compilation time): 602.9 seconds
Info: MYD88_Q69ZC8_x1 model_5_multimer_v2_p1_230309_956117_recycled_00,  tol =   inf, pLDDT = 58.13, pTM-score = 0.2872, piTM-score = 0.0000, interface-score = 0.0000, iRes = 0    iCnt = 0   
Info: MYD88_Q69ZC8_x1 model_5_multimer_v2_p1_230309_956117_recycled_01,  tol = 98.37, pLDDT = 56.37, pTM-score = 0.2886, piTM-score = 0.0000, interface-score = 0.0000, iRes = 0    iCnt = 0   
Info: MYD88_Q69ZC8_x1 model_5_multimer_v2_p1_230309_956117_recycled_02,  tol = 23.13, pLDDT = 56.66, pTM-score = 0.3054, piTM-score = 0.0179, interface-score = 0.0023, iRes = 9    iCnt = 5   
Info: MYD88_Q69ZC8_x1 model_5_multimer_v2_p1_230309_956117_recycled_03,  tol = 35.59, pLDDT = 56.80, pTM-score = 0.2935, piTM-score = 0.0000, interface-score = 0.0000, iRes = 0    iCnt = 0   
Info: MYD88_Q69ZC8_x1 model_5_multimer_v2_p1_230309_956117_recycled_04,  tol = 13.75, pLDDT = 57.07, pTM-score = 0.2919, piTM-score = 0.0000, interface-score = 0.0000, iRes = 0    iCnt = 0   
Info: MYD88_Q69ZC8_x1 model_5_multimer_v2_p1_230309_956117_recycled_05,  tol = 22.55, pLDDT = 57.81, pTM-score = 0.2924, piTM-score = 0.0000, interface-score = 0.0000, iRes = 0    iCnt = 0   
Info: MYD88_Q69ZC8_x1 model_5_multimer_v2_p1_230309_956117_recycled_06,  tol = 26.32, pLDDT = 57.07, pTM-score = 0.3032, piTM-score = 0.0000, interface-score = 0.0000, iRes = 0    iCnt = 0   
Info: MYD88_Q69ZC8_x1 model_5_multimer_v2_p1_230309_956117_recycled_07,  tol = 19.24, pLDDT = 57.08, pTM-score = 0.2948, piTM-score = 0.0000, interface-score = 0.0000, iRes = 0    iCnt = 0   
Info: MYD88_Q69ZC8_x1 model_5_multimer_v2_p1_230309_956117_recycled_08,  tol =  9.73, pLDDT = 57.28, pTM-score = 0.2916, piTM-score = 0.0000, interface-score = 0.0000, iRes = 0    iCnt = 0   
Info: MYD88_Q69ZC8_x1 model_5_multimer_v2_p1_230309_956117_recycled_09,  tol = 12.53, pLDDT = 57.22, pTM-score = 0.2925, piTM-score = 0.0000, interface-score = 0.0000, iRes = 0    iCnt = 0   
Info: MYD88_Q69ZC8_x1 model_5_multimer_v2_p1_230309_956117_recycled_10,  tol = 14.82, pLDDT = 57.23, pTM-score = 0.3088, piTM-score = 0.0083, interface-score = 0.0011, iRes = 6    iCnt = 3   
Info: MYD88_Q69ZC8_x1 model_5_multimer_v2_p1_230309_956117_recycled_11,  tol = 27.66, pLDDT = 57.41, pTM-score = 0.2935, piTM-score = 0.0000, interface-score = 0.0000, iRes = 0    iCnt = 0   
Info: MYD88_Q69ZC8_x1 model_5_multimer_v2_p1_230309_956117_recycled_12,  tol = 21.94, pLDDT = 57.73, pTM-score = 0.2927, piTM-score = 0.0000, interface-score = 0.0000, iRes = 0    iCnt = 0   
Info: MYD88_Q69ZC8_x1 model_5_multimer_v2_p1_230309_956117_recycled_13,  tol = 17.86, pLDDT = 57.66, pTM-score = 0.2991, piTM-score = 0.0000, interface-score = 0.0000, iRes = 0    iCnt = 0   
Info: MYD88_Q69ZC8_x1 model_5_multimer_v2_p1_230309_956117_recycled_14,  tol = 19.34, pLDDT = 57.59, pTM-score = 0.3019, piTM-score = 0.0000, interface-score = 0.0000, iRes = 0    iCnt = 0   
Info: MYD88_Q69ZC8_x1 model_5_multimer_v2_p1_230309_956117_recycled_15,  tol = 10.22, pLDDT = 57.64, pTM-score = 0.2999, piTM-score = 0.0000, interface-score = 0.0000, iRes = 0    iCnt = 0   
Info: MYD88_Q69ZC8_x1 model_5_multimer_v2_p1_230309_956117_recycled_16,  tol =  7.42, pLDDT = 57.57, pTM-score = 0.2983, piTM-score = 0.0000, interface-score = 0.0000, iRes = 0    iCnt = 0   
Info: MYD88_Q69ZC8_x1 model_5_multimer_v2_p1_230309_956117_recycled_17,  tol =  6.94, pLDDT = 57.34, pTM-score = 0.2955, piTM-score = 0.0000, interface-score = 0.0000, iRes = 0    iCnt = 0   
Info: MYD88_Q69ZC8_x1 model_5_multimer_v2_p1_230309_956117_recycled_18,  tol =  7.47, pLDDT = 57.17, pTM-score = 0.2929, piTM-score = 0.0000, interface-score = 0.0000, iRes = 0    iCnt = 0   
Info: MYD88_Q69ZC8_x1 model_5_multimer_v2_p1_230309_956117_recycled_19,  tol = 13.88, pLDDT = 57.49, pTM-score = 0.2969, piTM-score = 0.0000, interface-score = 0.0000, iRes = 0    iCnt = 0   
Info: MYD88_Q69ZC8_x1 model_5_multimer_v2_p1_230309_956117 performed 20 recycles, final tol = 17.21, pLDDT = 57.06, pTM-score = 0.3010, piTM-score = 0.0000, interface-score = 0.0000, iRes = 0    iCnt = 0   
Info: num_clusters = 2, cluster_sizes = [1, 1],  clusters = [['MYD88_MOUSE_0'], ['Q69ZC8_0']]

I0309 09:42:43.325355 22975789578048 run_af2c_mod.py:404] Final timings for MYD88_Q69ZC8_x1: {'features': 0.98, 'process_features_model_5_multimer_v2_p1_230309_956117': 0.0, 'predict_and_compile_model_5_multimer_v2_p1_230309_956117': 602.9}
                                  
================================= 
Global information about the job: 
================================= 
  
Job owner: flobnow(42847)
Job name:  5_AF2C
Node list: ravg1007
Job start: Thu Mar  9 09:32:08 CET 2023
Job end:   Thu Mar  9 09:42:45 CET 2023
Work dir:  /raven/u/flobnow/workingLama/scripts/myRuns/Q69ZC8
Command:   /raven/u/flobnow/workingLama/scripts/myRuns/Q69ZC8/script2_comp_model_5.sh
  
  
  
==========================================================================================
Information on jobsteps (Note: MaxRSS/AveRSS is the maximum/average over all 
tasks of the per-task memory high-water marks; cf. "man sacct"): 
==========================================================================================
  
JobID            JobName NNodes NTasks  NCPUS        0.00M        0.00M    Elapsed ExitCode
------------- ---------- ------ ------ ------ ------------ ------------ ---------- --------
4385403           5_AF2C      1           108                             00:10:37      0:0
4385403.0        python3      1      1    108    20627.71M    20627.71M   00:10:34      0:0
  
Maximum memory per node: 21.629723 GB (defined as MaxRSS*Ntasks/NNodes)
CPU utilization: 1.9 %
  
Info: target file is /u/flobnow/workingLama/scripts/myRuns/Q69ZC8/target.lst
Info: input directory of unrelaxed models is /u/flobnow/workingLama/output_files
Info: output directory of relaxed models is /u/flobnow/workingLama/output_files
/bin/sh: /mpcdf/soft/SLE_15/packages/x86_64/alphafold/2.2.0/lib/libtinfo.so.6: no version information available (required by /lib64/libreadline.so.7)
I0309 13:23:13.688589 22951032084288 run_af2c_min.py:88] MYD88_Q69ZC8_x1 processing model_2_multimer_v2_p1_230309_042696.pdb
sh: /mpcdf/soft/SLE_15/packages/x86_64/alphafold/2.2.0/lib/libtinfo.so.6: no version information available (required by /lib64/libreadline.so.7)
sh: /mpcdf/soft/SLE_15/packages/x86_64/alphafold/2.2.0/lib/libtinfo.so.6: no version information available (required by /lib64/libreadline.so.7)
I0309 13:23:21.698792 22951032084288 amber_minimize.py:177] alterations info: {'nonstandard_residues': [], 'removed_heterogens': set(), 'missing_residues': {}, 'missing_heavy_atoms': {}, 'missing_terminals': {<Residue 295 (PRO) of chain 0>: ['OXT'], <Residue 641 (LEU) of chain 1>: ['OXT']}, 'Se_in_MET': [], 'removed_chains': {0: []}}
I0309 13:23:22.650868 22951032084288 amber_minimize.py:408] Minimizing protein, attempt 1 of 100.
I0309 13:23:23.703456 22951032084288 amber_minimize.py:69] Restraining 5106 / 10142 particles.
sh: /mpcdf/soft/SLE_15/packages/x86_64/alphafold/2.2.0/lib/libtinfo.so.6: no version information available (required by /lib64/libreadline.so.7)
I0309 13:24:39.527626 22951032084288 amber_minimize.py:177] alterations info: {'nonstandard_residues': [], 'removed_heterogens': set(), 'missing_residues': {}, 'missing_heavy_atoms': {}, 'missing_terminals': {}, 'Se_in_MET': [], 'removed_chains': {0: []}}
I0309 13:24:40.460682 22951032084288 tpu_client.py:54] Starting the local TPU driver.
I0309 13:24:40.462742 22951032084288 xla_bridge.py:212] Unable to initialize backend 'tpu_driver': Not found: Unable to find driver in registry given worker: local://
I0309 13:24:40.703149 22951032084288 xla_bridge.py:212] Unable to initialize backend 'tpu': Invalid argument: TpuPlatform is not available.
I0309 13:24:50.323316 22951032084288 amber_minimize.py:500] Iteration completed: Einit 94418302167.46 Efinal -3333.68 Time 72.49 s num residue violations 30 num residue exclusions 0 
I0309 13:24:50.367942 22951032084288 amber_minimize.py:408] Minimizing protein, attempt 1 of 100.
I0309 13:24:51.399398 22951032084288 amber_minimize.py:69] Restraining 4878 / 10142 particles.
sh: /mpcdf/soft/SLE_15/packages/x86_64/alphafold/2.2.0/lib/libtinfo.so.6: no version information available (required by /lib64/libreadline.so.7)
I0309 13:25:58.477508 22951032084288 amber_minimize.py:177] alterations info: {'nonstandard_residues': [], 'removed_heterogens': set(), 'missing_residues': {}, 'missing_heavy_atoms': {}, 'missing_terminals': {}, 'Se_in_MET': [], 'removed_chains': {0: []}}
I0309 13:26:00.830390 22951032084288 amber_minimize.py:500] Iteration completed: Einit 22557.24 Efinal -7058.79 Time 63.84 s num residue violations 22 num residue exclusions 30 
I0309 13:26:00.831259 22951032084288 amber_minimize.py:408] Minimizing protein, attempt 1 of 100.
I0309 13:26:01.860369 22951032084288 amber_minimize.py:69] Restraining 4841 / 10142 particles.
sh: /mpcdf/soft/SLE_15/packages/x86_64/alphafold/2.2.0/lib/libtinfo.so.6: no version information available (required by /lib64/libreadline.so.7)
I0309 13:26:45.636490 22951032084288 amber_minimize.py:177] alterations info: {'nonstandard_residues': [], 'removed_heterogens': set(), 'missing_residues': {}, 'missing_heavy_atoms': {}, 'missing_terminals': {}, 'Se_in_MET': [], 'removed_chains': {0: []}}
I0309 13:26:47.986015 22951032084288 amber_minimize.py:500] Iteration completed: Einit 22147.92 Efinal -8147.56 Time 40.62 s num residue violations 22 num residue exclusions 35 
sh: /mpcdf/soft/SLE_15/packages/x86_64/alphafold/2.2.0/lib/libtinfo.so.6: no version information available (required by /lib64/libreadline.so.7)
sh: /mpcdf/soft/SLE_15/packages/x86_64/alphafold/2.2.0/lib/libtinfo.so.6: no version information available (required by /lib64/libreadline.so.7)
I0309 13:26:52.429019 22951032084288 amber_minimize.py:177] alterations info: {'nonstandard_residues': [], 'removed_heterogens': set(), 'missing_residues': {}, 'missing_heavy_atoms': {}, 'missing_terminals': {<Residue 295 (PRO) of chain 0>: ['OXT'], <Residue 641 (LEU) of chain 1>: ['OXT']}, 'Se_in_MET': [], 'removed_chains': {0: []}}
I0309 13:26:54.406213 22951032084288 run_af2c_min.py:110] MYD88_Q69ZC8_x1 relaxation done, time spent 220.4 seconds, Efinal -8147.56, rmsd 0.40
I0309 13:26:54.406457 22951032084288 run_af2c_min.py:88] MYD88_Q69ZC8_x1 processing model_4_multimer_v2_p1_230309_189451.pdb
sh: /mpcdf/soft/SLE_15/packages/x86_64/alphafold/2.2.0/lib/libtinfo.so.6: no version information available (required by /lib64/libreadline.so.7)
sh: /mpcdf/soft/SLE_15/packages/x86_64/alphafold/2.2.0/lib/libtinfo.so.6: no version information available (required by /lib64/libreadline.so.7)
I0309 13:26:59.106840 22951032084288 amber_minimize.py:177] alterations info: {'nonstandard_residues': [], 'removed_heterogens': set(), 'missing_residues': {}, 'missing_heavy_atoms': {}, 'missing_terminals': {<Residue 295 (PRO) of chain 0>: ['OXT'], <Residue 641 (LEU) of chain 1>: ['OXT']}, 'Se_in_MET': [], 'removed_chains': {0: []}}
I0309 13:27:00.073502 22951032084288 amber_minimize.py:408] Minimizing protein, attempt 1 of 100.
I0309 13:27:01.095737 22951032084288 amber_minimize.py:69] Restraining 5106 / 10142 particles.
sh: /mpcdf/soft/SLE_15/packages/x86_64/alphafold/2.2.0/lib/libtinfo.so.6: no version information available (required by /lib64/libreadline.so.7)
I0309 13:28:11.798999 22951032084288 amber_minimize.py:177] alterations info: {'nonstandard_residues': [], 'removed_heterogens': set(), 'missing_residues': {}, 'missing_heavy_atoms': {}, 'missing_terminals': {}, 'Se_in_MET': [], 'removed_chains': {0: []}}
I0309 13:28:14.142647 22951032084288 amber_minimize.py:500] Iteration completed: Einit 942571.76 Efinal -4649.45 Time 67.54 s num residue violations 16 num residue exclusions 0 
I0309 13:28:14.143218 22951032084288 amber_minimize.py:408] Minimizing protein, attempt 1 of 100.
I0309 13:28:15.149149 22951032084288 amber_minimize.py:69] Restraining 4981 / 10142 particles.
sh: /mpcdf/soft/SLE_15/packages/x86_64/alphafold/2.2.0/lib/libtinfo.so.6: no version information available (required by /lib64/libreadline.so.7)
I0309 13:29:20.717587 22951032084288 amber_minimize.py:177] alterations info: {'nonstandard_residues': [], 'removed_heterogens': set(), 'missing_residues': {}, 'missing_heavy_atoms': {}, 'missing_terminals': {}, 'Se_in_MET': [], 'removed_chains': {0: []}}
I0309 13:29:23.043694 22951032084288 amber_minimize.py:500] Iteration completed: Einit 16294.58 Efinal -7582.89 Time 62.40 s num residue violations 9 num residue exclusions 16 
I0309 13:29:23.044271 22951032084288 amber_minimize.py:408] Minimizing protein, attempt 1 of 100.
I0309 13:29:24.038468 22951032084288 amber_minimize.py:69] Restraining 4981 / 10142 particles.
sh: /mpcdf/soft/SLE_15/packages/x86_64/alphafold/2.2.0/lib/libtinfo.so.6: no version information available (required by /lib64/libreadline.so.7)
I0309 13:30:06.555932 22951032084288 amber_minimize.py:177] alterations info: {'nonstandard_residues': [], 'removed_heterogens': set(), 'missing_residues': {}, 'missing_heavy_atoms': {}, 'missing_terminals': {}, 'Se_in_MET': [], 'removed_chains': {0: []}}
I0309 13:30:08.935996 22951032084288 amber_minimize.py:500] Iteration completed: Einit 15522.96 Efinal -8682.85 Time 39.34 s num residue violations 11 num residue exclusions 16 
sh: /mpcdf/soft/SLE_15/packages/x86_64/alphafold/2.2.0/lib/libtinfo.so.6: no version information available (required by /lib64/libreadline.so.7)
sh: /mpcdf/soft/SLE_15/packages/x86_64/alphafold/2.2.0/lib/libtinfo.so.6: no version information available (required by /lib64/libreadline.so.7)
I0309 13:30:13.356187 22951032084288 amber_minimize.py:177] alterations info: {'nonstandard_residues': [], 'removed_heterogens': set(), 'missing_residues': {}, 'missing_heavy_atoms': {}, 'missing_terminals': {<Residue 295 (PRO) of chain 0>: ['OXT'], <Residue 641 (LEU) of chain 1>: ['OXT']}, 'Se_in_MET': [], 'removed_chains': {0: []}}
I0309 13:30:15.327060 22951032084288 run_af2c_min.py:110] MYD88_Q69ZC8_x1 relaxation done, time spent 200.5 seconds, Efinal -8682.85, rmsd 0.39
I0309 13:30:15.327176 22951032084288 run_af2c_min.py:88] MYD88_Q69ZC8_x1 processing model_3_multimer_v2_p1_230309_983185.pdb
sh: /mpcdf/soft/SLE_15/packages/x86_64/alphafold/2.2.0/lib/libtinfo.so.6: no version information available (required by /lib64/libreadline.so.7)
sh: /mpcdf/soft/SLE_15/packages/x86_64/alphafold/2.2.0/lib/libtinfo.so.6: no version information available (required by /lib64/libreadline.so.7)
I0309 13:30:19.837353 22951032084288 amber_minimize.py:177] alterations info: {'nonstandard_residues': [], 'removed_heterogens': set(), 'missing_residues': {}, 'missing_heavy_atoms': {}, 'missing_terminals': {<Residue 295 (PRO) of chain 0>: ['OXT'], <Residue 641 (LEU) of chain 1>: ['OXT']}, 'Se_in_MET': [], 'removed_chains': {0: []}}
I0309 13:30:20.793773 22951032084288 amber_minimize.py:408] Minimizing protein, attempt 1 of 100.
I0309 13:30:21.834505 22951032084288 amber_minimize.py:69] Restraining 5106 / 10142 particles.
sh: /mpcdf/soft/SLE_15/packages/x86_64/alphafold/2.2.0/lib/libtinfo.so.6: no version information available (required by /lib64/libreadline.so.7)
I0309 13:31:21.258780 22951032084288 amber_minimize.py:177] alterations info: {'nonstandard_residues': [], 'removed_heterogens': set(), 'missing_residues': {}, 'missing_heavy_atoms': {}, 'missing_terminals': {}, 'Se_in_MET': [], 'removed_chains': {0: []}}
I0309 13:31:23.596800 22951032084288 amber_minimize.py:500] Iteration completed: Einit 29502484228036.62 Efinal -4106.40 Time 56.25 s num residue violations 12 num residue exclusions 0 
I0309 13:31:23.597375 22951032084288 amber_minimize.py:408] Minimizing protein, attempt 1 of 100.
I0309 13:31:24.598250 22951032084288 amber_minimize.py:69] Restraining 5016 / 10142 particles.
sh: /mpcdf/soft/SLE_15/packages/x86_64/alphafold/2.2.0/lib/libtinfo.so.6: no version information available (required by /lib64/libreadline.so.7)
I0309 13:32:53.158365 22951032084288 amber_minimize.py:177] alterations info: {'nonstandard_residues': [], 'removed_heterogens': set(), 'missing_residues': {}, 'missing_heavy_atoms': {}, 'missing_terminals': {}, 'Se_in_MET': [], 'removed_chains': {0: []}}
I0309 13:32:55.490200 22951032084288 amber_minimize.py:500] Iteration completed: Einit 21846.13 Efinal -7111.25 Time 85.39 s num residue violations 4 num residue exclusions 12 
I0309 13:32:55.490783 22951032084288 amber_minimize.py:408] Minimizing protein, attempt 1 of 100.
I0309 13:32:56.526851 22951032084288 amber_minimize.py:69] Restraining 5004 / 10142 particles.
sh: /mpcdf/soft/SLE_15/packages/x86_64/alphafold/2.2.0/lib/libtinfo.so.6: no version information available (required by /lib64/libreadline.so.7)
I0309 13:33:47.580027 22951032084288 amber_minimize.py:177] alterations info: {'nonstandard_residues': [], 'removed_heterogens': set(), 'missing_residues': {}, 'missing_heavy_atoms': {}, 'missing_terminals': {}, 'Se_in_MET': [], 'removed_chains': {0: []}}
I0309 13:33:49.901682 22951032084288 amber_minimize.py:500] Iteration completed: Einit 23034.61 Efinal -8235.68 Time 47.95 s num residue violations 0 num residue exclusions 14 
sh: /mpcdf/soft/SLE_15/packages/x86_64/alphafold/2.2.0/lib/libtinfo.so.6: no version information available (required by /lib64/libreadline.so.7)
sh: /mpcdf/soft/SLE_15/packages/x86_64/alphafold/2.2.0/lib/libtinfo.so.6: no version information available (required by /lib64/libreadline.so.7)
I0309 13:33:54.349634 22951032084288 amber_minimize.py:177] alterations info: {'nonstandard_residues': [], 'removed_heterogens': set(), 'missing_residues': {}, 'missing_heavy_atoms': {}, 'missing_terminals': {<Residue 295 (PRO) of chain 0>: ['OXT'], <Residue 641 (LEU) of chain 1>: ['OXT']}, 'Se_in_MET': [], 'removed_chains': {0: []}}
I0309 13:33:56.407842 22951032084288 run_af2c_min.py:110] MYD88_Q69ZC8_x1 relaxation done, time spent 220.7 seconds, Efinal -8235.68, rmsd 0.41
I0309 13:33:56.407970 22951032084288 run_af2c_min.py:88] MYD88_Q69ZC8_x1 processing model_1_multimer_v2_p1_230309_506385.pdb
sh: /mpcdf/soft/SLE_15/packages/x86_64/alphafold/2.2.0/lib/libtinfo.so.6: no version information available (required by /lib64/libreadline.so.7)
sh: /mpcdf/soft/SLE_15/packages/x86_64/alphafold/2.2.0/lib/libtinfo.so.6: no version information available (required by /lib64/libreadline.so.7)
I0309 13:34:01.002699 22951032084288 amber_minimize.py:177] alterations info: {'nonstandard_residues': [], 'removed_heterogens': set(), 'missing_residues': {}, 'missing_heavy_atoms': {}, 'missing_terminals': {<Residue 295 (PRO) of chain 0>: ['OXT'], <Residue 641 (LEU) of chain 1>: ['OXT']}, 'Se_in_MET': [], 'removed_chains': {0: []}}
I0309 13:34:01.964707 22951032084288 amber_minimize.py:408] Minimizing protein, attempt 1 of 100.
I0309 13:34:02.984996 22951032084288 amber_minimize.py:69] Restraining 5106 / 10142 particles.
sh: /mpcdf/soft/SLE_15/packages/x86_64/alphafold/2.2.0/lib/libtinfo.so.6: no version information available (required by /lib64/libreadline.so.7)
I0309 13:35:00.770969 22951032084288 amber_minimize.py:177] alterations info: {'nonstandard_residues': [], 'removed_heterogens': set(), 'missing_residues': {}, 'missing_heavy_atoms': {}, 'missing_terminals': {}, 'Se_in_MET': [], 'removed_chains': {0: []}}
I0309 13:35:03.101263 22951032084288 amber_minimize.py:500] Iteration completed: Einit 1326230470129.71 Efinal -4978.50 Time 54.64 s num residue violations 7 num residue exclusions 0 
I0309 13:35:03.101860 22951032084288 amber_minimize.py:408] Minimizing protein, attempt 1 of 100.
I0309 13:35:04.141137 22951032084288 amber_minimize.py:69] Restraining 5051 / 10142 particles.
sh: /mpcdf/soft/SLE_15/packages/x86_64/alphafold/2.2.0/lib/libtinfo.so.6: no version information available (required by /lib64/libreadline.so.7)
I0309 13:35:49.211589 22951032084288 amber_minimize.py:177] alterations info: {'nonstandard_residues': [], 'removed_heterogens': set(), 'missing_residues': {}, 'missing_heavy_atoms': {}, 'missing_terminals': {}, 'Se_in_MET': [], 'removed_chains': {0: []}}
I0309 13:35:51.521288 22951032084288 amber_minimize.py:500] Iteration completed: Einit 19966.50 Efinal -8162.50 Time 41.85 s num residue violations 3 num residue exclusions 7 
I0309 13:35:51.521886 22951032084288 amber_minimize.py:408] Minimizing protein, attempt 1 of 100.
I0309 13:35:52.552560 22951032084288 amber_minimize.py:69] Restraining 5051 / 10142 particles.
sh: /mpcdf/soft/SLE_15/packages/x86_64/alphafold/2.2.0/lib/libtinfo.so.6: no version information available (required by /lib64/libreadline.so.7)
I0309 13:36:34.706230 22951032084288 amber_minimize.py:177] alterations info: {'nonstandard_residues': [], 'removed_heterogens': set(), 'missing_residues': {}, 'missing_heavy_atoms': {}, 'missing_terminals': {}, 'Se_in_MET': [], 'removed_chains': {0: []}}
I0309 13:36:37.038442 22951032084288 amber_minimize.py:500] Iteration completed: Einit 22973.47 Efinal -9135.41 Time 39.13 s num residue violations 3 num residue exclusions 7 
sh: /mpcdf/soft/SLE_15/packages/x86_64/alphafold/2.2.0/lib/libtinfo.so.6: no version information available (required by /lib64/libreadline.so.7)
sh: /mpcdf/soft/SLE_15/packages/x86_64/alphafold/2.2.0/lib/libtinfo.so.6: no version information available (required by /lib64/libreadline.so.7)
I0309 13:36:41.565943 22951032084288 amber_minimize.py:177] alterations info: {'nonstandard_residues': [], 'removed_heterogens': set(), 'missing_residues': {}, 'missing_heavy_atoms': {}, 'missing_terminals': {<Residue 295 (PRO) of chain 0>: ['OXT'], <Residue 641 (LEU) of chain 1>: ['OXT']}, 'Se_in_MET': [], 'removed_chains': {0: []}}
I0309 13:36:43.607336 22951032084288 run_af2c_min.py:110] MYD88_Q69ZC8_x1 relaxation done, time spent 166.8 seconds, Efinal -9135.41, rmsd 0.39
I0309 13:36:43.607455 22951032084288 run_af2c_min.py:88] MYD88_Q69ZC8_x1 processing model_5_multimer_v2_p1_230309_956117.pdb
sh: /mpcdf/soft/SLE_15/packages/x86_64/alphafold/2.2.0/lib/libtinfo.so.6: no version information available (required by /lib64/libreadline.so.7)
sh: /mpcdf/soft/SLE_15/packages/x86_64/alphafold/2.2.0/lib/libtinfo.so.6: no version information available (required by /lib64/libreadline.so.7)
I0309 13:36:48.229151 22951032084288 amber_minimize.py:177] alterations info: {'nonstandard_residues': [], 'removed_heterogens': set(), 'missing_residues': {}, 'missing_heavy_atoms': {}, 'missing_terminals': {<Residue 295 (PRO) of chain 0>: ['OXT'], <Residue 641 (LEU) of chain 1>: ['OXT']}, 'Se_in_MET': [], 'removed_chains': {0: []}}
I0309 13:36:49.185519 22951032084288 amber_minimize.py:408] Minimizing protein, attempt 1 of 100.
I0309 13:36:50.202168 22951032084288 amber_minimize.py:69] Restraining 5106 / 10142 particles.
sh: /mpcdf/soft/SLE_15/packages/x86_64/alphafold/2.2.0/lib/libtinfo.so.6: no version information available (required by /lib64/libreadline.so.7)
I0309 13:37:48.768181 22951032084288 amber_minimize.py:177] alterations info: {'nonstandard_residues': [], 'removed_heterogens': set(), 'missing_residues': {}, 'missing_heavy_atoms': {}, 'missing_terminals': {}, 'Se_in_MET': [], 'removed_chains': {0: []}}
I0309 13:37:51.095769 22951032084288 amber_minimize.py:500] Iteration completed: Einit 904764060.54 Efinal -4842.98 Time 55.48 s num residue violations 23 num residue exclusions 0 
I0309 13:37:51.096386 22951032084288 amber_minimize.py:408] Minimizing protein, attempt 1 of 100.
I0309 13:37:52.134402 22951032084288 amber_minimize.py:69] Restraining 4918 / 10142 particles.
sh: /mpcdf/soft/SLE_15/packages/x86_64/alphafold/2.2.0/lib/libtinfo.so.6: no version information available (required by /lib64/libreadline.so.7)
I0309 13:38:42.133509 22951032084288 amber_minimize.py:177] alterations info: {'nonstandard_residues': [], 'removed_heterogens': set(), 'missing_residues': {}, 'missing_heavy_atoms': {}, 'missing_terminals': {}, 'Se_in_MET': [], 'removed_chains': {0: []}}
I0309 13:38:44.460049 22951032084288 amber_minimize.py:500] Iteration completed: Einit 15987.76 Efinal -7946.18 Time 46.88 s num residue violations 16 num residue exclusions 23 
I0309 13:38:44.460677 22951032084288 amber_minimize.py:408] Minimizing protein, attempt 1 of 100.
I0309 13:38:45.499831 22951032084288 amber_minimize.py:69] Restraining 4918 / 10142 particles.
sh: /mpcdf/soft/SLE_15/packages/x86_64/alphafold/2.2.0/lib/libtinfo.so.6: no version information available (required by /lib64/libreadline.so.7)
I0309 13:39:29.183406 22951032084288 amber_minimize.py:177] alterations info: {'nonstandard_residues': [], 'removed_heterogens': set(), 'missing_residues': {}, 'missing_heavy_atoms': {}, 'missing_terminals': {}, 'Se_in_MET': [], 'removed_chains': {0: []}}
I0309 13:39:31.527937 22951032084288 amber_minimize.py:500] Iteration completed: Einit 16983.84 Efinal -9008.67 Time 40.58 s num residue violations 16 num residue exclusions 23 
sh: /mpcdf/soft/SLE_15/packages/x86_64/alphafold/2.2.0/lib/libtinfo.so.6: no version information available (required by /lib64/libreadline.so.7)
sh: /mpcdf/soft/SLE_15/packages/x86_64/alphafold/2.2.0/lib/libtinfo.so.6: no version information available (required by /lib64/libreadline.so.7)
I0309 13:39:36.037468 22951032084288 amber_minimize.py:177] alterations info: {'nonstandard_residues': [], 'removed_heterogens': set(), 'missing_residues': {}, 'missing_heavy_atoms': {}, 'missing_terminals': {<Residue 295 (PRO) of chain 0>: ['OXT'], <Residue 641 (LEU) of chain 1>: ['OXT']}, 'Se_in_MET': [], 'removed_chains': {0: []}}
I0309 13:39:38.014486 22951032084288 run_af2c_min.py:110] MYD88_Q69ZC8_x1 relaxation done, time spent 174.1 seconds, Efinal -9008.67, rmsd 0.39
                                  
================================= 
Global information about the job: 
================================= 
  
Job owner: flobnow(42847)
Job name:  6_RLX
Node list: ravg1027
Job start: Thu Mar  9 13:23:04 CET 2023
Job end:   Thu Mar  9 13:39:38 CET 2023
Work dir:  /raven/u/flobnow/workingLama/scripts/myRuns/Q69ZC8
Command:   /raven/u/flobnow/workingLama/scripts/myRuns/Q69ZC8/script3_relaxation.sh
  
  
  
==========================================================================================
Information on jobsteps (Note: MaxRSS/AveRSS is the maximum/average over all 
tasks of the per-task memory high-water marks; cf. "man sacct"): 
==========================================================================================
  
JobID            JobName NNodes NTasks  NCPUS        0.00M        0.00M    Elapsed ExitCode
------------- ---------- ------ ------ ------ ------------ ------------ ---------- --------
4385413            6_RLX      1           108                             00:16:34      0:0
4385413.0        python3      1      1    108    14090.25M    14090.25M   00:16:30      0:0
  
Maximum memory per node: 14.774696 GB (defined as MaxRSS*Ntasks/NNodes)
CPU utilization: 78.1 %
  
